==> Saving binned chunks in /hpcstorage/dforero/projects/baosystematics/patchy_results/box1/redshift/radialgauss/void_ran/bins
==> Split /hpcstorage/dforero/projects/baosystematics/patchy_results/box1/redshift/radialgauss/mocks_void_xyz_scaledR/CATALPTCICz0.466G960S601918842_zspace.radialgauss.sigma0.235.VOID.dat saved /hpcstorage/dforero/projects/baosystematics/patchy_results/box1/redshift/radialgauss/void_ran/bins/049_zmax25_rmax25.left
==> Split /hpcstorage/dforero/projects/baosystematics/patchy_results/box1/redshift/radialgauss/mocks_void_xyz_scaledR/CATALPTCICz0.466G960S479471968_zspace.radialgauss.sigma0.235.VOID.dat saved /hpcstorage/dforero/projects/baosystematics/patchy_results/box1/redshift/radialgauss/void_ran/bins/001_zmax25_rmax25.left
==> Split /hpcstorage/dforero/projects/baosystematics/patchy_results/box1/redshift/radialgauss/mocks_void_xyz_scaledR/CATALPTCICz0.466G960S712845302_zspace.radialgauss.sigma0.235.VOID.dat saved /hpcstorage/dforero/projects/baosystematics/patchy_results/box1/redshift/radialgauss/void_ran/bins/005_zmax25_rmax24.left
==> Split /hpcstorage/dforero/projects/baosystematics/patchy_results/box1/redshift/radialgauss/mocks_void_xyz_scaledR/CATALPTCICz0.466G960S1172037969_zspace.radialgauss.sigma0.235.VOID.dat saved /hpcstorage/dforero/projects/baosystematics/patchy_results/box1/redshift/radialgauss/void_ran/bins/003_zmax25_rmax24.left
==> Split /hpcstorage/dforero/projects/baosystematics/patchy_results/box1/redshift/radialgauss/mocks_void_xyz_scaledR/CATALPTCICz0.466G960S376146255_zspace.radialgauss.sigma0.235.VOID.dat saved /hpcstorage/dforero/projects/baosystematics/patchy_results/box1/redshift/radialgauss/void_ran/bins/004_zmax25_rmax25.left
==> Split /hpcstorage/dforero/projects/baosystematics/patchy_results/box1/redshift/radialgauss/mocks_void_xyz_scaledR/CATALPTCICz0.466G960S298829905_zspace.radialgauss.sigma0.235.VOID.dat saved /hpcstorage/dforero/projects/baosystematics/patchy_results/box1/redshift/radialgauss/void_ran/bins/014_zmax25_rmax25.left
==> Split /hpcstorage/dforero/projects/baosystematics/patchy_results/box1/redshift/radialgauss/mocks_void_xyz_scaledR/CATALPTCICz0.466G960S120803028_zspace.radialgauss.sigma0.235.VOID.dat saved /hpcstorage/dforero/projects/baosystematics/patchy_results/box1/redshift/radialgauss/void_ran/bins/032_zmax26_rmax22.left
==> Split /hpcstorage/dforero/projects/baosystematics/patchy_results/box1/redshift/radialgauss/mocks_void_xyz_scaledR/CATALPTCICz0.466G960S1618016355_zspace.radialgauss.sigma0.235.VOID.dat saved /hpcstorage/dforero/projects/baosystematics/patchy_results/box1/redshift/radialgauss/void_ran/bins/028_zmax26_rmax17.left
==> Split /hpcstorage/dforero/projects/baosystematics/patchy_results/box1/redshift/radialgauss/mocks_void_xyz_scaledR/CATALPTCICz0.466G960S722630307_zspace.radialgauss.sigma0.235.VOID.dat saved /hpcstorage/dforero/projects/baosystematics/patchy_results/box1/redshift/radialgauss/void_ran/bins/045_zmax25_rmax24.left
==> Split /hpcstorage/dforero/projects/baosystematics/patchy_results/box1/redshift/radialgauss/mocks_void_xyz_scaledR/CATALPTCICz0.466G960S1448773697_zspace.radialgauss.sigma0.235.VOID.dat saved /hpcstorage/dforero/projects/baosystematics/patchy_results/box1/redshift/radialgauss/void_ran/bins/008_zmax25_rmax25.left
==> Split /hpcstorage/dforero/projects/baosystematics/patchy_results/box1/redshift/radialgauss/mocks_void_xyz_scaledR/CATALPTCICz0.466G960S407794711_zspace.radialgauss.sigma0.235.VOID.dat saved /hpcstorage/dforero/projects/baosystematics/patchy_results/box1/redshift/radialgauss/void_ran/bins/016_zmax25_rmax25.left
==> Split /hpcstorage/dforero/projects/baosystematics/patchy_results/box1/redshift/radialgauss/mocks_void_xyz_scaledR/CATALPTCICz0.466G960S1256484261_zspace.radialgauss.sigma0.235.VOID.dat saved /hpcstorage/dforero/projects/baosystematics/patchy_results/box1/redshift/radialgauss/void_ran/bins/048_zmax25_rmax25.left
==> Split /hpcstorage/dforero/projects/baosystematics/patchy_results/box1/redshift/radialgauss/mocks_void_xyz_scaledR/CATALPTCICz0.466G960S384074470_zspace.radialgauss.sigma0.235.VOID.dat saved /hpcstorage/dforero/projects/baosystematics/patchy_results/box1/redshift/radialgauss/void_ran/bins/036_zmax25_rmax25.left
==> Split /hpcstorage/dforero/projects/baosystematics/patchy_results/box1/redshift/radialgauss/mocks_void_xyz_scaledR/CATALPTCICz0.466G960S1601254869_zspace.radialgauss.sigma0.235.VOID.dat saved /hpcstorage/dforero/projects/baosystematics/patchy_results/box1/redshift/radialgauss/void_ran/bins/006_zmax25_rmax25.left
==> Split /hpcstorage/dforero/projects/baosystematics/patchy_results/box1/redshift/radialgauss/mocks_void_xyz_scaledR/CATALPTCICz0.466G960S1456002624_zspace.radialgauss.sigma0.235.VOID.dat saved /hpcstorage/dforero/projects/baosystematics/patchy_results/box1/redshift/radialgauss/void_ran/bins/029_zmax25_rmax25.left
==> Split /hpcstorage/dforero/projects/baosystematics/patchy_results/box1/redshift/radialgauss/mocks_void_xyz_scaledR/CATALPTCICz0.466G960S406929492_zspace.radialgauss.sigma0.235.VOID.dat saved /hpcstorage/dforero/projects/baosystematics/patchy_results/box1/redshift/radialgauss/void_ran/bins/000_zmax25_rmax25.left
==> Split /hpcstorage/dforero/projects/baosystematics/patchy_results/box1/redshift/radialgauss/mocks_void_xyz_scaledR/CATALPTCICz0.466G960S2007956662_zspace.radialgauss.sigma0.235.VOID.dat saved /hpcstorage/dforero/projects/baosystematics/patchy_results/box1/redshift/radialgauss/void_ran/bins/038_zmax25_rmax24.left
==> Split /hpcstorage/dforero/projects/baosystematics/patchy_results/box1/redshift/radialgauss/mocks_void_xyz_scaledR/CATALPTCICz0.466G960S903542203_zspace.radialgauss.sigma0.235.VOID.dat saved /hpcstorage/dforero/projects/baosystematics/patchy_results/box1/redshift/radialgauss/void_ran/bins/031_zmax25_rmax25.left
==> Split /hpcstorage/dforero/projects/baosystematics/patchy_results/box1/redshift/radialgauss/mocks_void_xyz_scaledR/CATALPTCICz0.466G960S337281450_zspace.radialgauss.sigma0.235.VOID.dat saved /hpcstorage/dforero/projects/baosystematics/patchy_results/box1/redshift/radialgauss/void_ran/bins/023_zmax26_rmax22.left
==> Split /hpcstorage/dforero/projects/baosystematics/patchy_results/box1/redshift/radialgauss/mocks_void_xyz_scaledR/CATALPTCICz0.466G960S1458854362_zspace.radialgauss.sigma0.235.VOID.dat saved /hpcstorage/dforero/projects/baosystematics/patchy_results/box1/redshift/radialgauss/void_ran/bins/042_zmax25_rmax25.left
==> Split /hpcstorage/dforero/projects/baosystematics/patchy_results/box1/redshift/radialgauss/mocks_void_xyz_scaledR/CATALPTCICz0.466G960S1186219234_zspace.radialgauss.sigma0.235.VOID.dat saved /hpcstorage/dforero/projects/baosystematics/patchy_results/box1/redshift/radialgauss/void_ran/bins/019_zmax26_rmax13.left
==> Split /hpcstorage/dforero/projects/baosystematics/patchy_results/box1/redshift/radialgauss/mocks_void_xyz_scaledR/CATALPTCICz0.466G960S380713955_zspace.radialgauss.sigma0.235.VOID.dat saved /hpcstorage/dforero/projects/baosystematics/patchy_results/box1/redshift/radialgauss/void_ran/bins/022_zmax25_rmax25.left
==> Split /hpcstorage/dforero/projects/baosystematics/patchy_results/box1/redshift/radialgauss/mocks_void_xyz_scaledR/CATALPTCICz0.466G960S2075331049_zspace.radialgauss.sigma0.235.VOID.dat saved /hpcstorage/dforero/projects/baosystematics/patchy_results/box1/redshift/radialgauss/void_ran/bins/030_zmax25_rmax25.left
==> Split /hpcstorage/dforero/projects/baosystematics/patchy_results/box1/redshift/radialgauss/mocks_void_xyz_scaledR/CATALPTCICz0.466G960S1322514347_zspace.radialgauss.sigma0.235.VOID.dat saved /hpcstorage/dforero/projects/baosystematics/patchy_results/box1/redshift/radialgauss/void_ran/bins/013_zmax25_rmax25.left
==> Split /hpcstorage/dforero/projects/baosystematics/patchy_results/box1/redshift/radialgauss/mocks_void_xyz_scaledR/CATALPTCICz0.466G960S1354772842_zspace.radialgauss.sigma0.235.VOID.dat saved /hpcstorage/dforero/projects/baosystematics/patchy_results/box1/redshift/radialgauss/void_ran/bins/035_zmax25_rmax25.left
==> Split /hpcstorage/dforero/projects/baosystematics/patchy_results/box1/redshift/radialgauss/mocks_void_xyz_scaledR/CATALPTCICz0.466G960S1992528790_zspace.radialgauss.sigma0.235.VOID.dat saved /hpcstorage/dforero/projects/baosystematics/patchy_results/box1/redshift/radialgauss/void_ran/bins/010_zmax25_rmax24.left
==> Split /hpcstorage/dforero/projects/baosystematics/patchy_results/box1/redshift/radialgauss/mocks_void_xyz_scaledR/CATALPTCICz0.466G960S2073007256_zspace.radialgauss.sigma0.235.VOID.dat saved /hpcstorage/dforero/projects/baosystematics/patchy_results/box1/redshift/radialgauss/void_ran/bins/007_zmax25_rmax25.left
==> Split /hpcstorage/dforero/projects/baosystematics/patchy_results/box1/redshift/radialgauss/mocks_void_xyz_scaledR/CATALPTCICz0.466G960S1029148515_zspace.radialgauss.sigma0.235.VOID.dat saved /hpcstorage/dforero/projects/baosystematics/patchy_results/box1/redshift/radialgauss/void_ran/bins/040_zmax25_rmax25.left
==> Split /hpcstorage/dforero/projects/baosystematics/patchy_results/box1/redshift/radialgauss/mocks_void_xyz_scaledR/CATALPTCICz0.466G960S2111416299_zspace.radialgauss.sigma0.235.VOID.dat saved /hpcstorage/dforero/projects/baosystematics/patchy_results/box1/redshift/radialgauss/void_ran/bins/094_zmax26_rmax23.left
==> Split /hpcstorage/dforero/projects/baosystematics/patchy_results/box1/redshift/radialgauss/mocks_void_xyz_scaledR/CATALPTCICz0.466G960S908161114_zspace.radialgauss.sigma0.235.VOID.dat saved /hpcstorage/dforero/projects/baosystematics/patchy_results/box1/redshift/radialgauss/void_ran/bins/047_zmax25_rmax25.left
==> Split /hpcstorage/dforero/projects/baosystematics/patchy_results/box1/redshift/radialgauss/mocks_void_xyz_scaledR/CATALPTCICz0.466G960S761797766_zspace.radialgauss.sigma0.235.VOID.dat saved /hpcstorage/dforero/projects/baosystematics/patchy_results/box1/redshift/radialgauss/void_ran/bins/077_zmax26_rmax20.left
==> Split /hpcstorage/dforero/projects/baosystematics/patchy_results/box1/redshift/radialgauss/mocks_void_xyz_scaledR/CATALPTCICz0.466G960S218944817_zspace.radialgauss.sigma0.235.VOID.dat saved /hpcstorage/dforero/projects/baosystematics/patchy_results/box1/redshift/radialgauss/void_ran/bins/027_zmax26_rmax18.left
==> Split /hpcstorage/dforero/projects/baosystematics/patchy_results/box1/redshift/radialgauss/mocks_void_xyz_scaledR/CATALPTCICz0.466G960S551607063_zspace.radialgauss.sigma0.235.VOID.dat saved /hpcstorage/dforero/projects/baosystematics/patchy_results/box1/redshift/radialgauss/void_ran/bins/034_zmax25_rmax25.left
==> Split /hpcstorage/dforero/projects/baosystematics/patchy_results/box1/redshift/radialgauss/mocks_void_xyz_scaledR/CATALPTCICz0.466G960S205000556_zspace.radialgauss.sigma0.235.VOID.dat saved /hpcstorage/dforero/projects/baosystematics/patchy_results/box1/redshift/radialgauss/void_ran/bins/073_zmax25_rmax25.left
==> Split /hpcstorage/dforero/projects/baosystematics/patchy_results/box1/redshift/radialgauss/mocks_void_xyz_scaledR/CATALPTCICz0.466G960S1713934780_zspace.radialgauss.sigma0.235.VOID.dat saved /hpcstorage/dforero/projects/baosystematics/patchy_results/box1/redshift/radialgauss/void_ran/bins/009_zmax25_rmax25.left
==> Split /hpcstorage/dforero/projects/baosystematics/patchy_results/box1/redshift/radialgauss/mocks_void_xyz_scaledR/CATALPTCICz0.466G960S834266118_zspace.radialgauss.sigma0.235.VOID.dat saved /hpcstorage/dforero/projects/baosystematics/patchy_results/box1/redshift/radialgauss/void_ran/bins/093_zmax25_rmax24.left
==> Split /hpcstorage/dforero/projects/baosystematics/patchy_results/box1/redshift/radialgauss/mocks_void_xyz_scaledR/CATALPTCICz0.466G960S2078493117_zspace.radialgauss.sigma0.235.VOID.dat saved /hpcstorage/dforero/projects/baosystematics/patchy_results/box1/redshift/radialgauss/void_ran/bins/046_zmax25_rmax25.left
==> Split /hpcstorage/dforero/projects/baosystematics/patchy_results/box1/redshift/radialgauss/mocks_void_xyz_scaledR/CATALPTCICz0.466G960S472036293_zspace.radialgauss.sigma0.235.VOID.dat saved /hpcstorage/dforero/projects/baosystematics/patchy_results/box1/redshift/radialgauss/void_ran/bins/064_zmax25_rmax25.left
==> Split /hpcstorage/dforero/projects/baosystematics/patchy_results/box1/redshift/radialgauss/mocks_void_xyz_scaledR/CATALPTCICz0.466G960S917280234_zspace.radialgauss.sigma0.235.VOID.dat saved /hpcstorage/dforero/projects/baosystematics/patchy_results/box1/redshift/radialgauss/void_ran/bins/063_zmax25_rmax25.left
==> Split /hpcstorage/dforero/projects/baosystematics/patchy_results/box1/redshift/radialgauss/mocks_void_xyz_scaledR/CATALPTCICz0.466G960S1079655868_zspace.radialgauss.sigma0.235.VOID.dat saved /hpcstorage/dforero/projects/baosystematics/patchy_results/box1/redshift/radialgauss/void_ran/bins/069_zmax25_rmax25.left
==> Split /hpcstorage/dforero/projects/baosystematics/patchy_results/box1/redshift/radialgauss/mocks_void_xyz_scaledR/CATALPTCICz0.466G960S1028968541_zspace.radialgauss.sigma0.235.VOID.dat saved /hpcstorage/dforero/projects/baosystematics/patchy_results/box1/redshift/radialgauss/void_ran/bins/025_zmax26_rmax19.left
==> Split /hpcstorage/dforero/projects/baosystematics/patchy_results/box1/redshift/radialgauss/mocks_void_xyz_scaledR/CATALPTCICz0.466G960S1586223277_zspace.radialgauss.sigma0.235.VOID.dat saved /hpcstorage/dforero/projects/baosystematics/patchy_results/box1/redshift/radialgauss/void_ran/bins/099_zmax25_rmax25.left
==> Split /hpcstorage/dforero/projects/baosystematics/patchy_results/box1/redshift/radialgauss/mocks_void_xyz_scaledR/CATALPTCICz0.466G960S1941846360_zspace.radialgauss.sigma0.235.VOID.dat saved /hpcstorage/dforero/projects/baosystematics/patchy_results/box1/redshift/radialgauss/void_ran/bins/050_zmax25_rmax25.left
==> Split /hpcstorage/dforero/projects/baosystematics/patchy_results/box1/redshift/radialgauss/mocks_void_xyz_scaledR/CATALPTCICz0.466G960S2105841094_zspace.radialgauss.sigma0.235.VOID.dat saved /hpcstorage/dforero/projects/baosystematics/patchy_results/box1/redshift/radialgauss/void_ran/bins/078_zmax25_rmax25.left
==> Split /hpcstorage/dforero/projects/baosystematics/patchy_results/box1/redshift/radialgauss/mocks_void_xyz_scaledR/CATALPTCICz0.466G960S714498039_zspace.radialgauss.sigma0.235.VOID.dat saved /hpcstorage/dforero/projects/baosystematics/patchy_results/box1/redshift/radialgauss/void_ran/bins/026_zmax25_rmax25.left
==> Split /hpcstorage/dforero/projects/baosystematics/patchy_results/box1/redshift/radialgauss/mocks_void_xyz_scaledR/CATALPTCICz0.466G960S1263047563_zspace.radialgauss.sigma0.235.VOID.dat saved /hpcstorage/dforero/projects/baosystematics/patchy_results/box1/redshift/radialgauss/void_ran/bins/066_zmax25_rmax24.left
==> Split /hpcstorage/dforero/projects/baosystematics/patchy_results/box1/redshift/radialgauss/mocks_void_xyz_scaledR/CATALPTCICz0.466G960S1010008301_zspace.radialgauss.sigma0.235.VOID.dat saved /hpcstorage/dforero/projects/baosystematics/patchy_results/box1/redshift/radialgauss/void_ran/bins/015_zmax25_rmax25.left
==> Split /hpcstorage/dforero/projects/baosystematics/patchy_results/box1/redshift/radialgauss/mocks_void_xyz_scaledR/CATALPTCICz0.466G960S375858835_zspace.radialgauss.sigma0.235.VOID.dat saved /hpcstorage/dforero/projects/baosystematics/patchy_results/box1/redshift/radialgauss/void_ran/bins/092_zmax26_rmax23.left
==> Split /hpcstorage/dforero/projects/baosystematics/patchy_results/box1/redshift/radialgauss/mocks_void_xyz_scaledR/CATALPTCICz0.466G960S470062667_zspace.radialgauss.sigma0.235.VOID.dat saved /hpcstorage/dforero/projects/baosystematics/patchy_results/box1/redshift/radialgauss/void_ran/bins/052_zmax25_rmax25.left
==> Split /hpcstorage/dforero/projects/baosystematics/patchy_results/box1/redshift/radialgauss/mocks_void_xyz_scaledR/CATALPTCICz0.466G960S1942615915_zspace.radialgauss.sigma0.235.VOID.dat saved /hpcstorage/dforero/projects/baosystematics/patchy_results/box1/redshift/radialgauss/void_ran/bins/068_zmax25_rmax25.left
==> Split /hpcstorage/dforero/projects/baosystematics/patchy_results/box1/redshift/radialgauss/mocks_void_xyz_scaledR/CATALPTCICz0.466G960S1322583197_zspace.radialgauss.sigma0.235.VOID.dat saved /hpcstorage/dforero/projects/baosystematics/patchy_results/box1/redshift/radialgauss/void_ran/bins/020_zmax25_rmax25.left
==> Split /hpcstorage/dforero/projects/baosystematics/patchy_results/box1/redshift/radialgauss/mocks_void_xyz_scaledR/CATALPTCICz0.466G960S1565417923_zspace.radialgauss.sigma0.235.VOID.dat saved /hpcstorage/dforero/projects/baosystematics/patchy_results/box1/redshift/radialgauss/void_ran/bins/072_zmax25_rmax24.left
==> Split /hpcstorage/dforero/projects/baosystematics/patchy_results/box1/redshift/radialgauss/mocks_void_xyz_scaledR/CATALPTCICz0.466G960S1383769323_zspace.radialgauss.sigma0.235.VOID.dat saved /hpcstorage/dforero/projects/baosystematics/patchy_results/box1/redshift/radialgauss/void_ran/bins/051_zmax25_rmax25.left
==> Split /hpcstorage/dforero/projects/baosystematics/patchy_results/box1/redshift/radialgauss/mocks_void_xyz_scaledR/CATALPTCICz0.466G960S1695327302_zspace.radialgauss.sigma0.235.VOID.dat saved /hpcstorage/dforero/projects/baosystematics/patchy_results/box1/redshift/radialgauss/void_ran/bins/075_zmax26_rmax22.left
==> Split /hpcstorage/dforero/projects/baosystematics/patchy_results/box1/redshift/radialgauss/mocks_void_xyz_scaledR/CATALPTCICz0.466G960S2038140029_zspace.radialgauss.sigma0.235.VOID.dat saved /hpcstorage/dforero/projects/baosystematics/patchy_results/box1/redshift/radialgauss/void_ran/bins/055_zmax25_rmax25.left
==> Split /hpcstorage/dforero/projects/baosystematics/patchy_results/box1/redshift/radialgauss/mocks_void_xyz_scaledR/CATALPTCICz0.466G960S401689436_zspace.radialgauss.sigma0.235.VOID.dat saved /hpcstorage/dforero/projects/baosystematics/patchy_results/box1/redshift/radialgauss/void_ran/bins/086_zmax25_rmax25.left
==> Split /hpcstorage/dforero/projects/baosystematics/patchy_results/box1/redshift/radialgauss/mocks_void_xyz_scaledR/CATALPTCICz0.466G960S1503770694_zspace.radialgauss.sigma0.235.VOID.dat saved /hpcstorage/dforero/projects/baosystematics/patchy_results/box1/redshift/radialgauss/void_ran/bins/056_zmax26_rmax18.left
==> Split /hpcstorage/dforero/projects/baosystematics/patchy_results/box1/redshift/radialgauss/mocks_void_xyz_scaledR/CATALPTCICz0.466G960S399836114_zspace.radialgauss.sigma0.235.VOID.dat saved /hpcstorage/dforero/projects/baosystematics/patchy_results/box1/redshift/radialgauss/void_ran/bins/070_zmax26_rmax24.left
==> Split /hpcstorage/dforero/projects/baosystematics/patchy_results/box1/redshift/radialgauss/mocks_void_xyz_scaledR/CATALPTCICz0.466G960S734516214_zspace.radialgauss.sigma0.235.VOID.dat saved /hpcstorage/dforero/projects/baosystematics/patchy_results/box1/redshift/radialgauss/void_ran/bins/060_zmax26_rmax23.left
==> Split /hpcstorage/dforero/projects/baosystematics/patchy_results/box1/redshift/radialgauss/mocks_void_xyz_scaledR/CATALPTCICz0.466G960S956291290_zspace.radialgauss.sigma0.235.VOID.dat saved /hpcstorage/dforero/projects/baosystematics/patchy_results/box1/redshift/radialgauss/void_ran/bins/079_zmax25_rmax25.left
==> Split /hpcstorage/dforero/projects/baosystematics/patchy_results/box1/redshift/radialgauss/mocks_void_xyz_scaledR/CATALPTCICz0.466G960S862729728_zspace.radialgauss.sigma0.235.VOID.dat saved /hpcstorage/dforero/projects/baosystematics/patchy_results/box1/redshift/radialgauss/void_ran/bins/011_zmax25_rmax25.left
==> Split /hpcstorage/dforero/projects/baosystematics/patchy_results/box1/redshift/radialgauss/mocks_void_xyz_scaledR/CATALPTCICz0.466G960S1701633369_zspace.radialgauss.sigma0.235.VOID.dat saved /hpcstorage/dforero/projects/baosystematics/patchy_results/box1/redshift/radialgauss/void_ran/bins/090_zmax25_rmax25.left
==> Split /hpcstorage/dforero/projects/baosystematics/patchy_results/box1/redshift/radialgauss/mocks_void_xyz_scaledR/CATALPTCICz0.466G960S408624275_zspace.radialgauss.sigma0.235.VOID.dat saved /hpcstorage/dforero/projects/baosystematics/patchy_results/box1/redshift/radialgauss/void_ran/bins/037_zmax25_rmax25.left
==> Split /hpcstorage/dforero/projects/baosystematics/patchy_results/box1/redshift/radialgauss/mocks_void_xyz_scaledR/CATALPTCICz0.466G960S662986527_zspace.radialgauss.sigma0.235.VOID.dat saved /hpcstorage/dforero/projects/baosystematics/patchy_results/box1/redshift/radialgauss/void_ran/bins/067_zmax25_rmax25.left
==> Split /hpcstorage/dforero/projects/baosystematics/patchy_results/box1/redshift/radialgauss/mocks_void_xyz_scaledR/CATALPTCICz0.466G960S2112032858_zspace.radialgauss.sigma0.235.VOID.dat saved /hpcstorage/dforero/projects/baosystematics/patchy_results/box1/redshift/radialgauss/void_ran/bins/012_zmax25_rmax24.left
==> Split /hpcstorage/dforero/projects/baosystematics/patchy_results/box1/redshift/radialgauss/mocks_void_xyz_scaledR/CATALPTCICz0.466G960S257253385_zspace.radialgauss.sigma0.235.VOID.dat saved /hpcstorage/dforero/projects/baosystematics/patchy_results/box1/redshift/radialgauss/void_ran/bins/087_zmax25_rmax25.left
==> Split /hpcstorage/dforero/projects/baosystematics/patchy_results/box1/redshift/radialgauss/mocks_void_xyz_scaledR/CATALPTCICz0.466G960S246409002_zspace.radialgauss.sigma0.235.VOID.dat saved /hpcstorage/dforero/projects/baosystematics/patchy_results/box1/redshift/radialgauss/void_ran/bins/058_zmax26_rmax23.left
==> Split /hpcstorage/dforero/projects/baosystematics/patchy_results/box1/redshift/radialgauss/mocks_void_xyz_scaledR/CATALPTCICz0.466G960S1412768225_zspace.radialgauss.sigma0.235.VOID.dat saved /hpcstorage/dforero/projects/baosystematics/patchy_results/box1/redshift/radialgauss/void_ran/bins/080_zmax25_rmax25.left
==> Split /hpcstorage/dforero/projects/baosystematics/patchy_results/box1/redshift/radialgauss/mocks_void_xyz_scaledR/CATALPTCICz0.466G960S1782425948_zspace.radialgauss.sigma0.235.VOID.dat saved /hpcstorage/dforero/projects/baosystematics/patchy_results/box1/redshift/radialgauss/void_ran/bins/057_zmax25_rmax25.left
==> Split /hpcstorage/dforero/projects/baosystematics/patchy_results/box1/redshift/radialgauss/mocks_void_xyz_scaledR/CATALPTCICz0.466G960S2058241144_zspace.radialgauss.sigma0.235.VOID.dat saved /hpcstorage/dforero/projects/baosystematics/patchy_results/box1/redshift/radialgauss/void_ran/bins/088_zmax25_rmax24.left
==> Split /hpcstorage/dforero/projects/baosystematics/patchy_results/box1/redshift/radialgauss/mocks_void_xyz_scaledR/CATALPTCICz0.466G960S1070802123_zspace.radialgauss.sigma0.235.VOID.dat saved /hpcstorage/dforero/projects/baosystematics/patchy_results/box1/redshift/radialgauss/void_ran/bins/054_zmax25_rmax25.left
==> Split /hpcstorage/dforero/projects/baosystematics/patchy_results/box1/redshift/radialgauss/mocks_void_xyz_scaledR/CATALPTCICz0.466G960S996166056_zspace.radialgauss.sigma0.235.VOID.dat saved /hpcstorage/dforero/projects/baosystematics/patchy_results/box1/redshift/radialgauss/void_ran/bins/095_zmax25_rmax25.left
==> Split /hpcstorage/dforero/projects/baosystematics/patchy_results/box1/redshift/radialgauss/mocks_void_xyz_scaledR/CATALPTCICz0.466G960S1685847119_zspace.radialgauss.sigma0.235.VOID.dat saved /hpcstorage/dforero/projects/baosystematics/patchy_results/box1/redshift/radialgauss/void_ran/bins/061_zmax25_rmax25.left
==> Split /hpcstorage/dforero/projects/baosystematics/patchy_results/box1/redshift/radialgauss/mocks_void_xyz_scaledR/CATALPTCICz0.466G960S254190428_zspace.radialgauss.sigma0.235.VOID.dat saved /hpcstorage/dforero/projects/baosystematics/patchy_results/box1/redshift/radialgauss/void_ran/bins/071_zmax26_rmax23.left
==> Split /hpcstorage/dforero/projects/baosystematics/patchy_results/box1/redshift/radialgauss/mocks_void_xyz_scaledR/CATALPTCICz0.466G960S162548710_zspace.radialgauss.sigma0.235.VOID.dat saved /hpcstorage/dforero/projects/baosystematics/patchy_results/box1/redshift/radialgauss/void_ran/bins/043_zmax26_rmax15.left
==> Split /hpcstorage/dforero/projects/baosystematics/patchy_results/box1/redshift/radialgauss/mocks_void_xyz_scaledR/CATALPTCICz0.466G960S1565862370_zspace.radialgauss.sigma0.235.VOID.dat saved /hpcstorage/dforero/projects/baosystematics/patchy_results/box1/redshift/radialgauss/void_ran/bins/091_zmax25_rmax25.left
==> Split /hpcstorage/dforero/projects/baosystematics/patchy_results/box1/redshift/radialgauss/mocks_void_xyz_scaledR/CATALPTCICz0.466G960S1852228798_zspace.radialgauss.sigma0.235.VOID.dat saved /hpcstorage/dforero/projects/baosystematics/patchy_results/box1/redshift/radialgauss/void_ran/bins/018_zmax25_rmax24.left
==> Split /hpcstorage/dforero/projects/baosystematics/patchy_results/box1/redshift/radialgauss/mocks_void_xyz_scaledR/CATALPTCICz0.466G960S476029608_zspace.radialgauss.sigma0.235.VOID.dat saved /hpcstorage/dforero/projects/baosystematics/patchy_results/box1/redshift/radialgauss/void_ran/bins/082_zmax25_rmax25.left
==> Split /hpcstorage/dforero/projects/baosystematics/patchy_results/box1/redshift/radialgauss/mocks_void_xyz_scaledR/CATALPTCICz0.466G960S490973172_zspace.radialgauss.sigma0.235.VOID.dat saved /hpcstorage/dforero/projects/baosystematics/patchy_results/box1/redshift/radialgauss/void_ran/bins/017_zmax26_rmax23.left
==> Split /hpcstorage/dforero/projects/baosystematics/patchy_results/box1/redshift/radialgauss/mocks_void_xyz_scaledR/CATALPTCICz0.466G960S1288612254_zspace.radialgauss.sigma0.235.VOID.dat saved /hpcstorage/dforero/projects/baosystematics/patchy_results/box1/redshift/radialgauss/void_ran/bins/097_zmax25_rmax25.left
==> Split /hpcstorage/dforero/projects/baosystematics/patchy_results/box1/redshift/radialgauss/mocks_void_xyz_scaledR/CATALPTCICz0.466G960S1737359640_zspace.radialgauss.sigma0.235.VOID.dat saved /hpcstorage/dforero/projects/baosystematics/patchy_results/box1/redshift/radialgauss/void_ran/bins/039_zmax26_rmax23.left
==> Split /hpcstorage/dforero/projects/baosystematics/patchy_results/box1/redshift/radialgauss/mocks_void_xyz_scaledR/CATALPTCICz0.466G960S196817175_zspace.radialgauss.sigma0.235.VOID.dat saved /hpcstorage/dforero/projects/baosystematics/patchy_results/box1/redshift/radialgauss/void_ran/bins/085_zmax25_rmax25.left
==> Split /hpcstorage/dforero/projects/baosystematics/patchy_results/box1/redshift/radialgauss/mocks_void_xyz_scaledR/CATALPTCICz0.466G960S398774913_zspace.radialgauss.sigma0.235.VOID.dat saved /hpcstorage/dforero/projects/baosystematics/patchy_results/box1/redshift/radialgauss/void_ran/bins/053_zmax25_rmax24.left
==> Split /hpcstorage/dforero/projects/baosystematics/patchy_results/box1/redshift/radialgauss/mocks_void_xyz_scaledR/CATALPTCICz0.466G960S1270858461_zspace.radialgauss.sigma0.235.VOID.dat saved /hpcstorage/dforero/projects/baosystematics/patchy_results/box1/redshift/radialgauss/void_ran/bins/081_zmax25_rmax25.left
==> Split /hpcstorage/dforero/projects/baosystematics/patchy_results/box1/redshift/radialgauss/mocks_void_xyz_scaledR/CATALPTCICz0.466G960S1723267773_zspace.radialgauss.sigma0.235.VOID.dat saved /hpcstorage/dforero/projects/baosystematics/patchy_results/box1/redshift/radialgauss/void_ran/bins/024_zmax25_rmax25.left
==> Split /hpcstorage/dforero/projects/baosystematics/patchy_results/box1/redshift/radialgauss/mocks_void_xyz_scaledR/CATALPTCICz0.466G960S1828307802_zspace.radialgauss.sigma0.235.VOID.dat saved /hpcstorage/dforero/projects/baosystematics/patchy_results/box1/redshift/radialgauss/void_ran/bins/089_zmax25_rmax25.left
==> Split /hpcstorage/dforero/projects/baosystematics/patchy_results/box1/redshift/radialgauss/mocks_void_xyz_scaledR/CATALPTCICz0.466G960S2085350725_zspace.radialgauss.sigma0.235.VOID.dat saved /hpcstorage/dforero/projects/baosystematics/patchy_results/box1/redshift/radialgauss/void_ran/bins/062_zmax26_rmax23.left
==> Split /hpcstorage/dforero/projects/baosystematics/patchy_results/box1/redshift/radialgauss/mocks_void_xyz_scaledR/CATALPTCICz0.466G960S1813530111_zspace.radialgauss.sigma0.235.VOID.dat saved /hpcstorage/dforero/projects/baosystematics/patchy_results/box1/redshift/radialgauss/void_ran/bins/074_zmax26_rmax24.left
==> Split /hpcstorage/dforero/projects/baosystematics/patchy_results/box1/redshift/radialgauss/mocks_void_xyz_scaledR/CATALPTCICz0.466G960S1897253935_zspace.radialgauss.sigma0.235.VOID.dat saved /hpcstorage/dforero/projects/baosystematics/patchy_results/box1/redshift/radialgauss/void_ran/bins/033_zmax25_rmax25.left
==> Split /hpcstorage/dforero/projects/baosystematics/patchy_results/box1/redshift/radialgauss/mocks_void_xyz_scaledR/CATALPTCICz0.466G960S362641756_zspace.radialgauss.sigma0.235.VOID.dat saved /hpcstorage/dforero/projects/baosystematics/patchy_results/box1/redshift/radialgauss/void_ran/bins/076_zmax25_rmax25.left
==> Split /hpcstorage/dforero/projects/baosystematics/patchy_results/box1/redshift/radialgauss/mocks_void_xyz_scaledR/CATALPTCICz0.466G960S353309712_zspace.radialgauss.sigma0.235.VOID.dat saved /hpcstorage/dforero/projects/baosystematics/patchy_results/box1/redshift/radialgauss/void_ran/bins/041_zmax26_rmax24.left
==> Split /hpcstorage/dforero/projects/baosystematics/patchy_results/box1/redshift/radialgauss/mocks_void_xyz_scaledR/CATALPTCICz0.466G960S697291398_zspace.radialgauss.sigma0.235.VOID.dat saved /hpcstorage/dforero/projects/baosystematics/patchy_results/box1/redshift/radialgauss/void_ran/bins/083_zmax25_rmax25.left
==> Split /hpcstorage/dforero/projects/baosystematics/patchy_results/box1/redshift/radialgauss/mocks_void_xyz_scaledR/CATALPTCICz0.466G960S231824037_zspace.radialgauss.sigma0.235.VOID.dat saved /hpcstorage/dforero/projects/baosystematics/patchy_results/box1/redshift/radialgauss/void_ran/bins/044_zmax25_rmax25.left
==> Split /hpcstorage/dforero/projects/baosystematics/patchy_results/box1/redshift/radialgauss/mocks_void_xyz_scaledR/CATALPTCICz0.466G960S1395978271_zspace.radialgauss.sigma0.235.VOID.dat saved /hpcstorage/dforero/projects/baosystematics/patchy_results/box1/redshift/radialgauss/void_ran/bins/065_zmax25_rmax25.left
==> Split /hpcstorage/dforero/projects/baosystematics/patchy_results/box1/redshift/radialgauss/mocks_void_xyz_scaledR/CATALPTCICz0.466G960S1843354749_zspace.radialgauss.sigma0.235.VOID.dat saved /hpcstorage/dforero/projects/baosystematics/patchy_results/box1/redshift/radialgauss/void_ran/bins/002_zmax25_rmax24.left
==> Split /hpcstorage/dforero/projects/baosystematics/patchy_results/box1/redshift/radialgauss/mocks_void_xyz_scaledR/CATALPTCICz0.466G960S1428348139_zspace.radialgauss.sigma0.235.VOID.dat saved /hpcstorage/dforero/projects/baosystematics/patchy_results/box1/redshift/radialgauss/void_ran/bins/096_zmax25_rmax25.left
==> Split /hpcstorage/dforero/projects/baosystematics/patchy_results/box1/redshift/radialgauss/mocks_void_xyz_scaledR/CATALPTCICz0.466G960S2005020971_zspace.radialgauss.sigma0.235.VOID.dat saved /hpcstorage/dforero/projects/baosystematics/patchy_results/box1/redshift/radialgauss/void_ran/bins/021_zmax25_rmax25.left
==> Split /hpcstorage/dforero/projects/baosystematics/patchy_results/box1/redshift/radialgauss/mocks_void_xyz_scaledR/CATALPTCICz0.466G960S114138117_zspace.radialgauss.sigma0.235.VOID.dat saved /hpcstorage/dforero/projects/baosystematics/patchy_results/box1/redshift/radialgauss/void_ran/bins/084_zmax25_rmax25.left
==> Split /hpcstorage/dforero/projects/baosystematics/patchy_results/box1/redshift/radialgauss/mocks_void_xyz_scaledR/CATALPTCICz0.466G960S355476410_zspace.radialgauss.sigma0.235.VOID.dat saved /hpcstorage/dforero/projects/baosystematics/patchy_results/box1/redshift/radialgauss/void_ran/bins/059_zmax25_rmax25.left
==> Split /hpcstorage/dforero/projects/baosystematics/patchy_results/box1/redshift/radialgauss/mocks_void_xyz_scaledR/CATALPTCICz0.466G960S1171565480_zspace.radialgauss.sigma0.235.VOID.dat saved /hpcstorage/dforero/projects/baosystematics/patchy_results/box1/redshift/radialgauss/void_ran/bins/098_zmax25_rmax25.left
2359810348
Shuffling...
1, 1
1, 2
1, 3
1, 4
1, 5
1, 6
1, 7
1, 8
1, 9
1, 10
1, 11
1, 12
1, 13
1, 14
1, 15
1, 16
1, 17
1, 18
1, 19
1, 20
1, 21
1, 22
1, 23
1, 24
1, 25
2, 1
2, 2
2, 3
2, 4
2, 5
2, 6
2, 7
2, 8
2, 9
2, 10
2, 11
2, 12
2, 13
2, 14
2, 15
2, 16
2, 17
2, 18
2, 19
2, 20
2, 21
2, 22
2, 23
2, 24
2, 25
3, 1
3, 2
3, 3
3, 4
3, 5
3, 6
3, 7
3, 8
3, 9
3, 10
3, 11
3, 12
3, 13
3, 14
3, 15
3, 16
3, 17
3, 18
3, 19
3, 20
3, 21
3, 22
3, 23
3, 24
3, 25
4, 1
4, 2
4, 3
4, 4
4, 5
4, 6
4, 7
4, 8
4, 9
4, 10
4, 11
4, 12
4, 13
4, 14
4, 15
4, 16
4, 17
4, 18
4, 19
4, 20
4, 21
4, 22
4, 23
4, 24
4, 25
5, 1
5, 2
5, 3
5, 4
5, 5
5, 6
5, 7
5, 8
5, 9
5, 10
5, 11
5, 12
5, 13
5, 14
5, 15
5, 16
5, 17
5, 18
5, 19
5, 20
5, 21
5, 22
5, 23
5, 24
5, 25
6, 1
6, 2
6, 3
6, 4
6, 5
6, 6
6, 7
6, 8
6, 9
6, 10
6, 11
6, 12
6, 13
6, 14
6, 15
6, 16
6, 17
6, 18
6, 19
6, 20
6, 21
6, 22
6, 23
6, 24
6, 25
7, 1
7, 2
7, 3
7, 4
7, 5
7, 6
7, 7
7, 8
7, 9
7, 10
7, 11
7, 12
7, 13
7, 14
7, 15
7, 16
7, 17
7, 18
7, 19
7, 20
7, 21
7, 22
7, 23
7, 24
7, 25
8, 1
8, 2
8, 3
8, 4
8, 5
8, 6
8, 7
8, 8
8, 9
8, 10
8, 11
8, 12
8, 13
8, 14
8, 15
8, 16
8, 17
8, 18
8, 19
8, 20
8, 21
8, 22
8, 23
8, 24
8, 25
9, 1
9, 2
9, 3
9, 4
9, 5
9, 6
9, 7
9, 8
9, 9
9, 10
9, 11
9, 12
9, 13
9, 14
9, 15
9, 16
9, 17
9, 18
9, 19
9, 20
9, 21
9, 22
9, 23
9, 24
9, 25
10, 1
10, 2
10, 3
10, 4
10, 5
10, 6
10, 7
10, 8
10, 9
10, 10
10, 11
10, 12
10, 13
10, 14
10, 15
10, 16
10, 17
10, 18
10, 19
10, 20
10, 21
10, 22
10, 23
10, 24
10, 25
11, 1
11, 2
11, 3
11, 4
11, 5
11, 6
11, 7
11, 8
11, 9
11, 10
11, 11
11, 12
11, 13
11, 14
11, 15
11, 16
11, 17
11, 18
11, 19
11, 20
11, 21
11, 22
11, 23
11, 24
11, 25
12, 1
12, 2
12, 3
12, 4
12, 5
12, 6
12, 7
12, 8
12, 9
12, 10
12, 11
12, 12
12, 13
12, 14
12, 15
12, 16
12, 17
12, 18
12, 19
12, 20
12, 21
12, 22
12, 23
12, 24
12, 25
13, 1
13, 2
13, 3
13, 4
13, 5
13, 6
13, 7
13, 8
13, 9
13, 10
13, 11
13, 12
13, 13
13, 14
13, 15
13, 16
13, 17
13, 18
13, 19
13, 20
13, 21
13, 22
13, 23
13, 24
13, 25
14, 1
14, 2
14, 3
14, 4
14, 5
14, 6
14, 7
14, 8
14, 9
14, 10
14, 11
14, 12
14, 13
14, 14
14, 15
14, 16
14, 17
14, 18
14, 19
14, 20
14, 21
14, 22
14, 23
14, 24
14, 25
15, 1
15, 2
15, 3
15, 4
15, 5
15, 6
15, 7
15, 8
15, 9
15, 10
15, 11
15, 12
15, 13
15, 14
15, 15
15, 16
15, 17
15, 18
15, 19
15, 20
15, 21
15, 22
15, 23
15, 24
15, 25
16, 1
16, 2
16, 3
16, 4
16, 5
16, 6
16, 7
16, 8
16, 9
16, 10
16, 11
16, 12
16, 13
16, 14
16, 15
16, 16
16, 17
16, 18
16, 19
16, 20
16, 21
16, 22
16, 23
16, 24
16, 25
17, 1
17, 2
17, 3
17, 4
17, 5
17, 6
17, 7
17, 8
17, 9
17, 10
17, 11
17, 12
17, 13
17, 14
17, 15
17, 16
17, 17
17, 18
17, 19
17, 20
17, 21
17, 22
17, 23
17, 24
17, 25
18, 1
18, 2
18, 3
18, 4
18, 5
18, 6
18, 7
18, 8
18, 9
18, 10
18, 11
18, 12
18, 13
18, 14
18, 15
18, 16
18, 17
18, 18
18, 19
18, 20
18, 21
18, 22
18, 23
18, 24
18, 25
19, 1
19, 2
19, 3
19, 4
19, 5
19, 6
19, 7
19, 8
19, 9
19, 10
19, 11
19, 12
19, 13
19, 14
19, 15
19, 16
19, 17
19, 18
19, 19
19, 20
19, 21
19, 22
19, 23
19, 24
19, 25
20, 1
20, 2
20, 3
20, 4
20, 5
20, 6
20, 7
20, 8
20, 9
20, 10
20, 11
20, 12
20, 13
20, 14
20, 15
20, 16
20, 17
20, 18
20, 19
20, 20
20, 21
20, 22
20, 23
20, 24
20, 25
21, 1
21, 2
21, 3
21, 4
21, 5
21, 6
21, 7
21, 8
21, 9
21, 10
21, 11
21, 12
21, 13
21, 14
21, 15
21, 16
21, 17
21, 18
21, 19
21, 20
21, 21
21, 22
21, 23
21, 24
21, 25
22, 1
22, 2
22, 3
22, 4
22, 5
22, 6
22, 7
22, 8
22, 9
22, 10
22, 11
22, 12
22, 13
22, 14
22, 15
22, 16
22, 17
22, 18
22, 19
22, 20
22, 21
22, 22
22, 23
22, 24
22, 25
23, 1
23, 2
23, 3
23, 4
23, 5
23, 6
23, 7
23, 8
23, 9
23, 10
23, 11
23, 12
23, 13
23, 14
23, 15
23, 16
23, 17
23, 18
23, 19
23, 20
23, 21
23, 22
23, 23
23, 24
23, 25
24, 1
24, 2
24, 3
24, 4
24, 5
24, 6
24, 7
24, 8
24, 9
24, 10
24, 11
24, 12
24, 13
24, 14
24, 15
24, 16
24, 17
24, 18
24, 19
24, 20
24, 21
24, 22
24, 23
24, 24
24, 25
25, 1
25, 2
25, 3
25, 4
25, 5
25, 6
25, 7
25, 8
25, 9
25, 10
25, 11
25, 12
25, 13
25, 14
25, 15
25, 16
25, 17
25, 18
25, 19
25, 20
25, 21
25, 22
25, 23
25, 24
25, 25
26, 1
26, 2
26, 3
26, 4
26, 5
26, 6
26, 7
26, 8
26, 9
26, 10
26, 11
26, 12
26, 13
26, 14
26, 15
26, 16
26, 17
26, 18
26, 19
26, 20
26, 21
26, 22
26, 23
26, 24
26, 25
Selecting 240000000 objects
