/home/epfl/dforero/scratch/projects/baosystematics/src/fcfc_box/fcfc_box_void_count_real.conf
Loading configuration ... 
  DATA_CATALOG    = /home/epfl/dforero/scratch/projects/baosystematics/patchy_results/box5/real/smooth/parabola_0.8/mocks_void_xyz/CATALPTCICz0.638G960S1141072742.parabola.sigma0.0.VOID.dat
  DATA_HEADER     = 0
  DATA_AUX_XOL    = 6
  DATA_SEL_MODE   = 23
  DATA_X_MIN      = 0
  DATA_X_MAX      = 2500
  DATA_Y_MIN      = 0
  DATA_Y_MAX      = 2500
  DATA_Z_MIN      = 0
  DATA_Z_MAX      = 2500
  DATA_AUX_MIN    = 1.13
  DATA_AUX_MAX    = 5
  DIST_BIN_DIM    = 1
  DIST_BIN_TYPE   = 1
  DIST_BIN_RMIN   = 0
  DIST_BIN_RMAX   = 200
  DIST_BIN_RNUM   = 40
  DIST_BIN_PREC   = 0
  COUNT_MODE      = 1
  MOMENT          = 1
  CF_MODE         = 3
  OUTPUT          = /home/epfl/dforero/scratch/projects/baosystematics/patchy_results/box5/real/smooth/parabola_0.8/tpcf_void_mock_nowt_R-loc_scaled1.13-loc_scaled5/TwoPCF_CATALPTCICz0.638G960S1141072742.parabola.sigma0.0.VOID.R-loc_scaled1.13-loc_scaled5.dat
  DD_FILE (OUT)   = /home/epfl/dforero/scratch/projects/baosystematics/patchy_results/box5/real/smooth/parabola_0.8/tpcf_void_mock_nowt_R-loc_scaled1.13-loc_scaled5/DD_files/DD_CATALPTCICz0.638G960S1141072742.parabola.sigma0.0.VOID.R-loc_scaled1.13-loc_scaled5.dat
  FORCE           = 1
  VERBOSE         = 1
[70C[[32;1mDONE[0m]
Create bins for distances and counts ... [70C[[32;1mDONE[0m]
Reading data catalog ... 
  Filename: `/home/epfl/dforero/scratch/projects/baosystematics/patchy_results/box5/real/smooth/parabola_0.8/mocks_void_xyz/CATALPTCICz0.638G960S1141072742.parabola.sigma0.0.VOID.dat'.
  Counting lines ...   Number of records: 19333233.
  Allocating memory ...   ~ 295 Mb memory allocated for the tracers.

[31;1mError:[0m cannot read enough columns from line 1.
[31;1mExit:[0m failed to read the data catalog.
  Reading ...  0%[70C[[31;1mFAIL[0m]
srun: error: node206: task 0: Exited with exit code 253
/home/epfl/dforero/scratch/projects/baosystematics/src/fcfc_box/fcfc_box_void_count_real.conf
Loading configuration ... 
  DATA_CATALOG    = /home/epfl/dforero/scratch/projects/baosystematics/patchy_results/box5/real/smooth/parabola_0.8/mocks_void_xyz_wt_scaledR/CATALPTCICz0.638G960S92631322.parabola.sigma0.0.VOID.dat
  DATA_HEADER     = 0
  DATA_WT_COL     = 5
  DATA_AUX_XOL    = 6
  DATA_SEL_MODE   = 23
  DATA_X_MIN      = 0
  DATA_X_MAX      = 2500
  DATA_Y_MIN      = 0
  DATA_Y_MAX      = 2500
  DATA_Z_MIN      = 0
  DATA_Z_MAX      = 2500
  DATA_AUX_MIN    = 1.13
  DATA_AUX_MAX    = 5
  DIST_BIN_DIM    = 1
  DIST_BIN_TYPE   = 1
  DIST_BIN_RMIN   = 0
  DIST_BIN_RMAX   = 200
  DIST_BIN_RNUM   = 40
  DIST_BIN_PREC   = 0
  COUNT_MODE      = 1
  MOMENT          = 1
  CF_MODE         = 3
  OUTPUT          = /home/epfl/dforero/scratch/projects/baosystematics/patchy_results/box5/real/smooth/parabola_0.8/tpcf_void_mock_R-loc_scaled1.13-loc_scaled5/TwoPCF_CATALPTCICz0.638G960S92631322.parabola.sigma0.0.VOID.R-loc_scaled1.13-loc_scaled5.dat
  DD_FILE (OUT)   = /home/epfl/dforero/scratch/projects/baosystematics/patchy_results/box5/real/smooth/parabola_0.8/tpcf_void_mock_R-loc_scaled1.13-loc_scaled5/DD_files/DD_CATALPTCICz0.638G960S92631322.parabola.sigma0.0.VOID.R-loc_scaled1.13-loc_scaled5.dat
  FORCE           = 1
  VERBOSE         = 1
[70C[[32;1mDONE[0m]
Create bins for distances and counts ... [70C[[32;1mDONE[0m]
Reading data catalog ... 
  Filename: `/home/epfl/dforero/scratch/projects/baosystematics/patchy_results/box5/real/smooth/parabola_0.8/mocks_void_xyz_wt_scaledR/CATALPTCICz0.638G960S92631322.parabola.sigma0.0.VOID.dat'.
  Counting lines ...   Number of records: 19344628.
  Allocating memory ...   ~ 295 Mb memory allocated for the tracers.
