2500 -10 1009
Reading file: /home/epfl/dforero/scratch/projects/baosystematics/patchy_results/box1/real/vetoang/mocks_gal_xyz/CATALPTCICz0.466G960S1475223854.VETO_ANG.dat
Number of records: 5555326

Duplicating boundaries for periodic condition
Number of records: 6706860

Building Delaunay Triangulation.
Number of vertices: 6706860
Number of cells: 44691661

Writing to file /home/epfl/dforero/scratch/projects/baosystematics/patchy_results/box1/real/vetoang/mocks_void_xyz/CATALPTCICz0.466G960S1475223854.VETO_ANG.VOID.dat
Writing voids with radius in (-10,1009).
Finished successfully!
2500 -10 1009
Reading file: /home/epfl/dforero/scratch/projects/baosystematics/patchy_results/box1/real/vetoang/mocks_gal_xyz/CATALPTCICz0.466G960S1477629105.VETO_ANG.dat
Number of records: 5558660

Duplicating boundaries for periodic condition
Number of records: 6701517

Building Delaunay Triangulation.
Number of vertices: 6701517
Number of cells: 44656815

Writing to file /home/epfl/dforero/scratch/projects/baosystematics/patchy_results/box1/real/vetoang/mocks_void_xyz/CATALPTCICz0.466G960S1477629105.VETO_ANG.VOID.dat
Writing voids with radius in (-10,1009).
Finished successfully!
2500 -10 1009
Reading file: /home/epfl/dforero/scratch/projects/baosystematics/patchy_results/box1/real/vetoang/mocks_gal_xyz/CATALPTCICz0.466G960S1478198992.VETO_ANG.dat
Number of records: 5553896

Duplicating boundaries for periodic condition
Number of records: 6702270

Building Delaunay Triangulation.
Number of vertices: 6702270
Number of cells: 44658207

Writing to file /home/epfl/dforero/scratch/projects/baosystematics/patchy_results/box1/real/vetoang/mocks_void_xyz/CATALPTCICz0.466G960S1478198992.VETO_ANG.VOID.dat
Writing voids with radius in (-10,1009).
Finished successfully!
2500 -10 1009
Reading file: /home/epfl/dforero/scratch/projects/baosystematics/patchy_results/box1/real/vetoang/mocks_gal_xyz/CATALPTCICz0.466G960S1483355713.VETO_ANG.dat
Number of records: 5560974

Duplicating boundaries for periodic condition
Number of records: 6700899

Building Delaunay Triangulation.
Number of vertices: 6700899
Number of cells: 44656119

Writing to file /home/epfl/dforero/scratch/projects/baosystematics/patchy_results/box1/real/vetoang/mocks_void_xyz/CATALPTCICz0.466G960S1483355713.VETO_ANG.VOID.dat
Writing voids with radius in (-10,1009).
Finished successfully!
2500 -10 1009
Reading file: /home/epfl/dforero/scratch/projects/baosystematics/patchy_results/box1/real/vetoang/mocks_gal_xyz/CATALPTCICz0.466G960S1484324254.VETO_ANG.dat
Number of records: 5563834

Duplicating boundaries for periodic condition
Number of records: 6715886

Building Delaunay Triangulation.
Number of vertices: 6715886
Number of cells: 44749280

Writing to file /home/epfl/dforero/scratch/projects/baosystematics/patchy_results/box1/real/vetoang/mocks_void_xyz/CATALPTCICz0.466G960S1484324254.VETO_ANG.VOID.dat
Writing voids with radius in (-10,1009).
Finished successfully!
2500 -10 1009
Reading file: /home/epfl/dforero/scratch/projects/baosystematics/patchy_results/box1/real/vetoang/mocks_gal_xyz/CATALPTCICz0.466G960S1491462483.VETO_ANG.dat
Number of records: 5562449

Duplicating boundaries for periodic condition
Number of records: 6716896

Building Delaunay Triangulation.
Number of vertices: 6716896
Number of cells: 44757090

Writing to file /home/epfl/dforero/scratch/projects/baosystematics/patchy_results/box1/real/vetoang/mocks_void_xyz/CATALPTCICz0.466G960S1491462483.VETO_ANG.VOID.dat
Writing voids with radius in (-10,1009).
Finished successfully!
2500 -10 1009
Reading file: /home/epfl/dforero/scratch/projects/baosystematics/patchy_results/box1/real/vetoang/mocks_gal_xyz/CATALPTCICz0.466G960S1493091666.VETO_ANG.dat
Number of records: 5558301

Duplicating boundaries for periodic condition
Number of records: 6703106

Building Delaunay Triangulation.
Number of vertices: 6703106
Number of cells: 44668222

Writing to file /home/epfl/dforero/scratch/projects/baosystematics/patchy_results/box1/real/vetoang/mocks_void_xyz/CATALPTCICz0.466G960S1493091666.VETO_ANG.VOID.dat
Writing voids with radius in (-10,1009).
Finished successfully!
2500 -10 1009
Reading file: /home/epfl/dforero/scratch/projects/baosystematics/patchy_results/box1/real/vetoang/mocks_gal_xyz/CATALPTCICz0.466G960S1493867854.VETO_ANG.dat
Number of records: 5559274

Duplicating boundaries for periodic condition
Number of records: 6695252

Building Delaunay Triangulation.
Number of vertices: 6695252
Number of cells: 44608254

Writing to file /home/epfl/dforero/scratch/projects/baosystematics/patchy_results/box1/real/vetoang/mocks_void_xyz/CATALPTCICz0.466G960S1493867854.VETO_ANG.VOID.dat
Writing voids with radius in (-10,1009).
Finished successfully!
2500 -10 1009
Reading file: /home/epfl/dforero/scratch/projects/baosystematics/patchy_results/box1/real/vetoang/mocks_gal_xyz/CATALPTCICz0.466G960S1497004141.VETO_ANG.dat
Number of records: 5559117

Duplicating boundaries for periodic condition
Number of records: 6705565

Building Delaunay Triangulation.
Number of vertices: 6705565
Number of cells: 44688074

Writing to file /home/epfl/dforero/scratch/projects/baosystematics/patchy_results/box1/real/vetoang/mocks_void_xyz/CATALPTCICz0.466G960S1497004141.VETO_ANG.VOID.dat
Writing voids with radius in (-10,1009).
Finished successfully!
2500 -10 1009
Reading file: /home/epfl/dforero/scratch/projects/baosystematics/patchy_results/box1/real/vetoang/mocks_gal_xyz/CATALPTCICz0.466G960S1500256497.VETO_ANG.dat
Number of records: 5556498

Duplicating boundaries for periodic condition
Number of records: 6709984

Building Delaunay Triangulation.
Number of vertices: 6709984
Number of cells: 44710198

Writing to file /home/epfl/dforero/scratch/projects/baosystematics/patchy_results/box1/real/vetoang/mocks_void_xyz/CATALPTCICz0.466G960S1500256497.VETO_ANG.VOID.dat
Writing voids with radius in (-10,1009).
Finished successfully!
