2500 -10 1009
Reading file: /home/epfl/dforero/scratch/projects/baosystematics/patchy_results/box1/real/vetoang/mocks_gal_xyz/CATALPTCICz0.466G960S77766309.VETO_ANG.dat
Number of records: 5557185

Duplicating boundaries for periodic condition
Number of records: 6710666

Building Delaunay Triangulation.
Number of vertices: 6710666
Number of cells: 44714575

Writing to file /home/epfl/dforero/scratch/projects/baosystematics/patchy_results/box1/real/vetoang/mocks_void_xyz/CATALPTCICz0.466G960S77766309.VETO_ANG.VOID.dat
Writing voids with radius in (-10,1009).
Finished successfully!
2500 -10 1009
Reading file: /home/epfl/dforero/scratch/projects/baosystematics/patchy_results/box1/real/vetoang/mocks_gal_xyz/CATALPTCICz0.466G960S780019608.VETO_ANG.dat
Number of records: 5560005

Duplicating boundaries for periodic condition
Number of records: 6706154

Building Delaunay Triangulation.
Number of vertices: 6706154
Number of cells: 44687729

Writing to file /home/epfl/dforero/scratch/projects/baosystematics/patchy_results/box1/real/vetoang/mocks_void_xyz/CATALPTCICz0.466G960S780019608.VETO_ANG.VOID.dat
Writing voids with radius in (-10,1009).
Finished successfully!
2500 -10 1009
Reading file: /home/epfl/dforero/scratch/projects/baosystematics/patchy_results/box1/real/vetoang/mocks_gal_xyz/CATALPTCICz0.466G960S782078129.VETO_ANG.dat
Number of records: 5561539

Duplicating boundaries for periodic condition
Number of records: 6715743

Building Delaunay Triangulation.
Number of vertices: 6715743
Number of cells: 44753338

Writing to file /home/epfl/dforero/scratch/projects/baosystematics/patchy_results/box1/real/vetoang/mocks_void_xyz/CATALPTCICz0.466G960S782078129.VETO_ANG.VOID.dat
Writing voids with radius in (-10,1009).
Finished successfully!
2500 -10 1009
Reading file: /home/epfl/dforero/scratch/projects/baosystematics/patchy_results/box1/real/vetoang/mocks_gal_xyz/CATALPTCICz0.466G960S793081490.VETO_ANG.dat
Number of records: 5561161

Duplicating boundaries for periodic condition
Number of records: 6717410

Building Delaunay Triangulation.
Number of vertices: 6717410
Number of cells: 44761049

Writing to file /home/epfl/dforero/scratch/projects/baosystematics/patchy_results/box1/real/vetoang/mocks_void_xyz/CATALPTCICz0.466G960S793081490.VETO_ANG.VOID.dat
Writing voids with radius in (-10,1009).
Finished successfully!
2500 -10 1009
Reading file: /home/epfl/dforero/scratch/projects/baosystematics/patchy_results/box1/real/vetoang/mocks_gal_xyz/CATALPTCICz0.466G960S793713103.VETO_ANG.dat
Number of records: 5553251

Duplicating boundaries for periodic condition
Number of records: 6701797

Building Delaunay Triangulation.
Number of vertices: 6701797
Number of cells: 44650003

Writing to file /home/epfl/dforero/scratch/projects/baosystematics/patchy_results/box1/real/vetoang/mocks_void_xyz/CATALPTCICz0.466G960S793713103.VETO_ANG.VOID.dat
Writing voids with radius in (-10,1009).
Finished successfully!
2500 -10 1009
Reading file: /home/epfl/dforero/scratch/projects/baosystematics/patchy_results/box1/real/vetoang/mocks_gal_xyz/CATALPTCICz0.466G960S794721539.VETO_ANG.dat
Number of records: 5560925

Duplicating boundaries for periodic condition
Number of records: 6716582

Building Delaunay Triangulation.
Number of vertices: 6716582
Number of cells: 44756232

Writing to file /home/epfl/dforero/scratch/projects/baosystematics/patchy_results/box1/real/vetoang/mocks_void_xyz/CATALPTCICz0.466G960S794721539.VETO_ANG.VOID.dat
Writing voids with radius in (-10,1009).
Finished successfully!
2500 -10 1009
Reading file: /home/epfl/dforero/scratch/projects/baosystematics/patchy_results/box1/real/vetoang/mocks_gal_xyz/CATALPTCICz0.466G960S808034740.VETO_ANG.dat
Number of records: 5560893

Duplicating boundaries for periodic condition
Number of records: 6709757

Building Delaunay Triangulation.
Number of vertices: 6709757
Number of cells: 44708542

Writing to file /home/epfl/dforero/scratch/projects/baosystematics/patchy_results/box1/real/vetoang/mocks_void_xyz/CATALPTCICz0.466G960S808034740.VETO_ANG.VOID.dat
Writing voids with radius in (-10,1009).
Finished successfully!
2500 -10 1009
Reading file: /home/epfl/dforero/scratch/projects/baosystematics/patchy_results/box1/real/vetoang/mocks_gal_xyz/CATALPTCICz0.466G960S814764424.VETO_ANG.dat
Number of records: 5562149

Duplicating boundaries for periodic condition
Number of records: 6704625

Building Delaunay Triangulation.
Number of vertices: 6704625
Number of cells: 44674425

Writing to file /home/epfl/dforero/scratch/projects/baosystematics/patchy_results/box1/real/vetoang/mocks_void_xyz/CATALPTCICz0.466G960S814764424.VETO_ANG.VOID.dat
Writing voids with radius in (-10,1009).
Finished successfully!
2500 -10 1009
Reading file: /home/epfl/dforero/scratch/projects/baosystematics/patchy_results/box1/real/vetoang/mocks_gal_xyz/CATALPTCICz0.466G960S824062495.VETO_ANG.dat
Number of records: 5558467

Duplicating boundaries for periodic condition
Number of records: 6700252

Building Delaunay Triangulation.
Number of vertices: 6700252
Number of cells: 44649047

Writing to file /home/epfl/dforero/scratch/projects/baosystematics/patchy_results/box1/real/vetoang/mocks_void_xyz/CATALPTCICz0.466G960S824062495.VETO_ANG.VOID.dat
Writing voids with radius in (-10,1009).
Finished successfully!
2500 -10 1009
Reading file: /home/epfl/dforero/scratch/projects/baosystematics/patchy_results/box1/real/vetoang/mocks_gal_xyz/CATALPTCICz0.466G960S82515621.VETO_ANG.dat
Number of records: 5557677

Duplicating boundaries for periodic condition
Number of records: 6716770

Building Delaunay Triangulation.
Number of vertices: 6716770
Number of cells: 44753395

Writing to file /home/epfl/dforero/scratch/projects/baosystematics/patchy_results/box1/real/vetoang/mocks_void_xyz/CATALPTCICz0.466G960S82515621.VETO_ANG.VOID.dat
Writing voids with radius in (-10,1009).
Finished successfully!
