2500 -10 1009
Reading file: /home/epfl/dforero/scratch/projects/baosystematics/patchy_results/box1/real/veto/mocks_gal_xyz/CATALPTCICz0.466G960S1713934780.VETO.dat
Number of records: 5859893

Duplicating boundaries for periodic condition
Number of records: 7029817

Building Delaunay Triangulation.
Number of vertices: 7029817
Number of cells: 46827565

Writing to file /home/epfl/dforero/scratch/projects/baosystematics/patchy_results/box1/real/veto/mocks_void_xyz/CATALPTCICz0.466G960S1713934780.VETO.VOID.dat
Writing voids with radius in (-10,1009).
Finished successfully!
2500 -10 1009
Reading file: /home/epfl/dforero/scratch/projects/baosystematics/patchy_results/box1/real/veto/mocks_gal_xyz/CATALPTCICz0.466G960S1715693657.VETO.dat
Number of records: 5858854

Duplicating boundaries for periodic condition
Number of records: 7026981

Building Delaunay Triangulation.
Number of vertices: 7026981
Number of cells: 46807024

Writing to file /home/epfl/dforero/scratch/projects/baosystematics/patchy_results/box1/real/veto/mocks_void_xyz/CATALPTCICz0.466G960S1715693657.VETO.VOID.dat
Writing voids with radius in (-10,1009).
Finished successfully!
2500 -10 1009
Reading file: /home/epfl/dforero/scratch/projects/baosystematics/patchy_results/box1/real/veto/mocks_gal_xyz/CATALPTCICz0.466G960S171707647.VETO.dat
Number of records: 5858263

Duplicating boundaries for periodic condition
Number of records: 7041249

Building Delaunay Triangulation.
Number of vertices: 7041249
Number of cells: 46901854

Writing to file /home/epfl/dforero/scratch/projects/baosystematics/patchy_results/box1/real/veto/mocks_void_xyz/CATALPTCICz0.466G960S171707647.VETO.VOID.dat
Writing voids with radius in (-10,1009).
Finished successfully!
2500 -10 1009
Reading file: /home/epfl/dforero/scratch/projects/baosystematics/patchy_results/box1/real/veto/mocks_gal_xyz/CATALPTCICz0.466G960S1723267773.VETO.dat
Number of records: 5857497

Duplicating boundaries for periodic condition
Number of records: 7033385

Building Delaunay Triangulation.
Number of vertices: 7033385
Number of cells: 46848925

Writing to file /home/epfl/dforero/scratch/projects/baosystematics/patchy_results/box1/real/veto/mocks_void_xyz/CATALPTCICz0.466G960S1723267773.VETO.VOID.dat
Writing voids with radius in (-10,1009).
Finished successfully!
2500 -10 1009
Reading file: /home/epfl/dforero/scratch/projects/baosystematics/patchy_results/box1/real/veto/mocks_gal_xyz/CATALPTCICz0.466G960S1725903597.VETO.dat
Number of records: 5856274

Duplicating boundaries for periodic condition
Number of records: 7028109

Building Delaunay Triangulation.
Number of vertices: 7028109
Number of cells: 46820117

Writing to file /home/epfl/dforero/scratch/projects/baosystematics/patchy_results/box1/real/veto/mocks_void_xyz/CATALPTCICz0.466G960S1725903597.VETO.VOID.dat
Writing voids with radius in (-10,1009).
Finished successfully!
2500 -10 1009
Reading file: /home/epfl/dforero/scratch/projects/baosystematics/patchy_results/box1/real/veto/mocks_gal_xyz/CATALPTCICz0.466G960S1727189069.VETO.dat
Number of records: 5854878

Duplicating boundaries for periodic condition
Number of records: 7018998

Building Delaunay Triangulation.
Number of vertices: 7018998
Number of cells: 46755664

Writing to file /home/epfl/dforero/scratch/projects/baosystematics/patchy_results/box1/real/veto/mocks_void_xyz/CATALPTCICz0.466G960S1727189069.VETO.VOID.dat
Writing voids with radius in (-10,1009).
Finished successfully!
2500 -10 1009
Reading file: /home/epfl/dforero/scratch/projects/baosystematics/patchy_results/box1/real/veto/mocks_gal_xyz/CATALPTCICz0.466G960S1737359640.VETO.dat
Number of records: 5854385

Duplicating boundaries for periodic condition
Number of records: 7034897

Building Delaunay Triangulation.
Number of vertices: 7034897
Number of cells: 46855273

Writing to file /home/epfl/dforero/scratch/projects/baosystematics/patchy_results/box1/real/veto/mocks_void_xyz/CATALPTCICz0.466G960S1737359640.VETO.VOID.dat
Writing voids with radius in (-10,1009).
Finished successfully!
2500 -10 1009
Reading file: /home/epfl/dforero/scratch/projects/baosystematics/patchy_results/box1/real/veto/mocks_gal_xyz/CATALPTCICz0.466G960S1740263594.VETO.dat
Number of records: 5857555

Duplicating boundaries for periodic condition
Number of records: 7033176

Building Delaunay Triangulation.
Number of vertices: 7033176
Number of cells: 46844621

Writing to file /home/epfl/dforero/scratch/projects/baosystematics/patchy_results/box1/real/veto/mocks_void_xyz/CATALPTCICz0.466G960S1740263594.VETO.VOID.dat
Writing voids with radius in (-10,1009).
Finished successfully!
2500 -10 1009
Reading file: /home/epfl/dforero/scratch/projects/baosystematics/patchy_results/box1/real/veto/mocks_gal_xyz/CATALPTCICz0.466G960S174282346.VETO.dat
Number of records: 5862656

Duplicating boundaries for periodic condition
Number of records: 7042767

Building Delaunay Triangulation.
Number of vertices: 7042767
Number of cells: 46913275

Writing to file /home/epfl/dforero/scratch/projects/baosystematics/patchy_results/box1/real/veto/mocks_void_xyz/CATALPTCICz0.466G960S174282346.VETO.VOID.dat
Writing voids with radius in (-10,1009).
Finished successfully!
2500 -10 1009
Reading file: /home/epfl/dforero/scratch/projects/baosystematics/patchy_results/box1/real/veto/mocks_gal_xyz/CATALPTCICz0.466G960S1743301054.VETO.dat
Number of records: 5855315

Duplicating boundaries for periodic condition
Number of records: 7024731

Building Delaunay Triangulation.
Number of vertices: 7024731
Number of cells: 46796633

Writing to file /home/epfl/dforero/scratch/projects/baosystematics/patchy_results/box1/real/veto/mocks_void_xyz/CATALPTCICz0.466G960S1743301054.VETO.VOID.dat
Writing voids with radius in (-10,1009).
Finished successfully!
