2500 -10 1009
Reading file: /home/epfl/dforero/scratch/projects/baosystematics/patchy_results/box1/real/veto/mocks_gal_xyz/CATALPTCICz0.466G960S1137451315.VETO.dat
Number of records: 5856481

Duplicating boundaries for periodic condition
Number of records: 7018963

Building Delaunay Triangulation.
Number of vertices: 7018963
Number of cells: 46752218

Writing to file /home/epfl/dforero/scratch/projects/baosystematics/patchy_results/box1/real/veto/mocks_void_xyz/CATALPTCICz0.466G960S1137451315.VETO.VOID.dat
Writing voids with radius in (-10,1009).
Finished successfully!
2500 -10 1009
Reading file: /home/epfl/dforero/scratch/projects/baosystematics/patchy_results/box1/real/veto/mocks_gal_xyz/CATALPTCICz0.466G960S1141072742.VETO.dat
Number of records: 5850895

Duplicating boundaries for periodic condition
Number of records: 7014650

Building Delaunay Triangulation.
Number of vertices: 7014650
Number of cells: 46728561

Writing to file /home/epfl/dforero/scratch/projects/baosystematics/patchy_results/box1/real/veto/mocks_void_xyz/CATALPTCICz0.466G960S1141072742.VETO.VOID.dat
Writing voids with radius in (-10,1009).
Finished successfully!
2500 -10 1009
Reading file: /home/epfl/dforero/scratch/projects/baosystematics/patchy_results/box1/real/veto/mocks_gal_xyz/CATALPTCICz0.466G960S114138117.VETO.dat
Number of records: 5861911

Duplicating boundaries for periodic condition
Number of records: 7038240

Building Delaunay Triangulation.
Number of vertices: 7038240
Number of cells: 46888773

Writing to file /home/epfl/dforero/scratch/projects/baosystematics/patchy_results/box1/real/veto/mocks_void_xyz/CATALPTCICz0.466G960S114138117.VETO.VOID.dat
Writing voids with radius in (-10,1009).
Finished successfully!
2500 -10 1009
Reading file: /home/epfl/dforero/scratch/projects/baosystematics/patchy_results/box1/real/veto/mocks_gal_xyz/CATALPTCICz0.466G960S114530336.VETO.dat
Number of records: 5862309

Duplicating boundaries for periodic condition
Number of records: 7037379

Building Delaunay Triangulation.
Number of vertices: 7037379
Number of cells: 46879354

Writing to file /home/epfl/dforero/scratch/projects/baosystematics/patchy_results/box1/real/veto/mocks_void_xyz/CATALPTCICz0.466G960S114530336.VETO.VOID.dat
Writing voids with radius in (-10,1009).
Finished successfully!
2500 -10 1009
Reading file: /home/epfl/dforero/scratch/projects/baosystematics/patchy_results/box1/real/veto/mocks_gal_xyz/CATALPTCICz0.466G960S1146279901.VETO.dat
Number of records: 5855243

Duplicating boundaries for periodic condition
Number of records: 7029437

Building Delaunay Triangulation.
Number of vertices: 7029437
Number of cells: 46817392

Writing to file /home/epfl/dforero/scratch/projects/baosystematics/patchy_results/box1/real/veto/mocks_void_xyz/CATALPTCICz0.466G960S1146279901.VETO.VOID.dat
Writing voids with radius in (-10,1009).
Finished successfully!
2500 -10 1009
Reading file: /home/epfl/dforero/scratch/projects/baosystematics/patchy_results/box1/real/veto/mocks_gal_xyz/CATALPTCICz0.466G960S1158360484.VETO.dat
Number of records: 5854040

Duplicating boundaries for periodic condition
Number of records: 7026137

Building Delaunay Triangulation.
Number of vertices: 7026137
Number of cells: 46807675

Writing to file /home/epfl/dforero/scratch/projects/baosystematics/patchy_results/box1/real/veto/mocks_void_xyz/CATALPTCICz0.466G960S1158360484.VETO.VOID.dat
Writing voids with radius in (-10,1009).
Finished successfully!
2500 -10 1009
Reading file: /home/epfl/dforero/scratch/projects/baosystematics/patchy_results/box1/real/veto/mocks_gal_xyz/CATALPTCICz0.466G960S1170957577.VETO.dat
Number of records: 5855080

Duplicating boundaries for periodic condition
Number of records: 7031667

Building Delaunay Triangulation.
Number of vertices: 7031667
Number of cells: 46835537

Writing to file /home/epfl/dforero/scratch/projects/baosystematics/patchy_results/box1/real/veto/mocks_void_xyz/CATALPTCICz0.466G960S1170957577.VETO.VOID.dat
Writing voids with radius in (-10,1009).
Finished successfully!
2500 -10 1009
Reading file: /home/epfl/dforero/scratch/projects/baosystematics/patchy_results/box1/real/veto/mocks_gal_xyz/CATALPTCICz0.466G960S1171454456.VETO.dat
Number of records: 5850108

Duplicating boundaries for periodic condition
Number of records: 7019953

Building Delaunay Triangulation.
Number of vertices: 7019953
Number of cells: 46754334

Writing to file /home/epfl/dforero/scratch/projects/baosystematics/patchy_results/box1/real/veto/mocks_void_xyz/CATALPTCICz0.466G960S1171454456.VETO.VOID.dat
Writing voids with radius in (-10,1009).
Finished successfully!
2500 -10 1009
Reading file: /home/epfl/dforero/scratch/projects/baosystematics/patchy_results/box1/real/veto/mocks_gal_xyz/CATALPTCICz0.466G960S1171565480.VETO.dat
Number of records: 5857148

Duplicating boundaries for periodic condition
Number of records: 7022959

Building Delaunay Triangulation.
Number of vertices: 7022959
Number of cells: 46774037

Writing to file /home/epfl/dforero/scratch/projects/baosystematics/patchy_results/box1/real/veto/mocks_void_xyz/CATALPTCICz0.466G960S1171565480.VETO.VOID.dat
Writing voids with radius in (-10,1009).
Finished successfully!
2500 -10 1009
Reading file: /home/epfl/dforero/scratch/projects/baosystematics/patchy_results/box1/real/veto/mocks_gal_xyz/CATALPTCICz0.466G960S1172037969.VETO.dat
Number of records: 5856576

Duplicating boundaries for periodic condition
Number of records: 7032730

Building Delaunay Triangulation.
Number of vertices: 7032730
Number of cells: 46851235

Writing to file /home/epfl/dforero/scratch/projects/baosystematics/patchy_results/box1/real/veto/mocks_void_xyz/CATALPTCICz0.466G960S1172037969.VETO.VOID.dat
Writing voids with radius in (-10,1009).
Finished successfully!
