2500 -10 1009
Reading file: /home/epfl/dforero/scratch/projects/baosystematics/patchy_results/box1/real/ang/mocks_gal_xyz/CATALPTCICz0.466G960S82596751.ANG.dat
Number of records: 5896286

Duplicating boundaries for periodic condition
Number of records: 7127096

Building Delaunay Triangulation.
Number of vertices: 7127096
Number of cells: 47515218

Writing to file /home/epfl/dforero/scratch/projects/baosystematics/patchy_results/box1/real/ang/mocks_void_xyz/CATALPTCICz0.466G960S82596751.ANG.VOID.dat
Writing voids with radius in (-10,1009).
Finished successfully!
2500 -10 1009
Reading file: /home/epfl/dforero/scratch/projects/baosystematics/patchy_results/box1/real/ang/mocks_gal_xyz/CATALPTCICz0.466G960S833637829.ANG.dat
Number of records: 5898906

Duplicating boundaries for periodic condition
Number of records: 7134010

Building Delaunay Triangulation.
Number of vertices: 7134010
Number of cells: 47554863

Writing to file /home/epfl/dforero/scratch/projects/baosystematics/patchy_results/box1/real/ang/mocks_void_xyz/CATALPTCICz0.466G960S833637829.ANG.VOID.dat
Writing voids with radius in (-10,1009).
Finished successfully!
2500 -10 1009
Reading file: /home/epfl/dforero/scratch/projects/baosystematics/patchy_results/box1/real/ang/mocks_gal_xyz/CATALPTCICz0.466G960S834266118.ANG.dat
Number of records: 5899655

Duplicating boundaries for periodic condition
Number of records: 7145487

Building Delaunay Triangulation.
Number of vertices: 7145487
Number of cells: 47638942

Writing to file /home/epfl/dforero/scratch/projects/baosystematics/patchy_results/box1/real/ang/mocks_void_xyz/CATALPTCICz0.466G960S834266118.ANG.VOID.dat
Writing voids with radius in (-10,1009).
Finished successfully!
2500 -10 1009
Reading file: /home/epfl/dforero/scratch/projects/baosystematics/patchy_results/box1/real/ang/mocks_gal_xyz/CATALPTCICz0.466G960S835650869.ANG.dat
Number of records: 5891568

Duplicating boundaries for periodic condition
Number of records: 7130427

Building Delaunay Triangulation.
Number of vertices: 7130427
Number of cells: 47534576

Writing to file /home/epfl/dforero/scratch/projects/baosystematics/patchy_results/box1/real/ang/mocks_void_xyz/CATALPTCICz0.466G960S835650869.ANG.VOID.dat
Writing voids with radius in (-10,1009).
Finished successfully!
2500 -10 1009
Reading file: /home/epfl/dforero/scratch/projects/baosystematics/patchy_results/box1/real/ang/mocks_gal_xyz/CATALPTCICz0.466G960S839936506.ANG.dat
Number of records: 5896619

Duplicating boundaries for periodic condition
Number of records: 7138212

Building Delaunay Triangulation.
Number of vertices: 7138212
Number of cells: 47591807

Writing to file /home/epfl/dforero/scratch/projects/baosystematics/patchy_results/box1/real/ang/mocks_void_xyz/CATALPTCICz0.466G960S839936506.ANG.VOID.dat
Writing voids with radius in (-10,1009).
Finished successfully!
2500 -10 1009
Reading file: /home/epfl/dforero/scratch/projects/baosystematics/patchy_results/box1/real/ang/mocks_gal_xyz/CATALPTCICz0.466G960S845458243.ANG.dat
Number of records: 5896574

Duplicating boundaries for periodic condition
Number of records: 7139807

Building Delaunay Triangulation.
Number of vertices: 7139807
Number of cells: 47596640

Writing to file /home/epfl/dforero/scratch/projects/baosystematics/patchy_results/box1/real/ang/mocks_void_xyz/CATALPTCICz0.466G960S845458243.ANG.VOID.dat
Writing voids with radius in (-10,1009).
Finished successfully!
2500 -10 1009
Reading file: /home/epfl/dforero/scratch/projects/baosystematics/patchy_results/box1/real/ang/mocks_gal_xyz/CATALPTCICz0.466G960S854853218.ANG.dat
Number of records: 5893137

Duplicating boundaries for periodic condition
Number of records: 7133941

Building Delaunay Triangulation.
Number of vertices: 7133941
Number of cells: 47561237

Writing to file /home/epfl/dforero/scratch/projects/baosystematics/patchy_results/box1/real/ang/mocks_void_xyz/CATALPTCICz0.466G960S854853218.ANG.VOID.dat
Writing voids with radius in (-10,1009).
Finished successfully!
2500 -10 1009
Reading file: /home/epfl/dforero/scratch/projects/baosystematics/patchy_results/box1/real/ang/mocks_gal_xyz/CATALPTCICz0.466G960S85829856.ANG.dat
Number of records: 5901547

Duplicating boundaries for periodic condition
Number of records: 7153037

Building Delaunay Triangulation.
Number of vertices: 7153037
Number of cells: 47688062

Writing to file /home/epfl/dforero/scratch/projects/baosystematics/patchy_results/box1/real/ang/mocks_void_xyz/CATALPTCICz0.466G960S85829856.ANG.VOID.dat
Writing voids with radius in (-10,1009).
Finished successfully!
2500 -10 1009
Reading file: /home/epfl/dforero/scratch/projects/baosystematics/patchy_results/box1/real/ang/mocks_gal_xyz/CATALPTCICz0.466G960S862088714.ANG.dat
Number of records: 5899469

Duplicating boundaries for periodic condition
Number of records: 7134418

Building Delaunay Triangulation.
Number of vertices: 7134418
Number of cells: 47560905

Writing to file /home/epfl/dforero/scratch/projects/baosystematics/patchy_results/box1/real/ang/mocks_void_xyz/CATALPTCICz0.466G960S862088714.ANG.VOID.dat
Writing voids with radius in (-10,1009).
Finished successfully!
2500 -10 1009
Reading file: /home/epfl/dforero/scratch/projects/baosystematics/patchy_results/box1/real/ang/mocks_gal_xyz/CATALPTCICz0.466G960S862729728.ANG.dat
Number of records: 5895091

Duplicating boundaries for periodic condition
Number of records: 7133108

Building Delaunay Triangulation.
Number of vertices: 7133108
Number of cells: 47548896

Writing to file /home/epfl/dforero/scratch/projects/baosystematics/patchy_results/box1/real/ang/mocks_void_xyz/CATALPTCICz0.466G960S862729728.ANG.VOID.dat
Writing voids with radius in (-10,1009).
Finished successfully!
