2500 -10 1009
Reading file: /home/epfl/dforero/scratch/projects/baosystematics/patchy_results/box1/real/vetoang/mocks_gal_xyz/CATALPTCICz0.466G960S1626267889.VETO_ANG.dat
Number of records: 5555207

Duplicating boundaries for periodic condition
Number of records: 6695845

Building Delaunay Triangulation.
Number of vertices: 6695845
Number of cells: 44608083

Writing to file /home/epfl/dforero/scratch/projects/baosystematics/patchy_results/box1/real/vetoang/mocks_void_xyz/CATALPTCICz0.466G960S1626267889.VETO_ANG.VOID.dat
Writing voids with radius in (-10,1009).
Finished successfully!
2500 -10 1009
Reading file: /home/epfl/dforero/scratch/projects/baosystematics/patchy_results/box1/real/vetoang/mocks_gal_xyz/CATALPTCICz0.466G960S1626900649.VETO_ANG.dat
Number of records: 5562532

Duplicating boundaries for periodic condition
Number of records: 6715710

Building Delaunay Triangulation.
Number of vertices: 6715710
Number of cells: 44753807

Writing to file /home/epfl/dforero/scratch/projects/baosystematics/patchy_results/box1/real/vetoang/mocks_void_xyz/CATALPTCICz0.466G960S1626900649.VETO_ANG.VOID.dat
Writing voids with radius in (-10,1009).
Finished successfully!
2500 -10 1009
Reading file: /home/epfl/dforero/scratch/projects/baosystematics/patchy_results/box1/real/vetoang/mocks_gal_xyz/CATALPTCICz0.466G960S1638675616.VETO_ANG.dat
Number of records: 5558819

Duplicating boundaries for periodic condition
Number of records: 6704623

Building Delaunay Triangulation.
Number of vertices: 6704623
Number of cells: 44678894

Writing to file /home/epfl/dforero/scratch/projects/baosystematics/patchy_results/box1/real/vetoang/mocks_void_xyz/CATALPTCICz0.466G960S1638675616.VETO_ANG.VOID.dat
Writing voids with radius in (-10,1009).
Finished successfully!
2500 -10 1009
Reading file: /home/epfl/dforero/scratch/projects/baosystematics/patchy_results/box1/real/vetoang/mocks_gal_xyz/CATALPTCICz0.466G960S1644127019.VETO_ANG.dat
Number of records: 5553765

Duplicating boundaries for periodic condition
Number of records: 6696568

Building Delaunay Triangulation.
Number of vertices: 6696568
Number of cells: 44628671

Writing to file /home/epfl/dforero/scratch/projects/baosystematics/patchy_results/box1/real/vetoang/mocks_void_xyz/CATALPTCICz0.466G960S1644127019.VETO_ANG.VOID.dat
Writing voids with radius in (-10,1009).
Finished successfully!
2500 -10 1009
Reading file: /home/epfl/dforero/scratch/projects/baosystematics/patchy_results/box1/real/vetoang/mocks_gal_xyz/CATALPTCICz0.466G960S1644659903.VETO_ANG.dat
Number of records: 5559898

Duplicating boundaries for periodic condition
Number of records: 6709949

Building Delaunay Triangulation.
Number of vertices: 6709949
Number of cells: 44711028

Writing to file /home/epfl/dforero/scratch/projects/baosystematics/patchy_results/box1/real/vetoang/mocks_void_xyz/CATALPTCICz0.466G960S1644659903.VETO_ANG.VOID.dat
Writing voids with radius in (-10,1009).
Finished successfully!
2500 -10 1009
Reading file: /home/epfl/dforero/scratch/projects/baosystematics/patchy_results/box1/real/vetoang/mocks_gal_xyz/CATALPTCICz0.466G960S1656249224.VETO_ANG.dat
Number of records: 5557974

Duplicating boundaries for periodic condition
Number of records: 6703089

Building Delaunay Triangulation.
Number of vertices: 6703089
Number of cells: 44666507

Writing to file /home/epfl/dforero/scratch/projects/baosystematics/patchy_results/box1/real/vetoang/mocks_void_xyz/CATALPTCICz0.466G960S1656249224.VETO_ANG.VOID.dat
Writing voids with radius in (-10,1009).
Finished successfully!
2500 -10 1009
Reading file: /home/epfl/dforero/scratch/projects/baosystematics/patchy_results/box1/real/vetoang/mocks_gal_xyz/CATALPTCICz0.466G960S1658015962.VETO_ANG.dat
Number of records: 5560084

Duplicating boundaries for periodic condition
Number of records: 6713894

Building Delaunay Triangulation.
Number of vertices: 6713894
Number of cells: 44731038

Writing to file /home/epfl/dforero/scratch/projects/baosystematics/patchy_results/box1/real/vetoang/mocks_void_xyz/CATALPTCICz0.466G960S1658015962.VETO_ANG.VOID.dat
Writing voids with radius in (-10,1009).
Finished successfully!
2500 -10 1009
Reading file: /home/epfl/dforero/scratch/projects/baosystematics/patchy_results/box1/real/vetoang/mocks_gal_xyz/CATALPTCICz0.466G960S1658333848.VETO_ANG.dat
Number of records: 5557350

Duplicating boundaries for periodic condition
Number of records: 6709152

Building Delaunay Triangulation.
Number of vertices: 6709152
Number of cells: 44706925

Writing to file /home/epfl/dforero/scratch/projects/baosystematics/patchy_results/box1/real/vetoang/mocks_void_xyz/CATALPTCICz0.466G960S1658333848.VETO_ANG.VOID.dat
Writing voids with radius in (-10,1009).
Finished successfully!
2500 -10 1009
Reading file: /home/epfl/dforero/scratch/projects/baosystematics/patchy_results/box1/real/vetoang/mocks_gal_xyz/CATALPTCICz0.466G960S1664538145.VETO_ANG.dat
Number of records: 5552124

Duplicating boundaries for periodic condition
Number of records: 6694247

Building Delaunay Triangulation.
Number of vertices: 6694247
Number of cells: 44607131

Writing to file /home/epfl/dforero/scratch/projects/baosystematics/patchy_results/box1/real/vetoang/mocks_void_xyz/CATALPTCICz0.466G960S1664538145.VETO_ANG.VOID.dat
Writing voids with radius in (-10,1009).
Finished successfully!
2500 -10 1009
Reading file: /home/epfl/dforero/scratch/projects/baosystematics/patchy_results/box1/real/vetoang/mocks_gal_xyz/CATALPTCICz0.466G960S1672261505.VETO_ANG.dat
Number of records: 5560868

Duplicating boundaries for periodic condition
Number of records: 6707684

Building Delaunay Triangulation.
Number of vertices: 6707684
Number of cells: 44696039

Writing to file /home/epfl/dforero/scratch/projects/baosystematics/patchy_results/box1/real/vetoang/mocks_void_xyz/CATALPTCICz0.466G960S1672261505.VETO_ANG.VOID.dat
Writing voids with radius in (-10,1009).
Finished successfully!
