2500 -10 1009
Reading file: /home/epfl/dforero/scratch/projects/baosystematics/patchy_results/box1/real/veto/mocks_gal_xyz/CATALPTCICz0.466G960S1319224709.VETO.dat
Number of records: 5857257

Duplicating boundaries for periodic condition
Number of records: 7032938

Building Delaunay Triangulation.
Number of vertices: 7032938
Number of cells: 46848322

Writing to file /home/epfl/dforero/scratch/projects/baosystematics/patchy_results/box1/real/veto/mocks_void_xyz/CATALPTCICz0.466G960S1319224709.VETO.VOID.dat
Writing voids with radius in (-10,1009).
Finished successfully!
2500 -10 1009
Reading file: /home/epfl/dforero/scratch/projects/baosystematics/patchy_results/box1/real/veto/mocks_gal_xyz/CATALPTCICz0.466G960S1322514347.VETO.dat
Number of records: 5855141

Duplicating boundaries for periodic condition
Number of records: 7036298

Building Delaunay Triangulation.
Number of vertices: 7036298
Number of cells: 46868250

Writing to file /home/epfl/dforero/scratch/projects/baosystematics/patchy_results/box1/real/veto/mocks_void_xyz/CATALPTCICz0.466G960S1322514347.VETO.VOID.dat
Writing voids with radius in (-10,1009).
Finished successfully!
2500 -10 1009
Reading file: /home/epfl/dforero/scratch/projects/baosystematics/patchy_results/box1/real/veto/mocks_gal_xyz/CATALPTCICz0.466G960S1322583197.VETO.dat
Number of records: 5854937

Duplicating boundaries for periodic condition
Number of records: 7024810

Building Delaunay Triangulation.
Number of vertices: 7024810
Number of cells: 46795682

Writing to file /home/epfl/dforero/scratch/projects/baosystematics/patchy_results/box1/real/veto/mocks_void_xyz/CATALPTCICz0.466G960S1322583197.VETO.VOID.dat
Writing voids with radius in (-10,1009).
Finished successfully!
2500 -10 1009
Reading file: /home/epfl/dforero/scratch/projects/baosystematics/patchy_results/box1/real/veto/mocks_gal_xyz/CATALPTCICz0.466G960S1322632840.VETO.dat
Number of records: 5859649

Duplicating boundaries for periodic condition
Number of records: 7031067

Building Delaunay Triangulation.
Number of vertices: 7031067
Number of cells: 46834159

Writing to file /home/epfl/dforero/scratch/projects/baosystematics/patchy_results/box1/real/veto/mocks_void_xyz/CATALPTCICz0.466G960S1322632840.VETO.VOID.dat
Writing voids with radius in (-10,1009).
Finished successfully!
2500 -10 1009
Reading file: /home/epfl/dforero/scratch/projects/baosystematics/patchy_results/box1/real/veto/mocks_gal_xyz/CATALPTCICz0.466G960S1324434178.VETO.dat
Number of records: 5856697

Duplicating boundaries for periodic condition
Number of records: 7031848

Building Delaunay Triangulation.
Number of vertices: 7031848
Number of cells: 46833930

Writing to file /home/epfl/dforero/scratch/projects/baosystematics/patchy_results/box1/real/veto/mocks_void_xyz/CATALPTCICz0.466G960S1324434178.VETO.VOID.dat
Writing voids with radius in (-10,1009).
Finished successfully!
2500 -10 1009
Reading file: /home/epfl/dforero/scratch/projects/baosystematics/patchy_results/box1/real/veto/mocks_gal_xyz/CATALPTCICz0.466G960S1326884166.VETO.dat
Number of records: 5855141

Duplicating boundaries for periodic condition
Number of records: 7028564

Building Delaunay Triangulation.
Number of vertices: 7028564
Number of cells: 46816821

Writing to file /home/epfl/dforero/scratch/projects/baosystematics/patchy_results/box1/real/veto/mocks_void_xyz/CATALPTCICz0.466G960S1326884166.VETO.VOID.dat
Writing voids with radius in (-10,1009).
Finished successfully!
2500 -10 1009
Reading file: /home/epfl/dforero/scratch/projects/baosystematics/patchy_results/box1/real/veto/mocks_gal_xyz/CATALPTCICz0.466G960S1333819401.VETO.dat
Number of records: 5858610

Duplicating boundaries for periodic condition
Number of records: 7037787

Building Delaunay Triangulation.
Number of vertices: 7037787
Number of cells: 46881337

Writing to file /home/epfl/dforero/scratch/projects/baosystematics/patchy_results/box1/real/veto/mocks_void_xyz/CATALPTCICz0.466G960S1333819401.VETO.VOID.dat
Writing voids with radius in (-10,1009).
Finished successfully!
2500 -10 1009
Reading file: /home/epfl/dforero/scratch/projects/baosystematics/patchy_results/box1/real/veto/mocks_gal_xyz/CATALPTCICz0.466G960S1351095374.VETO.dat
Number of records: 5852381

Duplicating boundaries for periodic condition
Number of records: 7029875

Building Delaunay Triangulation.
Number of vertices: 7029875
Number of cells: 46827439

Writing to file /home/epfl/dforero/scratch/projects/baosystematics/patchy_results/box1/real/veto/mocks_void_xyz/CATALPTCICz0.466G960S1351095374.VETO.VOID.dat
Writing voids with radius in (-10,1009).
Finished successfully!
2500 -10 1009
Reading file: /home/epfl/dforero/scratch/projects/baosystematics/patchy_results/box1/real/veto/mocks_gal_xyz/CATALPTCICz0.466G960S135251945.VETO.dat
Number of records: 5857869

Duplicating boundaries for periodic condition
Number of records: 7037123

Building Delaunay Triangulation.
Number of vertices: 7037123
Number of cells: 46876803

Writing to file /home/epfl/dforero/scratch/projects/baosystematics/patchy_results/box1/real/veto/mocks_void_xyz/CATALPTCICz0.466G960S135251945.VETO.VOID.dat
Writing voids with radius in (-10,1009).
Finished successfully!
2500 -10 1009
Reading file: /home/epfl/dforero/scratch/projects/baosystematics/patchy_results/box1/real/veto/mocks_gal_xyz/CATALPTCICz0.466G960S1354772842.VETO.dat
Number of records: 5855259

Duplicating boundaries for periodic condition
Number of records: 7027019

Building Delaunay Triangulation.
Number of vertices: 7027019
Number of cells: 46806355

Writing to file /home/epfl/dforero/scratch/projects/baosystematics/patchy_results/box1/real/veto/mocks_void_xyz/CATALPTCICz0.466G960S1354772842.VETO.VOID.dat
Writing voids with radius in (-10,1009).
Finished successfully!
