2500 -10 1009
Reading file: /home/epfl/dforero/scratch/projects/baosystematics/patchy_results/box1/real/ang/mocks_gal_xyz/CATALPTCICz0.466G960S120803028.ANG.dat
Number of records: 5899029

Duplicating boundaries for periodic condition
Number of records: 7134820

Building Delaunay Triangulation.
Number of vertices: 7134820
Number of cells: 47567693

Writing to file /home/epfl/dforero/scratch/projects/baosystematics/patchy_results/box1/real/ang/mocks_void_xyz/CATALPTCICz0.466G960S120803028.ANG.VOID.dat
Writing voids with radius in (-10,1009).
Finished successfully!
2500 -10 1009
Reading file: /home/epfl/dforero/scratch/projects/baosystematics/patchy_results/box1/real/ang/mocks_gal_xyz/CATALPTCICz0.466G960S1217214358.ANG.dat
Number of records: 5898279

Duplicating boundaries for periodic condition
Number of records: 7135660

Building Delaunay Triangulation.
Number of vertices: 7135660
Number of cells: 47565512

Writing to file /home/epfl/dforero/scratch/projects/baosystematics/patchy_results/box1/real/ang/mocks_void_xyz/CATALPTCICz0.466G960S1217214358.ANG.VOID.dat
Writing voids with radius in (-10,1009).
Finished successfully!
2500 -10 1009
Reading file: /home/epfl/dforero/scratch/projects/baosystematics/patchy_results/box1/real/ang/mocks_gal_xyz/CATALPTCICz0.466G960S1220375783.ANG.dat
Number of records: 5899695

Duplicating boundaries for periodic condition
Number of records: 7130707

Building Delaunay Triangulation.
Number of vertices: 7130707
Number of cells: 47537673

Writing to file /home/epfl/dforero/scratch/projects/baosystematics/patchy_results/box1/real/ang/mocks_void_xyz/CATALPTCICz0.466G960S1220375783.ANG.VOID.dat
Writing voids with radius in (-10,1009).
Finished successfully!
2500 -10 1009
Reading file: /home/epfl/dforero/scratch/projects/baosystematics/patchy_results/box1/real/ang/mocks_gal_xyz/CATALPTCICz0.466G960S1227150384.ANG.dat
Number of records: 5897933

Duplicating boundaries for periodic condition
Number of records: 7130706

Building Delaunay Triangulation.
Number of vertices: 7130706
Number of cells: 47540707

Writing to file /home/epfl/dforero/scratch/projects/baosystematics/patchy_results/box1/real/ang/mocks_void_xyz/CATALPTCICz0.466G960S1227150384.ANG.VOID.dat
Writing voids with radius in (-10,1009).
Finished successfully!
2500 -10 1009
Reading file: /home/epfl/dforero/scratch/projects/baosystematics/patchy_results/box1/real/ang/mocks_gal_xyz/CATALPTCICz0.466G960S1230019393.ANG.dat
Number of records: 5898587

Duplicating boundaries for periodic condition
Number of records: 7144996

Building Delaunay Triangulation.
Number of vertices: 7144996
Number of cells: 47633897

Writing to file /home/epfl/dforero/scratch/projects/baosystematics/patchy_results/box1/real/ang/mocks_void_xyz/CATALPTCICz0.466G960S1230019393.ANG.VOID.dat
Writing voids with radius in (-10,1009).
Finished successfully!
2500 -10 1009
Reading file: /home/epfl/dforero/scratch/projects/baosystematics/patchy_results/box1/real/ang/mocks_gal_xyz/CATALPTCICz0.466G960S1234010326.ANG.dat
Number of records: 5896152

Duplicating boundaries for periodic condition
Number of records: 7134566

Building Delaunay Triangulation.
Number of vertices: 7134566
Number of cells: 47562763

Writing to file /home/epfl/dforero/scratch/projects/baosystematics/patchy_results/box1/real/ang/mocks_void_xyz/CATALPTCICz0.466G960S1234010326.ANG.VOID.dat
Writing voids with radius in (-10,1009).
Finished successfully!
2500 -10 1009
Reading file: /home/epfl/dforero/scratch/projects/baosystematics/patchy_results/box1/real/ang/mocks_gal_xyz/CATALPTCICz0.466G960S1234469845.ANG.dat
Number of records: 5897813

Duplicating boundaries for periodic condition
Number of records: 7139954

Building Delaunay Triangulation.
Number of vertices: 7139954
Number of cells: 47597531

Writing to file /home/epfl/dforero/scratch/projects/baosystematics/patchy_results/box1/real/ang/mocks_void_xyz/CATALPTCICz0.466G960S1234469845.ANG.VOID.dat
Writing voids with radius in (-10,1009).
Finished successfully!
2500 -10 1009
Reading file: /home/epfl/dforero/scratch/projects/baosystematics/patchy_results/box1/real/ang/mocks_gal_xyz/CATALPTCICz0.466G960S1239671138.ANG.dat
Number of records: 5897528

Duplicating boundaries for periodic condition
Number of records: 7141615

Building Delaunay Triangulation.
Number of vertices: 7141615
Number of cells: 47607199

Writing to file /home/epfl/dforero/scratch/projects/baosystematics/patchy_results/box1/real/ang/mocks_void_xyz/CATALPTCICz0.466G960S1239671138.ANG.VOID.dat
Writing voids with radius in (-10,1009).
Finished successfully!
2500 -10 1009
Reading file: /home/epfl/dforero/scratch/projects/baosystematics/patchy_results/box1/real/ang/mocks_gal_xyz/CATALPTCICz0.466G960S1239847718.ANG.dat
Number of records: 5899462

Duplicating boundaries for periodic condition
Number of records: 7142617

Building Delaunay Triangulation.
Number of vertices: 7142617
Number of cells: 47606850

Writing to file /home/epfl/dforero/scratch/projects/baosystematics/patchy_results/box1/real/ang/mocks_void_xyz/CATALPTCICz0.466G960S1239847718.ANG.VOID.dat
Writing voids with radius in (-10,1009).
Finished successfully!
2500 -10 1009
Reading file: /home/epfl/dforero/scratch/projects/baosystematics/patchy_results/box1/real/ang/mocks_gal_xyz/CATALPTCICz0.466G960S1244453196.ANG.dat
Number of records: 5895199

Duplicating boundaries for periodic condition
Number of records: 7141676

Building Delaunay Triangulation.
Number of vertices: 7141676
Number of cells: 47608878

Writing to file /home/epfl/dforero/scratch/projects/baosystematics/patchy_results/box1/real/ang/mocks_void_xyz/CATALPTCICz0.466G960S1244453196.ANG.VOID.dat
Writing voids with radius in (-10,1009).
Finished successfully!
