2500 -10 1009
Reading file: /home/epfl/dforero/scratch/projects/baosystematics/patchy_results/box1/real/vetoang/mocks_gal_xyz/CATALPTCICz0.466G960S2058241144.VETO_ANG.dat
Number of records: 5558785

Duplicating boundaries for periodic condition
Number of records: 6705993

Building Delaunay Triangulation.
Number of vertices: 6705993
Number of cells: 44689264

Writing to file /home/epfl/dforero/scratch/projects/baosystematics/patchy_results/box1/real/vetoang/mocks_void_xyz/CATALPTCICz0.466G960S2058241144.VETO_ANG.VOID.dat
Writing voids with radius in (-10,1009).
Finished successfully!
2500 -10 1009
Reading file: /home/epfl/dforero/scratch/projects/baosystematics/patchy_results/box1/real/vetoang/mocks_gal_xyz/CATALPTCICz0.466G960S2059589356.VETO_ANG.dat
Number of records: 5553778

Duplicating boundaries for periodic condition
Number of records: 6712274

Building Delaunay Triangulation.
Number of vertices: 6712274
Number of cells: 44729250

Writing to file /home/epfl/dforero/scratch/projects/baosystematics/patchy_results/box1/real/vetoang/mocks_void_xyz/CATALPTCICz0.466G960S2059589356.VETO_ANG.VOID.dat
Writing voids with radius in (-10,1009).
Finished successfully!
2500 -10 1009
Reading file: /home/epfl/dforero/scratch/projects/baosystematics/patchy_results/box1/real/vetoang/mocks_gal_xyz/CATALPTCICz0.466G960S2061966896.VETO_ANG.dat
Number of records: 5557114

Duplicating boundaries for periodic condition
Number of records: 6703650

Building Delaunay Triangulation.
Number of vertices: 6703650
Number of cells: 44673673

Writing to file /home/epfl/dforero/scratch/projects/baosystematics/patchy_results/box1/real/vetoang/mocks_void_xyz/CATALPTCICz0.466G960S2061966896.VETO_ANG.VOID.dat
Writing voids with radius in (-10,1009).
Finished successfully!
2500 -10 1009
Reading file: /home/epfl/dforero/scratch/projects/baosystematics/patchy_results/box1/real/vetoang/mocks_gal_xyz/CATALPTCICz0.466G960S2066051570.VETO_ANG.dat
Number of records: 5564791

Duplicating boundaries for periodic condition
Number of records: 6712794

Building Delaunay Triangulation.
Number of vertices: 6712794
Number of cells: 44731279

Writing to file /home/epfl/dforero/scratch/projects/baosystematics/patchy_results/box1/real/vetoang/mocks_void_xyz/CATALPTCICz0.466G960S2066051570.VETO_ANG.VOID.dat
Writing voids with radius in (-10,1009).
Finished successfully!
2500 -10 1009
Reading file: /home/epfl/dforero/scratch/projects/baosystematics/patchy_results/box1/real/vetoang/mocks_gal_xyz/CATALPTCICz0.466G960S2072767419.VETO_ANG.dat
Number of records: 5563255

Duplicating boundaries for periodic condition
Number of records: 6712171

Building Delaunay Triangulation.
Number of vertices: 6712171
Number of cells: 44728361

Writing to file /home/epfl/dforero/scratch/projects/baosystematics/patchy_results/box1/real/vetoang/mocks_void_xyz/CATALPTCICz0.466G960S2072767419.VETO_ANG.VOID.dat
Writing voids with radius in (-10,1009).
Finished successfully!
2500 -10 1009
Reading file: /home/epfl/dforero/scratch/projects/baosystematics/patchy_results/box1/real/vetoang/mocks_gal_xyz/CATALPTCICz0.466G960S2073007256.VETO_ANG.dat
Number of records: 5559068

Duplicating boundaries for periodic condition
Number of records: 6706982

Building Delaunay Triangulation.
Number of vertices: 6706982
Number of cells: 44693650

Writing to file /home/epfl/dforero/scratch/projects/baosystematics/patchy_results/box1/real/vetoang/mocks_void_xyz/CATALPTCICz0.466G960S2073007256.VETO_ANG.VOID.dat
Writing voids with radius in (-10,1009).
Finished successfully!
2500 -10 1009
Reading file: /home/epfl/dforero/scratch/projects/baosystematics/patchy_results/box1/real/vetoang/mocks_gal_xyz/CATALPTCICz0.466G960S2073181707.VETO_ANG.dat
Number of records: 5562865

Duplicating boundaries for periodic condition
Number of records: 6715178

Building Delaunay Triangulation.
Number of vertices: 6715178
Number of cells: 44747301

Writing to file /home/epfl/dforero/scratch/projects/baosystematics/patchy_results/box1/real/vetoang/mocks_void_xyz/CATALPTCICz0.466G960S2073181707.VETO_ANG.VOID.dat
Writing voids with radius in (-10,1009).
Finished successfully!
2500 -10 1009
Reading file: /home/epfl/dforero/scratch/projects/baosystematics/patchy_results/box1/real/vetoang/mocks_gal_xyz/CATALPTCICz0.466G960S2075331049.VETO_ANG.dat
Number of records: 5555759

Duplicating boundaries for periodic condition
Number of records: 6703142

Building Delaunay Triangulation.
Number of vertices: 6703142
Number of cells: 44664975

Writing to file /home/epfl/dforero/scratch/projects/baosystematics/patchy_results/box1/real/vetoang/mocks_void_xyz/CATALPTCICz0.466G960S2075331049.VETO_ANG.VOID.dat
Writing voids with radius in (-10,1009).
Finished successfully!
2500 -10 1009
Reading file: /home/epfl/dforero/scratch/projects/baosystematics/patchy_results/box1/real/vetoang/mocks_gal_xyz/CATALPTCICz0.466G960S2076269382.VETO_ANG.dat
Number of records: 5559725

Duplicating boundaries for periodic condition
Number of records: 6714161

Building Delaunay Triangulation.
Number of vertices: 6714161
Number of cells: 44739163

Writing to file /home/epfl/dforero/scratch/projects/baosystematics/patchy_results/box1/real/vetoang/mocks_void_xyz/CATALPTCICz0.466G960S2076269382.VETO_ANG.VOID.dat
Writing voids with radius in (-10,1009).
Finished successfully!
2500 -10 1009
Reading file: /home/epfl/dforero/scratch/projects/baosystematics/patchy_results/box1/real/vetoang/mocks_gal_xyz/CATALPTCICz0.466G960S2076406554.VETO_ANG.dat
Number of records: 5554496

Duplicating boundaries for periodic condition
Number of records: 6702171

Building Delaunay Triangulation.
Number of vertices: 6702171
Number of cells: 44657950

Writing to file /home/epfl/dforero/scratch/projects/baosystematics/patchy_results/box1/real/vetoang/mocks_void_xyz/CATALPTCICz0.466G960S2076406554.VETO_ANG.VOID.dat
Writing voids with radius in (-10,1009).
Finished successfully!
