2500 -10 1009
Reading file: /home/epfl/dforero/scratch/projects/baosystematics/patchy_results/box1/real/ang/mocks_gal_xyz/CATALPTCICz0.466G960S1866048529.ANG.dat
Number of records: 5898807

Duplicating boundaries for periodic condition
Number of records: 7143886

Building Delaunay Triangulation.
Number of vertices: 7143886
Number of cells: 47627329

Writing to file /home/epfl/dforero/scratch/projects/baosystematics/patchy_results/box1/real/ang/mocks_void_xyz/CATALPTCICz0.466G960S1866048529.ANG.VOID.dat
Writing voids with radius in (-10,1009).
Finished successfully!
2500 -10 1009
Reading file: /home/epfl/dforero/scratch/projects/baosystematics/patchy_results/box1/real/ang/mocks_gal_xyz/CATALPTCICz0.466G960S1866235956.ANG.dat
Number of records: 5897994

Duplicating boundaries for periodic condition
Number of records: 7132238

Building Delaunay Triangulation.
Number of vertices: 7132238
Number of cells: 47549627

Writing to file /home/epfl/dforero/scratch/projects/baosystematics/patchy_results/box1/real/ang/mocks_void_xyz/CATALPTCICz0.466G960S1866235956.ANG.VOID.dat
Writing voids with radius in (-10,1009).
Finished successfully!
2500 -10 1009
Reading file: /home/epfl/dforero/scratch/projects/baosystematics/patchy_results/box1/real/ang/mocks_gal_xyz/CATALPTCICz0.466G960S1866291603.ANG.dat
Number of records: 5899326

Duplicating boundaries for periodic condition
Number of records: 7142635

Building Delaunay Triangulation.
Number of vertices: 7142635
Number of cells: 47618828

Writing to file /home/epfl/dforero/scratch/projects/baosystematics/patchy_results/box1/real/ang/mocks_void_xyz/CATALPTCICz0.466G960S1866291603.ANG.VOID.dat
Writing voids with radius in (-10,1009).
Finished successfully!
2500 -10 1009
Reading file: /home/epfl/dforero/scratch/projects/baosystematics/patchy_results/box1/real/ang/mocks_gal_xyz/CATALPTCICz0.466G960S1868385901.ANG.dat
Number of records: 5898969

Duplicating boundaries for periodic condition
Number of records: 7141654

Building Delaunay Triangulation.
Number of vertices: 7141654
Number of cells: 47612118

Writing to file /home/epfl/dforero/scratch/projects/baosystematics/patchy_results/box1/real/ang/mocks_void_xyz/CATALPTCICz0.466G960S1868385901.ANG.VOID.dat
Writing voids with radius in (-10,1009).
Finished successfully!
2500 -10 1009
Reading file: /home/epfl/dforero/scratch/projects/baosystematics/patchy_results/box1/real/ang/mocks_gal_xyz/CATALPTCICz0.466G960S1871764010.ANG.dat
Number of records: 5894088

Duplicating boundaries for periodic condition
Number of records: 7141275

Building Delaunay Triangulation.
Number of vertices: 7141275
Number of cells: 47609435

Writing to file /home/epfl/dforero/scratch/projects/baosystematics/patchy_results/box1/real/ang/mocks_void_xyz/CATALPTCICz0.466G960S1871764010.ANG.VOID.dat
Writing voids with radius in (-10,1009).
Finished successfully!
2500 -10 1009
Reading file: /home/epfl/dforero/scratch/projects/baosystematics/patchy_results/box1/real/ang/mocks_gal_xyz/CATALPTCICz0.466G960S1876527057.ANG.dat
Number of records: 5899564

Duplicating boundaries for periodic condition
Number of records: 7139265

Building Delaunay Triangulation.
Number of vertices: 7139265
Number of cells: 47594676

Writing to file /home/epfl/dforero/scratch/projects/baosystematics/patchy_results/box1/real/ang/mocks_void_xyz/CATALPTCICz0.466G960S1876527057.ANG.VOID.dat
Writing voids with radius in (-10,1009).
Finished successfully!
2500 -10 1009
Reading file: /home/epfl/dforero/scratch/projects/baosystematics/patchy_results/box1/real/ang/mocks_gal_xyz/CATALPTCICz0.466G960S1878009263.ANG.dat
Number of records: 5899689

Duplicating boundaries for periodic condition
Number of records: 7139414

Building Delaunay Triangulation.
Number of vertices: 7139414
Number of cells: 47601110

Writing to file /home/epfl/dforero/scratch/projects/baosystematics/patchy_results/box1/real/ang/mocks_void_xyz/CATALPTCICz0.466G960S1878009263.ANG.VOID.dat
Writing voids with radius in (-10,1009).
Finished successfully!
2500 -10 1009
Reading file: /home/epfl/dforero/scratch/projects/baosystematics/patchy_results/box1/real/ang/mocks_gal_xyz/CATALPTCICz0.466G960S1879972977.ANG.dat
Number of records: 5894891

Duplicating boundaries for periodic condition
Number of records: 7128246

Building Delaunay Triangulation.
Number of vertices: 7128246
Number of cells: 47528012

Writing to file /home/epfl/dforero/scratch/projects/baosystematics/patchy_results/box1/real/ang/mocks_void_xyz/CATALPTCICz0.466G960S1879972977.ANG.VOID.dat
Writing voids with radius in (-10,1009).
Finished successfully!
2500 -10 1009
Reading file: /home/epfl/dforero/scratch/projects/baosystematics/patchy_results/box1/real/ang/mocks_gal_xyz/CATALPTCICz0.466G960S1885563258.ANG.dat
Number of records: 5899663

Duplicating boundaries for periodic condition
Number of records: 7138204

Building Delaunay Triangulation.
Number of vertices: 7138204
Number of cells: 47587742

Writing to file /home/epfl/dforero/scratch/projects/baosystematics/patchy_results/box1/real/ang/mocks_void_xyz/CATALPTCICz0.466G960S1885563258.ANG.VOID.dat
Writing voids with radius in (-10,1009).
Finished successfully!
2500 -10 1009
Reading file: /home/epfl/dforero/scratch/projects/baosystematics/patchy_results/box1/real/ang/mocks_gal_xyz/CATALPTCICz0.466G960S1886319023.ANG.dat
Number of records: 5899528

Duplicating boundaries for periodic condition
Number of records: 7138351

Building Delaunay Triangulation.
Number of vertices: 7138351
Number of cells: 47588701

Writing to file /home/epfl/dforero/scratch/projects/baosystematics/patchy_results/box1/real/ang/mocks_void_xyz/CATALPTCICz0.466G960S1886319023.ANG.VOID.dat
Writing voids with radius in (-10,1009).
Finished successfully!
