2500 -10 1009
Reading file: /home/epfl/dforero/scratch/projects/baosystematics/patchy_results/box1/real/ang/mocks_gal_xyz/CATALPTCICz0.466G960S1743787751.ANG.dat
Number of records: 5899189

Duplicating boundaries for periodic condition
Number of records: 7140441

Building Delaunay Triangulation.
Number of vertices: 7140441
Number of cells: 47606190

Writing to file /home/epfl/dforero/scratch/projects/baosystematics/patchy_results/box1/real/ang/mocks_void_xyz/CATALPTCICz0.466G960S1743787751.ANG.VOID.dat
Writing voids with radius in (-10,1009).
Finished successfully!
2500 -10 1009
Reading file: /home/epfl/dforero/scratch/projects/baosystematics/patchy_results/box1/real/ang/mocks_gal_xyz/CATALPTCICz0.466G960S1744549135.ANG.dat
Number of records: 5897236

Duplicating boundaries for periodic condition
Number of records: 7137339

Building Delaunay Triangulation.
Number of vertices: 7137339
Number of cells: 47583017

Writing to file /home/epfl/dforero/scratch/projects/baosystematics/patchy_results/box1/real/ang/mocks_void_xyz/CATALPTCICz0.466G960S1744549135.ANG.VOID.dat
Writing voids with radius in (-10,1009).
Finished successfully!
2500 -10 1009
Reading file: /home/epfl/dforero/scratch/projects/baosystematics/patchy_results/box1/real/ang/mocks_gal_xyz/CATALPTCICz0.466G960S1744581821.ANG.dat
Number of records: 5892273

Duplicating boundaries for periodic condition
Number of records: 7124237

Building Delaunay Triangulation.
Number of vertices: 7124237
Number of cells: 47496839

Writing to file /home/epfl/dforero/scratch/projects/baosystematics/patchy_results/box1/real/ang/mocks_void_xyz/CATALPTCICz0.466G960S1744581821.ANG.VOID.dat
Writing voids with radius in (-10,1009).
Finished successfully!
2500 -10 1009
Reading file: /home/epfl/dforero/scratch/projects/baosystematics/patchy_results/box1/real/ang/mocks_gal_xyz/CATALPTCICz0.466G960S1749262205.ANG.dat
Number of records: 5897003

Duplicating boundaries for periodic condition
Number of records: 7137556

Building Delaunay Triangulation.
Number of vertices: 7137556
Number of cells: 47588664

Writing to file /home/epfl/dforero/scratch/projects/baosystematics/patchy_results/box1/real/ang/mocks_void_xyz/CATALPTCICz0.466G960S1749262205.ANG.VOID.dat
Writing voids with radius in (-10,1009).
Finished successfully!
2500 -10 1009
Reading file: /home/epfl/dforero/scratch/projects/baosystematics/patchy_results/box1/real/ang/mocks_gal_xyz/CATALPTCICz0.466G960S1756130434.ANG.dat
Number of records: 5899712

Duplicating boundaries for periodic condition
Number of records: 7149852

Building Delaunay Triangulation.
Number of vertices: 7149852
Number of cells: 47671754

Writing to file /home/epfl/dforero/scratch/projects/baosystematics/patchy_results/box1/real/ang/mocks_void_xyz/CATALPTCICz0.466G960S1756130434.ANG.VOID.dat
Writing voids with radius in (-10,1009).
Finished successfully!
2500 -10 1009
Reading file: /home/epfl/dforero/scratch/projects/baosystematics/patchy_results/box1/real/ang/mocks_gal_xyz/CATALPTCICz0.466G960S1760383790.ANG.dat
Number of records: 5893265

Duplicating boundaries for periodic condition
Number of records: 7125959

Building Delaunay Triangulation.
Number of vertices: 7125959
Number of cells: 47501732

Writing to file /home/epfl/dforero/scratch/projects/baosystematics/patchy_results/box1/real/ang/mocks_void_xyz/CATALPTCICz0.466G960S1760383790.ANG.VOID.dat
Writing voids with radius in (-10,1009).
Finished successfully!
2500 -10 1009
Reading file: /home/epfl/dforero/scratch/projects/baosystematics/patchy_results/box1/real/ang/mocks_gal_xyz/CATALPTCICz0.466G960S1770366598.ANG.dat
Number of records: 5894141

Duplicating boundaries for periodic condition
Number of records: 7130752

Building Delaunay Triangulation.
Number of vertices: 7130752
Number of cells: 47543888

Writing to file /home/epfl/dforero/scratch/projects/baosystematics/patchy_results/box1/real/ang/mocks_void_xyz/CATALPTCICz0.466G960S1770366598.ANG.VOID.dat
Writing voids with radius in (-10,1009).
Finished successfully!
2500 -10 1009
Reading file: /home/epfl/dforero/scratch/projects/baosystematics/patchy_results/box1/real/ang/mocks_gal_xyz/CATALPTCICz0.466G960S1770670323.ANG.dat
Number of records: 5898846

Duplicating boundaries for periodic condition
Number of records: 7146322

Building Delaunay Triangulation.
Number of vertices: 7146322
Number of cells: 47642844

Writing to file /home/epfl/dforero/scratch/projects/baosystematics/patchy_results/box1/real/ang/mocks_void_xyz/CATALPTCICz0.466G960S1770670323.ANG.VOID.dat
Writing voids with radius in (-10,1009).
Finished successfully!
2500 -10 1009
Reading file: /home/epfl/dforero/scratch/projects/baosystematics/patchy_results/box1/real/ang/mocks_gal_xyz/CATALPTCICz0.466G960S1771711424.ANG.dat
Number of records: 5899392

Duplicating boundaries for periodic condition
Number of records: 7141351

Building Delaunay Triangulation.
Number of vertices: 7141351
Number of cells: 47610470

Writing to file /home/epfl/dforero/scratch/projects/baosystematics/patchy_results/box1/real/ang/mocks_void_xyz/CATALPTCICz0.466G960S1771711424.ANG.VOID.dat
Writing voids with radius in (-10,1009).
Finished successfully!
2500 -10 1009
Reading file: /home/epfl/dforero/scratch/projects/baosystematics/patchy_results/box1/real/ang/mocks_gal_xyz/CATALPTCICz0.466G960S1772675197.ANG.dat
Number of records: 5897513

Duplicating boundaries for periodic condition
Number of records: 7143941

Building Delaunay Triangulation.
Number of vertices: 7143941
Number of cells: 47623914

Writing to file /home/epfl/dforero/scratch/projects/baosystematics/patchy_results/box1/real/ang/mocks_void_xyz/CATALPTCICz0.466G960S1772675197.ANG.VOID.dat
Writing voids with radius in (-10,1009).
Finished successfully!
