2500 -10 1009
Reading file: /home/epfl/dforero/scratch/projects/baosystematics/patchy_results/box1/real/ang/mocks_gal_xyz/CATALPTCICz0.466G960S470062667.ANG.dat
Number of records: 5898147

Duplicating boundaries for periodic condition
Number of records: 7136071

Building Delaunay Triangulation.
Number of vertices: 7136071
Number of cells: 47577582

Writing to file /home/epfl/dforero/scratch/projects/baosystematics/patchy_results/box1/real/ang/mocks_void_xyz/CATALPTCICz0.466G960S470062667.ANG.VOID.dat
Writing voids with radius in (-10,1009).
Finished successfully!
2500 -10 1009
Reading file: /home/epfl/dforero/scratch/projects/baosystematics/patchy_results/box1/real/ang/mocks_gal_xyz/CATALPTCICz0.466G960S472036293.ANG.dat
Number of records: 5899016

Duplicating boundaries for periodic condition
Number of records: 7148253

Building Delaunay Triangulation.
Number of vertices: 7148253
Number of cells: 47660272

Writing to file /home/epfl/dforero/scratch/projects/baosystematics/patchy_results/box1/real/ang/mocks_void_xyz/CATALPTCICz0.466G960S472036293.ANG.VOID.dat
Writing voids with radius in (-10,1009).
Finished successfully!
2500 -10 1009
Reading file: /home/epfl/dforero/scratch/projects/baosystematics/patchy_results/box1/real/ang/mocks_gal_xyz/CATALPTCICz0.466G960S476029608.ANG.dat
Number of records: 5898961

Duplicating boundaries for periodic condition
Number of records: 7145138

Building Delaunay Triangulation.
Number of vertices: 7145138
Number of cells: 47629147

Writing to file /home/epfl/dforero/scratch/projects/baosystematics/patchy_results/box1/real/ang/mocks_void_xyz/CATALPTCICz0.466G960S476029608.ANG.VOID.dat
Writing voids with radius in (-10,1009).
Finished successfully!
2500 -10 1009
Reading file: /home/epfl/dforero/scratch/projects/baosystematics/patchy_results/box1/real/ang/mocks_gal_xyz/CATALPTCICz0.466G960S479471968.ANG.dat
Number of records: 5898107

Duplicating boundaries for periodic condition
Number of records: 7147409

Building Delaunay Triangulation.
Number of vertices: 7147409
Number of cells: 47648278

Writing to file /home/epfl/dforero/scratch/projects/baosystematics/patchy_results/box1/real/ang/mocks_void_xyz/CATALPTCICz0.466G960S479471968.ANG.VOID.dat
Writing voids with radius in (-10,1009).
Finished successfully!
2500 -10 1009
Reading file: /home/epfl/dforero/scratch/projects/baosystematics/patchy_results/box1/real/ang/mocks_gal_xyz/CATALPTCICz0.466G960S481721197.ANG.dat
Number of records: 5898805

Duplicating boundaries for periodic condition
Number of records: 7141394

Building Delaunay Triangulation.
Number of vertices: 7141394
Number of cells: 47612462

Writing to file /home/epfl/dforero/scratch/projects/baosystematics/patchy_results/box1/real/ang/mocks_void_xyz/CATALPTCICz0.466G960S481721197.ANG.VOID.dat
Writing voids with radius in (-10,1009).
Finished successfully!
2500 -10 1009
Reading file: /home/epfl/dforero/scratch/projects/baosystematics/patchy_results/box1/real/ang/mocks_gal_xyz/CATALPTCICz0.466G960S490973172.ANG.dat
Number of records: 5900379

Duplicating boundaries for periodic condition
Number of records: 7138360

Building Delaunay Triangulation.
Number of vertices: 7138360
Number of cells: 47587865

Writing to file /home/epfl/dforero/scratch/projects/baosystematics/patchy_results/box1/real/ang/mocks_void_xyz/CATALPTCICz0.466G960S490973172.ANG.VOID.dat
Writing voids with radius in (-10,1009).
Finished successfully!
2500 -10 1009
Reading file: /home/epfl/dforero/scratch/projects/baosystematics/patchy_results/box1/real/ang/mocks_gal_xyz/CATALPTCICz0.466G960S494614559.ANG.dat
Number of records: 5898620

Duplicating boundaries for periodic condition
Number of records: 7140740

Building Delaunay Triangulation.
Number of vertices: 7140740
Number of cells: 47605677

Writing to file /home/epfl/dforero/scratch/projects/baosystematics/patchy_results/box1/real/ang/mocks_void_xyz/CATALPTCICz0.466G960S494614559.ANG.VOID.dat
Writing voids with radius in (-10,1009).
Finished successfully!
2500 -10 1009
Reading file: /home/epfl/dforero/scratch/projects/baosystematics/patchy_results/box1/real/ang/mocks_gal_xyz/CATALPTCICz0.466G960S499786302.ANG.dat
Number of records: 5896112

Duplicating boundaries for periodic condition
Number of records: 7136924

Building Delaunay Triangulation.
Number of vertices: 7136924
Number of cells: 47576536

Writing to file /home/epfl/dforero/scratch/projects/baosystematics/patchy_results/box1/real/ang/mocks_void_xyz/CATALPTCICz0.466G960S499786302.ANG.VOID.dat
Writing voids with radius in (-10,1009).
Finished successfully!
2500 -10 1009
Reading file: /home/epfl/dforero/scratch/projects/baosystematics/patchy_results/box1/real/ang/mocks_gal_xyz/CATALPTCICz0.466G960S520371710.ANG.dat
Number of records: 5899226

Duplicating boundaries for periodic condition
Number of records: 7139362

Building Delaunay Triangulation.
Number of vertices: 7139362
Number of cells: 47594312

Writing to file /home/epfl/dforero/scratch/projects/baosystematics/patchy_results/box1/real/ang/mocks_void_xyz/CATALPTCICz0.466G960S520371710.ANG.VOID.dat
Writing voids with radius in (-10,1009).
Finished successfully!
2500 -10 1009
Reading file: /home/epfl/dforero/scratch/projects/baosystematics/patchy_results/box1/real/ang/mocks_gal_xyz/CATALPTCICz0.466G960S523419891.ANG.dat
Number of records: 5894780

Duplicating boundaries for periodic condition
Number of records: 7139486

Building Delaunay Triangulation.
Number of vertices: 7139486
Number of cells: 47596307

Writing to file /home/epfl/dforero/scratch/projects/baosystematics/patchy_results/box1/real/ang/mocks_void_xyz/CATALPTCICz0.466G960S523419891.ANG.VOID.dat
Writing voids with radius in (-10,1009).
Finished successfully!
