2500 -10 1009
Reading file: /home/epfl/dforero/scratch/projects/baosystematics/patchy_results/box1/real/vetoang/mocks_gal_xyz/CATALPTCICz0.466G960S399836114.VETO_ANG.dat
Number of records: 5557088

Duplicating boundaries for periodic condition
Number of records: 6717237

Building Delaunay Triangulation.
Number of vertices: 6717237
Number of cells: 44758159

Writing to file /home/epfl/dforero/scratch/projects/baosystematics/patchy_results/box1/real/vetoang/mocks_void_xyz/CATALPTCICz0.466G960S399836114.VETO_ANG.VOID.dat
Writing voids with radius in (-10,1009).
Finished successfully!
2500 -10 1009
Reading file: /home/epfl/dforero/scratch/projects/baosystematics/patchy_results/box1/real/vetoang/mocks_gal_xyz/CATALPTCICz0.466G960S400043087.VETO_ANG.dat
Number of records: 5555459

Duplicating boundaries for periodic condition
Number of records: 6701022

Building Delaunay Triangulation.
Number of vertices: 6701022
Number of cells: 44647071

Writing to file /home/epfl/dforero/scratch/projects/baosystematics/patchy_results/box1/real/vetoang/mocks_void_xyz/CATALPTCICz0.466G960S400043087.VETO_ANG.VOID.dat
Writing voids with radius in (-10,1009).
Finished successfully!
2500 -10 1009
Reading file: /home/epfl/dforero/scratch/projects/baosystematics/patchy_results/box1/real/vetoang/mocks_gal_xyz/CATALPTCICz0.466G960S401689436.VETO_ANG.dat
Number of records: 5558679

Duplicating boundaries for periodic condition
Number of records: 6706508

Building Delaunay Triangulation.
Number of vertices: 6706508
Number of cells: 44689604

Writing to file /home/epfl/dforero/scratch/projects/baosystematics/patchy_results/box1/real/vetoang/mocks_void_xyz/CATALPTCICz0.466G960S401689436.VETO_ANG.VOID.dat
Writing voids with radius in (-10,1009).
Finished successfully!
2500 -10 1009
Reading file: /home/epfl/dforero/scratch/projects/baosystematics/patchy_results/box1/real/vetoang/mocks_gal_xyz/CATALPTCICz0.466G960S405346017.VETO_ANG.dat
Number of records: 5559279

Duplicating boundaries for periodic condition
Number of records: 6703024

Building Delaunay Triangulation.
Number of vertices: 6703024
Number of cells: 44665930

Writing to file /home/epfl/dforero/scratch/projects/baosystematics/patchy_results/box1/real/vetoang/mocks_void_xyz/CATALPTCICz0.466G960S405346017.VETO_ANG.VOID.dat
Writing voids with radius in (-10,1009).
Finished successfully!
2500 -10 1009
Reading file: /home/epfl/dforero/scratch/projects/baosystematics/patchy_results/box1/real/vetoang/mocks_gal_xyz/CATALPTCICz0.466G960S406929492.VETO_ANG.dat
Number of records: 5554730

Duplicating boundaries for periodic condition
Number of records: 6709245

Building Delaunay Triangulation.
Number of vertices: 6709245
Number of cells: 44705067

Writing to file /home/epfl/dforero/scratch/projects/baosystematics/patchy_results/box1/real/vetoang/mocks_void_xyz/CATALPTCICz0.466G960S406929492.VETO_ANG.VOID.dat
Writing voids with radius in (-10,1009).
Finished successfully!
2500 -10 1009
Reading file: /home/epfl/dforero/scratch/projects/baosystematics/patchy_results/box1/real/vetoang/mocks_gal_xyz/CATALPTCICz0.466G960S407794711.VETO_ANG.dat
Number of records: 5558166

Duplicating boundaries for periodic condition
Number of records: 6705513

Building Delaunay Triangulation.
Number of vertices: 6705513
Number of cells: 44679392

Writing to file /home/epfl/dforero/scratch/projects/baosystematics/patchy_results/box1/real/vetoang/mocks_void_xyz/CATALPTCICz0.466G960S407794711.VETO_ANG.VOID.dat
Writing voids with radius in (-10,1009).
Finished successfully!
2500 -10 1009
Reading file: /home/epfl/dforero/scratch/projects/baosystematics/patchy_results/box1/real/vetoang/mocks_gal_xyz/CATALPTCICz0.466G960S408624275.VETO_ANG.dat
Number of records: 5558435

Duplicating boundaries for periodic condition
Number of records: 6706575

Building Delaunay Triangulation.
Number of vertices: 6706575
Number of cells: 44694790

Writing to file /home/epfl/dforero/scratch/projects/baosystematics/patchy_results/box1/real/vetoang/mocks_void_xyz/CATALPTCICz0.466G960S408624275.VETO_ANG.VOID.dat
Writing voids with radius in (-10,1009).
Finished successfully!
2500 -10 1009
Reading file: /home/epfl/dforero/scratch/projects/baosystematics/patchy_results/box1/real/vetoang/mocks_gal_xyz/CATALPTCICz0.466G960S40901864.VETO_ANG.dat
Number of records: 5558645

Duplicating boundaries for periodic condition
Number of records: 6709244

Building Delaunay Triangulation.
Number of vertices: 6709244
Number of cells: 44703434

Writing to file /home/epfl/dforero/scratch/projects/baosystematics/patchy_results/box1/real/vetoang/mocks_void_xyz/CATALPTCICz0.466G960S40901864.VETO_ANG.VOID.dat
Writing voids with radius in (-10,1009).
Finished successfully!
2500 -10 1009
Reading file: /home/epfl/dforero/scratch/projects/baosystematics/patchy_results/box1/real/vetoang/mocks_gal_xyz/CATALPTCICz0.466G960S415198084.VETO_ANG.dat
Number of records: 5562843

Duplicating boundaries for periodic condition
Number of records: 6720960

Building Delaunay Triangulation.
Number of vertices: 6720960
Number of cells: 44783622

Writing to file /home/epfl/dforero/scratch/projects/baosystematics/patchy_results/box1/real/vetoang/mocks_void_xyz/CATALPTCICz0.466G960S415198084.VETO_ANG.VOID.dat
Writing voids with radius in (-10,1009).
Finished successfully!
2500 -10 1009
Reading file: /home/epfl/dforero/scratch/projects/baosystematics/patchy_results/box1/real/vetoang/mocks_gal_xyz/CATALPTCICz0.466G960S41869182.VETO_ANG.dat
Number of records: 5559868

Duplicating boundaries for periodic condition
Number of records: 6709492

Building Delaunay Triangulation.
Number of vertices: 6709492
Number of cells: 44710451

Writing to file /home/epfl/dforero/scratch/projects/baosystematics/patchy_results/box1/real/vetoang/mocks_void_xyz/CATALPTCICz0.466G960S41869182.VETO_ANG.VOID.dat
Writing voids with radius in (-10,1009).
Finished successfully!
