2500 -10 1009
Reading file: /home/epfl/dforero/scratch/projects/baosystematics/patchy_results/box1/real/vetoang/mocks_gal_xyz/CATALPTCICz0.466G960S1174369739.VETO_ANG.dat
Number of records: 5556109

Duplicating boundaries for periodic condition
Number of records: 6706342

Building Delaunay Triangulation.
Number of vertices: 6706342
Number of cells: 44687367

Writing to file /home/epfl/dforero/scratch/projects/baosystematics/patchy_results/box1/real/vetoang/mocks_void_xyz/CATALPTCICz0.466G960S1174369739.VETO_ANG.VOID.dat
Writing voids with radius in (-10,1009).
Finished successfully!
2500 -10 1009
Reading file: /home/epfl/dforero/scratch/projects/baosystematics/patchy_results/box1/real/vetoang/mocks_gal_xyz/CATALPTCICz0.466G960S1181199745.VETO_ANG.dat
Number of records: 5561366

Duplicating boundaries for periodic condition
Number of records: 6708711

Building Delaunay Triangulation.
Number of vertices: 6708711
Number of cells: 44697894

Writing to file /home/epfl/dforero/scratch/projects/baosystematics/patchy_results/box1/real/vetoang/mocks_void_xyz/CATALPTCICz0.466G960S1181199745.VETO_ANG.VOID.dat
Writing voids with radius in (-10,1009).
Finished successfully!
2500 -10 1009
Reading file: /home/epfl/dforero/scratch/projects/baosystematics/patchy_results/box1/real/vetoang/mocks_gal_xyz/CATALPTCICz0.466G960S1185626690.VETO_ANG.dat
Number of records: 5558287

Duplicating boundaries for periodic condition
Number of records: 6707768

Building Delaunay Triangulation.
Number of vertices: 6707768
Number of cells: 44693388

Writing to file /home/epfl/dforero/scratch/projects/baosystematics/patchy_results/box1/real/vetoang/mocks_void_xyz/CATALPTCICz0.466G960S1185626690.VETO_ANG.VOID.dat
Writing voids with radius in (-10,1009).
Finished successfully!
2500 -10 1009
Reading file: /home/epfl/dforero/scratch/projects/baosystematics/patchy_results/box1/real/vetoang/mocks_gal_xyz/CATALPTCICz0.466G960S1186219234.VETO_ANG.dat
Number of records: 5559526

Duplicating boundaries for periodic condition
Number of records: 6708142

Building Delaunay Triangulation.
Number of vertices: 6708142
Number of cells: 44698943

Writing to file /home/epfl/dforero/scratch/projects/baosystematics/patchy_results/box1/real/vetoang/mocks_void_xyz/CATALPTCICz0.466G960S1186219234.VETO_ANG.VOID.dat
Writing voids with radius in (-10,1009).
Finished successfully!
2500 -10 1009
Reading file: /home/epfl/dforero/scratch/projects/baosystematics/patchy_results/box1/real/vetoang/mocks_gal_xyz/CATALPTCICz0.466G960S119474585.VETO_ANG.dat
Number of records: 5558023

Duplicating boundaries for periodic condition
Number of records: 6708954

Building Delaunay Triangulation.
Number of vertices: 6708954
Number of cells: 44704490

Writing to file /home/epfl/dforero/scratch/projects/baosystematics/patchy_results/box1/real/vetoang/mocks_void_xyz/CATALPTCICz0.466G960S119474585.VETO_ANG.VOID.dat
Writing voids with radius in (-10,1009).
Finished successfully!
2500 -10 1009
Reading file: /home/epfl/dforero/scratch/projects/baosystematics/patchy_results/box1/real/vetoang/mocks_gal_xyz/CATALPTCICz0.466G960S1195299096.VETO_ANG.dat
Number of records: 5559989

Duplicating boundaries for periodic condition
Number of records: 6698155

Building Delaunay Triangulation.
Number of vertices: 6698155
Number of cells: 44633274

Writing to file /home/epfl/dforero/scratch/projects/baosystematics/patchy_results/box1/real/vetoang/mocks_void_xyz/CATALPTCICz0.466G960S1195299096.VETO_ANG.VOID.dat
Writing voids with radius in (-10,1009).
Finished successfully!
2500 -10 1009
Reading file: /home/epfl/dforero/scratch/projects/baosystematics/patchy_results/box1/real/vetoang/mocks_gal_xyz/CATALPTCICz0.466G960S1199976579.VETO_ANG.dat
Number of records: 5559133

Duplicating boundaries for periodic condition
Number of records: 6703183

Building Delaunay Triangulation.
Number of vertices: 6703183
Number of cells: 44665525

Writing to file /home/epfl/dforero/scratch/projects/baosystematics/patchy_results/box1/real/vetoang/mocks_void_xyz/CATALPTCICz0.466G960S1199976579.VETO_ANG.VOID.dat
Writing voids with radius in (-10,1009).
Finished successfully!
2500 -10 1009
Reading file: /home/epfl/dforero/scratch/projects/baosystematics/patchy_results/box1/real/vetoang/mocks_gal_xyz/CATALPTCICz0.466G960S12038904.VETO_ANG.dat
Number of records: 5556753

Duplicating boundaries for periodic condition
Number of records: 6706148

Building Delaunay Triangulation.
Number of vertices: 6706148
Number of cells: 44685822

Writing to file /home/epfl/dforero/scratch/projects/baosystematics/patchy_results/box1/real/vetoang/mocks_void_xyz/CATALPTCICz0.466G960S12038904.VETO_ANG.VOID.dat
Writing voids with radius in (-10,1009).
Finished successfully!
2500 -10 1009
Reading file: /home/epfl/dforero/scratch/projects/baosystematics/patchy_results/box1/real/vetoang/mocks_gal_xyz/CATALPTCICz0.466G960S1204015223.VETO_ANG.dat
Number of records: 5560078

Duplicating boundaries for periodic condition
Number of records: 6711152

Building Delaunay Triangulation.
Number of vertices: 6711152
Number of cells: 44719454

Writing to file /home/epfl/dforero/scratch/projects/baosystematics/patchy_results/box1/real/vetoang/mocks_void_xyz/CATALPTCICz0.466G960S1204015223.VETO_ANG.VOID.dat
Writing voids with radius in (-10,1009).
Finished successfully!
2500 -10 1009
Reading file: /home/epfl/dforero/scratch/projects/baosystematics/patchy_results/box1/real/vetoang/mocks_gal_xyz/CATALPTCICz0.466G960S1207029981.VETO_ANG.dat
Number of records: 5561877

Duplicating boundaries for periodic condition
Number of records: 6717483

Building Delaunay Triangulation.
Number of vertices: 6717483
Number of cells: 44760195

Writing to file /home/epfl/dforero/scratch/projects/baosystematics/patchy_results/box1/real/vetoang/mocks_void_xyz/CATALPTCICz0.466G960S1207029981.VETO_ANG.VOID.dat
Writing voids with radius in (-10,1009).
Finished successfully!
