2500 -10 1009
Reading file: /home/epfl/dforero/scratch/projects/baosystematics/patchy_results/box1/real/veto/mocks_gal_xyz/CATALPTCICz0.466G960S569892358.VETO.dat
Number of records: 5859104

Duplicating boundaries for periodic condition
Number of records: 7034534

Building Delaunay Triangulation.
Number of vertices: 7034534
Number of cells: 46863070

Writing to file /home/epfl/dforero/scratch/projects/baosystematics/patchy_results/box1/real/veto/mocks_void_xyz/CATALPTCICz0.466G960S569892358.VETO.VOID.dat
Writing voids with radius in (-10,1009).
Finished successfully!
2500 -10 1009
Reading file: /home/epfl/dforero/scratch/projects/baosystematics/patchy_results/box1/real/veto/mocks_gal_xyz/CATALPTCICz0.466G960S596230622.VETO.dat
Number of records: 5850416

Duplicating boundaries for periodic condition
Number of records: 7018960

Building Delaunay Triangulation.
Number of vertices: 7018960
Number of cells: 46758250

Writing to file /home/epfl/dforero/scratch/projects/baosystematics/patchy_results/box1/real/veto/mocks_void_xyz/CATALPTCICz0.466G960S596230622.VETO.VOID.dat
Writing voids with radius in (-10,1009).
Finished successfully!
2500 -10 1009
Reading file: /home/epfl/dforero/scratch/projects/baosystematics/patchy_results/box1/real/veto/mocks_gal_xyz/CATALPTCICz0.466G960S599895384.VETO.dat
Number of records: 5859116

Duplicating boundaries for periodic condition
Number of records: 7037048

Building Delaunay Triangulation.
Number of vertices: 7037048
Number of cells: 46874237

Writing to file /home/epfl/dforero/scratch/projects/baosystematics/patchy_results/box1/real/veto/mocks_void_xyz/CATALPTCICz0.466G960S599895384.VETO.VOID.dat
Writing voids with radius in (-10,1009).
Finished successfully!
2500 -10 1009
Reading file: /home/epfl/dforero/scratch/projects/baosystematics/patchy_results/box1/real/veto/mocks_gal_xyz/CATALPTCICz0.466G960S600808782.VETO.dat
Number of records: 5851423

Duplicating boundaries for periodic condition
Number of records: 7026810

Building Delaunay Triangulation.
Number of vertices: 7026810
Number of cells: 46806357

Writing to file /home/epfl/dforero/scratch/projects/baosystematics/patchy_results/box1/real/veto/mocks_void_xyz/CATALPTCICz0.466G960S600808782.VETO.VOID.dat
Writing voids with radius in (-10,1009).
Finished successfully!
2500 -10 1009
Reading file: /home/epfl/dforero/scratch/projects/baosystematics/patchy_results/box1/real/veto/mocks_gal_xyz/CATALPTCICz0.466G960S601918842.VETO.dat
Number of records: 5860365

Duplicating boundaries for periodic condition
Number of records: 7046137

Building Delaunay Triangulation.
Number of vertices: 7046137
Number of cells: 46938771

Writing to file /home/epfl/dforero/scratch/projects/baosystematics/patchy_results/box1/real/veto/mocks_void_xyz/CATALPTCICz0.466G960S601918842.VETO.VOID.dat
Writing voids with radius in (-10,1009).
Finished successfully!
2500 -10 1009
Reading file: /home/epfl/dforero/scratch/projects/baosystematics/patchy_results/box1/real/veto/mocks_gal_xyz/CATALPTCICz0.466G960S604533144.VETO.dat
Number of records: 5854943

Duplicating boundaries for periodic condition
Number of records: 7024156

Building Delaunay Triangulation.
Number of vertices: 7024156
Number of cells: 46786070

Writing to file /home/epfl/dforero/scratch/projects/baosystematics/patchy_results/box1/real/veto/mocks_void_xyz/CATALPTCICz0.466G960S604533144.VETO.VOID.dat
Writing voids with radius in (-10,1009).
Finished successfully!
2500 -10 1009
Reading file: /home/epfl/dforero/scratch/projects/baosystematics/patchy_results/box1/real/veto/mocks_gal_xyz/CATALPTCICz0.466G960S606699789.VETO.dat
Number of records: 5853442

Duplicating boundaries for periodic condition
Number of records: 7022382

Building Delaunay Triangulation.
Number of vertices: 7022382
Number of cells: 46773513

Writing to file /home/epfl/dforero/scratch/projects/baosystematics/patchy_results/box1/real/veto/mocks_void_xyz/CATALPTCICz0.466G960S606699789.VETO.VOID.dat
Writing voids with radius in (-10,1009).
Finished successfully!
2500 -10 1009
Reading file: /home/epfl/dforero/scratch/projects/baosystematics/patchy_results/box1/real/veto/mocks_gal_xyz/CATALPTCICz0.466G960S609522891.VETO.dat
Number of records: 5854508

Duplicating boundaries for periodic condition
Number of records: 7039533

Building Delaunay Triangulation.
Number of vertices: 7039533
Number of cells: 46889790

Writing to file /home/epfl/dforero/scratch/projects/baosystematics/patchy_results/box1/real/veto/mocks_void_xyz/CATALPTCICz0.466G960S609522891.VETO.VOID.dat
Writing voids with radius in (-10,1009).
Finished successfully!
2500 -10 1009
Reading file: /home/epfl/dforero/scratch/projects/baosystematics/patchy_results/box1/real/veto/mocks_gal_xyz/CATALPTCICz0.466G960S619379967.VETO.dat
Number of records: 5857849

Duplicating boundaries for periodic condition
Number of records: 7032322

Building Delaunay Triangulation.
Number of vertices: 7032322
Number of cells: 46846976

Writing to file /home/epfl/dforero/scratch/projects/baosystematics/patchy_results/box1/real/veto/mocks_void_xyz/CATALPTCICz0.466G960S619379967.VETO.VOID.dat
Writing voids with radius in (-10,1009).
Finished successfully!
2500 -10 1009
Reading file: /home/epfl/dforero/scratch/projects/baosystematics/patchy_results/box1/real/veto/mocks_gal_xyz/CATALPTCICz0.466G960S627205227.VETO.dat
Number of records: 5854483

Duplicating boundaries for periodic condition
Number of records: 7027606

Building Delaunay Triangulation.
Number of vertices: 7027606
Number of cells: 46809506

Writing to file /home/epfl/dforero/scratch/projects/baosystematics/patchy_results/box1/real/veto/mocks_void_xyz/CATALPTCICz0.466G960S627205227.VETO.VOID.dat
Writing voids with radius in (-10,1009).
Finished successfully!
