2500 -10 1009
Reading file: /home/epfl/dforero/scratch/projects/baosystematics/patchy_results/box1/real/veto/mocks_gal_xyz/CATALPTCICz0.466G960S526205821.VETO.dat
Number of records: 5854468

Duplicating boundaries for periodic condition
Number of records: 7024498

Building Delaunay Triangulation.
Number of vertices: 7024497
Number of cells: 46795662

Writing to file /home/epfl/dforero/scratch/projects/baosystematics/patchy_results/box1/real/veto/mocks_void_xyz/CATALPTCICz0.466G960S526205821.VETO.VOID.dat
Writing voids with radius in (-10,1009).
Finished successfully!
2500 -10 1009
Reading file: /home/epfl/dforero/scratch/projects/baosystematics/patchy_results/box1/real/veto/mocks_gal_xyz/CATALPTCICz0.466G960S527868848.VETO.dat
Number of records: 5853541

Duplicating boundaries for periodic condition
Number of records: 7028376

Building Delaunay Triangulation.
Number of vertices: 7028376
Number of cells: 46814097

Writing to file /home/epfl/dforero/scratch/projects/baosystematics/patchy_results/box1/real/veto/mocks_void_xyz/CATALPTCICz0.466G960S527868848.VETO.VOID.dat
Writing voids with radius in (-10,1009).
Finished successfully!
2500 -10 1009
Reading file: /home/epfl/dforero/scratch/projects/baosystematics/patchy_results/box1/real/veto/mocks_gal_xyz/CATALPTCICz0.466G960S532108636.VETO.dat
Number of records: 5855077

Duplicating boundaries for periodic condition
Number of records: 7027739

Building Delaunay Triangulation.
Number of vertices: 7027739
Number of cells: 46817430

Writing to file /home/epfl/dforero/scratch/projects/baosystematics/patchy_results/box1/real/veto/mocks_void_xyz/CATALPTCICz0.466G960S532108636.VETO.VOID.dat
Writing voids with radius in (-10,1009).
Finished successfully!
2500 -10 1009
Reading file: /home/epfl/dforero/scratch/projects/baosystematics/patchy_results/box1/real/veto/mocks_gal_xyz/CATALPTCICz0.466G960S539477718.VETO.dat
Number of records: 5860996

Duplicating boundaries for periodic condition
Number of records: 7033752

Building Delaunay Triangulation.
Number of vertices: 7033752
Number of cells: 46859691

Writing to file /home/epfl/dforero/scratch/projects/baosystematics/patchy_results/box1/real/veto/mocks_void_xyz/CATALPTCICz0.466G960S539477718.VETO.VOID.dat
Writing voids with radius in (-10,1009).
Finished successfully!
2500 -10 1009
Reading file: /home/epfl/dforero/scratch/projects/baosystematics/patchy_results/box1/real/veto/mocks_gal_xyz/CATALPTCICz0.466G960S542715479.VETO.dat
Number of records: 5856176

Duplicating boundaries for periodic condition
Number of records: 7032435

Building Delaunay Triangulation.
Number of vertices: 7032435
Number of cells: 46844232

Writing to file /home/epfl/dforero/scratch/projects/baosystematics/patchy_results/box1/real/veto/mocks_void_xyz/CATALPTCICz0.466G960S542715479.VETO.VOID.dat
Writing voids with radius in (-10,1009).
Finished successfully!
2500 -10 1009
Reading file: /home/epfl/dforero/scratch/projects/baosystematics/patchy_results/box1/real/veto/mocks_gal_xyz/CATALPTCICz0.466G960S551607063.VETO.dat
Number of records: 5857109

Duplicating boundaries for periodic condition
Number of records: 7022611

Building Delaunay Triangulation.
Number of vertices: 7022611
Number of cells: 46783077

Writing to file /home/epfl/dforero/scratch/projects/baosystematics/patchy_results/box1/real/veto/mocks_void_xyz/CATALPTCICz0.466G960S551607063.VETO.VOID.dat
Writing voids with radius in (-10,1009).
Finished successfully!
2500 -10 1009
Reading file: /home/epfl/dforero/scratch/projects/baosystematics/patchy_results/box1/real/veto/mocks_gal_xyz/CATALPTCICz0.466G960S553131619.VETO.dat
Number of records: 5855824

Duplicating boundaries for periodic condition
Number of records: 7028412

Building Delaunay Triangulation.
Number of vertices: 7028412
Number of cells: 46815015

Writing to file /home/epfl/dforero/scratch/projects/baosystematics/patchy_results/box1/real/veto/mocks_void_xyz/CATALPTCICz0.466G960S553131619.VETO.VOID.dat
Writing voids with radius in (-10,1009).
Finished successfully!
2500 -10 1009
Reading file: /home/epfl/dforero/scratch/projects/baosystematics/patchy_results/box1/real/veto/mocks_gal_xyz/CATALPTCICz0.466G960S559008860.VETO.dat
Number of records: 5858583

Duplicating boundaries for periodic condition
Number of records: 7031092

Building Delaunay Triangulation.
Number of vertices: 7031092
Number of cells: 46835323

Writing to file /home/epfl/dforero/scratch/projects/baosystematics/patchy_results/box1/real/veto/mocks_void_xyz/CATALPTCICz0.466G960S559008860.VETO.VOID.dat
Writing voids with radius in (-10,1009).
Finished successfully!
2500 -10 1009
Reading file: /home/epfl/dforero/scratch/projects/baosystematics/patchy_results/box1/real/veto/mocks_gal_xyz/CATALPTCICz0.466G960S559101366.VETO.dat
Number of records: 5856897

Duplicating boundaries for periodic condition
Number of records: 7023239

Building Delaunay Triangulation.
Number of vertices: 7023238
Number of cells: 46778122

Writing to file /home/epfl/dforero/scratch/projects/baosystematics/patchy_results/box1/real/veto/mocks_void_xyz/CATALPTCICz0.466G960S559101366.VETO.VOID.dat
Writing voids with radius in (-10,1009).
Finished successfully!
2500 -10 1009
Reading file: /home/epfl/dforero/scratch/projects/baosystematics/patchy_results/box1/real/veto/mocks_gal_xyz/CATALPTCICz0.466G960S559349656.VETO.dat
Number of records: 5858726

Duplicating boundaries for periodic condition
Number of records: 7030137

Building Delaunay Triangulation.
Number of vertices: 7030137
Number of cells: 46827592

Writing to file /home/epfl/dforero/scratch/projects/baosystematics/patchy_results/box1/real/veto/mocks_void_xyz/CATALPTCICz0.466G960S559349656.VETO.VOID.dat
Writing voids with radius in (-10,1009).
Finished successfully!
