2500 -10 1009
Reading file: /home/epfl/dforero/scratch/projects/baosystematics/patchy_results/box1/real/veto/mocks_gal_xyz/CATALPTCICz0.466G960S956484648.VETO.dat
Number of records: 5858383

Duplicating boundaries for periodic condition
Number of records: 7018806

Building Delaunay Triangulation.
Number of vertices: 7018806
Number of cells: 46749266

Writing to file /home/epfl/dforero/scratch/projects/baosystematics/patchy_results/box1/real/veto/mocks_void_xyz/CATALPTCICz0.466G960S956484648.VETO.VOID.dat
Writing voids with radius in (-10,1009).
Finished successfully!
2500 -10 1009
Reading file: /home/epfl/dforero/scratch/projects/baosystematics/patchy_results/box1/real/veto/mocks_gal_xyz/CATALPTCICz0.466G960S956889561.VETO.dat
Number of records: 5859055

Duplicating boundaries for periodic condition
Number of records: 7030073

Building Delaunay Triangulation.
Number of vertices: 7030073
Number of cells: 46825073

Writing to file /home/epfl/dforero/scratch/projects/baosystematics/patchy_results/box1/real/veto/mocks_void_xyz/CATALPTCICz0.466G960S956889561.VETO.VOID.dat
Writing voids with radius in (-10,1009).
Finished successfully!
2500 -10 1009
Reading file: /home/epfl/dforero/scratch/projects/baosystematics/patchy_results/box1/real/veto/mocks_gal_xyz/CATALPTCICz0.466G960S95786646.VETO.dat
Number of records: 5862030

Duplicating boundaries for periodic condition
Number of records: 7038536

Building Delaunay Triangulation.
Number of vertices: 7038536
Number of cells: 46886491

Writing to file /home/epfl/dforero/scratch/projects/baosystematics/patchy_results/box1/real/veto/mocks_void_xyz/CATALPTCICz0.466G960S95786646.VETO.VOID.dat
Writing voids with radius in (-10,1009).
Finished successfully!
2500 -10 1009
Reading file: /home/epfl/dforero/scratch/projects/baosystematics/patchy_results/box1/real/veto/mocks_gal_xyz/CATALPTCICz0.466G960S964595228.VETO.dat
Number of records: 5858134

Duplicating boundaries for periodic condition
Number of records: 7035352

Building Delaunay Triangulation.
Number of vertices: 7035352
Number of cells: 46862283

Writing to file /home/epfl/dforero/scratch/projects/baosystematics/patchy_results/box1/real/veto/mocks_void_xyz/CATALPTCICz0.466G960S964595228.VETO.VOID.dat
Writing voids with radius in (-10,1009).
Finished successfully!
2500 -10 1009
Reading file: /home/epfl/dforero/scratch/projects/baosystematics/patchy_results/box1/real/veto/mocks_gal_xyz/CATALPTCICz0.466G960S969261578.VETO.dat
Number of records: 5856849

Duplicating boundaries for periodic condition
Number of records: 7034462

Building Delaunay Triangulation.
Number of vertices: 7034462
Number of cells: 46861534

Writing to file /home/epfl/dforero/scratch/projects/baosystematics/patchy_results/box1/real/veto/mocks_void_xyz/CATALPTCICz0.466G960S969261578.VETO.VOID.dat
Writing voids with radius in (-10,1009).
Finished successfully!
2500 -10 1009
Reading file: /home/epfl/dforero/scratch/projects/baosystematics/patchy_results/box1/real/veto/mocks_gal_xyz/CATALPTCICz0.466G960S981480044.VETO.dat
Number of records: 5857956

Duplicating boundaries for periodic condition
Number of records: 7032555

Building Delaunay Triangulation.
Number of vertices: 7032555
Number of cells: 46847362

Writing to file /home/epfl/dforero/scratch/projects/baosystematics/patchy_results/box1/real/veto/mocks_void_xyz/CATALPTCICz0.466G960S981480044.VETO.VOID.dat
Writing voids with radius in (-10,1009).
Finished successfully!
2500 -10 1009
Reading file: /home/epfl/dforero/scratch/projects/baosystematics/patchy_results/box1/real/veto/mocks_gal_xyz/CATALPTCICz0.466G960S98241535.VETO.dat
Number of records: 5855660

Duplicating boundaries for periodic condition
Number of records: 7034231

Building Delaunay Triangulation.
Number of vertices: 7034231
Number of cells: 46855025

Writing to file /home/epfl/dforero/scratch/projects/baosystematics/patchy_results/box1/real/veto/mocks_void_xyz/CATALPTCICz0.466G960S98241535.VETO.VOID.dat
Writing voids with radius in (-10,1009).
Finished successfully!
2500 -10 1009
Reading file: /home/epfl/dforero/scratch/projects/baosystematics/patchy_results/box1/real/veto/mocks_gal_xyz/CATALPTCICz0.466G960S98547386.VETO.dat
Number of records: 5860294

Duplicating boundaries for periodic condition
Number of records: 7033139

Building Delaunay Triangulation.
Number of vertices: 7033139
Number of cells: 46845550

Writing to file /home/epfl/dforero/scratch/projects/baosystematics/patchy_results/box1/real/veto/mocks_void_xyz/CATALPTCICz0.466G960S98547386.VETO.VOID.dat
Writing voids with radius in (-10,1009).
Finished successfully!
2500 -10 1009
Reading file: /home/epfl/dforero/scratch/projects/baosystematics/patchy_results/box1/real/veto/mocks_gal_xyz/CATALPTCICz0.466G960S993431144.VETO.dat
Number of records: 5856364

Duplicating boundaries for periodic condition
Number of records: 7024151

Building Delaunay Triangulation.
Number of vertices: 7024151
Number of cells: 46794758

Writing to file /home/epfl/dforero/scratch/projects/baosystematics/patchy_results/box1/real/veto/mocks_void_xyz/CATALPTCICz0.466G960S993431144.VETO.VOID.dat
Writing voids with radius in (-10,1009).
Finished successfully!
2500 -10 1009
Reading file: /home/epfl/dforero/scratch/projects/baosystematics/patchy_results/box1/real/veto/mocks_gal_xyz/CATALPTCICz0.466G960S996166056.VETO.dat
Number of records: 5851943

Duplicating boundaries for periodic condition
Number of records: 7032548

Building Delaunay Triangulation.
Number of vertices: 7032548
Number of cells: 46837696

Writing to file /home/epfl/dforero/scratch/projects/baosystematics/patchy_results/box1/real/veto/mocks_void_xyz/CATALPTCICz0.466G960S996166056.VETO.VOID.dat
Writing voids with radius in (-10,1009).
Finished successfully!
