2500 -10 1009
Reading file: /home/epfl/dforero/scratch/projects/baosystematics/patchy_results/box1/real/vetoang/mocks_gal_xyz/CATALPTCICz0.466G960S732899196.VETO_ANG.dat
Number of records: 5562590

Duplicating boundaries for periodic condition
Number of records: 6707339

Building Delaunay Triangulation.
Number of vertices: 6707339
Number of cells: 44690099

Writing to file /home/epfl/dforero/scratch/projects/baosystematics/patchy_results/box1/real/vetoang/mocks_void_xyz/CATALPTCICz0.466G960S732899196.VETO_ANG.VOID.dat
Writing voids with radius in (-10,1009).
Finished successfully!
2500 -10 1009
Reading file: /home/epfl/dforero/scratch/projects/baosystematics/patchy_results/box1/real/vetoang/mocks_gal_xyz/CATALPTCICz0.466G960S733050440.VETO_ANG.dat
Number of records: 5560563

Duplicating boundaries for periodic condition
Number of records: 6723205

Building Delaunay Triangulation.
Number of vertices: 6723205
Number of cells: 44799998

Writing to file /home/epfl/dforero/scratch/projects/baosystematics/patchy_results/box1/real/vetoang/mocks_void_xyz/CATALPTCICz0.466G960S733050440.VETO_ANG.VOID.dat
Writing voids with radius in (-10,1009).
Finished successfully!
2500 -10 1009
Reading file: /home/epfl/dforero/scratch/projects/baosystematics/patchy_results/box1/real/vetoang/mocks_gal_xyz/CATALPTCICz0.466G960S733458341.VETO_ANG.dat
Number of records: 5558334

Duplicating boundaries for periodic condition
Number of records: 6707577

Building Delaunay Triangulation.
Number of vertices: 6707577
Number of cells: 44693898

Writing to file /home/epfl/dforero/scratch/projects/baosystematics/patchy_results/box1/real/vetoang/mocks_void_xyz/CATALPTCICz0.466G960S733458341.VETO_ANG.VOID.dat
Writing voids with radius in (-10,1009).
Finished successfully!
2500 -10 1009
Reading file: /home/epfl/dforero/scratch/projects/baosystematics/patchy_results/box1/real/vetoang/mocks_gal_xyz/CATALPTCICz0.466G960S734516214.VETO_ANG.dat
Number of records: 5562057

Duplicating boundaries for periodic condition
Number of records: 6722265

Building Delaunay Triangulation.
Number of vertices: 6722265
Number of cells: 44789461

Writing to file /home/epfl/dforero/scratch/projects/baosystematics/patchy_results/box1/real/vetoang/mocks_void_xyz/CATALPTCICz0.466G960S734516214.VETO_ANG.VOID.dat
Writing voids with radius in (-10,1009).
Finished successfully!
2500 -10 1009
Reading file: /home/epfl/dforero/scratch/projects/baosystematics/patchy_results/box1/real/vetoang/mocks_gal_xyz/CATALPTCICz0.466G960S741053657.VETO_ANG.dat
Number of records: 5554721

Duplicating boundaries for periodic condition
Number of records: 6697368

Building Delaunay Triangulation.
Number of vertices: 6697368
Number of cells: 44625391

Writing to file /home/epfl/dforero/scratch/projects/baosystematics/patchy_results/box1/real/vetoang/mocks_void_xyz/CATALPTCICz0.466G960S741053657.VETO_ANG.VOID.dat
Writing voids with radius in (-10,1009).
Finished successfully!
2500 -10 1009
Reading file: /home/epfl/dforero/scratch/projects/baosystematics/patchy_results/box1/real/vetoang/mocks_gal_xyz/CATALPTCICz0.466G960S743708650.VETO_ANG.dat
Number of records: 5558761

Duplicating boundaries for periodic condition
Number of records: 6707917

Building Delaunay Triangulation.
Number of vertices: 6707917
Number of cells: 44703394

Writing to file /home/epfl/dforero/scratch/projects/baosystematics/patchy_results/box1/real/vetoang/mocks_void_xyz/CATALPTCICz0.466G960S743708650.VETO_ANG.VOID.dat
Writing voids with radius in (-10,1009).
Finished successfully!
2500 -10 1009
Reading file: /home/epfl/dforero/scratch/projects/baosystematics/patchy_results/box1/real/vetoang/mocks_gal_xyz/CATALPTCICz0.466G960S750716907.VETO_ANG.dat
Number of records: 5558741

Duplicating boundaries for periodic condition
Number of records: 6708860

Building Delaunay Triangulation.
Number of vertices: 6708860
Number of cells: 44698249

Writing to file /home/epfl/dforero/scratch/projects/baosystematics/patchy_results/box1/real/vetoang/mocks_void_xyz/CATALPTCICz0.466G960S750716907.VETO_ANG.VOID.dat
Writing voids with radius in (-10,1009).
Finished successfully!
2500 -10 1009
Reading file: /home/epfl/dforero/scratch/projects/baosystematics/patchy_results/box1/real/vetoang/mocks_gal_xyz/CATALPTCICz0.466G960S761797766.VETO_ANG.dat
Number of records: 5557537

Duplicating boundaries for periodic condition
Number of records: 6715272

Building Delaunay Triangulation.
Number of vertices: 6715272
Number of cells: 44746302

Writing to file /home/epfl/dforero/scratch/projects/baosystematics/patchy_results/box1/real/vetoang/mocks_void_xyz/CATALPTCICz0.466G960S761797766.VETO_ANG.VOID.dat
Writing voids with radius in (-10,1009).
Finished successfully!
2500 -10 1009
Reading file: /home/epfl/dforero/scratch/projects/baosystematics/patchy_results/box1/real/vetoang/mocks_gal_xyz/CATALPTCICz0.466G960S763638731.VETO_ANG.dat
Number of records: 5559994

Duplicating boundaries for periodic condition
Number of records: 6712190

Building Delaunay Triangulation.
Number of vertices: 6712190
Number of cells: 44723141

Writing to file /home/epfl/dforero/scratch/projects/baosystematics/patchy_results/box1/real/vetoang/mocks_void_xyz/CATALPTCICz0.466G960S763638731.VETO_ANG.VOID.dat
Writing voids with radius in (-10,1009).
Finished successfully!
2500 -10 1009
Reading file: /home/epfl/dforero/scratch/projects/baosystematics/patchy_results/box1/real/vetoang/mocks_gal_xyz/CATALPTCICz0.466G960S773605341.VETO_ANG.dat
Number of records: 5559012

Duplicating boundaries for periodic condition
Number of records: 6704904

Building Delaunay Triangulation.
Number of vertices: 6704904
Number of cells: 44673504

Writing to file /home/epfl/dforero/scratch/projects/baosystematics/patchy_results/box1/real/vetoang/mocks_void_xyz/CATALPTCICz0.466G960S773605341.VETO_ANG.VOID.dat
Writing voids with radius in (-10,1009).
Finished successfully!
