2500 -10 1009
Reading file: /home/epfl/dforero/scratch/projects/baosystematics/patchy_results/box1/real/ang/mocks_gal_xyz/CATALPTCICz0.466G960S1782425948.ANG.dat
Number of records: 5898100

Duplicating boundaries for periodic condition
Number of records: 7140079

Building Delaunay Triangulation.
Number of vertices: 7140079
Number of cells: 47604995

Writing to file /home/epfl/dforero/scratch/projects/baosystematics/patchy_results/box1/real/ang/mocks_void_xyz/CATALPTCICz0.466G960S1782425948.ANG.VOID.dat
Writing voids with radius in (-10,1009).
Finished successfully!
2500 -10 1009
Reading file: /home/epfl/dforero/scratch/projects/baosystematics/patchy_results/box1/real/ang/mocks_gal_xyz/CATALPTCICz0.466G960S1785443117.ANG.dat
Number of records: 5897423

Duplicating boundaries for periodic condition
Number of records: 7139351

Building Delaunay Triangulation.
Number of vertices: 7139351
Number of cells: 47592903

Writing to file /home/epfl/dforero/scratch/projects/baosystematics/patchy_results/box1/real/ang/mocks_void_xyz/CATALPTCICz0.466G960S1785443117.ANG.VOID.dat
Writing voids with radius in (-10,1009).
Finished successfully!
2500 -10 1009
Reading file: /home/epfl/dforero/scratch/projects/baosystematics/patchy_results/box1/real/ang/mocks_gal_xyz/CATALPTCICz0.466G960S1788807700.ANG.dat
Number of records: 5899152

Duplicating boundaries for periodic condition
Number of records: 7142368

Building Delaunay Triangulation.
Number of vertices: 7142368
Number of cells: 47611771

Writing to file /home/epfl/dforero/scratch/projects/baosystematics/patchy_results/box1/real/ang/mocks_void_xyz/CATALPTCICz0.466G960S1788807700.ANG.VOID.dat
Writing voids with radius in (-10,1009).
Finished successfully!
2500 -10 1009
Reading file: /home/epfl/dforero/scratch/projects/baosystematics/patchy_results/box1/real/ang/mocks_gal_xyz/CATALPTCICz0.466G960S1790390939.ANG.dat
Number of records: 5894978

Duplicating boundaries for periodic condition
Number of records: 7131889

Building Delaunay Triangulation.
Number of vertices: 7131889
Number of cells: 47548672

Writing to file /home/epfl/dforero/scratch/projects/baosystematics/patchy_results/box1/real/ang/mocks_void_xyz/CATALPTCICz0.466G960S1790390939.ANG.VOID.dat
Writing voids with radius in (-10,1009).
Finished successfully!
2500 -10 1009
Reading file: /home/epfl/dforero/scratch/projects/baosystematics/patchy_results/box1/real/ang/mocks_gal_xyz/CATALPTCICz0.466G960S1791254840.ANG.dat
Number of records: 5898226

Duplicating boundaries for periodic condition
Number of records: 7145142

Building Delaunay Triangulation.
Number of vertices: 7145142
Number of cells: 47628984

Writing to file /home/epfl/dforero/scratch/projects/baosystematics/patchy_results/box1/real/ang/mocks_void_xyz/CATALPTCICz0.466G960S1791254840.ANG.VOID.dat
Writing voids with radius in (-10,1009).
Finished successfully!
2500 -10 1009
Reading file: /home/epfl/dforero/scratch/projects/baosystematics/patchy_results/box1/real/ang/mocks_gal_xyz/CATALPTCICz0.466G960S1800222736.ANG.dat
Number of records: 5898452

Duplicating boundaries for periodic condition
Number of records: 7149995

Building Delaunay Triangulation.
Number of vertices: 7149995
Number of cells: 47663046

Writing to file /home/epfl/dforero/scratch/projects/baosystematics/patchy_results/box1/real/ang/mocks_void_xyz/CATALPTCICz0.466G960S1800222736.ANG.VOID.dat
Writing voids with radius in (-10,1009).
Finished successfully!
2500 -10 1009
Reading file: /home/epfl/dforero/scratch/projects/baosystematics/patchy_results/box1/real/ang/mocks_gal_xyz/CATALPTCICz0.466G960S1802824187.ANG.dat
Number of records: 5899983

Duplicating boundaries for periodic condition
Number of records: 7137289

Building Delaunay Triangulation.
Number of vertices: 7137289
Number of cells: 47581506

Writing to file /home/epfl/dforero/scratch/projects/baosystematics/patchy_results/box1/real/ang/mocks_void_xyz/CATALPTCICz0.466G960S1802824187.ANG.VOID.dat
Writing voids with radius in (-10,1009).
Finished successfully!
2500 -10 1009
Reading file: /home/epfl/dforero/scratch/projects/baosystematics/patchy_results/box1/real/ang/mocks_gal_xyz/CATALPTCICz0.466G960S1809776849.ANG.dat
Number of records: 5897797

Duplicating boundaries for periodic condition
Number of records: 7135272

Building Delaunay Triangulation.
Number of vertices: 7135272
Number of cells: 47560773

Writing to file /home/epfl/dforero/scratch/projects/baosystematics/patchy_results/box1/real/ang/mocks_void_xyz/CATALPTCICz0.466G960S1809776849.ANG.VOID.dat
Writing voids with radius in (-10,1009).
Finished successfully!
2500 -10 1009
Reading file: /home/epfl/dforero/scratch/projects/baosystematics/patchy_results/box1/real/ang/mocks_gal_xyz/CATALPTCICz0.466G960S1810085583.ANG.dat
Number of records: 5898211

Duplicating boundaries for periodic condition
Number of records: 7135325

Building Delaunay Triangulation.
Number of vertices: 7135325
Number of cells: 47567249

Writing to file /home/epfl/dforero/scratch/projects/baosystematics/patchy_results/box1/real/ang/mocks_void_xyz/CATALPTCICz0.466G960S1810085583.ANG.VOID.dat
Writing voids with radius in (-10,1009).
Finished successfully!
2500 -10 1009
Reading file: /home/epfl/dforero/scratch/projects/baosystematics/patchy_results/box1/real/ang/mocks_gal_xyz/CATALPTCICz0.466G960S1812604238.ANG.dat
Number of records: 5895324

Duplicating boundaries for periodic condition
Number of records: 7133826

Building Delaunay Triangulation.
Number of vertices: 7133826
Number of cells: 47562666

Writing to file /home/epfl/dforero/scratch/projects/baosystematics/patchy_results/box1/real/ang/mocks_void_xyz/CATALPTCICz0.466G960S1812604238.ANG.VOID.dat
Writing voids with radius in (-10,1009).
Finished successfully!
