2500 -10 1009
Reading file: /home/epfl/dforero/scratch/projects/baosystematics/patchy_results/box1/real/ang/mocks_gal_xyz/CATALPTCICz0.466G960S931837676.ANG.dat
Number of records: 5898269

Duplicating boundaries for periodic condition
Number of records: 7142364

Building Delaunay Triangulation.
Number of vertices: 7142364
Number of cells: 47616197

Writing to file /home/epfl/dforero/scratch/projects/baosystematics/patchy_results/box1/real/ang/mocks_void_xyz/CATALPTCICz0.466G960S931837676.ANG.VOID.dat
Writing voids with radius in (-10,1009).
Finished successfully!
2500 -10 1009
Reading file: /home/epfl/dforero/scratch/projects/baosystematics/patchy_results/box1/real/ang/mocks_gal_xyz/CATALPTCICz0.466G960S932326958.ANG.dat
Number of records: 5900266

Duplicating boundaries for periodic condition
Number of records: 7143967

Building Delaunay Triangulation.
Number of vertices: 7143967
Number of cells: 47625580

Writing to file /home/epfl/dforero/scratch/projects/baosystematics/patchy_results/box1/real/ang/mocks_void_xyz/CATALPTCICz0.466G960S932326958.ANG.VOID.dat
Writing voids with radius in (-10,1009).
Finished successfully!
2500 -10 1009
Reading file: /home/epfl/dforero/scratch/projects/baosystematics/patchy_results/box1/real/ang/mocks_gal_xyz/CATALPTCICz0.466G960S935344129.ANG.dat
Number of records: 5900720

Duplicating boundaries for periodic condition
Number of records: 7139570

Building Delaunay Triangulation.
Number of vertices: 7139570
Number of cells: 47597135

Writing to file /home/epfl/dforero/scratch/projects/baosystematics/patchy_results/box1/real/ang/mocks_void_xyz/CATALPTCICz0.466G960S935344129.ANG.VOID.dat
Writing voids with radius in (-10,1009).
Finished successfully!
2500 -10 1009
Reading file: /home/epfl/dforero/scratch/projects/baosystematics/patchy_results/box1/real/ang/mocks_gal_xyz/CATALPTCICz0.466G960S938312801.ANG.dat
Number of records: 5896895

Duplicating boundaries for periodic condition
Number of records: 7126803

Building Delaunay Triangulation.
Number of vertices: 7126803
Number of cells: 47511137

Writing to file /home/epfl/dforero/scratch/projects/baosystematics/patchy_results/box1/real/ang/mocks_void_xyz/CATALPTCICz0.466G960S938312801.ANG.VOID.dat
Writing voids with radius in (-10,1009).
Finished successfully!
2500 -10 1009
Reading file: /home/epfl/dforero/scratch/projects/baosystematics/patchy_results/box1/real/ang/mocks_gal_xyz/CATALPTCICz0.466G960S938529308.ANG.dat
Number of records: 5898950

Duplicating boundaries for periodic condition
Number of records: 7146587

Building Delaunay Triangulation.
Number of vertices: 7146587
Number of cells: 47648186

Writing to file /home/epfl/dforero/scratch/projects/baosystematics/patchy_results/box1/real/ang/mocks_void_xyz/CATALPTCICz0.466G960S938529308.ANG.VOID.dat
Writing voids with radius in (-10,1009).
Finished successfully!
2500 -10 1009
Reading file: /home/epfl/dforero/scratch/projects/baosystematics/patchy_results/box1/real/ang/mocks_gal_xyz/CATALPTCICz0.466G960S943243328.ANG.dat
Number of records: 5899551

Duplicating boundaries for periodic condition
Number of records: 7144082

Building Delaunay Triangulation.
Number of vertices: 7144082
Number of cells: 47625793

Writing to file /home/epfl/dforero/scratch/projects/baosystematics/patchy_results/box1/real/ang/mocks_void_xyz/CATALPTCICz0.466G960S943243328.ANG.VOID.dat
Writing voids with radius in (-10,1009).
Finished successfully!
2500 -10 1009
Reading file: /home/epfl/dforero/scratch/projects/baosystematics/patchy_results/box1/real/ang/mocks_gal_xyz/CATALPTCICz0.466G960S952021396.ANG.dat
Number of records: 5895477

Duplicating boundaries for periodic condition
Number of records: 7130924

Building Delaunay Triangulation.
Number of vertices: 7130924
Number of cells: 47540054

Writing to file /home/epfl/dforero/scratch/projects/baosystematics/patchy_results/box1/real/ang/mocks_void_xyz/CATALPTCICz0.466G960S952021396.ANG.VOID.dat
Writing voids with radius in (-10,1009).
Finished successfully!
2500 -10 1009
Reading file: /home/epfl/dforero/scratch/projects/baosystematics/patchy_results/box1/real/ang/mocks_gal_xyz/CATALPTCICz0.466G960S952059125.ANG.dat
Number of records: 5898896

Duplicating boundaries for periodic condition
Number of records: 7142920

Building Delaunay Triangulation.
Number of vertices: 7142920
Number of cells: 47617387

Writing to file /home/epfl/dforero/scratch/projects/baosystematics/patchy_results/box1/real/ang/mocks_void_xyz/CATALPTCICz0.466G960S952059125.ANG.VOID.dat
Writing voids with radius in (-10,1009).
Finished successfully!
2500 -10 1009
Reading file: /home/epfl/dforero/scratch/projects/baosystematics/patchy_results/box1/real/ang/mocks_gal_xyz/CATALPTCICz0.466G960S955456861.ANG.dat
Number of records: 5897437

Duplicating boundaries for periodic condition
Number of records: 7140826

Building Delaunay Triangulation.
Number of vertices: 7140826
Number of cells: 47607581

Writing to file /home/epfl/dforero/scratch/projects/baosystematics/patchy_results/box1/real/ang/mocks_void_xyz/CATALPTCICz0.466G960S955456861.ANG.VOID.dat
Writing voids with radius in (-10,1009).
Finished successfully!
2500 -10 1009
Reading file: /home/epfl/dforero/scratch/projects/baosystematics/patchy_results/box1/real/ang/mocks_gal_xyz/CATALPTCICz0.466G960S956291290.ANG.dat
Number of records: 5899006

Duplicating boundaries for periodic condition
Number of records: 7146976

Building Delaunay Triangulation.
Number of vertices: 7146976
Number of cells: 47643804

Writing to file /home/epfl/dforero/scratch/projects/baosystematics/patchy_results/box1/real/ang/mocks_void_xyz/CATALPTCICz0.466G960S956291290.ANG.VOID.dat
Writing voids with radius in (-10,1009).
Finished successfully!
