2500 -10 1009
Reading file: /home/epfl/dforero/scratch/projects/baosystematics/patchy_results/box1/real/ang/mocks_gal_xyz/CATALPTCICz0.466G960S630955758.ANG.dat
Number of records: 5897266

Duplicating boundaries for periodic condition
Number of records: 7128166

Building Delaunay Triangulation.
Number of vertices: 7128166
Number of cells: 47517330

Writing to file /home/epfl/dforero/scratch/projects/baosystematics/patchy_results/box1/real/ang/mocks_void_xyz/CATALPTCICz0.466G960S630955758.ANG.VOID.dat
Writing voids with radius in (-10,1009).
Finished successfully!
2500 -10 1009
Reading file: /home/epfl/dforero/scratch/projects/baosystematics/patchy_results/box1/real/ang/mocks_gal_xyz/CATALPTCICz0.466G960S63105779.ANG.dat
Number of records: 5896072

Duplicating boundaries for periodic condition
Number of records: 7137051

Building Delaunay Triangulation.
Number of vertices: 7137051
Number of cells: 47576359

Writing to file /home/epfl/dforero/scratch/projects/baosystematics/patchy_results/box1/real/ang/mocks_void_xyz/CATALPTCICz0.466G960S63105779.ANG.VOID.dat
Writing voids with radius in (-10,1009).
Finished successfully!
2500 -10 1009
Reading file: /home/epfl/dforero/scratch/projects/baosystematics/patchy_results/box1/real/ang/mocks_gal_xyz/CATALPTCICz0.466G960S63250028.ANG.dat
Number of records: 5898909

Duplicating boundaries for periodic condition
Number of records: 7136701

Building Delaunay Triangulation.
Number of vertices: 7136701
Number of cells: 47577593

Writing to file /home/epfl/dforero/scratch/projects/baosystematics/patchy_results/box1/real/ang/mocks_void_xyz/CATALPTCICz0.466G960S63250028.ANG.VOID.dat
Writing voids with radius in (-10,1009).
Finished successfully!
2500 -10 1009
Reading file: /home/epfl/dforero/scratch/projects/baosystematics/patchy_results/box1/real/ang/mocks_gal_xyz/CATALPTCICz0.466G960S637675363.ANG.dat
Number of records: 5899473

Duplicating boundaries for periodic condition
Number of records: 7136583

Building Delaunay Triangulation.
Number of vertices: 7136583
Number of cells: 47575033

Writing to file /home/epfl/dforero/scratch/projects/baosystematics/patchy_results/box1/real/ang/mocks_void_xyz/CATALPTCICz0.466G960S637675363.ANG.VOID.dat
Writing voids with radius in (-10,1009).
Finished successfully!
2500 -10 1009
Reading file: /home/epfl/dforero/scratch/projects/baosystematics/patchy_results/box1/real/ang/mocks_gal_xyz/CATALPTCICz0.466G960S639755849.ANG.dat
Number of records: 5895813

Duplicating boundaries for periodic condition
Number of records: 7135080

Building Delaunay Triangulation.
Number of vertices: 7135080
Number of cells: 47572884

Writing to file /home/epfl/dforero/scratch/projects/baosystematics/patchy_results/box1/real/ang/mocks_void_xyz/CATALPTCICz0.466G960S639755849.ANG.VOID.dat
Writing voids with radius in (-10,1009).
Finished successfully!
2500 -10 1009
Reading file: /home/epfl/dforero/scratch/projects/baosystematics/patchy_results/box1/real/ang/mocks_gal_xyz/CATALPTCICz0.466G960S641747930.ANG.dat
Number of records: 5891746

Duplicating boundaries for periodic condition
Number of records: 7128824

Building Delaunay Triangulation.
Number of vertices: 7128824
Number of cells: 47521808

Writing to file /home/epfl/dforero/scratch/projects/baosystematics/patchy_results/box1/real/ang/mocks_void_xyz/CATALPTCICz0.466G960S641747930.ANG.VOID.dat
Writing voids with radius in (-10,1009).
Finished successfully!
2500 -10 1009
Reading file: /home/epfl/dforero/scratch/projects/baosystematics/patchy_results/box1/real/ang/mocks_gal_xyz/CATALPTCICz0.466G960S644251819.ANG.dat
Number of records: 5894472

Duplicating boundaries for periodic condition
Number of records: 7139891

Building Delaunay Triangulation.
Number of vertices: 7139891
Number of cells: 47604231

Writing to file /home/epfl/dforero/scratch/projects/baosystematics/patchy_results/box1/real/ang/mocks_void_xyz/CATALPTCICz0.466G960S644251819.ANG.VOID.dat
Writing voids with radius in (-10,1009).
Finished successfully!
2500 -10 1009
Reading file: /home/epfl/dforero/scratch/projects/baosystematics/patchy_results/box1/real/ang/mocks_gal_xyz/CATALPTCICz0.466G960S651809965.ANG.dat
Number of records: 5900016

Duplicating boundaries for periodic condition
Number of records: 7137594

Building Delaunay Triangulation.
Number of vertices: 7137594
Number of cells: 47582845

Writing to file /home/epfl/dforero/scratch/projects/baosystematics/patchy_results/box1/real/ang/mocks_void_xyz/CATALPTCICz0.466G960S651809965.ANG.VOID.dat
Writing voids with radius in (-10,1009).
Finished successfully!
2500 -10 1009
Reading file: /home/epfl/dforero/scratch/projects/baosystematics/patchy_results/box1/real/ang/mocks_gal_xyz/CATALPTCICz0.466G960S653315835.ANG.dat
Number of records: 5899740

Duplicating boundaries for periodic condition
Number of records: 7146409

Building Delaunay Triangulation.
Number of vertices: 7146409
Number of cells: 47644844

Writing to file /home/epfl/dforero/scratch/projects/baosystematics/patchy_results/box1/real/ang/mocks_void_xyz/CATALPTCICz0.466G960S653315835.ANG.VOID.dat
Writing voids with radius in (-10,1009).
Finished successfully!
2500 -10 1009
Reading file: /home/epfl/dforero/scratch/projects/baosystematics/patchy_results/box1/real/ang/mocks_gal_xyz/CATALPTCICz0.466G960S661219564.ANG.dat
Number of records: 5898891

Duplicating boundaries for periodic condition
Number of records: 7129158

Building Delaunay Triangulation.
Number of vertices: 7129158
Number of cells: 47522228

Writing to file /home/epfl/dforero/scratch/projects/baosystematics/patchy_results/box1/real/ang/mocks_void_xyz/CATALPTCICz0.466G960S661219564.ANG.VOID.dat
Writing voids with radius in (-10,1009).
Finished successfully!
