2500 -10 1009
Reading file: /home/epfl/dforero/scratch/projects/baosystematics/patchy_results/box1/real/veto/mocks_gal_xyz/CATALPTCICz0.466G960S1743787751.VETO.dat
Number of records: 5858597

Duplicating boundaries for periodic condition
Number of records: 7033723

Building Delaunay Triangulation.
Number of vertices: 7033723
Number of cells: 46855137

Writing to file /home/epfl/dforero/scratch/projects/baosystematics/patchy_results/box1/real/veto/mocks_void_xyz/CATALPTCICz0.466G960S1743787751.VETO.VOID.dat
Writing voids with radius in (-10,1009).
Finished successfully!
2500 -10 1009
Reading file: /home/epfl/dforero/scratch/projects/baosystematics/patchy_results/box1/real/veto/mocks_gal_xyz/CATALPTCICz0.466G960S1744549135.VETO.dat
Number of records: 5851587

Duplicating boundaries for periodic condition
Number of records: 7024256

Building Delaunay Triangulation.
Number of vertices: 7024256
Number of cells: 46788339

Writing to file /home/epfl/dforero/scratch/projects/baosystematics/patchy_results/box1/real/veto/mocks_void_xyz/CATALPTCICz0.466G960S1744549135.VETO.VOID.dat
Writing voids with radius in (-10,1009).
Finished successfully!
2500 -10 1009
Reading file: /home/epfl/dforero/scratch/projects/baosystematics/patchy_results/box1/real/veto/mocks_gal_xyz/CATALPTCICz0.466G960S1744581821.VETO.dat
Number of records: 5856704

Duplicating boundaries for periodic condition
Number of records: 7021494

Building Delaunay Triangulation.
Number of vertices: 7021494
Number of cells: 46772475

Writing to file /home/epfl/dforero/scratch/projects/baosystematics/patchy_results/box1/real/veto/mocks_void_xyz/CATALPTCICz0.466G960S1744581821.VETO.VOID.dat
Writing voids with radius in (-10,1009).
Finished successfully!
2500 -10 1009
Reading file: /home/epfl/dforero/scratch/projects/baosystematics/patchy_results/box1/real/veto/mocks_gal_xyz/CATALPTCICz0.466G960S1749262205.VETO.dat
Number of records: 5857603

Duplicating boundaries for periodic condition
Number of records: 7031953

Building Delaunay Triangulation.
Number of vertices: 7031953
Number of cells: 46844769

Writing to file /home/epfl/dforero/scratch/projects/baosystematics/patchy_results/box1/real/veto/mocks_void_xyz/CATALPTCICz0.466G960S1749262205.VETO.VOID.dat
Writing voids with radius in (-10,1009).
Finished successfully!
2500 -10 1009
Reading file: /home/epfl/dforero/scratch/projects/baosystematics/patchy_results/box1/real/veto/mocks_gal_xyz/CATALPTCICz0.466G960S1756130434.VETO.dat
Number of records: 5858544

Duplicating boundaries for periodic condition
Number of records: 7042546

Building Delaunay Triangulation.
Number of vertices: 7042546
Number of cells: 46917801

Writing to file /home/epfl/dforero/scratch/projects/baosystematics/patchy_results/box1/real/veto/mocks_void_xyz/CATALPTCICz0.466G960S1756130434.VETO.VOID.dat
Writing voids with radius in (-10,1009).
Finished successfully!
2500 -10 1009
Reading file: /home/epfl/dforero/scratch/projects/baosystematics/patchy_results/box1/real/veto/mocks_gal_xyz/CATALPTCICz0.466G960S1760383790.VETO.dat
Number of records: 5848866

Duplicating boundaries for periodic condition
Number of records: 7013453

Building Delaunay Triangulation.
Number of vertices: 7013453
Number of cells: 46714085

Writing to file /home/epfl/dforero/scratch/projects/baosystematics/patchy_results/box1/real/veto/mocks_void_xyz/CATALPTCICz0.466G960S1760383790.VETO.VOID.dat
Writing voids with radius in (-10,1009).
Finished successfully!
2500 -10 1009
Reading file: /home/epfl/dforero/scratch/projects/baosystematics/patchy_results/box1/real/veto/mocks_gal_xyz/CATALPTCICz0.466G960S1770366598.VETO.dat
Number of records: 5846205

Duplicating boundaries for periodic condition
Number of records: 7014157

Building Delaunay Triangulation.
Number of vertices: 7014157
Number of cells: 46727817

Writing to file /home/epfl/dforero/scratch/projects/baosystematics/patchy_results/box1/real/veto/mocks_void_xyz/CATALPTCICz0.466G960S1770366598.VETO.VOID.dat
Writing voids with radius in (-10,1009).
Finished successfully!
2500 -10 1009
Reading file: /home/epfl/dforero/scratch/projects/baosystematics/patchy_results/box1/real/veto/mocks_gal_xyz/CATALPTCICz0.466G960S1770670323.VETO.dat
Number of records: 5855284

Duplicating boundaries for periodic condition
Number of records: 7034745

Building Delaunay Triangulation.
Number of vertices: 7034745
Number of cells: 46861017

Writing to file /home/epfl/dforero/scratch/projects/baosystematics/patchy_results/box1/real/veto/mocks_void_xyz/CATALPTCICz0.466G960S1770670323.VETO.VOID.dat
Writing voids with radius in (-10,1009).
Finished successfully!
2500 -10 1009
Reading file: /home/epfl/dforero/scratch/projects/baosystematics/patchy_results/box1/real/veto/mocks_gal_xyz/CATALPTCICz0.466G960S1771711424.VETO.dat
Number of records: 5858480

Duplicating boundaries for periodic condition
Number of records: 7035989

Building Delaunay Triangulation.
Number of vertices: 7035989
Number of cells: 46869662

Writing to file /home/epfl/dforero/scratch/projects/baosystematics/patchy_results/box1/real/veto/mocks_void_xyz/CATALPTCICz0.466G960S1771711424.VETO.VOID.dat
Writing voids with radius in (-10,1009).
Finished successfully!
2500 -10 1009
Reading file: /home/epfl/dforero/scratch/projects/baosystematics/patchy_results/box1/real/veto/mocks_gal_xyz/CATALPTCICz0.466G960S1772675197.VETO.dat
Number of records: 5856689

Duplicating boundaries for periodic condition
Number of records: 7034672

Building Delaunay Triangulation.
Number of vertices: 7034672
Number of cells: 46858084

Writing to file /home/epfl/dforero/scratch/projects/baosystematics/patchy_results/box1/real/veto/mocks_void_xyz/CATALPTCICz0.466G960S1772675197.VETO.VOID.dat
Writing voids with radius in (-10,1009).
Finished successfully!
