2500 -10 1009
Reading file: /home/epfl/dforero/scratch/projects/baosystematics/patchy_results/box1/real/veto/mocks_gal_xyz/CATALPTCICz0.466G960S128282312.VETO.dat
Number of records: 5856275

Duplicating boundaries for periodic condition
Number of records: 7031047

Building Delaunay Triangulation.
Number of vertices: 7031047
Number of cells: 46837189

Writing to file /home/epfl/dforero/scratch/projects/baosystematics/patchy_results/box1/real/veto/mocks_void_xyz/CATALPTCICz0.466G960S128282312.VETO.VOID.dat
Writing voids with radius in (-10,1009).
Finished successfully!
2500 -10 1009
Reading file: /home/epfl/dforero/scratch/projects/baosystematics/patchy_results/box1/real/veto/mocks_gal_xyz/CATALPTCICz0.466G960S1288612254.VETO.dat
Number of records: 5855437

Duplicating boundaries for periodic condition
Number of records: 7027180

Building Delaunay Triangulation.
Number of vertices: 7027180
Number of cells: 46813858

Writing to file /home/epfl/dforero/scratch/projects/baosystematics/patchy_results/box1/real/veto/mocks_void_xyz/CATALPTCICz0.466G960S1288612254.VETO.VOID.dat
Writing voids with radius in (-10,1009).
Finished successfully!
2500 -10 1009
Reading file: /home/epfl/dforero/scratch/projects/baosystematics/patchy_results/box1/real/veto/mocks_gal_xyz/CATALPTCICz0.466G960S1289209941.VETO.dat
Number of records: 5858529

Duplicating boundaries for periodic condition
Number of records: 7037411

Building Delaunay Triangulation.
Number of vertices: 7037411
Number of cells: 46878130

Writing to file /home/epfl/dforero/scratch/projects/baosystematics/patchy_results/box1/real/veto/mocks_void_xyz/CATALPTCICz0.466G960S1289209941.VETO.VOID.dat
Writing voids with radius in (-10,1009).
Finished successfully!
2500 -10 1009
Reading file: /home/epfl/dforero/scratch/projects/baosystematics/patchy_results/box1/real/veto/mocks_gal_xyz/CATALPTCICz0.466G960S129085296.VETO.dat
Number of records: 5856306

Duplicating boundaries for periodic condition
Number of records: 7029949

Building Delaunay Triangulation.
Number of vertices: 7029949
Number of cells: 46834300

Writing to file /home/epfl/dforero/scratch/projects/baosystematics/patchy_results/box1/real/veto/mocks_void_xyz/CATALPTCICz0.466G960S129085296.VETO.VOID.dat
Writing voids with radius in (-10,1009).
Finished successfully!
2500 -10 1009
Reading file: /home/epfl/dforero/scratch/projects/baosystematics/patchy_results/box1/real/veto/mocks_gal_xyz/CATALPTCICz0.466G960S1297059670.VETO.dat
Number of records: 5855191

Duplicating boundaries for periodic condition
Number of records: 7025157

Building Delaunay Triangulation.
Number of vertices: 7025157
Number of cells: 46790893

Writing to file /home/epfl/dforero/scratch/projects/baosystematics/patchy_results/box1/real/veto/mocks_void_xyz/CATALPTCICz0.466G960S1297059670.VETO.VOID.dat
Writing voids with radius in (-10,1009).
Finished successfully!
2500 -10 1009
Reading file: /home/epfl/dforero/scratch/projects/baosystematics/patchy_results/box1/real/veto/mocks_gal_xyz/CATALPTCICz0.466G960S1298116322.VETO.dat
Number of records: 5860361

Duplicating boundaries for periodic condition
Number of records: 7036337

Building Delaunay Triangulation.
Number of vertices: 7036337
Number of cells: 46872901

Writing to file /home/epfl/dforero/scratch/projects/baosystematics/patchy_results/box1/real/veto/mocks_void_xyz/CATALPTCICz0.466G960S1298116322.VETO.VOID.dat
Writing voids with radius in (-10,1009).
Finished successfully!
2500 -10 1009
Reading file: /home/epfl/dforero/scratch/projects/baosystematics/patchy_results/box1/real/veto/mocks_gal_xyz/CATALPTCICz0.466G960S1307519435.VETO.dat
Number of records: 5860570

Duplicating boundaries for periodic condition
Number of records: 7033666

Building Delaunay Triangulation.
Number of vertices: 7033666
Number of cells: 46852555

Writing to file /home/epfl/dforero/scratch/projects/baosystematics/patchy_results/box1/real/veto/mocks_void_xyz/CATALPTCICz0.466G960S1307519435.VETO.VOID.dat
Writing voids with radius in (-10,1009).
Finished successfully!
2500 -10 1009
Reading file: /home/epfl/dforero/scratch/projects/baosystematics/patchy_results/box1/real/veto/mocks_gal_xyz/CATALPTCICz0.466G960S1309204403.VETO.dat
Number of records: 5858375

Duplicating boundaries for periodic condition
Number of records: 7033496

Building Delaunay Triangulation.
Number of vertices: 7033496
Number of cells: 46855585

Writing to file /home/epfl/dforero/scratch/projects/baosystematics/patchy_results/box1/real/veto/mocks_void_xyz/CATALPTCICz0.466G960S1309204403.VETO.VOID.dat
Writing voids with radius in (-10,1009).
Finished successfully!
2500 -10 1009
Reading file: /home/epfl/dforero/scratch/projects/baosystematics/patchy_results/box1/real/veto/mocks_gal_xyz/CATALPTCICz0.466G960S1314091411.VETO.dat
Number of records: 5857398

Duplicating boundaries for periodic condition
Number of records: 7029828

Building Delaunay Triangulation.
Number of vertices: 7029828
Number of cells: 46837637

Writing to file /home/epfl/dforero/scratch/projects/baosystematics/patchy_results/box1/real/veto/mocks_void_xyz/CATALPTCICz0.466G960S1314091411.VETO.VOID.dat
Writing voids with radius in (-10,1009).
Finished successfully!
2500 -10 1009
Reading file: /home/epfl/dforero/scratch/projects/baosystematics/patchy_results/box1/real/veto/mocks_gal_xyz/CATALPTCICz0.466G960S131638539.VETO.dat
Number of records: 5854789

Duplicating boundaries for periodic condition
Number of records: 7032288

Building Delaunay Triangulation.
Number of vertices: 7032288
Number of cells: 46850625

Writing to file /home/epfl/dforero/scratch/projects/baosystematics/patchy_results/box1/real/veto/mocks_void_xyz/CATALPTCICz0.466G960S131638539.VETO.VOID.dat
Writing voids with radius in (-10,1009).
Finished successfully!
