2500 -10 1009
Reading file: /home/epfl/dforero/scratch/projects/baosystematics/patchy_results/box1/real/veto/mocks_gal_xyz/CATALPTCICz0.466G960S2058241144.VETO.dat
Number of records: 5856363

Duplicating boundaries for periodic condition
Number of records: 7028441

Building Delaunay Triangulation.
Number of vertices: 7028441
Number of cells: 46822725

Writing to file /home/epfl/dforero/scratch/projects/baosystematics/patchy_results/box1/real/veto/mocks_void_xyz/CATALPTCICz0.466G960S2058241144.VETO.VOID.dat
Writing voids with radius in (-10,1009).
Finished successfully!
2500 -10 1009
Reading file: /home/epfl/dforero/scratch/projects/baosystematics/patchy_results/box1/real/veto/mocks_gal_xyz/CATALPTCICz0.466G960S2059589356.VETO.dat
Number of records: 5851603

Duplicating boundaries for periodic condition
Number of records: 7035053

Building Delaunay Triangulation.
Number of vertices: 7035053
Number of cells: 46866352

Writing to file /home/epfl/dforero/scratch/projects/baosystematics/patchy_results/box1/real/veto/mocks_void_xyz/CATALPTCICz0.466G960S2059589356.VETO.VOID.dat
Writing voids with radius in (-10,1009).
Finished successfully!
2500 -10 1009
Reading file: /home/epfl/dforero/scratch/projects/baosystematics/patchy_results/box1/real/veto/mocks_gal_xyz/CATALPTCICz0.466G960S2061966896.VETO.dat
Number of records: 5855298

Duplicating boundaries for periodic condition
Number of records: 7026859

Building Delaunay Triangulation.
Number of vertices: 7026859
Number of cells: 46809898

Writing to file /home/epfl/dforero/scratch/projects/baosystematics/patchy_results/box1/real/veto/mocks_void_xyz/CATALPTCICz0.466G960S2061966896.VETO.VOID.dat
Writing voids with radius in (-10,1009).
Finished successfully!
2500 -10 1009
Reading file: /home/epfl/dforero/scratch/projects/baosystematics/patchy_results/box1/real/veto/mocks_gal_xyz/CATALPTCICz0.466G960S2066051570.VETO.dat
Number of records: 5863698

Duplicating boundaries for periodic condition
Number of records: 7037018

Building Delaunay Triangulation.
Number of vertices: 7037018
Number of cells: 46875406

Writing to file /home/epfl/dforero/scratch/projects/baosystematics/patchy_results/box1/real/veto/mocks_void_xyz/CATALPTCICz0.466G960S2066051570.VETO.VOID.dat
Writing voids with radius in (-10,1009).
Finished successfully!
2500 -10 1009
Reading file: /home/epfl/dforero/scratch/projects/baosystematics/patchy_results/box1/real/veto/mocks_gal_xyz/CATALPTCICz0.466G960S2072767419.VETO.dat
Number of records: 5860409

Duplicating boundaries for periodic condition
Number of records: 7033939

Building Delaunay Triangulation.
Number of vertices: 7033939
Number of cells: 46856494

Writing to file /home/epfl/dforero/scratch/projects/baosystematics/patchy_results/box1/real/veto/mocks_void_xyz/CATALPTCICz0.466G960S2072767419.VETO.VOID.dat
Writing voids with radius in (-10,1009).
Finished successfully!
2500 -10 1009
Reading file: /home/epfl/dforero/scratch/projects/baosystematics/patchy_results/box1/real/veto/mocks_gal_xyz/CATALPTCICz0.466G960S2073007256.VETO.dat
Number of records: 5857227

Duplicating boundaries for periodic condition
Number of records: 7030135

Building Delaunay Triangulation.
Number of vertices: 7030135
Number of cells: 46832602

Writing to file /home/epfl/dforero/scratch/projects/baosystematics/patchy_results/box1/real/veto/mocks_void_xyz/CATALPTCICz0.466G960S2073007256.VETO.VOID.dat
Writing voids with radius in (-10,1009).
Finished successfully!
2500 -10 1009
Reading file: /home/epfl/dforero/scratch/projects/baosystematics/patchy_results/box1/real/veto/mocks_gal_xyz/CATALPTCICz0.466G960S2073181707.VETO.dat
Number of records: 5861227

Duplicating boundaries for periodic condition
Number of records: 7038327

Building Delaunay Triangulation.
Number of vertices: 7038327
Number of cells: 46882731

Writing to file /home/epfl/dforero/scratch/projects/baosystematics/patchy_results/box1/real/veto/mocks_void_xyz/CATALPTCICz0.466G960S2073181707.VETO.VOID.dat
Writing voids with radius in (-10,1009).
Finished successfully!
2500 -10 1009
Reading file: /home/epfl/dforero/scratch/projects/baosystematics/patchy_results/box1/real/veto/mocks_gal_xyz/CATALPTCICz0.466G960S2075331049.VETO.dat
Number of records: 5854052

Duplicating boundaries for periodic condition
Number of records: 7026082

Building Delaunay Triangulation.
Number of vertices: 7026082
Number of cells: 46800266

Writing to file /home/epfl/dforero/scratch/projects/baosystematics/patchy_results/box1/real/veto/mocks_void_xyz/CATALPTCICz0.466G960S2075331049.VETO.VOID.dat
Writing voids with radius in (-10,1009).
Finished successfully!
2500 -10 1009
Reading file: /home/epfl/dforero/scratch/projects/baosystematics/patchy_results/box1/real/veto/mocks_gal_xyz/CATALPTCICz0.466G960S2076269382.VETO.dat
Number of records: 5859471

Duplicating boundaries for periodic condition
Number of records: 7039129

Building Delaunay Triangulation.
Number of vertices: 7039129
Number of cells: 46889120

Writing to file /home/epfl/dforero/scratch/projects/baosystematics/patchy_results/box1/real/veto/mocks_void_xyz/CATALPTCICz0.466G960S2076269382.VETO.VOID.dat
Writing voids with radius in (-10,1009).
Finished successfully!
2500 -10 1009
Reading file: /home/epfl/dforero/scratch/projects/baosystematics/patchy_results/box1/real/veto/mocks_gal_xyz/CATALPTCICz0.466G960S2076406554.VETO.dat
Number of records: 5852901

Duplicating boundaries for periodic condition
Number of records: 7025135

Building Delaunay Triangulation.
Number of vertices: 7025135
Number of cells: 46793163

Writing to file /home/epfl/dforero/scratch/projects/baosystematics/patchy_results/box1/real/veto/mocks_void_xyz/CATALPTCICz0.466G960S2076406554.VETO.VOID.dat
Writing voids with radius in (-10,1009).
Finished successfully!
