2500 -10 1009
Reading file: /home/epfl/dforero/scratch/projects/baosystematics/patchy_results/box1/real/vetoang/mocks_gal_xyz/CATALPTCICz0.466G960S322041233.VETO_ANG.dat
Number of records: 5557513

Duplicating boundaries for periodic condition
Number of records: 6700019

Building Delaunay Triangulation.
Number of vertices: 6700019
Number of cells: 44646583

Writing to file /home/epfl/dforero/scratch/projects/baosystematics/patchy_results/box1/real/vetoang/mocks_void_xyz/CATALPTCICz0.466G960S322041233.VETO_ANG.VOID.dat
Writing voids with radius in (-10,1009).
Finished successfully!
2500 -10 1009
Reading file: /home/epfl/dforero/scratch/projects/baosystematics/patchy_results/box1/real/vetoang/mocks_gal_xyz/CATALPTCICz0.466G960S328966262.VETO_ANG.dat
Number of records: 5555509

Duplicating boundaries for periodic condition
Number of records: 6701262

Building Delaunay Triangulation.
Number of vertices: 6701262
Number of cells: 44655897

Writing to file /home/epfl/dforero/scratch/projects/baosystematics/patchy_results/box1/real/vetoang/mocks_void_xyz/CATALPTCICz0.466G960S328966262.VETO_ANG.VOID.dat
Writing voids with radius in (-10,1009).
Finished successfully!
2500 -10 1009
Reading file: /home/epfl/dforero/scratch/projects/baosystematics/patchy_results/box1/real/vetoang/mocks_gal_xyz/CATALPTCICz0.466G960S329096440.VETO_ANG.dat
Number of records: 5558578

Duplicating boundaries for periodic condition
Number of records: 6706790

Building Delaunay Triangulation.
Number of vertices: 6706790
Number of cells: 44690306

Writing to file /home/epfl/dforero/scratch/projects/baosystematics/patchy_results/box1/real/vetoang/mocks_void_xyz/CATALPTCICz0.466G960S329096440.VETO_ANG.VOID.dat
Writing voids with radius in (-10,1009).
Finished successfully!
2500 -10 1009
Reading file: /home/epfl/dforero/scratch/projects/baosystematics/patchy_results/box1/real/vetoang/mocks_gal_xyz/CATALPTCICz0.466G960S329427831.VETO_ANG.dat
Number of records: 5554868

Duplicating boundaries for periodic condition
Number of records: 6708260

Building Delaunay Triangulation.
Number of vertices: 6708260
Number of cells: 44699270

Writing to file /home/epfl/dforero/scratch/projects/baosystematics/patchy_results/box1/real/vetoang/mocks_void_xyz/CATALPTCICz0.466G960S329427831.VETO_ANG.VOID.dat
Writing voids with radius in (-10,1009).
Finished successfully!
2500 -10 1009
Reading file: /home/epfl/dforero/scratch/projects/baosystematics/patchy_results/box1/real/vetoang/mocks_gal_xyz/CATALPTCICz0.466G960S337281450.VETO_ANG.dat
Number of records: 5555702

Duplicating boundaries for periodic condition
Number of records: 6707745

Building Delaunay Triangulation.
Number of vertices: 6707745
Number of cells: 44692619

Writing to file /home/epfl/dforero/scratch/projects/baosystematics/patchy_results/box1/real/vetoang/mocks_void_xyz/CATALPTCICz0.466G960S337281450.VETO_ANG.VOID.dat
Writing voids with radius in (-10,1009).
Finished successfully!
2500 -10 1009
Reading file: /home/epfl/dforero/scratch/projects/baosystematics/patchy_results/box1/real/vetoang/mocks_gal_xyz/CATALPTCICz0.466G960S341476525.VETO_ANG.dat
Number of records: 5558137

Duplicating boundaries for periodic condition
Number of records: 6697790

Building Delaunay Triangulation.
Number of vertices: 6697790
Number of cells: 44626899

Writing to file /home/epfl/dforero/scratch/projects/baosystematics/patchy_results/box1/real/vetoang/mocks_void_xyz/CATALPTCICz0.466G960S341476525.VETO_ANG.VOID.dat
Writing voids with radius in (-10,1009).
Finished successfully!
2500 -10 1009
Reading file: /home/epfl/dforero/scratch/projects/baosystematics/patchy_results/box1/real/vetoang/mocks_gal_xyz/CATALPTCICz0.466G960S346538314.VETO_ANG.dat
Number of records: 5560041

Duplicating boundaries for periodic condition
Number of records: 6709381

Building Delaunay Triangulation.
Number of vertices: 6709381
Number of cells: 44705604

Writing to file /home/epfl/dforero/scratch/projects/baosystematics/patchy_results/box1/real/vetoang/mocks_void_xyz/CATALPTCICz0.466G960S346538314.VETO_ANG.VOID.dat
Writing voids with radius in (-10,1009).
Finished successfully!
2500 -10 1009
Reading file: /home/epfl/dforero/scratch/projects/baosystematics/patchy_results/box1/real/vetoang/mocks_gal_xyz/CATALPTCICz0.466G960S34923098.VETO_ANG.dat
Number of records: 5560950

Duplicating boundaries for periodic condition
Number of records: 6718724

Building Delaunay Triangulation.
Number of vertices: 6718724
Number of cells: 44771114

Writing to file /home/epfl/dforero/scratch/projects/baosystematics/patchy_results/box1/real/vetoang/mocks_void_xyz/CATALPTCICz0.466G960S34923098.VETO_ANG.VOID.dat
Writing voids with radius in (-10,1009).
Finished successfully!
2500 -10 1009
Reading file: /home/epfl/dforero/scratch/projects/baosystematics/patchy_results/box1/real/vetoang/mocks_gal_xyz/CATALPTCICz0.466G960S349543645.VETO_ANG.dat
Number of records: 5560658

Duplicating boundaries for periodic condition
Number of records: 6697302

Building Delaunay Triangulation.
Number of vertices: 6697302
Number of cells: 44628967

Writing to file /home/epfl/dforero/scratch/projects/baosystematics/patchy_results/box1/real/vetoang/mocks_void_xyz/CATALPTCICz0.466G960S349543645.VETO_ANG.VOID.dat
Writing voids with radius in (-10,1009).
Finished successfully!
2500 -10 1009
Reading file: /home/epfl/dforero/scratch/projects/baosystematics/patchy_results/box1/real/vetoang/mocks_gal_xyz/CATALPTCICz0.466G960S353309712.VETO_ANG.dat
Number of records: 5558306

Duplicating boundaries for periodic condition
Number of records: 6697415

Building Delaunay Triangulation.
Number of vertices: 6697415
Number of cells: 44628214

Writing to file /home/epfl/dforero/scratch/projects/baosystematics/patchy_results/box1/real/vetoang/mocks_void_xyz/CATALPTCICz0.466G960S353309712.VETO_ANG.VOID.dat
Writing voids with radius in (-10,1009).
Finished successfully!
