2500 -10 1009
Reading file: /home/epfl/dforero/scratch/projects/baosystematics/patchy_results/box1/real/veto/mocks_gal_xyz/CATALPTCICz0.466G960S470062667.VETO.dat
Number of records: 5856048

Duplicating boundaries for periodic condition
Number of records: 7027550

Building Delaunay Triangulation.
Number of vertices: 7027550
Number of cells: 46817424

Writing to file /home/epfl/dforero/scratch/projects/baosystematics/patchy_results/box1/real/veto/mocks_void_xyz/CATALPTCICz0.466G960S470062667.VETO.VOID.dat
Writing voids with radius in (-10,1009).
Finished successfully!
2500 -10 1009
Reading file: /home/epfl/dforero/scratch/projects/baosystematics/patchy_results/box1/real/veto/mocks_gal_xyz/CATALPTCICz0.466G960S472036293.VETO.dat
Number of records: 5856344

Duplicating boundaries for periodic condition
Number of records: 7036490

Building Delaunay Triangulation.
Number of vertices: 7036490
Number of cells: 46875977

Writing to file /home/epfl/dforero/scratch/projects/baosystematics/patchy_results/box1/real/veto/mocks_void_xyz/CATALPTCICz0.466G960S472036293.VETO.VOID.dat
Writing voids with radius in (-10,1009).
Finished successfully!
2500 -10 1009
Reading file: /home/epfl/dforero/scratch/projects/baosystematics/patchy_results/box1/real/veto/mocks_gal_xyz/CATALPTCICz0.466G960S476029608.VETO.dat
Number of records: 5860536

Duplicating boundaries for periodic condition
Number of records: 7038534

Building Delaunay Triangulation.
Number of vertices: 7038534
Number of cells: 46880874

Writing to file /home/epfl/dforero/scratch/projects/baosystematics/patchy_results/box1/real/veto/mocks_void_xyz/CATALPTCICz0.466G960S476029608.VETO.VOID.dat
Writing voids with radius in (-10,1009).
Finished successfully!
2500 -10 1009
Reading file: /home/epfl/dforero/scratch/projects/baosystematics/patchy_results/box1/real/veto/mocks_gal_xyz/CATALPTCICz0.466G960S479471968.VETO.dat
Number of records: 5852261

Duplicating boundaries for periodic condition
Number of records: 7030036

Building Delaunay Triangulation.
Number of vertices: 7030036
Number of cells: 46827619

Writing to file /home/epfl/dforero/scratch/projects/baosystematics/patchy_results/box1/real/veto/mocks_void_xyz/CATALPTCICz0.466G960S479471968.VETO.VOID.dat
Writing voids with radius in (-10,1009).
Finished successfully!
2500 -10 1009
Reading file: /home/epfl/dforero/scratch/projects/baosystematics/patchy_results/box1/real/veto/mocks_gal_xyz/CATALPTCICz0.466G960S481721197.VETO.dat
Number of records: 5859902

Duplicating boundaries for periodic condition
Number of records: 7036973

Building Delaunay Triangulation.
Number of vertices: 7036973
Number of cells: 46878219

Writing to file /home/epfl/dforero/scratch/projects/baosystematics/patchy_results/box1/real/veto/mocks_void_xyz/CATALPTCICz0.466G960S481721197.VETO.VOID.dat
Writing voids with radius in (-10,1009).
Finished successfully!
2500 -10 1009
Reading file: /home/epfl/dforero/scratch/projects/baosystematics/patchy_results/box1/real/veto/mocks_gal_xyz/CATALPTCICz0.466G960S490973172.VETO.dat
Number of records: 5858481

Duplicating boundaries for periodic condition
Number of records: 7031142

Building Delaunay Triangulation.
Number of vertices: 7031142
Number of cells: 46834484

Writing to file /home/epfl/dforero/scratch/projects/baosystematics/patchy_results/box1/real/veto/mocks_void_xyz/CATALPTCICz0.466G960S490973172.VETO.VOID.dat
Writing voids with radius in (-10,1009).
Finished successfully!
2500 -10 1009
Reading file: /home/epfl/dforero/scratch/projects/baosystematics/patchy_results/box1/real/veto/mocks_gal_xyz/CATALPTCICz0.466G960S494614559.VETO.dat
Number of records: 5863142

Duplicating boundaries for periodic condition
Number of records: 7039238

Building Delaunay Triangulation.
Number of vertices: 7039238
Number of cells: 46889760

Writing to file /home/epfl/dforero/scratch/projects/baosystematics/patchy_results/box1/real/veto/mocks_void_xyz/CATALPTCICz0.466G960S494614559.VETO.VOID.dat
Writing voids with radius in (-10,1009).
Finished successfully!
2500 -10 1009
Reading file: /home/epfl/dforero/scratch/projects/baosystematics/patchy_results/box1/real/veto/mocks_gal_xyz/CATALPTCICz0.466G960S499786302.VETO.dat
Number of records: 5854649

Duplicating boundaries for periodic condition
Number of records: 7026864

Building Delaunay Triangulation.
Number of vertices: 7026864
Number of cells: 46804560

Writing to file /home/epfl/dforero/scratch/projects/baosystematics/patchy_results/box1/real/veto/mocks_void_xyz/CATALPTCICz0.466G960S499786302.VETO.VOID.dat
Writing voids with radius in (-10,1009).
Finished successfully!
2500 -10 1009
Reading file: /home/epfl/dforero/scratch/projects/baosystematics/patchy_results/box1/real/veto/mocks_gal_xyz/CATALPTCICz0.466G960S520371710.VETO.dat
Number of records: 5858021

Duplicating boundaries for periodic condition
Number of records: 7032889

Building Delaunay Triangulation.
Number of vertices: 7032889
Number of cells: 46849461

Writing to file /home/epfl/dforero/scratch/projects/baosystematics/patchy_results/box1/real/veto/mocks_void_xyz/CATALPTCICz0.466G960S520371710.VETO.VOID.dat
Writing voids with radius in (-10,1009).
Finished successfully!
2500 -10 1009
Reading file: /home/epfl/dforero/scratch/projects/baosystematics/patchy_results/box1/real/veto/mocks_gal_xyz/CATALPTCICz0.466G960S523419891.VETO.dat
Number of records: 5859697

Duplicating boundaries for periodic condition
Number of records: 7035757

Building Delaunay Triangulation.
Number of vertices: 7035757
Number of cells: 46866843

Writing to file /home/epfl/dforero/scratch/projects/baosystematics/patchy_results/box1/real/veto/mocks_void_xyz/CATALPTCICz0.466G960S523419891.VETO.VOID.dat
Writing voids with radius in (-10,1009).
Finished successfully!
