2500 -10 1009
Reading file: /home/epfl/dforero/scratch/projects/baosystematics/patchy_results/box1/real/ang/mocks_gal_xyz/CATALPTCICz0.466G960S1957637951.ANG.dat
Number of records: 5900454

Duplicating boundaries for periodic condition
Number of records: 7137751

Building Delaunay Triangulation.
Number of vertices: 7137751
Number of cells: 47587221

Writing to file /home/epfl/dforero/scratch/projects/baosystematics/patchy_results/box1/real/ang/mocks_void_xyz/CATALPTCICz0.466G960S1957637951.ANG.VOID.dat
Writing voids with radius in (-10,1009).
Finished successfully!
2500 -10 1009
Reading file: /home/epfl/dforero/scratch/projects/baosystematics/patchy_results/box1/real/ang/mocks_gal_xyz/CATALPTCICz0.466G960S1958434590.ANG.dat
Number of records: 5898782

Duplicating boundaries for periodic condition
Number of records: 7143144

Building Delaunay Triangulation.
Number of vertices: 7143144
Number of cells: 47626838

Writing to file /home/epfl/dforero/scratch/projects/baosystematics/patchy_results/box1/real/ang/mocks_void_xyz/CATALPTCICz0.466G960S1958434590.ANG.VOID.dat
Writing voids with radius in (-10,1009).
Finished successfully!
2500 -10 1009
Reading file: /home/epfl/dforero/scratch/projects/baosystematics/patchy_results/box1/real/ang/mocks_gal_xyz/CATALPTCICz0.466G960S196817175.ANG.dat
Number of records: 5900755

Duplicating boundaries for periodic condition
Number of records: 7139891

Building Delaunay Triangulation.
Number of vertices: 7139891
Number of cells: 47599774

Writing to file /home/epfl/dforero/scratch/projects/baosystematics/patchy_results/box1/real/ang/mocks_void_xyz/CATALPTCICz0.466G960S196817175.ANG.VOID.dat
Writing voids with radius in (-10,1009).
Finished successfully!
2500 -10 1009
Reading file: /home/epfl/dforero/scratch/projects/baosystematics/patchy_results/box1/real/ang/mocks_gal_xyz/CATALPTCICz0.466G960S1973023524.ANG.dat
Number of records: 5897682

Duplicating boundaries for periodic condition
Number of records: 7140406

Building Delaunay Triangulation.
Number of vertices: 7140406
Number of cells: 47604976

Writing to file /home/epfl/dforero/scratch/projects/baosystematics/patchy_results/box1/real/ang/mocks_void_xyz/CATALPTCICz0.466G960S1973023524.ANG.VOID.dat
Writing voids with radius in (-10,1009).
Finished successfully!
2500 -10 1009
Reading file: /home/epfl/dforero/scratch/projects/baosystematics/patchy_results/box1/real/ang/mocks_gal_xyz/CATALPTCICz0.466G960S1974510045.ANG.dat
Number of records: 5895398

Duplicating boundaries for periodic condition
Number of records: 7141246

Building Delaunay Triangulation.
Number of vertices: 7141246
Number of cells: 47613918

Writing to file /home/epfl/dforero/scratch/projects/baosystematics/patchy_results/box1/real/ang/mocks_void_xyz/CATALPTCICz0.466G960S1974510045.ANG.VOID.dat
Writing voids with radius in (-10,1009).
Finished successfully!
2500 -10 1009
Reading file: /home/epfl/dforero/scratch/projects/baosystematics/patchy_results/box1/real/ang/mocks_gal_xyz/CATALPTCICz0.466G960S1977078531.ANG.dat
Number of records: 5899462

Duplicating boundaries for periodic condition
Number of records: 7141834

Building Delaunay Triangulation.
Number of vertices: 7141834
Number of cells: 47614197

Writing to file /home/epfl/dforero/scratch/projects/baosystematics/patchy_results/box1/real/ang/mocks_void_xyz/CATALPTCICz0.466G960S1977078531.ANG.VOID.dat
Writing voids with radius in (-10,1009).
Finished successfully!
2500 -10 1009
Reading file: /home/epfl/dforero/scratch/projects/baosystematics/patchy_results/box1/real/ang/mocks_gal_xyz/CATALPTCICz0.466G960S1977497246.ANG.dat
Number of records: 5899364

Duplicating boundaries for periodic condition
Number of records: 7141934

Building Delaunay Triangulation.
Number of vertices: 7141934
Number of cells: 47612290

Writing to file /home/epfl/dforero/scratch/projects/baosystematics/patchy_results/box1/real/ang/mocks_void_xyz/CATALPTCICz0.466G960S1977497246.ANG.VOID.dat
Writing voids with radius in (-10,1009).
Finished successfully!
2500 -10 1009
Reading file: /home/epfl/dforero/scratch/projects/baosystematics/patchy_results/box1/real/ang/mocks_gal_xyz/CATALPTCICz0.466G960S198021412.ANG.dat
Number of records: 5899880

Duplicating boundaries for periodic condition
Number of records: 7144514

Building Delaunay Triangulation.
Number of vertices: 7144514
Number of cells: 47619908

Writing to file /home/epfl/dforero/scratch/projects/baosystematics/patchy_results/box1/real/ang/mocks_void_xyz/CATALPTCICz0.466G960S198021412.ANG.VOID.dat
Writing voids with radius in (-10,1009).
Finished successfully!
2500 -10 1009
Reading file: /home/epfl/dforero/scratch/projects/baosystematics/patchy_results/box1/real/ang/mocks_gal_xyz/CATALPTCICz0.466G960S1982107903.ANG.dat
Number of records: 5895421

Duplicating boundaries for periodic condition
Number of records: 7121642

Building Delaunay Triangulation.
Number of vertices: 7121642
Number of cells: 47475763

Writing to file /home/epfl/dforero/scratch/projects/baosystematics/patchy_results/box1/real/ang/mocks_void_xyz/CATALPTCICz0.466G960S1982107903.ANG.VOID.dat
Writing voids with radius in (-10,1009).
Finished successfully!
2500 -10 1009
Reading file: /home/epfl/dforero/scratch/projects/baosystematics/patchy_results/box1/real/ang/mocks_gal_xyz/CATALPTCICz0.466G960S1984142514.ANG.dat
Number of records: 5899522

Duplicating boundaries for periodic condition
Number of records: 7144612

Building Delaunay Triangulation.
Number of vertices: 7144611
Number of cells: 47626162

Writing to file /home/epfl/dforero/scratch/projects/baosystematics/patchy_results/box1/real/ang/mocks_void_xyz/CATALPTCICz0.466G960S1984142514.ANG.VOID.dat
Writing voids with radius in (-10,1009).
Finished successfully!
