2500 -10 1009
Reading file: /home/epfl/dforero/scratch/projects/baosystematics/patchy_results/box1/real/vetoang/mocks_gal_xyz/CATALPTCICz0.466G960S167373079.VETO_ANG.dat
Number of records: 5559131

Duplicating boundaries for periodic condition
Number of records: 6710500

Building Delaunay Triangulation.
Number of vertices: 6710500
Number of cells: 44716436

Writing to file /home/epfl/dforero/scratch/projects/baosystematics/patchy_results/box1/real/vetoang/mocks_void_xyz/CATALPTCICz0.466G960S167373079.VETO_ANG.VOID.dat
Writing voids with radius in (-10,1009).
Finished successfully!
2500 -10 1009
Reading file: /home/epfl/dforero/scratch/projects/baosystematics/patchy_results/box1/real/vetoang/mocks_gal_xyz/CATALPTCICz0.466G960S1675546508.VETO_ANG.dat
Number of records: 5557077

Duplicating boundaries for periodic condition
Number of records: 6708945

Building Delaunay Triangulation.
Number of vertices: 6708945
Number of cells: 44704873

Writing to file /home/epfl/dforero/scratch/projects/baosystematics/patchy_results/box1/real/vetoang/mocks_void_xyz/CATALPTCICz0.466G960S1675546508.VETO_ANG.VOID.dat
Writing voids with radius in (-10,1009).
Finished successfully!
2500 -10 1009
Reading file: /home/epfl/dforero/scratch/projects/baosystematics/patchy_results/box1/real/vetoang/mocks_gal_xyz/CATALPTCICz0.466G960S1679333461.VETO_ANG.dat
Number of records: 5554578

Duplicating boundaries for periodic condition
Number of records: 6708633

Building Delaunay Triangulation.
Number of vertices: 6708633
Number of cells: 44702179

Writing to file /home/epfl/dforero/scratch/projects/baosystematics/patchy_results/box1/real/vetoang/mocks_void_xyz/CATALPTCICz0.466G960S1679333461.VETO_ANG.VOID.dat
Writing voids with radius in (-10,1009).
Finished successfully!
2500 -10 1009
Reading file: /home/epfl/dforero/scratch/projects/baosystematics/patchy_results/box1/real/vetoang/mocks_gal_xyz/CATALPTCICz0.466G960S1685847119.VETO_ANG.dat
Number of records: 5556045

Duplicating boundaries for periodic condition
Number of records: 6706252

Building Delaunay Triangulation.
Number of vertices: 6706252
Number of cells: 44696113

Writing to file /home/epfl/dforero/scratch/projects/baosystematics/patchy_results/box1/real/vetoang/mocks_void_xyz/CATALPTCICz0.466G960S1685847119.VETO_ANG.VOID.dat
Writing voids with radius in (-10,1009).
Finished successfully!
2500 -10 1009
Reading file: /home/epfl/dforero/scratch/projects/baosystematics/patchy_results/box1/real/vetoang/mocks_gal_xyz/CATALPTCICz0.466G960S1695327302.VETO_ANG.dat
Number of records: 5563966

Duplicating boundaries for periodic condition
Number of records: 6710789

Building Delaunay Triangulation.
Number of vertices: 6710789
Number of cells: 44717263

Writing to file /home/epfl/dforero/scratch/projects/baosystematics/patchy_results/box1/real/vetoang/mocks_void_xyz/CATALPTCICz0.466G960S1695327302.VETO_ANG.VOID.dat
Writing voids with radius in (-10,1009).
Finished successfully!
2500 -10 1009
Reading file: /home/epfl/dforero/scratch/projects/baosystematics/patchy_results/box1/real/vetoang/mocks_gal_xyz/CATALPTCICz0.466G960S1697695752.VETO_ANG.dat
Number of records: 5552347

Duplicating boundaries for periodic condition
Number of records: 6695467

Building Delaunay Triangulation.
Number of vertices: 6695467
Number of cells: 44615128

Writing to file /home/epfl/dforero/scratch/projects/baosystematics/patchy_results/box1/real/vetoang/mocks_void_xyz/CATALPTCICz0.466G960S1697695752.VETO_ANG.VOID.dat
Writing voids with radius in (-10,1009).
Finished successfully!
2500 -10 1009
Reading file: /home/epfl/dforero/scratch/projects/baosystematics/patchy_results/box1/real/vetoang/mocks_gal_xyz/CATALPTCICz0.466G960S1701633369.VETO_ANG.dat
Number of records: 5560347

Duplicating boundaries for periodic condition
Number of records: 6711182

Building Delaunay Triangulation.
Number of vertices: 6711182
Number of cells: 44716972

Writing to file /home/epfl/dforero/scratch/projects/baosystematics/patchy_results/box1/real/vetoang/mocks_void_xyz/CATALPTCICz0.466G960S1701633369.VETO_ANG.VOID.dat
Writing voids with radius in (-10,1009).
Finished successfully!
2500 -10 1009
Reading file: /home/epfl/dforero/scratch/projects/baosystematics/patchy_results/box1/real/vetoang/mocks_gal_xyz/CATALPTCICz0.466G960S1702508998.VETO_ANG.dat
Number of records: 5560334

Duplicating boundaries for periodic condition
Number of records: 6706938

Building Delaunay Triangulation.
Number of vertices: 6706938
Number of cells: 44689565

Writing to file /home/epfl/dforero/scratch/projects/baosystematics/patchy_results/box1/real/vetoang/mocks_void_xyz/CATALPTCICz0.466G960S1702508998.VETO_ANG.VOID.dat
Writing voids with radius in (-10,1009).
Finished successfully!
2500 -10 1009
Reading file: /home/epfl/dforero/scratch/projects/baosystematics/patchy_results/box1/real/vetoang/mocks_gal_xyz/CATALPTCICz0.466G960S1704728487.VETO_ANG.dat
Number of records: 5559225

Duplicating boundaries for periodic condition
Number of records: 6710046

Building Delaunay Triangulation.
Number of vertices: 6710046
Number of cells: 44711422

Writing to file /home/epfl/dforero/scratch/projects/baosystematics/patchy_results/box1/real/vetoang/mocks_void_xyz/CATALPTCICz0.466G960S1704728487.VETO_ANG.VOID.dat
Writing voids with radius in (-10,1009).
Finished successfully!
2500 -10 1009
Reading file: /home/epfl/dforero/scratch/projects/baosystematics/patchy_results/box1/real/vetoang/mocks_gal_xyz/CATALPTCICz0.466G960S1711891480.VETO_ANG.dat
Number of records: 5562303

Duplicating boundaries for periodic condition
Number of records: 6715445

Building Delaunay Triangulation.
Number of vertices: 6715445
Number of cells: 44751006

Writing to file /home/epfl/dforero/scratch/projects/baosystematics/patchy_results/box1/real/vetoang/mocks_void_xyz/CATALPTCICz0.466G960S1711891480.VETO_ANG.VOID.dat
Writing voids with radius in (-10,1009).
Finished successfully!
