2500 -10 1009
Reading file: /home/epfl/dforero/scratch/projects/baosystematics/patchy_results/box1/real/veto/mocks_gal_xyz/CATALPTCICz0.466G960S399836114.VETO.dat
Number of records: 5855989

Duplicating boundaries for periodic condition
Number of records: 7040963

Building Delaunay Triangulation.
Number of vertices: 7040963
Number of cells: 46900114

Writing to file /home/epfl/dforero/scratch/projects/baosystematics/patchy_results/box1/real/veto/mocks_void_xyz/CATALPTCICz0.466G960S399836114.VETO.VOID.dat
Writing voids with radius in (-10,1009).
Finished successfully!
2500 -10 1009
Reading file: /home/epfl/dforero/scratch/projects/baosystematics/patchy_results/box1/real/veto/mocks_gal_xyz/CATALPTCICz0.466G960S400043087.VETO.dat
Number of records: 5853743

Duplicating boundaries for periodic condition
Number of records: 7024356

Building Delaunay Triangulation.
Number of vertices: 7024356
Number of cells: 46784721

Writing to file /home/epfl/dforero/scratch/projects/baosystematics/patchy_results/box1/real/veto/mocks_void_xyz/CATALPTCICz0.466G960S400043087.VETO.VOID.dat
Writing voids with radius in (-10,1009).
Finished successfully!
2500 -10 1009
Reading file: /home/epfl/dforero/scratch/projects/baosystematics/patchy_results/box1/real/veto/mocks_gal_xyz/CATALPTCICz0.466G960S401689436.VETO.dat
Number of records: 5857345

Duplicating boundaries for periodic condition
Number of records: 7030197

Building Delaunay Triangulation.
Number of vertices: 7030197
Number of cells: 46831918

Writing to file /home/epfl/dforero/scratch/projects/baosystematics/patchy_results/box1/real/veto/mocks_void_xyz/CATALPTCICz0.466G960S401689436.VETO.VOID.dat
Writing voids with radius in (-10,1009).
Finished successfully!
2500 -10 1009
Reading file: /home/epfl/dforero/scratch/projects/baosystematics/patchy_results/box1/real/veto/mocks_gal_xyz/CATALPTCICz0.466G960S405346017.VETO.dat
Number of records: 5856954

Duplicating boundaries for periodic condition
Number of records: 7025255

Building Delaunay Triangulation.
Number of vertices: 7025255
Number of cells: 46798196

Writing to file /home/epfl/dforero/scratch/projects/baosystematics/patchy_results/box1/real/veto/mocks_void_xyz/CATALPTCICz0.466G960S405346017.VETO.VOID.dat
Writing voids with radius in (-10,1009).
Finished successfully!
2500 -10 1009
Reading file: /home/epfl/dforero/scratch/projects/baosystematics/patchy_results/box1/real/veto/mocks_gal_xyz/CATALPTCICz0.466G960S406929492.VETO.dat
Number of records: 5853829

Duplicating boundaries for periodic condition
Number of records: 7033831

Building Delaunay Triangulation.
Number of vertices: 7033831
Number of cells: 46851253

Writing to file /home/epfl/dforero/scratch/projects/baosystematics/patchy_results/box1/real/veto/mocks_void_xyz/CATALPTCICz0.466G960S406929492.VETO.VOID.dat
Writing voids with radius in (-10,1009).
Finished successfully!
2500 -10 1009
Reading file: /home/epfl/dforero/scratch/projects/baosystematics/patchy_results/box1/real/veto/mocks_gal_xyz/CATALPTCICz0.466G960S407794711.VETO.dat
Number of records: 5856700

Duplicating boundaries for periodic condition
Number of records: 7029234

Building Delaunay Triangulation.
Number of vertices: 7029234
Number of cells: 46820332

Writing to file /home/epfl/dforero/scratch/projects/baosystematics/patchy_results/box1/real/veto/mocks_void_xyz/CATALPTCICz0.466G960S407794711.VETO.VOID.dat
Writing voids with radius in (-10,1009).
Finished successfully!
2500 -10 1009
Reading file: /home/epfl/dforero/scratch/projects/baosystematics/patchy_results/box1/real/veto/mocks_gal_xyz/CATALPTCICz0.466G960S408624275.VETO.dat
Number of records: 5856961

Duplicating boundaries for periodic condition
Number of records: 7030345

Building Delaunay Triangulation.
Number of vertices: 7030345
Number of cells: 46835914

Writing to file /home/epfl/dforero/scratch/projects/baosystematics/patchy_results/box1/real/veto/mocks_void_xyz/CATALPTCICz0.466G960S408624275.VETO.VOID.dat
Writing voids with radius in (-10,1009).
Finished successfully!
2500 -10 1009
Reading file: /home/epfl/dforero/scratch/projects/baosystematics/patchy_results/box1/real/veto/mocks_gal_xyz/CATALPTCICz0.466G960S40901864.VETO.dat
Number of records: 5858299

Duplicating boundaries for periodic condition
Number of records: 7033842

Building Delaunay Triangulation.
Number of vertices: 7033842
Number of cells: 46849928

Writing to file /home/epfl/dforero/scratch/projects/baosystematics/patchy_results/box1/real/veto/mocks_void_xyz/CATALPTCICz0.466G960S40901864.VETO.VOID.dat
Writing voids with radius in (-10,1009).
Finished successfully!
2500 -10 1009
Reading file: /home/epfl/dforero/scratch/projects/baosystematics/patchy_results/box1/real/veto/mocks_gal_xyz/CATALPTCICz0.466G960S415198084.VETO.dat
Number of records: 5859615

Duplicating boundaries for periodic condition
Number of records: 7042920

Building Delaunay Triangulation.
Number of vertices: 7042920
Number of cells: 46911761

Writing to file /home/epfl/dforero/scratch/projects/baosystematics/patchy_results/box1/real/veto/mocks_void_xyz/CATALPTCICz0.466G960S415198084.VETO.VOID.dat
Writing voids with radius in (-10,1009).
Finished successfully!
2500 -10 1009
Reading file: /home/epfl/dforero/scratch/projects/baosystematics/patchy_results/box1/real/veto/mocks_gal_xyz/CATALPTCICz0.466G960S41869182.VETO.dat
Number of records: 5857921

Duplicating boundaries for periodic condition
Number of records: 7032329

Building Delaunay Triangulation.
Number of vertices: 7032329
Number of cells: 46844778

Writing to file /home/epfl/dforero/scratch/projects/baosystematics/patchy_results/box1/real/veto/mocks_void_xyz/CATALPTCICz0.466G960S41869182.VETO.VOID.dat
Writing voids with radius in (-10,1009).
Finished successfully!
