2500 -10 1009
Reading file: /home/epfl/dforero/scratch/projects/baosystematics/patchy_results/box1/real/ang/mocks_gal_xyz/CATALPTCICz0.466G960S1503770694.ANG.dat
Number of records: 5897463

Duplicating boundaries for periodic condition
Number of records: 7133850

Building Delaunay Triangulation.
Number of vertices: 7133850
Number of cells: 47563420

Writing to file /home/epfl/dforero/scratch/projects/baosystematics/patchy_results/box1/real/ang/mocks_void_xyz/CATALPTCICz0.466G960S1503770694.ANG.VOID.dat
Writing voids with radius in (-10,1009).
Finished successfully!
2500 -10 1009
Reading file: /home/epfl/dforero/scratch/projects/baosystematics/patchy_results/box1/real/ang/mocks_gal_xyz/CATALPTCICz0.466G960S1520182503.ANG.dat
Number of records: 5898152

Duplicating boundaries for periodic condition
Number of records: 7141784

Building Delaunay Triangulation.
Number of vertices: 7141784
Number of cells: 47612228

Writing to file /home/epfl/dforero/scratch/projects/baosystematics/patchy_results/box1/real/ang/mocks_void_xyz/CATALPTCICz0.466G960S1520182503.ANG.VOID.dat
Writing voids with radius in (-10,1009).
Finished successfully!
2500 -10 1009
Reading file: /home/epfl/dforero/scratch/projects/baosystematics/patchy_results/box1/real/ang/mocks_gal_xyz/CATALPTCICz0.466G960S1524490253.ANG.dat
Number of records: 5899792

Duplicating boundaries for periodic condition
Number of records: 7145387

Building Delaunay Triangulation.
Number of vertices: 7145387
Number of cells: 47627894

Writing to file /home/epfl/dforero/scratch/projects/baosystematics/patchy_results/box1/real/ang/mocks_void_xyz/CATALPTCICz0.466G960S1524490253.ANG.VOID.dat
Writing voids with radius in (-10,1009).
Finished successfully!
2500 -10 1009
Reading file: /home/epfl/dforero/scratch/projects/baosystematics/patchy_results/box1/real/ang/mocks_gal_xyz/CATALPTCICz0.466G960S1530445319.ANG.dat
Number of records: 5900567

Duplicating boundaries for periodic condition
Number of records: 7142893

Building Delaunay Triangulation.
Number of vertices: 7142893
Number of cells: 47615276

Writing to file /home/epfl/dforero/scratch/projects/baosystematics/patchy_results/box1/real/ang/mocks_void_xyz/CATALPTCICz0.466G960S1530445319.ANG.VOID.dat
Writing voids with radius in (-10,1009).
Finished successfully!
2500 -10 1009
Reading file: /home/epfl/dforero/scratch/projects/baosystematics/patchy_results/box1/real/ang/mocks_gal_xyz/CATALPTCICz0.466G960S1534617702.ANG.dat
Number of records: 5895263

Duplicating boundaries for periodic condition
Number of records: 7142391

Building Delaunay Triangulation.
Number of vertices: 7142391
Number of cells: 47617898

Writing to file /home/epfl/dforero/scratch/projects/baosystematics/patchy_results/box1/real/ang/mocks_void_xyz/CATALPTCICz0.466G960S1534617702.ANG.VOID.dat
Writing voids with radius in (-10,1009).
Finished successfully!
2500 -10 1009
Reading file: /home/epfl/dforero/scratch/projects/baosystematics/patchy_results/box1/real/ang/mocks_gal_xyz/CATALPTCICz0.466G960S153701285.ANG.dat
Number of records: 5899342

Duplicating boundaries for periodic condition
Number of records: 7140327

Building Delaunay Triangulation.
Number of vertices: 7140327
Number of cells: 47601734

Writing to file /home/epfl/dforero/scratch/projects/baosystematics/patchy_results/box1/real/ang/mocks_void_xyz/CATALPTCICz0.466G960S153701285.ANG.VOID.dat
Writing voids with radius in (-10,1009).
Finished successfully!
2500 -10 1009
Reading file: /home/epfl/dforero/scratch/projects/baosystematics/patchy_results/box1/real/ang/mocks_gal_xyz/CATALPTCICz0.466G960S1539764651.ANG.dat
Number of records: 5900142

Duplicating boundaries for periodic condition
Number of records: 7139393

Building Delaunay Triangulation.
Number of vertices: 7139393
Number of cells: 47600113

Writing to file /home/epfl/dforero/scratch/projects/baosystematics/patchy_results/box1/real/ang/mocks_void_xyz/CATALPTCICz0.466G960S1539764651.ANG.VOID.dat
Writing voids with radius in (-10,1009).
Finished successfully!
2500 -10 1009
Reading file: /home/epfl/dforero/scratch/projects/baosystematics/patchy_results/box1/real/ang/mocks_gal_xyz/CATALPTCICz0.466G960S1541229556.ANG.dat
Number of records: 5895166

Duplicating boundaries for periodic condition
Number of records: 7124728

Building Delaunay Triangulation.
Number of vertices: 7124728
Number of cells: 47504163

Writing to file /home/epfl/dforero/scratch/projects/baosystematics/patchy_results/box1/real/ang/mocks_void_xyz/CATALPTCICz0.466G960S1541229556.ANG.VOID.dat
Writing voids with radius in (-10,1009).
Finished successfully!
2500 -10 1009
Reading file: /home/epfl/dforero/scratch/projects/baosystematics/patchy_results/box1/real/ang/mocks_gal_xyz/CATALPTCICz0.466G960S1547631430.ANG.dat
Number of records: 5901574

Duplicating boundaries for periodic condition
Number of records: 7146805

Building Delaunay Triangulation.
Number of vertices: 7146805
Number of cells: 47638104

Writing to file /home/epfl/dforero/scratch/projects/baosystematics/patchy_results/box1/real/ang/mocks_void_xyz/CATALPTCICz0.466G960S1547631430.ANG.VOID.dat
Writing voids with radius in (-10,1009).
Finished successfully!
2500 -10 1009
Reading file: /home/epfl/dforero/scratch/projects/baosystematics/patchy_results/box1/real/ang/mocks_gal_xyz/CATALPTCICz0.466G960S154946453.ANG.dat
Number of records: 5896270

Duplicating boundaries for periodic condition
Number of records: 7140435

Building Delaunay Triangulation.
Number of vertices: 7140435
Number of cells: 47600257

Writing to file /home/epfl/dforero/scratch/projects/baosystematics/patchy_results/box1/real/ang/mocks_void_xyz/CATALPTCICz0.466G960S154946453.ANG.VOID.dat
Writing voids with radius in (-10,1009).
Finished successfully!
