2500 -10 1009
Reading file: /home/epfl/dforero/scratch/projects/baosystematics/patchy_results/box1/real/veto/mocks_gal_xyz/CATALPTCICz0.466G960S1475223854.VETO.dat
Number of records: 5855501

Duplicating boundaries for periodic condition
Number of records: 7032050

Building Delaunay Triangulation.
Number of vertices: 7032050
Number of cells: 46841923

Writing to file /home/epfl/dforero/scratch/projects/baosystematics/patchy_results/box1/real/veto/mocks_void_xyz/CATALPTCICz0.466G960S1475223854.VETO.VOID.dat
Writing voids with radius in (-10,1009).
Finished successfully!
2500 -10 1009
Reading file: /home/epfl/dforero/scratch/projects/baosystematics/patchy_results/box1/real/veto/mocks_gal_xyz/CATALPTCICz0.466G960S1477629105.VETO.dat
Number of records: 5856746

Duplicating boundaries for periodic condition
Number of records: 7024511

Building Delaunay Triangulation.
Number of vertices: 7024511
Number of cells: 46794873

Writing to file /home/epfl/dforero/scratch/projects/baosystematics/patchy_results/box1/real/veto/mocks_void_xyz/CATALPTCICz0.466G960S1477629105.VETO.VOID.dat
Writing voids with radius in (-10,1009).
Finished successfully!
2500 -10 1009
Reading file: /home/epfl/dforero/scratch/projects/baosystematics/patchy_results/box1/real/veto/mocks_gal_xyz/CATALPTCICz0.466G960S1478198992.VETO.dat
Number of records: 5851384

Duplicating boundaries for periodic condition
Number of records: 7025051

Building Delaunay Triangulation.
Number of vertices: 7025051
Number of cells: 46793548

Writing to file /home/epfl/dforero/scratch/projects/baosystematics/patchy_results/box1/real/veto/mocks_void_xyz/CATALPTCICz0.466G960S1478198992.VETO.VOID.dat
Writing voids with radius in (-10,1009).
Finished successfully!
2500 -10 1009
Reading file: /home/epfl/dforero/scratch/projects/baosystematics/patchy_results/box1/real/veto/mocks_gal_xyz/CATALPTCICz0.466G960S1483355713.VETO.dat
Number of records: 5860348

Duplicating boundaries for periodic condition
Number of records: 7025502

Building Delaunay Triangulation.
Number of vertices: 7025502
Number of cells: 46804220

Writing to file /home/epfl/dforero/scratch/projects/baosystematics/patchy_results/box1/real/veto/mocks_void_xyz/CATALPTCICz0.466G960S1483355713.VETO.VOID.dat
Writing voids with radius in (-10,1009).
Finished successfully!
2500 -10 1009
Reading file: /home/epfl/dforero/scratch/projects/baosystematics/patchy_results/box1/real/veto/mocks_gal_xyz/CATALPTCICz0.466G960S1484324254.VETO.dat
Number of records: 5861883

Duplicating boundaries for periodic condition
Number of records: 7039079

Building Delaunay Triangulation.
Number of vertices: 7039079
Number of cells: 46884423

Writing to file /home/epfl/dforero/scratch/projects/baosystematics/patchy_results/box1/real/veto/mocks_void_xyz/CATALPTCICz0.466G960S1484324254.VETO.VOID.dat
Writing voids with radius in (-10,1009).
Finished successfully!
2500 -10 1009
Reading file: /home/epfl/dforero/scratch/projects/baosystematics/patchy_results/box1/real/veto/mocks_gal_xyz/CATALPTCICz0.466G960S1491462483.VETO.dat
Number of records: 5862481

Duplicating boundaries for periodic condition
Number of records: 7042397

Building Delaunay Triangulation.
Number of vertices: 7042397
Number of cells: 46909875

Writing to file /home/epfl/dforero/scratch/projects/baosystematics/patchy_results/box1/real/veto/mocks_void_xyz/CATALPTCICz0.466G960S1491462483.VETO.VOID.dat
Writing voids with radius in (-10,1009).
Finished successfully!
2500 -10 1009
Reading file: /home/epfl/dforero/scratch/projects/baosystematics/patchy_results/box1/real/veto/mocks_gal_xyz/CATALPTCICz0.466G960S1493091666.VETO.dat
Number of records: 5856272

Duplicating boundaries for periodic condition
Number of records: 7025948

Building Delaunay Triangulation.
Number of vertices: 7025948
Number of cells: 46802246

Writing to file /home/epfl/dforero/scratch/projects/baosystematics/patchy_results/box1/real/veto/mocks_void_xyz/CATALPTCICz0.466G960S1493091666.VETO.VOID.dat
Writing voids with radius in (-10,1009).
Finished successfully!
2500 -10 1009
Reading file: /home/epfl/dforero/scratch/projects/baosystematics/patchy_results/box1/real/veto/mocks_gal_xyz/CATALPTCICz0.466G960S1493867854.VETO.dat
Number of records: 5857361

Duplicating boundaries for periodic condition
Number of records: 7017996

Building Delaunay Triangulation.
Number of vertices: 7017996
Number of cells: 46742916

Writing to file /home/epfl/dforero/scratch/projects/baosystematics/patchy_results/box1/real/veto/mocks_void_xyz/CATALPTCICz0.466G960S1493867854.VETO.VOID.dat
Writing voids with radius in (-10,1009).
Finished successfully!
2500 -10 1009
Reading file: /home/epfl/dforero/scratch/projects/baosystematics/patchy_results/box1/real/veto/mocks_gal_xyz/CATALPTCICz0.466G960S1497004141.VETO.dat
Number of records: 5858313

Duplicating boundaries for periodic condition
Number of records: 7030032

Building Delaunay Triangulation.
Number of vertices: 7030032
Number of cells: 46833359

Writing to file /home/epfl/dforero/scratch/projects/baosystematics/patchy_results/box1/real/veto/mocks_void_xyz/CATALPTCICz0.466G960S1497004141.VETO.VOID.dat
Writing voids with radius in (-10,1009).
Finished successfully!
2500 -10 1009
Reading file: /home/epfl/dforero/scratch/projects/baosystematics/patchy_results/box1/real/veto/mocks_gal_xyz/CATALPTCICz0.466G960S1500256497.VETO.dat
Number of records: 5855466

Duplicating boundaries for periodic condition
Number of records: 7034366

Building Delaunay Triangulation.
Number of vertices: 7034366
Number of cells: 46855329

Writing to file /home/epfl/dforero/scratch/projects/baosystematics/patchy_results/box1/real/veto/mocks_void_xyz/CATALPTCICz0.466G960S1500256497.VETO.VOID.dat
Writing voids with radius in (-10,1009).
Finished successfully!
