2500 -10 1009
Reading file: /home/epfl/dforero/scratch/projects/baosystematics/patchy_results/box1/real/vetoang/mocks_gal_xyz/CATALPTCICz0.466G960S2112032858.VETO_ANG.dat
Number of records: 5557135

Duplicating boundaries for periodic condition
Number of records: 6707623

Building Delaunay Triangulation.
Number of vertices: 6707623
Number of cells: 44697358

Writing to file /home/epfl/dforero/scratch/projects/baosystematics/patchy_results/box1/real/vetoang/mocks_void_xyz/CATALPTCICz0.466G960S2112032858.VETO_ANG.VOID.dat
Writing voids with radius in (-10,1009).
Finished successfully!
2500 -10 1009
Reading file: /home/epfl/dforero/scratch/projects/baosystematics/patchy_results/box1/real/vetoang/mocks_gal_xyz/CATALPTCICz0.466G960S2115857497.VETO_ANG.dat
Number of records: 5559728

Duplicating boundaries for periodic condition
Number of records: 6707653

Building Delaunay Triangulation.
Number of vertices: 6707653
Number of cells: 44691394

Writing to file /home/epfl/dforero/scratch/projects/baosystematics/patchy_results/box1/real/vetoang/mocks_void_xyz/CATALPTCICz0.466G960S2115857497.VETO_ANG.VOID.dat
Writing voids with radius in (-10,1009).
Finished successfully!
2500 -10 1009
Reading file: /home/epfl/dforero/scratch/projects/baosystematics/patchy_results/box1/real/vetoang/mocks_gal_xyz/CATALPTCICz0.466G960S2116713610.VETO_ANG.dat
Number of records: 5552931

Duplicating boundaries for periodic condition
Number of records: 6694965

Building Delaunay Triangulation.
Number of vertices: 6694965
Number of cells: 44608903

Writing to file /home/epfl/dforero/scratch/projects/baosystematics/patchy_results/box1/real/vetoang/mocks_void_xyz/CATALPTCICz0.466G960S2116713610.VETO_ANG.VOID.dat
Writing voids with radius in (-10,1009).
Finished successfully!
2500 -10 1009
Reading file: /home/epfl/dforero/scratch/projects/baosystematics/patchy_results/box1/real/vetoang/mocks_gal_xyz/CATALPTCICz0.466G960S2119737480.VETO_ANG.dat
Number of records: 5563140

Duplicating boundaries for periodic condition
Number of records: 6711225

Building Delaunay Triangulation.
Number of vertices: 6711225
Number of cells: 44719543

Writing to file /home/epfl/dforero/scratch/projects/baosystematics/patchy_results/box1/real/vetoang/mocks_void_xyz/CATALPTCICz0.466G960S2119737480.VETO_ANG.VOID.dat
Writing voids with radius in (-10,1009).
Finished successfully!
2500 -10 1009
Reading file: /home/epfl/dforero/scratch/projects/baosystematics/patchy_results/box1/real/vetoang/mocks_gal_xyz/CATALPTCICz0.466G960S2126501065.VETO_ANG.dat
Number of records: 5560550

Duplicating boundaries for periodic condition
Number of records: 6717827

Building Delaunay Triangulation.
Number of vertices: 6717827
Number of cells: 44761475

Writing to file /home/epfl/dforero/scratch/projects/baosystematics/patchy_results/box1/real/vetoang/mocks_void_xyz/CATALPTCICz0.466G960S2126501065.VETO_ANG.VOID.dat
Writing voids with radius in (-10,1009).
Finished successfully!
2500 -10 1009
Reading file: /home/epfl/dforero/scratch/projects/baosystematics/patchy_results/box1/real/vetoang/mocks_gal_xyz/CATALPTCICz0.466G960S2134213239.VETO_ANG.dat
Number of records: 5561432

Duplicating boundaries for periodic condition
Number of records: 6718050

Building Delaunay Triangulation.
Number of vertices: 6718050
Number of cells: 44760091

Writing to file /home/epfl/dforero/scratch/projects/baosystematics/patchy_results/box1/real/vetoang/mocks_void_xyz/CATALPTCICz0.466G960S2134213239.VETO_ANG.VOID.dat
Writing voids with radius in (-10,1009).
Finished successfully!
2500 -10 1009
Reading file: /home/epfl/dforero/scratch/projects/baosystematics/patchy_results/box1/real/vetoang/mocks_gal_xyz/CATALPTCICz0.466G960S2135743082.VETO_ANG.dat
Number of records: 5557409

Duplicating boundaries for periodic condition
Number of records: 6706405

Building Delaunay Triangulation.
Number of vertices: 6706405
Number of cells: 44696044

Writing to file /home/epfl/dforero/scratch/projects/baosystematics/patchy_results/box1/real/vetoang/mocks_void_xyz/CATALPTCICz0.466G960S2135743082.VETO_ANG.VOID.dat
Writing voids with radius in (-10,1009).
Finished successfully!
2500 -10 1009
Reading file: /home/epfl/dforero/scratch/projects/baosystematics/patchy_results/box1/real/vetoang/mocks_gal_xyz/CATALPTCICz0.466G960S2141171720.VETO_ANG.dat
Number of records: 5563899

Duplicating boundaries for periodic condition
Number of records: 6708645

Building Delaunay Triangulation.
Number of vertices: 6708645
Number of cells: 44704032

Writing to file /home/epfl/dforero/scratch/projects/baosystematics/patchy_results/box1/real/vetoang/mocks_void_xyz/CATALPTCICz0.466G960S2141171720.VETO_ANG.VOID.dat
Writing voids with radius in (-10,1009).
Finished successfully!
2500 -10 1009
Reading file: /home/epfl/dforero/scratch/projects/baosystematics/patchy_results/box1/real/vetoang/mocks_gal_xyz/CATALPTCICz0.466G960S2142385713.VETO_ANG.dat
Number of records: 5560091

Duplicating boundaries for periodic condition
Number of records: 6709258

Building Delaunay Triangulation.
Number of vertices: 6709258
Number of cells: 44703950

Writing to file /home/epfl/dforero/scratch/projects/baosystematics/patchy_results/box1/real/vetoang/mocks_void_xyz/CATALPTCICz0.466G960S2142385713.VETO_ANG.VOID.dat
Writing voids with radius in (-10,1009).
Finished successfully!
2500 -10 1009
Reading file: /home/epfl/dforero/scratch/projects/baosystematics/patchy_results/box1/real/vetoang/mocks_gal_xyz/CATALPTCICz0.466G960S2145237069.VETO_ANG.dat
Number of records: 5559198

Duplicating boundaries for periodic condition
Number of records: 6701620

Building Delaunay Triangulation.
Number of vertices: 6701620
Number of cells: 44651029

Writing to file /home/epfl/dforero/scratch/projects/baosystematics/patchy_results/box1/real/vetoang/mocks_void_xyz/CATALPTCICz0.466G960S2145237069.VETO_ANG.VOID.dat
Writing voids with radius in (-10,1009).
Finished successfully!
