2500 -10 1009
Reading file: /home/epfl/dforero/scratch/projects/baosystematics/patchy_results/box1/real/veto/mocks_gal_xyz/CATALPTCICz0.466G960S322041233.VETO.dat
Number of records: 5856060

Duplicating boundaries for periodic condition
Number of records: 7023753

Building Delaunay Triangulation.
Number of vertices: 7023753
Number of cells: 46788526

Writing to file /home/epfl/dforero/scratch/projects/baosystematics/patchy_results/box1/real/veto/mocks_void_xyz/CATALPTCICz0.466G960S322041233.VETO.VOID.dat
Writing voids with radius in (-10,1009).
Finished successfully!
2500 -10 1009
Reading file: /home/epfl/dforero/scratch/projects/baosystematics/patchy_results/box1/real/veto/mocks_gal_xyz/CATALPTCICz0.466G960S328966262.VETO.dat
Number of records: 5853532

Duplicating boundaries for periodic condition
Number of records: 7024495

Building Delaunay Triangulation.
Number of vertices: 7024495
Number of cells: 46794245

Writing to file /home/epfl/dforero/scratch/projects/baosystematics/patchy_results/box1/real/veto/mocks_void_xyz/CATALPTCICz0.466G960S328966262.VETO.VOID.dat
Writing voids with radius in (-10,1009).
Finished successfully!
2500 -10 1009
Reading file: /home/epfl/dforero/scratch/projects/baosystematics/patchy_results/box1/real/veto/mocks_gal_xyz/CATALPTCICz0.466G960S329096440.VETO.dat
Number of records: 5858384

Duplicating boundaries for periodic condition
Number of records: 7031362

Building Delaunay Triangulation.
Number of vertices: 7031362
Number of cells: 46838448

Writing to file /home/epfl/dforero/scratch/projects/baosystematics/patchy_results/box1/real/veto/mocks_void_xyz/CATALPTCICz0.466G960S329096440.VETO.VOID.dat
Writing voids with radius in (-10,1009).
Finished successfully!
2500 -10 1009
Reading file: /home/epfl/dforero/scratch/projects/baosystematics/patchy_results/box1/real/veto/mocks_gal_xyz/CATALPTCICz0.466G960S329427831.VETO.dat
Number of records: 5852841

Duplicating boundaries for periodic condition
Number of records: 7031557

Building Delaunay Triangulation.
Number of vertices: 7031557
Number of cells: 46834720

Writing to file /home/epfl/dforero/scratch/projects/baosystematics/patchy_results/box1/real/veto/mocks_void_xyz/CATALPTCICz0.466G960S329427831.VETO.VOID.dat
Writing voids with radius in (-10,1009).
Finished successfully!
2500 -10 1009
Reading file: /home/epfl/dforero/scratch/projects/baosystematics/patchy_results/box1/real/veto/mocks_gal_xyz/CATALPTCICz0.466G960S337281450.VETO.dat
Number of records: 5852605

Duplicating boundaries for periodic condition
Number of records: 7029295

Building Delaunay Triangulation.
Number of vertices: 7029295
Number of cells: 46817165

Writing to file /home/epfl/dforero/scratch/projects/baosystematics/patchy_results/box1/real/veto/mocks_void_xyz/CATALPTCICz0.466G960S337281450.VETO.VOID.dat
Writing voids with radius in (-10,1009).
Finished successfully!
2500 -10 1009
Reading file: /home/epfl/dforero/scratch/projects/baosystematics/patchy_results/box1/real/veto/mocks_gal_xyz/CATALPTCICz0.466G960S341476525.VETO.dat
Number of records: 5857850

Duplicating boundaries for periodic condition
Number of records: 7022536

Building Delaunay Triangulation.
Number of vertices: 7022536
Number of cells: 46773266

Writing to file /home/epfl/dforero/scratch/projects/baosystematics/patchy_results/box1/real/veto/mocks_void_xyz/CATALPTCICz0.466G960S341476525.VETO.VOID.dat
Writing voids with radius in (-10,1009).
Finished successfully!
2500 -10 1009
Reading file: /home/epfl/dforero/scratch/projects/baosystematics/patchy_results/box1/real/veto/mocks_gal_xyz/CATALPTCICz0.466G960S346538314.VETO.dat
Number of records: 5859371

Duplicating boundaries for periodic condition
Number of records: 7034077

Building Delaunay Triangulation.
Number of vertices: 7034077
Number of cells: 46853354

Writing to file /home/epfl/dforero/scratch/projects/baosystematics/patchy_results/box1/real/veto/mocks_void_xyz/CATALPTCICz0.466G960S346538314.VETO.VOID.dat
Writing voids with radius in (-10,1009).
Finished successfully!
2500 -10 1009
Reading file: /home/epfl/dforero/scratch/projects/baosystematics/patchy_results/box1/real/veto/mocks_gal_xyz/CATALPTCICz0.466G960S34923098.VETO.dat
Number of records: 5860363

Duplicating boundaries for periodic condition
Number of records: 7043985

Building Delaunay Triangulation.
Number of vertices: 7043985
Number of cells: 46921814

Writing to file /home/epfl/dforero/scratch/projects/baosystematics/patchy_results/box1/real/veto/mocks_void_xyz/CATALPTCICz0.466G960S34923098.VETO.VOID.dat
Writing voids with radius in (-10,1009).
Finished successfully!
2500 -10 1009
Reading file: /home/epfl/dforero/scratch/projects/baosystematics/patchy_results/box1/real/veto/mocks_gal_xyz/CATALPTCICz0.466G960S349543645.VETO.dat
Number of records: 5859118

Duplicating boundaries for periodic condition
Number of records: 7020613

Building Delaunay Triangulation.
Number of vertices: 7020613
Number of cells: 46771304

Writing to file /home/epfl/dforero/scratch/projects/baosystematics/patchy_results/box1/real/veto/mocks_void_xyz/CATALPTCICz0.466G960S349543645.VETO.VOID.dat
Writing voids with radius in (-10,1009).
Finished successfully!
2500 -10 1009
Reading file: /home/epfl/dforero/scratch/projects/baosystematics/patchy_results/box1/real/veto/mocks_gal_xyz/CATALPTCICz0.466G960S353309712.VETO.dat
Number of records: 5856993

Duplicating boundaries for periodic condition
Number of records: 7021317

Building Delaunay Triangulation.
Number of vertices: 7021317
Number of cells: 46772169

Writing to file /home/epfl/dforero/scratch/projects/baosystematics/patchy_results/box1/real/veto/mocks_void_xyz/CATALPTCICz0.466G960S353309712.VETO.VOID.dat
Writing voids with radius in (-10,1009).
Finished successfully!
