2500 -10 1009
Reading file: /home/epfl/dforero/scratch/projects/baosystematics/patchy_results/box1/real/veto/mocks_gal_xyz/CATALPTCICz0.466G960S1453713702.VETO.dat
Number of records: 5859474

Duplicating boundaries for periodic condition
Number of records: 7033359

Building Delaunay Triangulation.
Number of vertices: 7033359
Number of cells: 46853394

Writing to file /home/epfl/dforero/scratch/projects/baosystematics/patchy_results/box1/real/veto/mocks_void_xyz/CATALPTCICz0.466G960S1453713702.VETO.VOID.dat
Writing voids with radius in (-10,1009).
Finished successfully!
2500 -10 1009
Reading file: /home/epfl/dforero/scratch/projects/baosystematics/patchy_results/box1/real/veto/mocks_gal_xyz/CATALPTCICz0.466G960S1456002624.VETO.dat
Number of records: 5857312

Duplicating boundaries for periodic condition
Number of records: 7037137

Building Delaunay Triangulation.
Number of vertices: 7037137
Number of cells: 46872275

Writing to file /home/epfl/dforero/scratch/projects/baosystematics/patchy_results/box1/real/veto/mocks_void_xyz/CATALPTCICz0.466G960S1456002624.VETO.VOID.dat
Writing voids with radius in (-10,1009).
Finished successfully!
2500 -10 1009
Reading file: /home/epfl/dforero/scratch/projects/baosystematics/patchy_results/box1/real/veto/mocks_gal_xyz/CATALPTCICz0.466G960S1456666474.VETO.dat
Number of records: 5862903

Duplicating boundaries for periodic condition
Number of records: 7041190

Building Delaunay Triangulation.
Number of vertices: 7041190
Number of cells: 46890069

Writing to file /home/epfl/dforero/scratch/projects/baosystematics/patchy_results/box1/real/veto/mocks_void_xyz/CATALPTCICz0.466G960S1456666474.VETO.VOID.dat
Writing voids with radius in (-10,1009).
Finished successfully!
2500 -10 1009
Reading file: /home/epfl/dforero/scratch/projects/baosystematics/patchy_results/box1/real/veto/mocks_gal_xyz/CATALPTCICz0.466G960S1458854362.VETO.dat
Number of records: 5858450

Duplicating boundaries for periodic condition
Number of records: 7026367

Building Delaunay Triangulation.
Number of vertices: 7026367
Number of cells: 46801875

Writing to file /home/epfl/dforero/scratch/projects/baosystematics/patchy_results/box1/real/veto/mocks_void_xyz/CATALPTCICz0.466G960S1458854362.VETO.VOID.dat
Writing voids with radius in (-10,1009).
Finished successfully!
2500 -10 1009
Reading file: /home/epfl/dforero/scratch/projects/baosystematics/patchy_results/box1/real/veto/mocks_gal_xyz/CATALPTCICz0.466G960S1460458991.VETO.dat
Number of records: 5858735

Duplicating boundaries for periodic condition
Number of records: 7034839

Building Delaunay Triangulation.
Number of vertices: 7034839
Number of cells: 46863175

Writing to file /home/epfl/dforero/scratch/projects/baosystematics/patchy_results/box1/real/veto/mocks_void_xyz/CATALPTCICz0.466G960S1460458991.VETO.VOID.dat
Writing voids with radius in (-10,1009).
Finished successfully!
2500 -10 1009
Reading file: /home/epfl/dforero/scratch/projects/baosystematics/patchy_results/box1/real/veto/mocks_gal_xyz/CATALPTCICz0.466G960S1461404473.VETO.dat
Number of records: 5857659

Duplicating boundaries for periodic condition
Number of records: 7037511

Building Delaunay Triangulation.
Number of vertices: 7037511
Number of cells: 46881517

Writing to file /home/epfl/dforero/scratch/projects/baosystematics/patchy_results/box1/real/veto/mocks_void_xyz/CATALPTCICz0.466G960S1461404473.VETO.VOID.dat
Writing voids with radius in (-10,1009).
Finished successfully!
2500 -10 1009
Reading file: /home/epfl/dforero/scratch/projects/baosystematics/patchy_results/box1/real/veto/mocks_gal_xyz/CATALPTCICz0.466G960S1464148224.VETO.dat
Number of records: 5858169

Duplicating boundaries for periodic condition
Number of records: 7042441

Building Delaunay Triangulation.
Number of vertices: 7042439
Number of cells: 46904869

Writing to file /home/epfl/dforero/scratch/projects/baosystematics/patchy_results/box1/real/veto/mocks_void_xyz/CATALPTCICz0.466G960S1464148224.VETO.VOID.dat
Writing voids with radius in (-10,1009).
Finished successfully!
2500 -10 1009
Reading file: /home/epfl/dforero/scratch/projects/baosystematics/patchy_results/box1/real/veto/mocks_gal_xyz/CATALPTCICz0.466G960S1464730320.VETO.dat
Number of records: 5860672

Duplicating boundaries for periodic condition
Number of records: 7039718

Building Delaunay Triangulation.
Number of vertices: 7039718
Number of cells: 46896293

Writing to file /home/epfl/dforero/scratch/projects/baosystematics/patchy_results/box1/real/veto/mocks_void_xyz/CATALPTCICz0.466G960S1464730320.VETO.VOID.dat
Writing voids with radius in (-10,1009).
Finished successfully!
2500 -10 1009
Reading file: /home/epfl/dforero/scratch/projects/baosystematics/patchy_results/box1/real/veto/mocks_gal_xyz/CATALPTCICz0.466G960S1465045993.VETO.dat
Number of records: 5856770

Duplicating boundaries for periodic condition
Number of records: 7030670

Building Delaunay Triangulation.
Number of vertices: 7030670
Number of cells: 46829613

Writing to file /home/epfl/dforero/scratch/projects/baosystematics/patchy_results/box1/real/veto/mocks_void_xyz/CATALPTCICz0.466G960S1465045993.VETO.VOID.dat
Writing voids with radius in (-10,1009).
Finished successfully!
2500 -10 1009
Reading file: /home/epfl/dforero/scratch/projects/baosystematics/patchy_results/box1/real/veto/mocks_gal_xyz/CATALPTCICz0.466G960S1465720003.VETO.dat
Number of records: 5858111

Duplicating boundaries for periodic condition
Number of records: 7038742

Building Delaunay Triangulation.
Number of vertices: 7038742
Number of cells: 46884821

Writing to file /home/epfl/dforero/scratch/projects/baosystematics/patchy_results/box1/real/veto/mocks_void_xyz/CATALPTCICz0.466G960S1465720003.VETO.VOID.dat
Writing voids with radius in (-10,1009).
Finished successfully!
