2500 -10 1009
Reading file: /home/epfl/dforero/scratch/projects/baosystematics/patchy_results/box1/real/ang/mocks_gal_xyz/CATALPTCICz0.466G960S1813530111.ANG.dat
Number of records: 5898345

Duplicating boundaries for periodic condition
Number of records: 7135961

Building Delaunay Triangulation.
Number of vertices: 7135961
Number of cells: 47568344

Writing to file /home/epfl/dforero/scratch/projects/baosystematics/patchy_results/box1/real/ang/mocks_void_xyz/CATALPTCICz0.466G960S1813530111.ANG.VOID.dat
Writing voids with radius in (-10,1009).
Finished successfully!
2500 -10 1009
Reading file: /home/epfl/dforero/scratch/projects/baosystematics/patchy_results/box1/real/ang/mocks_gal_xyz/CATALPTCICz0.466G960S1816293269.ANG.dat
Number of records: 5899839

Duplicating boundaries for periodic condition
Number of records: 7153697

Building Delaunay Triangulation.
Number of vertices: 7153697
Number of cells: 47688700

Writing to file /home/epfl/dforero/scratch/projects/baosystematics/patchy_results/box1/real/ang/mocks_void_xyz/CATALPTCICz0.466G960S1816293269.ANG.VOID.dat
Writing voids with radius in (-10,1009).
Finished successfully!
2500 -10 1009
Reading file: /home/epfl/dforero/scratch/projects/baosystematics/patchy_results/box1/real/ang/mocks_gal_xyz/CATALPTCICz0.466G960S1820743566.ANG.dat
Number of records: 5899623

Duplicating boundaries for periodic condition
Number of records: 7137762

Building Delaunay Triangulation.
Number of vertices: 7137762
Number of cells: 47586633

Writing to file /home/epfl/dforero/scratch/projects/baosystematics/patchy_results/box1/real/ang/mocks_void_xyz/CATALPTCICz0.466G960S1820743566.ANG.VOID.dat
Writing voids with radius in (-10,1009).
Finished successfully!
2500 -10 1009
Reading file: /home/epfl/dforero/scratch/projects/baosystematics/patchy_results/box1/real/ang/mocks_gal_xyz/CATALPTCICz0.466G960S1828307802.ANG.dat
Number of records: 5899421

Duplicating boundaries for periodic condition
Number of records: 7143598

Building Delaunay Triangulation.
Number of vertices: 7143598
Number of cells: 47625842

Writing to file /home/epfl/dforero/scratch/projects/baosystematics/patchy_results/box1/real/ang/mocks_void_xyz/CATALPTCICz0.466G960S1828307802.ANG.VOID.dat
Writing voids with radius in (-10,1009).
Finished successfully!
2500 -10 1009
Reading file: /home/epfl/dforero/scratch/projects/baosystematics/patchy_results/box1/real/ang/mocks_gal_xyz/CATALPTCICz0.466G960S1838873437.ANG.dat
Number of records: 5899261

Duplicating boundaries for periodic condition
Number of records: 7144081

Building Delaunay Triangulation.
Number of vertices: 7144081
Number of cells: 47629885

Writing to file /home/epfl/dforero/scratch/projects/baosystematics/patchy_results/box1/real/ang/mocks_void_xyz/CATALPTCICz0.466G960S1838873437.ANG.VOID.dat
Writing voids with radius in (-10,1009).
Finished successfully!
2500 -10 1009
Reading file: /home/epfl/dforero/scratch/projects/baosystematics/patchy_results/box1/real/ang/mocks_gal_xyz/CATALPTCICz0.466G960S1839143529.ANG.dat
Number of records: 5899028

Duplicating boundaries for periodic condition
Number of records: 7141601

Building Delaunay Triangulation.
Number of vertices: 7141601
Number of cells: 47608599

Writing to file /home/epfl/dforero/scratch/projects/baosystematics/patchy_results/box1/real/ang/mocks_void_xyz/CATALPTCICz0.466G960S1839143529.ANG.VOID.dat
Writing voids with radius in (-10,1009).
Finished successfully!
2500 -10 1009
Reading file: /home/epfl/dforero/scratch/projects/baosystematics/patchy_results/box1/real/ang/mocks_gal_xyz/CATALPTCICz0.466G960S1842441646.ANG.dat
Number of records: 5899352

Duplicating boundaries for periodic condition
Number of records: 7137351

Building Delaunay Triangulation.
Number of vertices: 7137351
Number of cells: 47583307

Writing to file /home/epfl/dforero/scratch/projects/baosystematics/patchy_results/box1/real/ang/mocks_void_xyz/CATALPTCICz0.466G960S1842441646.ANG.VOID.dat
Writing voids with radius in (-10,1009).
Finished successfully!
2500 -10 1009
Reading file: /home/epfl/dforero/scratch/projects/baosystematics/patchy_results/box1/real/ang/mocks_gal_xyz/CATALPTCICz0.466G960S1843354749.ANG.dat
Number of records: 5899701

Duplicating boundaries for periodic condition
Number of records: 7141516

Building Delaunay Triangulation.
Number of vertices: 7141516
Number of cells: 47603326

Writing to file /home/epfl/dforero/scratch/projects/baosystematics/patchy_results/box1/real/ang/mocks_void_xyz/CATALPTCICz0.466G960S1843354749.ANG.VOID.dat
Writing voids with radius in (-10,1009).
Finished successfully!
2500 -10 1009
Reading file: /home/epfl/dforero/scratch/projects/baosystematics/patchy_results/box1/real/ang/mocks_gal_xyz/CATALPTCICz0.466G960S1848596005.ANG.dat
Number of records: 5894596

Duplicating boundaries for periodic condition
Number of records: 7136360

Building Delaunay Triangulation.
Number of vertices: 7136360
Number of cells: 47575762

Writing to file /home/epfl/dforero/scratch/projects/baosystematics/patchy_results/box1/real/ang/mocks_void_xyz/CATALPTCICz0.466G960S1848596005.ANG.VOID.dat
Writing voids with radius in (-10,1009).
Finished successfully!
2500 -10 1009
Reading file: /home/epfl/dforero/scratch/projects/baosystematics/patchy_results/box1/real/ang/mocks_gal_xyz/CATALPTCICz0.466G960S1852228798.ANG.dat
Number of records: 5899261

Duplicating boundaries for periodic condition
Number of records: 7146193

Building Delaunay Triangulation.
Number of vertices: 7146193
Number of cells: 47641602

Writing to file /home/epfl/dforero/scratch/projects/baosystematics/patchy_results/box1/real/ang/mocks_void_xyz/CATALPTCICz0.466G960S1852228798.ANG.VOID.dat
Writing voids with radius in (-10,1009).
Finished successfully!
