2500 -10 1009
Reading file: /home/epfl/dforero/scratch/projects/baosystematics/patchy_results/box1/real/vetoang/mocks_gal_xyz/CATALPTCICz0.466G960S128282312.VETO_ANG.dat
Number of records: 5556738

Duplicating boundaries for periodic condition
Number of records: 6705986

Building Delaunay Triangulation.
Number of vertices: 6705986
Number of cells: 44687559

Writing to file /home/epfl/dforero/scratch/projects/baosystematics/patchy_results/box1/real/vetoang/mocks_void_xyz/CATALPTCICz0.466G960S128282312.VETO_ANG.VOID.dat
Writing voids with radius in (-10,1009).
Finished successfully!
2500 -10 1009
Reading file: /home/epfl/dforero/scratch/projects/baosystematics/patchy_results/box1/real/vetoang/mocks_gal_xyz/CATALPTCICz0.466G960S1288612254.VETO_ANG.dat
Number of records: 5556905

Duplicating boundaries for periodic condition
Number of records: 6703096

Building Delaunay Triangulation.
Number of vertices: 6703096
Number of cells: 44668330

Writing to file /home/epfl/dforero/scratch/projects/baosystematics/patchy_results/box1/real/vetoang/mocks_void_xyz/CATALPTCICz0.466G960S1288612254.VETO_ANG.VOID.dat
Writing voids with radius in (-10,1009).
Finished successfully!
2500 -10 1009
Reading file: /home/epfl/dforero/scratch/projects/baosystematics/patchy_results/box1/real/vetoang/mocks_gal_xyz/CATALPTCICz0.466G960S1289209941.VETO_ANG.dat
Number of records: 5559466

Duplicating boundaries for periodic condition
Number of records: 6713360

Building Delaunay Triangulation.
Number of vertices: 6713360
Number of cells: 44733990

Writing to file /home/epfl/dforero/scratch/projects/baosystematics/patchy_results/box1/real/vetoang/mocks_void_xyz/CATALPTCICz0.466G960S1289209941.VETO_ANG.VOID.dat
Writing voids with radius in (-10,1009).
Finished successfully!
2500 -10 1009
Reading file: /home/epfl/dforero/scratch/projects/baosystematics/patchy_results/box1/real/vetoang/mocks_gal_xyz/CATALPTCICz0.466G960S129085296.VETO_ANG.dat
Number of records: 5558987

Duplicating boundaries for periodic condition
Number of records: 6707847

Building Delaunay Triangulation.
Number of vertices: 6707847
Number of cells: 44702143

Writing to file /home/epfl/dforero/scratch/projects/baosystematics/patchy_results/box1/real/vetoang/mocks_void_xyz/CATALPTCICz0.466G960S129085296.VETO_ANG.VOID.dat
Writing voids with radius in (-10,1009).
Finished successfully!
2500 -10 1009
Reading file: /home/epfl/dforero/scratch/projects/baosystematics/patchy_results/box1/real/vetoang/mocks_gal_xyz/CATALPTCICz0.466G960S1297059670.VETO_ANG.dat
Number of records: 5555528

Duplicating boundaries for periodic condition
Number of records: 6700319

Building Delaunay Triangulation.
Number of vertices: 6700319
Number of cells: 44641992

Writing to file /home/epfl/dforero/scratch/projects/baosystematics/patchy_results/box1/real/vetoang/mocks_void_xyz/CATALPTCICz0.466G960S1297059670.VETO_ANG.VOID.dat
Writing voids with radius in (-10,1009).
Finished successfully!
2500 -10 1009
Reading file: /home/epfl/dforero/scratch/projects/baosystematics/patchy_results/box1/real/vetoang/mocks_gal_xyz/CATALPTCICz0.466G960S1298116322.VETO_ANG.dat
Number of records: 5561278

Duplicating boundaries for periodic condition
Number of records: 6711728

Building Delaunay Triangulation.
Number of vertices: 6711728
Number of cells: 44724887

Writing to file /home/epfl/dforero/scratch/projects/baosystematics/patchy_results/box1/real/vetoang/mocks_void_xyz/CATALPTCICz0.466G960S1298116322.VETO_ANG.VOID.dat
Writing voids with radius in (-10,1009).
Finished successfully!
2500 -10 1009
Reading file: /home/epfl/dforero/scratch/projects/baosystematics/patchy_results/box1/real/vetoang/mocks_gal_xyz/CATALPTCICz0.466G960S1307519435.VETO_ANG.dat
Number of records: 5562461

Duplicating boundaries for periodic condition
Number of records: 6710693

Building Delaunay Triangulation.
Number of vertices: 6710693
Number of cells: 44718061

Writing to file /home/epfl/dforero/scratch/projects/baosystematics/patchy_results/box1/real/vetoang/mocks_void_xyz/CATALPTCICz0.466G960S1307519435.VETO_ANG.VOID.dat
Writing voids with radius in (-10,1009).
Finished successfully!
2500 -10 1009
Reading file: /home/epfl/dforero/scratch/projects/baosystematics/patchy_results/box1/real/vetoang/mocks_gal_xyz/CATALPTCICz0.466G960S1309204403.VETO_ANG.dat
Number of records: 5559335

Duplicating boundaries for periodic condition
Number of records: 6709444

Building Delaunay Triangulation.
Number of vertices: 6709444
Number of cells: 44708341

Writing to file /home/epfl/dforero/scratch/projects/baosystematics/patchy_results/box1/real/vetoang/mocks_void_xyz/CATALPTCICz0.466G960S1309204403.VETO_ANG.VOID.dat
Writing voids with radius in (-10,1009).
Finished successfully!
2500 -10 1009
Reading file: /home/epfl/dforero/scratch/projects/baosystematics/patchy_results/box1/real/vetoang/mocks_gal_xyz/CATALPTCICz0.466G960S1314091411.VETO_ANG.dat
Number of records: 5558267

Duplicating boundaries for periodic condition
Number of records: 6705527

Building Delaunay Triangulation.
Number of vertices: 6705527
Number of cells: 44691864

Writing to file /home/epfl/dforero/scratch/projects/baosystematics/patchy_results/box1/real/vetoang/mocks_void_xyz/CATALPTCICz0.466G960S1314091411.VETO_ANG.VOID.dat
Writing voids with radius in (-10,1009).
Finished successfully!
2500 -10 1009
Reading file: /home/epfl/dforero/scratch/projects/baosystematics/patchy_results/box1/real/vetoang/mocks_gal_xyz/CATALPTCICz0.466G960S131638539.VETO_ANG.dat
Number of records: 5558406

Duplicating boundaries for periodic condition
Number of records: 6710734

Building Delaunay Triangulation.
Number of vertices: 6710734
Number of cells: 44723367

Writing to file /home/epfl/dforero/scratch/projects/baosystematics/patchy_results/box1/real/vetoang/mocks_void_xyz/CATALPTCICz0.466G960S131638539.VETO_ANG.VOID.dat
Writing voids with radius in (-10,1009).
Finished successfully!
