2500 -10 1009
Reading file: /home/epfl/dforero/scratch/projects/baosystematics/patchy_results/box1/real/vetoang/mocks_gal_xyz/CATALPTCICz0.466G960S1366706407.VETO_ANG.dat
Number of records: 5561265

Duplicating boundaries for periodic condition
Number of records: 6707937

Building Delaunay Triangulation.
Number of vertices: 6707937
Number of cells: 44704644

Writing to file /home/epfl/dforero/scratch/projects/baosystematics/patchy_results/box1/real/vetoang/mocks_void_xyz/CATALPTCICz0.466G960S1366706407.VETO_ANG.VOID.dat
Writing voids with radius in (-10,1009).
Finished successfully!
2500 -10 1009
Reading file: /home/epfl/dforero/scratch/projects/baosystematics/patchy_results/box1/real/vetoang/mocks_gal_xyz/CATALPTCICz0.466G960S1371964287.VETO_ANG.dat
Number of records: 5557050

Duplicating boundaries for periodic condition
Number of records: 6711379

Building Delaunay Triangulation.
Number of vertices: 6711379
Number of cells: 44722260

Writing to file /home/epfl/dforero/scratch/projects/baosystematics/patchy_results/box1/real/vetoang/mocks_void_xyz/CATALPTCICz0.466G960S1371964287.VETO_ANG.VOID.dat
Writing voids with radius in (-10,1009).
Finished successfully!
2500 -10 1009
Reading file: /home/epfl/dforero/scratch/projects/baosystematics/patchy_results/box1/real/vetoang/mocks_gal_xyz/CATALPTCICz0.466G960S1382842514.VETO_ANG.dat
Number of records: 5561096

Duplicating boundaries for periodic condition
Number of records: 6703924

Building Delaunay Triangulation.
Number of vertices: 6703924
Number of cells: 44667946

Writing to file /home/epfl/dforero/scratch/projects/baosystematics/patchy_results/box1/real/vetoang/mocks_void_xyz/CATALPTCICz0.466G960S1382842514.VETO_ANG.VOID.dat
Writing voids with radius in (-10,1009).
Finished successfully!
2500 -10 1009
Reading file: /home/epfl/dforero/scratch/projects/baosystematics/patchy_results/box1/real/vetoang/mocks_gal_xyz/CATALPTCICz0.466G960S1383769323.VETO_ANG.dat
Number of records: 5561831

Duplicating boundaries for periodic condition
Number of records: 6714367

Building Delaunay Triangulation.
Number of vertices: 6714367
Number of cells: 44742493

Writing to file /home/epfl/dforero/scratch/projects/baosystematics/patchy_results/box1/real/vetoang/mocks_void_xyz/CATALPTCICz0.466G960S1383769323.VETO_ANG.VOID.dat
Writing voids with radius in (-10,1009).
Finished successfully!
2500 -10 1009
Reading file: /home/epfl/dforero/scratch/projects/baosystematics/patchy_results/box1/real/vetoang/mocks_gal_xyz/CATALPTCICz0.466G960S1388004398.VETO_ANG.dat
Number of records: 5556790

Duplicating boundaries for periodic condition
Number of records: 6703243

Building Delaunay Triangulation.
Number of vertices: 6703243
Number of cells: 44668220

Writing to file /home/epfl/dforero/scratch/projects/baosystematics/patchy_results/box1/real/vetoang/mocks_void_xyz/CATALPTCICz0.466G960S1388004398.VETO_ANG.VOID.dat
Writing voids with radius in (-10,1009).
Finished successfully!
2500 -10 1009
Reading file: /home/epfl/dforero/scratch/projects/baosystematics/patchy_results/box1/real/vetoang/mocks_gal_xyz/CATALPTCICz0.466G960S1394568690.VETO_ANG.dat
Number of records: 5553402

Duplicating boundaries for periodic condition
Number of records: 6697495

Building Delaunay Triangulation.
Number of vertices: 6697495
Number of cells: 44627513

Writing to file /home/epfl/dforero/scratch/projects/baosystematics/patchy_results/box1/real/vetoang/mocks_void_xyz/CATALPTCICz0.466G960S1394568690.VETO_ANG.VOID.dat
Writing voids with radius in (-10,1009).
Finished successfully!
2500 -10 1009
Reading file: /home/epfl/dforero/scratch/projects/baosystematics/patchy_results/box1/real/vetoang/mocks_gal_xyz/CATALPTCICz0.466G960S1395978271.VETO_ANG.dat
Number of records: 5565232

Duplicating boundaries for periodic condition
Number of records: 6715523

Building Delaunay Triangulation.
Number of vertices: 6715523
Number of cells: 44747453

Writing to file /home/epfl/dforero/scratch/projects/baosystematics/patchy_results/box1/real/vetoang/mocks_void_xyz/CATALPTCICz0.466G960S1395978271.VETO_ANG.VOID.dat
Writing voids with radius in (-10,1009).
Finished successfully!
2500 -10 1009
Reading file: /home/epfl/dforero/scratch/projects/baosystematics/patchy_results/box1/real/vetoang/mocks_gal_xyz/CATALPTCICz0.466G960S139648886.VETO_ANG.dat
Number of records: 5559992

Duplicating boundaries for periodic condition
Number of records: 6707413

Building Delaunay Triangulation.
Number of vertices: 6707413
Number of cells: 44701147

Writing to file /home/epfl/dforero/scratch/projects/baosystematics/patchy_results/box1/real/vetoang/mocks_void_xyz/CATALPTCICz0.466G960S139648886.VETO_ANG.VOID.dat
Writing voids with radius in (-10,1009).
Finished successfully!
2500 -10 1009
Reading file: /home/epfl/dforero/scratch/projects/baosystematics/patchy_results/box1/real/vetoang/mocks_gal_xyz/CATALPTCICz0.466G960S1399725380.VETO_ANG.dat
Number of records: 5555158

Duplicating boundaries for periodic condition
Number of records: 6697969

Building Delaunay Triangulation.
Number of vertices: 6697969
Number of cells: 44633613

Writing to file /home/epfl/dforero/scratch/projects/baosystematics/patchy_results/box1/real/vetoang/mocks_void_xyz/CATALPTCICz0.466G960S1399725380.VETO_ANG.VOID.dat
Writing voids with radius in (-10,1009).
Finished successfully!
2500 -10 1009
Reading file: /home/epfl/dforero/scratch/projects/baosystematics/patchy_results/box1/real/vetoang/mocks_gal_xyz/CATALPTCICz0.466G960S1402382235.VETO_ANG.dat
Number of records: 5557371

Duplicating boundaries for periodic condition
Number of records: 6700977

Building Delaunay Triangulation.
Number of vertices: 6700977
Number of cells: 44652770

Writing to file /home/epfl/dforero/scratch/projects/baosystematics/patchy_results/box1/real/vetoang/mocks_void_xyz/CATALPTCICz0.466G960S1402382235.VETO_ANG.VOID.dat
Writing voids with radius in (-10,1009).
Finished successfully!
