2500 -10 1009
Reading file: /home/epfl/dforero/scratch/projects/baosystematics/patchy_results/box1/real/veto/mocks_gal_xyz/CATALPTCICz0.466G960S1366706407.VETO.dat
Number of records: 5860146

Duplicating boundaries for periodic condition
Number of records: 7032033

Building Delaunay Triangulation.
Number of vertices: 7032033
Number of cells: 46848853

Writing to file /home/epfl/dforero/scratch/projects/baosystematics/patchy_results/box1/real/veto/mocks_void_xyz/CATALPTCICz0.466G960S1366706407.VETO.VOID.dat
Writing voids with radius in (-10,1009).
Finished successfully!
2500 -10 1009
Reading file: /home/epfl/dforero/scratch/projects/baosystematics/patchy_results/box1/real/veto/mocks_gal_xyz/CATALPTCICz0.466G960S1371964287.VETO.dat
Number of records: 5855069

Duplicating boundaries for periodic condition
Number of records: 7034375

Building Delaunay Triangulation.
Number of vertices: 7034375
Number of cells: 46858154

Writing to file /home/epfl/dforero/scratch/projects/baosystematics/patchy_results/box1/real/veto/mocks_void_xyz/CATALPTCICz0.466G960S1371964287.VETO.VOID.dat
Writing voids with radius in (-10,1009).
Finished successfully!
2500 -10 1009
Reading file: /home/epfl/dforero/scratch/projects/baosystematics/patchy_results/box1/real/veto/mocks_gal_xyz/CATALPTCICz0.466G960S1382842514.VETO.dat
Number of records: 5858460

Duplicating boundaries for periodic condition
Number of records: 7026021

Building Delaunay Triangulation.
Number of vertices: 7026021
Number of cells: 46797736

Writing to file /home/epfl/dforero/scratch/projects/baosystematics/patchy_results/box1/real/veto/mocks_void_xyz/CATALPTCICz0.466G960S1382842514.VETO.VOID.dat
Writing voids with radius in (-10,1009).
Finished successfully!
2500 -10 1009
Reading file: /home/epfl/dforero/scratch/projects/baosystematics/patchy_results/box1/real/veto/mocks_gal_xyz/CATALPTCICz0.466G960S1383769323.VETO.dat
Number of records: 5861466

Duplicating boundaries for periodic condition
Number of records: 7039514

Building Delaunay Triangulation.
Number of vertices: 7039514
Number of cells: 46893024

Writing to file /home/epfl/dforero/scratch/projects/baosystematics/patchy_results/box1/real/veto/mocks_void_xyz/CATALPTCICz0.466G960S1383769323.VETO.VOID.dat
Writing voids with radius in (-10,1009).
Finished successfully!
2500 -10 1009
Reading file: /home/epfl/dforero/scratch/projects/baosystematics/patchy_results/box1/real/veto/mocks_gal_xyz/CATALPTCICz0.466G960S1388004398.VETO.dat
Number of records: 5854941

Duplicating boundaries for periodic condition
Number of records: 7027469

Building Delaunay Triangulation.
Number of vertices: 7027469
Number of cells: 46811300

Writing to file /home/epfl/dforero/scratch/projects/baosystematics/patchy_results/box1/real/veto/mocks_void_xyz/CATALPTCICz0.466G960S1388004398.VETO.VOID.dat
Writing voids with radius in (-10,1009).
Finished successfully!
2500 -10 1009
Reading file: /home/epfl/dforero/scratch/projects/baosystematics/patchy_results/box1/real/veto/mocks_gal_xyz/CATALPTCICz0.466G960S1394568690.VETO.dat
Number of records: 5850754

Duplicating boundaries for periodic condition
Number of records: 7020008

Building Delaunay Triangulation.
Number of vertices: 7020008
Number of cells: 46759821

Writing to file /home/epfl/dforero/scratch/projects/baosystematics/patchy_results/box1/real/veto/mocks_void_xyz/CATALPTCICz0.466G960S1394568690.VETO.VOID.dat
Writing voids with radius in (-10,1009).
Finished successfully!
2500 -10 1009
Reading file: /home/epfl/dforero/scratch/projects/baosystematics/patchy_results/box1/real/veto/mocks_gal_xyz/CATALPTCICz0.466G960S1395978271.VETO.dat
Number of records: 5862564

Duplicating boundaries for periodic condition
Number of records: 7037973

Building Delaunay Triangulation.
Number of vertices: 7037973
Number of cells: 46879713

Writing to file /home/epfl/dforero/scratch/projects/baosystematics/patchy_results/box1/real/veto/mocks_void_xyz/CATALPTCICz0.466G960S1395978271.VETO.VOID.dat
Writing voids with radius in (-10,1009).
Finished successfully!
2500 -10 1009
Reading file: /home/epfl/dforero/scratch/projects/baosystematics/patchy_results/box1/real/veto/mocks_gal_xyz/CATALPTCICz0.466G960S139648886.VETO.dat
Number of records: 5857442

Duplicating boundaries for periodic condition
Number of records: 7029321

Building Delaunay Triangulation.
Number of vertices: 7029321
Number of cells: 46829200

Writing to file /home/epfl/dforero/scratch/projects/baosystematics/patchy_results/box1/real/veto/mocks_void_xyz/CATALPTCICz0.466G960S139648886.VETO.VOID.dat
Writing voids with radius in (-10,1009).
Finished successfully!
2500 -10 1009
Reading file: /home/epfl/dforero/scratch/projects/baosystematics/patchy_results/box1/real/veto/mocks_gal_xyz/CATALPTCICz0.466G960S1399725380.VETO.dat
Number of records: 5852876

Duplicating boundaries for periodic condition
Number of records: 7020638

Building Delaunay Triangulation.
Number of vertices: 7020638
Number of cells: 46768779

Writing to file /home/epfl/dforero/scratch/projects/baosystematics/patchy_results/box1/real/veto/mocks_void_xyz/CATALPTCICz0.466G960S1399725380.VETO.VOID.dat
Writing voids with radius in (-10,1009).
Finished successfully!
2500 -10 1009
Reading file: /home/epfl/dforero/scratch/projects/baosystematics/patchy_results/box1/real/veto/mocks_gal_xyz/CATALPTCICz0.466G960S1402382235.VETO.dat
Number of records: 5855439

Duplicating boundaries for periodic condition
Number of records: 7024204

Building Delaunay Triangulation.
Number of vertices: 7024204
Number of cells: 46789950

Writing to file /home/epfl/dforero/scratch/projects/baosystematics/patchy_results/box1/real/veto/mocks_void_xyz/CATALPTCICz0.466G960S1402382235.VETO.VOID.dat
Writing voids with radius in (-10,1009).
Finished successfully!
