2500 -10 1009
Reading file: /home/epfl/dforero/scratch/projects/baosystematics/patchy_results/box1/real/vetoang/mocks_gal_xyz/CATALPTCICz0.466G960S1409783393.VETO_ANG.dat
Number of records: 5558906

Duplicating boundaries for periodic condition
Number of records: 6705612

Building Delaunay Triangulation.
Number of vertices: 6705612
Number of cells: 44683601

Writing to file /home/epfl/dforero/scratch/projects/baosystematics/patchy_results/box1/real/vetoang/mocks_void_xyz/CATALPTCICz0.466G960S1409783393.VETO_ANG.VOID.dat
Writing voids with radius in (-10,1009).
Finished successfully!
2500 -10 1009
Reading file: /home/epfl/dforero/scratch/projects/baosystematics/patchy_results/box1/real/vetoang/mocks_gal_xyz/CATALPTCICz0.466G960S1409803201.VETO_ANG.dat
Number of records: 5566066

Duplicating boundaries for periodic condition
Number of records: 6711946

Building Delaunay Triangulation.
Number of vertices: 6711946
Number of cells: 44724362

Writing to file /home/epfl/dforero/scratch/projects/baosystematics/patchy_results/box1/real/vetoang/mocks_void_xyz/CATALPTCICz0.466G960S1409803201.VETO_ANG.VOID.dat
Writing voids with radius in (-10,1009).
Finished successfully!
2500 -10 1009
Reading file: /home/epfl/dforero/scratch/projects/baosystematics/patchy_results/box1/real/vetoang/mocks_gal_xyz/CATALPTCICz0.466G960S1412768225.VETO_ANG.dat
Number of records: 5559889

Duplicating boundaries for periodic condition
Number of records: 6712659

Building Delaunay Triangulation.
Number of vertices: 6712659
Number of cells: 44728855

Writing to file /home/epfl/dforero/scratch/projects/baosystematics/patchy_results/box1/real/vetoang/mocks_void_xyz/CATALPTCICz0.466G960S1412768225.VETO_ANG.VOID.dat
Writing voids with radius in (-10,1009).
Finished successfully!
2500 -10 1009
Reading file: /home/epfl/dforero/scratch/projects/baosystematics/patchy_results/box1/real/vetoang/mocks_gal_xyz/CATALPTCICz0.466G960S1415001107.VETO_ANG.dat
Number of records: 5559111

Duplicating boundaries for periodic condition
Number of records: 6704132

Building Delaunay Triangulation.
Number of vertices: 6704132
Number of cells: 44669621

Writing to file /home/epfl/dforero/scratch/projects/baosystematics/patchy_results/box1/real/vetoang/mocks_void_xyz/CATALPTCICz0.466G960S1415001107.VETO_ANG.VOID.dat
Writing voids with radius in (-10,1009).
Finished successfully!
2500 -10 1009
Reading file: /home/epfl/dforero/scratch/projects/baosystematics/patchy_results/box1/real/vetoang/mocks_gal_xyz/CATALPTCICz0.466G960S1419734074.VETO_ANG.dat
Number of records: 5559223

Duplicating boundaries for periodic condition
Number of records: 6708398

Building Delaunay Triangulation.
Number of vertices: 6708398
Number of cells: 44701261

Writing to file /home/epfl/dforero/scratch/projects/baosystematics/patchy_results/box1/real/vetoang/mocks_void_xyz/CATALPTCICz0.466G960S1419734074.VETO_ANG.VOID.dat
Writing voids with radius in (-10,1009).
Finished successfully!
2500 -10 1009
Reading file: /home/epfl/dforero/scratch/projects/baosystematics/patchy_results/box1/real/vetoang/mocks_gal_xyz/CATALPTCICz0.466G960S1428348139.VETO_ANG.dat
Number of records: 5554873

Duplicating boundaries for periodic condition
Number of records: 6709222

Building Delaunay Triangulation.
Number of vertices: 6709222
Number of cells: 44706577

Writing to file /home/epfl/dforero/scratch/projects/baosystematics/patchy_results/box1/real/vetoang/mocks_void_xyz/CATALPTCICz0.466G960S1428348139.VETO_ANG.VOID.dat
Writing voids with radius in (-10,1009).
Finished successfully!
2500 -10 1009
Reading file: /home/epfl/dforero/scratch/projects/baosystematics/patchy_results/box1/real/vetoang/mocks_gal_xyz/CATALPTCICz0.466G960S1431773317.VETO_ANG.dat
Number of records: 5558028

Duplicating boundaries for periodic condition
Number of records: 6702681

Building Delaunay Triangulation.
Number of vertices: 6702681
Number of cells: 44660134

Writing to file /home/epfl/dforero/scratch/projects/baosystematics/patchy_results/box1/real/vetoang/mocks_void_xyz/CATALPTCICz0.466G960S1431773317.VETO_ANG.VOID.dat
Writing voids with radius in (-10,1009).
Finished successfully!
2500 -10 1009
Reading file: /home/epfl/dforero/scratch/projects/baosystematics/patchy_results/box1/real/vetoang/mocks_gal_xyz/CATALPTCICz0.466G960S1440768444.VETO_ANG.dat
Number of records: 5557818

Duplicating boundaries for periodic condition
Number of records: 6706748

Building Delaunay Triangulation.
Number of vertices: 6706747
Number of cells: 44692053

Writing to file /home/epfl/dforero/scratch/projects/baosystematics/patchy_results/box1/real/vetoang/mocks_void_xyz/CATALPTCICz0.466G960S1440768444.VETO_ANG.VOID.dat
Writing voids with radius in (-10,1009).
Finished successfully!
2500 -10 1009
Reading file: /home/epfl/dforero/scratch/projects/baosystematics/patchy_results/box1/real/vetoang/mocks_gal_xyz/CATALPTCICz0.466G960S1448773697.VETO_ANG.dat
Number of records: 5552647

Duplicating boundaries for periodic condition
Number of records: 6702379

Building Delaunay Triangulation.
Number of vertices: 6702379
Number of cells: 44661951

Writing to file /home/epfl/dforero/scratch/projects/baosystematics/patchy_results/box1/real/vetoang/mocks_void_xyz/CATALPTCICz0.466G960S1448773697.VETO_ANG.VOID.dat
Writing voids with radius in (-10,1009).
Finished successfully!
2500 -10 1009
Reading file: /home/epfl/dforero/scratch/projects/baosystematics/patchy_results/box1/real/vetoang/mocks_gal_xyz/CATALPTCICz0.466G960S1450112253.VETO_ANG.dat
Number of records: 5560687

Duplicating boundaries for periodic condition
Number of records: 6710872

Building Delaunay Triangulation.
Number of vertices: 6710872
Number of cells: 44709212

Writing to file /home/epfl/dforero/scratch/projects/baosystematics/patchy_results/box1/real/vetoang/mocks_void_xyz/CATALPTCICz0.466G960S1450112253.VETO_ANG.VOID.dat
Writing voids with radius in (-10,1009).
Finished successfully!
