2500 -10 1009
Reading file: /home/epfl/dforero/scratch/projects/baosystematics/patchy_results/box1/real/veto/mocks_gal_xyz/CATALPTCICz0.466G960S257253385.VETO.dat
Number of records: 5857525

Duplicating boundaries for periodic condition
Number of records: 7032525

Building Delaunay Triangulation.
Number of vertices: 7032525
Number of cells: 46852862

Writing to file /home/epfl/dforero/scratch/projects/baosystematics/patchy_results/box1/real/veto/mocks_void_xyz/CATALPTCICz0.466G960S257253385.VETO.VOID.dat
Writing voids with radius in (-10,1009).
Finished successfully!
2500 -10 1009
Reading file: /home/epfl/dforero/scratch/projects/baosystematics/patchy_results/box1/real/veto/mocks_gal_xyz/CATALPTCICz0.466G960S261201481.VETO.dat
Number of records: 5855578

Duplicating boundaries for periodic condition
Number of records: 7024350

Building Delaunay Triangulation.
Number of vertices: 7024350
Number of cells: 46792194

Writing to file /home/epfl/dforero/scratch/projects/baosystematics/patchy_results/box1/real/veto/mocks_void_xyz/CATALPTCICz0.466G960S261201481.VETO.VOID.dat
Writing voids with radius in (-10,1009).
Finished successfully!
2500 -10 1009
Reading file: /home/epfl/dforero/scratch/projects/baosystematics/patchy_results/box1/real/veto/mocks_gal_xyz/CATALPTCICz0.466G960S262811362.VETO.dat
Number of records: 5856248

Duplicating boundaries for periodic condition
Number of records: 7026205

Building Delaunay Triangulation.
Number of vertices: 7026205
Number of cells: 46799645

Writing to file /home/epfl/dforero/scratch/projects/baosystematics/patchy_results/box1/real/veto/mocks_void_xyz/CATALPTCICz0.466G960S262811362.VETO.VOID.dat
Writing voids with radius in (-10,1009).
Finished successfully!
2500 -10 1009
Reading file: /home/epfl/dforero/scratch/projects/baosystematics/patchy_results/box1/real/veto/mocks_gal_xyz/CATALPTCICz0.466G960S264186893.VETO.dat
Number of records: 5851499

Duplicating boundaries for periodic condition
Number of records: 7026012

Building Delaunay Triangulation.
Number of vertices: 7026012
Number of cells: 46803634

Writing to file /home/epfl/dforero/scratch/projects/baosystematics/patchy_results/box1/real/veto/mocks_void_xyz/CATALPTCICz0.466G960S264186893.VETO.VOID.dat
Writing voids with radius in (-10,1009).
Finished successfully!
2500 -10 1009
Reading file: /home/epfl/dforero/scratch/projects/baosystematics/patchy_results/box1/real/veto/mocks_gal_xyz/CATALPTCICz0.466G960S268880201.VETO.dat
Number of records: 5858922

Duplicating boundaries for periodic condition
Number of records: 7037677

Building Delaunay Triangulation.
Number of vertices: 7037677
Number of cells: 46877056

Writing to file /home/epfl/dforero/scratch/projects/baosystematics/patchy_results/box1/real/veto/mocks_void_xyz/CATALPTCICz0.466G960S268880201.VETO.VOID.dat
Writing voids with radius in (-10,1009).
Finished successfully!
2500 -10 1009
Reading file: /home/epfl/dforero/scratch/projects/baosystematics/patchy_results/box1/real/veto/mocks_gal_xyz/CATALPTCICz0.466G960S272565369.VETO.dat
Number of records: 5853083

Duplicating boundaries for periodic condition
Number of records: 7026576

Building Delaunay Triangulation.
Number of vertices: 7026576
Number of cells: 46807058

Writing to file /home/epfl/dforero/scratch/projects/baosystematics/patchy_results/box1/real/veto/mocks_void_xyz/CATALPTCICz0.466G960S272565369.VETO.VOID.dat
Writing voids with radius in (-10,1009).
Finished successfully!
2500 -10 1009
Reading file: /home/epfl/dforero/scratch/projects/baosystematics/patchy_results/box1/real/veto/mocks_gal_xyz/CATALPTCICz0.466G960S274740355.VETO.dat
Number of records: 5855264

Duplicating boundaries for periodic condition
Number of records: 7025674

Building Delaunay Triangulation.
Number of vertices: 7025674
Number of cells: 46798804

Writing to file /home/epfl/dforero/scratch/projects/baosystematics/patchy_results/box1/real/veto/mocks_void_xyz/CATALPTCICz0.466G960S274740355.VETO.VOID.dat
Writing voids with radius in (-10,1009).
Finished successfully!
2500 -10 1009
Reading file: /home/epfl/dforero/scratch/projects/baosystematics/patchy_results/box1/real/veto/mocks_gal_xyz/CATALPTCICz0.466G960S276290543.VETO.dat
Number of records: 5855701

Duplicating boundaries for periodic condition
Number of records: 7026766

Building Delaunay Triangulation.
Number of vertices: 7026766
Number of cells: 46807836

Writing to file /home/epfl/dforero/scratch/projects/baosystematics/patchy_results/box1/real/veto/mocks_void_xyz/CATALPTCICz0.466G960S276290543.VETO.VOID.dat
Writing voids with radius in (-10,1009).
Finished successfully!
2500 -10 1009
Reading file: /home/epfl/dforero/scratch/projects/baosystematics/patchy_results/box1/real/veto/mocks_gal_xyz/CATALPTCICz0.466G960S277839001.VETO.dat
Number of records: 5848938

Duplicating boundaries for periodic condition
Number of records: 7019634

Building Delaunay Triangulation.
Number of vertices: 7019634
Number of cells: 46752405

Writing to file /home/epfl/dforero/scratch/projects/baosystematics/patchy_results/box1/real/veto/mocks_void_xyz/CATALPTCICz0.466G960S277839001.VETO.VOID.dat
Writing voids with radius in (-10,1009).
Finished successfully!
2500 -10 1009
Reading file: /home/epfl/dforero/scratch/projects/baosystematics/patchy_results/box1/real/veto/mocks_gal_xyz/CATALPTCICz0.466G960S280373319.VETO.dat
Number of records: 5856983

Duplicating boundaries for periodic condition
Number of records: 7023604

Building Delaunay Triangulation.
Number of vertices: 7023604
Number of cells: 46787139

Writing to file /home/epfl/dforero/scratch/projects/baosystematics/patchy_results/box1/real/veto/mocks_void_xyz/CATALPTCICz0.466G960S280373319.VETO.VOID.dat
Writing voids with radius in (-10,1009).
Finished successfully!
