2500 -10 1009
Reading file: /home/epfl/dforero/scratch/projects/baosystematics/patchy_results/box1/real/ang/mocks_gal_xyz/CATALPTCICz0.466G960S1366706407.ANG.dat
Number of records: 5898832

Duplicating boundaries for periodic condition
Number of records: 7136656

Building Delaunay Triangulation.
Number of vertices: 7136656
Number of cells: 47585070

Writing to file /home/epfl/dforero/scratch/projects/baosystematics/patchy_results/box1/real/ang/mocks_void_xyz/CATALPTCICz0.466G960S1366706407.ANG.VOID.dat
Writing voids with radius in (-10,1009).
Finished successfully!
2500 -10 1009
Reading file: /home/epfl/dforero/scratch/projects/baosystematics/patchy_results/box1/real/ang/mocks_gal_xyz/CATALPTCICz0.466G960S1371964287.ANG.dat
Number of records: 5899250

Duplicating boundaries for periodic condition
Number of records: 7145055

Building Delaunay Triangulation.
Number of vertices: 7145055
Number of cells: 47633491

Writing to file /home/epfl/dforero/scratch/projects/baosystematics/patchy_results/box1/real/ang/mocks_void_xyz/CATALPTCICz0.466G960S1371964287.ANG.VOID.dat
Writing voids with radius in (-10,1009).
Finished successfully!
2500 -10 1009
Reading file: /home/epfl/dforero/scratch/projects/baosystematics/patchy_results/box1/real/ang/mocks_gal_xyz/CATALPTCICz0.466G960S1382842514.ANG.dat
Number of records: 5898435

Duplicating boundaries for periodic condition
Number of records: 7131178

Building Delaunay Triangulation.
Number of vertices: 7131178
Number of cells: 47540628

Writing to file /home/epfl/dforero/scratch/projects/baosystematics/patchy_results/box1/real/ang/mocks_void_xyz/CATALPTCICz0.466G960S1382842514.ANG.VOID.dat
Writing voids with radius in (-10,1009).
Finished successfully!
2500 -10 1009
Reading file: /home/epfl/dforero/scratch/projects/baosystematics/patchy_results/box1/real/ang/mocks_gal_xyz/CATALPTCICz0.466G960S1383769323.ANG.dat
Number of records: 5898157

Duplicating boundaries for periodic condition
Number of records: 7140614

Building Delaunay Triangulation.
Number of vertices: 7140614
Number of cells: 47605504

Writing to file /home/epfl/dforero/scratch/projects/baosystematics/patchy_results/box1/real/ang/mocks_void_xyz/CATALPTCICz0.466G960S1383769323.ANG.VOID.dat
Writing voids with radius in (-10,1009).
Finished successfully!
2500 -10 1009
Reading file: /home/epfl/dforero/scratch/projects/baosystematics/patchy_results/box1/real/ang/mocks_gal_xyz/CATALPTCICz0.466G960S1388004398.ANG.dat
Number of records: 5899398

Duplicating boundaries for periodic condition
Number of records: 7137310

Building Delaunay Triangulation.
Number of vertices: 7137310
Number of cells: 47583228

Writing to file /home/epfl/dforero/scratch/projects/baosystematics/patchy_results/box1/real/ang/mocks_void_xyz/CATALPTCICz0.466G960S1388004398.ANG.VOID.dat
Writing voids with radius in (-10,1009).
Finished successfully!
2500 -10 1009
Reading file: /home/epfl/dforero/scratch/projects/baosystematics/patchy_results/box1/real/ang/mocks_gal_xyz/CATALPTCICz0.466G960S1394568690.ANG.dat
Number of records: 5894855

Duplicating boundaries for periodic condition
Number of records: 7130240

Building Delaunay Triangulation.
Number of vertices: 7130240
Number of cells: 47534516

Writing to file /home/epfl/dforero/scratch/projects/baosystematics/patchy_results/box1/real/ang/mocks_void_xyz/CATALPTCICz0.466G960S1394568690.ANG.VOID.dat
Writing voids with radius in (-10,1009).
Finished successfully!
2500 -10 1009
Reading file: /home/epfl/dforero/scratch/projects/baosystematics/patchy_results/box1/real/ang/mocks_gal_xyz/CATALPTCICz0.466G960S1395978271.ANG.dat
Number of records: 5900736

Duplicating boundaries for periodic condition
Number of records: 7140800

Building Delaunay Triangulation.
Number of vertices: 7140800
Number of cells: 47605471

Writing to file /home/epfl/dforero/scratch/projects/baosystematics/patchy_results/box1/real/ang/mocks_void_xyz/CATALPTCICz0.466G960S1395978271.ANG.VOID.dat
Writing voids with radius in (-10,1009).
Finished successfully!
2500 -10 1009
Reading file: /home/epfl/dforero/scratch/projects/baosystematics/patchy_results/box1/real/ang/mocks_gal_xyz/CATALPTCICz0.466G960S139648886.ANG.dat
Number of records: 5899948

Duplicating boundaries for periodic condition
Number of records: 7138318

Building Delaunay Triangulation.
Number of vertices: 7138318
Number of cells: 47596313

Writing to file /home/epfl/dforero/scratch/projects/baosystematics/patchy_results/box1/real/ang/mocks_void_xyz/CATALPTCICz0.466G960S139648886.ANG.VOID.dat
Writing voids with radius in (-10,1009).
Finished successfully!
2500 -10 1009
Reading file: /home/epfl/dforero/scratch/projects/baosystematics/patchy_results/box1/real/ang/mocks_gal_xyz/CATALPTCICz0.466G960S1399725380.ANG.dat
Number of records: 5899441

Duplicating boundaries for periodic condition
Number of records: 7137078

Building Delaunay Triangulation.
Number of vertices: 7137078
Number of cells: 47583300

Writing to file /home/epfl/dforero/scratch/projects/baosystematics/patchy_results/box1/real/ang/mocks_void_xyz/CATALPTCICz0.466G960S1399725380.ANG.VOID.dat
Writing voids with radius in (-10,1009).
Finished successfully!
2500 -10 1009
Reading file: /home/epfl/dforero/scratch/projects/baosystematics/patchy_results/box1/real/ang/mocks_gal_xyz/CATALPTCICz0.466G960S1402382235.ANG.dat
Number of records: 5896840

Duplicating boundaries for periodic condition
Number of records: 7133138

Building Delaunay Triangulation.
Number of vertices: 7133138
Number of cells: 47555788

Writing to file /home/epfl/dforero/scratch/projects/baosystematics/patchy_results/box1/real/ang/mocks_void_xyz/CATALPTCICz0.466G960S1402382235.ANG.VOID.dat
Writing voids with radius in (-10,1009).
Finished successfully!
