2500 -10 1009
Reading file: /home/epfl/dforero/scratch/projects/baosystematics/patchy_results/box1/real/veto/mocks_gal_xyz/CATALPTCICz0.466G960S1579594552.VETO.dat
Number of records: 5859251

Duplicating boundaries for periodic condition
Number of records: 7022246

Building Delaunay Triangulation.
Number of vertices: 7022246
Number of cells: 46771015

Writing to file /home/epfl/dforero/scratch/projects/baosystematics/patchy_results/box1/real/veto/mocks_void_xyz/CATALPTCICz0.466G960S1579594552.VETO.VOID.dat
Writing voids with radius in (-10,1009).
Finished successfully!
2500 -10 1009
Reading file: /home/epfl/dforero/scratch/projects/baosystematics/patchy_results/box1/real/veto/mocks_gal_xyz/CATALPTCICz0.466G960S1586223277.VETO.dat
Number of records: 5857729

Duplicating boundaries for periodic condition
Number of records: 7032544

Building Delaunay Triangulation.
Number of vertices: 7032544
Number of cells: 46837697

Writing to file /home/epfl/dforero/scratch/projects/baosystematics/patchy_results/box1/real/veto/mocks_void_xyz/CATALPTCICz0.466G960S1586223277.VETO.VOID.dat
Writing voids with radius in (-10,1009).
Finished successfully!
2500 -10 1009
Reading file: /home/epfl/dforero/scratch/projects/baosystematics/patchy_results/box1/real/veto/mocks_gal_xyz/CATALPTCICz0.466G960S1594480644.VETO.dat
Number of records: 5859451

Duplicating boundaries for periodic condition
Number of records: 7036837

Building Delaunay Triangulation.
Number of vertices: 7036837
Number of cells: 46873604

Writing to file /home/epfl/dforero/scratch/projects/baosystematics/patchy_results/box1/real/veto/mocks_void_xyz/CATALPTCICz0.466G960S1594480644.VETO.VOID.dat
Writing voids with radius in (-10,1009).
Finished successfully!
2500 -10 1009
Reading file: /home/epfl/dforero/scratch/projects/baosystematics/patchy_results/box1/real/veto/mocks_gal_xyz/CATALPTCICz0.466G960S1601254869.VETO.dat
Number of records: 5860662

Duplicating boundaries for periodic condition
Number of records: 7029433

Building Delaunay Triangulation.
Number of vertices: 7029433
Number of cells: 46820765

Writing to file /home/epfl/dforero/scratch/projects/baosystematics/patchy_results/box1/real/veto/mocks_void_xyz/CATALPTCICz0.466G960S1601254869.VETO.VOID.dat
Writing voids with radius in (-10,1009).
Finished successfully!
2500 -10 1009
Reading file: /home/epfl/dforero/scratch/projects/baosystematics/patchy_results/box1/real/veto/mocks_gal_xyz/CATALPTCICz0.466G960S1602453706.VETO.dat
Number of records: 5858129

Duplicating boundaries for periodic condition
Number of records: 7029736

Building Delaunay Triangulation.
Number of vertices: 7029736
Number of cells: 46817419

Writing to file /home/epfl/dforero/scratch/projects/baosystematics/patchy_results/box1/real/veto/mocks_void_xyz/CATALPTCICz0.466G960S1602453706.VETO.VOID.dat
Writing voids with radius in (-10,1009).
Finished successfully!
2500 -10 1009
Reading file: /home/epfl/dforero/scratch/projects/baosystematics/patchy_results/box1/real/veto/mocks_gal_xyz/CATALPTCICz0.466G960S1606030092.VETO.dat
Number of records: 5855633

Duplicating boundaries for periodic condition
Number of records: 7029588

Building Delaunay Triangulation.
Number of vertices: 7029588
Number of cells: 46822566

Writing to file /home/epfl/dforero/scratch/projects/baosystematics/patchy_results/box1/real/veto/mocks_void_xyz/CATALPTCICz0.466G960S1606030092.VETO.VOID.dat
Writing voids with radius in (-10,1009).
Finished successfully!
2500 -10 1009
Reading file: /home/epfl/dforero/scratch/projects/baosystematics/patchy_results/box1/real/veto/mocks_gal_xyz/CATALPTCICz0.466G960S1612241734.VETO.dat
Number of records: 5854996

Duplicating boundaries for periodic condition
Number of records: 7032659

Building Delaunay Triangulation.
Number of vertices: 7032659
Number of cells: 46841148

Writing to file /home/epfl/dforero/scratch/projects/baosystematics/patchy_results/box1/real/veto/mocks_void_xyz/CATALPTCICz0.466G960S1612241734.VETO.VOID.dat
Writing voids with radius in (-10,1009).
Finished successfully!
2500 -10 1009
Reading file: /home/epfl/dforero/scratch/projects/baosystematics/patchy_results/box1/real/veto/mocks_gal_xyz/CATALPTCICz0.466G960S1618016355.VETO.dat
Number of records: 5855205

Duplicating boundaries for periodic condition
Number of records: 7033124

Building Delaunay Triangulation.
Number of vertices: 7033124
Number of cells: 46847058

Writing to file /home/epfl/dforero/scratch/projects/baosystematics/patchy_results/box1/real/veto/mocks_void_xyz/CATALPTCICz0.466G960S1618016355.VETO.VOID.dat
Writing voids with radius in (-10,1009).
Finished successfully!
2500 -10 1009
Reading file: /home/epfl/dforero/scratch/projects/baosystematics/patchy_results/box1/real/veto/mocks_gal_xyz/CATALPTCICz0.466G960S1618325649.VETO.dat
Number of records: 5856047

Duplicating boundaries for periodic condition
Number of records: 7026273

Building Delaunay Triangulation.
Number of vertices: 7026273
Number of cells: 46805437

Writing to file /home/epfl/dforero/scratch/projects/baosystematics/patchy_results/box1/real/veto/mocks_void_xyz/CATALPTCICz0.466G960S1618325649.VETO.VOID.dat
Writing voids with radius in (-10,1009).
Finished successfully!
2500 -10 1009
Reading file: /home/epfl/dforero/scratch/projects/baosystematics/patchy_results/box1/real/veto/mocks_gal_xyz/CATALPTCICz0.466G960S162548710.VETO.dat
Number of records: 5860919

Duplicating boundaries for periodic condition
Number of records: 7034903

Building Delaunay Triangulation.
Number of vertices: 7034903
Number of cells: 46861542

Writing to file /home/epfl/dforero/scratch/projects/baosystematics/patchy_results/box1/real/veto/mocks_void_xyz/CATALPTCICz0.466G960S162548710.VETO.VOID.dat
Writing voids with radius in (-10,1009).
Finished successfully!
