2500 -10 1009
Reading file: /home/epfl/dforero/scratch/projects/baosystematics/patchy_results/box1/real/veto/mocks_gal_xyz/CATALPTCICz0.466G960S1503770694.VETO.dat
Number of records: 5856633

Duplicating boundaries for periodic condition
Number of records: 7022275

Building Delaunay Triangulation.
Number of vertices: 7022275
Number of cells: 46781283

Writing to file /home/epfl/dforero/scratch/projects/baosystematics/patchy_results/box1/real/veto/mocks_void_xyz/CATALPTCICz0.466G960S1503770694.VETO.VOID.dat
Writing voids with radius in (-10,1009).
Finished successfully!
2500 -10 1009
Reading file: /home/epfl/dforero/scratch/projects/baosystematics/patchy_results/box1/real/veto/mocks_gal_xyz/CATALPTCICz0.466G960S1520182503.VETO.dat
Number of records: 5858832

Duplicating boundaries for periodic condition
Number of records: 7036883

Building Delaunay Triangulation.
Number of vertices: 7036883
Number of cells: 46875101

Writing to file /home/epfl/dforero/scratch/projects/baosystematics/patchy_results/box1/real/veto/mocks_void_xyz/CATALPTCICz0.466G960S1520182503.VETO.VOID.dat
Writing voids with radius in (-10,1009).
Finished successfully!
2500 -10 1009
Reading file: /home/epfl/dforero/scratch/projects/baosystematics/patchy_results/box1/real/veto/mocks_gal_xyz/CATALPTCICz0.466G960S1524490253.VETO.dat
Number of records: 5857726

Duplicating boundaries for periodic condition
Number of records: 7036225

Building Delaunay Triangulation.
Number of vertices: 7036225
Number of cells: 46861685

Writing to file /home/epfl/dforero/scratch/projects/baosystematics/patchy_results/box1/real/veto/mocks_void_xyz/CATALPTCICz0.466G960S1524490253.VETO.VOID.dat
Writing voids with radius in (-10,1009).
Finished successfully!
2500 -10 1009
Reading file: /home/epfl/dforero/scratch/projects/baosystematics/patchy_results/box1/real/veto/mocks_gal_xyz/CATALPTCICz0.466G960S1530445319.VETO.dat
Number of records: 5855180

Duplicating boundaries for periodic condition
Number of records: 7029136

Building Delaunay Triangulation.
Number of vertices: 7029136
Number of cells: 46818162

Writing to file /home/epfl/dforero/scratch/projects/baosystematics/patchy_results/box1/real/veto/mocks_void_xyz/CATALPTCICz0.466G960S1530445319.VETO.VOID.dat
Writing voids with radius in (-10,1009).
Finished successfully!
2500 -10 1009
Reading file: /home/epfl/dforero/scratch/projects/baosystematics/patchy_results/box1/real/veto/mocks_gal_xyz/CATALPTCICz0.466G960S1534617702.VETO.dat
Number of records: 5853626

Duplicating boundaries for periodic condition
Number of records: 7033004

Building Delaunay Triangulation.
Number of vertices: 7033004
Number of cells: 46849188

Writing to file /home/epfl/dforero/scratch/projects/baosystematics/patchy_results/box1/real/veto/mocks_void_xyz/CATALPTCICz0.466G960S1534617702.VETO.VOID.dat
Writing voids with radius in (-10,1009).
Finished successfully!
2500 -10 1009
Reading file: /home/epfl/dforero/scratch/projects/baosystematics/patchy_results/box1/real/veto/mocks_gal_xyz/CATALPTCICz0.466G960S153701285.VETO.dat
Number of records: 5857893

Duplicating boundaries for periodic condition
Number of records: 7031151

Building Delaunay Triangulation.
Number of vertices: 7031151
Number of cells: 46834111

Writing to file /home/epfl/dforero/scratch/projects/baosystematics/patchy_results/box1/real/veto/mocks_void_xyz/CATALPTCICz0.466G960S153701285.VETO.VOID.dat
Writing voids with radius in (-10,1009).
Finished successfully!
2500 -10 1009
Reading file: /home/epfl/dforero/scratch/projects/baosystematics/patchy_results/box1/real/veto/mocks_gal_xyz/CATALPTCICz0.466G960S1539764651.VETO.dat
Number of records: 5856773

Duplicating boundaries for periodic condition
Number of records: 7030158

Building Delaunay Triangulation.
Number of vertices: 7030158
Number of cells: 46835406

Writing to file /home/epfl/dforero/scratch/projects/baosystematics/patchy_results/box1/real/veto/mocks_void_xyz/CATALPTCICz0.466G960S1539764651.VETO.VOID.dat
Writing voids with radius in (-10,1009).
Finished successfully!
2500 -10 1009
Reading file: /home/epfl/dforero/scratch/projects/baosystematics/patchy_results/box1/real/veto/mocks_gal_xyz/CATALPTCICz0.466G960S1541229556.VETO.dat
Number of records: 5853084

Duplicating boundaries for periodic condition
Number of records: 7016218

Building Delaunay Triangulation.
Number of vertices: 7016218
Number of cells: 46742859

Writing to file /home/epfl/dforero/scratch/projects/baosystematics/patchy_results/box1/real/veto/mocks_void_xyz/CATALPTCICz0.466G960S1541229556.VETO.VOID.dat
Writing voids with radius in (-10,1009).
Finished successfully!
2500 -10 1009
Reading file: /home/epfl/dforero/scratch/projects/baosystematics/patchy_results/box1/real/veto/mocks_gal_xyz/CATALPTCICz0.466G960S1547631430.VETO.dat
Number of records: 5851820

Duplicating boundaries for periodic condition
Number of records: 7027575

Building Delaunay Triangulation.
Number of vertices: 7027575
Number of cells: 46809749

Writing to file /home/epfl/dforero/scratch/projects/baosystematics/patchy_results/box1/real/veto/mocks_void_xyz/CATALPTCICz0.466G960S1547631430.VETO.VOID.dat
Writing voids with radius in (-10,1009).
Finished successfully!
2500 -10 1009
Reading file: /home/epfl/dforero/scratch/projects/baosystematics/patchy_results/box1/real/veto/mocks_gal_xyz/CATALPTCICz0.466G960S154946453.VETO.dat
Number of records: 5855605

Duplicating boundaries for periodic condition
Number of records: 7031318

Building Delaunay Triangulation.
Number of vertices: 7031318
Number of cells: 46831842

Writing to file /home/epfl/dforero/scratch/projects/baosystematics/patchy_results/box1/real/veto/mocks_void_xyz/CATALPTCICz0.466G960S154946453.VETO.VOID.dat
Writing voids with radius in (-10,1009).
Finished successfully!
