2500 -10 1009
Reading file: /home/epfl/dforero/scratch/projects/baosystematics/patchy_results/box1/real/veto/mocks_gal_xyz/CATALPTCICz0.466G960S2025663482.VETO.dat
Number of records: 5856357

Duplicating boundaries for periodic condition
Number of records: 7028297

Building Delaunay Triangulation.
Number of vertices: 7028297
Number of cells: 46818674

Writing to file /home/epfl/dforero/scratch/projects/baosystematics/patchy_results/box1/real/veto/mocks_void_xyz/CATALPTCICz0.466G960S2025663482.VETO.VOID.dat
Writing voids with radius in (-10,1009).
Finished successfully!
2500 -10 1009
Reading file: /home/epfl/dforero/scratch/projects/baosystematics/patchy_results/box1/real/veto/mocks_gal_xyz/CATALPTCICz0.466G960S2029111473.VETO.dat
Number of records: 5855903

Duplicating boundaries for periodic condition
Number of records: 7026752

Building Delaunay Triangulation.
Number of vertices: 7026752
Number of cells: 46802725

Writing to file /home/epfl/dforero/scratch/projects/baosystematics/patchy_results/box1/real/veto/mocks_void_xyz/CATALPTCICz0.466G960S2029111473.VETO.VOID.dat
Writing voids with radius in (-10,1009).
Finished successfully!
2500 -10 1009
Reading file: /home/epfl/dforero/scratch/projects/baosystematics/patchy_results/box1/real/veto/mocks_gal_xyz/CATALPTCICz0.466G960S203115444.VETO.dat
Number of records: 5856775

Duplicating boundaries for periodic condition
Number of records: 7031553

Building Delaunay Triangulation.
Number of vertices: 7031553
Number of cells: 46841646

Writing to file /home/epfl/dforero/scratch/projects/baosystematics/patchy_results/box1/real/veto/mocks_void_xyz/CATALPTCICz0.466G960S203115444.VETO.VOID.dat
Writing voids with radius in (-10,1009).
Finished successfully!
2500 -10 1009
Reading file: /home/epfl/dforero/scratch/projects/baosystematics/patchy_results/box1/real/veto/mocks_gal_xyz/CATALPTCICz0.466G960S2038140029.VETO.dat
Number of records: 5857471

Duplicating boundaries for periodic condition
Number of records: 7027032

Building Delaunay Triangulation.
Number of vertices: 7027032
Number of cells: 46809477

Writing to file /home/epfl/dforero/scratch/projects/baosystematics/patchy_results/box1/real/veto/mocks_void_xyz/CATALPTCICz0.466G960S2038140029.VETO.VOID.dat
Writing voids with radius in (-10,1009).
Finished successfully!
2500 -10 1009
Reading file: /home/epfl/dforero/scratch/projects/baosystematics/patchy_results/box1/real/veto/mocks_gal_xyz/CATALPTCICz0.466G960S2040572509.VETO.dat
Number of records: 5857180

Duplicating boundaries for periodic condition
Number of records: 7026939

Building Delaunay Triangulation.
Number of vertices: 7026939
Number of cells: 46806296

Writing to file /home/epfl/dforero/scratch/projects/baosystematics/patchy_results/box1/real/veto/mocks_void_xyz/CATALPTCICz0.466G960S2040572509.VETO.VOID.dat
Writing voids with radius in (-10,1009).
Finished successfully!
2500 -10 1009
Reading file: /home/epfl/dforero/scratch/projects/baosystematics/patchy_results/box1/real/veto/mocks_gal_xyz/CATALPTCICz0.466G960S2043261601.VETO.dat
Number of records: 5861222

Duplicating boundaries for periodic condition
Number of records: 7033094

Building Delaunay Triangulation.
Number of vertices: 7033094
Number of cells: 46847823

Writing to file /home/epfl/dforero/scratch/projects/baosystematics/patchy_results/box1/real/veto/mocks_void_xyz/CATALPTCICz0.466G960S2043261601.VETO.VOID.dat
Writing voids with radius in (-10,1009).
Finished successfully!
2500 -10 1009
Reading file: /home/epfl/dforero/scratch/projects/baosystematics/patchy_results/box1/real/veto/mocks_gal_xyz/CATALPTCICz0.466G960S2043501765.VETO.dat
Number of records: 5860220

Duplicating boundaries for periodic condition
Number of records: 7033972

Building Delaunay Triangulation.
Number of vertices: 7033972
Number of cells: 46849406

Writing to file /home/epfl/dforero/scratch/projects/baosystematics/patchy_results/box1/real/veto/mocks_void_xyz/CATALPTCICz0.466G960S2043501765.VETO.VOID.dat
Writing voids with radius in (-10,1009).
Finished successfully!
2500 -10 1009
Reading file: /home/epfl/dforero/scratch/projects/baosystematics/patchy_results/box1/real/veto/mocks_gal_xyz/CATALPTCICz0.466G960S2046505490.VETO.dat
Number of records: 5855548

Duplicating boundaries for periodic condition
Number of records: 7030531

Building Delaunay Triangulation.
Number of vertices: 7030531
Number of cells: 46832178

Writing to file /home/epfl/dforero/scratch/projects/baosystematics/patchy_results/box1/real/veto/mocks_void_xyz/CATALPTCICz0.466G960S2046505490.VETO.VOID.dat
Writing voids with radius in (-10,1009).
Finished successfully!
2500 -10 1009
Reading file: /home/epfl/dforero/scratch/projects/baosystematics/patchy_results/box1/real/veto/mocks_gal_xyz/CATALPTCICz0.466G960S205000556.VETO.dat
Number of records: 5857402

Duplicating boundaries for periodic condition
Number of records: 7032559

Building Delaunay Triangulation.
Number of vertices: 7032559
Number of cells: 46838663

Writing to file /home/epfl/dforero/scratch/projects/baosystematics/patchy_results/box1/real/veto/mocks_void_xyz/CATALPTCICz0.466G960S205000556.VETO.VOID.dat
Writing voids with radius in (-10,1009).
Finished successfully!
2500 -10 1009
Reading file: /home/epfl/dforero/scratch/projects/baosystematics/patchy_results/box1/real/veto/mocks_gal_xyz/CATALPTCICz0.466G960S2057798525.VETO.dat
Number of records: 5858298

Duplicating boundaries for periodic condition
Number of records: 7035123

Building Delaunay Triangulation.
Number of vertices: 7035123
Number of cells: 46862117

Writing to file /home/epfl/dforero/scratch/projects/baosystematics/patchy_results/box1/real/veto/mocks_void_xyz/CATALPTCICz0.466G960S2057798525.VETO.VOID.dat
Writing voids with radius in (-10,1009).
Finished successfully!
