2500 -10 1009
Reading file: /home/epfl/dforero/scratch/projects/baosystematics/patchy_results/box1/real/vetoang/mocks_gal_xyz/CATALPTCICz0.466G960S882848105.VETO_ANG.dat
Number of records: 5553218

Duplicating boundaries for periodic condition
Number of records: 6702358

Building Delaunay Triangulation.
Number of vertices: 6702358
Number of cells: 44654824

Writing to file /home/epfl/dforero/scratch/projects/baosystematics/patchy_results/box1/real/vetoang/mocks_void_xyz/CATALPTCICz0.466G960S882848105.VETO_ANG.VOID.dat
Writing voids with radius in (-10,1009).
Finished successfully!
2500 -10 1009
Reading file: /home/epfl/dforero/scratch/projects/baosystematics/patchy_results/box1/real/vetoang/mocks_gal_xyz/CATALPTCICz0.466G960S889288774.VETO_ANG.dat
Number of records: 5557605

Duplicating boundaries for periodic condition
Number of records: 6703584

Building Delaunay Triangulation.
Number of vertices: 6703584
Number of cells: 44667984

Writing to file /home/epfl/dforero/scratch/projects/baosystematics/patchy_results/box1/real/vetoang/mocks_void_xyz/CATALPTCICz0.466G960S889288774.VETO_ANG.VOID.dat
Writing voids with radius in (-10,1009).
Finished successfully!
2500 -10 1009
Reading file: /home/epfl/dforero/scratch/projects/baosystematics/patchy_results/box1/real/vetoang/mocks_gal_xyz/CATALPTCICz0.466G960S892584783.VETO_ANG.dat
Number of records: 5560220

Duplicating boundaries for periodic condition
Number of records: 6710059

Building Delaunay Triangulation.
Number of vertices: 6710059
Number of cells: 44715144

Writing to file /home/epfl/dforero/scratch/projects/baosystematics/patchy_results/box1/real/vetoang/mocks_void_xyz/CATALPTCICz0.466G960S892584783.VETO_ANG.VOID.dat
Writing voids with radius in (-10,1009).
Finished successfully!
2500 -10 1009
Reading file: /home/epfl/dforero/scratch/projects/baosystematics/patchy_results/box1/real/vetoang/mocks_gal_xyz/CATALPTCICz0.466G960S902626519.VETO_ANG.dat
Number of records: 5556576

Duplicating boundaries for periodic condition
Number of records: 6704124

Building Delaunay Triangulation.
Number of vertices: 6704124
Number of cells: 44670547

Writing to file /home/epfl/dforero/scratch/projects/baosystematics/patchy_results/box1/real/vetoang/mocks_void_xyz/CATALPTCICz0.466G960S902626519.VETO_ANG.VOID.dat
Writing voids with radius in (-10,1009).
Finished successfully!
2500 -10 1009
Reading file: /home/epfl/dforero/scratch/projects/baosystematics/patchy_results/box1/real/vetoang/mocks_gal_xyz/CATALPTCICz0.466G960S903542203.VETO_ANG.dat
Number of records: 5560659

Duplicating boundaries for periodic condition
Number of records: 6707407

Building Delaunay Triangulation.
Number of vertices: 6707407
Number of cells: 44702185

Writing to file /home/epfl/dforero/scratch/projects/baosystematics/patchy_results/box1/real/vetoang/mocks_void_xyz/CATALPTCICz0.466G960S903542203.VETO_ANG.VOID.dat
Writing voids with radius in (-10,1009).
Finished successfully!
2500 -10 1009
Reading file: /home/epfl/dforero/scratch/projects/baosystematics/patchy_results/box1/real/vetoang/mocks_gal_xyz/CATALPTCICz0.466G960S908161114.VETO_ANG.dat
Number of records: 5560944

Duplicating boundaries for periodic condition
Number of records: 6715060

Building Delaunay Triangulation.
Number of vertices: 6715060
Number of cells: 44749882

Writing to file /home/epfl/dforero/scratch/projects/baosystematics/patchy_results/box1/real/vetoang/mocks_void_xyz/CATALPTCICz0.466G960S908161114.VETO_ANG.VOID.dat
Writing voids with radius in (-10,1009).
Finished successfully!
2500 -10 1009
Reading file: /home/epfl/dforero/scratch/projects/baosystematics/patchy_results/box1/real/vetoang/mocks_gal_xyz/CATALPTCICz0.466G960S913643544.VETO_ANG.dat
Number of records: 5558959

Duplicating boundaries for periodic condition
Number of records: 6717670

Building Delaunay Triangulation.
Number of vertices: 6717670
Number of cells: 44760295

Writing to file /home/epfl/dforero/scratch/projects/baosystematics/patchy_results/box1/real/vetoang/mocks_void_xyz/CATALPTCICz0.466G960S913643544.VETO_ANG.VOID.dat
Writing voids with radius in (-10,1009).
Finished successfully!
2500 -10 1009
Reading file: /home/epfl/dforero/scratch/projects/baosystematics/patchy_results/box1/real/vetoang/mocks_gal_xyz/CATALPTCICz0.466G960S917280234.VETO_ANG.dat
Number of records: 5559921

Duplicating boundaries for periodic condition
Number of records: 6709568

Building Delaunay Triangulation.
Number of vertices: 6709568
Number of cells: 44703398

Writing to file /home/epfl/dforero/scratch/projects/baosystematics/patchy_results/box1/real/vetoang/mocks_void_xyz/CATALPTCICz0.466G960S917280234.VETO_ANG.VOID.dat
Writing voids with radius in (-10,1009).
Finished successfully!
2500 -10 1009
Reading file: /home/epfl/dforero/scratch/projects/baosystematics/patchy_results/box1/real/vetoang/mocks_gal_xyz/CATALPTCICz0.466G960S92631322.VETO_ANG.dat
Number of records: 5557852

Duplicating boundaries for periodic condition
Number of records: 6706437

Building Delaunay Triangulation.
Number of vertices: 6706437
Number of cells: 44687441

Writing to file /home/epfl/dforero/scratch/projects/baosystematics/patchy_results/box1/real/vetoang/mocks_void_xyz/CATALPTCICz0.466G960S92631322.VETO_ANG.VOID.dat
Writing voids with radius in (-10,1009).
Finished successfully!
2500 -10 1009
Reading file: /home/epfl/dforero/scratch/projects/baosystematics/patchy_results/box1/real/vetoang/mocks_gal_xyz/CATALPTCICz0.466G960S928548597.VETO_ANG.dat
Number of records: 5557727

Duplicating boundaries for periodic condition
Number of records: 6713519

Building Delaunay Triangulation.
Number of vertices: 6713519
Number of cells: 44732831

Writing to file /home/epfl/dforero/scratch/projects/baosystematics/patchy_results/box1/real/vetoang/mocks_void_xyz/CATALPTCICz0.466G960S928548597.VETO_ANG.VOID.dat
Writing voids with radius in (-10,1009).
Finished successfully!
