2500 -10 1009
Reading file: /home/epfl/dforero/scratch/projects/baosystematics/patchy_results/box1/real/veto/mocks_gal_xyz/CATALPTCICz0.466G960S695677361.VETO.dat
Number of records: 5852330

Duplicating boundaries for periodic condition
Number of records: 7031557

Building Delaunay Triangulation.
Number of vertices: 7031557
Number of cells: 46842344

Writing to file /home/epfl/dforero/scratch/projects/baosystematics/patchy_results/box1/real/veto/mocks_void_xyz/CATALPTCICz0.466G960S695677361.VETO.VOID.dat
Writing voids with radius in (-10,1009).
Finished successfully!
2500 -10 1009
Reading file: /home/epfl/dforero/scratch/projects/baosystematics/patchy_results/box1/real/veto/mocks_gal_xyz/CATALPTCICz0.466G960S697291398.VETO.dat
Number of records: 5856041

Duplicating boundaries for periodic condition
Number of records: 7028359

Building Delaunay Triangulation.
Number of vertices: 7028359
Number of cells: 46810701

Writing to file /home/epfl/dforero/scratch/projects/baosystematics/patchy_results/box1/real/veto/mocks_void_xyz/CATALPTCICz0.466G960S697291398.VETO.VOID.dat
Writing voids with radius in (-10,1009).
Finished successfully!
2500 -10 1009
Reading file: /home/epfl/dforero/scratch/projects/baosystematics/patchy_results/box1/real/veto/mocks_gal_xyz/CATALPTCICz0.466G960S699877526.VETO.dat
Number of records: 5859815

Duplicating boundaries for periodic condition
Number of records: 7036008

Building Delaunay Triangulation.
Number of vertices: 7036008
Number of cells: 46869108

Writing to file /home/epfl/dforero/scratch/projects/baosystematics/patchy_results/box1/real/veto/mocks_void_xyz/CATALPTCICz0.466G960S699877526.VETO.VOID.dat
Writing voids with radius in (-10,1009).
Finished successfully!
2500 -10 1009
Reading file: /home/epfl/dforero/scratch/projects/baosystematics/patchy_results/box1/real/veto/mocks_gal_xyz/CATALPTCICz0.466G960S706358248.VETO.dat
Number of records: 5849744

Duplicating boundaries for periodic condition
Number of records: 7020124

Building Delaunay Triangulation.
Number of vertices: 7020124
Number of cells: 46760141

Writing to file /home/epfl/dforero/scratch/projects/baosystematics/patchy_results/box1/real/veto/mocks_void_xyz/CATALPTCICz0.466G960S706358248.VETO.VOID.dat
Writing voids with radius in (-10,1009).
Finished successfully!
2500 -10 1009
Reading file: /home/epfl/dforero/scratch/projects/baosystematics/patchy_results/box1/real/veto/mocks_gal_xyz/CATALPTCICz0.466G960S712845302.VETO.dat
Number of records: 5855132

Duplicating boundaries for periodic condition
Number of records: 7033883

Building Delaunay Triangulation.
Number of vertices: 7033883
Number of cells: 46853318

Writing to file /home/epfl/dforero/scratch/projects/baosystematics/patchy_results/box1/real/veto/mocks_void_xyz/CATALPTCICz0.466G960S712845302.VETO.VOID.dat
Writing voids with radius in (-10,1009).
Finished successfully!
2500 -10 1009
Reading file: /home/epfl/dforero/scratch/projects/baosystematics/patchy_results/box1/real/veto/mocks_gal_xyz/CATALPTCICz0.466G960S714498039.VETO.dat
Number of records: 5855535

Duplicating boundaries for periodic condition
Number of records: 7025849

Building Delaunay Triangulation.
Number of vertices: 7025849
Number of cells: 46800906

Writing to file /home/epfl/dforero/scratch/projects/baosystematics/patchy_results/box1/real/veto/mocks_void_xyz/CATALPTCICz0.466G960S714498039.VETO.VOID.dat
Writing voids with radius in (-10,1009).
Finished successfully!
2500 -10 1009
Reading file: /home/epfl/dforero/scratch/projects/baosystematics/patchy_results/box1/real/veto/mocks_gal_xyz/CATALPTCICz0.466G960S71650295.VETO.dat
Number of records: 5857814

Duplicating boundaries for periodic condition
Number of records: 7023756

Building Delaunay Triangulation.
Number of vertices: 7023756
Number of cells: 46785228

Writing to file /home/epfl/dforero/scratch/projects/baosystematics/patchy_results/box1/real/veto/mocks_void_xyz/CATALPTCICz0.466G960S71650295.VETO.VOID.dat
Writing voids with radius in (-10,1009).
Finished successfully!
2500 -10 1009
Reading file: /home/epfl/dforero/scratch/projects/baosystematics/patchy_results/box1/real/veto/mocks_gal_xyz/CATALPTCICz0.466G960S722630307.VETO.dat
Number of records: 5854639

Duplicating boundaries for periodic condition
Number of records: 7024014

Building Delaunay Triangulation.
Number of vertices: 7024014
Number of cells: 46790679

Writing to file /home/epfl/dforero/scratch/projects/baosystematics/patchy_results/box1/real/veto/mocks_void_xyz/CATALPTCICz0.466G960S722630307.VETO.VOID.dat
Writing voids with radius in (-10,1009).
Finished successfully!
2500 -10 1009
Reading file: /home/epfl/dforero/scratch/projects/baosystematics/patchy_results/box1/real/veto/mocks_gal_xyz/CATALPTCICz0.466G960S729161718.VETO.dat
Number of records: 5854000

Duplicating boundaries for periodic condition
Number of records: 7024359

Building Delaunay Triangulation.
Number of vertices: 7024359
Number of cells: 46784575

Writing to file /home/epfl/dforero/scratch/projects/baosystematics/patchy_results/box1/real/veto/mocks_void_xyz/CATALPTCICz0.466G960S729161718.VETO.VOID.dat
Writing voids with radius in (-10,1009).
Finished successfully!
2500 -10 1009
Reading file: /home/epfl/dforero/scratch/projects/baosystematics/patchy_results/box1/real/veto/mocks_gal_xyz/CATALPTCICz0.466G960S731535461.VETO.dat
Number of records: 5860929

Duplicating boundaries for periodic condition
Number of records: 7035702

Building Delaunay Triangulation.
Number of vertices: 7035702
Number of cells: 46870056

Writing to file /home/epfl/dforero/scratch/projects/baosystematics/patchy_results/box1/real/veto/mocks_void_xyz/CATALPTCICz0.466G960S731535461.VETO.VOID.dat
Writing voids with radius in (-10,1009).
Finished successfully!
