2500 -10 1009
Reading file: /home/epfl/dforero/scratch/projects/baosystematics/patchy_results/box1/real/veto/mocks_gal_xyz/CATALPTCICz0.466G960S280931189.VETO.dat
Number of records: 5851193

Duplicating boundaries for periodic condition
Number of records: 7031371

Building Delaunay Triangulation.
Number of vertices: 7031371
Number of cells: 46840795

Writing to file /home/epfl/dforero/scratch/projects/baosystematics/patchy_results/box1/real/veto/mocks_void_xyz/CATALPTCICz0.466G960S280931189.VETO.VOID.dat
Writing voids with radius in (-10,1009).
Finished successfully!
2500 -10 1009
Reading file: /home/epfl/dforero/scratch/projects/baosystematics/patchy_results/box1/real/veto/mocks_gal_xyz/CATALPTCICz0.466G960S281865714.VETO.dat
Number of records: 5859071

Duplicating boundaries for periodic condition
Number of records: 7036002

Building Delaunay Triangulation.
Number of vertices: 7036002
Number of cells: 46872035

Writing to file /home/epfl/dforero/scratch/projects/baosystematics/patchy_results/box1/real/veto/mocks_void_xyz/CATALPTCICz0.466G960S281865714.VETO.VOID.dat
Writing voids with radius in (-10,1009).
Finished successfully!
2500 -10 1009
Reading file: /home/epfl/dforero/scratch/projects/baosystematics/patchy_results/box1/real/veto/mocks_gal_xyz/CATALPTCICz0.466G960S285883522.VETO.dat
Number of records: 5857713

Duplicating boundaries for periodic condition
Number of records: 7033240

Building Delaunay Triangulation.
Number of vertices: 7033240
Number of cells: 46854079

Writing to file /home/epfl/dforero/scratch/projects/baosystematics/patchy_results/box1/real/veto/mocks_void_xyz/CATALPTCICz0.466G960S285883522.VETO.VOID.dat
Writing voids with radius in (-10,1009).
Finished successfully!
2500 -10 1009
Reading file: /home/epfl/dforero/scratch/projects/baosystematics/patchy_results/box1/real/veto/mocks_gal_xyz/CATALPTCICz0.466G960S286533918.VETO.dat
Number of records: 5854198

Duplicating boundaries for periodic condition
Number of records: 7024603

Building Delaunay Triangulation.
Number of vertices: 7024603
Number of cells: 46793631

Writing to file /home/epfl/dforero/scratch/projects/baosystematics/patchy_results/box1/real/veto/mocks_void_xyz/CATALPTCICz0.466G960S286533918.VETO.VOID.dat
Writing voids with radius in (-10,1009).
Finished successfully!
2500 -10 1009
Reading file: /home/epfl/dforero/scratch/projects/baosystematics/patchy_results/box1/real/veto/mocks_gal_xyz/CATALPTCICz0.466G960S289937724.VETO.dat
Number of records: 5860395

Duplicating boundaries for periodic condition
Number of records: 7027851

Building Delaunay Triangulation.
Number of vertices: 7027851
Number of cells: 46813662

Writing to file /home/epfl/dforero/scratch/projects/baosystematics/patchy_results/box1/real/veto/mocks_void_xyz/CATALPTCICz0.466G960S289937724.VETO.VOID.dat
Writing voids with radius in (-10,1009).
Finished successfully!
2500 -10 1009
Reading file: /home/epfl/dforero/scratch/projects/baosystematics/patchy_results/box1/real/veto/mocks_gal_xyz/CATALPTCICz0.466G960S290410571.VETO.dat
Number of records: 5858801

Duplicating boundaries for periodic condition
Number of records: 7039010

Building Delaunay Triangulation.
Number of vertices: 7039010
Number of cells: 46891032

Writing to file /home/epfl/dforero/scratch/projects/baosystematics/patchy_results/box1/real/veto/mocks_void_xyz/CATALPTCICz0.466G960S290410571.VETO.VOID.dat
Writing voids with radius in (-10,1009).
Finished successfully!
2500 -10 1009
Reading file: /home/epfl/dforero/scratch/projects/baosystematics/patchy_results/box1/real/veto/mocks_gal_xyz/CATALPTCICz0.466G960S291988354.VETO.dat
Number of records: 5859877

Duplicating boundaries for periodic condition
Number of records: 7034783

Building Delaunay Triangulation.
Number of vertices: 7034783
Number of cells: 46868276

Writing to file /home/epfl/dforero/scratch/projects/baosystematics/patchy_results/box1/real/veto/mocks_void_xyz/CATALPTCICz0.466G960S291988354.VETO.VOID.dat
Writing voids with radius in (-10,1009).
Finished successfully!
2500 -10 1009
Reading file: /home/epfl/dforero/scratch/projects/baosystematics/patchy_results/box1/real/veto/mocks_gal_xyz/CATALPTCICz0.466G960S298829905.VETO.dat
Number of records: 5856305

Duplicating boundaries for periodic condition
Number of records: 7023618

Building Delaunay Triangulation.
Number of vertices: 7023618
Number of cells: 46778502

Writing to file /home/epfl/dforero/scratch/projects/baosystematics/patchy_results/box1/real/veto/mocks_void_xyz/CATALPTCICz0.466G960S298829905.VETO.VOID.dat
Writing voids with radius in (-10,1009).
Finished successfully!
2500 -10 1009
Reading file: /home/epfl/dforero/scratch/projects/baosystematics/patchy_results/box1/real/veto/mocks_gal_xyz/CATALPTCICz0.466G960S303311051.VETO.dat
Number of records: 5855770

Duplicating boundaries for periodic condition
Number of records: 7018483

Building Delaunay Triangulation.
Number of vertices: 7018483
Number of cells: 46756845

Writing to file /home/epfl/dforero/scratch/projects/baosystematics/patchy_results/box1/real/veto/mocks_void_xyz/CATALPTCICz0.466G960S303311051.VETO.VOID.dat
Writing voids with radius in (-10,1009).
Finished successfully!
2500 -10 1009
Reading file: /home/epfl/dforero/scratch/projects/baosystematics/patchy_results/box1/real/veto/mocks_gal_xyz/CATALPTCICz0.466G960S306572308.VETO.dat
Number of records: 5853036

Duplicating boundaries for periodic condition
Number of records: 7027227

Building Delaunay Triangulation.
Number of vertices: 7027227
Number of cells: 46808415

Writing to file /home/epfl/dforero/scratch/projects/baosystematics/patchy_results/box1/real/veto/mocks_void_xyz/CATALPTCICz0.466G960S306572308.VETO.VOID.dat
Writing voids with radius in (-10,1009).
Finished successfully!
