2500 -10 1009
Reading file: /home/epfl/dforero/scratch/projects/baosystematics/patchy_results/box1/real/ang/mocks_gal_xyz/CATALPTCICz0.466G960S2025663482.ANG.dat
Number of records: 5897887

Duplicating boundaries for periodic condition
Number of records: 7137194

Building Delaunay Triangulation.
Number of vertices: 7137194
Number of cells: 47584383

Writing to file /home/epfl/dforero/scratch/projects/baosystematics/patchy_results/box1/real/ang/mocks_void_xyz/CATALPTCICz0.466G960S2025663482.ANG.VOID.dat
Writing voids with radius in (-10,1009).
Finished successfully!
2500 -10 1009
Reading file: /home/epfl/dforero/scratch/projects/baosystematics/patchy_results/box1/real/ang/mocks_gal_xyz/CATALPTCICz0.466G960S2029111473.ANG.dat
Number of records: 5898013

Duplicating boundaries for periodic condition
Number of records: 7134975

Building Delaunay Triangulation.
Number of vertices: 7134975
Number of cells: 47564932

Writing to file /home/epfl/dforero/scratch/projects/baosystematics/patchy_results/box1/real/ang/mocks_void_xyz/CATALPTCICz0.466G960S2029111473.ANG.VOID.dat
Writing voids with radius in (-10,1009).
Finished successfully!
2500 -10 1009
Reading file: /home/epfl/dforero/scratch/projects/baosystematics/patchy_results/box1/real/ang/mocks_gal_xyz/CATALPTCICz0.466G960S203115444.ANG.dat
Number of records: 5898683

Duplicating boundaries for periodic condition
Number of records: 7138002

Building Delaunay Triangulation.
Number of vertices: 7138002
Number of cells: 47589379

Writing to file /home/epfl/dforero/scratch/projects/baosystematics/patchy_results/box1/real/ang/mocks_void_xyz/CATALPTCICz0.466G960S203115444.ANG.VOID.dat
Writing voids with radius in (-10,1009).
Finished successfully!
2500 -10 1009
Reading file: /home/epfl/dforero/scratch/projects/baosystematics/patchy_results/box1/real/ang/mocks_gal_xyz/CATALPTCICz0.466G960S2038140029.ANG.dat
Number of records: 5897345

Duplicating boundaries for periodic condition
Number of records: 7132153

Building Delaunay Triangulation.
Number of vertices: 7132153
Number of cells: 47551123

Writing to file /home/epfl/dforero/scratch/projects/baosystematics/patchy_results/box1/real/ang/mocks_void_xyz/CATALPTCICz0.466G960S2038140029.ANG.VOID.dat
Writing voids with radius in (-10,1009).
Finished successfully!
2500 -10 1009
Reading file: /home/epfl/dforero/scratch/projects/baosystematics/patchy_results/box1/real/ang/mocks_gal_xyz/CATALPTCICz0.466G960S2040572509.ANG.dat
Number of records: 5898185

Duplicating boundaries for periodic condition
Number of records: 7133330

Building Delaunay Triangulation.
Number of vertices: 7133330
Number of cells: 47555846

Writing to file /home/epfl/dforero/scratch/projects/baosystematics/patchy_results/box1/real/ang/mocks_void_xyz/CATALPTCICz0.466G960S2040572509.ANG.VOID.dat
Writing voids with radius in (-10,1009).
Finished successfully!
2500 -10 1009
Reading file: /home/epfl/dforero/scratch/projects/baosystematics/patchy_results/box1/real/ang/mocks_gal_xyz/CATALPTCICz0.466G960S2043261601.ANG.dat
Number of records: 5899383

Duplicating boundaries for periodic condition
Number of records: 7136792

Building Delaunay Triangulation.
Number of vertices: 7136792
Number of cells: 47574873

Writing to file /home/epfl/dforero/scratch/projects/baosystematics/patchy_results/box1/real/ang/mocks_void_xyz/CATALPTCICz0.466G960S2043261601.ANG.VOID.dat
Writing voids with radius in (-10,1009).
Finished successfully!
2500 -10 1009
Reading file: /home/epfl/dforero/scratch/projects/baosystematics/patchy_results/box1/real/ang/mocks_gal_xyz/CATALPTCICz0.466G960S2043501765.ANG.dat
Number of records: 5898597

Duplicating boundaries for periodic condition
Number of records: 7139411

Building Delaunay Triangulation.
Number of vertices: 7139411
Number of cells: 47590574

Writing to file /home/epfl/dforero/scratch/projects/baosystematics/patchy_results/box1/real/ang/mocks_void_xyz/CATALPTCICz0.466G960S2043501765.ANG.VOID.dat
Writing voids with radius in (-10,1009).
Finished successfully!
2500 -10 1009
Reading file: /home/epfl/dforero/scratch/projects/baosystematics/patchy_results/box1/real/ang/mocks_gal_xyz/CATALPTCICz0.466G960S2046505490.ANG.dat
Number of records: 5899566

Duplicating boundaries for periodic condition
Number of records: 7141487

Building Delaunay Triangulation.
Number of vertices: 7141487
Number of cells: 47608742

Writing to file /home/epfl/dforero/scratch/projects/baosystematics/patchy_results/box1/real/ang/mocks_void_xyz/CATALPTCICz0.466G960S2046505490.ANG.VOID.dat
Writing voids with radius in (-10,1009).
Finished successfully!
2500 -10 1009
Reading file: /home/epfl/dforero/scratch/projects/baosystematics/patchy_results/box1/real/ang/mocks_gal_xyz/CATALPTCICz0.466G960S205000556.ANG.dat
Number of records: 5895460

Duplicating boundaries for periodic condition
Number of records: 7136589

Building Delaunay Triangulation.
Number of vertices: 7136589
Number of cells: 47572877

Writing to file /home/epfl/dforero/scratch/projects/baosystematics/patchy_results/box1/real/ang/mocks_void_xyz/CATALPTCICz0.466G960S205000556.ANG.VOID.dat
Writing voids with radius in (-10,1009).
Finished successfully!
2500 -10 1009
Reading file: /home/epfl/dforero/scratch/projects/baosystematics/patchy_results/box1/real/ang/mocks_gal_xyz/CATALPTCICz0.466G960S2057798525.ANG.dat
Number of records: 5897332

Duplicating boundaries for periodic condition
Number of records: 7140591

Building Delaunay Triangulation.
Number of vertices: 7140591
Number of cells: 47603991

Writing to file /home/epfl/dforero/scratch/projects/baosystematics/patchy_results/box1/real/ang/mocks_void_xyz/CATALPTCICz0.466G960S2057798525.ANG.VOID.dat
Writing voids with radius in (-10,1009).
Finished successfully!
