2500 -10 1009
Reading file: /home/epfl/dforero/scratch/projects/baosystematics/patchy_results/box1/real/vetoang/mocks_gal_xyz/CATALPTCICz0.466G960S630955758.VETO_ANG.dat
Number of records: 5556538

Duplicating boundaries for periodic condition
Number of records: 6696604

Building Delaunay Triangulation.
Number of vertices: 6696604
Number of cells: 44618733

Writing to file /home/epfl/dforero/scratch/projects/baosystematics/patchy_results/box1/real/vetoang/mocks_void_xyz/CATALPTCICz0.466G960S630955758.VETO_ANG.VOID.dat
Writing voids with radius in (-10,1009).
Finished successfully!
2500 -10 1009
Reading file: /home/epfl/dforero/scratch/projects/baosystematics/patchy_results/box1/real/vetoang/mocks_gal_xyz/CATALPTCICz0.466G960S63105779.VETO_ANG.dat
Number of records: 5552107

Duplicating boundaries for periodic condition
Number of records: 6699416

Building Delaunay Triangulation.
Number of vertices: 6699416
Number of cells: 44635920

Writing to file /home/epfl/dforero/scratch/projects/baosystematics/patchy_results/box1/real/vetoang/mocks_void_xyz/CATALPTCICz0.466G960S63105779.VETO_ANG.VOID.dat
Writing voids with radius in (-10,1009).
Finished successfully!
2500 -10 1009
Reading file: /home/epfl/dforero/scratch/projects/baosystematics/patchy_results/box1/real/vetoang/mocks_gal_xyz/CATALPTCICz0.466G960S63250028.VETO_ANG.dat
Number of records: 5556714

Duplicating boundaries for periodic condition
Number of records: 6704617

Building Delaunay Triangulation.
Number of vertices: 6704617
Number of cells: 44674933

Writing to file /home/epfl/dforero/scratch/projects/baosystematics/patchy_results/box1/real/vetoang/mocks_void_xyz/CATALPTCICz0.466G960S63250028.VETO_ANG.VOID.dat
Writing voids with radius in (-10,1009).
Finished successfully!
2500 -10 1009
Reading file: /home/epfl/dforero/scratch/projects/baosystematics/patchy_results/box1/real/vetoang/mocks_gal_xyz/CATALPTCICz0.466G960S637675363.VETO_ANG.dat
Number of records: 5559052

Duplicating boundaries for periodic condition
Number of records: 6704313

Building Delaunay Triangulation.
Number of vertices: 6704313
Number of cells: 44671895

Writing to file /home/epfl/dforero/scratch/projects/baosystematics/patchy_results/box1/real/vetoang/mocks_void_xyz/CATALPTCICz0.466G960S637675363.VETO_ANG.VOID.dat
Writing voids with radius in (-10,1009).
Finished successfully!
2500 -10 1009
Reading file: /home/epfl/dforero/scratch/projects/baosystematics/patchy_results/box1/real/vetoang/mocks_gal_xyz/CATALPTCICz0.466G960S639755849.VETO_ANG.dat
Number of records: 5558662

Duplicating boundaries for periodic condition
Number of records: 6706687

Building Delaunay Triangulation.
Number of vertices: 6706687
Number of cells: 44692883

Writing to file /home/epfl/dforero/scratch/projects/baosystematics/patchy_results/box1/real/vetoang/mocks_void_xyz/CATALPTCICz0.466G960S639755849.VETO_ANG.VOID.dat
Writing voids with radius in (-10,1009).
Finished successfully!
2500 -10 1009
Reading file: /home/epfl/dforero/scratch/projects/baosystematics/patchy_results/box1/real/vetoang/mocks_gal_xyz/CATALPTCICz0.466G960S641747930.VETO_ANG.dat
Number of records: 5552186

Duplicating boundaries for periodic condition
Number of records: 6696786

Building Delaunay Triangulation.
Number of vertices: 6696786
Number of cells: 44621340

Writing to file /home/epfl/dforero/scratch/projects/baosystematics/patchy_results/box1/real/vetoang/mocks_void_xyz/CATALPTCICz0.466G960S641747930.VETO_ANG.VOID.dat
Writing voids with radius in (-10,1009).
Finished successfully!
2500 -10 1009
Reading file: /home/epfl/dforero/scratch/projects/baosystematics/patchy_results/box1/real/vetoang/mocks_gal_xyz/CATALPTCICz0.466G960S644251819.VETO_ANG.dat
Number of records: 5554144

Duplicating boundaries for periodic condition
Number of records: 6709430

Building Delaunay Triangulation.
Number of vertices: 6709430
Number of cells: 44711350

Writing to file /home/epfl/dforero/scratch/projects/baosystematics/patchy_results/box1/real/vetoang/mocks_void_xyz/CATALPTCICz0.466G960S644251819.VETO_ANG.VOID.dat
Writing voids with radius in (-10,1009).
Finished successfully!
2500 -10 1009
Reading file: /home/epfl/dforero/scratch/projects/baosystematics/patchy_results/box1/real/vetoang/mocks_gal_xyz/CATALPTCICz0.466G960S651809965.VETO_ANG.dat
Number of records: 5557212

Duplicating boundaries for periodic condition
Number of records: 6701867

Building Delaunay Triangulation.
Number of vertices: 6701867
Number of cells: 44656500

Writing to file /home/epfl/dforero/scratch/projects/baosystematics/patchy_results/box1/real/vetoang/mocks_void_xyz/CATALPTCICz0.466G960S651809965.VETO_ANG.VOID.dat
Writing voids with radius in (-10,1009).
Finished successfully!
2500 -10 1009
Reading file: /home/epfl/dforero/scratch/projects/baosystematics/patchy_results/box1/real/vetoang/mocks_gal_xyz/CATALPTCICz0.466G960S653315835.VETO_ANG.dat
Number of records: 5557757

Duplicating boundaries for periodic condition
Number of records: 6712358

Building Delaunay Triangulation.
Number of vertices: 6712358
Number of cells: 44728871

Writing to file /home/epfl/dforero/scratch/projects/baosystematics/patchy_results/box1/real/vetoang/mocks_void_xyz/CATALPTCICz0.466G960S653315835.VETO_ANG.VOID.dat
Writing voids with radius in (-10,1009).
Finished successfully!
2500 -10 1009
Reading file: /home/epfl/dforero/scratch/projects/baosystematics/patchy_results/box1/real/vetoang/mocks_gal_xyz/CATALPTCICz0.466G960S661219564.VETO_ANG.dat
Number of records: 5558704

Duplicating boundaries for periodic condition
Number of records: 6698904

Building Delaunay Triangulation.
Number of vertices: 6698904
Number of cells: 44632630

Writing to file /home/epfl/dforero/scratch/projects/baosystematics/patchy_results/box1/real/vetoang/mocks_void_xyz/CATALPTCICz0.466G960S661219564.VETO_ANG.VOID.dat
Writing voids with radius in (-10,1009).
Finished successfully!
