2500 -10 1009
Reading file: /home/epfl/dforero/scratch/projects/baosystematics/patchy_results/box1/real/veto/mocks_gal_xyz/CATALPTCICz0.466G960S1866048529.VETO.dat
Number of records: 5859334

Duplicating boundaries for periodic condition
Number of records: 7036171

Building Delaunay Triangulation.
Number of vertices: 7036171
Number of cells: 46870728

Writing to file /home/epfl/dforero/scratch/projects/baosystematics/patchy_results/box1/real/veto/mocks_void_xyz/CATALPTCICz0.466G960S1866048529.VETO.VOID.dat
Writing voids with radius in (-10,1009).
Finished successfully!
2500 -10 1009
Reading file: /home/epfl/dforero/scratch/projects/baosystematics/patchy_results/box1/real/veto/mocks_gal_xyz/CATALPTCICz0.466G960S1866235956.VETO.dat
Number of records: 5856515

Duplicating boundaries for periodic condition
Number of records: 7024663

Building Delaunay Triangulation.
Number of vertices: 7024663
Number of cells: 46793822

Writing to file /home/epfl/dforero/scratch/projects/baosystematics/patchy_results/box1/real/veto/mocks_void_xyz/CATALPTCICz0.466G960S1866235956.VETO.VOID.dat
Writing voids with radius in (-10,1009).
Finished successfully!
2500 -10 1009
Reading file: /home/epfl/dforero/scratch/projects/baosystematics/patchy_results/box1/real/veto/mocks_gal_xyz/CATALPTCICz0.466G960S1866291603.VETO.dat
Number of records: 5857820

Duplicating boundaries for periodic condition
Number of records: 7034082

Building Delaunay Triangulation.
Number of vertices: 7034082
Number of cells: 46855678

Writing to file /home/epfl/dforero/scratch/projects/baosystematics/patchy_results/box1/real/veto/mocks_void_xyz/CATALPTCICz0.466G960S1866291603.VETO.VOID.dat
Writing voids with radius in (-10,1009).
Finished successfully!
2500 -10 1009
Reading file: /home/epfl/dforero/scratch/projects/baosystematics/patchy_results/box1/real/veto/mocks_gal_xyz/CATALPTCICz0.466G960S1868385901.VETO.dat
Number of records: 5856739

Duplicating boundaries for periodic condition
Number of records: 7032029

Building Delaunay Triangulation.
Number of vertices: 7032029
Number of cells: 46839726

Writing to file /home/epfl/dforero/scratch/projects/baosystematics/patchy_results/box1/real/veto/mocks_void_xyz/CATALPTCICz0.466G960S1868385901.VETO.VOID.dat
Writing voids with radius in (-10,1009).
Finished successfully!
2500 -10 1009
Reading file: /home/epfl/dforero/scratch/projects/baosystematics/patchy_results/box1/real/veto/mocks_gal_xyz/CATALPTCICz0.466G960S1871764010.VETO.dat
Number of records: 5851937

Duplicating boundaries for periodic condition
Number of records: 7033057

Building Delaunay Triangulation.
Number of vertices: 7033057
Number of cells: 46848920

Writing to file /home/epfl/dforero/scratch/projects/baosystematics/patchy_results/box1/real/veto/mocks_void_xyz/CATALPTCICz0.466G960S1871764010.VETO.VOID.dat
Writing voids with radius in (-10,1009).
Finished successfully!
2500 -10 1009
Reading file: /home/epfl/dforero/scratch/projects/baosystematics/patchy_results/box1/real/veto/mocks_gal_xyz/CATALPTCICz0.466G960S1876527057.VETO.dat
Number of records: 5857152

Duplicating boundaries for periodic condition
Number of records: 7031257

Building Delaunay Triangulation.
Number of vertices: 7031257
Number of cells: 46833390

Writing to file /home/epfl/dforero/scratch/projects/baosystematics/patchy_results/box1/real/veto/mocks_void_xyz/CATALPTCICz0.466G960S1876527057.VETO.VOID.dat
Writing voids with radius in (-10,1009).
Finished successfully!
2500 -10 1009
Reading file: /home/epfl/dforero/scratch/projects/baosystematics/patchy_results/box1/real/veto/mocks_gal_xyz/CATALPTCICz0.466G960S1878009263.VETO.dat
Number of records: 5858243

Duplicating boundaries for periodic condition
Number of records: 7030880

Building Delaunay Triangulation.
Number of vertices: 7030880
Number of cells: 46838514

Writing to file /home/epfl/dforero/scratch/projects/baosystematics/patchy_results/box1/real/veto/mocks_void_xyz/CATALPTCICz0.466G960S1878009263.VETO.VOID.dat
Writing voids with radius in (-10,1009).
Finished successfully!
2500 -10 1009
Reading file: /home/epfl/dforero/scratch/projects/baosystematics/patchy_results/box1/real/veto/mocks_gal_xyz/CATALPTCICz0.466G960S1879972977.VETO.dat
Number of records: 5854692

Duplicating boundaries for periodic condition
Number of records: 7024615

Building Delaunay Triangulation.
Number of vertices: 7024615
Number of cells: 46797266

Writing to file /home/epfl/dforero/scratch/projects/baosystematics/patchy_results/box1/real/veto/mocks_void_xyz/CATALPTCICz0.466G960S1879972977.VETO.VOID.dat
Writing voids with radius in (-10,1009).
Finished successfully!
2500 -10 1009
Reading file: /home/epfl/dforero/scratch/projects/baosystematics/patchy_results/box1/real/veto/mocks_gal_xyz/CATALPTCICz0.466G960S1885563258.VETO.dat
Number of records: 5859527

Duplicating boundaries for periodic condition
Number of records: 7031466

Building Delaunay Triangulation.
Number of vertices: 7031466
Number of cells: 46835987

Writing to file /home/epfl/dforero/scratch/projects/baosystematics/patchy_results/box1/real/veto/mocks_void_xyz/CATALPTCICz0.466G960S1885563258.VETO.VOID.dat
Writing voids with radius in (-10,1009).
Finished successfully!
2500 -10 1009
Reading file: /home/epfl/dforero/scratch/projects/baosystematics/patchy_results/box1/real/veto/mocks_gal_xyz/CATALPTCICz0.466G960S1886319023.VETO.dat
Number of records: 5862199

Duplicating boundaries for periodic condition
Number of records: 7035937

Building Delaunay Triangulation.
Number of vertices: 7035937
Number of cells: 46864155

Writing to file /home/epfl/dforero/scratch/projects/baosystematics/patchy_results/box1/real/veto/mocks_void_xyz/CATALPTCICz0.466G960S1886319023.VETO.VOID.dat
Writing voids with radius in (-10,1009).
Finished successfully!
