2500 -10 1009
Reading file: /home/epfl/dforero/scratch/projects/baosystematics/patchy_results/box1/real/vetoang/mocks_gal_xyz/CATALPTCICz0.466G960S1137451315.VETO_ANG.dat
Number of records: 5559374

Duplicating boundaries for periodic condition
Number of records: 6697421

Building Delaunay Triangulation.
Number of vertices: 6697421
Number of cells: 44624271

Writing to file /home/epfl/dforero/scratch/projects/baosystematics/patchy_results/box1/real/vetoang/mocks_void_xyz/CATALPTCICz0.466G960S1137451315.VETO_ANG.VOID.dat
Writing voids with radius in (-10,1009).
Finished successfully!
2500 -10 1009
Reading file: /home/epfl/dforero/scratch/projects/baosystematics/patchy_results/box1/real/vetoang/mocks_gal_xyz/CATALPTCICz0.466G960S1141072742.VETO_ANG.dat
Number of records: 5553212

Duplicating boundaries for periodic condition
Number of records: 6692101

Building Delaunay Triangulation.
Number of vertices: 6692101
Number of cells: 44594385

Writing to file /home/epfl/dforero/scratch/projects/baosystematics/patchy_results/box1/real/vetoang/mocks_void_xyz/CATALPTCICz0.466G960S1141072742.VETO_ANG.VOID.dat
Writing voids with radius in (-10,1009).
Finished successfully!
2500 -10 1009
Reading file: /home/epfl/dforero/scratch/projects/baosystematics/patchy_results/box1/real/vetoang/mocks_gal_xyz/CATALPTCICz0.466G960S114138117.VETO_ANG.dat
Number of records: 5561821

Duplicating boundaries for periodic condition
Number of records: 6713156

Building Delaunay Triangulation.
Number of vertices: 6713156
Number of cells: 44739778

Writing to file /home/epfl/dforero/scratch/projects/baosystematics/patchy_results/box1/real/vetoang/mocks_void_xyz/CATALPTCICz0.466G960S114138117.VETO_ANG.VOID.dat
Writing voids with radius in (-10,1009).
Finished successfully!
2500 -10 1009
Reading file: /home/epfl/dforero/scratch/projects/baosystematics/patchy_results/box1/real/vetoang/mocks_gal_xyz/CATALPTCICz0.466G960S114530336.VETO_ANG.dat
Number of records: 5565351

Duplicating boundaries for periodic condition
Number of records: 6715522

Building Delaunay Triangulation.
Number of vertices: 6715522
Number of cells: 44751533

Writing to file /home/epfl/dforero/scratch/projects/baosystematics/patchy_results/box1/real/vetoang/mocks_void_xyz/CATALPTCICz0.466G960S114530336.VETO_ANG.VOID.dat
Writing voids with radius in (-10,1009).
Finished successfully!
2500 -10 1009
Reading file: /home/epfl/dforero/scratch/projects/baosystematics/patchy_results/box1/real/vetoang/mocks_gal_xyz/CATALPTCICz0.466G960S1146279901.VETO_ANG.dat
Number of records: 5557753

Duplicating boundaries for periodic condition
Number of records: 6706598

Building Delaunay Triangulation.
Number of vertices: 6706598
Number of cells: 44682190

Writing to file /home/epfl/dforero/scratch/projects/baosystematics/patchy_results/box1/real/vetoang/mocks_void_xyz/CATALPTCICz0.466G960S1146279901.VETO_ANG.VOID.dat
Writing voids with radius in (-10,1009).
Finished successfully!
2500 -10 1009
Reading file: /home/epfl/dforero/scratch/projects/baosystematics/patchy_results/box1/real/vetoang/mocks_gal_xyz/CATALPTCICz0.466G960S1158360484.VETO_ANG.dat
Number of records: 5554726

Duplicating boundaries for periodic condition
Number of records: 6702039

Building Delaunay Triangulation.
Number of vertices: 6702039
Number of cells: 44664783

Writing to file /home/epfl/dforero/scratch/projects/baosystematics/patchy_results/box1/real/vetoang/mocks_void_xyz/CATALPTCICz0.466G960S1158360484.VETO_ANG.VOID.dat
Writing voids with radius in (-10,1009).
Finished successfully!
2500 -10 1009
Reading file: /home/epfl/dforero/scratch/projects/baosystematics/patchy_results/box1/real/vetoang/mocks_gal_xyz/CATALPTCICz0.466G960S1170957577.VETO_ANG.dat
Number of records: 5555398

Duplicating boundaries for periodic condition
Number of records: 6707209

Building Delaunay Triangulation.
Number of vertices: 6707209
Number of cells: 44691513

Writing to file /home/epfl/dforero/scratch/projects/baosystematics/patchy_results/box1/real/vetoang/mocks_void_xyz/CATALPTCICz0.466G960S1170957577.VETO_ANG.VOID.dat
Writing voids with radius in (-10,1009).
Finished successfully!
2500 -10 1009
Reading file: /home/epfl/dforero/scratch/projects/baosystematics/patchy_results/box1/real/vetoang/mocks_gal_xyz/CATALPTCICz0.466G960S1171454456.VETO_ANG.dat
Number of records: 5552323

Duplicating boundaries for periodic condition
Number of records: 6697008

Building Delaunay Triangulation.
Number of vertices: 6697008
Number of cells: 44617503

Writing to file /home/epfl/dforero/scratch/projects/baosystematics/patchy_results/box1/real/vetoang/mocks_void_xyz/CATALPTCICz0.466G960S1171454456.VETO_ANG.VOID.dat
Writing voids with radius in (-10,1009).
Finished successfully!
2500 -10 1009
Reading file: /home/epfl/dforero/scratch/projects/baosystematics/patchy_results/box1/real/vetoang/mocks_gal_xyz/CATALPTCICz0.466G960S1171565480.VETO_ANG.dat
Number of records: 5558912

Duplicating boundaries for periodic condition
Number of records: 6699900

Building Delaunay Triangulation.
Number of vertices: 6699900
Number of cells: 44637739

Writing to file /home/epfl/dforero/scratch/projects/baosystematics/patchy_results/box1/real/vetoang/mocks_void_xyz/CATALPTCICz0.466G960S1171565480.VETO_ANG.VOID.dat
Writing voids with radius in (-10,1009).
Finished successfully!
2500 -10 1009
Reading file: /home/epfl/dforero/scratch/projects/baosystematics/patchy_results/box1/real/vetoang/mocks_gal_xyz/CATALPTCICz0.466G960S1172037969.VETO_ANG.dat
Number of records: 5557152

Duplicating boundaries for periodic condition
Number of records: 6708560

Building Delaunay Triangulation.
Number of vertices: 6708560
Number of cells: 44705215

Writing to file /home/epfl/dforero/scratch/projects/baosystematics/patchy_results/box1/real/vetoang/mocks_void_xyz/CATALPTCICz0.466G960S1172037969.VETO_ANG.VOID.dat
Writing voids with radius in (-10,1009).
Finished successfully!
