2500 -10 1009
Reading file: /home/epfl/dforero/scratch/projects/baosystematics/patchy_results/box1/real/ang/mocks_gal_xyz/CATALPTCICz0.466G960S2058241144.ANG.dat
Number of records: 5898135

Duplicating boundaries for periodic condition
Number of records: 7137182

Building Delaunay Triangulation.
Number of vertices: 7137182
Number of cells: 47586610

Writing to file /home/epfl/dforero/scratch/projects/baosystematics/patchy_results/box1/real/ang/mocks_void_xyz/CATALPTCICz0.466G960S2058241144.ANG.VOID.dat
Writing voids with radius in (-10,1009).
Finished successfully!
2500 -10 1009
Reading file: /home/epfl/dforero/scratch/projects/baosystematics/patchy_results/box1/real/ang/mocks_gal_xyz/CATALPTCICz0.466G960S2059589356.ANG.dat
Number of records: 5899599

Duplicating boundaries for periodic condition
Number of records: 7152006

Building Delaunay Triangulation.
Number of vertices: 7152006
Number of cells: 47683499

Writing to file /home/epfl/dforero/scratch/projects/baosystematics/patchy_results/box1/real/ang/mocks_void_xyz/CATALPTCICz0.466G960S2059589356.ANG.VOID.dat
Writing voids with radius in (-10,1009).
Finished successfully!
2500 -10 1009
Reading file: /home/epfl/dforero/scratch/projects/baosystematics/patchy_results/box1/real/ang/mocks_gal_xyz/CATALPTCICz0.466G960S2061966896.ANG.dat
Number of records: 5897771

Duplicating boundaries for periodic condition
Number of records: 7136290

Building Delaunay Triangulation.
Number of vertices: 7136290
Number of cells: 47580425

Writing to file /home/epfl/dforero/scratch/projects/baosystematics/patchy_results/box1/real/ang/mocks_void_xyz/CATALPTCICz0.466G960S2061966896.ANG.VOID.dat
Writing voids with radius in (-10,1009).
Finished successfully!
2500 -10 1009
Reading file: /home/epfl/dforero/scratch/projects/baosystematics/patchy_results/box1/real/ang/mocks_gal_xyz/CATALPTCICz0.466G960S2066051570.ANG.dat
Number of records: 5898203

Duplicating boundaries for periodic condition
Number of records: 7137755

Building Delaunay Triangulation.
Number of vertices: 7137755
Number of cells: 47585720

Writing to file /home/epfl/dforero/scratch/projects/baosystematics/patchy_results/box1/real/ang/mocks_void_xyz/CATALPTCICz0.466G960S2066051570.ANG.VOID.dat
Writing voids with radius in (-10,1009).
Finished successfully!
2500 -10 1009
Reading file: /home/epfl/dforero/scratch/projects/baosystematics/patchy_results/box1/real/ang/mocks_gal_xyz/CATALPTCICz0.466G960S2072767419.ANG.dat
Number of records: 5900849

Duplicating boundaries for periodic condition
Number of records: 7141512

Building Delaunay Triangulation.
Number of vertices: 7141512
Number of cells: 47609316

Writing to file /home/epfl/dforero/scratch/projects/baosystematics/patchy_results/box1/real/ang/mocks_void_xyz/CATALPTCICz0.466G960S2072767419.ANG.VOID.dat
Writing voids with radius in (-10,1009).
Finished successfully!
2500 -10 1009
Reading file: /home/epfl/dforero/scratch/projects/baosystematics/patchy_results/box1/real/ang/mocks_gal_xyz/CATALPTCICz0.466G960S2073007256.ANG.dat
Number of records: 5899369

Duplicating boundaries for periodic condition
Number of records: 7139132

Building Delaunay Triangulation.
Number of vertices: 7139132
Number of cells: 47597284

Writing to file /home/epfl/dforero/scratch/projects/baosystematics/patchy_results/box1/real/ang/mocks_void_xyz/CATALPTCICz0.466G960S2073007256.ANG.VOID.dat
Writing voids with radius in (-10,1009).
Finished successfully!
2500 -10 1009
Reading file: /home/epfl/dforero/scratch/projects/baosystematics/patchy_results/box1/real/ang/mocks_gal_xyz/CATALPTCICz0.466G960S2073181707.ANG.dat
Number of records: 5899109

Duplicating boundaries for periodic condition
Number of records: 7143886

Building Delaunay Triangulation.
Number of vertices: 7143886
Number of cells: 47630834

Writing to file /home/epfl/dforero/scratch/projects/baosystematics/patchy_results/box1/real/ang/mocks_void_xyz/CATALPTCICz0.466G960S2073181707.ANG.VOID.dat
Writing voids with radius in (-10,1009).
Finished successfully!
2500 -10 1009
Reading file: /home/epfl/dforero/scratch/projects/baosystematics/patchy_results/box1/real/ang/mocks_gal_xyz/CATALPTCICz0.466G960S2075331049.ANG.dat
Number of records: 5899168

Duplicating boundaries for periodic condition
Number of records: 7140824

Building Delaunay Triangulation.
Number of vertices: 7140824
Number of cells: 47604241

Writing to file /home/epfl/dforero/scratch/projects/baosystematics/patchy_results/box1/real/ang/mocks_void_xyz/CATALPTCICz0.466G960S2075331049.ANG.VOID.dat
Writing voids with radius in (-10,1009).
Finished successfully!
2500 -10 1009
Reading file: /home/epfl/dforero/scratch/projects/baosystematics/patchy_results/box1/real/ang/mocks_gal_xyz/CATALPTCICz0.466G960S2076269382.ANG.dat
Number of records: 5895950

Duplicating boundaries for periodic condition
Number of records: 7141275

Building Delaunay Triangulation.
Number of vertices: 7141275
Number of cells: 47609995

Writing to file /home/epfl/dforero/scratch/projects/baosystematics/patchy_results/box1/real/ang/mocks_void_xyz/CATALPTCICz0.466G960S2076269382.ANG.VOID.dat
Writing voids with radius in (-10,1009).
Finished successfully!
2500 -10 1009
Reading file: /home/epfl/dforero/scratch/projects/baosystematics/patchy_results/box1/real/ang/mocks_gal_xyz/CATALPTCICz0.466G960S2076406554.ANG.dat
Number of records: 5895242

Duplicating boundaries for periodic condition
Number of records: 7135426

Building Delaunay Triangulation.
Number of vertices: 7135426
Number of cells: 47565072

Writing to file /home/epfl/dforero/scratch/projects/baosystematics/patchy_results/box1/real/ang/mocks_void_xyz/CATALPTCICz0.466G960S2076406554.ANG.VOID.dat
Writing voids with radius in (-10,1009).
Finished successfully!
