2500 -10 1009
Reading file: /home/epfl/dforero/scratch/projects/baosystematics/patchy_results/box1/real/vetoang/mocks_gal_xyz/CATALPTCICz0.466G960S1866048529.VETO_ANG.dat
Number of records: 5560383

Duplicating boundaries for periodic condition
Number of records: 6712057

Building Delaunay Triangulation.
Number of vertices: 6712057
Number of cells: 44727134

Writing to file /home/epfl/dforero/scratch/projects/baosystematics/patchy_results/box1/real/vetoang/mocks_void_xyz/CATALPTCICz0.466G960S1866048529.VETO_ANG.VOID.dat
Writing voids with radius in (-10,1009).
Finished successfully!
2500 -10 1009
Reading file: /home/epfl/dforero/scratch/projects/baosystematics/patchy_results/box1/real/vetoang/mocks_gal_xyz/CATALPTCICz0.466G960S1866235956.VETO_ANG.dat
Number of records: 5556618

Duplicating boundaries for periodic condition
Number of records: 6699496

Building Delaunay Triangulation.
Number of vertices: 6699496
Number of cells: 44641907

Writing to file /home/epfl/dforero/scratch/projects/baosystematics/patchy_results/box1/real/vetoang/mocks_void_xyz/CATALPTCICz0.466G960S1866235956.VETO_ANG.VOID.dat
Writing voids with radius in (-10,1009).
Finished successfully!
2500 -10 1009
Reading file: /home/epfl/dforero/scratch/projects/baosystematics/patchy_results/box1/real/vetoang/mocks_gal_xyz/CATALPTCICz0.466G960S1866291603.VETO_ANG.dat
Number of records: 5559466

Duplicating boundaries for periodic condition
Number of records: 6710924

Building Delaunay Triangulation.
Number of vertices: 6710924
Number of cells: 44719959

Writing to file /home/epfl/dforero/scratch/projects/baosystematics/patchy_results/box1/real/vetoang/mocks_void_xyz/CATALPTCICz0.466G960S1866291603.VETO_ANG.VOID.dat
Writing voids with radius in (-10,1009).
Finished successfully!
2500 -10 1009
Reading file: /home/epfl/dforero/scratch/projects/baosystematics/patchy_results/box1/real/vetoang/mocks_gal_xyz/CATALPTCICz0.466G960S1868385901.VETO_ANG.dat
Number of records: 5558076

Duplicating boundaries for periodic condition
Number of records: 6708373

Building Delaunay Triangulation.
Number of vertices: 6708373
Number of cells: 44700623

Writing to file /home/epfl/dforero/scratch/projects/baosystematics/patchy_results/box1/real/vetoang/mocks_void_xyz/CATALPTCICz0.466G960S1868385901.VETO_ANG.VOID.dat
Writing voids with radius in (-10,1009).
Finished successfully!
2500 -10 1009
Reading file: /home/epfl/dforero/scratch/projects/baosystematics/patchy_results/box1/real/vetoang/mocks_gal_xyz/CATALPTCICz0.466G960S1871764010.VETO_ANG.dat
Number of records: 5553473

Duplicating boundaries for periodic condition
Number of records: 6709282

Building Delaunay Triangulation.
Number of vertices: 6709282
Number of cells: 44705633

Writing to file /home/epfl/dforero/scratch/projects/baosystematics/patchy_results/box1/real/vetoang/mocks_void_xyz/CATALPTCICz0.466G960S1871764010.VETO_ANG.VOID.dat
Writing voids with radius in (-10,1009).
Finished successfully!
2500 -10 1009
Reading file: /home/epfl/dforero/scratch/projects/baosystematics/patchy_results/box1/real/vetoang/mocks_gal_xyz/CATALPTCICz0.466G960S1876527057.VETO_ANG.dat
Number of records: 5558849

Duplicating boundaries for periodic condition
Number of records: 6708010

Building Delaunay Triangulation.
Number of vertices: 6708010
Number of cells: 44698089

Writing to file /home/epfl/dforero/scratch/projects/baosystematics/patchy_results/box1/real/vetoang/mocks_void_xyz/CATALPTCICz0.466G960S1876527057.VETO_ANG.VOID.dat
Writing voids with radius in (-10,1009).
Finished successfully!
2500 -10 1009
Reading file: /home/epfl/dforero/scratch/projects/baosystematics/patchy_results/box1/real/vetoang/mocks_gal_xyz/CATALPTCICz0.466G960S1878009263.VETO_ANG.dat
Number of records: 5560061

Duplicating boundaries for periodic condition
Number of records: 6707293

Building Delaunay Triangulation.
Number of vertices: 6707293
Number of cells: 44697819

Writing to file /home/epfl/dforero/scratch/projects/baosystematics/patchy_results/box1/real/vetoang/mocks_void_xyz/CATALPTCICz0.466G960S1878009263.VETO_ANG.VOID.dat
Writing voids with radius in (-10,1009).
Finished successfully!
2500 -10 1009
Reading file: /home/epfl/dforero/scratch/projects/baosystematics/patchy_results/box1/real/vetoang/mocks_gal_xyz/CATALPTCICz0.466G960S1879972977.VETO_ANG.dat
Number of records: 5557415

Duplicating boundaries for periodic condition
Number of records: 6702350

Building Delaunay Triangulation.
Number of vertices: 6702350
Number of cells: 44665287

Writing to file /home/epfl/dforero/scratch/projects/baosystematics/patchy_results/box1/real/vetoang/mocks_void_xyz/CATALPTCICz0.466G960S1879972977.VETO_ANG.VOID.dat
Writing voids with radius in (-10,1009).
Finished successfully!
2500 -10 1009
Reading file: /home/epfl/dforero/scratch/projects/baosystematics/patchy_results/box1/real/vetoang/mocks_gal_xyz/CATALPTCICz0.466G960S1885563258.VETO_ANG.dat
Number of records: 5561682

Duplicating boundaries for periodic condition
Number of records: 6709201

Building Delaunay Triangulation.
Number of vertices: 6709201
Number of cells: 44706397

Writing to file /home/epfl/dforero/scratch/projects/baosystematics/patchy_results/box1/real/vetoang/mocks_void_xyz/CATALPTCICz0.466G960S1885563258.VETO_ANG.VOID.dat
Writing voids with radius in (-10,1009).
Finished successfully!
2500 -10 1009
Reading file: /home/epfl/dforero/scratch/projects/baosystematics/patchy_results/box1/real/vetoang/mocks_gal_xyz/CATALPTCICz0.466G960S1886319023.VETO_ANG.dat
Number of records: 5564057

Duplicating boundaries for periodic condition
Number of records: 6712966

Building Delaunay Triangulation.
Number of vertices: 6712966
Number of cells: 44729427

Writing to file /home/epfl/dforero/scratch/projects/baosystematics/patchy_results/box1/real/vetoang/mocks_void_xyz/CATALPTCICz0.466G960S1886319023.VETO_ANG.VOID.dat
Writing voids with radius in (-10,1009).
Finished successfully!
