2500 -10 1009
Reading file: /home/epfl/dforero/scratch/projects/baosystematics/patchy_results/box1/real/ang/mocks_gal_xyz/CATALPTCICz0.466G960S322041233.ANG.dat
Number of records: 5898329

Duplicating boundaries for periodic condition
Number of records: 7133192

Building Delaunay Triangulation.
Number of vertices: 7133192
Number of cells: 47556390

Writing to file /home/epfl/dforero/scratch/projects/baosystematics/patchy_results/box1/real/ang/mocks_void_xyz/CATALPTCICz0.466G960S322041233.ANG.VOID.dat
Writing voids with radius in (-10,1009).
Finished successfully!
2500 -10 1009
Reading file: /home/epfl/dforero/scratch/projects/baosystematics/patchy_results/box1/real/ang/mocks_gal_xyz/CATALPTCICz0.466G960S328966262.ANG.dat
Number of records: 5895363

Duplicating boundaries for periodic condition
Number of records: 7132785

Building Delaunay Triangulation.
Number of vertices: 7132785
Number of cells: 47553733

Writing to file /home/epfl/dforero/scratch/projects/baosystematics/patchy_results/box1/real/ang/mocks_void_xyz/CATALPTCICz0.466G960S328966262.ANG.VOID.dat
Writing voids with radius in (-10,1009).
Finished successfully!
2500 -10 1009
Reading file: /home/epfl/dforero/scratch/projects/baosystematics/patchy_results/box1/real/ang/mocks_gal_xyz/CATALPTCICz0.466G960S329096440.ANG.dat
Number of records: 5897706

Duplicating boundaries for periodic condition
Number of records: 7137468

Building Delaunay Triangulation.
Number of vertices: 7137468
Number of cells: 47582313

Writing to file /home/epfl/dforero/scratch/projects/baosystematics/patchy_results/box1/real/ang/mocks_void_xyz/CATALPTCICz0.466G960S329096440.ANG.VOID.dat
Writing voids with radius in (-10,1009).
Finished successfully!
2500 -10 1009
Reading file: /home/epfl/dforero/scratch/projects/baosystematics/patchy_results/box1/real/ang/mocks_gal_xyz/CATALPTCICz0.466G960S329427831.ANG.dat
Number of records: 5895844

Duplicating boundaries for periodic condition
Number of records: 7141623

Building Delaunay Triangulation.
Number of vertices: 7141623
Number of cells: 47610370

Writing to file /home/epfl/dforero/scratch/projects/baosystematics/patchy_results/box1/real/ang/mocks_void_xyz/CATALPTCICz0.466G960S329427831.ANG.VOID.dat
Writing voids with radius in (-10,1009).
Finished successfully!
2500 -10 1009
Reading file: /home/epfl/dforero/scratch/projects/baosystematics/patchy_results/box1/real/ang/mocks_gal_xyz/CATALPTCICz0.466G960S337281450.ANG.dat
Number of records: 5896246

Duplicating boundaries for periodic condition
Number of records: 7139861

Building Delaunay Triangulation.
Number of vertices: 7139861
Number of cells: 47596300

Writing to file /home/epfl/dforero/scratch/projects/baosystematics/patchy_results/box1/real/ang/mocks_void_xyz/CATALPTCICz0.466G960S337281450.ANG.VOID.dat
Writing voids with radius in (-10,1009).
Finished successfully!
2500 -10 1009
Reading file: /home/epfl/dforero/scratch/projects/baosystematics/patchy_results/box1/real/ang/mocks_gal_xyz/CATALPTCICz0.466G960S341476525.ANG.dat
Number of records: 5893766

Duplicating boundaries for periodic condition
Number of records: 7122518

Building Delaunay Triangulation.
Number of vertices: 7122518
Number of cells: 47479642

Writing to file /home/epfl/dforero/scratch/projects/baosystematics/patchy_results/box1/real/ang/mocks_void_xyz/CATALPTCICz0.466G960S341476525.ANG.VOID.dat
Writing voids with radius in (-10,1009).
Finished successfully!
2500 -10 1009
Reading file: /home/epfl/dforero/scratch/projects/baosystematics/patchy_results/box1/real/ang/mocks_gal_xyz/CATALPTCICz0.466G960S346538314.ANG.dat
Number of records: 5898705

Duplicating boundaries for periodic condition
Number of records: 7139677

Building Delaunay Triangulation.
Number of vertices: 7139677
Number of cells: 47596248

Writing to file /home/epfl/dforero/scratch/projects/baosystematics/patchy_results/box1/real/ang/mocks_void_xyz/CATALPTCICz0.466G960S346538314.ANG.VOID.dat
Writing voids with radius in (-10,1009).
Finished successfully!
2500 -10 1009
Reading file: /home/epfl/dforero/scratch/projects/baosystematics/patchy_results/box1/real/ang/mocks_gal_xyz/CATALPTCICz0.466G960S34923098.ANG.dat
Number of records: 5898558

Duplicating boundaries for periodic condition
Number of records: 7148330

Building Delaunay Triangulation.
Number of vertices: 7148330
Number of cells: 47656924

Writing to file /home/epfl/dforero/scratch/projects/baosystematics/patchy_results/box1/real/ang/mocks_void_xyz/CATALPTCICz0.466G960S34923098.ANG.VOID.dat
Writing voids with radius in (-10,1009).
Finished successfully!
2500 -10 1009
Reading file: /home/epfl/dforero/scratch/projects/baosystematics/patchy_results/box1/real/ang/mocks_gal_xyz/CATALPTCICz0.466G960S349543645.ANG.dat
Number of records: 5899064

Duplicating boundaries for periodic condition
Number of records: 7127695

Building Delaunay Triangulation.
Number of vertices: 7127695
Number of cells: 47520131

Writing to file /home/epfl/dforero/scratch/projects/baosystematics/patchy_results/box1/real/ang/mocks_void_xyz/CATALPTCICz0.466G960S349543645.ANG.VOID.dat
Writing voids with radius in (-10,1009).
Finished successfully!
2500 -10 1009
Reading file: /home/epfl/dforero/scratch/projects/baosystematics/patchy_results/box1/real/ang/mocks_gal_xyz/CATALPTCICz0.466G960S353309712.ANG.dat
Number of records: 5898868

Duplicating boundaries for periodic condition
Number of records: 7131704

Building Delaunay Triangulation.
Number of vertices: 7131704
Number of cells: 47545691

Writing to file /home/epfl/dforero/scratch/projects/baosystematics/patchy_results/box1/real/ang/mocks_void_xyz/CATALPTCICz0.466G960S353309712.ANG.VOID.dat
Writing voids with radius in (-10,1009).
Finished successfully!
