2500 -10 1009
Reading file: /home/epfl/dforero/scratch/projects/baosystematics/patchy_results/box1/real/veto/mocks_gal_xyz/CATALPTCICz0.466G960S37727687.VETO.dat
Number of records: 5857616

Duplicating boundaries for periodic condition
Number of records: 7028648

Building Delaunay Triangulation.
Number of vertices: 7028648
Number of cells: 46819762

Writing to file /home/epfl/dforero/scratch/projects/baosystematics/patchy_results/box1/real/veto/mocks_void_xyz/CATALPTCICz0.466G960S37727687.VETO.VOID.dat
Writing voids with radius in (-10,1009).
Finished successfully!
2500 -10 1009
Reading file: /home/epfl/dforero/scratch/projects/baosystematics/patchy_results/box1/real/veto/mocks_gal_xyz/CATALPTCICz0.466G960S378690851.VETO.dat
Number of records: 5859280

Duplicating boundaries for periodic condition
Number of records: 7036198

Building Delaunay Triangulation.
Number of vertices: 7036197
Number of cells: 46867136

Writing to file /home/epfl/dforero/scratch/projects/baosystematics/patchy_results/box1/real/veto/mocks_void_xyz/CATALPTCICz0.466G960S378690851.VETO.VOID.dat
Writing voids with radius in (-10,1009).
Finished successfully!
2500 -10 1009
Reading file: /home/epfl/dforero/scratch/projects/baosystematics/patchy_results/box1/real/veto/mocks_gal_xyz/CATALPTCICz0.466G960S378695801.VETO.dat
Number of records: 5855350

Duplicating boundaries for periodic condition
Number of records: 7022039

Building Delaunay Triangulation.
Number of vertices: 7022039
Number of cells: 46768316

Writing to file /home/epfl/dforero/scratch/projects/baosystematics/patchy_results/box1/real/veto/mocks_void_xyz/CATALPTCICz0.466G960S378695801.VETO.VOID.dat
Writing voids with radius in (-10,1009).
Finished successfully!
2500 -10 1009
Reading file: /home/epfl/dforero/scratch/projects/baosystematics/patchy_results/box1/real/veto/mocks_gal_xyz/CATALPTCICz0.466G960S380713955.VETO.dat
Number of records: 5853463

Duplicating boundaries for periodic condition
Number of records: 7025981

Building Delaunay Triangulation.
Number of vertices: 7025981
Number of cells: 46803810

Writing to file /home/epfl/dforero/scratch/projects/baosystematics/patchy_results/box1/real/veto/mocks_void_xyz/CATALPTCICz0.466G960S380713955.VETO.VOID.dat
Writing voids with radius in (-10,1009).
Finished successfully!
2500 -10 1009
Reading file: /home/epfl/dforero/scratch/projects/baosystematics/patchy_results/box1/real/veto/mocks_gal_xyz/CATALPTCICz0.466G960S381945632.VETO.dat
Number of records: 5854994

Duplicating boundaries for periodic condition
Number of records: 7036234

Building Delaunay Triangulation.
Number of vertices: 7036234
Number of cells: 46864129

Writing to file /home/epfl/dforero/scratch/projects/baosystematics/patchy_results/box1/real/veto/mocks_void_xyz/CATALPTCICz0.466G960S381945632.VETO.VOID.dat
Writing voids with radius in (-10,1009).
Finished successfully!
2500 -10 1009
Reading file: /home/epfl/dforero/scratch/projects/baosystematics/patchy_results/box1/real/veto/mocks_gal_xyz/CATALPTCICz0.466G960S384074470.VETO.dat
Number of records: 5857190

Duplicating boundaries for periodic condition
Number of records: 7025792

Building Delaunay Triangulation.
Number of vertices: 7025792
Number of cells: 46802358

Writing to file /home/epfl/dforero/scratch/projects/baosystematics/patchy_results/box1/real/veto/mocks_void_xyz/CATALPTCICz0.466G960S384074470.VETO.VOID.dat
Writing voids with radius in (-10,1009).
Finished successfully!
2500 -10 1009
Reading file: /home/epfl/dforero/scratch/projects/baosystematics/patchy_results/box1/real/veto/mocks_gal_xyz/CATALPTCICz0.466G960S38850615.VETO.dat
Number of records: 5853197

Duplicating boundaries for periodic condition
Number of records: 7023257

Building Delaunay Triangulation.
Number of vertices: 7023257
Number of cells: 46776494

Writing to file /home/epfl/dforero/scratch/projects/baosystematics/patchy_results/box1/real/veto/mocks_void_xyz/CATALPTCICz0.466G960S38850615.VETO.VOID.dat
Writing voids with radius in (-10,1009).
Finished successfully!
2500 -10 1009
Reading file: /home/epfl/dforero/scratch/projects/baosystematics/patchy_results/box1/real/veto/mocks_gal_xyz/CATALPTCICz0.466G960S394099568.VETO.dat
Number of records: 5854502

Duplicating boundaries for periodic condition
Number of records: 7032030

Building Delaunay Triangulation.
Number of vertices: 7032030
Number of cells: 46841736

Writing to file /home/epfl/dforero/scratch/projects/baosystematics/patchy_results/box1/real/veto/mocks_void_xyz/CATALPTCICz0.466G960S394099568.VETO.VOID.dat
Writing voids with radius in (-10,1009).
Finished successfully!
2500 -10 1009
Reading file: /home/epfl/dforero/scratch/projects/baosystematics/patchy_results/box1/real/veto/mocks_gal_xyz/CATALPTCICz0.466G960S396051984.VETO.dat
Number of records: 5855612

Duplicating boundaries for periodic condition
Number of records: 7036893

Building Delaunay Triangulation.
Number of vertices: 7036893
Number of cells: 46875654

Writing to file /home/epfl/dforero/scratch/projects/baosystematics/patchy_results/box1/real/veto/mocks_void_xyz/CATALPTCICz0.466G960S396051984.VETO.VOID.dat
Writing voids with radius in (-10,1009).
Finished successfully!
2500 -10 1009
Reading file: /home/epfl/dforero/scratch/projects/baosystematics/patchy_results/box1/real/veto/mocks_gal_xyz/CATALPTCICz0.466G960S398774913.VETO.dat
Number of records: 5858914

Duplicating boundaries for periodic condition
Number of records: 7033024

Building Delaunay Triangulation.
Number of vertices: 7033024
Number of cells: 46849272

Writing to file /home/epfl/dforero/scratch/projects/baosystematics/patchy_results/box1/real/veto/mocks_void_xyz/CATALPTCICz0.466G960S398774913.VETO.VOID.dat
Writing voids with radius in (-10,1009).
Finished successfully!
