2500 -10 1009
Reading file: /home/epfl/dforero/scratch/projects/baosystematics/patchy_results/box1/real/vetoang/mocks_gal_xyz/CATALPTCICz0.466G960S354134.VETO_ANG.dat
Number of records: 5558820

Duplicating boundaries for periodic condition
Number of records: 6709246

Building Delaunay Triangulation.
Number of vertices: 6709246
Number of cells: 44709911

Writing to file /home/epfl/dforero/scratch/projects/baosystematics/patchy_results/box1/real/vetoang/mocks_void_xyz/CATALPTCICz0.466G960S354134.VETO_ANG.VOID.dat
Writing voids with radius in (-10,1009).
Finished successfully!
2500 -10 1009
Reading file: /home/epfl/dforero/scratch/projects/baosystematics/patchy_results/box1/real/vetoang/mocks_gal_xyz/CATALPTCICz0.466G960S355476410.VETO_ANG.dat
Number of records: 5554733

Duplicating boundaries for periodic condition
Number of records: 6697929

Building Delaunay Triangulation.
Number of vertices: 6697929
Number of cells: 44638530

Writing to file /home/epfl/dforero/scratch/projects/baosystematics/patchy_results/box1/real/vetoang/mocks_void_xyz/CATALPTCICz0.466G960S355476410.VETO_ANG.VOID.dat
Writing voids with radius in (-10,1009).
Finished successfully!
2500 -10 1009
Reading file: /home/epfl/dforero/scratch/projects/baosystematics/patchy_results/box1/real/vetoang/mocks_gal_xyz/CATALPTCICz0.466G960S361303953.VETO_ANG.dat
Number of records: 5555501

Duplicating boundaries for periodic condition
Number of records: 6707642

Building Delaunay Triangulation.
Number of vertices: 6707642
Number of cells: 44699383

Writing to file /home/epfl/dforero/scratch/projects/baosystematics/patchy_results/box1/real/vetoang/mocks_void_xyz/CATALPTCICz0.466G960S361303953.VETO_ANG.VOID.dat
Writing voids with radius in (-10,1009).
Finished successfully!
2500 -10 1009
Reading file: /home/epfl/dforero/scratch/projects/baosystematics/patchy_results/box1/real/vetoang/mocks_gal_xyz/CATALPTCICz0.466G960S362641756.VETO_ANG.dat
Number of records: 5558911

Duplicating boundaries for periodic condition
Number of records: 6710162

Building Delaunay Triangulation.
Number of vertices: 6710162
Number of cells: 44714633

Writing to file /home/epfl/dforero/scratch/projects/baosystematics/patchy_results/box1/real/vetoang/mocks_void_xyz/CATALPTCICz0.466G960S362641756.VETO_ANG.VOID.dat
Writing voids with radius in (-10,1009).
Finished successfully!
2500 -10 1009
Reading file: /home/epfl/dforero/scratch/projects/baosystematics/patchy_results/box1/real/vetoang/mocks_gal_xyz/CATALPTCICz0.466G960S363202087.VETO_ANG.dat
Number of records: 5562401

Duplicating boundaries for periodic condition
Number of records: 6714808

Building Delaunay Triangulation.
Number of vertices: 6714808
Number of cells: 44737585

Writing to file /home/epfl/dforero/scratch/projects/baosystematics/patchy_results/box1/real/vetoang/mocks_void_xyz/CATALPTCICz0.466G960S363202087.VETO_ANG.VOID.dat
Writing voids with radius in (-10,1009).
Finished successfully!
2500 -10 1009
Reading file: /home/epfl/dforero/scratch/projects/baosystematics/patchy_results/box1/real/vetoang/mocks_gal_xyz/CATALPTCICz0.466G960S364233976.VETO_ANG.dat
Number of records: 5558844

Duplicating boundaries for periodic condition
Number of records: 6716959

Building Delaunay Triangulation.
Number of vertices: 6716959
Number of cells: 44753652

Writing to file /home/epfl/dforero/scratch/projects/baosystematics/patchy_results/box1/real/vetoang/mocks_void_xyz/CATALPTCICz0.466G960S364233976.VETO_ANG.VOID.dat
Writing voids with radius in (-10,1009).
Finished successfully!
2500 -10 1009
Reading file: /home/epfl/dforero/scratch/projects/baosystematics/patchy_results/box1/real/vetoang/mocks_gal_xyz/CATALPTCICz0.466G960S370253044.VETO_ANG.dat
Number of records: 5552441

Duplicating boundaries for periodic condition
Number of records: 6703894

Building Delaunay Triangulation.
Number of vertices: 6703894
Number of cells: 44670127

Writing to file /home/epfl/dforero/scratch/projects/baosystematics/patchy_results/box1/real/vetoang/mocks_void_xyz/CATALPTCICz0.466G960S370253044.VETO_ANG.VOID.dat
Writing voids with radius in (-10,1009).
Finished successfully!
2500 -10 1009
Reading file: /home/epfl/dforero/scratch/projects/baosystematics/patchy_results/box1/real/vetoang/mocks_gal_xyz/CATALPTCICz0.466G960S375349953.VETO_ANG.dat
Number of records: 5558374

Duplicating boundaries for periodic condition
Number of records: 6707544

Building Delaunay Triangulation.
Number of vertices: 6707543
Number of cells: 44696120

Writing to file /home/epfl/dforero/scratch/projects/baosystematics/patchy_results/box1/real/vetoang/mocks_void_xyz/CATALPTCICz0.466G960S375349953.VETO_ANG.VOID.dat
Writing voids with radius in (-10,1009).
Finished successfully!
2500 -10 1009
Reading file: /home/epfl/dforero/scratch/projects/baosystematics/patchy_results/box1/real/vetoang/mocks_gal_xyz/CATALPTCICz0.466G960S375858835.VETO_ANG.dat
Number of records: 5559710

Duplicating boundaries for periodic condition
Number of records: 6705911

Building Delaunay Triangulation.
Number of vertices: 6705911
Number of cells: 44682679

Writing to file /home/epfl/dforero/scratch/projects/baosystematics/patchy_results/box1/real/vetoang/mocks_void_xyz/CATALPTCICz0.466G960S375858835.VETO_ANG.VOID.dat
Writing voids with radius in (-10,1009).
Finished successfully!
2500 -10 1009
Reading file: /home/epfl/dforero/scratch/projects/baosystematics/patchy_results/box1/real/vetoang/mocks_gal_xyz/CATALPTCICz0.466G960S376146255.VETO_ANG.dat
Number of records: 5559450

Duplicating boundaries for periodic condition
Number of records: 6713804

Building Delaunay Triangulation.
Number of vertices: 6713804
Number of cells: 44737500

Writing to file /home/epfl/dforero/scratch/projects/baosystematics/patchy_results/box1/real/vetoang/mocks_void_xyz/CATALPTCICz0.466G960S376146255.VETO_ANG.VOID.dat
Writing voids with radius in (-10,1009).
Finished successfully!
