2500 -10 1009
Reading file: /home/epfl/dforero/scratch/projects/baosystematics/patchy_results/box1/real/vetoang/mocks_gal_xyz/CATALPTCICz0.466G960S2078493117.VETO_ANG.dat
Number of records: 5558561

Duplicating boundaries for periodic condition
Number of records: 6709075

Building Delaunay Triangulation.
Number of vertices: 6709075
Number of cells: 44706284

Writing to file /home/epfl/dforero/scratch/projects/baosystematics/patchy_results/box1/real/vetoang/mocks_void_xyz/CATALPTCICz0.466G960S2078493117.VETO_ANG.VOID.dat
Writing voids with radius in (-10,1009).
Finished successfully!
2500 -10 1009
Reading file: /home/epfl/dforero/scratch/projects/baosystematics/patchy_results/box1/real/vetoang/mocks_gal_xyz/CATALPTCICz0.466G960S2080767391.VETO_ANG.dat
Number of records: 5559334

Duplicating boundaries for periodic condition
Number of records: 6715515

Building Delaunay Triangulation.
Number of vertices: 6715515
Number of cells: 44740951

Writing to file /home/epfl/dforero/scratch/projects/baosystematics/patchy_results/box1/real/vetoang/mocks_void_xyz/CATALPTCICz0.466G960S2080767391.VETO_ANG.VOID.dat
Writing voids with radius in (-10,1009).
Finished successfully!
2500 -10 1009
Reading file: /home/epfl/dforero/scratch/projects/baosystematics/patchy_results/box1/real/vetoang/mocks_gal_xyz/CATALPTCICz0.466G960S2085155739.VETO_ANG.dat
Number of records: 5556443

Duplicating boundaries for periodic condition
Number of records: 6710075

Building Delaunay Triangulation.
Number of vertices: 6710075
Number of cells: 44717327

Writing to file /home/epfl/dforero/scratch/projects/baosystematics/patchy_results/box1/real/vetoang/mocks_void_xyz/CATALPTCICz0.466G960S2085155739.VETO_ANG.VOID.dat
Writing voids with radius in (-10,1009).
Finished successfully!
2500 -10 1009
Reading file: /home/epfl/dforero/scratch/projects/baosystematics/patchy_results/box1/real/vetoang/mocks_gal_xyz/CATALPTCICz0.466G960S2085350725.VETO_ANG.dat
Number of records: 5552309

Duplicating boundaries for periodic condition
Number of records: 6693806

Building Delaunay Triangulation.
Number of vertices: 6693806
Number of cells: 44610069

Writing to file /home/epfl/dforero/scratch/projects/baosystematics/patchy_results/box1/real/vetoang/mocks_void_xyz/CATALPTCICz0.466G960S2085350725.VETO_ANG.VOID.dat
Writing voids with radius in (-10,1009).
Finished successfully!
2500 -10 1009
Reading file: /home/epfl/dforero/scratch/projects/baosystematics/patchy_results/box1/real/vetoang/mocks_gal_xyz/CATALPTCICz0.466G960S2090208869.VETO_ANG.dat
Number of records: 5559788

Duplicating boundaries for periodic condition
Number of records: 6713466

Building Delaunay Triangulation.
Number of vertices: 6713466
Number of cells: 44739938

Writing to file /home/epfl/dforero/scratch/projects/baosystematics/patchy_results/box1/real/vetoang/mocks_void_xyz/CATALPTCICz0.466G960S2090208869.VETO_ANG.VOID.dat
Writing voids with radius in (-10,1009).
Finished successfully!
2500 -10 1009
Reading file: /home/epfl/dforero/scratch/projects/baosystematics/patchy_results/box1/real/vetoang/mocks_gal_xyz/CATALPTCICz0.466G960S2094794961.VETO_ANG.dat
Number of records: 5559319

Duplicating boundaries for periodic condition
Number of records: 6705731

Building Delaunay Triangulation.
Number of vertices: 6705731
Number of cells: 44684712

Writing to file /home/epfl/dforero/scratch/projects/baosystematics/patchy_results/box1/real/vetoang/mocks_void_xyz/CATALPTCICz0.466G960S2094794961.VETO_ANG.VOID.dat
Writing voids with radius in (-10,1009).
Finished successfully!
2500 -10 1009
Reading file: /home/epfl/dforero/scratch/projects/baosystematics/patchy_results/box1/real/vetoang/mocks_gal_xyz/CATALPTCICz0.466G960S2102161325.VETO_ANG.dat
Number of records: 5564104

Duplicating boundaries for periodic condition
Number of records: 6705008

Building Delaunay Triangulation.
Number of vertices: 6705008
Number of cells: 44680169

Writing to file /home/epfl/dforero/scratch/projects/baosystematics/patchy_results/box1/real/vetoang/mocks_void_xyz/CATALPTCICz0.466G960S2102161325.VETO_ANG.VOID.dat
Writing voids with radius in (-10,1009).
Finished successfully!
2500 -10 1009
Reading file: /home/epfl/dforero/scratch/projects/baosystematics/patchy_results/box1/real/vetoang/mocks_gal_xyz/CATALPTCICz0.466G960S2102329975.VETO_ANG.dat
Number of records: 5560500

Duplicating boundaries for periodic condition
Number of records: 6707176

Building Delaunay Triangulation.
Number of vertices: 6707176
Number of cells: 44690613

Writing to file /home/epfl/dforero/scratch/projects/baosystematics/patchy_results/box1/real/vetoang/mocks_void_xyz/CATALPTCICz0.466G960S2102329975.VETO_ANG.VOID.dat
Writing voids with radius in (-10,1009).
Finished successfully!
2500 -10 1009
Reading file: /home/epfl/dforero/scratch/projects/baosystematics/patchy_results/box1/real/vetoang/mocks_gal_xyz/CATALPTCICz0.466G960S2105841094.VETO_ANG.dat
Number of records: 5560037

Duplicating boundaries for periodic condition
Number of records: 6711333

Building Delaunay Triangulation.
Number of vertices: 6711333
Number of cells: 44728307

Writing to file /home/epfl/dforero/scratch/projects/baosystematics/patchy_results/box1/real/vetoang/mocks_void_xyz/CATALPTCICz0.466G960S2105841094.VETO_ANG.VOID.dat
Writing voids with radius in (-10,1009).
Finished successfully!
2500 -10 1009
Reading file: /home/epfl/dforero/scratch/projects/baosystematics/patchy_results/box1/real/vetoang/mocks_gal_xyz/CATALPTCICz0.466G960S2111416299.VETO_ANG.dat
Number of records: 5558138

Duplicating boundaries for periodic condition
Number of records: 6715533

Building Delaunay Triangulation.
Number of vertices: 6715533
Number of cells: 44744789

Writing to file /home/epfl/dforero/scratch/projects/baosystematics/patchy_results/box1/real/vetoang/mocks_void_xyz/CATALPTCICz0.466G960S2111416299.VETO_ANG.VOID.dat
Writing voids with radius in (-10,1009).
Finished successfully!
