2500 -10 1009
Reading file: /home/epfl/dforero/scratch/projects/baosystematics/patchy_results/box1/real/vetoang/mocks_gal_xyz/CATALPTCICz0.466G960S280931189.VETO_ANG.dat
Number of records: 5554244

Duplicating boundaries for periodic condition
Number of records: 6709061

Building Delaunay Triangulation.
Number of vertices: 6709061
Number of cells: 44711601

Writing to file /home/epfl/dforero/scratch/projects/baosystematics/patchy_results/box1/real/vetoang/mocks_void_xyz/CATALPTCICz0.466G960S280931189.VETO_ANG.VOID.dat
Writing voids with radius in (-10,1009).
Finished successfully!
2500 -10 1009
Reading file: /home/epfl/dforero/scratch/projects/baosystematics/patchy_results/box1/real/vetoang/mocks_gal_xyz/CATALPTCICz0.466G960S281865714.VETO_ANG.dat
Number of records: 5560292

Duplicating boundaries for periodic condition
Number of records: 6712040

Building Delaunay Triangulation.
Number of vertices: 6712040
Number of cells: 44728401

Writing to file /home/epfl/dforero/scratch/projects/baosystematics/patchy_results/box1/real/vetoang/mocks_void_xyz/CATALPTCICz0.466G960S281865714.VETO_ANG.VOID.dat
Writing voids with radius in (-10,1009).
Finished successfully!
2500 -10 1009
Reading file: /home/epfl/dforero/scratch/projects/baosystematics/patchy_results/box1/real/vetoang/mocks_gal_xyz/CATALPTCICz0.466G960S285883522.VETO_ANG.dat
Number of records: 5559731

Duplicating boundaries for periodic condition
Number of records: 6709934

Building Delaunay Triangulation.
Number of vertices: 6709934
Number of cells: 44713837

Writing to file /home/epfl/dforero/scratch/projects/baosystematics/patchy_results/box1/real/vetoang/mocks_void_xyz/CATALPTCICz0.466G960S285883522.VETO_ANG.VOID.dat
Writing voids with radius in (-10,1009).
Finished successfully!
2500 -10 1009
Reading file: /home/epfl/dforero/scratch/projects/baosystematics/patchy_results/box1/real/vetoang/mocks_gal_xyz/CATALPTCICz0.466G960S286533918.VETO_ANG.dat
Number of records: 5556861

Duplicating boundaries for periodic condition
Number of records: 6701891

Building Delaunay Triangulation.
Number of vertices: 6701891
Number of cells: 44660680

Writing to file /home/epfl/dforero/scratch/projects/baosystematics/patchy_results/box1/real/vetoang/mocks_void_xyz/CATALPTCICz0.466G960S286533918.VETO_ANG.VOID.dat
Writing voids with radius in (-10,1009).
Finished successfully!
2500 -10 1009
Reading file: /home/epfl/dforero/scratch/projects/baosystematics/patchy_results/box1/real/vetoang/mocks_gal_xyz/CATALPTCICz0.466G960S289937724.VETO_ANG.dat
Number of records: 5561873

Duplicating boundaries for periodic condition
Number of records: 6704052

Building Delaunay Triangulation.
Number of vertices: 6704052
Number of cells: 44670278

Writing to file /home/epfl/dforero/scratch/projects/baosystematics/patchy_results/box1/real/vetoang/mocks_void_xyz/CATALPTCICz0.466G960S289937724.VETO_ANG.VOID.dat
Writing voids with radius in (-10,1009).
Finished successfully!
2500 -10 1009
Reading file: /home/epfl/dforero/scratch/projects/baosystematics/patchy_results/box1/real/vetoang/mocks_gal_xyz/CATALPTCICz0.466G960S290410571.VETO_ANG.dat
Number of records: 5560123

Duplicating boundaries for periodic condition
Number of records: 6715231

Building Delaunay Triangulation.
Number of vertices: 6715231
Number of cells: 44750193

Writing to file /home/epfl/dforero/scratch/projects/baosystematics/patchy_results/box1/real/vetoang/mocks_void_xyz/CATALPTCICz0.466G960S290410571.VETO_ANG.VOID.dat
Writing voids with radius in (-10,1009).
Finished successfully!
2500 -10 1009
Reading file: /home/epfl/dforero/scratch/projects/baosystematics/patchy_results/box1/real/vetoang/mocks_gal_xyz/CATALPTCICz0.466G960S291988354.VETO_ANG.dat
Number of records: 5562724

Duplicating boundaries for periodic condition
Number of records: 6712647

Building Delaunay Triangulation.
Number of vertices: 6712647
Number of cells: 44736227

Writing to file /home/epfl/dforero/scratch/projects/baosystematics/patchy_results/box1/real/vetoang/mocks_void_xyz/CATALPTCICz0.466G960S291988354.VETO_ANG.VOID.dat
Writing voids with radius in (-10,1009).
Finished successfully!
2500 -10 1009
Reading file: /home/epfl/dforero/scratch/projects/baosystematics/patchy_results/box1/real/vetoang/mocks_gal_xyz/CATALPTCICz0.466G960S298829905.VETO_ANG.dat
Number of records: 5558615

Duplicating boundaries for periodic condition
Number of records: 6701050

Building Delaunay Triangulation.
Number of vertices: 6701050
Number of cells: 44644533

Writing to file /home/epfl/dforero/scratch/projects/baosystematics/patchy_results/box1/real/vetoang/mocks_void_xyz/CATALPTCICz0.466G960S298829905.VETO_ANG.VOID.dat
Writing voids with radius in (-10,1009).
Finished successfully!
2500 -10 1009
Reading file: /home/epfl/dforero/scratch/projects/baosystematics/patchy_results/box1/real/vetoang/mocks_gal_xyz/CATALPTCICz0.466G960S303311051.VETO_ANG.dat
Number of records: 5556982

Duplicating boundaries for periodic condition
Number of records: 6695153

Building Delaunay Triangulation.
Number of vertices: 6695153
Number of cells: 44618012

Writing to file /home/epfl/dforero/scratch/projects/baosystematics/patchy_results/box1/real/vetoang/mocks_void_xyz/CATALPTCICz0.466G960S303311051.VETO_ANG.VOID.dat
Writing voids with radius in (-10,1009).
Finished successfully!
2500 -10 1009
Reading file: /home/epfl/dforero/scratch/projects/baosystematics/patchy_results/box1/real/vetoang/mocks_gal_xyz/CATALPTCICz0.466G960S306572308.VETO_ANG.dat
Number of records: 5555382

Duplicating boundaries for periodic condition
Number of records: 6704764

Building Delaunay Triangulation.
Number of vertices: 6704764
Number of cells: 44674338

Writing to file /home/epfl/dforero/scratch/projects/baosystematics/patchy_results/box1/real/vetoang/mocks_void_xyz/CATALPTCICz0.466G960S306572308.VETO_ANG.VOID.dat
Writing voids with radius in (-10,1009).
Finished successfully!
