2500 -10 1009
Reading file: /home/epfl/dforero/scratch/projects/baosystematics/patchy_results/box1/real/ang/mocks_gal_xyz/CATALPTCICz0.466G960S2078493117.ANG.dat
Number of records: 5899838

Duplicating boundaries for periodic condition
Number of records: 7143651

Building Delaunay Triangulation.
Number of vertices: 7143651
Number of cells: 47625656

Writing to file /home/epfl/dforero/scratch/projects/baosystematics/patchy_results/box1/real/ang/mocks_void_xyz/CATALPTCICz0.466G960S2078493117.ANG.VOID.dat
Writing voids with radius in (-10,1009).
Finished successfully!
2500 -10 1009
Reading file: /home/epfl/dforero/scratch/projects/baosystematics/patchy_results/box1/real/ang/mocks_gal_xyz/CATALPTCICz0.466G960S2080767391.ANG.dat
Number of records: 5899465

Duplicating boundaries for periodic condition
Number of records: 7149386

Building Delaunay Triangulation.
Number of vertices: 7149386
Number of cells: 47656739

Writing to file /home/epfl/dforero/scratch/projects/baosystematics/patchy_results/box1/real/ang/mocks_void_xyz/CATALPTCICz0.466G960S2080767391.ANG.VOID.dat
Writing voids with radius in (-10,1009).
Finished successfully!
2500 -10 1009
Reading file: /home/epfl/dforero/scratch/projects/baosystematics/patchy_results/box1/real/ang/mocks_gal_xyz/CATALPTCICz0.466G960S2085155739.ANG.dat
Number of records: 5896518

Duplicating boundaries for periodic condition
Number of records: 7142325

Building Delaunay Triangulation.
Number of vertices: 7142325
Number of cells: 47621878

Writing to file /home/epfl/dforero/scratch/projects/baosystematics/patchy_results/box1/real/ang/mocks_void_xyz/CATALPTCICz0.466G960S2085155739.ANG.VOID.dat
Writing voids with radius in (-10,1009).
Finished successfully!
2500 -10 1009
Reading file: /home/epfl/dforero/scratch/projects/baosystematics/patchy_results/box1/real/ang/mocks_gal_xyz/CATALPTCICz0.466G960S2085350725.ANG.dat
Number of records: 5893940

Duplicating boundaries for periodic condition
Number of records: 7127683

Building Delaunay Triangulation.
Number of vertices: 7127683
Number of cells: 47524309

Writing to file /home/epfl/dforero/scratch/projects/baosystematics/patchy_results/box1/real/ang/mocks_void_xyz/CATALPTCICz0.466G960S2085350725.ANG.VOID.dat
Writing voids with radius in (-10,1009).
Finished successfully!
2500 -10 1009
Reading file: /home/epfl/dforero/scratch/projects/baosystematics/patchy_results/box1/real/ang/mocks_gal_xyz/CATALPTCICz0.466G960S2090208869.ANG.dat
Number of records: 5900678

Duplicating boundaries for periodic condition
Number of records: 7148295

Building Delaunay Triangulation.
Number of vertices: 7148295
Number of cells: 47661926

Writing to file /home/epfl/dforero/scratch/projects/baosystematics/patchy_results/box1/real/ang/mocks_void_xyz/CATALPTCICz0.466G960S2090208869.ANG.VOID.dat
Writing voids with radius in (-10,1009).
Finished successfully!
2500 -10 1009
Reading file: /home/epfl/dforero/scratch/projects/baosystematics/patchy_results/box1/real/ang/mocks_gal_xyz/CATALPTCICz0.466G960S2094794961.ANG.dat
Number of records: 5898614

Duplicating boundaries for periodic condition
Number of records: 7135756

Building Delaunay Triangulation.
Number of vertices: 7135756
Number of cells: 47571740

Writing to file /home/epfl/dforero/scratch/projects/baosystematics/patchy_results/box1/real/ang/mocks_void_xyz/CATALPTCICz0.466G960S2094794961.ANG.VOID.dat
Writing voids with radius in (-10,1009).
Finished successfully!
2500 -10 1009
Reading file: /home/epfl/dforero/scratch/projects/baosystematics/patchy_results/box1/real/ang/mocks_gal_xyz/CATALPTCICz0.466G960S2102161325.ANG.dat
Number of records: 5900638

Duplicating boundaries for periodic condition
Number of records: 7130305

Building Delaunay Triangulation.
Number of vertices: 7130305
Number of cells: 47538706

Writing to file /home/epfl/dforero/scratch/projects/baosystematics/patchy_results/box1/real/ang/mocks_void_xyz/CATALPTCICz0.466G960S2102161325.ANG.VOID.dat
Writing voids with radius in (-10,1009).
Finished successfully!
2500 -10 1009
Reading file: /home/epfl/dforero/scratch/projects/baosystematics/patchy_results/box1/real/ang/mocks_gal_xyz/CATALPTCICz0.466G960S2102329975.ANG.dat
Number of records: 5898873

Duplicating boundaries for periodic condition
Number of records: 7137278

Building Delaunay Triangulation.
Number of vertices: 7137278
Number of cells: 47580841

Writing to file /home/epfl/dforero/scratch/projects/baosystematics/patchy_results/box1/real/ang/mocks_void_xyz/CATALPTCICz0.466G960S2102329975.ANG.VOID.dat
Writing voids with radius in (-10,1009).
Finished successfully!
2500 -10 1009
Reading file: /home/epfl/dforero/scratch/projects/baosystematics/patchy_results/box1/real/ang/mocks_gal_xyz/CATALPTCICz0.466G960S2105841094.ANG.dat
Number of records: 5899808

Duplicating boundaries for periodic condition
Number of records: 7142075

Building Delaunay Triangulation.
Number of vertices: 7142075
Number of cells: 47623400

Writing to file /home/epfl/dforero/scratch/projects/baosystematics/patchy_results/box1/real/ang/mocks_void_xyz/CATALPTCICz0.466G960S2105841094.ANG.VOID.dat
Writing voids with radius in (-10,1009).
Finished successfully!
2500 -10 1009
Reading file: /home/epfl/dforero/scratch/projects/baosystematics/patchy_results/box1/real/ang/mocks_gal_xyz/CATALPTCICz0.466G960S2111416299.ANG.dat
Number of records: 5895331

Duplicating boundaries for periodic condition
Number of records: 7145358

Building Delaunay Triangulation.
Number of vertices: 7145358
Number of cells: 47630459

Writing to file /home/epfl/dforero/scratch/projects/baosystematics/patchy_results/box1/real/ang/mocks_void_xyz/CATALPTCICz0.466G960S2111416299.ANG.VOID.dat
Writing voids with radius in (-10,1009).
Finished successfully!
