2500 -10 1009
Reading file: /home/epfl/dforero/scratch/projects/baosystematics/patchy_results/box1/real/vetoang/mocks_gal_xyz/CATALPTCICz0.466G960S82596751.VETO_ANG.dat
Number of records: 5557950

Duplicating boundaries for periodic condition
Number of records: 6698674

Building Delaunay Triangulation.
Number of vertices: 6698674
Number of cells: 44637433

Writing to file /home/epfl/dforero/scratch/projects/baosystematics/patchy_results/box1/real/vetoang/mocks_void_xyz/CATALPTCICz0.466G960S82596751.VETO_ANG.VOID.dat
Writing voids with radius in (-10,1009).
Finished successfully!
2500 -10 1009
Reading file: /home/epfl/dforero/scratch/projects/baosystematics/patchy_results/box1/real/vetoang/mocks_gal_xyz/CATALPTCICz0.466G960S833637829.VETO_ANG.dat
Number of records: 5560025

Duplicating boundaries for periodic condition
Number of records: 6703493

Building Delaunay Triangulation.
Number of vertices: 6703493
Number of cells: 44664619

Writing to file /home/epfl/dforero/scratch/projects/baosystematics/patchy_results/box1/real/vetoang/mocks_void_xyz/CATALPTCICz0.466G960S833637829.VETO_ANG.VOID.dat
Writing voids with radius in (-10,1009).
Finished successfully!
2500 -10 1009
Reading file: /home/epfl/dforero/scratch/projects/baosystematics/patchy_results/box1/real/vetoang/mocks_gal_xyz/CATALPTCICz0.466G960S834266118.VETO_ANG.dat
Number of records: 5561200

Duplicating boundaries for periodic condition
Number of records: 6716563

Building Delaunay Triangulation.
Number of vertices: 6716563
Number of cells: 44757316

Writing to file /home/epfl/dforero/scratch/projects/baosystematics/patchy_results/box1/real/vetoang/mocks_void_xyz/CATALPTCICz0.466G960S834266118.VETO_ANG.VOID.dat
Writing voids with radius in (-10,1009).
Finished successfully!
2500 -10 1009
Reading file: /home/epfl/dforero/scratch/projects/baosystematics/patchy_results/box1/real/vetoang/mocks_gal_xyz/CATALPTCICz0.466G960S835650869.VETO_ANG.dat
Number of records: 5554457

Duplicating boundaries for periodic condition
Number of records: 6701233

Building Delaunay Triangulation.
Number of vertices: 6701233
Number of cells: 44649968

Writing to file /home/epfl/dforero/scratch/projects/baosystematics/patchy_results/box1/real/vetoang/mocks_void_xyz/CATALPTCICz0.466G960S835650869.VETO_ANG.VOID.dat
Writing voids with radius in (-10,1009).
Finished successfully!
2500 -10 1009
Reading file: /home/epfl/dforero/scratch/projects/baosystematics/patchy_results/box1/real/vetoang/mocks_gal_xyz/CATALPTCICz0.466G960S839936506.VETO_ANG.dat
Number of records: 5557299

Duplicating boundaries for periodic condition
Number of records: 6706429

Building Delaunay Triangulation.
Number of vertices: 6706429
Number of cells: 44691195

Writing to file /home/epfl/dforero/scratch/projects/baosystematics/patchy_results/box1/real/vetoang/mocks_void_xyz/CATALPTCICz0.466G960S839936506.VETO_ANG.VOID.dat
Writing voids with radius in (-10,1009).
Finished successfully!
2500 -10 1009
Reading file: /home/epfl/dforero/scratch/projects/baosystematics/patchy_results/box1/real/vetoang/mocks_gal_xyz/CATALPTCICz0.466G960S845458243.VETO_ANG.dat
Number of records: 5554441

Duplicating boundaries for periodic condition
Number of records: 6707238

Building Delaunay Triangulation.
Number of vertices: 6707238
Number of cells: 44690644

Writing to file /home/epfl/dforero/scratch/projects/baosystematics/patchy_results/box1/real/vetoang/mocks_void_xyz/CATALPTCICz0.466G960S845458243.VETO_ANG.VOID.dat
Writing voids with radius in (-10,1009).
Finished successfully!
2500 -10 1009
Reading file: /home/epfl/dforero/scratch/projects/baosystematics/patchy_results/box1/real/vetoang/mocks_gal_xyz/CATALPTCICz0.466G960S854853218.VETO_ANG.dat
Number of records: 5552712

Duplicating boundaries for periodic condition
Number of records: 6701411

Building Delaunay Triangulation.
Number of vertices: 6701411
Number of cells: 44654001

Writing to file /home/epfl/dforero/scratch/projects/baosystematics/patchy_results/box1/real/vetoang/mocks_void_xyz/CATALPTCICz0.466G960S854853218.VETO_ANG.VOID.dat
Writing voids with radius in (-10,1009).
Finished successfully!
2500 -10 1009
Reading file: /home/epfl/dforero/scratch/projects/baosystematics/patchy_results/box1/real/vetoang/mocks_gal_xyz/CATALPTCICz0.466G960S85829856.VETO_ANG.dat
Number of records: 5561707

Duplicating boundaries for periodic condition
Number of records: 6720705

Building Delaunay Triangulation.
Number of vertices: 6720705
Number of cells: 44786479

Writing to file /home/epfl/dforero/scratch/projects/baosystematics/patchy_results/box1/real/vetoang/mocks_void_xyz/CATALPTCICz0.466G960S85829856.VETO_ANG.VOID.dat
Writing voids with radius in (-10,1009).
Finished successfully!
2500 -10 1009
Reading file: /home/epfl/dforero/scratch/projects/baosystematics/patchy_results/box1/real/vetoang/mocks_gal_xyz/CATALPTCICz0.466G960S862088714.VETO_ANG.dat
Number of records: 5562943

Duplicating boundaries for periodic condition
Number of records: 6705859

Building Delaunay Triangulation.
Number of vertices: 6705859
Number of cells: 44683960

Writing to file /home/epfl/dforero/scratch/projects/baosystematics/patchy_results/box1/real/vetoang/mocks_void_xyz/CATALPTCICz0.466G960S862088714.VETO_ANG.VOID.dat
Writing voids with radius in (-10,1009).
Finished successfully!
2500 -10 1009
Reading file: /home/epfl/dforero/scratch/projects/baosystematics/patchy_results/box1/real/vetoang/mocks_gal_xyz/CATALPTCICz0.466G960S862729728.VETO_ANG.dat
Number of records: 5552849

Duplicating boundaries for periodic condition
Number of records: 6699601

Building Delaunay Triangulation.
Number of vertices: 6699601
Number of cells: 44637718

Writing to file /home/epfl/dforero/scratch/projects/baosystematics/patchy_results/box1/real/vetoang/mocks_void_xyz/CATALPTCICz0.466G960S862729728.VETO_ANG.VOID.dat
Writing voids with radius in (-10,1009).
Finished successfully!
