2500 -10 1009
Reading file: /home/epfl/dforero/scratch/projects/baosystematics/patchy_results/box1/real/ang/mocks_gal_xyz/CATALPTCICz0.466G960S167373079.ANG.dat
Number of records: 5899409

Duplicating boundaries for periodic condition
Number of records: 7142972

Building Delaunay Triangulation.
Number of vertices: 7142972
Number of cells: 47621474

Writing to file /home/epfl/dforero/scratch/projects/baosystematics/patchy_results/box1/real/ang/mocks_void_xyz/CATALPTCICz0.466G960S167373079.ANG.VOID.dat
Writing voids with radius in (-10,1009).
Finished successfully!
2500 -10 1009
Reading file: /home/epfl/dforero/scratch/projects/baosystematics/patchy_results/box1/real/ang/mocks_gal_xyz/CATALPTCICz0.466G960S1675546508.ANG.dat
Number of records: 5899055

Duplicating boundaries for periodic condition
Number of records: 7141866

Building Delaunay Triangulation.
Number of vertices: 7141866
Number of cells: 47613694

Writing to file /home/epfl/dforero/scratch/projects/baosystematics/patchy_results/box1/real/ang/mocks_void_xyz/CATALPTCICz0.466G960S1675546508.ANG.VOID.dat
Writing voids with radius in (-10,1009).
Finished successfully!
2500 -10 1009
Reading file: /home/epfl/dforero/scratch/projects/baosystematics/patchy_results/box1/real/ang/mocks_gal_xyz/CATALPTCICz0.466G960S1679333461.ANG.dat
Number of records: 5897701

Duplicating boundaries for periodic condition
Number of records: 7144479

Building Delaunay Triangulation.
Number of vertices: 7144479
Number of cells: 47630311

Writing to file /home/epfl/dforero/scratch/projects/baosystematics/patchy_results/box1/real/ang/mocks_void_xyz/CATALPTCICz0.466G960S1679333461.ANG.VOID.dat
Writing voids with radius in (-10,1009).
Finished successfully!
2500 -10 1009
Reading file: /home/epfl/dforero/scratch/projects/baosystematics/patchy_results/box1/real/ang/mocks_gal_xyz/CATALPTCICz0.466G960S1685847119.ANG.dat
Number of records: 5892388

Duplicating boundaries for periodic condition
Number of records: 7134897

Building Delaunay Triangulation.
Number of vertices: 7134897
Number of cells: 47576506

Writing to file /home/epfl/dforero/scratch/projects/baosystematics/patchy_results/box1/real/ang/mocks_void_xyz/CATALPTCICz0.466G960S1685847119.ANG.VOID.dat
Writing voids with radius in (-10,1009).
Finished successfully!
2500 -10 1009
Reading file: /home/epfl/dforero/scratch/projects/baosystematics/patchy_results/box1/real/ang/mocks_gal_xyz/CATALPTCICz0.466G960S1695327302.ANG.dat
Number of records: 5900870

Duplicating boundaries for periodic condition
Number of records: 7138080

Building Delaunay Triangulation.
Number of vertices: 7138080
Number of cells: 47589471

Writing to file /home/epfl/dforero/scratch/projects/baosystematics/patchy_results/box1/real/ang/mocks_void_xyz/CATALPTCICz0.466G960S1695327302.ANG.VOID.dat
Writing voids with radius in (-10,1009).
Finished successfully!
2500 -10 1009
Reading file: /home/epfl/dforero/scratch/projects/baosystematics/patchy_results/box1/real/ang/mocks_gal_xyz/CATALPTCICz0.466G960S1697695752.ANG.dat
Number of records: 5893433

Duplicating boundaries for periodic condition
Number of records: 7128765

Building Delaunay Triangulation.
Number of vertices: 7128765
Number of cells: 47525163

Writing to file /home/epfl/dforero/scratch/projects/baosystematics/patchy_results/box1/real/ang/mocks_void_xyz/CATALPTCICz0.466G960S1697695752.ANG.VOID.dat
Writing voids with radius in (-10,1009).
Finished successfully!
2500 -10 1009
Reading file: /home/epfl/dforero/scratch/projects/baosystematics/patchy_results/box1/real/ang/mocks_gal_xyz/CATALPTCICz0.466G960S1701633369.ANG.dat
Number of records: 5898463

Duplicating boundaries for periodic condition
Number of records: 7139958

Building Delaunay Triangulation.
Number of vertices: 7139958
Number of cells: 47598663

Writing to file /home/epfl/dforero/scratch/projects/baosystematics/patchy_results/box1/real/ang/mocks_void_xyz/CATALPTCICz0.466G960S1701633369.ANG.VOID.dat
Writing voids with radius in (-10,1009).
Finished successfully!
2500 -10 1009
Reading file: /home/epfl/dforero/scratch/projects/baosystematics/patchy_results/box1/real/ang/mocks_gal_xyz/CATALPTCICz0.466G960S1702508998.ANG.dat
Number of records: 5898260

Duplicating boundaries for periodic condition
Number of records: 7136235

Building Delaunay Triangulation.
Number of vertices: 7136235
Number of cells: 47574512

Writing to file /home/epfl/dforero/scratch/projects/baosystematics/patchy_results/box1/real/ang/mocks_void_xyz/CATALPTCICz0.466G960S1702508998.ANG.VOID.dat
Writing voids with radius in (-10,1009).
Finished successfully!
2500 -10 1009
Reading file: /home/epfl/dforero/scratch/projects/baosystematics/patchy_results/box1/real/ang/mocks_gal_xyz/CATALPTCICz0.466G960S1704728487.ANG.dat
Number of records: 5899171

Duplicating boundaries for periodic condition
Number of records: 7140385

Building Delaunay Triangulation.
Number of vertices: 7140385
Number of cells: 47601451

Writing to file /home/epfl/dforero/scratch/projects/baosystematics/patchy_results/box1/real/ang/mocks_void_xyz/CATALPTCICz0.466G960S1704728487.ANG.VOID.dat
Writing voids with radius in (-10,1009).
Finished successfully!
2500 -10 1009
Reading file: /home/epfl/dforero/scratch/projects/baosystematics/patchy_results/box1/real/ang/mocks_gal_xyz/CATALPTCICz0.466G960S1711891480.ANG.dat
Number of records: 5899203

Duplicating boundaries for periodic condition
Number of records: 7142367

Building Delaunay Triangulation.
Number of vertices: 7142367
Number of cells: 47619313

Writing to file /home/epfl/dforero/scratch/projects/baosystematics/patchy_results/box1/real/ang/mocks_void_xyz/CATALPTCICz0.466G960S1711891480.ANG.VOID.dat
Writing voids with radius in (-10,1009).
Finished successfully!
