2500 -10 1009
Reading file: /home/epfl/dforero/scratch/projects/baosystematics/patchy_results/box1/real/vetoang/mocks_gal_xyz/CATALPTCICz0.466G960S1713934780.VETO_ANG.dat
Number of records: 5561667

Duplicating boundaries for periodic condition
Number of records: 6706253

Building Delaunay Triangulation.
Number of vertices: 6706253
Number of cells: 44686673

Writing to file /home/epfl/dforero/scratch/projects/baosystematics/patchy_results/box1/real/vetoang/mocks_void_xyz/CATALPTCICz0.466G960S1713934780.VETO_ANG.VOID.dat
Writing voids with radius in (-10,1009).
Finished successfully!
2500 -10 1009
Reading file: /home/epfl/dforero/scratch/projects/baosystematics/patchy_results/box1/real/vetoang/mocks_gal_xyz/CATALPTCICz0.466G960S1715693657.VETO_ANG.dat
Number of records: 5560152

Duplicating boundaries for periodic condition
Number of records: 6702832

Building Delaunay Triangulation.
Number of vertices: 6702832
Number of cells: 44660722

Writing to file /home/epfl/dforero/scratch/projects/baosystematics/patchy_results/box1/real/vetoang/mocks_void_xyz/CATALPTCICz0.466G960S1715693657.VETO_ANG.VOID.dat
Writing voids with radius in (-10,1009).
Finished successfully!
2500 -10 1009
Reading file: /home/epfl/dforero/scratch/projects/baosystematics/patchy_results/box1/real/vetoang/mocks_gal_xyz/CATALPTCICz0.466G960S171707647.VETO_ANG.dat
Number of records: 5559955

Duplicating boundaries for periodic condition
Number of records: 6717932

Building Delaunay Triangulation.
Number of vertices: 6717932
Number of cells: 44763318

Writing to file /home/epfl/dforero/scratch/projects/baosystematics/patchy_results/box1/real/vetoang/mocks_void_xyz/CATALPTCICz0.466G960S171707647.VETO_ANG.VOID.dat
Writing voids with radius in (-10,1009).
Finished successfully!
2500 -10 1009
Reading file: /home/epfl/dforero/scratch/projects/baosystematics/patchy_results/box1/real/vetoang/mocks_gal_xyz/CATALPTCICz0.466G960S1723267773.VETO_ANG.dat
Number of records: 5560909

Duplicating boundaries for periodic condition
Number of records: 6711652

Building Delaunay Triangulation.
Number of vertices: 6711652
Number of cells: 44721148

Writing to file /home/epfl/dforero/scratch/projects/baosystematics/patchy_results/box1/real/vetoang/mocks_void_xyz/CATALPTCICz0.466G960S1723267773.VETO_ANG.VOID.dat
Writing voids with radius in (-10,1009).
Finished successfully!
2500 -10 1009
Reading file: /home/epfl/dforero/scratch/projects/baosystematics/patchy_results/box1/real/vetoang/mocks_gal_xyz/CATALPTCICz0.466G960S1725903597.VETO_ANG.dat
Number of records: 5557983

Duplicating boundaries for periodic condition
Number of records: 6704583

Building Delaunay Triangulation.
Number of vertices: 6704583
Number of cells: 44681848

Writing to file /home/epfl/dforero/scratch/projects/baosystematics/patchy_results/box1/real/vetoang/mocks_void_xyz/CATALPTCICz0.466G960S1725903597.VETO_ANG.VOID.dat
Writing voids with radius in (-10,1009).
Finished successfully!
2500 -10 1009
Reading file: /home/epfl/dforero/scratch/projects/baosystematics/patchy_results/box1/real/vetoang/mocks_gal_xyz/CATALPTCICz0.466G960S1727189069.VETO_ANG.dat
Number of records: 5557027

Duplicating boundaries for periodic condition
Number of records: 6696183

Building Delaunay Triangulation.
Number of vertices: 6696183
Number of cells: 44620976

Writing to file /home/epfl/dforero/scratch/projects/baosystematics/patchy_results/box1/real/vetoang/mocks_void_xyz/CATALPTCICz0.466G960S1727189069.VETO_ANG.VOID.dat
Writing voids with radius in (-10,1009).
Finished successfully!
2500 -10 1009
Reading file: /home/epfl/dforero/scratch/projects/baosystematics/patchy_results/box1/real/vetoang/mocks_gal_xyz/CATALPTCICz0.466G960S1737359640.VETO_ANG.dat
Number of records: 5558800

Duplicating boundaries for periodic condition
Number of records: 6715061

Building Delaunay Triangulation.
Number of vertices: 6715061
Number of cells: 44742145

Writing to file /home/epfl/dforero/scratch/projects/baosystematics/patchy_results/box1/real/vetoang/mocks_void_xyz/CATALPTCICz0.466G960S1737359640.VETO_ANG.VOID.dat
Writing voids with radius in (-10,1009).
Finished successfully!
2500 -10 1009
Reading file: /home/epfl/dforero/scratch/projects/baosystematics/patchy_results/box1/real/vetoang/mocks_gal_xyz/CATALPTCICz0.466G960S1740263594.VETO_ANG.dat
Number of records: 5559000

Duplicating boundaries for periodic condition
Number of records: 6709604

Building Delaunay Triangulation.
Number of vertices: 6709604
Number of cells: 44705642

Writing to file /home/epfl/dforero/scratch/projects/baosystematics/patchy_results/box1/real/vetoang/mocks_void_xyz/CATALPTCICz0.466G960S1740263594.VETO_ANG.VOID.dat
Writing voids with radius in (-10,1009).
Finished successfully!
2500 -10 1009
Reading file: /home/epfl/dforero/scratch/projects/baosystematics/patchy_results/box1/real/vetoang/mocks_gal_xyz/CATALPTCICz0.466G960S174282346.VETO_ANG.dat
Number of records: 5563918

Duplicating boundaries for periodic condition
Number of records: 6718472

Building Delaunay Triangulation.
Number of vertices: 6718472
Number of cells: 44767667

Writing to file /home/epfl/dforero/scratch/projects/baosystematics/patchy_results/box1/real/vetoang/mocks_void_xyz/CATALPTCICz0.466G960S174282346.VETO_ANG.VOID.dat
Writing voids with radius in (-10,1009).
Finished successfully!
2500 -10 1009
Reading file: /home/epfl/dforero/scratch/projects/baosystematics/patchy_results/box1/real/vetoang/mocks_gal_xyz/CATALPTCICz0.466G960S1743301054.VETO_ANG.dat
Number of records: 5556701

Duplicating boundaries for periodic condition
Number of records: 6700689

Building Delaunay Triangulation.
Number of vertices: 6700689
Number of cells: 44653242

Writing to file /home/epfl/dforero/scratch/projects/baosystematics/patchy_results/box1/real/vetoang/mocks_void_xyz/CATALPTCICz0.466G960S1743301054.VETO_ANG.VOID.dat
Writing voids with radius in (-10,1009).
Finished successfully!
