2500 -10 1009
Reading file: /home/epfl/dforero/scratch/projects/baosystematics/patchy_results/box1/real/vetoang/mocks_gal_xyz/CATALPTCICz0.466G960S1089996733.VETO_ANG.dat
Number of records: 5555924

Duplicating boundaries for periodic condition
Number of records: 6703087

Building Delaunay Triangulation.
Number of vertices: 6703087
Number of cells: 44669424

Writing to file /home/epfl/dforero/scratch/projects/baosystematics/patchy_results/box1/real/vetoang/mocks_void_xyz/CATALPTCICz0.466G960S1089996733.VETO_ANG.VOID.dat
Writing voids with radius in (-10,1009).
Finished successfully!
2500 -10 1009
Reading file: /home/epfl/dforero/scratch/projects/baosystematics/patchy_results/box1/real/vetoang/mocks_gal_xyz/CATALPTCICz0.466G960S1090208157.VETO_ANG.dat
Number of records: 5555679

Duplicating boundaries for periodic condition
Number of records: 6705842

Building Delaunay Triangulation.
Number of vertices: 6705842
Number of cells: 44681121

Writing to file /home/epfl/dforero/scratch/projects/baosystematics/patchy_results/box1/real/vetoang/mocks_void_xyz/CATALPTCICz0.466G960S1090208157.VETO_ANG.VOID.dat
Writing voids with radius in (-10,1009).
Finished successfully!
2500 -10 1009
Reading file: /home/epfl/dforero/scratch/projects/baosystematics/patchy_results/box1/real/vetoang/mocks_gal_xyz/CATALPTCICz0.466G960S1090249413.VETO_ANG.dat
Number of records: 5557822

Duplicating boundaries for periodic condition
Number of records: 6704949

Building Delaunay Triangulation.
Number of vertices: 6704948
Number of cells: 44677232

Writing to file /home/epfl/dforero/scratch/projects/baosystematics/patchy_results/box1/real/vetoang/mocks_void_xyz/CATALPTCICz0.466G960S1090249413.VETO_ANG.VOID.dat
Writing voids with radius in (-10,1009).
Finished successfully!
2500 -10 1009
Reading file: /home/epfl/dforero/scratch/projects/baosystematics/patchy_results/box1/real/vetoang/mocks_gal_xyz/CATALPTCICz0.466G960S109224375.VETO_ANG.dat
Number of records: 5562354

Duplicating boundaries for periodic condition
Number of records: 6709656

Building Delaunay Triangulation.
Number of vertices: 6709656
Number of cells: 44713496

Writing to file /home/epfl/dforero/scratch/projects/baosystematics/patchy_results/box1/real/vetoang/mocks_void_xyz/CATALPTCICz0.466G960S109224375.VETO_ANG.VOID.dat
Writing voids with radius in (-10,1009).
Finished successfully!
2500 -10 1009
Reading file: /home/epfl/dforero/scratch/projects/baosystematics/patchy_results/box1/real/vetoang/mocks_gal_xyz/CATALPTCICz0.466G960S1093443331.VETO_ANG.dat
Number of records: 5560245

Duplicating boundaries for periodic condition
Number of records: 6711591

Building Delaunay Triangulation.
Number of vertices: 6711591
Number of cells: 44721166

Writing to file /home/epfl/dforero/scratch/projects/baosystematics/patchy_results/box1/real/vetoang/mocks_void_xyz/CATALPTCICz0.466G960S1093443331.VETO_ANG.VOID.dat
Writing voids with radius in (-10,1009).
Finished successfully!
2500 -10 1009
Reading file: /home/epfl/dforero/scratch/projects/baosystematics/patchy_results/box1/real/vetoang/mocks_gal_xyz/CATALPTCICz0.466G960S110218404.VETO_ANG.dat
Number of records: 5558684

Duplicating boundaries for periodic condition
Number of records: 6703504

Building Delaunay Triangulation.
Number of vertices: 6703504
Number of cells: 44666653

Writing to file /home/epfl/dforero/scratch/projects/baosystematics/patchy_results/box1/real/vetoang/mocks_void_xyz/CATALPTCICz0.466G960S110218404.VETO_ANG.VOID.dat
Writing voids with radius in (-10,1009).
Finished successfully!
2500 -10 1009
Reading file: /home/epfl/dforero/scratch/projects/baosystematics/patchy_results/box1/real/vetoang/mocks_gal_xyz/CATALPTCICz0.466G960S1106086967.VETO_ANG.dat
Number of records: 5560357

Duplicating boundaries for periodic condition
Number of records: 6703981

Building Delaunay Triangulation.
Number of vertices: 6703981
Number of cells: 44670590

Writing to file /home/epfl/dforero/scratch/projects/baosystematics/patchy_results/box1/real/vetoang/mocks_void_xyz/CATALPTCICz0.466G960S1106086967.VETO_ANG.VOID.dat
Writing voids with radius in (-10,1009).
Finished successfully!
2500 -10 1009
Reading file: /home/epfl/dforero/scratch/projects/baosystematics/patchy_results/box1/real/vetoang/mocks_gal_xyz/CATALPTCICz0.466G960S1125987812.VETO_ANG.dat
Number of records: 5555554

Duplicating boundaries for periodic condition
Number of records: 6694605

Building Delaunay Triangulation.
Number of vertices: 6694605
Number of cells: 44613301

Writing to file /home/epfl/dforero/scratch/projects/baosystematics/patchy_results/box1/real/vetoang/mocks_void_xyz/CATALPTCICz0.466G960S1125987812.VETO_ANG.VOID.dat
Writing voids with radius in (-10,1009).
Finished successfully!
2500 -10 1009
Reading file: /home/epfl/dforero/scratch/projects/baosystematics/patchy_results/box1/real/vetoang/mocks_gal_xyz/CATALPTCICz0.466G960S1127858495.VETO_ANG.dat
Number of records: 5557198

Duplicating boundaries for periodic condition
Number of records: 6707849

Building Delaunay Triangulation.
Number of vertices: 6707849
Number of cells: 44689569

Writing to file /home/epfl/dforero/scratch/projects/baosystematics/patchy_results/box1/real/vetoang/mocks_void_xyz/CATALPTCICz0.466G960S1127858495.VETO_ANG.VOID.dat
Writing voids with radius in (-10,1009).
Finished successfully!
2500 -10 1009
Reading file: /home/epfl/dforero/scratch/projects/baosystematics/patchy_results/box1/real/vetoang/mocks_gal_xyz/CATALPTCICz0.466G960S1133045298.VETO_ANG.dat
Number of records: 5556123

Duplicating boundaries for periodic condition
Number of records: 6698655

Building Delaunay Triangulation.
Number of vertices: 6698654
Number of cells: 44636147

Writing to file /home/epfl/dforero/scratch/projects/baosystematics/patchy_results/box1/real/vetoang/mocks_void_xyz/CATALPTCICz0.466G960S1133045298.VETO_ANG.VOID.dat
Writing voids with radius in (-10,1009).
Finished successfully!
