2500 -10 1009
Reading file: /home/epfl/dforero/scratch/projects/baosystematics/patchy_results/box1/real/ang/mocks_gal_xyz/CATALPTCICz0.466G960S399836114.ANG.dat
Number of records: 5898382

Duplicating boundaries for periodic condition
Number of records: 7150936

Building Delaunay Triangulation.
Number of vertices: 7150936
Number of cells: 47673378

Writing to file /home/epfl/dforero/scratch/projects/baosystematics/patchy_results/box1/real/ang/mocks_void_xyz/CATALPTCICz0.466G960S399836114.ANG.VOID.dat
Writing voids with radius in (-10,1009).
Finished successfully!
2500 -10 1009
Reading file: /home/epfl/dforero/scratch/projects/baosystematics/patchy_results/box1/real/ang/mocks_gal_xyz/CATALPTCICz0.466G960S400043087.ANG.dat
Number of records: 5897015

Duplicating boundaries for periodic condition
Number of records: 7134030

Building Delaunay Triangulation.
Number of vertices: 7134030
Number of cells: 47554310

Writing to file /home/epfl/dforero/scratch/projects/baosystematics/patchy_results/box1/real/ang/mocks_void_xyz/CATALPTCICz0.466G960S400043087.ANG.VOID.dat
Writing voids with radius in (-10,1009).
Finished successfully!
2500 -10 1009
Reading file: /home/epfl/dforero/scratch/projects/baosystematics/patchy_results/box1/real/ang/mocks_gal_xyz/CATALPTCICz0.466G960S401689436.ANG.dat
Number of records: 5896917

Duplicating boundaries for periodic condition
Number of records: 7136327

Building Delaunay Triangulation.
Number of vertices: 7136327
Number of cells: 47577058

Writing to file /home/epfl/dforero/scratch/projects/baosystematics/patchy_results/box1/real/ang/mocks_void_xyz/CATALPTCICz0.466G960S401689436.ANG.VOID.dat
Writing voids with radius in (-10,1009).
Finished successfully!
2500 -10 1009
Reading file: /home/epfl/dforero/scratch/projects/baosystematics/patchy_results/box1/real/ang/mocks_gal_xyz/CATALPTCICz0.466G960S405346017.ANG.dat
Number of records: 5899186

Duplicating boundaries for periodic condition
Number of records: 7133290

Building Delaunay Triangulation.
Number of vertices: 7133290
Number of cells: 47557823

Writing to file /home/epfl/dforero/scratch/projects/baosystematics/patchy_results/box1/real/ang/mocks_void_xyz/CATALPTCICz0.466G960S405346017.ANG.VOID.dat
Writing voids with radius in (-10,1009).
Finished successfully!
2500 -10 1009
Reading file: /home/epfl/dforero/scratch/projects/baosystematics/patchy_results/box1/real/ang/mocks_gal_xyz/CATALPTCICz0.466G960S406929492.ANG.dat
Number of records: 5895693

Duplicating boundaries for periodic condition
Number of records: 7141825

Building Delaunay Triangulation.
Number of vertices: 7141825
Number of cells: 47610797

Writing to file /home/epfl/dforero/scratch/projects/baosystematics/patchy_results/box1/real/ang/mocks_void_xyz/CATALPTCICz0.466G960S406929492.ANG.VOID.dat
Writing voids with radius in (-10,1009).
Finished successfully!
2500 -10 1009
Reading file: /home/epfl/dforero/scratch/projects/baosystematics/patchy_results/box1/real/ang/mocks_gal_xyz/CATALPTCICz0.466G960S407794711.ANG.dat
Number of records: 5898441

Duplicating boundaries for periodic condition
Number of records: 7135951

Building Delaunay Triangulation.
Number of vertices: 7135951
Number of cells: 47571993

Writing to file /home/epfl/dforero/scratch/projects/baosystematics/patchy_results/box1/real/ang/mocks_void_xyz/CATALPTCICz0.466G960S407794711.ANG.VOID.dat
Writing voids with radius in (-10,1009).
Finished successfully!
2500 -10 1009
Reading file: /home/epfl/dforero/scratch/projects/baosystematics/patchy_results/box1/real/ang/mocks_gal_xyz/CATALPTCICz0.466G960S408624275.ANG.dat
Number of records: 5898480

Duplicating boundaries for periodic condition
Number of records: 7140393

Building Delaunay Triangulation.
Number of vertices: 7140393
Number of cells: 47609162

Writing to file /home/epfl/dforero/scratch/projects/baosystematics/patchy_results/box1/real/ang/mocks_void_xyz/CATALPTCICz0.466G960S408624275.ANG.VOID.dat
Writing voids with radius in (-10,1009).
Finished successfully!
2500 -10 1009
Reading file: /home/epfl/dforero/scratch/projects/baosystematics/patchy_results/box1/real/ang/mocks_gal_xyz/CATALPTCICz0.466G960S40901864.ANG.dat
Number of records: 5897956

Duplicating boundaries for periodic condition
Number of records: 7138504

Building Delaunay Triangulation.
Number of vertices: 7138504
Number of cells: 47588429

Writing to file /home/epfl/dforero/scratch/projects/baosystematics/patchy_results/box1/real/ang/mocks_void_xyz/CATALPTCICz0.466G960S40901864.ANG.VOID.dat
Writing voids with radius in (-10,1009).
Finished successfully!
2500 -10 1009
Reading file: /home/epfl/dforero/scratch/projects/baosystematics/patchy_results/box1/real/ang/mocks_gal_xyz/CATALPTCICz0.466G960S415198084.ANG.dat
Number of records: 5900758

Duplicating boundaries for periodic condition
Number of records: 7149313

Building Delaunay Triangulation.
Number of vertices: 7149313
Number of cells: 47661385

Writing to file /home/epfl/dforero/scratch/projects/baosystematics/patchy_results/box1/real/ang/mocks_void_xyz/CATALPTCICz0.466G960S415198084.ANG.VOID.dat
Writing voids with radius in (-10,1009).
Finished successfully!
2500 -10 1009
Reading file: /home/epfl/dforero/scratch/projects/baosystematics/patchy_results/box1/real/ang/mocks_gal_xyz/CATALPTCICz0.466G960S41869182.ANG.dat
Number of records: 5899884

Duplicating boundaries for periodic condition
Number of records: 7142922

Building Delaunay Triangulation.
Number of vertices: 7142922
Number of cells: 47622881

Writing to file /home/epfl/dforero/scratch/projects/baosystematics/patchy_results/box1/real/ang/mocks_void_xyz/CATALPTCICz0.466G960S41869182.ANG.VOID.dat
Writing voids with radius in (-10,1009).
Finished successfully!
