2500 -10 1009
Reading file: /home/epfl/dforero/scratch/projects/baosystematics/patchy_results/box1/real/vetoang/mocks_gal_xyz/CATALPTCICz0.466G960S1782425948.VETO_ANG.dat
Number of records: 5558302

Duplicating boundaries for periodic condition
Number of records: 6707845

Building Delaunay Triangulation.
Number of vertices: 6707845
Number of cells: 44701837

Writing to file /home/epfl/dforero/scratch/projects/baosystematics/patchy_results/box1/real/vetoang/mocks_void_xyz/CATALPTCICz0.466G960S1782425948.VETO_ANG.VOID.dat
Writing voids with radius in (-10,1009).
Finished successfully!
2500 -10 1009
Reading file: /home/epfl/dforero/scratch/projects/baosystematics/patchy_results/box1/real/vetoang/mocks_gal_xyz/CATALPTCICz0.466G960S1785443117.VETO_ANG.dat
Number of records: 5559490

Duplicating boundaries for periodic condition
Number of records: 6707407

Building Delaunay Triangulation.
Number of vertices: 6707407
Number of cells: 44691542

Writing to file /home/epfl/dforero/scratch/projects/baosystematics/patchy_results/box1/real/vetoang/mocks_void_xyz/CATALPTCICz0.466G960S1785443117.VETO_ANG.VOID.dat
Writing voids with radius in (-10,1009).
Finished successfully!
2500 -10 1009
Reading file: /home/epfl/dforero/scratch/projects/baosystematics/patchy_results/box1/real/vetoang/mocks_gal_xyz/CATALPTCICz0.466G960S1788807700.VETO_ANG.dat
Number of records: 5558526

Duplicating boundaries for periodic condition
Number of records: 6710318

Building Delaunay Triangulation.
Number of vertices: 6710318
Number of cells: 44710206

Writing to file /home/epfl/dforero/scratch/projects/baosystematics/patchy_results/box1/real/vetoang/mocks_void_xyz/CATALPTCICz0.466G960S1788807700.VETO_ANG.VOID.dat
Writing voids with radius in (-10,1009).
Finished successfully!
2500 -10 1009
Reading file: /home/epfl/dforero/scratch/projects/baosystematics/patchy_results/box1/real/vetoang/mocks_gal_xyz/CATALPTCICz0.466G960S1790390939.VETO_ANG.dat
Number of records: 5557339

Duplicating boundaries for periodic condition
Number of records: 6703827

Building Delaunay Triangulation.
Number of vertices: 6703827
Number of cells: 44672977

Writing to file /home/epfl/dforero/scratch/projects/baosystematics/patchy_results/box1/real/vetoang/mocks_void_xyz/CATALPTCICz0.466G960S1790390939.VETO_ANG.VOID.dat
Writing voids with radius in (-10,1009).
Finished successfully!
2500 -10 1009
Reading file: /home/epfl/dforero/scratch/projects/baosystematics/patchy_results/box1/real/vetoang/mocks_gal_xyz/CATALPTCICz0.466G960S1791254840.VETO_ANG.dat
Number of records: 5561079

Duplicating boundaries for periodic condition
Number of records: 6716606

Building Delaunay Triangulation.
Number of vertices: 6716606
Number of cells: 44750972

Writing to file /home/epfl/dforero/scratch/projects/baosystematics/patchy_results/box1/real/vetoang/mocks_void_xyz/CATALPTCICz0.466G960S1791254840.VETO_ANG.VOID.dat
Writing voids with radius in (-10,1009).
Finished successfully!
2500 -10 1009
Reading file: /home/epfl/dforero/scratch/projects/baosystematics/patchy_results/box1/real/vetoang/mocks_gal_xyz/CATALPTCICz0.466G960S1800222736.VETO_ANG.dat
Number of records: 5559516

Duplicating boundaries for periodic condition
Number of records: 6718729

Building Delaunay Triangulation.
Number of vertices: 6718729
Number of cells: 44767208

Writing to file /home/epfl/dforero/scratch/projects/baosystematics/patchy_results/box1/real/vetoang/mocks_void_xyz/CATALPTCICz0.466G960S1800222736.VETO_ANG.VOID.dat
Writing voids with radius in (-10,1009).
Finished successfully!
2500 -10 1009
Reading file: /home/epfl/dforero/scratch/projects/baosystematics/patchy_results/box1/real/vetoang/mocks_gal_xyz/CATALPTCICz0.466G960S1802824187.VETO_ANG.dat
Number of records: 5563444

Duplicating boundaries for periodic condition
Number of records: 6710949

Building Delaunay Triangulation.
Number of vertices: 6710949
Number of cells: 44718387

Writing to file /home/epfl/dforero/scratch/projects/baosystematics/patchy_results/box1/real/vetoang/mocks_void_xyz/CATALPTCICz0.466G960S1802824187.VETO_ANG.VOID.dat
Writing voids with radius in (-10,1009).
Finished successfully!
2500 -10 1009
Reading file: /home/epfl/dforero/scratch/projects/baosystematics/patchy_results/box1/real/vetoang/mocks_gal_xyz/CATALPTCICz0.466G960S1809776849.VETO_ANG.dat
Number of records: 5558707

Duplicating boundaries for periodic condition
Number of records: 6703672

Building Delaunay Triangulation.
Number of vertices: 6703672
Number of cells: 44663117

Writing to file /home/epfl/dforero/scratch/projects/baosystematics/patchy_results/box1/real/vetoang/mocks_void_xyz/CATALPTCICz0.466G960S1809776849.VETO_ANG.VOID.dat
Writing voids with radius in (-10,1009).
Finished successfully!
2500 -10 1009
Reading file: /home/epfl/dforero/scratch/projects/baosystematics/patchy_results/box1/real/vetoang/mocks_gal_xyz/CATALPTCICz0.466G960S1810085583.VETO_ANG.dat
Number of records: 5560430

Duplicating boundaries for periodic condition
Number of records: 6707668

Building Delaunay Triangulation.
Number of vertices: 6707668
Number of cells: 44692816

Writing to file /home/epfl/dforero/scratch/projects/baosystematics/patchy_results/box1/real/vetoang/mocks_void_xyz/CATALPTCICz0.466G960S1810085583.VETO_ANG.VOID.dat
Writing voids with radius in (-10,1009).
Finished successfully!
2500 -10 1009
Reading file: /home/epfl/dforero/scratch/projects/baosystematics/patchy_results/box1/real/vetoang/mocks_gal_xyz/CATALPTCICz0.466G960S1812604238.VETO_ANG.dat
Number of records: 5556760

Duplicating boundaries for periodic condition
Number of records: 6703339

Building Delaunay Triangulation.
Number of vertices: 6703339
Number of cells: 44670747

Writing to file /home/epfl/dforero/scratch/projects/baosystematics/patchy_results/box1/real/vetoang/mocks_void_xyz/CATALPTCICz0.466G960S1812604238.VETO_ANG.VOID.dat
Writing voids with radius in (-10,1009).
Finished successfully!
