2500 -10 1009
Reading file: /home/epfl/dforero/scratch/projects/baosystematics/patchy_results/box1/real/vetoang/mocks_gal_xyz/CATALPTCICz0.466G960S1248755586.VETO_ANG.dat
Number of records: 5559381

Duplicating boundaries for periodic condition
Number of records: 6711354

Building Delaunay Triangulation.
Number of vertices: 6711354
Number of cells: 44716670

Writing to file /home/epfl/dforero/scratch/projects/baosystematics/patchy_results/box1/real/vetoang/mocks_void_xyz/CATALPTCICz0.466G960S1248755586.VETO_ANG.VOID.dat
Writing voids with radius in (-10,1009).
Finished successfully!
2500 -10 1009
Reading file: /home/epfl/dforero/scratch/projects/baosystematics/patchy_results/box1/real/vetoang/mocks_gal_xyz/CATALPTCICz0.466G960S1256484261.VETO_ANG.dat
Number of records: 5552110

Duplicating boundaries for periodic condition
Number of records: 6701919

Building Delaunay Triangulation.
Number of vertices: 6701919
Number of cells: 44666033

Writing to file /home/epfl/dforero/scratch/projects/baosystematics/patchy_results/box1/real/vetoang/mocks_void_xyz/CATALPTCICz0.466G960S1256484261.VETO_ANG.VOID.dat
Writing voids with radius in (-10,1009).
Finished successfully!
2500 -10 1009
Reading file: /home/epfl/dforero/scratch/projects/baosystematics/patchy_results/box1/real/vetoang/mocks_gal_xyz/CATALPTCICz0.466G960S1258770686.VETO_ANG.dat
Number of records: 5554113

Duplicating boundaries for periodic condition
Number of records: 6700078

Building Delaunay Triangulation.
Number of vertices: 6700078
Number of cells: 44643715

Writing to file /home/epfl/dforero/scratch/projects/baosystematics/patchy_results/box1/real/vetoang/mocks_void_xyz/CATALPTCICz0.466G960S1258770686.VETO_ANG.VOID.dat
Writing voids with radius in (-10,1009).
Finished successfully!
2500 -10 1009
Reading file: /home/epfl/dforero/scratch/projects/baosystematics/patchy_results/box1/real/vetoang/mocks_gal_xyz/CATALPTCICz0.466G960S1258809628.VETO_ANG.dat
Number of records: 5561460

Duplicating boundaries for periodic condition
Number of records: 6708588

Building Delaunay Triangulation.
Number of vertices: 6708588
Number of cells: 44704062

Writing to file /home/epfl/dforero/scratch/projects/baosystematics/patchy_results/box1/real/vetoang/mocks_void_xyz/CATALPTCICz0.466G960S1258809628.VETO_ANG.VOID.dat
Writing voids with radius in (-10,1009).
Finished successfully!
2500 -10 1009
Reading file: /home/epfl/dforero/scratch/projects/baosystematics/patchy_results/box1/real/vetoang/mocks_gal_xyz/CATALPTCICz0.466G960S1259830409.VETO_ANG.dat
Number of records: 5552364

Duplicating boundaries for periodic condition
Number of records: 6701715

Building Delaunay Triangulation.
Number of vertices: 6701715
Number of cells: 44656588

Writing to file /home/epfl/dforero/scratch/projects/baosystematics/patchy_results/box1/real/vetoang/mocks_void_xyz/CATALPTCICz0.466G960S1259830409.VETO_ANG.VOID.dat
Writing voids with radius in (-10,1009).
Finished successfully!
2500 -10 1009
Reading file: /home/epfl/dforero/scratch/projects/baosystematics/patchy_results/box1/real/vetoang/mocks_gal_xyz/CATALPTCICz0.466G960S1263047563.VETO_ANG.dat
Number of records: 5552718

Duplicating boundaries for periodic condition
Number of records: 6704977

Building Delaunay Triangulation.
Number of vertices: 6704977
Number of cells: 44681700

Writing to file /home/epfl/dforero/scratch/projects/baosystematics/patchy_results/box1/real/vetoang/mocks_void_xyz/CATALPTCICz0.466G960S1263047563.VETO_ANG.VOID.dat
Writing voids with radius in (-10,1009).
Finished successfully!
2500 -10 1009
Reading file: /home/epfl/dforero/scratch/projects/baosystematics/patchy_results/box1/real/vetoang/mocks_gal_xyz/CATALPTCICz0.466G960S1268113228.VETO_ANG.dat
Number of records: 5561067

Duplicating boundaries for periodic condition
Number of records: 6705824

Building Delaunay Triangulation.
Number of vertices: 6705824
Number of cells: 44684589

Writing to file /home/epfl/dforero/scratch/projects/baosystematics/patchy_results/box1/real/vetoang/mocks_void_xyz/CATALPTCICz0.466G960S1268113228.VETO_ANG.VOID.dat
Writing voids with radius in (-10,1009).
Finished successfully!
2500 -10 1009
Reading file: /home/epfl/dforero/scratch/projects/baosystematics/patchy_results/box1/real/vetoang/mocks_gal_xyz/CATALPTCICz0.466G960S1270858461.VETO_ANG.dat
Number of records: 5561874

Duplicating boundaries for periodic condition
Number of records: 6713624

Building Delaunay Triangulation.
Number of vertices: 6713623
Number of cells: 44732041

Writing to file /home/epfl/dforero/scratch/projects/baosystematics/patchy_results/box1/real/vetoang/mocks_void_xyz/CATALPTCICz0.466G960S1270858461.VETO_ANG.VOID.dat
Writing voids with radius in (-10,1009).
Finished successfully!
2500 -10 1009
Reading file: /home/epfl/dforero/scratch/projects/baosystematics/patchy_results/box1/real/vetoang/mocks_gal_xyz/CATALPTCICz0.466G960S1280289475.VETO_ANG.dat
Number of records: 5560133

Duplicating boundaries for periodic condition
Number of records: 6709861

Building Delaunay Triangulation.
Number of vertices: 6709861
Number of cells: 44711737

Writing to file /home/epfl/dforero/scratch/projects/baosystematics/patchy_results/box1/real/vetoang/mocks_void_xyz/CATALPTCICz0.466G960S1280289475.VETO_ANG.VOID.dat
Writing voids with radius in (-10,1009).
Finished successfully!
2500 -10 1009
Reading file: /home/epfl/dforero/scratch/projects/baosystematics/patchy_results/box1/real/vetoang/mocks_gal_xyz/CATALPTCICz0.466G960S1281268081.VETO_ANG.dat
Number of records: 5557948

Duplicating boundaries for periodic condition
Number of records: 6707661

Building Delaunay Triangulation.
Number of vertices: 6707661
Number of cells: 44698734

Writing to file /home/epfl/dforero/scratch/projects/baosystematics/patchy_results/box1/real/vetoang/mocks_void_xyz/CATALPTCICz0.466G960S1281268081.VETO_ANG.VOID.dat
Writing voids with radius in (-10,1009).
Finished successfully!
