2500 -10 1009
Reading file: /home/epfl/dforero/scratch/projects/baosystematics/patchy_results/box1/real/ang/mocks_gal_xyz/CATALPTCICz0.466G960S956484648.ANG.dat
Number of records: 5896240

Duplicating boundaries for periodic condition
Number of records: 7125063

Building Delaunay Triangulation.
Number of vertices: 7125063
Number of cells: 47497776

Writing to file /home/epfl/dforero/scratch/projects/baosystematics/patchy_results/box1/real/ang/mocks_void_xyz/CATALPTCICz0.466G960S956484648.ANG.VOID.dat
Writing voids with radius in (-10,1009).
Finished successfully!
2500 -10 1009
Reading file: /home/epfl/dforero/scratch/projects/baosystematics/patchy_results/box1/real/ang/mocks_gal_xyz/CATALPTCICz0.466G960S956889561.ANG.dat
Number of records: 5899690

Duplicating boundaries for periodic condition
Number of records: 7136128

Building Delaunay Triangulation.
Number of vertices: 7136128
Number of cells: 47571350

Writing to file /home/epfl/dforero/scratch/projects/baosystematics/patchy_results/box1/real/ang/mocks_void_xyz/CATALPTCICz0.466G960S956889561.ANG.VOID.dat
Writing voids with radius in (-10,1009).
Finished successfully!
2500 -10 1009
Reading file: /home/epfl/dforero/scratch/projects/baosystematics/patchy_results/box1/real/ang/mocks_gal_xyz/CATALPTCICz0.466G960S95786646.ANG.dat
Number of records: 5899928

Duplicating boundaries for periodic condition
Number of records: 7141349

Building Delaunay Triangulation.
Number of vertices: 7141349
Number of cells: 47616108

Writing to file /home/epfl/dforero/scratch/projects/baosystematics/patchy_results/box1/real/ang/mocks_void_xyz/CATALPTCICz0.466G960S95786646.ANG.VOID.dat
Writing voids with radius in (-10,1009).
Finished successfully!
2500 -10 1009
Reading file: /home/epfl/dforero/scratch/projects/baosystematics/patchy_results/box1/real/ang/mocks_gal_xyz/CATALPTCICz0.466G960S964595228.ANG.dat
Number of records: 5899303

Duplicating boundaries for periodic condition
Number of records: 7144852

Building Delaunay Triangulation.
Number of vertices: 7144852
Number of cells: 47631245

Writing to file /home/epfl/dforero/scratch/projects/baosystematics/patchy_results/box1/real/ang/mocks_void_xyz/CATALPTCICz0.466G960S964595228.ANG.VOID.dat
Writing voids with radius in (-10,1009).
Finished successfully!
2500 -10 1009
Reading file: /home/epfl/dforero/scratch/projects/baosystematics/patchy_results/box1/real/ang/mocks_gal_xyz/CATALPTCICz0.466G960S969261578.ANG.dat
Number of records: 5900558

Duplicating boundaries for periodic condition
Number of records: 7145327

Building Delaunay Triangulation.
Number of vertices: 7145327
Number of cells: 47640330

Writing to file /home/epfl/dforero/scratch/projects/baosystematics/patchy_results/box1/real/ang/mocks_void_xyz/CATALPTCICz0.466G960S969261578.ANG.VOID.dat
Writing voids with radius in (-10,1009).
Finished successfully!
2500 -10 1009
Reading file: /home/epfl/dforero/scratch/projects/baosystematics/patchy_results/box1/real/ang/mocks_gal_xyz/CATALPTCICz0.466G960S981480044.ANG.dat
Number of records: 5898225

Duplicating boundaries for periodic condition
Number of records: 7137234

Building Delaunay Triangulation.
Number of vertices: 7137234
Number of cells: 47585369

Writing to file /home/epfl/dforero/scratch/projects/baosystematics/patchy_results/box1/real/ang/mocks_void_xyz/CATALPTCICz0.466G960S981480044.ANG.VOID.dat
Writing voids with radius in (-10,1009).
Finished successfully!
2500 -10 1009
Reading file: /home/epfl/dforero/scratch/projects/baosystematics/patchy_results/box1/real/ang/mocks_gal_xyz/CATALPTCICz0.466G960S98241535.ANG.dat
Number of records: 5900333

Duplicating boundaries for periodic condition
Number of records: 7149203

Building Delaunay Triangulation.
Number of vertices: 7149203
Number of cells: 47661414

Writing to file /home/epfl/dforero/scratch/projects/baosystematics/patchy_results/box1/real/ang/mocks_void_xyz/CATALPTCICz0.466G960S98241535.ANG.VOID.dat
Writing voids with radius in (-10,1009).
Finished successfully!
2500 -10 1009
Reading file: /home/epfl/dforero/scratch/projects/baosystematics/patchy_results/box1/real/ang/mocks_gal_xyz/CATALPTCICz0.466G960S98547386.ANG.dat
Number of records: 5900077

Duplicating boundaries for periodic condition
Number of records: 7137949

Building Delaunay Triangulation.
Number of vertices: 7137949
Number of cells: 47584502

Writing to file /home/epfl/dforero/scratch/projects/baosystematics/patchy_results/box1/real/ang/mocks_void_xyz/CATALPTCICz0.466G960S98547386.ANG.VOID.dat
Writing voids with radius in (-10,1009).
Finished successfully!
2500 -10 1009
Reading file: /home/epfl/dforero/scratch/projects/baosystematics/patchy_results/box1/real/ang/mocks_gal_xyz/CATALPTCICz0.466G960S993431144.ANG.dat
Number of records: 5898979

Duplicating boundaries for periodic condition
Number of records: 7133486

Building Delaunay Triangulation.
Number of vertices: 7133486
Number of cells: 47562876

Writing to file /home/epfl/dforero/scratch/projects/baosystematics/patchy_results/box1/real/ang/mocks_void_xyz/CATALPTCICz0.466G960S993431144.ANG.VOID.dat
Writing voids with radius in (-10,1009).
Finished successfully!
2500 -10 1009
Reading file: /home/epfl/dforero/scratch/projects/baosystematics/patchy_results/box1/real/ang/mocks_gal_xyz/CATALPTCICz0.466G960S996166056.ANG.dat
Number of records: 5894481

Duplicating boundaries for periodic condition
Number of records: 7143413

Building Delaunay Triangulation.
Number of vertices: 7143413
Number of cells: 47621072

Writing to file /home/epfl/dforero/scratch/projects/baosystematics/patchy_results/box1/real/ang/mocks_void_xyz/CATALPTCICz0.466G960S996166056.ANG.VOID.dat
Writing voids with radius in (-10,1009).
Finished successfully!
