2500 -10 1009
Reading file: /home/epfl/dforero/scratch/projects/baosystematics/patchy_results/box1/real/ang/mocks_gal_xyz/CATALPTCICz0.466G960S662986527.ANG.dat
Number of records: 5898348

Duplicating boundaries for periodic condition
Number of records: 7136087

Building Delaunay Triangulation.
Number of vertices: 7136087
Number of cells: 47578753

Writing to file /home/epfl/dforero/scratch/projects/baosystematics/patchy_results/box1/real/ang/mocks_void_xyz/CATALPTCICz0.466G960S662986527.ANG.VOID.dat
Writing voids with radius in (-10,1009).
Finished successfully!
2500 -10 1009
Reading file: /home/epfl/dforero/scratch/projects/baosystematics/patchy_results/box1/real/ang/mocks_gal_xyz/CATALPTCICz0.466G960S670193816.ANG.dat
Number of records: 5898299

Duplicating boundaries for periodic condition
Number of records: 7148284

Building Delaunay Triangulation.
Number of vertices: 7148284
Number of cells: 47661725

Writing to file /home/epfl/dforero/scratch/projects/baosystematics/patchy_results/box1/real/ang/mocks_void_xyz/CATALPTCICz0.466G960S670193816.ANG.VOID.dat
Writing voids with radius in (-10,1009).
Finished successfully!
2500 -10 1009
Reading file: /home/epfl/dforero/scratch/projects/baosystematics/patchy_results/box1/real/ang/mocks_gal_xyz/CATALPTCICz0.466G960S670784234.ANG.dat
Number of records: 5901507

Duplicating boundaries for periodic condition
Number of records: 7145713

Building Delaunay Triangulation.
Number of vertices: 7145713
Number of cells: 47635025

Writing to file /home/epfl/dforero/scratch/projects/baosystematics/patchy_results/box1/real/ang/mocks_void_xyz/CATALPTCICz0.466G960S670784234.ANG.VOID.dat
Writing voids with radius in (-10,1009).
Finished successfully!
2500 -10 1009
Reading file: /home/epfl/dforero/scratch/projects/baosystematics/patchy_results/box1/real/ang/mocks_gal_xyz/CATALPTCICz0.466G960S672574680.ANG.dat
Number of records: 5898244

Duplicating boundaries for periodic condition
Number of records: 7141023

Building Delaunay Triangulation.
Number of vertices: 7141023
Number of cells: 47607670

Writing to file /home/epfl/dforero/scratch/projects/baosystematics/patchy_results/box1/real/ang/mocks_void_xyz/CATALPTCICz0.466G960S672574680.ANG.VOID.dat
Writing voids with radius in (-10,1009).
Finished successfully!
2500 -10 1009
Reading file: /home/epfl/dforero/scratch/projects/baosystematics/patchy_results/box1/real/ang/mocks_gal_xyz/CATALPTCICz0.466G960S673130015.ANG.dat
Number of records: 5896034

Duplicating boundaries for periodic condition
Number of records: 7136514

Building Delaunay Triangulation.
Number of vertices: 7136514
Number of cells: 47577991

Writing to file /home/epfl/dforero/scratch/projects/baosystematics/patchy_results/box1/real/ang/mocks_void_xyz/CATALPTCICz0.466G960S673130015.ANG.VOID.dat
Writing voids with radius in (-10,1009).
Finished successfully!
2500 -10 1009
Reading file: /home/epfl/dforero/scratch/projects/baosystematics/patchy_results/box1/real/ang/mocks_gal_xyz/CATALPTCICz0.466G960S676153147.ANG.dat
Number of records: 5899502

Duplicating boundaries for periodic condition
Number of records: 7140171

Building Delaunay Triangulation.
Number of vertices: 7140171
Number of cells: 47600597

Writing to file /home/epfl/dforero/scratch/projects/baosystematics/patchy_results/box1/real/ang/mocks_void_xyz/CATALPTCICz0.466G960S676153147.ANG.VOID.dat
Writing voids with radius in (-10,1009).
Finished successfully!
2500 -10 1009
Reading file: /home/epfl/dforero/scratch/projects/baosystematics/patchy_results/box1/real/ang/mocks_gal_xyz/CATALPTCICz0.466G960S683150030.ANG.dat
Number of records: 5898384

Duplicating boundaries for periodic condition
Number of records: 7142575

Building Delaunay Triangulation.
Number of vertices: 7142575
Number of cells: 47608637

Writing to file /home/epfl/dforero/scratch/projects/baosystematics/patchy_results/box1/real/ang/mocks_void_xyz/CATALPTCICz0.466G960S683150030.ANG.VOID.dat
Writing voids with radius in (-10,1009).
Finished successfully!
2500 -10 1009
Reading file: /home/epfl/dforero/scratch/projects/baosystematics/patchy_results/box1/real/ang/mocks_gal_xyz/CATALPTCICz0.466G960S687988509.ANG.dat
Number of records: 5899071

Duplicating boundaries for periodic condition
Number of records: 7144099

Building Delaunay Triangulation.
Number of vertices: 7144099
Number of cells: 47630705

Writing to file /home/epfl/dforero/scratch/projects/baosystematics/patchy_results/box1/real/ang/mocks_void_xyz/CATALPTCICz0.466G960S687988509.ANG.VOID.dat
Writing voids with radius in (-10,1009).
Finished successfully!
2500 -10 1009
Reading file: /home/epfl/dforero/scratch/projects/baosystematics/patchy_results/box1/real/ang/mocks_gal_xyz/CATALPTCICz0.466G960S688351692.ANG.dat
Number of records: 5899686

Duplicating boundaries for periodic condition
Number of records: 7154847

Building Delaunay Triangulation.
Number of vertices: 7154847
Number of cells: 47704896

Writing to file /home/epfl/dforero/scratch/projects/baosystematics/patchy_results/box1/real/ang/mocks_void_xyz/CATALPTCICz0.466G960S688351692.ANG.VOID.dat
Writing voids with radius in (-10,1009).
Finished successfully!
2500 -10 1009
Reading file: /home/epfl/dforero/scratch/projects/baosystematics/patchy_results/box1/real/ang/mocks_gal_xyz/CATALPTCICz0.466G960S693209150.ANG.dat
Number of records: 5897424

Duplicating boundaries for periodic condition
Number of records: 7130948

Building Delaunay Triangulation.
Number of vertices: 7130948
Number of cells: 47541990

Writing to file /home/epfl/dforero/scratch/projects/baosystematics/patchy_results/box1/real/ang/mocks_void_xyz/CATALPTCICz0.466G960S693209150.ANG.VOID.dat
Writing voids with radius in (-10,1009).
Finished successfully!
