2500 -10 1009
Reading file: /home/epfl/dforero/scratch/projects/baosystematics/patchy_results/box1/real/veto/mocks_gal_xyz/CATALPTCICz0.466G960S2078493117.VETO.dat
Number of records: 5856280

Duplicating boundaries for periodic condition
Number of records: 7031658

Building Delaunay Triangulation.
Number of vertices: 7031658
Number of cells: 46838379

Writing to file /home/epfl/dforero/scratch/projects/baosystematics/patchy_results/box1/real/veto/mocks_void_xyz/CATALPTCICz0.466G960S2078493117.VETO.VOID.dat
Writing voids with radius in (-10,1009).
Finished successfully!
2500 -10 1009
Reading file: /home/epfl/dforero/scratch/projects/baosystematics/patchy_results/box1/real/veto/mocks_gal_xyz/CATALPTCICz0.466G960S2080767391.VETO.dat
Number of records: 5857517

Duplicating boundaries for periodic condition
Number of records: 7038480

Building Delaunay Triangulation.
Number of vertices: 7038480
Number of cells: 46880766

Writing to file /home/epfl/dforero/scratch/projects/baosystematics/patchy_results/box1/real/veto/mocks_void_xyz/CATALPTCICz0.466G960S2080767391.VETO.VOID.dat
Writing voids with radius in (-10,1009).
Finished successfully!
2500 -10 1009
Reading file: /home/epfl/dforero/scratch/projects/baosystematics/patchy_results/box1/real/veto/mocks_gal_xyz/CATALPTCICz0.466G960S2085155739.VETO.dat
Number of records: 5855097

Duplicating boundaries for periodic condition
Number of records: 7034060

Building Delaunay Triangulation.
Number of vertices: 7034060
Number of cells: 46860049

Writing to file /home/epfl/dforero/scratch/projects/baosystematics/patchy_results/box1/real/veto/mocks_void_xyz/CATALPTCICz0.466G960S2085155739.VETO.VOID.dat
Writing voids with radius in (-10,1009).
Finished successfully!
2500 -10 1009
Reading file: /home/epfl/dforero/scratch/projects/baosystematics/patchy_results/box1/real/veto/mocks_gal_xyz/CATALPTCICz0.466G960S2085350725.VETO.dat
Number of records: 5850405

Duplicating boundaries for periodic condition
Number of records: 7016423

Building Delaunay Triangulation.
Number of vertices: 7016423
Number of cells: 46742271

Writing to file /home/epfl/dforero/scratch/projects/baosystematics/patchy_results/box1/real/veto/mocks_void_xyz/CATALPTCICz0.466G960S2085350725.VETO.VOID.dat
Writing voids with radius in (-10,1009).
Finished successfully!
2500 -10 1009
Reading file: /home/epfl/dforero/scratch/projects/baosystematics/patchy_results/box1/real/veto/mocks_gal_xyz/CATALPTCICz0.466G960S2090208869.VETO.dat
Number of records: 5856714

Duplicating boundaries for periodic condition
Number of records: 7035723

Building Delaunay Triangulation.
Number of vertices: 7035723
Number of cells: 46872533

Writing to file /home/epfl/dforero/scratch/projects/baosystematics/patchy_results/box1/real/veto/mocks_void_xyz/CATALPTCICz0.466G960S2090208869.VETO.VOID.dat
Writing voids with radius in (-10,1009).
Finished successfully!
2500 -10 1009
Reading file: /home/epfl/dforero/scratch/projects/baosystematics/patchy_results/box1/real/veto/mocks_gal_xyz/CATALPTCICz0.466G960S2094794961.VETO.dat
Number of records: 5858305

Duplicating boundaries for periodic condition
Number of records: 7029789

Building Delaunay Triangulation.
Number of vertices: 7029789
Number of cells: 46830356

Writing to file /home/epfl/dforero/scratch/projects/baosystematics/patchy_results/box1/real/veto/mocks_void_xyz/CATALPTCICz0.466G960S2094794961.VETO.VOID.dat
Writing voids with radius in (-10,1009).
Finished successfully!
2500 -10 1009
Reading file: /home/epfl/dforero/scratch/projects/baosystematics/patchy_results/box1/real/veto/mocks_gal_xyz/CATALPTCICz0.466G960S2102161325.VETO.dat
Number of records: 5861538

Duplicating boundaries for periodic condition
Number of records: 7026757

Building Delaunay Triangulation.
Number of vertices: 7026757
Number of cells: 46807849

Writing to file /home/epfl/dforero/scratch/projects/baosystematics/patchy_results/box1/real/veto/mocks_void_xyz/CATALPTCICz0.466G960S2102161325.VETO.VOID.dat
Writing voids with radius in (-10,1009).
Finished successfully!
2500 -10 1009
Reading file: /home/epfl/dforero/scratch/projects/baosystematics/patchy_results/box1/real/veto/mocks_gal_xyz/CATALPTCICz0.466G960S2102329975.VETO.dat
Number of records: 5859362

Duplicating boundaries for periodic condition
Number of records: 7030700

Building Delaunay Triangulation.
Number of vertices: 7030700
Number of cells: 46831453

Writing to file /home/epfl/dforero/scratch/projects/baosystematics/patchy_results/box1/real/veto/mocks_void_xyz/CATALPTCICz0.466G960S2102329975.VETO.VOID.dat
Writing voids with radius in (-10,1009).
Finished successfully!
2500 -10 1009
Reading file: /home/epfl/dforero/scratch/projects/baosystematics/patchy_results/box1/real/veto/mocks_gal_xyz/CATALPTCICz0.466G960S2105841094.VETO.dat
Number of records: 5857925

Duplicating boundaries for periodic condition
Number of records: 7033835

Building Delaunay Triangulation.
Number of vertices: 7033835
Number of cells: 46861948

Writing to file /home/epfl/dforero/scratch/projects/baosystematics/patchy_results/box1/real/veto/mocks_void_xyz/CATALPTCICz0.466G960S2105841094.VETO.VOID.dat
Writing voids with radius in (-10,1009).
Finished successfully!
2500 -10 1009
Reading file: /home/epfl/dforero/scratch/projects/baosystematics/patchy_results/box1/real/veto/mocks_gal_xyz/CATALPTCICz0.466G960S2111416299.VETO.dat
Number of records: 5857016

Duplicating boundaries for periodic condition
Number of records: 7039482

Building Delaunay Triangulation.
Number of vertices: 7039482
Number of cells: 46887167

Writing to file /home/epfl/dforero/scratch/projects/baosystematics/patchy_results/box1/real/veto/mocks_void_xyz/CATALPTCICz0.466G960S2111416299.VETO.VOID.dat
Writing voids with radius in (-10,1009).
Finished successfully!
