2500 -10 1009
Reading file: /home/epfl/dforero/scratch/projects/baosystematics/patchy_results/box1/real/ang/mocks_gal_xyz/CATALPTCICz0.466G960S37727687.ANG.dat
Number of records: 5900076

Duplicating boundaries for periodic condition
Number of records: 7138501

Building Delaunay Triangulation.
Number of vertices: 7138501
Number of cells: 47590425

Writing to file /home/epfl/dforero/scratch/projects/baosystematics/patchy_results/box1/real/ang/mocks_void_xyz/CATALPTCICz0.466G960S37727687.ANG.VOID.dat
Writing voids with radius in (-10,1009).
Finished successfully!
2500 -10 1009
Reading file: /home/epfl/dforero/scratch/projects/baosystematics/patchy_results/box1/real/ang/mocks_gal_xyz/CATALPTCICz0.466G960S378690851.ANG.dat
Number of records: 5900070

Duplicating boundaries for periodic condition
Number of records: 7142082

Building Delaunay Triangulation.
Number of vertices: 7142081
Number of cells: 47609524

Writing to file /home/epfl/dforero/scratch/projects/baosystematics/patchy_results/box1/real/ang/mocks_void_xyz/CATALPTCICz0.466G960S378690851.ANG.VOID.dat
Writing voids with radius in (-10,1009).
Finished successfully!
2500 -10 1009
Reading file: /home/epfl/dforero/scratch/projects/baosystematics/patchy_results/box1/real/ang/mocks_gal_xyz/CATALPTCICz0.466G960S378695801.ANG.dat
Number of records: 5896228

Duplicating boundaries for periodic condition
Number of records: 7130748

Building Delaunay Triangulation.
Number of vertices: 7130748
Number of cells: 47535029

Writing to file /home/epfl/dforero/scratch/projects/baosystematics/patchy_results/box1/real/ang/mocks_void_xyz/CATALPTCICz0.466G960S378695801.ANG.VOID.dat
Writing voids with radius in (-10,1009).
Finished successfully!
2500 -10 1009
Reading file: /home/epfl/dforero/scratch/projects/baosystematics/patchy_results/box1/real/ang/mocks_gal_xyz/CATALPTCICz0.466G960S380713955.ANG.dat
Number of records: 5896288

Duplicating boundaries for periodic condition
Number of records: 7135442

Building Delaunay Triangulation.
Number of vertices: 7135442
Number of cells: 47570773

Writing to file /home/epfl/dforero/scratch/projects/baosystematics/patchy_results/box1/real/ang/mocks_void_xyz/CATALPTCICz0.466G960S380713955.ANG.VOID.dat
Writing voids with radius in (-10,1009).
Finished successfully!
2500 -10 1009
Reading file: /home/epfl/dforero/scratch/projects/baosystematics/patchy_results/box1/real/ang/mocks_gal_xyz/CATALPTCICz0.466G960S381945632.ANG.dat
Number of records: 5898269

Duplicating boundaries for periodic condition
Number of records: 7146566

Building Delaunay Triangulation.
Number of vertices: 7146566
Number of cells: 47637006

Writing to file /home/epfl/dforero/scratch/projects/baosystematics/patchy_results/box1/real/ang/mocks_void_xyz/CATALPTCICz0.466G960S381945632.ANG.VOID.dat
Writing voids with radius in (-10,1009).
Finished successfully!
2500 -10 1009
Reading file: /home/epfl/dforero/scratch/projects/baosystematics/patchy_results/box1/real/ang/mocks_gal_xyz/CATALPTCICz0.466G960S384074470.ANG.dat
Number of records: 5899301

Duplicating boundaries for periodic condition
Number of records: 7135370

Building Delaunay Triangulation.
Number of vertices: 7135370
Number of cells: 47568888

Writing to file /home/epfl/dforero/scratch/projects/baosystematics/patchy_results/box1/real/ang/mocks_void_xyz/CATALPTCICz0.466G960S384074470.ANG.VOID.dat
Writing voids with radius in (-10,1009).
Finished successfully!
2500 -10 1009
Reading file: /home/epfl/dforero/scratch/projects/baosystematics/patchy_results/box1/real/ang/mocks_gal_xyz/CATALPTCICz0.466G960S38850615.ANG.dat
Number of records: 5899061

Duplicating boundaries for periodic condition
Number of records: 7137738

Building Delaunay Triangulation.
Number of vertices: 7137738
Number of cells: 47578018

Writing to file /home/epfl/dforero/scratch/projects/baosystematics/patchy_results/box1/real/ang/mocks_void_xyz/CATALPTCICz0.466G960S38850615.ANG.VOID.dat
Writing voids with radius in (-10,1009).
Finished successfully!
2500 -10 1009
Reading file: /home/epfl/dforero/scratch/projects/baosystematics/patchy_results/box1/real/ang/mocks_gal_xyz/CATALPTCICz0.466G960S394099568.ANG.dat
Number of records: 5900185

Duplicating boundaries for periodic condition
Number of records: 7145772

Building Delaunay Triangulation.
Number of vertices: 7145772
Number of cells: 47638606

Writing to file /home/epfl/dforero/scratch/projects/baosystematics/patchy_results/box1/real/ang/mocks_void_xyz/CATALPTCICz0.466G960S394099568.ANG.VOID.dat
Writing voids with radius in (-10,1009).
Finished successfully!
2500 -10 1009
Reading file: /home/epfl/dforero/scratch/projects/baosystematics/patchy_results/box1/real/ang/mocks_gal_xyz/CATALPTCICz0.466G960S396051984.ANG.dat
Number of records: 5900125

Duplicating boundaries for periodic condition
Number of records: 7150153

Building Delaunay Triangulation.
Number of vertices: 7150153
Number of cells: 47670066

Writing to file /home/epfl/dforero/scratch/projects/baosystematics/patchy_results/box1/real/ang/mocks_void_xyz/CATALPTCICz0.466G960S396051984.ANG.VOID.dat
Writing voids with radius in (-10,1009).
Finished successfully!
2500 -10 1009
Reading file: /home/epfl/dforero/scratch/projects/baosystematics/patchy_results/box1/real/ang/mocks_gal_xyz/CATALPTCICz0.466G960S398774913.ANG.dat
Number of records: 5899309

Duplicating boundaries for periodic condition
Number of records: 7139621

Building Delaunay Triangulation.
Number of vertices: 7139621
Number of cells: 47602138

Writing to file /home/epfl/dforero/scratch/projects/baosystematics/patchy_results/box1/real/ang/mocks_void_xyz/CATALPTCICz0.466G960S398774913.ANG.VOID.dat
Writing voids with radius in (-10,1009).
Finished successfully!
