2500 -10 1009
Reading file: /home/epfl/dforero/scratch/projects/baosystematics/patchy_results/box1/real/veto/mocks_gal_xyz/CATALPTCICz0.466G960S882848105.VETO.dat
Number of records: 5852631

Duplicating boundaries for periodic condition
Number of records: 7026893

Building Delaunay Triangulation.
Number of vertices: 7026893
Number of cells: 46803944

Writing to file /home/epfl/dforero/scratch/projects/baosystematics/patchy_results/box1/real/veto/mocks_void_xyz/CATALPTCICz0.466G960S882848105.VETO.VOID.dat
Writing voids with radius in (-10,1009).
Finished successfully!
2500 -10 1009
Reading file: /home/epfl/dforero/scratch/projects/baosystematics/patchy_results/box1/real/veto/mocks_gal_xyz/CATALPTCICz0.466G960S889288774.VETO.dat
Number of records: 5856500

Duplicating boundaries for periodic condition
Number of records: 7027735

Building Delaunay Triangulation.
Number of vertices: 7027735
Number of cells: 46814289

Writing to file /home/epfl/dforero/scratch/projects/baosystematics/patchy_results/box1/real/veto/mocks_void_xyz/CATALPTCICz0.466G960S889288774.VETO.VOID.dat
Writing voids with radius in (-10,1009).
Finished successfully!
2500 -10 1009
Reading file: /home/epfl/dforero/scratch/projects/baosystematics/patchy_results/box1/real/veto/mocks_gal_xyz/CATALPTCICz0.466G960S892584783.VETO.dat
Number of records: 5858444

Duplicating boundaries for periodic condition
Number of records: 7033055

Building Delaunay Triangulation.
Number of vertices: 7033055
Number of cells: 46852547

Writing to file /home/epfl/dforero/scratch/projects/baosystematics/patchy_results/box1/real/veto/mocks_void_xyz/CATALPTCICz0.466G960S892584783.VETO.VOID.dat
Writing voids with radius in (-10,1009).
Finished successfully!
2500 -10 1009
Reading file: /home/epfl/dforero/scratch/projects/baosystematics/patchy_results/box1/real/veto/mocks_gal_xyz/CATALPTCICz0.466G960S902626519.VETO.dat
Number of records: 5855147

Duplicating boundaries for periodic condition
Number of records: 7027900

Building Delaunay Triangulation.
Number of vertices: 7027900
Number of cells: 46811722

Writing to file /home/epfl/dforero/scratch/projects/baosystematics/patchy_results/box1/real/veto/mocks_void_xyz/CATALPTCICz0.466G960S902626519.VETO.VOID.dat
Writing voids with radius in (-10,1009).
Finished successfully!
2500 -10 1009
Reading file: /home/epfl/dforero/scratch/projects/baosystematics/patchy_results/box1/real/veto/mocks_gal_xyz/CATALPTCICz0.466G960S903542203.VETO.dat
Number of records: 5859864

Duplicating boundaries for periodic condition
Number of records: 7031923

Building Delaunay Triangulation.
Number of vertices: 7031923
Number of cells: 46846490

Writing to file /home/epfl/dforero/scratch/projects/baosystematics/patchy_results/box1/real/veto/mocks_void_xyz/CATALPTCICz0.466G960S903542203.VETO.VOID.dat
Writing voids with radius in (-10,1009).
Finished successfully!
2500 -10 1009
Reading file: /home/epfl/dforero/scratch/projects/baosystematics/patchy_results/box1/real/veto/mocks_gal_xyz/CATALPTCICz0.466G960S908161114.VETO.dat
Number of records: 5858547

Duplicating boundaries for periodic condition
Number of records: 7037303

Building Delaunay Triangulation.
Number of vertices: 7037303
Number of cells: 46880133

Writing to file /home/epfl/dforero/scratch/projects/baosystematics/patchy_results/box1/real/veto/mocks_void_xyz/CATALPTCICz0.466G960S908161114.VETO.VOID.dat
Writing voids with radius in (-10,1009).
Finished successfully!
2500 -10 1009
Reading file: /home/epfl/dforero/scratch/projects/baosystematics/patchy_results/box1/real/veto/mocks_gal_xyz/CATALPTCICz0.466G960S913643544.VETO.dat
Number of records: 5857206

Duplicating boundaries for periodic condition
Number of records: 7041238

Building Delaunay Triangulation.
Number of vertices: 7041238
Number of cells: 46901365

Writing to file /home/epfl/dforero/scratch/projects/baosystematics/patchy_results/box1/real/veto/mocks_void_xyz/CATALPTCICz0.466G960S913643544.VETO.VOID.dat
Writing voids with radius in (-10,1009).
Finished successfully!
2500 -10 1009
Reading file: /home/epfl/dforero/scratch/projects/baosystematics/patchy_results/box1/real/veto/mocks_gal_xyz/CATALPTCICz0.466G960S917280234.VETO.dat
Number of records: 5859208

Duplicating boundaries for periodic condition
Number of records: 7034428

Building Delaunay Triangulation.
Number of vertices: 7034428
Number of cells: 46852533

Writing to file /home/epfl/dforero/scratch/projects/baosystematics/patchy_results/box1/real/veto/mocks_void_xyz/CATALPTCICz0.466G960S917280234.VETO.VOID.dat
Writing voids with radius in (-10,1009).
Finished successfully!
2500 -10 1009
Reading file: /home/epfl/dforero/scratch/projects/baosystematics/patchy_results/box1/real/veto/mocks_gal_xyz/CATALPTCICz0.466G960S92631322.VETO.dat
Number of records: 5855738

Duplicating boundaries for periodic condition
Number of records: 7029069

Building Delaunay Triangulation.
Number of vertices: 7029069
Number of cells: 46821292

Writing to file /home/epfl/dforero/scratch/projects/baosystematics/patchy_results/box1/real/veto/mocks_void_xyz/CATALPTCICz0.466G960S92631322.VETO.VOID.dat
Writing voids with radius in (-10,1009).
Finished successfully!
2500 -10 1009
Reading file: /home/epfl/dforero/scratch/projects/baosystematics/patchy_results/box1/real/veto/mocks_gal_xyz/CATALPTCICz0.466G960S928548597.VETO.dat
Number of records: 5855663

Duplicating boundaries for periodic condition
Number of records: 7036766

Building Delaunay Triangulation.
Number of vertices: 7036766
Number of cells: 46870113

Writing to file /home/epfl/dforero/scratch/projects/baosystematics/patchy_results/box1/real/veto/mocks_void_xyz/CATALPTCICz0.466G960S928548597.VETO.VOID.dat
Writing voids with radius in (-10,1009).
Finished successfully!
