2500 -10 1009
Reading file: /home/epfl/dforero/scratch/projects/baosystematics/patchy_results/box1/real/veto/mocks_gal_xyz/CATALPTCICz0.466G960S1005638091.VETO.dat
Number of records: 5856895

Duplicating boundaries for periodic condition
Number of records: 7026338

Building Delaunay Triangulation.
Number of vertices: 7026338
Number of cells: 46795049

Writing to file /home/epfl/dforero/scratch/projects/baosystematics/patchy_results/box1/real/veto/mocks_void_xyz/CATALPTCICz0.466G960S1005638091.VETO.VOID.dat
Writing voids with radius in (-10,1009).
Finished successfully!
2500 -10 1009
Reading file: /home/epfl/dforero/scratch/projects/baosystematics/patchy_results/box1/real/veto/mocks_gal_xyz/CATALPTCICz0.466G960S1010008301.VETO.dat
Number of records: 5857712

Duplicating boundaries for periodic condition
Number of records: 7031180

Building Delaunay Triangulation.
Number of vertices: 7031180
Number of cells: 46836810

Writing to file /home/epfl/dforero/scratch/projects/baosystematics/patchy_results/box1/real/veto/mocks_void_xyz/CATALPTCICz0.466G960S1010008301.VETO.VOID.dat
Writing voids with radius in (-10,1009).
Finished successfully!
2500 -10 1009
Reading file: /home/epfl/dforero/scratch/projects/baosystematics/patchy_results/box1/real/veto/mocks_gal_xyz/CATALPTCICz0.466G960S1016650678.VETO.dat
Number of records: 5859675

Duplicating boundaries for periodic condition
Number of records: 7024941

Building Delaunay Triangulation.
Number of vertices: 7024941
Number of cells: 46786791

Writing to file /home/epfl/dforero/scratch/projects/baosystematics/patchy_results/box1/real/veto/mocks_void_xyz/CATALPTCICz0.466G960S1016650678.VETO.VOID.dat
Writing voids with radius in (-10,1009).
Finished successfully!
2500 -10 1009
Reading file: /home/epfl/dforero/scratch/projects/baosystematics/patchy_results/box1/real/veto/mocks_gal_xyz/CATALPTCICz0.466G960S1019876248.VETO.dat
Number of records: 5860881

Duplicating boundaries for periodic condition
Number of records: 7041754

Building Delaunay Triangulation.
Number of vertices: 7041754
Number of cells: 46899548

Writing to file /home/epfl/dforero/scratch/projects/baosystematics/patchy_results/box1/real/veto/mocks_void_xyz/CATALPTCICz0.466G960S1019876248.VETO.VOID.dat
Writing voids with radius in (-10,1009).
Finished successfully!
2500 -10 1009
Reading file: /home/epfl/dforero/scratch/projects/baosystematics/patchy_results/box1/real/veto/mocks_gal_xyz/CATALPTCICz0.466G960S1023560380.VETO.dat
Number of records: 5862593

Duplicating boundaries for periodic condition
Number of records: 7043516

Building Delaunay Triangulation.
Number of vertices: 7043516
Number of cells: 46909845

Writing to file /home/epfl/dforero/scratch/projects/baosystematics/patchy_results/box1/real/veto/mocks_void_xyz/CATALPTCICz0.466G960S1023560380.VETO.VOID.dat
Writing voids with radius in (-10,1009).
Finished successfully!
2500 -10 1009
Reading file: /home/epfl/dforero/scratch/projects/baosystematics/patchy_results/box1/real/veto/mocks_gal_xyz/CATALPTCICz0.466G960S1028968541.VETO.dat
Number of records: 5856025

Duplicating boundaries for periodic condition
Number of records: 7024082

Building Delaunay Triangulation.
Number of vertices: 7024082
Number of cells: 46795596

Writing to file /home/epfl/dforero/scratch/projects/baosystematics/patchy_results/box1/real/veto/mocks_void_xyz/CATALPTCICz0.466G960S1028968541.VETO.VOID.dat
Writing voids with radius in (-10,1009).
Finished successfully!
2500 -10 1009
Reading file: /home/epfl/dforero/scratch/projects/baosystematics/patchy_results/box1/real/veto/mocks_gal_xyz/CATALPTCICz0.466G960S1029148515.VETO.dat
Number of records: 5855940

Duplicating boundaries for periodic condition
Number of records: 7028098

Building Delaunay Triangulation.
Number of vertices: 7028098
Number of cells: 46813692

Writing to file /home/epfl/dforero/scratch/projects/baosystematics/patchy_results/box1/real/veto/mocks_void_xyz/CATALPTCICz0.466G960S1029148515.VETO.VOID.dat
Writing voids with radius in (-10,1009).
Finished successfully!
2500 -10 1009
Reading file: /home/epfl/dforero/scratch/projects/baosystematics/patchy_results/box1/real/veto/mocks_gal_xyz/CATALPTCICz0.466G960S1036580043.VETO.dat
Number of records: 5854123

Duplicating boundaries for periodic condition
Number of records: 7031170

Building Delaunay Triangulation.
Number of vertices: 7031170
Number of cells: 46830380

Writing to file /home/epfl/dforero/scratch/projects/baosystematics/patchy_results/box1/real/veto/mocks_void_xyz/CATALPTCICz0.466G960S1036580043.VETO.VOID.dat
Writing voids with radius in (-10,1009).
Finished successfully!
2500 -10 1009
Reading file: /home/epfl/dforero/scratch/projects/baosystematics/patchy_results/box1/real/veto/mocks_gal_xyz/CATALPTCICz0.466G960S1038702849.VETO.dat
Number of records: 5854609

Duplicating boundaries for periodic condition
Number of records: 7040665

Building Delaunay Triangulation.
Number of vertices: 7040665
Number of cells: 46905431

Writing to file /home/epfl/dforero/scratch/projects/baosystematics/patchy_results/box1/real/veto/mocks_void_xyz/CATALPTCICz0.466G960S1038702849.VETO.VOID.dat
Writing voids with radius in (-10,1009).
Finished successfully!
2500 -10 1009
Reading file: /home/epfl/dforero/scratch/projects/baosystematics/patchy_results/box1/real/veto/mocks_gal_xyz/CATALPTCICz0.466G960S1043428010.VETO.dat
Number of records: 5860048

Duplicating boundaries for periodic condition
Number of records: 7032062

Building Delaunay Triangulation.
Number of vertices: 7032062
Number of cells: 46844147

Writing to file /home/epfl/dforero/scratch/projects/baosystematics/patchy_results/box1/real/veto/mocks_void_xyz/CATALPTCICz0.466G960S1043428010.VETO.VOID.dat
Writing voids with radius in (-10,1009).
Finished successfully!
