2500 -10 1009
Reading file: /home/epfl/dforero/scratch/projects/baosystematics/patchy_results/box1/real/vetoang/mocks_gal_xyz/CATALPTCICz0.466G960S257253385.VETO_ANG.dat
Number of records: 5559657

Duplicating boundaries for periodic condition
Number of records: 6709835

Building Delaunay Triangulation.
Number of vertices: 6709835
Number of cells: 44718961

Writing to file /home/epfl/dforero/scratch/projects/baosystematics/patchy_results/box1/real/vetoang/mocks_void_xyz/CATALPTCICz0.466G960S257253385.VETO_ANG.VOID.dat
Writing voids with radius in (-10,1009).
Finished successfully!
2500 -10 1009
Reading file: /home/epfl/dforero/scratch/projects/baosystematics/patchy_results/box1/real/vetoang/mocks_gal_xyz/CATALPTCICz0.466G960S261201481.VETO_ANG.dat
Number of records: 5557941

Duplicating boundaries for periodic condition
Number of records: 6701554

Building Delaunay Triangulation.
Number of vertices: 6701554
Number of cells: 44655365

Writing to file /home/epfl/dforero/scratch/projects/baosystematics/patchy_results/box1/real/vetoang/mocks_void_xyz/CATALPTCICz0.466G960S261201481.VETO_ANG.VOID.dat
Writing voids with radius in (-10,1009).
Finished successfully!
2500 -10 1009
Reading file: /home/epfl/dforero/scratch/projects/baosystematics/patchy_results/box1/real/vetoang/mocks_gal_xyz/CATALPTCICz0.466G960S262811362.VETO_ANG.dat
Number of records: 5558501

Duplicating boundaries for periodic condition
Number of records: 6703775

Building Delaunay Triangulation.
Number of vertices: 6703775
Number of cells: 44668560

Writing to file /home/epfl/dforero/scratch/projects/baosystematics/patchy_results/box1/real/vetoang/mocks_void_xyz/CATALPTCICz0.466G960S262811362.VETO_ANG.VOID.dat
Writing voids with radius in (-10,1009).
Finished successfully!
2500 -10 1009
Reading file: /home/epfl/dforero/scratch/projects/baosystematics/patchy_results/box1/real/vetoang/mocks_gal_xyz/CATALPTCICz0.466G960S264186893.VETO_ANG.dat
Number of records: 5552217

Duplicating boundaries for periodic condition
Number of records: 6701638

Building Delaunay Triangulation.
Number of vertices: 6701638
Number of cells: 44658038

Writing to file /home/epfl/dforero/scratch/projects/baosystematics/patchy_results/box1/real/vetoang/mocks_void_xyz/CATALPTCICz0.466G960S264186893.VETO_ANG.VOID.dat
Writing voids with radius in (-10,1009).
Finished successfully!
2500 -10 1009
Reading file: /home/epfl/dforero/scratch/projects/baosystematics/patchy_results/box1/real/vetoang/mocks_gal_xyz/CATALPTCICz0.466G960S268880201.VETO_ANG.dat
Number of records: 5560198

Duplicating boundaries for periodic condition
Number of records: 6713693

Building Delaunay Triangulation.
Number of vertices: 6713693
Number of cells: 44733968

Writing to file /home/epfl/dforero/scratch/projects/baosystematics/patchy_results/box1/real/vetoang/mocks_void_xyz/CATALPTCICz0.466G960S268880201.VETO_ANG.VOID.dat
Writing voids with radius in (-10,1009).
Finished successfully!
2500 -10 1009
Reading file: /home/epfl/dforero/scratch/projects/baosystematics/patchy_results/box1/real/vetoang/mocks_gal_xyz/CATALPTCICz0.466G960S272565369.VETO_ANG.dat
Number of records: 5554390

Duplicating boundaries for periodic condition
Number of records: 6702512

Building Delaunay Triangulation.
Number of vertices: 6702512
Number of cells: 44663108

Writing to file /home/epfl/dforero/scratch/projects/baosystematics/patchy_results/box1/real/vetoang/mocks_void_xyz/CATALPTCICz0.466G960S272565369.VETO_ANG.VOID.dat
Writing voids with radius in (-10,1009).
Finished successfully!
2500 -10 1009
Reading file: /home/epfl/dforero/scratch/projects/baosystematics/patchy_results/box1/real/vetoang/mocks_gal_xyz/CATALPTCICz0.466G960S274740355.VETO_ANG.dat
Number of records: 5556290

Duplicating boundaries for periodic condition
Number of records: 6701465

Building Delaunay Triangulation.
Number of vertices: 6701465
Number of cells: 44655150

Writing to file /home/epfl/dforero/scratch/projects/baosystematics/patchy_results/box1/real/vetoang/mocks_void_xyz/CATALPTCICz0.466G960S274740355.VETO_ANG.VOID.dat
Writing voids with radius in (-10,1009).
Finished successfully!
2500 -10 1009
Reading file: /home/epfl/dforero/scratch/projects/baosystematics/patchy_results/box1/real/vetoang/mocks_gal_xyz/CATALPTCICz0.466G960S276290543.VETO_ANG.dat
Number of records: 5556683

Duplicating boundaries for periodic condition
Number of records: 6702905

Building Delaunay Triangulation.
Number of vertices: 6702905
Number of cells: 44664905

Writing to file /home/epfl/dforero/scratch/projects/baosystematics/patchy_results/box1/real/vetoang/mocks_void_xyz/CATALPTCICz0.466G960S276290543.VETO_ANG.VOID.dat
Writing voids with radius in (-10,1009).
Finished successfully!
2500 -10 1009
Reading file: /home/epfl/dforero/scratch/projects/baosystematics/patchy_results/box1/real/vetoang/mocks_gal_xyz/CATALPTCICz0.466G960S277839001.VETO_ANG.dat
Number of records: 5550168

Duplicating boundaries for periodic condition
Number of records: 6695759

Building Delaunay Triangulation.
Number of vertices: 6695759
Number of cells: 44612368

Writing to file /home/epfl/dforero/scratch/projects/baosystematics/patchy_results/box1/real/vetoang/mocks_void_xyz/CATALPTCICz0.466G960S277839001.VETO_ANG.VOID.dat
Writing voids with radius in (-10,1009).
Finished successfully!
2500 -10 1009
Reading file: /home/epfl/dforero/scratch/projects/baosystematics/patchy_results/box1/real/vetoang/mocks_gal_xyz/CATALPTCICz0.466G960S280373319.VETO_ANG.dat
Number of records: 5559463

Duplicating boundaries for periodic condition
Number of records: 6701609

Building Delaunay Triangulation.
Number of vertices: 6701609
Number of cells: 44656285

Writing to file /home/epfl/dforero/scratch/projects/baosystematics/patchy_results/box1/real/vetoang/mocks_void_xyz/CATALPTCICz0.466G960S280373319.VETO_ANG.VOID.dat
Writing voids with radius in (-10,1009).
Finished successfully!
