2500 -10 1009
Reading file: /home/epfl/dforero/scratch/projects/baosystematics/patchy_results/box1/real/ang/mocks_gal_xyz/CATALPTCICz0.466G960S1992528790.ANG.dat
Number of records: 5898433

Duplicating boundaries for periodic condition
Number of records: 7149027

Building Delaunay Triangulation.
Number of vertices: 7149027
Number of cells: 47661666

Writing to file /home/epfl/dforero/scratch/projects/baosystematics/patchy_results/box1/real/ang/mocks_void_xyz/CATALPTCICz0.466G960S1992528790.ANG.VOID.dat
Writing voids with radius in (-10,1009).
Finished successfully!
2500 -10 1009
Reading file: /home/epfl/dforero/scratch/projects/baosystematics/patchy_results/box1/real/ang/mocks_gal_xyz/CATALPTCICz0.466G960S1999698595.ANG.dat
Number of records: 5896091

Duplicating boundaries for periodic condition
Number of records: 7132372

Building Delaunay Triangulation.
Number of vertices: 7132372
Number of cells: 47557164

Writing to file /home/epfl/dforero/scratch/projects/baosystematics/patchy_results/box1/real/ang/mocks_void_xyz/CATALPTCICz0.466G960S1999698595.ANG.VOID.dat
Writing voids with radius in (-10,1009).
Finished successfully!
2500 -10 1009
Reading file: /home/epfl/dforero/scratch/projects/baosystematics/patchy_results/box1/real/ang/mocks_gal_xyz/CATALPTCICz0.466G960S2004999320.ANG.dat
Number of records: 5898294

Duplicating boundaries for periodic condition
Number of records: 7137170

Building Delaunay Triangulation.
Number of vertices: 7137170
Number of cells: 47579428

Writing to file /home/epfl/dforero/scratch/projects/baosystematics/patchy_results/box1/real/ang/mocks_void_xyz/CATALPTCICz0.466G960S2004999320.ANG.VOID.dat
Writing voids with radius in (-10,1009).
Finished successfully!
2500 -10 1009
Reading file: /home/epfl/dforero/scratch/projects/baosystematics/patchy_results/box1/real/ang/mocks_gal_xyz/CATALPTCICz0.466G960S2005020971.ANG.dat
Number of records: 5900085

Duplicating boundaries for periodic condition
Number of records: 7131126

Building Delaunay Triangulation.
Number of vertices: 7131126
Number of cells: 47541935

Writing to file /home/epfl/dforero/scratch/projects/baosystematics/patchy_results/box1/real/ang/mocks_void_xyz/CATALPTCICz0.466G960S2005020971.ANG.VOID.dat
Writing voids with radius in (-10,1009).
Finished successfully!
2500 -10 1009
Reading file: /home/epfl/dforero/scratch/projects/baosystematics/patchy_results/box1/real/ang/mocks_gal_xyz/CATALPTCICz0.466G960S2006305047.ANG.dat
Number of records: 5896479

Duplicating boundaries for periodic condition
Number of records: 7138951

Building Delaunay Triangulation.
Number of vertices: 7138951
Number of cells: 47586374

Writing to file /home/epfl/dforero/scratch/projects/baosystematics/patchy_results/box1/real/ang/mocks_void_xyz/CATALPTCICz0.466G960S2006305047.ANG.VOID.dat
Writing voids with radius in (-10,1009).
Finished successfully!
2500 -10 1009
Reading file: /home/epfl/dforero/scratch/projects/baosystematics/patchy_results/box1/real/ang/mocks_gal_xyz/CATALPTCICz0.466G960S2007956662.ANG.dat
Number of records: 5899361

Duplicating boundaries for periodic condition
Number of records: 7141631

Building Delaunay Triangulation.
Number of vertices: 7141631
Number of cells: 47609961

Writing to file /home/epfl/dforero/scratch/projects/baosystematics/patchy_results/box1/real/ang/mocks_void_xyz/CATALPTCICz0.466G960S2007956662.ANG.VOID.dat
Writing voids with radius in (-10,1009).
Finished successfully!
2500 -10 1009
Reading file: /home/epfl/dforero/scratch/projects/baosystematics/patchy_results/box1/real/ang/mocks_gal_xyz/CATALPTCICz0.466G960S2008417666.ANG.dat
Number of records: 5901132

Duplicating boundaries for periodic condition
Number of records: 7151396

Building Delaunay Triangulation.
Number of vertices: 7151396
Number of cells: 47674944

Writing to file /home/epfl/dforero/scratch/projects/baosystematics/patchy_results/box1/real/ang/mocks_void_xyz/CATALPTCICz0.466G960S2008417666.ANG.VOID.dat
Writing voids with radius in (-10,1009).
Finished successfully!
2500 -10 1009
Reading file: /home/epfl/dforero/scratch/projects/baosystematics/patchy_results/box1/real/ang/mocks_gal_xyz/CATALPTCICz0.466G960S2012047352.ANG.dat
Number of records: 5899553

Duplicating boundaries for periodic condition
Number of records: 7146290

Building Delaunay Triangulation.
Number of vertices: 7146290
Number of cells: 47640432

Writing to file /home/epfl/dforero/scratch/projects/baosystematics/patchy_results/box1/real/ang/mocks_void_xyz/CATALPTCICz0.466G960S2012047352.ANG.VOID.dat
Writing voids with radius in (-10,1009).
Finished successfully!
2500 -10 1009
Reading file: /home/epfl/dforero/scratch/projects/baosystematics/patchy_results/box1/real/ang/mocks_gal_xyz/CATALPTCICz0.466G960S2018638540.ANG.dat
Number of records: 5899086

Duplicating boundaries for periodic condition
Number of records: 7145466

Building Delaunay Triangulation.
Number of vertices: 7145466
Number of cells: 47637378

Writing to file /home/epfl/dforero/scratch/projects/baosystematics/patchy_results/box1/real/ang/mocks_void_xyz/CATALPTCICz0.466G960S2018638540.ANG.VOID.dat
Writing voids with radius in (-10,1009).
Finished successfully!
2500 -10 1009
Reading file: /home/epfl/dforero/scratch/projects/baosystematics/patchy_results/box1/real/ang/mocks_gal_xyz/CATALPTCICz0.466G960S2022666833.ANG.dat
Number of records: 5898637

Duplicating boundaries for periodic condition
Number of records: 7141184

Building Delaunay Triangulation.
Number of vertices: 7141184
Number of cells: 47607832

Writing to file /home/epfl/dforero/scratch/projects/baosystematics/patchy_results/box1/real/ang/mocks_void_xyz/CATALPTCICz0.466G960S2022666833.ANG.VOID.dat
Writing voids with radius in (-10,1009).
Finished successfully!
