2500 -10 1009
Reading file: /home/epfl/dforero/scratch/projects/baosystematics/patchy_results/box1/real/ang/mocks_gal_xyz/CATALPTCICz0.466G960S280931189.ANG.dat
Number of records: 5892565

Duplicating boundaries for periodic condition
Number of records: 7139068

Building Delaunay Triangulation.
Number of vertices: 7139068
Number of cells: 47603098

Writing to file /home/epfl/dforero/scratch/projects/baosystematics/patchy_results/box1/real/ang/mocks_void_xyz/CATALPTCICz0.466G960S280931189.ANG.VOID.dat
Writing voids with radius in (-10,1009).
Finished successfully!
2500 -10 1009
Reading file: /home/epfl/dforero/scratch/projects/baosystematics/patchy_results/box1/real/ang/mocks_gal_xyz/CATALPTCICz0.466G960S281865714.ANG.dat
Number of records: 5899160

Duplicating boundaries for periodic condition
Number of records: 7140906

Building Delaunay Triangulation.
Number of vertices: 7140906
Number of cells: 47608382

Writing to file /home/epfl/dforero/scratch/projects/baosystematics/patchy_results/box1/real/ang/mocks_void_xyz/CATALPTCICz0.466G960S281865714.ANG.VOID.dat
Writing voids with radius in (-10,1009).
Finished successfully!
2500 -10 1009
Reading file: /home/epfl/dforero/scratch/projects/baosystematics/patchy_results/box1/real/ang/mocks_gal_xyz/CATALPTCICz0.466G960S285883522.ANG.dat
Number of records: 5899509

Duplicating boundaries for periodic condition
Number of records: 7141098

Building Delaunay Triangulation.
Number of vertices: 7141098
Number of cells: 47607561

Writing to file /home/epfl/dforero/scratch/projects/baosystematics/patchy_results/box1/real/ang/mocks_void_xyz/CATALPTCICz0.466G960S285883522.ANG.VOID.dat
Writing voids with radius in (-10,1009).
Finished successfully!
2500 -10 1009
Reading file: /home/epfl/dforero/scratch/projects/baosystematics/patchy_results/box1/real/ang/mocks_gal_xyz/CATALPTCICz0.466G960S286533918.ANG.dat
Number of records: 5899064

Duplicating boundaries for periodic condition
Number of records: 7136978

Building Delaunay Triangulation.
Number of vertices: 7136978
Number of cells: 47581396

Writing to file /home/epfl/dforero/scratch/projects/baosystematics/patchy_results/box1/real/ang/mocks_void_xyz/CATALPTCICz0.466G960S286533918.ANG.VOID.dat
Writing voids with radius in (-10,1009).
Finished successfully!
2500 -10 1009
Reading file: /home/epfl/dforero/scratch/projects/baosystematics/patchy_results/box1/real/ang/mocks_gal_xyz/CATALPTCICz0.466G960S289937724.ANG.dat
Number of records: 5899290

Duplicating boundaries for periodic condition
Number of records: 7134959

Building Delaunay Triangulation.
Number of vertices: 7134959
Number of cells: 47566048

Writing to file /home/epfl/dforero/scratch/projects/baosystematics/patchy_results/box1/real/ang/mocks_void_xyz/CATALPTCICz0.466G960S289937724.ANG.VOID.dat
Writing voids with radius in (-10,1009).
Finished successfully!
2500 -10 1009
Reading file: /home/epfl/dforero/scratch/projects/baosystematics/patchy_results/box1/real/ang/mocks_gal_xyz/CATALPTCICz0.466G960S290410571.ANG.dat
Number of records: 5898880

Duplicating boundaries for periodic condition
Number of records: 7147727

Building Delaunay Triangulation.
Number of vertices: 7147727
Number of cells: 47655905

Writing to file /home/epfl/dforero/scratch/projects/baosystematics/patchy_results/box1/real/ang/mocks_void_xyz/CATALPTCICz0.466G960S290410571.ANG.VOID.dat
Writing voids with radius in (-10,1009).
Finished successfully!
2500 -10 1009
Reading file: /home/epfl/dforero/scratch/projects/baosystematics/patchy_results/box1/real/ang/mocks_gal_xyz/CATALPTCICz0.466G960S291988354.ANG.dat
Number of records: 5899535

Duplicating boundaries for periodic condition
Number of records: 7139474

Building Delaunay Triangulation.
Number of vertices: 7139474
Number of cells: 47604172

Writing to file /home/epfl/dforero/scratch/projects/baosystematics/patchy_results/box1/real/ang/mocks_void_xyz/CATALPTCICz0.466G960S291988354.ANG.VOID.dat
Writing voids with radius in (-10,1009).
Finished successfully!
2500 -10 1009
Reading file: /home/epfl/dforero/scratch/projects/baosystematics/patchy_results/box1/real/ang/mocks_gal_xyz/CATALPTCICz0.466G960S298829905.ANG.dat
Number of records: 5899760

Duplicating boundaries for periodic condition
Number of records: 7134373

Building Delaunay Triangulation.
Number of vertices: 7134373
Number of cells: 47556507

Writing to file /home/epfl/dforero/scratch/projects/baosystematics/patchy_results/box1/real/ang/mocks_void_xyz/CATALPTCICz0.466G960S298829905.ANG.VOID.dat
Writing voids with radius in (-10,1009).
Finished successfully!
2500 -10 1009
Reading file: /home/epfl/dforero/scratch/projects/baosystematics/patchy_results/box1/real/ang/mocks_gal_xyz/CATALPTCICz0.466G960S303311051.ANG.dat
Number of records: 5898625

Duplicating boundaries for periodic condition
Number of records: 7131171

Building Delaunay Triangulation.
Number of vertices: 7131171
Number of cells: 47548146

Writing to file /home/epfl/dforero/scratch/projects/baosystematics/patchy_results/box1/real/ang/mocks_void_xyz/CATALPTCICz0.466G960S303311051.ANG.VOID.dat
Writing voids with radius in (-10,1009).
Finished successfully!
2500 -10 1009
Reading file: /home/epfl/dforero/scratch/projects/baosystematics/patchy_results/box1/real/ang/mocks_gal_xyz/CATALPTCICz0.466G960S306572308.ANG.dat
Number of records: 5892875

Duplicating boundaries for periodic condition
Number of records: 7133043

Building Delaunay Triangulation.
Number of vertices: 7133043
Number of cells: 47551023

Writing to file /home/epfl/dforero/scratch/projects/baosystematics/patchy_results/box1/real/ang/mocks_void_xyz/CATALPTCICz0.466G960S306572308.ANG.VOID.dat
Writing voids with radius in (-10,1009).
Finished successfully!
