2500 -10 1009
Reading file: /home/epfl/dforero/scratch/projects/baosystematics/patchy_results/box1/real/ang/mocks_gal_xyz/CATALPTCICz0.466G960S569892358.ANG.dat
Number of records: 5898005

Duplicating boundaries for periodic condition
Number of records: 7138162

Building Delaunay Triangulation.
Number of vertices: 7138162
Number of cells: 47591357

Writing to file /home/epfl/dforero/scratch/projects/baosystematics/patchy_results/box1/real/ang/mocks_void_xyz/CATALPTCICz0.466G960S569892358.ANG.VOID.dat
Writing voids with radius in (-10,1009).
Finished successfully!
2500 -10 1009
Reading file: /home/epfl/dforero/scratch/projects/baosystematics/patchy_results/box1/real/ang/mocks_gal_xyz/CATALPTCICz0.466G960S596230622.ANG.dat
Number of records: 5892658

Duplicating boundaries for periodic condition
Number of records: 7128724

Building Delaunay Triangulation.
Number of vertices: 7128724
Number of cells: 47529380

Writing to file /home/epfl/dforero/scratch/projects/baosystematics/patchy_results/box1/real/ang/mocks_void_xyz/CATALPTCICz0.466G960S596230622.ANG.VOID.dat
Writing voids with radius in (-10,1009).
Finished successfully!
2500 -10 1009
Reading file: /home/epfl/dforero/scratch/projects/baosystematics/patchy_results/box1/real/ang/mocks_gal_xyz/CATALPTCICz0.466G960S599895384.ANG.dat
Number of records: 5899740

Duplicating boundaries for periodic condition
Number of records: 7143381

Building Delaunay Triangulation.
Number of vertices: 7143381
Number of cells: 47620149

Writing to file /home/epfl/dforero/scratch/projects/baosystematics/patchy_results/box1/real/ang/mocks_void_xyz/CATALPTCICz0.466G960S599895384.ANG.VOID.dat
Writing voids with radius in (-10,1009).
Finished successfully!
2500 -10 1009
Reading file: /home/epfl/dforero/scratch/projects/baosystematics/patchy_results/box1/real/ang/mocks_gal_xyz/CATALPTCICz0.466G960S600808782.ANG.dat
Number of records: 5897691

Duplicating boundaries for periodic condition
Number of records: 7142250

Building Delaunay Triangulation.
Number of vertices: 7142250
Number of cells: 47613691

Writing to file /home/epfl/dforero/scratch/projects/baosystematics/patchy_results/box1/real/ang/mocks_void_xyz/CATALPTCICz0.466G960S600808782.ANG.VOID.dat
Writing voids with radius in (-10,1009).
Finished successfully!
2500 -10 1009
Reading file: /home/epfl/dforero/scratch/projects/baosystematics/patchy_results/box1/real/ang/mocks_gal_xyz/CATALPTCICz0.466G960S601918842.ANG.dat
Number of records: 5899156

Duplicating boundaries for periodic condition
Number of records: 7152899

Building Delaunay Triangulation.
Number of vertices: 7152899
Number of cells: 47688149

Writing to file /home/epfl/dforero/scratch/projects/baosystematics/patchy_results/box1/real/ang/mocks_void_xyz/CATALPTCICz0.466G960S601918842.ANG.VOID.dat
Writing voids with radius in (-10,1009).
Finished successfully!
2500 -10 1009
Reading file: /home/epfl/dforero/scratch/projects/baosystematics/patchy_results/box1/real/ang/mocks_gal_xyz/CATALPTCICz0.466G960S604533144.ANG.dat
Number of records: 5897958

Duplicating boundaries for periodic condition
Number of records: 7134989

Building Delaunay Triangulation.
Number of vertices: 7134989
Number of cells: 47565328

Writing to file /home/epfl/dforero/scratch/projects/baosystematics/patchy_results/box1/real/ang/mocks_void_xyz/CATALPTCICz0.466G960S604533144.ANG.VOID.dat
Writing voids with radius in (-10,1009).
Finished successfully!
2500 -10 1009
Reading file: /home/epfl/dforero/scratch/projects/baosystematics/patchy_results/box1/real/ang/mocks_gal_xyz/CATALPTCICz0.466G960S606699789.ANG.dat
Number of records: 5899433

Duplicating boundaries for periodic condition
Number of records: 7133837

Building Delaunay Triangulation.
Number of vertices: 7133837
Number of cells: 47554710

Writing to file /home/epfl/dforero/scratch/projects/baosystematics/patchy_results/box1/real/ang/mocks_void_xyz/CATALPTCICz0.466G960S606699789.ANG.VOID.dat
Writing voids with radius in (-10,1009).
Finished successfully!
2500 -10 1009
Reading file: /home/epfl/dforero/scratch/projects/baosystematics/patchy_results/box1/real/ang/mocks_gal_xyz/CATALPTCICz0.466G960S609522891.ANG.dat
Number of records: 5895480

Duplicating boundaries for periodic condition
Number of records: 7145582

Building Delaunay Triangulation.
Number of vertices: 7145582
Number of cells: 47637450

Writing to file /home/epfl/dforero/scratch/projects/baosystematics/patchy_results/box1/real/ang/mocks_void_xyz/CATALPTCICz0.466G960S609522891.ANG.VOID.dat
Writing voids with radius in (-10,1009).
Finished successfully!
2500 -10 1009
Reading file: /home/epfl/dforero/scratch/projects/baosystematics/patchy_results/box1/real/ang/mocks_gal_xyz/CATALPTCICz0.466G960S619379967.ANG.dat
Number of records: 5899026

Duplicating boundaries for periodic condition
Number of records: 7139181

Building Delaunay Triangulation.
Number of vertices: 7139181
Number of cells: 47596702

Writing to file /home/epfl/dforero/scratch/projects/baosystematics/patchy_results/box1/real/ang/mocks_void_xyz/CATALPTCICz0.466G960S619379967.ANG.VOID.dat
Writing voids with radius in (-10,1009).
Finished successfully!
2500 -10 1009
Reading file: /home/epfl/dforero/scratch/projects/baosystematics/patchy_results/box1/real/ang/mocks_gal_xyz/CATALPTCICz0.466G960S627205227.ANG.dat
Number of records: 5896855

Duplicating boundaries for periodic condition
Number of records: 7138430

Building Delaunay Triangulation.
Number of vertices: 7138430
Number of cells: 47586093

Writing to file /home/epfl/dforero/scratch/projects/baosystematics/patchy_results/box1/real/ang/mocks_void_xyz/CATALPTCICz0.466G960S627205227.ANG.VOID.dat
Writing voids with radius in (-10,1009).
Finished successfully!
