2500 -10 1009
Reading file: /home/epfl/dforero/scratch/projects/baosystematics/patchy_results/box1/real/veto/mocks_gal_xyz/CATALPTCICz0.466G960S1813530111.VETO.dat
Number of records: 5858358

Duplicating boundaries for periodic condition
Number of records: 7029395

Building Delaunay Triangulation.
Number of vertices: 7029395
Number of cells: 46820388

Writing to file /home/epfl/dforero/scratch/projects/baosystematics/patchy_results/box1/real/veto/mocks_void_xyz/CATALPTCICz0.466G960S1813530111.VETO.VOID.dat
Writing voids with radius in (-10,1009).
Finished successfully!
2500 -10 1009
Reading file: /home/epfl/dforero/scratch/projects/baosystematics/patchy_results/box1/real/veto/mocks_gal_xyz/CATALPTCICz0.466G960S1816293269.VETO.dat
Number of records: 5860476

Duplicating boundaries for periodic condition
Number of records: 7049287

Building Delaunay Triangulation.
Number of vertices: 7049287
Number of cells: 46954868

Writing to file /home/epfl/dforero/scratch/projects/baosystematics/patchy_results/box1/real/veto/mocks_void_xyz/CATALPTCICz0.466G960S1816293269.VETO.VOID.dat
Writing voids with radius in (-10,1009).
Finished successfully!
2500 -10 1009
Reading file: /home/epfl/dforero/scratch/projects/baosystematics/patchy_results/box1/real/veto/mocks_gal_xyz/CATALPTCICz0.466G960S1820743566.VETO.dat
Number of records: 5855225

Duplicating boundaries for periodic condition
Number of records: 7027005

Building Delaunay Triangulation.
Number of vertices: 7027005
Number of cells: 46806576

Writing to file /home/epfl/dforero/scratch/projects/baosystematics/patchy_results/box1/real/veto/mocks_void_xyz/CATALPTCICz0.466G960S1820743566.VETO.VOID.dat
Writing voids with radius in (-10,1009).
Finished successfully!
2500 -10 1009
Reading file: /home/epfl/dforero/scratch/projects/baosystematics/patchy_results/box1/real/veto/mocks_gal_xyz/CATALPTCICz0.466G960S1828307802.VETO.dat
Number of records: 5859110

Duplicating boundaries for periodic condition
Number of records: 7037954

Building Delaunay Triangulation.
Number of vertices: 7037954
Number of cells: 46883554

Writing to file /home/epfl/dforero/scratch/projects/baosystematics/patchy_results/box1/real/veto/mocks_void_xyz/CATALPTCICz0.466G960S1828307802.VETO.VOID.dat
Writing voids with radius in (-10,1009).
Finished successfully!
2500 -10 1009
Reading file: /home/epfl/dforero/scratch/projects/baosystematics/patchy_results/box1/real/veto/mocks_gal_xyz/CATALPTCICz0.466G960S1838873437.VETO.dat
Number of records: 5858763

Duplicating boundaries for periodic condition
Number of records: 7036857

Building Delaunay Triangulation.
Number of vertices: 7036857
Number of cells: 46877730

Writing to file /home/epfl/dforero/scratch/projects/baosystematics/patchy_results/box1/real/veto/mocks_void_xyz/CATALPTCICz0.466G960S1838873437.VETO.VOID.dat
Writing voids with radius in (-10,1009).
Finished successfully!
2500 -10 1009
Reading file: /home/epfl/dforero/scratch/projects/baosystematics/patchy_results/box1/real/veto/mocks_gal_xyz/CATALPTCICz0.466G960S1839143529.VETO.dat
Number of records: 5858002

Duplicating boundaries for periodic condition
Number of records: 7034159

Building Delaunay Triangulation.
Number of vertices: 7034159
Number of cells: 46856443

Writing to file /home/epfl/dforero/scratch/projects/baosystematics/patchy_results/box1/real/veto/mocks_void_xyz/CATALPTCICz0.466G960S1839143529.VETO.VOID.dat
Writing voids with radius in (-10,1009).
Finished successfully!
2500 -10 1009
Reading file: /home/epfl/dforero/scratch/projects/baosystematics/patchy_results/box1/real/veto/mocks_gal_xyz/CATALPTCICz0.466G960S1842441646.VETO.dat
Number of records: 5855145

Duplicating boundaries for periodic condition
Number of records: 7025418

Building Delaunay Triangulation.
Number of vertices: 7025418
Number of cells: 46799478

Writing to file /home/epfl/dforero/scratch/projects/baosystematics/patchy_results/box1/real/veto/mocks_void_xyz/CATALPTCICz0.466G960S1842441646.VETO.VOID.dat
Writing voids with radius in (-10,1009).
Finished successfully!
2500 -10 1009
Reading file: /home/epfl/dforero/scratch/projects/baosystematics/patchy_results/box1/real/veto/mocks_gal_xyz/CATALPTCICz0.466G960S1843354749.VETO.dat
Number of records: 5858386

Duplicating boundaries for periodic condition
Number of records: 7033991

Building Delaunay Triangulation.
Number of vertices: 7033991
Number of cells: 46849330

Writing to file /home/epfl/dforero/scratch/projects/baosystematics/patchy_results/box1/real/veto/mocks_void_xyz/CATALPTCICz0.466G960S1843354749.VETO.VOID.dat
Writing voids with radius in (-10,1009).
Finished successfully!
2500 -10 1009
Reading file: /home/epfl/dforero/scratch/projects/baosystematics/patchy_results/box1/real/veto/mocks_gal_xyz/CATALPTCICz0.466G960S1848596005.VETO.dat
Number of records: 5849614

Duplicating boundaries for periodic condition
Number of records: 7023566

Building Delaunay Triangulation.
Number of vertices: 7023566
Number of cells: 46781665

Writing to file /home/epfl/dforero/scratch/projects/baosystematics/patchy_results/box1/real/veto/mocks_void_xyz/CATALPTCICz0.466G960S1848596005.VETO.VOID.dat
Writing voids with radius in (-10,1009).
Finished successfully!
2500 -10 1009
Reading file: /home/epfl/dforero/scratch/projects/baosystematics/patchy_results/box1/real/veto/mocks_gal_xyz/CATALPTCICz0.466G960S1852228798.VETO.dat
Number of records: 5860358

Duplicating boundaries for periodic condition
Number of records: 7041716

Building Delaunay Triangulation.
Number of vertices: 7041716
Number of cells: 46906816

Writing to file /home/epfl/dforero/scratch/projects/baosystematics/patchy_results/box1/real/veto/mocks_void_xyz/CATALPTCICz0.466G960S1852228798.VETO.VOID.dat
Writing voids with radius in (-10,1009).
Finished successfully!
