2500 -10 1009
Reading file: /home/epfl/dforero/scratch/projects/baosystematics/patchy_results/box1/real/veto/mocks_gal_xyz/CATALPTCICz0.466G960S732899196.VETO.dat
Number of records: 5860826

Duplicating boundaries for periodic condition
Number of records: 7030760

Building Delaunay Triangulation.
Number of vertices: 7030760
Number of cells: 46828887

Writing to file /home/epfl/dforero/scratch/projects/baosystematics/patchy_results/box1/real/veto/mocks_void_xyz/CATALPTCICz0.466G960S732899196.VETO.VOID.dat
Writing voids with radius in (-10,1009).
Finished successfully!
2500 -10 1009
Reading file: /home/epfl/dforero/scratch/projects/baosystematics/patchy_results/box1/real/veto/mocks_gal_xyz/CATALPTCICz0.466G960S733050440.VETO.dat
Number of records: 5858418

Duplicating boundaries for periodic condition
Number of records: 7046263

Building Delaunay Triangulation.
Number of vertices: 7046263
Number of cells: 46936483

Writing to file /home/epfl/dforero/scratch/projects/baosystematics/patchy_results/box1/real/veto/mocks_void_xyz/CATALPTCICz0.466G960S733050440.VETO.VOID.dat
Writing voids with radius in (-10,1009).
Finished successfully!
2500 -10 1009
Reading file: /home/epfl/dforero/scratch/projects/baosystematics/patchy_results/box1/real/veto/mocks_gal_xyz/CATALPTCICz0.466G960S733458341.VETO.dat
Number of records: 5856670

Duplicating boundaries for periodic condition
Number of records: 7030859

Building Delaunay Triangulation.
Number of vertices: 7030859
Number of cells: 46833934

Writing to file /home/epfl/dforero/scratch/projects/baosystematics/patchy_results/box1/real/veto/mocks_void_xyz/CATALPTCICz0.466G960S733458341.VETO.VOID.dat
Writing voids with radius in (-10,1009).
Finished successfully!
2500 -10 1009
Reading file: /home/epfl/dforero/scratch/projects/baosystematics/patchy_results/box1/real/veto/mocks_gal_xyz/CATALPTCICz0.466G960S734516214.VETO.dat
Number of records: 5858451

Duplicating boundaries for periodic condition
Number of records: 7043832

Building Delaunay Triangulation.
Number of vertices: 7043832
Number of cells: 46918804

Writing to file /home/epfl/dforero/scratch/projects/baosystematics/patchy_results/box1/real/veto/mocks_void_xyz/CATALPTCICz0.466G960S734516214.VETO.VOID.dat
Writing voids with radius in (-10,1009).
Finished successfully!
2500 -10 1009
Reading file: /home/epfl/dforero/scratch/projects/baosystematics/patchy_results/box1/real/veto/mocks_gal_xyz/CATALPTCICz0.466G960S741053657.VETO.dat
Number of records: 5853846

Duplicating boundaries for periodic condition
Number of records: 7021689

Building Delaunay Triangulation.
Number of vertices: 7021689
Number of cells: 46770334

Writing to file /home/epfl/dforero/scratch/projects/baosystematics/patchy_results/box1/real/veto/mocks_void_xyz/CATALPTCICz0.466G960S741053657.VETO.VOID.dat
Writing voids with radius in (-10,1009).
Finished successfully!
2500 -10 1009
Reading file: /home/epfl/dforero/scratch/projects/baosystematics/patchy_results/box1/real/veto/mocks_gal_xyz/CATALPTCICz0.466G960S743708650.VETO.dat
Number of records: 5858068

Duplicating boundaries for periodic condition
Number of records: 7032975

Building Delaunay Triangulation.
Number of vertices: 7032975
Number of cells: 46852010

Writing to file /home/epfl/dforero/scratch/projects/baosystematics/patchy_results/box1/real/veto/mocks_void_xyz/CATALPTCICz0.466G960S743708650.VETO.VOID.dat
Writing voids with radius in (-10,1009).
Finished successfully!
2500 -10 1009
Reading file: /home/epfl/dforero/scratch/projects/baosystematics/patchy_results/box1/real/veto/mocks_gal_xyz/CATALPTCICz0.466G960S750716907.VETO.dat
Number of records: 5857157

Duplicating boundaries for periodic condition
Number of records: 7032554

Building Delaunay Triangulation.
Number of vertices: 7032554
Number of cells: 46840227

Writing to file /home/epfl/dforero/scratch/projects/baosystematics/patchy_results/box1/real/veto/mocks_void_xyz/CATALPTCICz0.466G960S750716907.VETO.VOID.dat
Writing voids with radius in (-10,1009).
Finished successfully!
2500 -10 1009
Reading file: /home/epfl/dforero/scratch/projects/baosystematics/patchy_results/box1/real/veto/mocks_gal_xyz/CATALPTCICz0.466G960S761797766.VETO.dat
Number of records: 5856622

Duplicating boundaries for periodic condition
Number of records: 7039548

Building Delaunay Triangulation.
Number of vertices: 7039548
Number of cells: 46891517

Writing to file /home/epfl/dforero/scratch/projects/baosystematics/patchy_results/box1/real/veto/mocks_void_xyz/CATALPTCICz0.466G960S761797766.VETO.VOID.dat
Writing voids with radius in (-10,1009).
Finished successfully!
2500 -10 1009
Reading file: /home/epfl/dforero/scratch/projects/baosystematics/patchy_results/box1/real/veto/mocks_gal_xyz/CATALPTCICz0.466G960S763638731.VETO.dat
Number of records: 5858203

Duplicating boundaries for periodic condition
Number of records: 7035439

Building Delaunay Triangulation.
Number of vertices: 7035439
Number of cells: 46860959

Writing to file /home/epfl/dforero/scratch/projects/baosystematics/patchy_results/box1/real/veto/mocks_void_xyz/CATALPTCICz0.466G960S763638731.VETO.VOID.dat
Writing voids with radius in (-10,1009).
Finished successfully!
2500 -10 1009
Reading file: /home/epfl/dforero/scratch/projects/baosystematics/patchy_results/box1/real/veto/mocks_gal_xyz/CATALPTCICz0.466G960S773605341.VETO.dat
Number of records: 5856517

Duplicating boundaries for periodic condition
Number of records: 7027402

Building Delaunay Triangulation.
Number of vertices: 7027402
Number of cells: 46806741

Writing to file /home/epfl/dforero/scratch/projects/baosystematics/patchy_results/box1/real/veto/mocks_void_xyz/CATALPTCICz0.466G960S773605341.VETO.VOID.dat
Writing voids with radius in (-10,1009).
Finished successfully!
