2500 -10 1009
Reading file: /home/epfl/dforero/scratch/projects/baosystematics/patchy_results/box1/real/vetoang/mocks_gal_xyz/CATALPTCICz0.466G960S216299789.VETO_ANG.dat
Number of records: 5560329

Duplicating boundaries for periodic condition
Number of records: 6701655

Building Delaunay Triangulation.
Number of vertices: 6701655
Number of cells: 44653203

Writing to file /home/epfl/dforero/scratch/projects/baosystematics/patchy_results/box1/real/vetoang/mocks_void_xyz/CATALPTCICz0.466G960S216299789.VETO_ANG.VOID.dat
Writing voids with radius in (-10,1009).
Finished successfully!
2500 -10 1009
Reading file: /home/epfl/dforero/scratch/projects/baosystematics/patchy_results/box1/real/vetoang/mocks_gal_xyz/CATALPTCICz0.466G960S218944817.VETO_ANG.dat
Number of records: 5557444

Duplicating boundaries for periodic condition
Number of records: 6694999

Building Delaunay Triangulation.
Number of vertices: 6694999
Number of cells: 44613286

Writing to file /home/epfl/dforero/scratch/projects/baosystematics/patchy_results/box1/real/vetoang/mocks_void_xyz/CATALPTCICz0.466G960S218944817.VETO_ANG.VOID.dat
Writing voids with radius in (-10,1009).
Finished successfully!
2500 -10 1009
Reading file: /home/epfl/dforero/scratch/projects/baosystematics/patchy_results/box1/real/vetoang/mocks_gal_xyz/CATALPTCICz0.466G960S220034993.VETO_ANG.dat
Number of records: 5557413

Duplicating boundaries for periodic condition
Number of records: 6698550

Building Delaunay Triangulation.
Number of vertices: 6698550
Number of cells: 44632415

Writing to file /home/epfl/dforero/scratch/projects/baosystematics/patchy_results/box1/real/vetoang/mocks_void_xyz/CATALPTCICz0.466G960S220034993.VETO_ANG.VOID.dat
Writing voids with radius in (-10,1009).
Finished successfully!
2500 -10 1009
Reading file: /home/epfl/dforero/scratch/projects/baosystematics/patchy_results/box1/real/vetoang/mocks_gal_xyz/CATALPTCICz0.466G960S231824037.VETO_ANG.dat
Number of records: 5560004

Duplicating boundaries for periodic condition
Number of records: 6703058

Building Delaunay Triangulation.
Number of vertices: 6703058
Number of cells: 44662541

Writing to file /home/epfl/dforero/scratch/projects/baosystematics/patchy_results/box1/real/vetoang/mocks_void_xyz/CATALPTCICz0.466G960S231824037.VETO_ANG.VOID.dat
Writing voids with radius in (-10,1009).
Finished successfully!
2500 -10 1009
Reading file: /home/epfl/dforero/scratch/projects/baosystematics/patchy_results/box1/real/vetoang/mocks_gal_xyz/CATALPTCICz0.466G960S237524283.VETO_ANG.dat
Number of records: 5556985

Duplicating boundaries for periodic condition
Number of records: 6695399

Building Delaunay Triangulation.
Number of vertices: 6695399
Number of cells: 44610731

Writing to file /home/epfl/dforero/scratch/projects/baosystematics/patchy_results/box1/real/vetoang/mocks_void_xyz/CATALPTCICz0.466G960S237524283.VETO_ANG.VOID.dat
Writing voids with radius in (-10,1009).
Finished successfully!
2500 -10 1009
Reading file: /home/epfl/dforero/scratch/projects/baosystematics/patchy_results/box1/real/vetoang/mocks_gal_xyz/CATALPTCICz0.466G960S241248101.VETO_ANG.dat
Number of records: 5554667

Duplicating boundaries for periodic condition
Number of records: 6701479

Building Delaunay Triangulation.
Number of vertices: 6701479
Number of cells: 44658679

Writing to file /home/epfl/dforero/scratch/projects/baosystematics/patchy_results/box1/real/vetoang/mocks_void_xyz/CATALPTCICz0.466G960S241248101.VETO_ANG.VOID.dat
Writing voids with radius in (-10,1009).
Finished successfully!
2500 -10 1009
Reading file: /home/epfl/dforero/scratch/projects/baosystematics/patchy_results/box1/real/vetoang/mocks_gal_xyz/CATALPTCICz0.466G960S246409002.VETO_ANG.dat
Number of records: 5556799

Duplicating boundaries for periodic condition
Number of records: 6710423

Building Delaunay Triangulation.
Number of vertices: 6710423
Number of cells: 44708280

Writing to file /home/epfl/dforero/scratch/projects/baosystematics/patchy_results/box1/real/vetoang/mocks_void_xyz/CATALPTCICz0.466G960S246409002.VETO_ANG.VOID.dat
Writing voids with radius in (-10,1009).
Finished successfully!
2500 -10 1009
Reading file: /home/epfl/dforero/scratch/projects/baosystematics/patchy_results/box1/real/vetoang/mocks_gal_xyz/CATALPTCICz0.466G960S246613418.VETO_ANG.dat
Number of records: 5557274

Duplicating boundaries for periodic condition
Number of records: 6715178

Building Delaunay Triangulation.
Number of vertices: 6715178
Number of cells: 44746642

Writing to file /home/epfl/dforero/scratch/projects/baosystematics/patchy_results/box1/real/vetoang/mocks_void_xyz/CATALPTCICz0.466G960S246613418.VETO_ANG.VOID.dat
Writing voids with radius in (-10,1009).
Finished successfully!
2500 -10 1009
Reading file: /home/epfl/dforero/scratch/projects/baosystematics/patchy_results/box1/real/vetoang/mocks_gal_xyz/CATALPTCICz0.466G960S246847567.VETO_ANG.dat
Number of records: 5560206

Duplicating boundaries for periodic condition
Number of records: 6713789

Building Delaunay Triangulation.
Number of vertices: 6713789
Number of cells: 44739213

Writing to file /home/epfl/dforero/scratch/projects/baosystematics/patchy_results/box1/real/vetoang/mocks_void_xyz/CATALPTCICz0.466G960S246847567.VETO_ANG.VOID.dat
Writing voids with radius in (-10,1009).
Finished successfully!
2500 -10 1009
Reading file: /home/epfl/dforero/scratch/projects/baosystematics/patchy_results/box1/real/vetoang/mocks_gal_xyz/CATALPTCICz0.466G960S254190428.VETO_ANG.dat
Number of records: 5557127

Duplicating boundaries for periodic condition
Number of records: 6706019

Building Delaunay Triangulation.
Number of vertices: 6706019
Number of cells: 44692855

Writing to file /home/epfl/dforero/scratch/projects/baosystematics/patchy_results/box1/real/vetoang/mocks_void_xyz/CATALPTCICz0.466G960S254190428.VETO_ANG.VOID.dat
Writing voids with radius in (-10,1009).
Finished successfully!
