2500 -10 1009
Reading file: /home/epfl/dforero/scratch/projects/baosystematics/patchy_results/box1/real/vetoang/mocks_gal_xyz/CATALPTCICz0.466G960S1888203641.VETO_ANG.dat
Number of records: 5559566

Duplicating boundaries for periodic condition
Number of records: 6700746

Building Delaunay Triangulation.
Number of vertices: 6700746
Number of cells: 44652188

Writing to file /home/epfl/dforero/scratch/projects/baosystematics/patchy_results/box1/real/vetoang/mocks_void_xyz/CATALPTCICz0.466G960S1888203641.VETO_ANG.VOID.dat
Writing voids with radius in (-10,1009).
Finished successfully!
2500 -10 1009
Reading file: /home/epfl/dforero/scratch/projects/baosystematics/patchy_results/box1/real/vetoang/mocks_gal_xyz/CATALPTCICz0.466G960S1897253935.VETO_ANG.dat
Number of records: 5558140

Duplicating boundaries for periodic condition
Number of records: 6701767

Building Delaunay Triangulation.
Number of vertices: 6701767
Number of cells: 44658830

Writing to file /home/epfl/dforero/scratch/projects/baosystematics/patchy_results/box1/real/vetoang/mocks_void_xyz/CATALPTCICz0.466G960S1897253935.VETO_ANG.VOID.dat
Writing voids with radius in (-10,1009).
Finished successfully!
2500 -10 1009
Reading file: /home/epfl/dforero/scratch/projects/baosystematics/patchy_results/box1/real/vetoang/mocks_gal_xyz/CATALPTCICz0.466G960S1927411616.VETO_ANG.dat
Number of records: 5559187

Duplicating boundaries for periodic condition
Number of records: 6708367

Building Delaunay Triangulation.
Number of vertices: 6708367
Number of cells: 44707384

Writing to file /home/epfl/dforero/scratch/projects/baosystematics/patchy_results/box1/real/vetoang/mocks_void_xyz/CATALPTCICz0.466G960S1927411616.VETO_ANG.VOID.dat
Writing voids with radius in (-10,1009).
Finished successfully!
2500 -10 1009
Reading file: /home/epfl/dforero/scratch/projects/baosystematics/patchy_results/box1/real/vetoang/mocks_gal_xyz/CATALPTCICz0.466G960S1928615245.VETO_ANG.dat
Number of records: 5560306

Duplicating boundaries for periodic condition
Number of records: 6708779

Building Delaunay Triangulation.
Number of vertices: 6708779
Number of cells: 44706912

Writing to file /home/epfl/dforero/scratch/projects/baosystematics/patchy_results/box1/real/vetoang/mocks_void_xyz/CATALPTCICz0.466G960S1928615245.VETO_ANG.VOID.dat
Writing voids with radius in (-10,1009).
Finished successfully!
2500 -10 1009
Reading file: /home/epfl/dforero/scratch/projects/baosystematics/patchy_results/box1/real/vetoang/mocks_gal_xyz/CATALPTCICz0.466G960S1932672395.VETO_ANG.dat
Number of records: 5555463

Duplicating boundaries for periodic condition
Number of records: 6702978

Building Delaunay Triangulation.
Number of vertices: 6702978
Number of cells: 44666472

Writing to file /home/epfl/dforero/scratch/projects/baosystematics/patchy_results/box1/real/vetoang/mocks_void_xyz/CATALPTCICz0.466G960S1932672395.VETO_ANG.VOID.dat
Writing voids with radius in (-10,1009).
Finished successfully!
2500 -10 1009
Reading file: /home/epfl/dforero/scratch/projects/baosystematics/patchy_results/box1/real/vetoang/mocks_gal_xyz/CATALPTCICz0.466G960S1936779850.VETO_ANG.dat
Number of records: 5558701

Duplicating boundaries for periodic condition
Number of records: 6707621

Building Delaunay Triangulation.
Number of vertices: 6707621
Number of cells: 44697074

Writing to file /home/epfl/dforero/scratch/projects/baosystematics/patchy_results/box1/real/vetoang/mocks_void_xyz/CATALPTCICz0.466G960S1936779850.VETO_ANG.VOID.dat
Writing voids with radius in (-10,1009).
Finished successfully!
2500 -10 1009
Reading file: /home/epfl/dforero/scratch/projects/baosystematics/patchy_results/box1/real/vetoang/mocks_gal_xyz/CATALPTCICz0.466G960S1941846360.VETO_ANG.dat
Number of records: 5562286

Duplicating boundaries for periodic condition
Number of records: 6711394

Building Delaunay Triangulation.
Number of vertices: 6711394
Number of cells: 44716711

Writing to file /home/epfl/dforero/scratch/projects/baosystematics/patchy_results/box1/real/vetoang/mocks_void_xyz/CATALPTCICz0.466G960S1941846360.VETO_ANG.VOID.dat
Writing voids with radius in (-10,1009).
Finished successfully!
2500 -10 1009
Reading file: /home/epfl/dforero/scratch/projects/baosystematics/patchy_results/box1/real/vetoang/mocks_gal_xyz/CATALPTCICz0.466G960S1942615915.VETO_ANG.dat
Number of records: 5556254

Duplicating boundaries for periodic condition
Number of records: 6702184

Building Delaunay Triangulation.
Number of vertices: 6702184
Number of cells: 44659598

Writing to file /home/epfl/dforero/scratch/projects/baosystematics/patchy_results/box1/real/vetoang/mocks_void_xyz/CATALPTCICz0.466G960S1942615915.VETO_ANG.VOID.dat
Writing voids with radius in (-10,1009).
Finished successfully!
2500 -10 1009
Reading file: /home/epfl/dforero/scratch/projects/baosystematics/patchy_results/box1/real/vetoang/mocks_gal_xyz/CATALPTCICz0.466G960S1942922759.VETO_ANG.dat
Number of records: 5559528

Duplicating boundaries for periodic condition
Number of records: 6711273

Building Delaunay Triangulation.
Number of vertices: 6711273
Number of cells: 44723556

Writing to file /home/epfl/dforero/scratch/projects/baosystematics/patchy_results/box1/real/vetoang/mocks_void_xyz/CATALPTCICz0.466G960S1942922759.VETO_ANG.VOID.dat
Writing voids with radius in (-10,1009).
Finished successfully!
2500 -10 1009
Reading file: /home/epfl/dforero/scratch/projects/baosystematics/patchy_results/box1/real/vetoang/mocks_gal_xyz/CATALPTCICz0.466G960S1947502558.VETO_ANG.dat
Number of records: 5557530

Duplicating boundaries for periodic condition
Number of records: 6709487

Building Delaunay Triangulation.
Number of vertices: 6709487
Number of cells: 44705316

Writing to file /home/epfl/dforero/scratch/projects/baosystematics/patchy_results/box1/real/vetoang/mocks_void_xyz/CATALPTCICz0.466G960S1947502558.VETO_ANG.VOID.dat
Writing voids with radius in (-10,1009).
Finished successfully!
