2500 -10 1009
Reading file: /home/epfl/dforero/scratch/projects/baosystematics/patchy_results/box1/real/veto/mocks_gal_xyz/CATALPTCICz0.466G960S421276272.VETO.dat
Number of records: 5853133

Duplicating boundaries for periodic condition
Number of records: 7029762

Building Delaunay Triangulation.
Number of vertices: 7029762
Number of cells: 46820167

Writing to file /home/epfl/dforero/scratch/projects/baosystematics/patchy_results/box1/real/veto/mocks_void_xyz/CATALPTCICz0.466G960S421276272.VETO.VOID.dat
Writing voids with radius in (-10,1009).
Finished successfully!
2500 -10 1009
Reading file: /home/epfl/dforero/scratch/projects/baosystematics/patchy_results/box1/real/veto/mocks_gal_xyz/CATALPTCICz0.466G960S423681919.VETO.dat
Number of records: 5858120

Duplicating boundaries for periodic condition
Number of records: 7039110

Building Delaunay Triangulation.
Number of vertices: 7039110
Number of cells: 46889368

Writing to file /home/epfl/dforero/scratch/projects/baosystematics/patchy_results/box1/real/veto/mocks_void_xyz/CATALPTCICz0.466G960S423681919.VETO.VOID.dat
Writing voids with radius in (-10,1009).
Finished successfully!
2500 -10 1009
Reading file: /home/epfl/dforero/scratch/projects/baosystematics/patchy_results/box1/real/veto/mocks_gal_xyz/CATALPTCICz0.466G960S442279074.VETO.dat
Number of records: 5861010

Duplicating boundaries for periodic condition
Number of records: 7026980

Building Delaunay Triangulation.
Number of vertices: 7026980
Number of cells: 46814260

Writing to file /home/epfl/dforero/scratch/projects/baosystematics/patchy_results/box1/real/veto/mocks_void_xyz/CATALPTCICz0.466G960S442279074.VETO.VOID.dat
Writing voids with radius in (-10,1009).
Finished successfully!
2500 -10 1009
Reading file: /home/epfl/dforero/scratch/projects/baosystematics/patchy_results/box1/real/veto/mocks_gal_xyz/CATALPTCICz0.466G960S444792914.VETO.dat
Number of records: 5854643

Duplicating boundaries for periodic condition
Number of records: 7030050

Building Delaunay Triangulation.
Number of vertices: 7030050
Number of cells: 46826326

Writing to file /home/epfl/dforero/scratch/projects/baosystematics/patchy_results/box1/real/veto/mocks_void_xyz/CATALPTCICz0.466G960S444792914.VETO.VOID.dat
Writing voids with radius in (-10,1009).
Finished successfully!
2500 -10 1009
Reading file: /home/epfl/dforero/scratch/projects/baosystematics/patchy_results/box1/real/veto/mocks_gal_xyz/CATALPTCICz0.466G960S447955535.VETO.dat
Number of records: 5857524

Duplicating boundaries for periodic condition
Number of records: 7031721

Building Delaunay Triangulation.
Number of vertices: 7031721
Number of cells: 46849287

Writing to file /home/epfl/dforero/scratch/projects/baosystematics/patchy_results/box1/real/veto/mocks_void_xyz/CATALPTCICz0.466G960S447955535.VETO.VOID.dat
Writing voids with radius in (-10,1009).
Finished successfully!
2500 -10 1009
Reading file: /home/epfl/dforero/scratch/projects/baosystematics/patchy_results/box1/real/veto/mocks_gal_xyz/CATALPTCICz0.466G960S452977852.VETO.dat
Number of records: 5854390

Duplicating boundaries for periodic condition
Number of records: 7030097

Building Delaunay Triangulation.
Number of vertices: 7030097
Number of cells: 46829614

Writing to file /home/epfl/dforero/scratch/projects/baosystematics/patchy_results/box1/real/veto/mocks_void_xyz/CATALPTCICz0.466G960S452977852.VETO.VOID.dat
Writing voids with radius in (-10,1009).
Finished successfully!
2500 -10 1009
Reading file: /home/epfl/dforero/scratch/projects/baosystematics/patchy_results/box1/real/veto/mocks_gal_xyz/CATALPTCICz0.466G960S453541345.VETO.dat
Number of records: 5855706

Duplicating boundaries for periodic condition
Number of records: 7028395

Building Delaunay Triangulation.
Number of vertices: 7028395
Number of cells: 46819426

Writing to file /home/epfl/dforero/scratch/projects/baosystematics/patchy_results/box1/real/veto/mocks_void_xyz/CATALPTCICz0.466G960S453541345.VETO.VOID.dat
Writing voids with radius in (-10,1009).
Finished successfully!
2500 -10 1009
Reading file: /home/epfl/dforero/scratch/projects/baosystematics/patchy_results/box1/real/veto/mocks_gal_xyz/CATALPTCICz0.466G960S454223686.VETO.dat
Number of records: 5852837

Duplicating boundaries for periodic condition
Number of records: 7019120

Building Delaunay Triangulation.
Number of vertices: 7019120
Number of cells: 46763883

Writing to file /home/epfl/dforero/scratch/projects/baosystematics/patchy_results/box1/real/veto/mocks_void_xyz/CATALPTCICz0.466G960S454223686.VETO.VOID.dat
Writing voids with radius in (-10,1009).
Finished successfully!
2500 -10 1009
Reading file: /home/epfl/dforero/scratch/projects/baosystematics/patchy_results/box1/real/veto/mocks_gal_xyz/CATALPTCICz0.466G960S456427750.VETO.dat
Number of records: 5857603

Duplicating boundaries for periodic condition
Number of records: 7036032

Building Delaunay Triangulation.
Number of vertices: 7036032
Number of cells: 46869762

Writing to file /home/epfl/dforero/scratch/projects/baosystematics/patchy_results/box1/real/veto/mocks_void_xyz/CATALPTCICz0.466G960S456427750.VETO.VOID.dat
Writing voids with radius in (-10,1009).
Finished successfully!
2500 -10 1009
Reading file: /home/epfl/dforero/scratch/projects/baosystematics/patchy_results/box1/real/veto/mocks_gal_xyz/CATALPTCICz0.466G960S46884014.VETO.dat
Number of records: 5854863

Duplicating boundaries for periodic condition
Number of records: 7037001

Building Delaunay Triangulation.
Number of vertices: 7037001
Number of cells: 46870280

Writing to file /home/epfl/dforero/scratch/projects/baosystematics/patchy_results/box1/real/veto/mocks_void_xyz/CATALPTCICz0.466G960S46884014.VETO.VOID.dat
Writing voids with radius in (-10,1009).
Finished successfully!
