2500 -10 1009
Reading file: /home/epfl/dforero/scratch/projects/baosystematics/patchy_results/box1/real/veto/mocks_gal_xyz/CATALPTCICz0.466G960S77766309.VETO.dat
Number of records: 5855122

Duplicating boundaries for periodic condition
Number of records: 7034415

Building Delaunay Triangulation.
Number of vertices: 7034415
Number of cells: 46855781

Writing to file /home/epfl/dforero/scratch/projects/baosystematics/patchy_results/box1/real/veto/mocks_void_xyz/CATALPTCICz0.466G960S77766309.VETO.VOID.dat
Writing voids with radius in (-10,1009).
Finished successfully!
2500 -10 1009
Reading file: /home/epfl/dforero/scratch/projects/baosystematics/patchy_results/box1/real/veto/mocks_gal_xyz/CATALPTCICz0.466G960S780019608.VETO.dat
Number of records: 5857722

Duplicating boundaries for periodic condition
Number of records: 7028943

Building Delaunay Triangulation.
Number of vertices: 7028943
Number of cells: 46823010

Writing to file /home/epfl/dforero/scratch/projects/baosystematics/patchy_results/box1/real/veto/mocks_void_xyz/CATALPTCICz0.466G960S780019608.VETO.VOID.dat
Writing voids with radius in (-10,1009).
Finished successfully!
2500 -10 1009
Reading file: /home/epfl/dforero/scratch/projects/baosystematics/patchy_results/box1/real/veto/mocks_gal_xyz/CATALPTCICz0.466G960S782078129.VETO.dat
Number of records: 5859823

Duplicating boundaries for periodic condition
Number of records: 7039391

Building Delaunay Triangulation.
Number of vertices: 7039391
Number of cells: 46893992

Writing to file /home/epfl/dforero/scratch/projects/baosystematics/patchy_results/box1/real/veto/mocks_void_xyz/CATALPTCICz0.466G960S782078129.VETO.VOID.dat
Writing voids with radius in (-10,1009).
Finished successfully!
2500 -10 1009
Reading file: /home/epfl/dforero/scratch/projects/baosystematics/patchy_results/box1/real/veto/mocks_gal_xyz/CATALPTCICz0.466G960S793081490.VETO.dat
Number of records: 5858079

Duplicating boundaries for periodic condition
Number of records: 7039932

Building Delaunay Triangulation.
Number of vertices: 7039932
Number of cells: 46893141

Writing to file /home/epfl/dforero/scratch/projects/baosystematics/patchy_results/box1/real/veto/mocks_void_xyz/CATALPTCICz0.466G960S793081490.VETO.VOID.dat
Writing voids with radius in (-10,1009).
Finished successfully!
2500 -10 1009
Reading file: /home/epfl/dforero/scratch/projects/baosystematics/patchy_results/box1/real/veto/mocks_gal_xyz/CATALPTCICz0.466G960S793713103.VETO.dat
Number of records: 5850777

Duplicating boundaries for periodic condition
Number of records: 7024150

Building Delaunay Triangulation.
Number of vertices: 7024150
Number of cells: 46784218

Writing to file /home/epfl/dforero/scratch/projects/baosystematics/patchy_results/box1/real/veto/mocks_void_xyz/CATALPTCICz0.466G960S793713103.VETO.VOID.dat
Writing voids with radius in (-10,1009).
Finished successfully!
2500 -10 1009
Reading file: /home/epfl/dforero/scratch/projects/baosystematics/patchy_results/box1/real/veto/mocks_gal_xyz/CATALPTCICz0.466G960S794721539.VETO.dat
Number of records: 5857920

Duplicating boundaries for periodic condition
Number of records: 7038558

Building Delaunay Triangulation.
Number of vertices: 7038558
Number of cells: 46885119

Writing to file /home/epfl/dforero/scratch/projects/baosystematics/patchy_results/box1/real/veto/mocks_void_xyz/CATALPTCICz0.466G960S794721539.VETO.VOID.dat
Writing voids with radius in (-10,1009).
Finished successfully!
2500 -10 1009
Reading file: /home/epfl/dforero/scratch/projects/baosystematics/patchy_results/box1/real/veto/mocks_gal_xyz/CATALPTCICz0.466G960S808034740.VETO.dat
Number of records: 5858940

Duplicating boundaries for periodic condition
Number of records: 7032881

Building Delaunay Triangulation.
Number of vertices: 7032881
Number of cells: 46844996

Writing to file /home/epfl/dforero/scratch/projects/baosystematics/patchy_results/box1/real/veto/mocks_void_xyz/CATALPTCICz0.466G960S808034740.VETO.VOID.dat
Writing voids with radius in (-10,1009).
Finished successfully!
2500 -10 1009
Reading file: /home/epfl/dforero/scratch/projects/baosystematics/patchy_results/box1/real/veto/mocks_gal_xyz/CATALPTCICz0.466G960S814764424.VETO.dat
Number of records: 5860799

Duplicating boundaries for periodic condition
Number of records: 7027958

Building Delaunay Triangulation.
Number of vertices: 7027958
Number of cells: 46814006

Writing to file /home/epfl/dforero/scratch/projects/baosystematics/patchy_results/box1/real/veto/mocks_void_xyz/CATALPTCICz0.466G960S814764424.VETO.VOID.dat
Writing voids with radius in (-10,1009).
Finished successfully!
2500 -10 1009
Reading file: /home/epfl/dforero/scratch/projects/baosystematics/patchy_results/box1/real/veto/mocks_gal_xyz/CATALPTCICz0.466G960S824062495.VETO.dat
Number of records: 5857140

Duplicating boundaries for periodic condition
Number of records: 7023404

Building Delaunay Triangulation.
Number of vertices: 7023404
Number of cells: 46785691

Writing to file /home/epfl/dforero/scratch/projects/baosystematics/patchy_results/box1/real/veto/mocks_void_xyz/CATALPTCICz0.466G960S824062495.VETO.VOID.dat
Writing voids with radius in (-10,1009).
Finished successfully!
2500 -10 1009
Reading file: /home/epfl/dforero/scratch/projects/baosystematics/patchy_results/box1/real/veto/mocks_gal_xyz/CATALPTCICz0.466G960S82515621.VETO.dat
Number of records: 5856922

Duplicating boundaries for periodic condition
Number of records: 7041200

Building Delaunay Triangulation.
Number of vertices: 7041200
Number of cells: 46899681

Writing to file /home/epfl/dforero/scratch/projects/baosystematics/patchy_results/box1/real/veto/mocks_void_xyz/CATALPTCICz0.466G960S82515621.VETO.VOID.dat
Writing voids with radius in (-10,1009).
Finished successfully!
