2500 -10 1009
Reading file: /home/epfl/dforero/scratch/projects/baosystematics/patchy_results/box1/real/ang/mocks_gal_xyz/CATALPTCICz0.466G960S882848105.ANG.dat
Number of records: 5897380

Duplicating boundaries for periodic condition
Number of records: 7137229

Building Delaunay Triangulation.
Number of vertices: 7137229
Number of cells: 47573833

Writing to file /home/epfl/dforero/scratch/projects/baosystematics/patchy_results/box1/real/ang/mocks_void_xyz/CATALPTCICz0.466G960S882848105.ANG.VOID.dat
Writing voids with radius in (-10,1009).
Finished successfully!
2500 -10 1009
Reading file: /home/epfl/dforero/scratch/projects/baosystematics/patchy_results/box1/real/ang/mocks_gal_xyz/CATALPTCICz0.466G960S889288774.ANG.dat
Number of records: 5898064

Duplicating boundaries for periodic condition
Number of records: 7135652

Building Delaunay Triangulation.
Number of vertices: 7135652
Number of cells: 47570431

Writing to file /home/epfl/dforero/scratch/projects/baosystematics/patchy_results/box1/real/ang/mocks_void_xyz/CATALPTCICz0.466G960S889288774.ANG.VOID.dat
Writing voids with radius in (-10,1009).
Finished successfully!
2500 -10 1009
Reading file: /home/epfl/dforero/scratch/projects/baosystematics/patchy_results/box1/real/ang/mocks_gal_xyz/CATALPTCICz0.466G960S892584783.ANG.dat
Number of records: 5899262

Duplicating boundaries for periodic condition
Number of records: 7140937

Building Delaunay Triangulation.
Number of vertices: 7140937
Number of cells: 47610361

Writing to file /home/epfl/dforero/scratch/projects/baosystematics/patchy_results/box1/real/ang/mocks_void_xyz/CATALPTCICz0.466G960S892584783.ANG.VOID.dat
Writing voids with radius in (-10,1009).
Finished successfully!
2500 -10 1009
Reading file: /home/epfl/dforero/scratch/projects/baosystematics/patchy_results/box1/real/ang/mocks_gal_xyz/CATALPTCICz0.466G960S902626519.ANG.dat
Number of records: 5896797

Duplicating boundaries for periodic condition
Number of records: 7134418

Building Delaunay Triangulation.
Number of vertices: 7134418
Number of cells: 47562740

Writing to file /home/epfl/dforero/scratch/projects/baosystematics/patchy_results/box1/real/ang/mocks_void_xyz/CATALPTCICz0.466G960S902626519.ANG.VOID.dat
Writing voids with radius in (-10,1009).
Finished successfully!
2500 -10 1009
Reading file: /home/epfl/dforero/scratch/projects/baosystematics/patchy_results/box1/real/ang/mocks_gal_xyz/CATALPTCICz0.466G960S903542203.ANG.dat
Number of records: 5897155

Duplicating boundaries for periodic condition
Number of records: 7135224

Building Delaunay Triangulation.
Number of vertices: 7135224
Number of cells: 47574525

Writing to file /home/epfl/dforero/scratch/projects/baosystematics/patchy_results/box1/real/ang/mocks_void_xyz/CATALPTCICz0.466G960S903542203.ANG.VOID.dat
Writing voids with radius in (-10,1009).
Finished successfully!
2500 -10 1009
Reading file: /home/epfl/dforero/scratch/projects/baosystematics/patchy_results/box1/real/ang/mocks_gal_xyz/CATALPTCICz0.466G960S908161114.ANG.dat
Number of records: 5900107

Duplicating boundaries for periodic condition
Number of records: 7149056

Building Delaunay Triangulation.
Number of vertices: 7149056
Number of cells: 47667523

Writing to file /home/epfl/dforero/scratch/projects/baosystematics/patchy_results/box1/real/ang/mocks_void_xyz/CATALPTCICz0.466G960S908161114.ANG.VOID.dat
Writing voids with radius in (-10,1009).
Finished successfully!
2500 -10 1009
Reading file: /home/epfl/dforero/scratch/projects/baosystematics/patchy_results/box1/real/ang/mocks_gal_xyz/CATALPTCICz0.466G960S913643544.ANG.dat
Number of records: 5897062

Duplicating boundaries for periodic condition
Number of records: 7145730

Building Delaunay Triangulation.
Number of vertices: 7145730
Number of cells: 47635789

Writing to file /home/epfl/dforero/scratch/projects/baosystematics/patchy_results/box1/real/ang/mocks_void_xyz/CATALPTCICz0.466G960S913643544.ANG.VOID.dat
Writing voids with radius in (-10,1009).
Finished successfully!
2500 -10 1009
Reading file: /home/epfl/dforero/scratch/projects/baosystematics/patchy_results/box1/real/ang/mocks_gal_xyz/CATALPTCICz0.466G960S917280234.ANG.dat
Number of records: 5898638

Duplicating boundaries for periodic condition
Number of records: 7138509

Building Delaunay Triangulation.
Number of vertices: 7138509
Number of cells: 47585183

Writing to file /home/epfl/dforero/scratch/projects/baosystematics/patchy_results/box1/real/ang/mocks_void_xyz/CATALPTCICz0.466G960S917280234.ANG.VOID.dat
Writing voids with radius in (-10,1009).
Finished successfully!
2500 -10 1009
Reading file: /home/epfl/dforero/scratch/projects/baosystematics/patchy_results/box1/real/ang/mocks_gal_xyz/CATALPTCICz0.466G960S92631322.ANG.dat
Number of records: 5896292

Duplicating boundaries for periodic condition
Number of records: 7136822

Building Delaunay Triangulation.
Number of vertices: 7136822
Number of cells: 47579621

Writing to file /home/epfl/dforero/scratch/projects/baosystematics/patchy_results/box1/real/ang/mocks_void_xyz/CATALPTCICz0.466G960S92631322.ANG.VOID.dat
Writing voids with radius in (-10,1009).
Finished successfully!
2500 -10 1009
Reading file: /home/epfl/dforero/scratch/projects/baosystematics/patchy_results/box1/real/ang/mocks_gal_xyz/CATALPTCICz0.466G960S928548597.ANG.dat
Number of records: 5898761

Duplicating boundaries for periodic condition
Number of records: 7148763

Building Delaunay Triangulation.
Number of vertices: 7148763
Number of cells: 47657270

Writing to file /home/epfl/dforero/scratch/projects/baosystematics/patchy_results/box1/real/ang/mocks_void_xyz/CATALPTCICz0.466G960S928548597.ANG.VOID.dat
Writing voids with radius in (-10,1009).
Finished successfully!
