2500 -10 1009
Reading file: /home/epfl/dforero/scratch/projects/baosystematics/patchy_results/box1/real/ang/mocks_gal_xyz/CATALPTCICz0.466G960S1137451315.ANG.dat
Number of records: 5899182

Duplicating boundaries for periodic condition
Number of records: 7130050

Building Delaunay Triangulation.
Number of vertices: 7130050
Number of cells: 47529388

Writing to file /home/epfl/dforero/scratch/projects/baosystematics/patchy_results/box1/real/ang/mocks_void_xyz/CATALPTCICz0.466G960S1137451315.ANG.VOID.dat
Writing voids with radius in (-10,1009).
Finished successfully!
2500 -10 1009
Reading file: /home/epfl/dforero/scratch/projects/baosystematics/patchy_results/box1/real/ang/mocks_gal_xyz/CATALPTCICz0.466G960S1141072742.ANG.dat
Number of records: 5895017

Duplicating boundaries for periodic condition
Number of records: 7125850

Building Delaunay Triangulation.
Number of vertices: 7125850
Number of cells: 47509826

Writing to file /home/epfl/dforero/scratch/projects/baosystematics/patchy_results/box1/real/ang/mocks_void_xyz/CATALPTCICz0.466G960S1141072742.ANG.VOID.dat
Writing voids with radius in (-10,1009).
Finished successfully!
2500 -10 1009
Reading file: /home/epfl/dforero/scratch/projects/baosystematics/patchy_results/box1/real/ang/mocks_gal_xyz/CATALPTCICz0.466G960S114138117.ANG.dat
Number of records: 5896043

Duplicating boundaries for periodic condition
Number of records: 7136190

Building Delaunay Triangulation.
Number of vertices: 7136190
Number of cells: 47581616

Writing to file /home/epfl/dforero/scratch/projects/baosystematics/patchy_results/box1/real/ang/mocks_void_xyz/CATALPTCICz0.466G960S114138117.ANG.VOID.dat
Writing voids with radius in (-10,1009).
Finished successfully!
2500 -10 1009
Reading file: /home/epfl/dforero/scratch/projects/baosystematics/patchy_results/box1/real/ang/mocks_gal_xyz/CATALPTCICz0.466G960S114530336.ANG.dat
Number of records: 5901241

Duplicating boundaries for periodic condition
Number of records: 7142619

Building Delaunay Triangulation.
Number of vertices: 7142619
Number of cells: 47621201

Writing to file /home/epfl/dforero/scratch/projects/baosystematics/patchy_results/box1/real/ang/mocks_void_xyz/CATALPTCICz0.466G960S114530336.ANG.VOID.dat
Writing voids with radius in (-10,1009).
Finished successfully!
2500 -10 1009
Reading file: /home/epfl/dforero/scratch/projects/baosystematics/patchy_results/box1/real/ang/mocks_gal_xyz/CATALPTCICz0.466G960S1146279901.ANG.dat
Number of records: 5899944

Duplicating boundaries for periodic condition
Number of records: 7143073

Building Delaunay Triangulation.
Number of vertices: 7143073
Number of cells: 47615012

Writing to file /home/epfl/dforero/scratch/projects/baosystematics/patchy_results/box1/real/ang/mocks_void_xyz/CATALPTCICz0.466G960S1146279901.ANG.VOID.dat
Writing voids with radius in (-10,1009).
Finished successfully!
2500 -10 1009
Reading file: /home/epfl/dforero/scratch/projects/baosystematics/patchy_results/box1/real/ang/mocks_gal_xyz/CATALPTCICz0.466G960S1158360484.ANG.dat
Number of records: 5898533

Duplicating boundaries for periodic condition
Number of records: 7139312

Building Delaunay Triangulation.
Number of vertices: 7139312
Number of cells: 47603502

Writing to file /home/epfl/dforero/scratch/projects/baosystematics/patchy_results/box1/real/ang/mocks_void_xyz/CATALPTCICz0.466G960S1158360484.ANG.VOID.dat
Writing voids with radius in (-10,1009).
Finished successfully!
2500 -10 1009
Reading file: /home/epfl/dforero/scratch/projects/baosystematics/patchy_results/box1/real/ang/mocks_gal_xyz/CATALPTCICz0.466G960S1170957577.ANG.dat
Number of records: 5897764

Duplicating boundaries for periodic condition
Number of records: 7141565

Building Delaunay Triangulation.
Number of vertices: 7141565
Number of cells: 47609098

Writing to file /home/epfl/dforero/scratch/projects/baosystematics/patchy_results/box1/real/ang/mocks_void_xyz/CATALPTCICz0.466G960S1170957577.ANG.VOID.dat
Writing voids with radius in (-10,1009).
Finished successfully!
2500 -10 1009
Reading file: /home/epfl/dforero/scratch/projects/baosystematics/patchy_results/box1/real/ang/mocks_gal_xyz/CATALPTCICz0.466G960S1171454456.ANG.dat
Number of records: 5895111

Duplicating boundaries for periodic condition
Number of records: 7132896

Building Delaunay Triangulation.
Number of vertices: 7132896
Number of cells: 47544669

Writing to file /home/epfl/dforero/scratch/projects/baosystematics/patchy_results/box1/real/ang/mocks_void_xyz/CATALPTCICz0.466G960S1171454456.ANG.VOID.dat
Writing voids with radius in (-10,1009).
Finished successfully!
2500 -10 1009
Reading file: /home/epfl/dforero/scratch/projects/baosystematics/patchy_results/box1/real/ang/mocks_gal_xyz/CATALPTCICz0.466G960S1171565480.ANG.dat
Number of records: 5896571

Duplicating boundaries for periodic condition
Number of records: 7127586

Building Delaunay Triangulation.
Number of vertices: 7127586
Number of cells: 47510863

Writing to file /home/epfl/dforero/scratch/projects/baosystematics/patchy_results/box1/real/ang/mocks_void_xyz/CATALPTCICz0.466G960S1171565480.ANG.VOID.dat
Writing voids with radius in (-10,1009).
Finished successfully!
2500 -10 1009
Reading file: /home/epfl/dforero/scratch/projects/baosystematics/patchy_results/box1/real/ang/mocks_gal_xyz/CATALPTCICz0.466G960S1172037969.ANG.dat
Number of records: 5897572

Duplicating boundaries for periodic condition
Number of records: 7141683

Building Delaunay Triangulation.
Number of vertices: 7141683
Number of cells: 47616130

Writing to file /home/epfl/dforero/scratch/projects/baosystematics/patchy_results/box1/real/ang/mocks_void_xyz/CATALPTCICz0.466G960S1172037969.ANG.VOID.dat
Writing voids with radius in (-10,1009).
Finished successfully!
