2500 -10 1009
Reading file: /home/epfl/dforero/scratch/projects/baosystematics/patchy_results/box1/real/ang/mocks_gal_xyz/CATALPTCICz0.466G960S421276272.ANG.dat
Number of records: 5897291

Duplicating boundaries for periodic condition
Number of records: 7142490

Building Delaunay Triangulation.
Number of vertices: 7142490
Number of cells: 47609912

Writing to file /home/epfl/dforero/scratch/projects/baosystematics/patchy_results/box1/real/ang/mocks_void_xyz/CATALPTCICz0.466G960S421276272.ANG.VOID.dat
Writing voids with radius in (-10,1009).
Finished successfully!
2500 -10 1009
Reading file: /home/epfl/dforero/scratch/projects/baosystematics/patchy_results/box1/real/ang/mocks_gal_xyz/CATALPTCICz0.466G960S423681919.ANG.dat
Number of records: 5899644

Duplicating boundaries for periodic condition
Number of records: 7149522

Building Delaunay Triangulation.
Number of vertices: 7149522
Number of cells: 47665673

Writing to file /home/epfl/dforero/scratch/projects/baosystematics/patchy_results/box1/real/ang/mocks_void_xyz/CATALPTCICz0.466G960S423681919.ANG.VOID.dat
Writing voids with radius in (-10,1009).
Finished successfully!
2500 -10 1009
Reading file: /home/epfl/dforero/scratch/projects/baosystematics/patchy_results/box1/real/ang/mocks_gal_xyz/CATALPTCICz0.466G960S442279074.ANG.dat
Number of records: 5897926

Duplicating boundaries for periodic condition
Number of records: 7129004

Building Delaunay Triangulation.
Number of vertices: 7129004
Number of cells: 47534438

Writing to file /home/epfl/dforero/scratch/projects/baosystematics/patchy_results/box1/real/ang/mocks_void_xyz/CATALPTCICz0.466G960S442279074.ANG.VOID.dat
Writing voids with radius in (-10,1009).
Finished successfully!
2500 -10 1009
Reading file: /home/epfl/dforero/scratch/projects/baosystematics/patchy_results/box1/real/ang/mocks_gal_xyz/CATALPTCICz0.466G960S444792914.ANG.dat
Number of records: 5896549

Duplicating boundaries for periodic condition
Number of records: 7137982

Building Delaunay Triangulation.
Number of vertices: 7137982
Number of cells: 47585201

Writing to file /home/epfl/dforero/scratch/projects/baosystematics/patchy_results/box1/real/ang/mocks_void_xyz/CATALPTCICz0.466G960S444792914.ANG.VOID.dat
Writing voids with radius in (-10,1009).
Finished successfully!
2500 -10 1009
Reading file: /home/epfl/dforero/scratch/projects/baosystematics/patchy_results/box1/real/ang/mocks_gal_xyz/CATALPTCICz0.466G960S447955535.ANG.dat
Number of records: 5898961

Duplicating boundaries for periodic condition
Number of records: 7139273

Building Delaunay Triangulation.
Number of vertices: 7139273
Number of cells: 47605777

Writing to file /home/epfl/dforero/scratch/projects/baosystematics/patchy_results/box1/real/ang/mocks_void_xyz/CATALPTCICz0.466G960S447955535.ANG.VOID.dat
Writing voids with radius in (-10,1009).
Finished successfully!
2500 -10 1009
Reading file: /home/epfl/dforero/scratch/projects/baosystematics/patchy_results/box1/real/ang/mocks_gal_xyz/CATALPTCICz0.466G960S452977852.ANG.dat
Number of records: 5897980

Duplicating boundaries for periodic condition
Number of records: 7142318

Building Delaunay Triangulation.
Number of vertices: 7142318
Number of cells: 47614869

Writing to file /home/epfl/dforero/scratch/projects/baosystematics/patchy_results/box1/real/ang/mocks_void_xyz/CATALPTCICz0.466G960S452977852.ANG.VOID.dat
Writing voids with radius in (-10,1009).
Finished successfully!
2500 -10 1009
Reading file: /home/epfl/dforero/scratch/projects/baosystematics/patchy_results/box1/real/ang/mocks_gal_xyz/CATALPTCICz0.466G960S453541345.ANG.dat
Number of records: 5894601

Duplicating boundaries for periodic condition
Number of records: 7134093

Building Delaunay Triangulation.
Number of vertices: 7134093
Number of cells: 47559880

Writing to file /home/epfl/dforero/scratch/projects/baosystematics/patchy_results/box1/real/ang/mocks_void_xyz/CATALPTCICz0.466G960S453541345.ANG.VOID.dat
Writing voids with radius in (-10,1009).
Finished successfully!
2500 -10 1009
Reading file: /home/epfl/dforero/scratch/projects/baosystematics/patchy_results/box1/real/ang/mocks_gal_xyz/CATALPTCICz0.466G960S454223686.ANG.dat
Number of records: 5892979

Duplicating boundaries for periodic condition
Number of records: 7126322

Building Delaunay Triangulation.
Number of vertices: 7126322
Number of cells: 47515587

Writing to file /home/epfl/dforero/scratch/projects/baosystematics/patchy_results/box1/real/ang/mocks_void_xyz/CATALPTCICz0.466G960S454223686.ANG.VOID.dat
Writing voids with radius in (-10,1009).
Finished successfully!
2500 -10 1009
Reading file: /home/epfl/dforero/scratch/projects/baosystematics/patchy_results/box1/real/ang/mocks_gal_xyz/CATALPTCICz0.466G960S456427750.ANG.dat
Number of records: 5899277

Duplicating boundaries for periodic condition
Number of records: 7144069

Building Delaunay Triangulation.
Number of vertices: 7144069
Number of cells: 47632445

Writing to file /home/epfl/dforero/scratch/projects/baosystematics/patchy_results/box1/real/ang/mocks_void_xyz/CATALPTCICz0.466G960S456427750.ANG.VOID.dat
Writing voids with radius in (-10,1009).
Finished successfully!
2500 -10 1009
Reading file: /home/epfl/dforero/scratch/projects/baosystematics/patchy_results/box1/real/ang/mocks_gal_xyz/CATALPTCICz0.466G960S46884014.ANG.dat
Number of records: 5899127

Duplicating boundaries for periodic condition
Number of records: 7146883

Building Delaunay Triangulation.
Number of vertices: 7146883
Number of cells: 47643113

Writing to file /home/epfl/dforero/scratch/projects/baosystematics/patchy_results/box1/real/ang/mocks_void_xyz/CATALPTCICz0.466G960S46884014.ANG.VOID.dat
Writing voids with radius in (-10,1009).
Finished successfully!
