2500 -10 1009
Reading file: /home/epfl/dforero/scratch/projects/baosystematics/patchy_results/box1/real/ang/mocks_gal_xyz/CATALPTCICz0.466G960S1550262552.ANG.dat
Number of records: 5899496

Duplicating boundaries for periodic condition
Number of records: 7132825

Building Delaunay Triangulation.
Number of vertices: 7132825
Number of cells: 47547833

Writing to file /home/epfl/dforero/scratch/projects/baosystematics/patchy_results/box1/real/ang/mocks_void_xyz/CATALPTCICz0.466G960S1550262552.ANG.VOID.dat
Writing voids with radius in (-10,1009).
Finished successfully!
2500 -10 1009
Reading file: /home/epfl/dforero/scratch/projects/baosystematics/patchy_results/box1/real/ang/mocks_gal_xyz/CATALPTCICz0.466G960S15506434.ANG.dat
Number of records: 5899137

Duplicating boundaries for periodic condition
Number of records: 7142339

Building Delaunay Triangulation.
Number of vertices: 7142339
Number of cells: 47614301

Writing to file /home/epfl/dforero/scratch/projects/baosystematics/patchy_results/box1/real/ang/mocks_void_xyz/CATALPTCICz0.466G960S15506434.ANG.VOID.dat
Writing voids with radius in (-10,1009).
Finished successfully!
2500 -10 1009
Reading file: /home/epfl/dforero/scratch/projects/baosystematics/patchy_results/box1/real/ang/mocks_gal_xyz/CATALPTCICz0.466G960S1555553448.ANG.dat
Number of records: 5899936

Duplicating boundaries for periodic condition
Number of records: 7137158

Building Delaunay Triangulation.
Number of vertices: 7137156
Number of cells: 47587674

Writing to file /home/epfl/dforero/scratch/projects/baosystematics/patchy_results/box1/real/ang/mocks_void_xyz/CATALPTCICz0.466G960S1555553448.ANG.VOID.dat
Writing voids with radius in (-10,1009).
Finished successfully!
2500 -10 1009
Reading file: /home/epfl/dforero/scratch/projects/baosystematics/patchy_results/box1/real/ang/mocks_gal_xyz/CATALPTCICz0.466G960S1558327320.ANG.dat
Number of records: 5895022

Duplicating boundaries for periodic condition
Number of records: 7129122

Building Delaunay Triangulation.
Number of vertices: 7129122
Number of cells: 47525625

Writing to file /home/epfl/dforero/scratch/projects/baosystematics/patchy_results/box1/real/ang/mocks_void_xyz/CATALPTCICz0.466G960S1558327320.ANG.VOID.dat
Writing voids with radius in (-10,1009).
Finished successfully!
2500 -10 1009
Reading file: /home/epfl/dforero/scratch/projects/baosystematics/patchy_results/box1/real/ang/mocks_gal_xyz/CATALPTCICz0.466G960S1560492804.ANG.dat
Number of records: 5899326

Duplicating boundaries for periodic condition
Number of records: 7145287

Building Delaunay Triangulation.
Number of vertices: 7145287
Number of cells: 47641052

Writing to file /home/epfl/dforero/scratch/projects/baosystematics/patchy_results/box1/real/ang/mocks_void_xyz/CATALPTCICz0.466G960S1560492804.ANG.VOID.dat
Writing voids with radius in (-10,1009).
Finished successfully!
2500 -10 1009
Reading file: /home/epfl/dforero/scratch/projects/baosystematics/patchy_results/box1/real/ang/mocks_gal_xyz/CATALPTCICz0.466G960S1565417923.ANG.dat
Number of records: 5900055

Duplicating boundaries for periodic condition
Number of records: 7134242

Building Delaunay Triangulation.
Number of vertices: 7134242
Number of cells: 47559122

Writing to file /home/epfl/dforero/scratch/projects/baosystematics/patchy_results/box1/real/ang/mocks_void_xyz/CATALPTCICz0.466G960S1565417923.ANG.VOID.dat
Writing voids with radius in (-10,1009).
Finished successfully!
2500 -10 1009
Reading file: /home/epfl/dforero/scratch/projects/baosystematics/patchy_results/box1/real/ang/mocks_gal_xyz/CATALPTCICz0.466G960S1565862370.ANG.dat
Number of records: 5899137

Duplicating boundaries for periodic condition
Number of records: 7146827

Building Delaunay Triangulation.
Number of vertices: 7146827
Number of cells: 47644002

Writing to file /home/epfl/dforero/scratch/projects/baosystematics/patchy_results/box1/real/ang/mocks_void_xyz/CATALPTCICz0.466G960S1565862370.ANG.VOID.dat
Writing voids with radius in (-10,1009).
Finished successfully!
2500 -10 1009
Reading file: /home/epfl/dforero/scratch/projects/baosystematics/patchy_results/box1/real/ang/mocks_gal_xyz/CATALPTCICz0.466G960S1568076568.ANG.dat
Number of records: 5897097

Duplicating boundaries for periodic condition
Number of records: 7140937

Building Delaunay Triangulation.
Number of vertices: 7140937
Number of cells: 47597961

Writing to file /home/epfl/dforero/scratch/projects/baosystematics/patchy_results/box1/real/ang/mocks_void_xyz/CATALPTCICz0.466G960S1568076568.ANG.VOID.dat
Writing voids with radius in (-10,1009).
Finished successfully!
2500 -10 1009
Reading file: /home/epfl/dforero/scratch/projects/baosystematics/patchy_results/box1/real/ang/mocks_gal_xyz/CATALPTCICz0.466G960S1569188286.ANG.dat
Number of records: 5895589

Duplicating boundaries for periodic condition
Number of records: 7134780

Building Delaunay Triangulation.
Number of vertices: 7134780
Number of cells: 47569071

Writing to file /home/epfl/dforero/scratch/projects/baosystematics/patchy_results/box1/real/ang/mocks_void_xyz/CATALPTCICz0.466G960S1569188286.ANG.VOID.dat
Writing voids with radius in (-10,1009).
Finished successfully!
2500 -10 1009
Reading file: /home/epfl/dforero/scratch/projects/baosystematics/patchy_results/box1/real/ang/mocks_gal_xyz/CATALPTCICz0.466G960S1577805580.ANG.dat
Number of records: 5896325

Duplicating boundaries for periodic condition
Number of records: 7134966

Building Delaunay Triangulation.
Number of vertices: 7134966
Number of cells: 47566246

Writing to file /home/epfl/dforero/scratch/projects/baosystematics/patchy_results/box1/real/ang/mocks_void_xyz/CATALPTCICz0.466G960S1577805580.ANG.VOID.dat
Writing voids with radius in (-10,1009).
Finished successfully!
