2500 -10 1009
Reading file: /home/epfl/dforero/scratch/projects/baosystematics/patchy_results/box1/real/veto/mocks_gal_xyz/CATALPTCICz0.466G960S1174369739.VETO.dat
Number of records: 5854585

Duplicating boundaries for periodic condition
Number of records: 7029959

Building Delaunay Triangulation.
Number of vertices: 7029959
Number of cells: 46827600

Writing to file /home/epfl/dforero/scratch/projects/baosystematics/patchy_results/box1/real/veto/mocks_void_xyz/CATALPTCICz0.466G960S1174369739.VETO.VOID.dat
Writing voids with radius in (-10,1009).
Finished successfully!
2500 -10 1009
Reading file: /home/epfl/dforero/scratch/projects/baosystematics/patchy_results/box1/real/veto/mocks_gal_xyz/CATALPTCICz0.466G960S1181199745.VETO.dat
Number of records: 5859302

Duplicating boundaries for periodic condition
Number of records: 7032374

Building Delaunay Triangulation.
Number of vertices: 7032374
Number of cells: 46837783

Writing to file /home/epfl/dforero/scratch/projects/baosystematics/patchy_results/box1/real/veto/mocks_void_xyz/CATALPTCICz0.466G960S1181199745.VETO.VOID.dat
Writing voids with radius in (-10,1009).
Finished successfully!
2500 -10 1009
Reading file: /home/epfl/dforero/scratch/projects/baosystematics/patchy_results/box1/real/veto/mocks_gal_xyz/CATALPTCICz0.466G960S1185626690.VETO.dat
Number of records: 5855453

Duplicating boundaries for periodic condition
Number of records: 7030073

Building Delaunay Triangulation.
Number of vertices: 7030073
Number of cells: 46825511

Writing to file /home/epfl/dforero/scratch/projects/baosystematics/patchy_results/box1/real/veto/mocks_void_xyz/CATALPTCICz0.466G960S1185626690.VETO.VOID.dat
Writing voids with radius in (-10,1009).
Finished successfully!
2500 -10 1009
Reading file: /home/epfl/dforero/scratch/projects/baosystematics/patchy_results/box1/real/veto/mocks_gal_xyz/CATALPTCICz0.466G960S1186219234.VETO.dat
Number of records: 5858319

Duplicating boundaries for periodic condition
Number of records: 7032066

Building Delaunay Triangulation.
Number of vertices: 7032066
Number of cells: 46843017

Writing to file /home/epfl/dforero/scratch/projects/baosystematics/patchy_results/box1/real/veto/mocks_void_xyz/CATALPTCICz0.466G960S1186219234.VETO.VOID.dat
Writing voids with radius in (-10,1009).
Finished successfully!
2500 -10 1009
Reading file: /home/epfl/dforero/scratch/projects/baosystematics/patchy_results/box1/real/veto/mocks_gal_xyz/CATALPTCICz0.466G960S119474585.VETO.dat
Number of records: 5856059

Duplicating boundaries for periodic condition
Number of records: 7031650

Building Delaunay Triangulation.
Number of vertices: 7031650
Number of cells: 46838506

Writing to file /home/epfl/dforero/scratch/projects/baosystematics/patchy_results/box1/real/veto/mocks_void_xyz/CATALPTCICz0.466G960S119474585.VETO.VOID.dat
Writing voids with radius in (-10,1009).
Finished successfully!
2500 -10 1009
Reading file: /home/epfl/dforero/scratch/projects/baosystematics/patchy_results/box1/real/veto/mocks_gal_xyz/CATALPTCICz0.466G960S1195299096.VETO.dat
Number of records: 5856350

Duplicating boundaries for periodic condition
Number of records: 7019335

Building Delaunay Triangulation.
Number of vertices: 7019335
Number of cells: 46758669

Writing to file /home/epfl/dforero/scratch/projects/baosystematics/patchy_results/box1/real/veto/mocks_void_xyz/CATALPTCICz0.466G960S1195299096.VETO.VOID.dat
Writing voids with radius in (-10,1009).
Finished successfully!
2500 -10 1009
Reading file: /home/epfl/dforero/scratch/projects/baosystematics/patchy_results/box1/real/veto/mocks_gal_xyz/CATALPTCICz0.466G960S1199976579.VETO.dat
Number of records: 5855915

Duplicating boundaries for periodic condition
Number of records: 7024300

Building Delaunay Triangulation.
Number of vertices: 7024300
Number of cells: 46786764

Writing to file /home/epfl/dforero/scratch/projects/baosystematics/patchy_results/box1/real/veto/mocks_void_xyz/CATALPTCICz0.466G960S1199976579.VETO.VOID.dat
Writing voids with radius in (-10,1009).
Finished successfully!
2500 -10 1009
Reading file: /home/epfl/dforero/scratch/projects/baosystematics/patchy_results/box1/real/veto/mocks_gal_xyz/CATALPTCICz0.466G960S12038904.VETO.dat
Number of records: 5854816

Duplicating boundaries for periodic condition
Number of records: 7029019

Building Delaunay Triangulation.
Number of vertices: 7029019
Number of cells: 46820596

Writing to file /home/epfl/dforero/scratch/projects/baosystematics/patchy_results/box1/real/veto/mocks_void_xyz/CATALPTCICz0.466G960S12038904.VETO.VOID.dat
Writing voids with radius in (-10,1009).
Finished successfully!
2500 -10 1009
Reading file: /home/epfl/dforero/scratch/projects/baosystematics/patchy_results/box1/real/veto/mocks_gal_xyz/CATALPTCICz0.466G960S1204015223.VETO.dat
Number of records: 5857177

Duplicating boundaries for periodic condition
Number of records: 7033078

Building Delaunay Triangulation.
Number of vertices: 7033078
Number of cells: 46848170

Writing to file /home/epfl/dforero/scratch/projects/baosystematics/patchy_results/box1/real/veto/mocks_void_xyz/CATALPTCICz0.466G960S1204015223.VETO.VOID.dat
Writing voids with radius in (-10,1009).
Finished successfully!
2500 -10 1009
Reading file: /home/epfl/dforero/scratch/projects/baosystematics/patchy_results/box1/real/veto/mocks_gal_xyz/CATALPTCICz0.466G960S1207029981.VETO.dat
Number of records: 5859538

Duplicating boundaries for periodic condition
Number of records: 7040333

Building Delaunay Triangulation.
Number of vertices: 7040333
Number of cells: 46897265

Writing to file /home/epfl/dforero/scratch/projects/baosystematics/patchy_results/box1/real/veto/mocks_void_xyz/CATALPTCICz0.466G960S1207029981.VETO.VOID.dat
Writing voids with radius in (-10,1009).
Finished successfully!
