2500 -10 1009
Reading file: /home/epfl/dforero/scratch/projects/baosystematics/patchy_results/box1/real/vetoang/mocks_gal_xyz/CATALPTCICz0.466G960S931837676.VETO_ANG.dat
Number of records: 5560937

Duplicating boundaries for periodic condition
Number of records: 6715544

Building Delaunay Triangulation.
Number of vertices: 6715544
Number of cells: 44749785

Writing to file /home/epfl/dforero/scratch/projects/baosystematics/patchy_results/box1/real/vetoang/mocks_void_xyz/CATALPTCICz0.466G960S931837676.VETO_ANG.VOID.dat
Writing voids with radius in (-10,1009).
Finished successfully!
2500 -10 1009
Reading file: /home/epfl/dforero/scratch/projects/baosystematics/patchy_results/box1/real/vetoang/mocks_gal_xyz/CATALPTCICz0.466G960S932326958.VETO_ANG.dat
Number of records: 5561882

Duplicating boundaries for periodic condition
Number of records: 6715473

Building Delaunay Triangulation.
Number of vertices: 6715473
Number of cells: 44748099

Writing to file /home/epfl/dforero/scratch/projects/baosystematics/patchy_results/box1/real/vetoang/mocks_void_xyz/CATALPTCICz0.466G960S932326958.VETO_ANG.VOID.dat
Writing voids with radius in (-10,1009).
Finished successfully!
2500 -10 1009
Reading file: /home/epfl/dforero/scratch/projects/baosystematics/patchy_results/box1/real/vetoang/mocks_gal_xyz/CATALPTCICz0.466G960S935344129.VETO_ANG.dat
Number of records: 5562499

Duplicating boundaries for periodic condition
Number of records: 6711233

Building Delaunay Triangulation.
Number of vertices: 6711233
Number of cells: 44720160

Writing to file /home/epfl/dforero/scratch/projects/baosystematics/patchy_results/box1/real/vetoang/mocks_void_xyz/CATALPTCICz0.466G960S935344129.VETO_ANG.VOID.dat
Writing voids with radius in (-10,1009).
Finished successfully!
2500 -10 1009
Reading file: /home/epfl/dforero/scratch/projects/baosystematics/patchy_results/box1/real/vetoang/mocks_gal_xyz/CATALPTCICz0.466G960S938312801.VETO_ANG.dat
Number of records: 5557010

Duplicating boundaries for periodic condition
Number of records: 6696476

Building Delaunay Triangulation.
Number of vertices: 6696476
Number of cells: 44621799

Writing to file /home/epfl/dforero/scratch/projects/baosystematics/patchy_results/box1/real/vetoang/mocks_void_xyz/CATALPTCICz0.466G960S938312801.VETO_ANG.VOID.dat
Writing voids with radius in (-10,1009).
Finished successfully!
2500 -10 1009
Reading file: /home/epfl/dforero/scratch/projects/baosystematics/patchy_results/box1/real/vetoang/mocks_gal_xyz/CATALPTCICz0.466G960S938529308.VETO_ANG.dat
Number of records: 5558641

Duplicating boundaries for periodic condition
Number of records: 6713382

Building Delaunay Triangulation.
Number of vertices: 6713382
Number of cells: 44739181

Writing to file /home/epfl/dforero/scratch/projects/baosystematics/patchy_results/box1/real/vetoang/mocks_void_xyz/CATALPTCICz0.466G960S938529308.VETO_ANG.VOID.dat
Writing voids with radius in (-10,1009).
Finished successfully!
2500 -10 1009
Reading file: /home/epfl/dforero/scratch/projects/baosystematics/patchy_results/box1/real/vetoang/mocks_gal_xyz/CATALPTCICz0.466G960S943243328.VETO_ANG.dat
Number of records: 5561145

Duplicating boundaries for periodic condition
Number of records: 6712568

Building Delaunay Triangulation.
Number of vertices: 6712568
Number of cells: 44726419

Writing to file /home/epfl/dforero/scratch/projects/baosystematics/patchy_results/box1/real/vetoang/mocks_void_xyz/CATALPTCICz0.466G960S943243328.VETO_ANG.VOID.dat
Writing voids with radius in (-10,1009).
Finished successfully!
2500 -10 1009
Reading file: /home/epfl/dforero/scratch/projects/baosystematics/patchy_results/box1/real/vetoang/mocks_gal_xyz/CATALPTCICz0.466G960S952021396.VETO_ANG.dat
Number of records: 5553434

Duplicating boundaries for periodic condition
Number of records: 6694833

Building Delaunay Triangulation.
Number of vertices: 6694833
Number of cells: 44612355

Writing to file /home/epfl/dforero/scratch/projects/baosystematics/patchy_results/box1/real/vetoang/mocks_void_xyz/CATALPTCICz0.466G960S952021396.VETO_ANG.VOID.dat
Writing voids with radius in (-10,1009).
Finished successfully!
2500 -10 1009
Reading file: /home/epfl/dforero/scratch/projects/baosystematics/patchy_results/box1/real/vetoang/mocks_gal_xyz/CATALPTCICz0.466G960S952059125.VETO_ANG.dat
Number of records: 5561977

Duplicating boundaries for periodic condition
Number of records: 6716597

Building Delaunay Triangulation.
Number of vertices: 6716597
Number of cells: 44751949

Writing to file /home/epfl/dforero/scratch/projects/baosystematics/patchy_results/box1/real/vetoang/mocks_void_xyz/CATALPTCICz0.466G960S952059125.VETO_ANG.VOID.dat
Writing voids with radius in (-10,1009).
Finished successfully!
2500 -10 1009
Reading file: /home/epfl/dforero/scratch/projects/baosystematics/patchy_results/box1/real/vetoang/mocks_gal_xyz/CATALPTCICz0.466G960S955456861.VETO_ANG.dat
Number of records: 5557145

Duplicating boundaries for periodic condition
Number of records: 6708271

Building Delaunay Triangulation.
Number of vertices: 6708271
Number of cells: 44700990

Writing to file /home/epfl/dforero/scratch/projects/baosystematics/patchy_results/box1/real/vetoang/mocks_void_xyz/CATALPTCICz0.466G960S955456861.VETO_ANG.VOID.dat
Writing voids with radius in (-10,1009).
Finished successfully!
2500 -10 1009
Reading file: /home/epfl/dforero/scratch/projects/baosystematics/patchy_results/box1/real/vetoang/mocks_gal_xyz/CATALPTCICz0.466G960S956291290.VETO_ANG.dat
Number of records: 5557599

Duplicating boundaries for periodic condition
Number of records: 6712274

Building Delaunay Triangulation.
Number of vertices: 6712274
Number of cells: 44723572

Writing to file /home/epfl/dforero/scratch/projects/baosystematics/patchy_results/box1/real/vetoang/mocks_void_xyz/CATALPTCICz0.466G960S956291290.VETO_ANG.VOID.dat
Writing voids with radius in (-10,1009).
Finished successfully!
