2500 -10 1009
Reading file: /home/epfl/dforero/scratch/projects/baosystematics/patchy_results/box1/real/vetoang/mocks_gal_xyz/CATALPTCICz0.466G960S695677361.VETO_ANG.dat
Number of records: 5554508

Duplicating boundaries for periodic condition
Number of records: 6708222

Building Delaunay Triangulation.
Number of vertices: 6708222
Number of cells: 44702889

Writing to file /home/epfl/dforero/scratch/projects/baosystematics/patchy_results/box1/real/vetoang/mocks_void_xyz/CATALPTCICz0.466G960S695677361.VETO_ANG.VOID.dat
Writing voids with radius in (-10,1009).
Finished successfully!
2500 -10 1009
Reading file: /home/epfl/dforero/scratch/projects/baosystematics/patchy_results/box1/real/vetoang/mocks_gal_xyz/CATALPTCICz0.466G960S697291398.VETO_ANG.dat
Number of records: 5557620

Duplicating boundaries for periodic condition
Number of records: 6704700

Building Delaunay Triangulation.
Number of vertices: 6704700
Number of cells: 44668736

Writing to file /home/epfl/dforero/scratch/projects/baosystematics/patchy_results/box1/real/vetoang/mocks_void_xyz/CATALPTCICz0.466G960S697291398.VETO_ANG.VOID.dat
Writing voids with radius in (-10,1009).
Finished successfully!
2500 -10 1009
Reading file: /home/epfl/dforero/scratch/projects/baosystematics/patchy_results/box1/real/vetoang/mocks_gal_xyz/CATALPTCICz0.466G960S699877526.VETO_ANG.dat
Number of records: 5561543

Duplicating boundaries for periodic condition
Number of records: 6712067

Building Delaunay Triangulation.
Number of vertices: 6712067
Number of cells: 44726169

Writing to file /home/epfl/dforero/scratch/projects/baosystematics/patchy_results/box1/real/vetoang/mocks_void_xyz/CATALPTCICz0.466G960S699877526.VETO_ANG.VOID.dat
Writing voids with radius in (-10,1009).
Finished successfully!
2500 -10 1009
Reading file: /home/epfl/dforero/scratch/projects/baosystematics/patchy_results/box1/real/vetoang/mocks_gal_xyz/CATALPTCICz0.466G960S706358248.VETO_ANG.dat
Number of records: 5552018

Duplicating boundaries for periodic condition
Number of records: 6697657

Building Delaunay Triangulation.
Number of vertices: 6697657
Number of cells: 44626699

Writing to file /home/epfl/dforero/scratch/projects/baosystematics/patchy_results/box1/real/vetoang/mocks_void_xyz/CATALPTCICz0.466G960S706358248.VETO_ANG.VOID.dat
Writing voids with radius in (-10,1009).
Finished successfully!
2500 -10 1009
Reading file: /home/epfl/dforero/scratch/projects/baosystematics/patchy_results/box1/real/vetoang/mocks_gal_xyz/CATALPTCICz0.466G960S712845302.VETO_ANG.dat
Number of records: 5556560

Duplicating boundaries for periodic condition
Number of records: 6709957

Building Delaunay Triangulation.
Number of vertices: 6709957
Number of cells: 44709774

Writing to file /home/epfl/dforero/scratch/projects/baosystematics/patchy_results/box1/real/vetoang/mocks_void_xyz/CATALPTCICz0.466G960S712845302.VETO_ANG.VOID.dat
Writing voids with radius in (-10,1009).
Finished successfully!
2500 -10 1009
Reading file: /home/epfl/dforero/scratch/projects/baosystematics/patchy_results/box1/real/vetoang/mocks_gal_xyz/CATALPTCICz0.466G960S714498039.VETO_ANG.dat
Number of records: 5557196

Duplicating boundaries for periodic condition
Number of records: 6702646

Building Delaunay Triangulation.
Number of vertices: 6702646
Number of cells: 44661212

Writing to file /home/epfl/dforero/scratch/projects/baosystematics/patchy_results/box1/real/vetoang/mocks_void_xyz/CATALPTCICz0.466G960S714498039.VETO_ANG.VOID.dat
Writing voids with radius in (-10,1009).
Finished successfully!
2500 -10 1009
Reading file: /home/epfl/dforero/scratch/projects/baosystematics/patchy_results/box1/real/vetoang/mocks_gal_xyz/CATALPTCICz0.466G960S71650295.VETO_ANG.dat
Number of records: 5559941

Duplicating boundaries for periodic condition
Number of records: 6701371

Building Delaunay Triangulation.
Number of vertices: 6701371
Number of cells: 44654410

Writing to file /home/epfl/dforero/scratch/projects/baosystematics/patchy_results/box1/real/vetoang/mocks_void_xyz/CATALPTCICz0.466G960S71650295.VETO_ANG.VOID.dat
Writing voids with radius in (-10,1009).
Finished successfully!
2500 -10 1009
Reading file: /home/epfl/dforero/scratch/projects/baosystematics/patchy_results/box1/real/vetoang/mocks_gal_xyz/CATALPTCICz0.466G960S722630307.VETO_ANG.dat
Number of records: 5555705

Duplicating boundaries for periodic condition
Number of records: 6699816

Building Delaunay Triangulation.
Number of vertices: 6699816
Number of cells: 44644869

Writing to file /home/epfl/dforero/scratch/projects/baosystematics/patchy_results/box1/real/vetoang/mocks_void_xyz/CATALPTCICz0.466G960S722630307.VETO_ANG.VOID.dat
Writing voids with radius in (-10,1009).
Finished successfully!
2500 -10 1009
Reading file: /home/epfl/dforero/scratch/projects/baosystematics/patchy_results/box1/real/vetoang/mocks_gal_xyz/CATALPTCICz0.466G960S729161718.VETO_ANG.dat
Number of records: 5556520

Duplicating boundaries for periodic condition
Number of records: 6702096

Building Delaunay Triangulation.
Number of vertices: 6702096
Number of cells: 44653153

Writing to file /home/epfl/dforero/scratch/projects/baosystematics/patchy_results/box1/real/vetoang/mocks_void_xyz/CATALPTCICz0.466G960S729161718.VETO_ANG.VOID.dat
Writing voids with radius in (-10,1009).
Finished successfully!
2500 -10 1009
Reading file: /home/epfl/dforero/scratch/projects/baosystematics/patchy_results/box1/real/vetoang/mocks_gal_xyz/CATALPTCICz0.466G960S731535461.VETO_ANG.dat
Number of records: 5561420

Duplicating boundaries for periodic condition
Number of records: 6711005

Building Delaunay Triangulation.
Number of vertices: 6711005
Number of cells: 44724803

Writing to file /home/epfl/dforero/scratch/projects/baosystematics/patchy_results/box1/real/vetoang/mocks_void_xyz/CATALPTCICz0.466G960S731535461.VETO_ANG.VOID.dat
Writing voids with radius in (-10,1009).
Finished successfully!
