2500 -10 1009
Reading file: /home/epfl/dforero/scratch/projects/baosystematics/patchy_results/box1/real/ang/mocks_gal_xyz/CATALPTCICz0.466G960S128282312.ANG.dat
Number of records: 5898228

Duplicating boundaries for periodic condition
Number of records: 7139914

Building Delaunay Triangulation.
Number of vertices: 7139914
Number of cells: 47600837

Writing to file /home/epfl/dforero/scratch/projects/baosystematics/patchy_results/box1/real/ang/mocks_void_xyz/CATALPTCICz0.466G960S128282312.ANG.VOID.dat
Writing voids with radius in (-10,1009).
Finished successfully!
2500 -10 1009
Reading file: /home/epfl/dforero/scratch/projects/baosystematics/patchy_results/box1/real/ang/mocks_gal_xyz/CATALPTCICz0.466G960S1288612254.ANG.dat
Number of records: 5898836

Duplicating boundaries for periodic condition
Number of records: 7137626

Building Delaunay Triangulation.
Number of vertices: 7137626
Number of cells: 47587291

Writing to file /home/epfl/dforero/scratch/projects/baosystematics/patchy_results/box1/real/ang/mocks_void_xyz/CATALPTCICz0.466G960S1288612254.ANG.VOID.dat
Writing voids with radius in (-10,1009).
Finished successfully!
2500 -10 1009
Reading file: /home/epfl/dforero/scratch/projects/baosystematics/patchy_results/box1/real/ang/mocks_gal_xyz/CATALPTCICz0.466G960S1289209941.ANG.dat
Number of records: 5898770

Duplicating boundaries for periodic condition
Number of records: 7144867

Building Delaunay Triangulation.
Number of vertices: 7144867
Number of cells: 47632353

Writing to file /home/epfl/dforero/scratch/projects/baosystematics/patchy_results/box1/real/ang/mocks_void_xyz/CATALPTCICz0.466G960S1289209941.ANG.VOID.dat
Writing voids with radius in (-10,1009).
Finished successfully!
2500 -10 1009
Reading file: /home/epfl/dforero/scratch/projects/baosystematics/patchy_results/box1/real/ang/mocks_gal_xyz/CATALPTCICz0.466G960S129085296.ANG.dat
Number of records: 5897194

Duplicating boundaries for periodic condition
Number of records: 7136403

Building Delaunay Triangulation.
Number of vertices: 7136403
Number of cells: 47580399

Writing to file /home/epfl/dforero/scratch/projects/baosystematics/patchy_results/box1/real/ang/mocks_void_xyz/CATALPTCICz0.466G960S129085296.ANG.VOID.dat
Writing voids with radius in (-10,1009).
Finished successfully!
2500 -10 1009
Reading file: /home/epfl/dforero/scratch/projects/baosystematics/patchy_results/box1/real/ang/mocks_gal_xyz/CATALPTCICz0.466G960S1297059670.ANG.dat
Number of records: 5894939

Duplicating boundaries for periodic condition
Number of records: 7131453

Building Delaunay Triangulation.
Number of vertices: 7131453
Number of cells: 47538716

Writing to file /home/epfl/dforero/scratch/projects/baosystematics/patchy_results/box1/real/ang/mocks_void_xyz/CATALPTCICz0.466G960S1297059670.ANG.VOID.dat
Writing voids with radius in (-10,1009).
Finished successfully!
2500 -10 1009
Reading file: /home/epfl/dforero/scratch/projects/baosystematics/patchy_results/box1/real/ang/mocks_gal_xyz/CATALPTCICz0.466G960S1298116322.ANG.dat
Number of records: 5896133

Duplicating boundaries for periodic condition
Number of records: 7138473

Building Delaunay Triangulation.
Number of vertices: 7138473
Number of cells: 47592142

Writing to file /home/epfl/dforero/scratch/projects/baosystematics/patchy_results/box1/real/ang/mocks_void_xyz/CATALPTCICz0.466G960S1298116322.ANG.VOID.dat
Writing voids with radius in (-10,1009).
Finished successfully!
2500 -10 1009
Reading file: /home/epfl/dforero/scratch/projects/baosystematics/patchy_results/box1/real/ang/mocks_gal_xyz/CATALPTCICz0.466G960S1307519435.ANG.dat
Number of records: 5898840

Duplicating boundaries for periodic condition
Number of records: 7137171

Building Delaunay Triangulation.
Number of vertices: 7137171
Number of cells: 47581435

Writing to file /home/epfl/dforero/scratch/projects/baosystematics/patchy_results/box1/real/ang/mocks_void_xyz/CATALPTCICz0.466G960S1307519435.ANG.VOID.dat
Writing voids with radius in (-10,1009).
Finished successfully!
2500 -10 1009
Reading file: /home/epfl/dforero/scratch/projects/baosystematics/patchy_results/box1/real/ang/mocks_gal_xyz/CATALPTCICz0.466G960S1309204403.ANG.dat
Number of records: 5898609

Duplicating boundaries for periodic condition
Number of records: 7140711

Building Delaunay Triangulation.
Number of vertices: 7140711
Number of cells: 47603214

Writing to file /home/epfl/dforero/scratch/projects/baosystematics/patchy_results/box1/real/ang/mocks_void_xyz/CATALPTCICz0.466G960S1309204403.ANG.VOID.dat
Writing voids with radius in (-10,1009).
Finished successfully!
2500 -10 1009
Reading file: /home/epfl/dforero/scratch/projects/baosystematics/patchy_results/box1/real/ang/mocks_gal_xyz/CATALPTCICz0.466G960S1314091411.ANG.dat
Number of records: 5897588

Duplicating boundaries for periodic condition
Number of records: 7138677

Building Delaunay Triangulation.
Number of vertices: 7138677
Number of cells: 47600444

Writing to file /home/epfl/dforero/scratch/projects/baosystematics/patchy_results/box1/real/ang/mocks_void_xyz/CATALPTCICz0.466G960S1314091411.ANG.VOID.dat
Writing voids with radius in (-10,1009).
Finished successfully!
2500 -10 1009
Reading file: /home/epfl/dforero/scratch/projects/baosystematics/patchy_results/box1/real/ang/mocks_gal_xyz/CATALPTCICz0.466G960S131638539.ANG.dat
Number of records: 5900896

Duplicating boundaries for periodic condition
Number of records: 7145981

Building Delaunay Triangulation.
Number of vertices: 7145981
Number of cells: 47647701

Writing to file /home/epfl/dforero/scratch/projects/baosystematics/patchy_results/box1/real/ang/mocks_void_xyz/CATALPTCICz0.466G960S131638539.ANG.VOID.dat
Writing voids with radius in (-10,1009).
Finished successfully!
