2500 -10 1009
Reading file: /home/epfl/dforero/scratch/projects/baosystematics/patchy_results/box1/real/ang/mocks_gal_xyz/CATALPTCICz0.466G960S2112032858.ANG.dat
Number of records: 5896352

Duplicating boundaries for periodic condition
Number of records: 7138743

Building Delaunay Triangulation.
Number of vertices: 7138743
Number of cells: 47592571

Writing to file /home/epfl/dforero/scratch/projects/baosystematics/patchy_results/box1/real/ang/mocks_void_xyz/CATALPTCICz0.466G960S2112032858.ANG.VOID.dat
Writing voids with radius in (-10,1009).
Finished successfully!
2500 -10 1009
Reading file: /home/epfl/dforero/scratch/projects/baosystematics/patchy_results/box1/real/ang/mocks_gal_xyz/CATALPTCICz0.466G960S2115857497.ANG.dat
Number of records: 5893045

Duplicating boundaries for periodic condition
Number of records: 7132797

Building Delaunay Triangulation.
Number of vertices: 7132797
Number of cells: 47547506

Writing to file /home/epfl/dforero/scratch/projects/baosystematics/patchy_results/box1/real/ang/mocks_void_xyz/CATALPTCICz0.466G960S2115857497.ANG.VOID.dat
Writing voids with radius in (-10,1009).
Finished successfully!
2500 -10 1009
Reading file: /home/epfl/dforero/scratch/projects/baosystematics/patchy_results/box1/real/ang/mocks_gal_xyz/CATALPTCICz0.466G960S2116713610.ANG.dat
Number of records: 5893728

Duplicating boundaries for periodic condition
Number of records: 7127172

Building Delaunay Triangulation.
Number of vertices: 7127172
Number of cells: 47511794

Writing to file /home/epfl/dforero/scratch/projects/baosystematics/patchy_results/box1/real/ang/mocks_void_xyz/CATALPTCICz0.466G960S2116713610.ANG.VOID.dat
Writing voids with radius in (-10,1009).
Finished successfully!
2500 -10 1009
Reading file: /home/epfl/dforero/scratch/projects/baosystematics/patchy_results/box1/real/ang/mocks_gal_xyz/CATALPTCICz0.466G960S2119737480.ANG.dat
Number of records: 5898551

Duplicating boundaries for periodic condition
Number of records: 7136980

Building Delaunay Triangulation.
Number of vertices: 7136980
Number of cells: 47580409

Writing to file /home/epfl/dforero/scratch/projects/baosystematics/patchy_results/box1/real/ang/mocks_void_xyz/CATALPTCICz0.466G960S2119737480.ANG.VOID.dat
Writing voids with radius in (-10,1009).
Finished successfully!
2500 -10 1009
Reading file: /home/epfl/dforero/scratch/projects/baosystematics/patchy_results/box1/real/ang/mocks_gal_xyz/CATALPTCICz0.466G960S2126501065.ANG.dat
Number of records: 5897877

Duplicating boundaries for periodic condition
Number of records: 7147412

Building Delaunay Triangulation.
Number of vertices: 7147412
Number of cells: 47646231

Writing to file /home/epfl/dforero/scratch/projects/baosystematics/patchy_results/box1/real/ang/mocks_void_xyz/CATALPTCICz0.466G960S2126501065.ANG.VOID.dat
Writing voids with radius in (-10,1009).
Finished successfully!
2500 -10 1009
Reading file: /home/epfl/dforero/scratch/projects/baosystematics/patchy_results/box1/real/ang/mocks_gal_xyz/CATALPTCICz0.466G960S2134213239.ANG.dat
Number of records: 5898749

Duplicating boundaries for periodic condition
Number of records: 7146526

Building Delaunay Triangulation.
Number of vertices: 7146526
Number of cells: 47639583

Writing to file /home/epfl/dforero/scratch/projects/baosystematics/patchy_results/box1/real/ang/mocks_void_xyz/CATALPTCICz0.466G960S2134213239.ANG.VOID.dat
Writing voids with radius in (-10,1009).
Finished successfully!
2500 -10 1009
Reading file: /home/epfl/dforero/scratch/projects/baosystematics/patchy_results/box1/real/ang/mocks_gal_xyz/CATALPTCICz0.466G960S2135743082.ANG.dat
Number of records: 5897547

Duplicating boundaries for periodic condition
Number of records: 7137327

Building Delaunay Triangulation.
Number of vertices: 7137327
Number of cells: 47590849

Writing to file /home/epfl/dforero/scratch/projects/baosystematics/patchy_results/box1/real/ang/mocks_void_xyz/CATALPTCICz0.466G960S2135743082.ANG.VOID.dat
Writing voids with radius in (-10,1009).
Finished successfully!
2500 -10 1009
Reading file: /home/epfl/dforero/scratch/projects/baosystematics/patchy_results/box1/real/ang/mocks_gal_xyz/CATALPTCICz0.466G960S2141171720.ANG.dat
Number of records: 5899200

Duplicating boundaries for periodic condition
Number of records: 7132235

Building Delaunay Triangulation.
Number of vertices: 7132235
Number of cells: 47548333

Writing to file /home/epfl/dforero/scratch/projects/baosystematics/patchy_results/box1/real/ang/mocks_void_xyz/CATALPTCICz0.466G960S2141171720.ANG.VOID.dat
Writing voids with radius in (-10,1009).
Finished successfully!
2500 -10 1009
Reading file: /home/epfl/dforero/scratch/projects/baosystematics/patchy_results/box1/real/ang/mocks_gal_xyz/CATALPTCICz0.466G960S2142385713.ANG.dat
Number of records: 5898140

Duplicating boundaries for periodic condition
Number of records: 7137437

Building Delaunay Triangulation.
Number of vertices: 7137437
Number of cells: 47580193

Writing to file /home/epfl/dforero/scratch/projects/baosystematics/patchy_results/box1/real/ang/mocks_void_xyz/CATALPTCICz0.466G960S2142385713.ANG.VOID.dat
Writing voids with radius in (-10,1009).
Finished successfully!
2500 -10 1009
Reading file: /home/epfl/dforero/scratch/projects/baosystematics/patchy_results/box1/real/ang/mocks_gal_xyz/CATALPTCICz0.466G960S2145237069.ANG.dat
Number of records: 5900158

Duplicating boundaries for periodic condition
Number of records: 7135548

Building Delaunay Triangulation.
Number of vertices: 7135548
Number of cells: 47567180

Writing to file /home/epfl/dforero/scratch/projects/baosystematics/patchy_results/box1/real/ang/mocks_void_xyz/CATALPTCICz0.466G960S2145237069.ANG.VOID.dat
Writing voids with radius in (-10,1009).
Finished successfully!
