2500 -10 1009
Reading file: /home/epfl/dforero/scratch/projects/baosystematics/patchy_results/box1/real/veto/mocks_gal_xyz/CATALPTCICz0.466G960S1957637951.VETO.dat
Number of records: 5856070

Duplicating boundaries for periodic condition
Number of records: 7027224

Building Delaunay Triangulation.
Number of vertices: 7027224
Number of cells: 46813896

Writing to file /home/epfl/dforero/scratch/projects/baosystematics/patchy_results/box1/real/veto/mocks_void_xyz/CATALPTCICz0.466G960S1957637951.VETO.VOID.dat
Writing voids with radius in (-10,1009).
Finished successfully!
2500 -10 1009
Reading file: /home/epfl/dforero/scratch/projects/baosystematics/patchy_results/box1/real/veto/mocks_gal_xyz/CATALPTCICz0.466G960S1958434590.VETO.dat
Number of records: 5860657

Duplicating boundaries for periodic condition
Number of records: 7036138

Building Delaunay Triangulation.
Number of vertices: 7036138
Number of cells: 46871662

Writing to file /home/epfl/dforero/scratch/projects/baosystematics/patchy_results/box1/real/veto/mocks_void_xyz/CATALPTCICz0.466G960S1958434590.VETO.VOID.dat
Writing voids with radius in (-10,1009).
Finished successfully!
2500 -10 1009
Reading file: /home/epfl/dforero/scratch/projects/baosystematics/patchy_results/box1/real/veto/mocks_gal_xyz/CATALPTCICz0.466G960S196817175.VETO.dat
Number of records: 5861089

Duplicating boundaries for periodic condition
Number of records: 7034323

Building Delaunay Triangulation.
Number of vertices: 7034323
Number of cells: 46856321

Writing to file /home/epfl/dforero/scratch/projects/baosystematics/patchy_results/box1/real/veto/mocks_void_xyz/CATALPTCICz0.466G960S196817175.VETO.VOID.dat
Writing voids with radius in (-10,1009).
Finished successfully!
2500 -10 1009
Reading file: /home/epfl/dforero/scratch/projects/baosystematics/patchy_results/box1/real/veto/mocks_gal_xyz/CATALPTCICz0.466G960S1973023524.VETO.dat
Number of records: 5856100

Duplicating boundaries for periodic condition
Number of records: 7031144

Building Delaunay Triangulation.
Number of vertices: 7031144
Number of cells: 46834926

Writing to file /home/epfl/dforero/scratch/projects/baosystematics/patchy_results/box1/real/veto/mocks_void_xyz/CATALPTCICz0.466G960S1973023524.VETO.VOID.dat
Writing voids with radius in (-10,1009).
Finished successfully!
2500 -10 1009
Reading file: /home/epfl/dforero/scratch/projects/baosystematics/patchy_results/box1/real/veto/mocks_gal_xyz/CATALPTCICz0.466G960S1974510045.VETO.dat
Number of records: 5852273

Duplicating boundaries for periodic condition
Number of records: 7031902

Building Delaunay Triangulation.
Number of vertices: 7031902
Number of cells: 46843217

Writing to file /home/epfl/dforero/scratch/projects/baosystematics/patchy_results/box1/real/veto/mocks_void_xyz/CATALPTCICz0.466G960S1974510045.VETO.VOID.dat
Writing voids with radius in (-10,1009).
Finished successfully!
2500 -10 1009
Reading file: /home/epfl/dforero/scratch/projects/baosystematics/patchy_results/box1/real/veto/mocks_gal_xyz/CATALPTCICz0.466G960S1977078531.VETO.dat
Number of records: 5855547

Duplicating boundaries for periodic condition
Number of records: 7031206

Building Delaunay Triangulation.
Number of vertices: 7031206
Number of cells: 46838265

Writing to file /home/epfl/dforero/scratch/projects/baosystematics/patchy_results/box1/real/veto/mocks_void_xyz/CATALPTCICz0.466G960S1977078531.VETO.VOID.dat
Writing voids with radius in (-10,1009).
Finished successfully!
2500 -10 1009
Reading file: /home/epfl/dforero/scratch/projects/baosystematics/patchy_results/box1/real/veto/mocks_gal_xyz/CATALPTCICz0.466G960S1977497246.VETO.dat
Number of records: 5856963

Duplicating boundaries for periodic condition
Number of records: 7032858

Building Delaunay Triangulation.
Number of vertices: 7032858
Number of cells: 46842561

Writing to file /home/epfl/dforero/scratch/projects/baosystematics/patchy_results/box1/real/veto/mocks_void_xyz/CATALPTCICz0.466G960S1977497246.VETO.VOID.dat
Writing voids with radius in (-10,1009).
Finished successfully!
2500 -10 1009
Reading file: /home/epfl/dforero/scratch/projects/baosystematics/patchy_results/box1/real/veto/mocks_gal_xyz/CATALPTCICz0.466G960S198021412.VETO.dat
Number of records: 5859439

Duplicating boundaries for periodic condition
Number of records: 7036698

Building Delaunay Triangulation.
Number of vertices: 7036698
Number of cells: 46862144

Writing to file /home/epfl/dforero/scratch/projects/baosystematics/patchy_results/box1/real/veto/mocks_void_xyz/CATALPTCICz0.466G960S198021412.VETO.VOID.dat
Writing voids with radius in (-10,1009).
Finished successfully!
2500 -10 1009
Reading file: /home/epfl/dforero/scratch/projects/baosystematics/patchy_results/box1/real/veto/mocks_gal_xyz/CATALPTCICz0.466G960S1982107903.VETO.dat
Number of records: 5854438

Duplicating boundaries for periodic condition
Number of records: 7016944

Building Delaunay Triangulation.
Number of vertices: 7016944
Number of cells: 46739993

Writing to file /home/epfl/dforero/scratch/projects/baosystematics/patchy_results/box1/real/veto/mocks_void_xyz/CATALPTCICz0.466G960S1982107903.VETO.VOID.dat
Writing voids with radius in (-10,1009).
Finished successfully!
2500 -10 1009
Reading file: /home/epfl/dforero/scratch/projects/baosystematics/patchy_results/box1/real/veto/mocks_gal_xyz/CATALPTCICz0.466G960S1984142514.VETO.dat
Number of records: 5854378

Duplicating boundaries for periodic condition
Number of records: 7029876

Building Delaunay Triangulation.
Number of vertices: 7029875
Number of cells: 46823975

Writing to file /home/epfl/dforero/scratch/projects/baosystematics/patchy_results/box1/real/veto/mocks_void_xyz/CATALPTCICz0.466G960S1984142514.VETO.VOID.dat
Writing voids with radius in (-10,1009).
Finished successfully!
