2500 -10 1009
Reading file: /home/epfl/dforero/scratch/projects/baosystematics/patchy_results/box1/real/vetoang/mocks_gal_xyz/CATALPTCICz0.466G960S421276272.VETO_ANG.dat
Number of records: 5555349

Duplicating boundaries for periodic condition
Number of records: 6706993

Building Delaunay Triangulation.
Number of vertices: 6706993
Number of cells: 44684808

Writing to file /home/epfl/dforero/scratch/projects/baosystematics/patchy_results/box1/real/vetoang/mocks_void_xyz/CATALPTCICz0.466G960S421276272.VETO_ANG.VOID.dat
Writing voids with radius in (-10,1009).
Finished successfully!
2500 -10 1009
Reading file: /home/epfl/dforero/scratch/projects/baosystematics/patchy_results/box1/real/vetoang/mocks_gal_xyz/CATALPTCICz0.466G960S423681919.VETO_ANG.dat
Number of records: 5560269

Duplicating boundaries for periodic condition
Number of records: 6716391

Building Delaunay Triangulation.
Number of vertices: 6716391
Number of cells: 44756388

Writing to file /home/epfl/dforero/scratch/projects/baosystematics/patchy_results/box1/real/vetoang/mocks_void_xyz/CATALPTCICz0.466G960S423681919.VETO_ANG.VOID.dat
Writing voids with radius in (-10,1009).
Finished successfully!
2500 -10 1009
Reading file: /home/epfl/dforero/scratch/projects/baosystematics/patchy_results/box1/real/vetoang/mocks_gal_xyz/CATALPTCICz0.466G960S442279074.VETO_ANG.dat
Number of records: 5561286

Duplicating boundaries for periodic condition
Number of records: 6702072

Building Delaunay Triangulation.
Number of vertices: 6702072
Number of cells: 44667022

Writing to file /home/epfl/dforero/scratch/projects/baosystematics/patchy_results/box1/real/vetoang/mocks_void_xyz/CATALPTCICz0.466G960S442279074.VETO_ANG.VOID.dat
Writing voids with radius in (-10,1009).
Finished successfully!
2500 -10 1009
Reading file: /home/epfl/dforero/scratch/projects/baosystematics/patchy_results/box1/real/vetoang/mocks_gal_xyz/CATALPTCICz0.466G960S444792914.VETO_ANG.dat
Number of records: 5557217

Duplicating boundaries for periodic condition
Number of records: 6707692

Building Delaunay Triangulation.
Number of vertices: 6707692
Number of cells: 44696224

Writing to file /home/epfl/dforero/scratch/projects/baosystematics/patchy_results/box1/real/vetoang/mocks_void_xyz/CATALPTCICz0.466G960S444792914.VETO_ANG.VOID.dat
Writing voids with radius in (-10,1009).
Finished successfully!
2500 -10 1009
Reading file: /home/epfl/dforero/scratch/projects/baosystematics/patchy_results/box1/real/vetoang/mocks_gal_xyz/CATALPTCICz0.466G960S447955535.VETO_ANG.dat
Number of records: 5558942

Duplicating boundaries for periodic condition
Number of records: 6708342

Building Delaunay Triangulation.
Number of vertices: 6708342
Number of cells: 44711960

Writing to file /home/epfl/dforero/scratch/projects/baosystematics/patchy_results/box1/real/vetoang/mocks_void_xyz/CATALPTCICz0.466G960S447955535.VETO_ANG.VOID.dat
Writing voids with radius in (-10,1009).
Finished successfully!
2500 -10 1009
Reading file: /home/epfl/dforero/scratch/projects/baosystematics/patchy_results/box1/real/vetoang/mocks_gal_xyz/CATALPTCICz0.466G960S452977852.VETO_ANG.dat
Number of records: 5557621

Duplicating boundaries for periodic condition
Number of records: 6708624

Building Delaunay Triangulation.
Number of vertices: 6708624
Number of cells: 44701813

Writing to file /home/epfl/dforero/scratch/projects/baosystematics/patchy_results/box1/real/vetoang/mocks_void_xyz/CATALPTCICz0.466G960S452977852.VETO_ANG.VOID.dat
Writing voids with radius in (-10,1009).
Finished successfully!
2500 -10 1009
Reading file: /home/epfl/dforero/scratch/projects/baosystematics/patchy_results/box1/real/vetoang/mocks_gal_xyz/CATALPTCICz0.466G960S453541345.VETO_ANG.dat
Number of records: 5557392

Duplicating boundaries for periodic condition
Number of records: 6704954

Building Delaunay Triangulation.
Number of vertices: 6704954
Number of cells: 44677528

Writing to file /home/epfl/dforero/scratch/projects/baosystematics/patchy_results/box1/real/vetoang/mocks_void_xyz/CATALPTCICz0.466G960S453541345.VETO_ANG.VOID.dat
Writing voids with radius in (-10,1009).
Finished successfully!
2500 -10 1009
Reading file: /home/epfl/dforero/scratch/projects/baosystematics/patchy_results/box1/real/vetoang/mocks_gal_xyz/CATALPTCICz0.466G960S454223686.VETO_ANG.dat
Number of records: 5554630

Duplicating boundaries for periodic condition
Number of records: 6695825

Building Delaunay Triangulation.
Number of vertices: 6695825
Number of cells: 44622871

Writing to file /home/epfl/dforero/scratch/projects/baosystematics/patchy_results/box1/real/vetoang/mocks_void_xyz/CATALPTCICz0.466G960S454223686.VETO_ANG.VOID.dat
Writing voids with radius in (-10,1009).
Finished successfully!
2500 -10 1009
Reading file: /home/epfl/dforero/scratch/projects/baosystematics/patchy_results/box1/real/vetoang/mocks_gal_xyz/CATALPTCICz0.466G960S456427750.VETO_ANG.dat
Number of records: 5559557

Duplicating boundaries for periodic condition
Number of records: 6712855

Building Delaunay Triangulation.
Number of vertices: 6712855
Number of cells: 44734058

Writing to file /home/epfl/dforero/scratch/projects/baosystematics/patchy_results/box1/real/vetoang/mocks_void_xyz/CATALPTCICz0.466G960S456427750.VETO_ANG.VOID.dat
Writing voids with radius in (-10,1009).
Finished successfully!
2500 -10 1009
Reading file: /home/epfl/dforero/scratch/projects/baosystematics/patchy_results/box1/real/vetoang/mocks_gal_xyz/CATALPTCICz0.466G960S46884014.VETO_ANG.dat
Number of records: 5556478

Duplicating boundaries for periodic condition
Number of records: 6713002

Building Delaunay Triangulation.
Number of vertices: 6713002
Number of cells: 44727397

Writing to file /home/epfl/dforero/scratch/projects/baosystematics/patchy_results/box1/real/vetoang/mocks_void_xyz/CATALPTCICz0.466G960S46884014.VETO_ANG.VOID.dat
Writing voids with radius in (-10,1009).
Finished successfully!
