2500 -10 1009
Reading file: /home/epfl/dforero/scratch/projects/baosystematics/patchy_results/box1/real/ang/mocks_gal_xyz/CATALPTCICz0.466G960S216299789.ANG.dat
Number of records: 5899986

Duplicating boundaries for periodic condition
Number of records: 7131995

Building Delaunay Triangulation.
Number of vertices: 7131995
Number of cells: 47543781

Writing to file /home/epfl/dforero/scratch/projects/baosystematics/patchy_results/box1/real/ang/mocks_void_xyz/CATALPTCICz0.466G960S216299789.ANG.VOID.dat
Writing voids with radius in (-10,1009).
Finished successfully!
2500 -10 1009
Reading file: /home/epfl/dforero/scratch/projects/baosystematics/patchy_results/box1/real/ang/mocks_gal_xyz/CATALPTCICz0.466G960S218944817.ANG.dat
Number of records: 5897906

Duplicating boundaries for periodic condition
Number of records: 7128175

Building Delaunay Triangulation.
Number of vertices: 7128175
Number of cells: 47523634

Writing to file /home/epfl/dforero/scratch/projects/baosystematics/patchy_results/box1/real/ang/mocks_void_xyz/CATALPTCICz0.466G960S218944817.ANG.VOID.dat
Writing voids with radius in (-10,1009).
Finished successfully!
2500 -10 1009
Reading file: /home/epfl/dforero/scratch/projects/baosystematics/patchy_results/box1/real/ang/mocks_gal_xyz/CATALPTCICz0.466G960S220034993.ANG.dat
Number of records: 5895255

Duplicating boundaries for periodic condition
Number of records: 7125477

Building Delaunay Triangulation.
Number of vertices: 7125477
Number of cells: 47500473

Writing to file /home/epfl/dforero/scratch/projects/baosystematics/patchy_results/box1/real/ang/mocks_void_xyz/CATALPTCICz0.466G960S220034993.ANG.VOID.dat
Writing voids with radius in (-10,1009).
Finished successfully!
2500 -10 1009
Reading file: /home/epfl/dforero/scratch/projects/baosystematics/patchy_results/box1/real/ang/mocks_gal_xyz/CATALPTCICz0.466G960S231824037.ANG.dat
Number of records: 5899419

Duplicating boundaries for periodic condition
Number of records: 7132951

Building Delaunay Triangulation.
Number of vertices: 7132951
Number of cells: 47550843

Writing to file /home/epfl/dforero/scratch/projects/baosystematics/patchy_results/box1/real/ang/mocks_void_xyz/CATALPTCICz0.466G960S231824037.ANG.VOID.dat
Writing voids with radius in (-10,1009).
Finished successfully!
2500 -10 1009
Reading file: /home/epfl/dforero/scratch/projects/baosystematics/patchy_results/box1/real/ang/mocks_gal_xyz/CATALPTCICz0.466G960S237524283.ANG.dat
Number of records: 5897381

Duplicating boundaries for periodic condition
Number of records: 7127722

Building Delaunay Triangulation.
Number of vertices: 7127722
Number of cells: 47514888

Writing to file /home/epfl/dforero/scratch/projects/baosystematics/patchy_results/box1/real/ang/mocks_void_xyz/CATALPTCICz0.466G960S237524283.ANG.VOID.dat
Writing voids with radius in (-10,1009).
Finished successfully!
2500 -10 1009
Reading file: /home/epfl/dforero/scratch/projects/baosystematics/patchy_results/box1/real/ang/mocks_gal_xyz/CATALPTCICz0.466G960S241248101.ANG.dat
Number of records: 5893376

Duplicating boundaries for periodic condition
Number of records: 7132154

Building Delaunay Triangulation.
Number of vertices: 7132154
Number of cells: 47550115

Writing to file /home/epfl/dforero/scratch/projects/baosystematics/patchy_results/box1/real/ang/mocks_void_xyz/CATALPTCICz0.466G960S241248101.ANG.VOID.dat
Writing voids with radius in (-10,1009).
Finished successfully!
2500 -10 1009
Reading file: /home/epfl/dforero/scratch/projects/baosystematics/patchy_results/box1/real/ang/mocks_gal_xyz/CATALPTCICz0.466G960S246409002.ANG.dat
Number of records: 5897146

Duplicating boundaries for periodic condition
Number of records: 7142819

Building Delaunay Triangulation.
Number of vertices: 7142819
Number of cells: 47614361

Writing to file /home/epfl/dforero/scratch/projects/baosystematics/patchy_results/box1/real/ang/mocks_void_xyz/CATALPTCICz0.466G960S246409002.ANG.VOID.dat
Writing voids with radius in (-10,1009).
Finished successfully!
2500 -10 1009
Reading file: /home/epfl/dforero/scratch/projects/baosystematics/patchy_results/box1/real/ang/mocks_gal_xyz/CATALPTCICz0.466G960S246613418.ANG.dat
Number of records: 5896946

Duplicating boundaries for periodic condition
Number of records: 7148270

Building Delaunay Triangulation.
Number of vertices: 7148270
Number of cells: 47656391

Writing to file /home/epfl/dforero/scratch/projects/baosystematics/patchy_results/box1/real/ang/mocks_void_xyz/CATALPTCICz0.466G960S246613418.ANG.VOID.dat
Writing voids with radius in (-10,1009).
Finished successfully!
2500 -10 1009
Reading file: /home/epfl/dforero/scratch/projects/baosystematics/patchy_results/box1/real/ang/mocks_gal_xyz/CATALPTCICz0.466G960S246847567.ANG.dat
Number of records: 5899037

Duplicating boundaries for periodic condition
Number of records: 7141827

Building Delaunay Triangulation.
Number of vertices: 7141827
Number of cells: 47613389

Writing to file /home/epfl/dforero/scratch/projects/baosystematics/patchy_results/box1/real/ang/mocks_void_xyz/CATALPTCICz0.466G960S246847567.ANG.VOID.dat
Writing voids with radius in (-10,1009).
Finished successfully!
2500 -10 1009
Reading file: /home/epfl/dforero/scratch/projects/baosystematics/patchy_results/box1/real/ang/mocks_gal_xyz/CATALPTCICz0.466G960S254190428.ANG.dat
Number of records: 5898907

Duplicating boundaries for periodic condition
Number of records: 7138972

Building Delaunay Triangulation.
Number of vertices: 7138972
Number of cells: 47602901

Writing to file /home/epfl/dforero/scratch/projects/baosystematics/patchy_results/box1/real/ang/mocks_void_xyz/CATALPTCICz0.466G960S254190428.ANG.VOID.dat
Writing voids with radius in (-10,1009).
Finished successfully!
