2500 -10 1009
Reading file: /home/epfl/dforero/scratch/projects/baosystematics/patchy_results/box1/real/veto/mocks_gal_xyz/CATALPTCICz0.466G960S1550262552.VETO.dat
Number of records: 5856858

Duplicating boundaries for periodic condition
Number of records: 7022235

Building Delaunay Triangulation.
Number of vertices: 7022235
Number of cells: 46774677

Writing to file /home/epfl/dforero/scratch/projects/baosystematics/patchy_results/box1/real/veto/mocks_void_xyz/CATALPTCICz0.466G960S1550262552.VETO.VOID.dat
Writing voids with radius in (-10,1009).
Finished successfully!
2500 -10 1009
Reading file: /home/epfl/dforero/scratch/projects/baosystematics/patchy_results/box1/real/veto/mocks_gal_xyz/CATALPTCICz0.466G960S15506434.VETO.dat
Number of records: 5861423

Duplicating boundaries for periodic condition
Number of records: 7038332

Building Delaunay Triangulation.
Number of vertices: 7038332
Number of cells: 46881261

Writing to file /home/epfl/dforero/scratch/projects/baosystematics/patchy_results/box1/real/veto/mocks_void_xyz/CATALPTCICz0.466G960S15506434.VETO.VOID.dat
Writing voids with radius in (-10,1009).
Finished successfully!
2500 -10 1009
Reading file: /home/epfl/dforero/scratch/projects/baosystematics/patchy_results/box1/real/veto/mocks_gal_xyz/CATALPTCICz0.466G960S1555553448.VETO.dat
Number of records: 5862819

Duplicating boundaries for periodic condition
Number of records: 7033720

Building Delaunay Triangulation.
Number of vertices: 7033718
Number of cells: 46860312

Writing to file /home/epfl/dforero/scratch/projects/baosystematics/patchy_results/box1/real/veto/mocks_void_xyz/CATALPTCICz0.466G960S1555553448.VETO.VOID.dat
Writing voids with radius in (-10,1009).
Finished successfully!
2500 -10 1009
Reading file: /home/epfl/dforero/scratch/projects/baosystematics/patchy_results/box1/real/veto/mocks_gal_xyz/CATALPTCICz0.466G960S1558327320.VETO.dat
Number of records: 5850277

Duplicating boundaries for periodic condition
Number of records: 7015534

Building Delaunay Triangulation.
Number of vertices: 7015534
Number of cells: 46731128

Writing to file /home/epfl/dforero/scratch/projects/baosystematics/patchy_results/box1/real/veto/mocks_void_xyz/CATALPTCICz0.466G960S1558327320.VETO.VOID.dat
Writing voids with radius in (-10,1009).
Finished successfully!
2500 -10 1009
Reading file: /home/epfl/dforero/scratch/projects/baosystematics/patchy_results/box1/real/veto/mocks_gal_xyz/CATALPTCICz0.466G960S1560492804.VETO.dat
Number of records: 5855809

Duplicating boundaries for periodic condition
Number of records: 7033911

Building Delaunay Triangulation.
Number of vertices: 7033911
Number of cells: 46859283

Writing to file /home/epfl/dforero/scratch/projects/baosystematics/patchy_results/box1/real/veto/mocks_void_xyz/CATALPTCICz0.466G960S1560492804.VETO.VOID.dat
Writing voids with radius in (-10,1009).
Finished successfully!
2500 -10 1009
Reading file: /home/epfl/dforero/scratch/projects/baosystematics/patchy_results/box1/real/veto/mocks_gal_xyz/CATALPTCICz0.466G960S1565417923.VETO.dat
Number of records: 5856587

Duplicating boundaries for periodic condition
Number of records: 7024653

Building Delaunay Triangulation.
Number of vertices: 7024653
Number of cells: 46792794

Writing to file /home/epfl/dforero/scratch/projects/baosystematics/patchy_results/box1/real/veto/mocks_void_xyz/CATALPTCICz0.466G960S1565417923.VETO.VOID.dat
Writing voids with radius in (-10,1009).
Finished successfully!
2500 -10 1009
Reading file: /home/epfl/dforero/scratch/projects/baosystematics/patchy_results/box1/real/veto/mocks_gal_xyz/CATALPTCICz0.466G960S1565862370.VETO.dat
Number of records: 5857649

Duplicating boundaries for periodic condition
Number of records: 7038441

Building Delaunay Triangulation.
Number of vertices: 7038441
Number of cells: 46882331

Writing to file /home/epfl/dforero/scratch/projects/baosystematics/patchy_results/box1/real/veto/mocks_void_xyz/CATALPTCICz0.466G960S1565862370.VETO.VOID.dat
Writing voids with radius in (-10,1009).
Finished successfully!
2500 -10 1009
Reading file: /home/epfl/dforero/scratch/projects/baosystematics/patchy_results/box1/real/veto/mocks_gal_xyz/CATALPTCICz0.466G960S1568076568.VETO.dat
Number of records: 5857273

Duplicating boundaries for periodic condition
Number of records: 7034291

Building Delaunay Triangulation.
Number of vertices: 7034291
Number of cells: 46847631

Writing to file /home/epfl/dforero/scratch/projects/baosystematics/patchy_results/box1/real/veto/mocks_void_xyz/CATALPTCICz0.466G960S1568076568.VETO.VOID.dat
Writing voids with radius in (-10,1009).
Finished successfully!
2500 -10 1009
Reading file: /home/epfl/dforero/scratch/projects/baosystematics/patchy_results/box1/real/veto/mocks_gal_xyz/CATALPTCICz0.466G960S1569188286.VETO.dat
Number of records: 5854608

Duplicating boundaries for periodic condition
Number of records: 7026290

Building Delaunay Triangulation.
Number of vertices: 7026290
Number of cells: 46806019

Writing to file /home/epfl/dforero/scratch/projects/baosystematics/patchy_results/box1/real/veto/mocks_void_xyz/CATALPTCICz0.466G960S1569188286.VETO.VOID.dat
Writing voids with radius in (-10,1009).
Finished successfully!
2500 -10 1009
Reading file: /home/epfl/dforero/scratch/projects/baosystematics/patchy_results/box1/real/veto/mocks_gal_xyz/CATALPTCICz0.466G960S1577805580.VETO.dat
Number of records: 5857750

Duplicating boundaries for periodic condition
Number of records: 7031518

Building Delaunay Triangulation.
Number of vertices: 7031518
Number of cells: 46838063

Writing to file /home/epfl/dforero/scratch/projects/baosystematics/patchy_results/box1/real/veto/mocks_void_xyz/CATALPTCICz0.466G960S1577805580.VETO.VOID.dat
Writing voids with radius in (-10,1009).
Finished successfully!
