2500 -10 1009
Reading file: /home/epfl/dforero/scratch/projects/baosystematics/patchy_results/box1/real/veto/mocks_gal_xyz/CATALPTCICz0.466G960S1089996733.VETO.dat
Number of records: 5854460

Duplicating boundaries for periodic condition
Number of records: 7026228

Building Delaunay Triangulation.
Number of vertices: 7026228
Number of cells: 46806255

Writing to file /home/epfl/dforero/scratch/projects/baosystematics/patchy_results/box1/real/veto/mocks_void_xyz/CATALPTCICz0.466G960S1089996733.VETO.VOID.dat
Writing voids with radius in (-10,1009).
Finished successfully!
2500 -10 1009
Reading file: /home/epfl/dforero/scratch/projects/baosystematics/patchy_results/box1/real/veto/mocks_gal_xyz/CATALPTCICz0.466G960S1090208157.VETO.dat
Number of records: 5853458

Duplicating boundaries for periodic condition
Number of records: 7028581

Building Delaunay Triangulation.
Number of vertices: 7028581
Number of cells: 46816909

Writing to file /home/epfl/dforero/scratch/projects/baosystematics/patchy_results/box1/real/veto/mocks_void_xyz/CATALPTCICz0.466G960S1090208157.VETO.VOID.dat
Writing voids with radius in (-10,1009).
Finished successfully!
2500 -10 1009
Reading file: /home/epfl/dforero/scratch/projects/baosystematics/patchy_results/box1/real/veto/mocks_gal_xyz/CATALPTCICz0.466G960S1090249413.VETO.dat
Number of records: 5855891

Duplicating boundaries for periodic condition
Number of records: 7028600

Building Delaunay Triangulation.
Number of vertices: 7028599
Number of cells: 46816103

Writing to file /home/epfl/dforero/scratch/projects/baosystematics/patchy_results/box1/real/veto/mocks_void_xyz/CATALPTCICz0.466G960S1090249413.VETO.VOID.dat
Writing voids with radius in (-10,1009).
Finished successfully!
2500 -10 1009
Reading file: /home/epfl/dforero/scratch/projects/baosystematics/patchy_results/box1/real/veto/mocks_gal_xyz/CATALPTCICz0.466G960S109224375.VETO.dat
Number of records: 5860861

Duplicating boundaries for periodic condition
Number of records: 7033092

Building Delaunay Triangulation.
Number of vertices: 7033092
Number of cells: 46853139

Writing to file /home/epfl/dforero/scratch/projects/baosystematics/patchy_results/box1/real/veto/mocks_void_xyz/CATALPTCICz0.466G960S109224375.VETO.VOID.dat
Writing voids with radius in (-10,1009).
Finished successfully!
2500 -10 1009
Reading file: /home/epfl/dforero/scratch/projects/baosystematics/patchy_results/box1/real/veto/mocks_gal_xyz/CATALPTCICz0.466G960S1093443331.VETO.dat
Number of records: 5858472

Duplicating boundaries for periodic condition
Number of records: 7035068

Building Delaunay Triangulation.
Number of vertices: 7035068
Number of cells: 46859351

Writing to file /home/epfl/dforero/scratch/projects/baosystematics/patchy_results/box1/real/veto/mocks_void_xyz/CATALPTCICz0.466G960S1093443331.VETO.VOID.dat
Writing voids with radius in (-10,1009).
Finished successfully!
2500 -10 1009
Reading file: /home/epfl/dforero/scratch/projects/baosystematics/patchy_results/box1/real/veto/mocks_gal_xyz/CATALPTCICz0.466G960S110218404.VETO.dat
Number of records: 5857277

Duplicating boundaries for periodic condition
Number of records: 7027419

Building Delaunay Triangulation.
Number of vertices: 7027419
Number of cells: 46808611

Writing to file /home/epfl/dforero/scratch/projects/baosystematics/patchy_results/box1/real/veto/mocks_void_xyz/CATALPTCICz0.466G960S110218404.VETO.VOID.dat
Writing voids with radius in (-10,1009).
Finished successfully!
2500 -10 1009
Reading file: /home/epfl/dforero/scratch/projects/baosystematics/patchy_results/box1/real/veto/mocks_gal_xyz/CATALPTCICz0.466G960S1106086967.VETO.dat
Number of records: 5857911

Duplicating boundaries for periodic condition
Number of records: 7026795

Building Delaunay Triangulation.
Number of vertices: 7026795
Number of cells: 46806525

Writing to file /home/epfl/dforero/scratch/projects/baosystematics/patchy_results/box1/real/veto/mocks_void_xyz/CATALPTCICz0.466G960S1106086967.VETO.VOID.dat
Writing voids with radius in (-10,1009).
Finished successfully!
2500 -10 1009
Reading file: /home/epfl/dforero/scratch/projects/baosystematics/patchy_results/box1/real/veto/mocks_gal_xyz/CATALPTCICz0.466G960S1125987812.VETO.dat
Number of records: 5855793

Duplicating boundaries for periodic condition
Number of records: 7019608

Building Delaunay Triangulation.
Number of vertices: 7019608
Number of cells: 46761245

Writing to file /home/epfl/dforero/scratch/projects/baosystematics/patchy_results/box1/real/veto/mocks_void_xyz/CATALPTCICz0.466G960S1125987812.VETO.VOID.dat
Writing voids with radius in (-10,1009).
Finished successfully!
2500 -10 1009
Reading file: /home/epfl/dforero/scratch/projects/baosystematics/patchy_results/box1/real/veto/mocks_gal_xyz/CATALPTCICz0.466G960S1127858495.VETO.dat
Number of records: 5856487

Duplicating boundaries for periodic condition
Number of records: 7032063

Building Delaunay Triangulation.
Number of vertices: 7032063
Number of cells: 46836068

Writing to file /home/epfl/dforero/scratch/projects/baosystematics/patchy_results/box1/real/veto/mocks_void_xyz/CATALPTCICz0.466G960S1127858495.VETO.VOID.dat
Writing voids with radius in (-10,1009).
Finished successfully!
2500 -10 1009
Reading file: /home/epfl/dforero/scratch/projects/baosystematics/patchy_results/box1/real/veto/mocks_gal_xyz/CATALPTCICz0.466G960S1133045298.VETO.dat
Number of records: 5854914

Duplicating boundaries for periodic condition
Number of records: 7022004

Building Delaunay Triangulation.
Number of vertices: 7022003
Number of cells: 46774152

Writing to file /home/epfl/dforero/scratch/projects/baosystematics/patchy_results/box1/real/veto/mocks_void_xyz/CATALPTCICz0.466G960S1133045298.VETO.VOID.dat
Writing voids with radius in (-10,1009).
Finished successfully!
