2500 -10 1009
Reading file: /home/epfl/dforero/scratch/projects/baosystematics/patchy_results/box1/real/ang/mocks_gal_xyz/CATALPTCICz0.466G960S1579594552.ANG.dat
Number of records: 5897082

Duplicating boundaries for periodic condition
Number of records: 7126280

Building Delaunay Triangulation.
Number of vertices: 7126280
Number of cells: 47504427

Writing to file /home/epfl/dforero/scratch/projects/baosystematics/patchy_results/box1/real/ang/mocks_void_xyz/CATALPTCICz0.466G960S1579594552.ANG.VOID.dat
Writing voids with radius in (-10,1009).
Finished successfully!
2500 -10 1009
Reading file: /home/epfl/dforero/scratch/projects/baosystematics/patchy_results/box1/real/ang/mocks_gal_xyz/CATALPTCICz0.466G960S1586223277.ANG.dat
Number of records: 5899151

Duplicating boundaries for periodic condition
Number of records: 7140708

Building Delaunay Triangulation.
Number of vertices: 7140708
Number of cells: 47597859

Writing to file /home/epfl/dforero/scratch/projects/baosystematics/patchy_results/box1/real/ang/mocks_void_xyz/CATALPTCICz0.466G960S1586223277.ANG.VOID.dat
Writing voids with radius in (-10,1009).
Finished successfully!
2500 -10 1009
Reading file: /home/epfl/dforero/scratch/projects/baosystematics/patchy_results/box1/real/ang/mocks_gal_xyz/CATALPTCICz0.466G960S1594480644.ANG.dat
Number of records: 5899476

Duplicating boundaries for periodic condition
Number of records: 7143548

Building Delaunay Triangulation.
Number of vertices: 7143548
Number of cells: 47625319

Writing to file /home/epfl/dforero/scratch/projects/baosystematics/patchy_results/box1/real/ang/mocks_void_xyz/CATALPTCICz0.466G960S1594480644.ANG.VOID.dat
Writing voids with radius in (-10,1009).
Finished successfully!
2500 -10 1009
Reading file: /home/epfl/dforero/scratch/projects/baosystematics/patchy_results/box1/real/ang/mocks_gal_xyz/CATALPTCICz0.466G960S1601254869.ANG.dat
Number of records: 5896969

Duplicating boundaries for periodic condition
Number of records: 7130630

Building Delaunay Triangulation.
Number of vertices: 7130630
Number of cells: 47534594

Writing to file /home/epfl/dforero/scratch/projects/baosystematics/patchy_results/box1/real/ang/mocks_void_xyz/CATALPTCICz0.466G960S1601254869.ANG.VOID.dat
Writing voids with radius in (-10,1009).
Finished successfully!
2500 -10 1009
Reading file: /home/epfl/dforero/scratch/projects/baosystematics/patchy_results/box1/real/ang/mocks_gal_xyz/CATALPTCICz0.466G960S1602453706.ANG.dat
Number of records: 5898967

Duplicating boundaries for periodic condition
Number of records: 7137482

Building Delaunay Triangulation.
Number of vertices: 7137482
Number of cells: 47575561

Writing to file /home/epfl/dforero/scratch/projects/baosystematics/patchy_results/box1/real/ang/mocks_void_xyz/CATALPTCICz0.466G960S1602453706.ANG.VOID.dat
Writing voids with radius in (-10,1009).
Finished successfully!
2500 -10 1009
Reading file: /home/epfl/dforero/scratch/projects/baosystematics/patchy_results/box1/real/ang/mocks_gal_xyz/CATALPTCICz0.466G960S1606030092.ANG.dat
Number of records: 5897601

Duplicating boundaries for periodic condition
Number of records: 7137992

Building Delaunay Triangulation.
Number of vertices: 7137992
Number of cells: 47581812

Writing to file /home/epfl/dforero/scratch/projects/baosystematics/patchy_results/box1/real/ang/mocks_void_xyz/CATALPTCICz0.466G960S1606030092.ANG.VOID.dat
Writing voids with radius in (-10,1009).
Finished successfully!
2500 -10 1009
Reading file: /home/epfl/dforero/scratch/projects/baosystematics/patchy_results/box1/real/ang/mocks_gal_xyz/CATALPTCICz0.466G960S1612241734.ANG.dat
Number of records: 5899885

Duplicating boundaries for periodic condition
Number of records: 7144259

Building Delaunay Triangulation.
Number of vertices: 7144259
Number of cells: 47622422

Writing to file /home/epfl/dforero/scratch/projects/baosystematics/patchy_results/box1/real/ang/mocks_void_xyz/CATALPTCICz0.466G960S1612241734.ANG.VOID.dat
Writing voids with radius in (-10,1009).
Finished successfully!
2500 -10 1009
Reading file: /home/epfl/dforero/scratch/projects/baosystematics/patchy_results/box1/real/ang/mocks_gal_xyz/CATALPTCICz0.466G960S1618016355.ANG.dat
Number of records: 5899003

Duplicating boundaries for periodic condition
Number of records: 7143161

Building Delaunay Triangulation.
Number of vertices: 7143161
Number of cells: 47623267

Writing to file /home/epfl/dforero/scratch/projects/baosystematics/patchy_results/box1/real/ang/mocks_void_xyz/CATALPTCICz0.466G960S1618016355.ANG.VOID.dat
Writing voids with radius in (-10,1009).
Finished successfully!
2500 -10 1009
Reading file: /home/epfl/dforero/scratch/projects/baosystematics/patchy_results/box1/real/ang/mocks_gal_xyz/CATALPTCICz0.466G960S1618325649.ANG.dat
Number of records: 5899060

Duplicating boundaries for periodic condition
Number of records: 7136630

Building Delaunay Triangulation.
Number of vertices: 7136630
Number of cells: 47579676

Writing to file /home/epfl/dforero/scratch/projects/baosystematics/patchy_results/box1/real/ang/mocks_void_xyz/CATALPTCICz0.466G960S1618325649.ANG.VOID.dat
Writing voids with radius in (-10,1009).
Finished successfully!
2500 -10 1009
Reading file: /home/epfl/dforero/scratch/projects/baosystematics/patchy_results/box1/real/ang/mocks_gal_xyz/CATALPTCICz0.466G960S162548710.ANG.dat
Number of records: 5898075

Duplicating boundaries for periodic condition
Number of records: 7138425

Building Delaunay Triangulation.
Number of vertices: 7138425
Number of cells: 47593625

Writing to file /home/epfl/dforero/scratch/projects/baosystematics/patchy_results/box1/real/ang/mocks_void_xyz/CATALPTCICz0.466G960S162548710.ANG.VOID.dat
Writing voids with radius in (-10,1009).
Finished successfully!
