2500 -10 1009
Reading file: /home/epfl/dforero/scratch/projects/baosystematics/patchy_results/box1/real/ang/mocks_gal_xyz/CATALPTCICz0.466G960S695677361.ANG.dat
Number of records: 5895018

Duplicating boundaries for periodic condition
Number of records: 7140055

Building Delaunay Triangulation.
Number of vertices: 7140055
Number of cells: 47605755

Writing to file /home/epfl/dforero/scratch/projects/baosystematics/patchy_results/box1/real/ang/mocks_void_xyz/CATALPTCICz0.466G960S695677361.ANG.VOID.dat
Writing voids with radius in (-10,1009).
Finished successfully!
2500 -10 1009
Reading file: /home/epfl/dforero/scratch/projects/baosystematics/patchy_results/box1/real/ang/mocks_gal_xyz/CATALPTCICz0.466G960S697291398.ANG.dat
Number of records: 5894560

Duplicating boundaries for periodic condition
Number of records: 7134070

Building Delaunay Triangulation.
Number of vertices: 7134070
Number of cells: 47556014

Writing to file /home/epfl/dforero/scratch/projects/baosystematics/patchy_results/box1/real/ang/mocks_void_xyz/CATALPTCICz0.466G960S697291398.ANG.VOID.dat
Writing voids with radius in (-10,1009).
Finished successfully!
2500 -10 1009
Reading file: /home/epfl/dforero/scratch/projects/baosystematics/patchy_results/box1/real/ang/mocks_gal_xyz/CATALPTCICz0.466G960S699877526.ANG.dat
Number of records: 5899670

Duplicating boundaries for periodic condition
Number of records: 7141626

Building Delaunay Triangulation.
Number of vertices: 7141626
Number of cells: 47611390

Writing to file /home/epfl/dforero/scratch/projects/baosystematics/patchy_results/box1/real/ang/mocks_void_xyz/CATALPTCICz0.466G960S699877526.ANG.VOID.dat
Writing voids with radius in (-10,1009).
Finished successfully!
2500 -10 1009
Reading file: /home/epfl/dforero/scratch/projects/baosystematics/patchy_results/box1/real/ang/mocks_gal_xyz/CATALPTCICz0.466G960S706358248.ANG.dat
Number of records: 5892023

Duplicating boundaries for periodic condition
Number of records: 7130490

Building Delaunay Triangulation.
Number of vertices: 7130490
Number of cells: 47533475

Writing to file /home/epfl/dforero/scratch/projects/baosystematics/patchy_results/box1/real/ang/mocks_void_xyz/CATALPTCICz0.466G960S706358248.ANG.VOID.dat
Writing voids with radius in (-10,1009).
Finished successfully!
2500 -10 1009
Reading file: /home/epfl/dforero/scratch/projects/baosystematics/patchy_results/box1/real/ang/mocks_gal_xyz/CATALPTCICz0.466G960S712845302.ANG.dat
Number of records: 5896406

Duplicating boundaries for periodic condition
Number of records: 7141255

Building Delaunay Triangulation.
Number of vertices: 7141255
Number of cells: 47606919

Writing to file /home/epfl/dforero/scratch/projects/baosystematics/patchy_results/box1/real/ang/mocks_void_xyz/CATALPTCICz0.466G960S712845302.ANG.VOID.dat
Writing voids with radius in (-10,1009).
Finished successfully!
2500 -10 1009
Reading file: /home/epfl/dforero/scratch/projects/baosystematics/patchy_results/box1/real/ang/mocks_gal_xyz/CATALPTCICz0.466G960S714498039.ANG.dat
Number of records: 5899112

Duplicating boundaries for periodic condition
Number of records: 7136516

Building Delaunay Triangulation.
Number of vertices: 7136516
Number of cells: 47577444

Writing to file /home/epfl/dforero/scratch/projects/baosystematics/patchy_results/box1/real/ang/mocks_void_xyz/CATALPTCICz0.466G960S714498039.ANG.VOID.dat
Writing voids with radius in (-10,1009).
Finished successfully!
2500 -10 1009
Reading file: /home/epfl/dforero/scratch/projects/baosystematics/patchy_results/box1/real/ang/mocks_gal_xyz/CATALPTCICz0.466G960S71650295.ANG.dat
Number of records: 5899711

Duplicating boundaries for periodic condition
Number of records: 7131233

Building Delaunay Triangulation.
Number of vertices: 7131233
Number of cells: 47544723

Writing to file /home/epfl/dforero/scratch/projects/baosystematics/patchy_results/box1/real/ang/mocks_void_xyz/CATALPTCICz0.466G960S71650295.ANG.VOID.dat
Writing voids with radius in (-10,1009).
Finished successfully!
2500 -10 1009
Reading file: /home/epfl/dforero/scratch/projects/baosystematics/patchy_results/box1/real/ang/mocks_gal_xyz/CATALPTCICz0.466G960S722630307.ANG.dat
Number of records: 5898687

Duplicating boundaries for periodic condition
Number of records: 7136343

Building Delaunay Triangulation.
Number of vertices: 7136343
Number of cells: 47576451

Writing to file /home/epfl/dforero/scratch/projects/baosystematics/patchy_results/box1/real/ang/mocks_void_xyz/CATALPTCICz0.466G960S722630307.ANG.VOID.dat
Writing voids with radius in (-10,1009).
Finished successfully!
2500 -10 1009
Reading file: /home/epfl/dforero/scratch/projects/baosystematics/patchy_results/box1/real/ang/mocks_gal_xyz/CATALPTCICz0.466G960S729161718.ANG.dat
Number of records: 5896384

Duplicating boundaries for periodic condition
Number of records: 7133693

Building Delaunay Triangulation.
Number of vertices: 7133693
Number of cells: 47553915

Writing to file /home/epfl/dforero/scratch/projects/baosystematics/patchy_results/box1/real/ang/mocks_void_xyz/CATALPTCICz0.466G960S729161718.ANG.VOID.dat
Writing voids with radius in (-10,1009).
Finished successfully!
2500 -10 1009
Reading file: /home/epfl/dforero/scratch/projects/baosystematics/patchy_results/box1/real/ang/mocks_gal_xyz/CATALPTCICz0.466G960S731535461.ANG.dat
Number of records: 5898054

Duplicating boundaries for periodic condition
Number of records: 7137819

Building Delaunay Triangulation.
Number of vertices: 7137819
Number of cells: 47592684

Writing to file /home/epfl/dforero/scratch/projects/baosystematics/patchy_results/box1/real/ang/mocks_void_xyz/CATALPTCICz0.466G960S731535461.ANG.VOID.dat
Writing voids with radius in (-10,1009).
Finished successfully!
