2500 -10 1009
Reading file: /home/epfl/dforero/scratch/projects/baosystematics/patchy_results/box1/real/veto/mocks_gal_xyz/CATALPTCICz0.466G960S931837676.VETO.dat
Number of records: 5859811

Duplicating boundaries for periodic condition
Number of records: 7039800

Building Delaunay Triangulation.
Number of vertices: 7039800
Number of cells: 46894669

Writing to file /home/epfl/dforero/scratch/projects/baosystematics/patchy_results/box1/real/veto/mocks_void_xyz/CATALPTCICz0.466G960S931837676.VETO.VOID.dat
Writing voids with radius in (-10,1009).
Finished successfully!
2500 -10 1009
Reading file: /home/epfl/dforero/scratch/projects/baosystematics/patchy_results/box1/real/veto/mocks_gal_xyz/CATALPTCICz0.466G960S932326958.VETO.dat
Number of records: 5859494

Duplicating boundaries for periodic condition
Number of records: 7038246

Building Delaunay Triangulation.
Number of vertices: 7038246
Number of cells: 46880448

Writing to file /home/epfl/dforero/scratch/projects/baosystematics/patchy_results/box1/real/veto/mocks_void_xyz/CATALPTCICz0.466G960S932326958.VETO.VOID.dat
Writing voids with radius in (-10,1009).
Finished successfully!
2500 -10 1009
Reading file: /home/epfl/dforero/scratch/projects/baosystematics/patchy_results/box1/real/veto/mocks_gal_xyz/CATALPTCICz0.466G960S935344129.VETO.dat
Number of records: 5859748

Duplicating boundaries for periodic condition
Number of records: 7033568

Building Delaunay Triangulation.
Number of vertices: 7033568
Number of cells: 46853744

Writing to file /home/epfl/dforero/scratch/projects/baosystematics/patchy_results/box1/real/veto/mocks_void_xyz/CATALPTCICz0.466G960S935344129.VETO.VOID.dat
Writing voids with radius in (-10,1009).
Finished successfully!
2500 -10 1009
Reading file: /home/epfl/dforero/scratch/projects/baosystematics/patchy_results/box1/real/veto/mocks_gal_xyz/CATALPTCICz0.466G960S938312801.VETO.dat
Number of records: 5855812

Duplicating boundaries for periodic condition
Number of records: 7020040

Building Delaunay Triangulation.
Number of vertices: 7020040
Number of cells: 46762167

Writing to file /home/epfl/dforero/scratch/projects/baosystematics/patchy_results/box1/real/veto/mocks_void_xyz/CATALPTCICz0.466G960S938312801.VETO.VOID.dat
Writing voids with radius in (-10,1009).
Finished successfully!
2500 -10 1009
Reading file: /home/epfl/dforero/scratch/projects/baosystematics/patchy_results/box1/real/veto/mocks_gal_xyz/CATALPTCICz0.466G960S938529308.VETO.dat
Number of records: 5857376

Duplicating boundaries for periodic condition
Number of records: 7037184

Building Delaunay Triangulation.
Number of vertices: 7037184
Number of cells: 46881657

Writing to file /home/epfl/dforero/scratch/projects/baosystematics/patchy_results/box1/real/veto/mocks_void_xyz/CATALPTCICz0.466G960S938529308.VETO.VOID.dat
Writing voids with radius in (-10,1009).
Finished successfully!
2500 -10 1009
Reading file: /home/epfl/dforero/scratch/projects/baosystematics/patchy_results/box1/real/veto/mocks_gal_xyz/CATALPTCICz0.466G960S943243328.VETO.dat
Number of records: 5859599

Duplicating boundaries for periodic condition
Number of records: 7035655

Building Delaunay Triangulation.
Number of vertices: 7035655
Number of cells: 46862033

Writing to file /home/epfl/dforero/scratch/projects/baosystematics/patchy_results/box1/real/veto/mocks_void_xyz/CATALPTCICz0.466G960S943243328.VETO.VOID.dat
Writing voids with radius in (-10,1009).
Finished successfully!
2500 -10 1009
Reading file: /home/epfl/dforero/scratch/projects/baosystematics/patchy_results/box1/real/veto/mocks_gal_xyz/CATALPTCICz0.466G960S952021396.VETO.dat
Number of records: 5852223

Duplicating boundaries for periodic condition
Number of records: 7018322

Building Delaunay Triangulation.
Number of vertices: 7018322
Number of cells: 46754347

Writing to file /home/epfl/dforero/scratch/projects/baosystematics/patchy_results/box1/real/veto/mocks_void_xyz/CATALPTCICz0.466G960S952021396.VETO.VOID.dat
Writing voids with radius in (-10,1009).
Finished successfully!
2500 -10 1009
Reading file: /home/epfl/dforero/scratch/projects/baosystematics/patchy_results/box1/real/veto/mocks_gal_xyz/CATALPTCICz0.466G960S952059125.VETO.dat
Number of records: 5860226

Duplicating boundaries for periodic condition
Number of records: 7039430

Building Delaunay Triangulation.
Number of vertices: 7039430
Number of cells: 46886564

Writing to file /home/epfl/dforero/scratch/projects/baosystematics/patchy_results/box1/real/veto/mocks_void_xyz/CATALPTCICz0.466G960S952059125.VETO.VOID.dat
Writing voids with radius in (-10,1009).
Finished successfully!
2500 -10 1009
Reading file: /home/epfl/dforero/scratch/projects/baosystematics/patchy_results/box1/real/veto/mocks_gal_xyz/CATALPTCICz0.466G960S955456861.VETO.dat
Number of records: 5855526

Duplicating boundaries for periodic condition
Number of records: 7032118

Building Delaunay Triangulation.
Number of vertices: 7032118
Number of cells: 46843485

Writing to file /home/epfl/dforero/scratch/projects/baosystematics/patchy_results/box1/real/veto/mocks_void_xyz/CATALPTCICz0.466G960S955456861.VETO.VOID.dat
Writing voids with radius in (-10,1009).
Finished successfully!
2500 -10 1009
Reading file: /home/epfl/dforero/scratch/projects/baosystematics/patchy_results/box1/real/veto/mocks_gal_xyz/CATALPTCICz0.466G960S956291290.VETO.dat
Number of records: 5856209

Duplicating boundaries for periodic condition
Number of records: 7036139

Building Delaunay Triangulation.
Number of vertices: 7036139
Number of cells: 46866514

Writing to file /home/epfl/dforero/scratch/projects/baosystematics/patchy_results/box1/real/veto/mocks_void_xyz/CATALPTCICz0.466G960S956291290.VETO.VOID.dat
Writing voids with radius in (-10,1009).
Finished successfully!
