2500 -10 1009
Reading file: /home/epfl/dforero/scratch/projects/baosystematics/patchy_results/box1/real/ang/mocks_gal_xyz/CATALPTCICz0.466G960S77766309.ANG.dat
Number of records: 5899713

Duplicating boundaries for periodic condition
Number of records: 7148312

Building Delaunay Triangulation.
Number of vertices: 7148312
Number of cells: 47656243

Writing to file /home/epfl/dforero/scratch/projects/baosystematics/patchy_results/box1/real/ang/mocks_void_xyz/CATALPTCICz0.466G960S77766309.ANG.VOID.dat
Writing voids with radius in (-10,1009).
Finished successfully!
2500 -10 1009
Reading file: /home/epfl/dforero/scratch/projects/baosystematics/patchy_results/box1/real/ang/mocks_gal_xyz/CATALPTCICz0.466G960S780019608.ANG.dat
Number of records: 5897733

Duplicating boundaries for periodic condition
Number of records: 7133551

Building Delaunay Triangulation.
Number of vertices: 7133551
Number of cells: 47558761

Writing to file /home/epfl/dforero/scratch/projects/baosystematics/patchy_results/box1/real/ang/mocks_void_xyz/CATALPTCICz0.466G960S780019608.ANG.VOID.dat
Writing voids with radius in (-10,1009).
Finished successfully!
2500 -10 1009
Reading file: /home/epfl/dforero/scratch/projects/baosystematics/patchy_results/box1/real/ang/mocks_gal_xyz/CATALPTCICz0.466G960S782078129.ANG.dat
Number of records: 5899237

Duplicating boundaries for periodic condition
Number of records: 7143281

Building Delaunay Triangulation.
Number of vertices: 7143281
Number of cells: 47626219

Writing to file /home/epfl/dforero/scratch/projects/baosystematics/patchy_results/box1/real/ang/mocks_void_xyz/CATALPTCICz0.466G960S782078129.ANG.VOID.dat
Writing voids with radius in (-10,1009).
Finished successfully!
2500 -10 1009
Reading file: /home/epfl/dforero/scratch/projects/baosystematics/patchy_results/box1/real/ang/mocks_gal_xyz/CATALPTCICz0.466G960S793081490.ANG.dat
Number of records: 5900176

Duplicating boundaries for periodic condition
Number of records: 7148671

Building Delaunay Triangulation.
Number of vertices: 7148671
Number of cells: 47657955

Writing to file /home/epfl/dforero/scratch/projects/baosystematics/patchy_results/box1/real/ang/mocks_void_xyz/CATALPTCICz0.466G960S793081490.ANG.VOID.dat
Writing voids with radius in (-10,1009).
Finished successfully!
2500 -10 1009
Reading file: /home/epfl/dforero/scratch/projects/baosystematics/patchy_results/box1/real/ang/mocks_gal_xyz/CATALPTCICz0.466G960S793713103.ANG.dat
Number of records: 5894109

Duplicating boundaries for periodic condition
Number of records: 7135391

Building Delaunay Triangulation.
Number of vertices: 7135391
Number of cells: 47561516

Writing to file /home/epfl/dforero/scratch/projects/baosystematics/patchy_results/box1/real/ang/mocks_void_xyz/CATALPTCICz0.466G960S793713103.ANG.VOID.dat
Writing voids with radius in (-10,1009).
Finished successfully!
2500 -10 1009
Reading file: /home/epfl/dforero/scratch/projects/baosystematics/patchy_results/box1/real/ang/mocks_gal_xyz/CATALPTCICz0.466G960S794721539.ANG.dat
Number of records: 5900550

Duplicating boundaries for periodic condition
Number of records: 7148779

Building Delaunay Triangulation.
Number of vertices: 7148779
Number of cells: 47658318

Writing to file /home/epfl/dforero/scratch/projects/baosystematics/patchy_results/box1/real/ang/mocks_void_xyz/CATALPTCICz0.466G960S794721539.ANG.VOID.dat
Writing voids with radius in (-10,1009).
Finished successfully!
2500 -10 1009
Reading file: /home/epfl/dforero/scratch/projects/baosystematics/patchy_results/box1/real/ang/mocks_gal_xyz/CATALPTCICz0.466G960S808034740.ANG.dat
Number of records: 5898305

Duplicating boundaries for periodic condition
Number of records: 7133900

Building Delaunay Triangulation.
Number of vertices: 7133900
Number of cells: 47559215

Writing to file /home/epfl/dforero/scratch/projects/baosystematics/patchy_results/box1/real/ang/mocks_void_xyz/CATALPTCICz0.466G960S808034740.ANG.VOID.dat
Writing voids with radius in (-10,1009).
Finished successfully!
2500 -10 1009
Reading file: /home/epfl/dforero/scratch/projects/baosystematics/patchy_results/box1/real/ang/mocks_gal_xyz/CATALPTCICz0.466G960S814764424.ANG.dat
Number of records: 5898949

Duplicating boundaries for periodic condition
Number of records: 7130011

Building Delaunay Triangulation.
Number of vertices: 7130011
Number of cells: 47531750

Writing to file /home/epfl/dforero/scratch/projects/baosystematics/patchy_results/box1/real/ang/mocks_void_xyz/CATALPTCICz0.466G960S814764424.ANG.VOID.dat
Writing voids with radius in (-10,1009).
Finished successfully!
2500 -10 1009
Reading file: /home/epfl/dforero/scratch/projects/baosystematics/patchy_results/box1/real/ang/mocks_gal_xyz/CATALPTCICz0.466G960S824062495.ANG.dat
Number of records: 5899174

Duplicating boundaries for periodic condition
Number of records: 7131512

Building Delaunay Triangulation.
Number of vertices: 7131512
Number of cells: 47545842

Writing to file /home/epfl/dforero/scratch/projects/baosystematics/patchy_results/box1/real/ang/mocks_void_xyz/CATALPTCICz0.466G960S824062495.ANG.VOID.dat
Writing voids with radius in (-10,1009).
Finished successfully!
2500 -10 1009
Reading file: /home/epfl/dforero/scratch/projects/baosystematics/patchy_results/box1/real/ang/mocks_gal_xyz/CATALPTCICz0.466G960S82515621.ANG.dat
Number of records: 5897780

Duplicating boundaries for periodic condition
Number of records: 7148315

Building Delaunay Triangulation.
Number of vertices: 7148315
Number of cells: 47650631

Writing to file /home/epfl/dforero/scratch/projects/baosystematics/patchy_results/box1/real/ang/mocks_void_xyz/CATALPTCICz0.466G960S82515621.ANG.VOID.dat
Writing voids with radius in (-10,1009).
Finished successfully!
