2500 -10 1009
Reading file: /home/epfl/dforero/scratch/projects/baosystematics/patchy_results/box1/real/veto/mocks_gal_xyz/CATALPTCICz0.466G960S120803028.VETO.dat
Number of records: 5858273

Duplicating boundaries for periodic condition
Number of records: 7025533

Building Delaunay Triangulation.
Number of vertices: 7025533
Number of cells: 46801899

Writing to file /home/epfl/dforero/scratch/projects/baosystematics/patchy_results/box1/real/veto/mocks_void_xyz/CATALPTCICz0.466G960S120803028.VETO.VOID.dat
Writing voids with radius in (-10,1009).
Finished successfully!
2500 -10 1009
Reading file: /home/epfl/dforero/scratch/projects/baosystematics/patchy_results/box1/real/veto/mocks_gal_xyz/CATALPTCICz0.466G960S1217214358.VETO.dat
Number of records: 5856926

Duplicating boundaries for periodic condition
Number of records: 7027611

Building Delaunay Triangulation.
Number of vertices: 7027611
Number of cells: 46810564

Writing to file /home/epfl/dforero/scratch/projects/baosystematics/patchy_results/box1/real/veto/mocks_void_xyz/CATALPTCICz0.466G960S1217214358.VETO.VOID.dat
Writing voids with radius in (-10,1009).
Finished successfully!
2500 -10 1009
Reading file: /home/epfl/dforero/scratch/projects/baosystematics/patchy_results/box1/real/veto/mocks_gal_xyz/CATALPTCICz0.466G960S1220375783.VETO.dat
Number of records: 5856167

Duplicating boundaries for periodic condition
Number of records: 7021841

Building Delaunay Triangulation.
Number of vertices: 7021841
Number of cells: 46773297

Writing to file /home/epfl/dforero/scratch/projects/baosystematics/patchy_results/box1/real/veto/mocks_void_xyz/CATALPTCICz0.466G960S1220375783.VETO.VOID.dat
Writing voids with radius in (-10,1009).
Finished successfully!
2500 -10 1009
Reading file: /home/epfl/dforero/scratch/projects/baosystematics/patchy_results/box1/real/veto/mocks_gal_xyz/CATALPTCICz0.466G960S1227150384.VETO.dat
Number of records: 5859494

Duplicating boundaries for periodic condition
Number of records: 7026636

Building Delaunay Triangulation.
Number of vertices: 7026636
Number of cells: 46810170

Writing to file /home/epfl/dforero/scratch/projects/baosystematics/patchy_results/box1/real/veto/mocks_void_xyz/CATALPTCICz0.466G960S1227150384.VETO.VOID.dat
Writing voids with radius in (-10,1009).
Finished successfully!
2500 -10 1009
Reading file: /home/epfl/dforero/scratch/projects/baosystematics/patchy_results/box1/real/veto/mocks_gal_xyz/CATALPTCICz0.466G960S1230019393.VETO.dat
Number of records: 5859469

Duplicating boundaries for periodic condition
Number of records: 7038102

Building Delaunay Triangulation.
Number of vertices: 7038102
Number of cells: 46881646

Writing to file /home/epfl/dforero/scratch/projects/baosystematics/patchy_results/box1/real/veto/mocks_void_xyz/CATALPTCICz0.466G960S1230019393.VETO.VOID.dat
Writing voids with radius in (-10,1009).
Finished successfully!
2500 -10 1009
Reading file: /home/epfl/dforero/scratch/projects/baosystematics/patchy_results/box1/real/veto/mocks_gal_xyz/CATALPTCICz0.466G960S1234010326.VETO.dat
Number of records: 5854141

Duplicating boundaries for periodic condition
Number of records: 7027104

Building Delaunay Triangulation.
Number of vertices: 7027104
Number of cells: 46808643

Writing to file /home/epfl/dforero/scratch/projects/baosystematics/patchy_results/box1/real/veto/mocks_void_xyz/CATALPTCICz0.466G960S1234010326.VETO.VOID.dat
Writing voids with radius in (-10,1009).
Finished successfully!
2500 -10 1009
Reading file: /home/epfl/dforero/scratch/projects/baosystematics/patchy_results/box1/real/veto/mocks_gal_xyz/CATALPTCICz0.466G960S1234469845.VETO.dat
Number of records: 5852924

Duplicating boundaries for periodic condition
Number of records: 7027626

Building Delaunay Triangulation.
Number of vertices: 7027626
Number of cells: 46811581

Writing to file /home/epfl/dforero/scratch/projects/baosystematics/patchy_results/box1/real/veto/mocks_void_xyz/CATALPTCICz0.466G960S1234469845.VETO.VOID.dat
Writing voids with radius in (-10,1009).
Finished successfully!
2500 -10 1009
Reading file: /home/epfl/dforero/scratch/projects/baosystematics/patchy_results/box1/real/veto/mocks_gal_xyz/CATALPTCICz0.466G960S1239671138.VETO.dat
Number of records: 5857345

Duplicating boundaries for periodic condition
Number of records: 7034895

Building Delaunay Triangulation.
Number of vertices: 7034895
Number of cells: 46858212

Writing to file /home/epfl/dforero/scratch/projects/baosystematics/patchy_results/box1/real/veto/mocks_void_xyz/CATALPTCICz0.466G960S1239671138.VETO.VOID.dat
Writing voids with radius in (-10,1009).
Finished successfully!
2500 -10 1009
Reading file: /home/epfl/dforero/scratch/projects/baosystematics/patchy_results/box1/real/veto/mocks_gal_xyz/CATALPTCICz0.466G960S1239847718.VETO.dat
Number of records: 5858949

Duplicating boundaries for periodic condition
Number of records: 7038230

Building Delaunay Triangulation.
Number of vertices: 7038230
Number of cells: 46869906

Writing to file /home/epfl/dforero/scratch/projects/baosystematics/patchy_results/box1/real/veto/mocks_void_xyz/CATALPTCICz0.466G960S1239847718.VETO.VOID.dat
Writing voids with radius in (-10,1009).
Finished successfully!
2500 -10 1009
Reading file: /home/epfl/dforero/scratch/projects/baosystematics/patchy_results/box1/real/veto/mocks_gal_xyz/CATALPTCICz0.466G960S1244453196.VETO.dat
Number of records: 5854184

Duplicating boundaries for periodic condition
Number of records: 7035215

Building Delaunay Triangulation.
Number of vertices: 7035215
Number of cells: 46858349

Writing to file /home/epfl/dforero/scratch/projects/baosystematics/patchy_results/box1/real/veto/mocks_void_xyz/CATALPTCICz0.466G960S1244453196.VETO.VOID.dat
Writing voids with radius in (-10,1009).
Finished successfully!
