2500 -10 1009
Reading file: /home/epfl/dforero/scratch/projects/baosystematics/patchy_results/box1/real/ang/mocks_gal_xyz/CATALPTCICz0.466G960S1713934780.ANG.dat
Number of records: 5899073

Duplicating boundaries for periodic condition
Number of records: 7133788

Building Delaunay Triangulation.
Number of vertices: 7133788
Number of cells: 47560260

Writing to file /home/epfl/dforero/scratch/projects/baosystematics/patchy_results/box1/real/ang/mocks_void_xyz/CATALPTCICz0.466G960S1713934780.ANG.VOID.dat
Writing voids with radius in (-10,1009).
Finished successfully!
2500 -10 1009
Reading file: /home/epfl/dforero/scratch/projects/baosystematics/patchy_results/box1/real/ang/mocks_gal_xyz/CATALPTCICz0.466G960S1715693657.ANG.dat
Number of records: 5898614

Duplicating boundaries for periodic condition
Number of records: 7132516

Building Delaunay Triangulation.
Number of vertices: 7132516
Number of cells: 47549064

Writing to file /home/epfl/dforero/scratch/projects/baosystematics/patchy_results/box1/real/ang/mocks_void_xyz/CATALPTCICz0.466G960S1715693657.ANG.VOID.dat
Writing voids with radius in (-10,1009).
Finished successfully!
2500 -10 1009
Reading file: /home/epfl/dforero/scratch/projects/baosystematics/patchy_results/box1/real/ang/mocks_gal_xyz/CATALPTCICz0.466G960S171707647.ANG.dat
Number of records: 5899397

Duplicating boundaries for periodic condition
Number of records: 7150838

Building Delaunay Triangulation.
Number of vertices: 7150838
Number of cells: 47669802

Writing to file /home/epfl/dforero/scratch/projects/baosystematics/patchy_results/box1/real/ang/mocks_void_xyz/CATALPTCICz0.466G960S171707647.ANG.VOID.dat
Writing voids with radius in (-10,1009).
Finished successfully!
2500 -10 1009
Reading file: /home/epfl/dforero/scratch/projects/baosystematics/patchy_results/box1/real/ang/mocks_gal_xyz/CATALPTCICz0.466G960S1723267773.ANG.dat
Number of records: 5900878

Duplicating boundaries for periodic condition
Number of records: 7141670

Building Delaunay Triangulation.
Number of vertices: 7141670
Number of cells: 47611991

Writing to file /home/epfl/dforero/scratch/projects/baosystematics/patchy_results/box1/real/ang/mocks_void_xyz/CATALPTCICz0.466G960S1723267773.ANG.VOID.dat
Writing voids with radius in (-10,1009).
Finished successfully!
2500 -10 1009
Reading file: /home/epfl/dforero/scratch/projects/baosystematics/patchy_results/box1/real/ang/mocks_gal_xyz/CATALPTCICz0.466G960S1725903597.ANG.dat
Number of records: 5899411

Duplicating boundaries for periodic condition
Number of records: 7139606

Building Delaunay Triangulation.
Number of vertices: 7139606
Number of cells: 47603609

Writing to file /home/epfl/dforero/scratch/projects/baosystematics/patchy_results/box1/real/ang/mocks_void_xyz/CATALPTCICz0.466G960S1725903597.ANG.VOID.dat
Writing voids with radius in (-10,1009).
Finished successfully!
2500 -10 1009
Reading file: /home/epfl/dforero/scratch/projects/baosystematics/patchy_results/box1/real/ang/mocks_gal_xyz/CATALPTCICz0.466G960S1727189069.ANG.dat
Number of records: 5899404

Duplicating boundaries for periodic condition
Number of records: 7130949

Building Delaunay Triangulation.
Number of vertices: 7130949
Number of cells: 47542547

Writing to file /home/epfl/dforero/scratch/projects/baosystematics/patchy_results/box1/real/ang/mocks_void_xyz/CATALPTCICz0.466G960S1727189069.ANG.VOID.dat
Writing voids with radius in (-10,1009).
Finished successfully!
2500 -10 1009
Reading file: /home/epfl/dforero/scratch/projects/baosystematics/patchy_results/box1/real/ang/mocks_gal_xyz/CATALPTCICz0.466G960S1737359640.ANG.dat
Number of records: 5901534

Duplicating boundaries for periodic condition
Number of records: 7150181

Building Delaunay Triangulation.
Number of vertices: 7150181
Number of cells: 47663445

Writing to file /home/epfl/dforero/scratch/projects/baosystematics/patchy_results/box1/real/ang/mocks_void_xyz/CATALPTCICz0.466G960S1737359640.ANG.VOID.dat
Writing voids with radius in (-10,1009).
Finished successfully!
2500 -10 1009
Reading file: /home/epfl/dforero/scratch/projects/baosystematics/patchy_results/box1/real/ang/mocks_gal_xyz/CATALPTCICz0.466G960S1740263594.ANG.dat
Number of records: 5896637

Duplicating boundaries for periodic condition
Number of records: 7138126

Building Delaunay Triangulation.
Number of vertices: 7138126
Number of cells: 47583606

Writing to file /home/epfl/dforero/scratch/projects/baosystematics/patchy_results/box1/real/ang/mocks_void_xyz/CATALPTCICz0.466G960S1740263594.ANG.VOID.dat
Writing voids with radius in (-10,1009).
Finished successfully!
2500 -10 1009
Reading file: /home/epfl/dforero/scratch/projects/baosystematics/patchy_results/box1/real/ang/mocks_gal_xyz/CATALPTCICz0.466G960S174282346.ANG.dat
Number of records: 5899199

Duplicating boundaries for periodic condition
Number of records: 7143408

Building Delaunay Triangulation.
Number of vertices: 7143408
Number of cells: 47621789

Writing to file /home/epfl/dforero/scratch/projects/baosystematics/patchy_results/box1/real/ang/mocks_void_xyz/CATALPTCICz0.466G960S174282346.ANG.VOID.dat
Writing voids with radius in (-10,1009).
Finished successfully!
2500 -10 1009
Reading file: /home/epfl/dforero/scratch/projects/baosystematics/patchy_results/box1/real/ang/mocks_gal_xyz/CATALPTCICz0.466G960S1743301054.ANG.dat
Number of records: 5896789

Duplicating boundaries for periodic condition
Number of records: 7131887

Building Delaunay Triangulation.
Number of vertices: 7131887
Number of cells: 47548282

Writing to file /home/epfl/dforero/scratch/projects/baosystematics/patchy_results/box1/real/ang/mocks_void_xyz/CATALPTCICz0.466G960S1743301054.ANG.VOID.dat
Writing voids with radius in (-10,1009).
Finished successfully!
