2500 -10 1009
Reading file: /home/epfl/dforero/scratch/projects/baosystematics/patchy_results/box1/real/veto/mocks_gal_xyz/CATALPTCICz0.466G960S1409783393.VETO.dat
Number of records: 5858804

Duplicating boundaries for periodic condition
Number of records: 7030665

Building Delaunay Triangulation.
Number of vertices: 7030665
Number of cells: 46834197

Writing to file /home/epfl/dforero/scratch/projects/baosystematics/patchy_results/box1/real/veto/mocks_void_xyz/CATALPTCICz0.466G960S1409783393.VETO.VOID.dat
Writing voids with radius in (-10,1009).
Finished successfully!
2500 -10 1009
Reading file: /home/epfl/dforero/scratch/projects/baosystematics/patchy_results/box1/real/veto/mocks_gal_xyz/CATALPTCICz0.466G960S1409803201.VETO.dat
Number of records: 5863614

Duplicating boundaries for periodic condition
Number of records: 7034349

Building Delaunay Triangulation.
Number of vertices: 7034349
Number of cells: 46858328

Writing to file /home/epfl/dforero/scratch/projects/baosystematics/patchy_results/box1/real/veto/mocks_void_xyz/CATALPTCICz0.466G960S1409803201.VETO.VOID.dat
Writing voids with radius in (-10,1009).
Finished successfully!
2500 -10 1009
Reading file: /home/epfl/dforero/scratch/projects/baosystematics/patchy_results/box1/real/veto/mocks_gal_xyz/CATALPTCICz0.466G960S1412768225.VETO.dat
Number of records: 5858100

Duplicating boundaries for periodic condition
Number of records: 7036406

Building Delaunay Triangulation.
Number of vertices: 7036406
Number of cells: 46869076

Writing to file /home/epfl/dforero/scratch/projects/baosystematics/patchy_results/box1/real/veto/mocks_void_xyz/CATALPTCICz0.466G960S1412768225.VETO.VOID.dat
Writing voids with radius in (-10,1009).
Finished successfully!
2500 -10 1009
Reading file: /home/epfl/dforero/scratch/projects/baosystematics/patchy_results/box1/real/veto/mocks_gal_xyz/CATALPTCICz0.466G960S1415001107.VETO.dat
Number of records: 5856968

Duplicating boundaries for periodic condition
Number of records: 7027044

Building Delaunay Triangulation.
Number of vertices: 7027044
Number of cells: 46806662

Writing to file /home/epfl/dforero/scratch/projects/baosystematics/patchy_results/box1/real/veto/mocks_void_xyz/CATALPTCICz0.466G960S1415001107.VETO.VOID.dat
Writing voids with radius in (-10,1009).
Finished successfully!
2500 -10 1009
Reading file: /home/epfl/dforero/scratch/projects/baosystematics/patchy_results/box1/real/veto/mocks_gal_xyz/CATALPTCICz0.466G960S1419734074.VETO.dat
Number of records: 5856779

Duplicating boundaries for periodic condition
Number of records: 7030961

Building Delaunay Triangulation.
Number of vertices: 7030961
Number of cells: 46834802

Writing to file /home/epfl/dforero/scratch/projects/baosystematics/patchy_results/box1/real/veto/mocks_void_xyz/CATALPTCICz0.466G960S1419734074.VETO.VOID.dat
Writing voids with radius in (-10,1009).
Finished successfully!
2500 -10 1009
Reading file: /home/epfl/dforero/scratch/projects/baosystematics/patchy_results/box1/real/veto/mocks_gal_xyz/CATALPTCICz0.466G960S1428348139.VETO.dat
Number of records: 5853728

Duplicating boundaries for periodic condition
Number of records: 7032866

Building Delaunay Triangulation.
Number of vertices: 7032866
Number of cells: 46850562

Writing to file /home/epfl/dforero/scratch/projects/baosystematics/patchy_results/box1/real/veto/mocks_void_xyz/CATALPTCICz0.466G960S1428348139.VETO.VOID.dat
Writing voids with radius in (-10,1009).
Finished successfully!
2500 -10 1009
Reading file: /home/epfl/dforero/scratch/projects/baosystematics/patchy_results/box1/real/veto/mocks_gal_xyz/CATALPTCICz0.466G960S1431773317.VETO.dat
Number of records: 5856118

Duplicating boundaries for periodic condition
Number of records: 7025761

Building Delaunay Triangulation.
Number of vertices: 7025761
Number of cells: 46796279

Writing to file /home/epfl/dforero/scratch/projects/baosystematics/patchy_results/box1/real/veto/mocks_void_xyz/CATALPTCICz0.466G960S1431773317.VETO.VOID.dat
Writing voids with radius in (-10,1009).
Finished successfully!
2500 -10 1009
Reading file: /home/epfl/dforero/scratch/projects/baosystematics/patchy_results/box1/real/veto/mocks_gal_xyz/CATALPTCICz0.466G960S1440768444.VETO.dat
Number of records: 5855347

Duplicating boundaries for periodic condition
Number of records: 7029268

Building Delaunay Triangulation.
Number of vertices: 7029267
Number of cells: 46825357

Writing to file /home/epfl/dforero/scratch/projects/baosystematics/patchy_results/box1/real/veto/mocks_void_xyz/CATALPTCICz0.466G960S1440768444.VETO.VOID.dat
Writing voids with radius in (-10,1009).
Finished successfully!
2500 -10 1009
Reading file: /home/epfl/dforero/scratch/projects/baosystematics/patchy_results/box1/real/veto/mocks_gal_xyz/CATALPTCICz0.466G960S1448773697.VETO.dat
Number of records: 5851047

Duplicating boundaries for periodic condition
Number of records: 7026262

Building Delaunay Triangulation.
Number of vertices: 7026262
Number of cells: 46802927

Writing to file /home/epfl/dforero/scratch/projects/baosystematics/patchy_results/box1/real/veto/mocks_void_xyz/CATALPTCICz0.466G960S1448773697.VETO.VOID.dat
Writing voids with radius in (-10,1009).
Finished successfully!
2500 -10 1009
Reading file: /home/epfl/dforero/scratch/projects/baosystematics/patchy_results/box1/real/veto/mocks_gal_xyz/CATALPTCICz0.466G960S1450112253.VETO.dat
Number of records: 5858415

Duplicating boundaries for periodic condition
Number of records: 7033501

Building Delaunay Triangulation.
Number of vertices: 7033501
Number of cells: 46841828

Writing to file /home/epfl/dforero/scratch/projects/baosystematics/patchy_results/box1/real/veto/mocks_void_xyz/CATALPTCICz0.466G960S1450112253.VETO.VOID.dat
Writing voids with radius in (-10,1009).
Finished successfully!
