2500 -10 1009
Reading file: /home/epfl/dforero/scratch/projects/baosystematics/patchy_results/box1/real/ang/mocks_gal_xyz/CATALPTCICz0.466G960S526205821.ANG.dat
Number of records: 5894233

Duplicating boundaries for periodic condition
Number of records: 7130698

Building Delaunay Triangulation.
Number of vertices: 7130697
Number of cells: 47541007

Writing to file /home/epfl/dforero/scratch/projects/baosystematics/patchy_results/box1/real/ang/mocks_void_xyz/CATALPTCICz0.466G960S526205821.ANG.VOID.dat
Writing voids with radius in (-10,1009).
Finished successfully!
2500 -10 1009
Reading file: /home/epfl/dforero/scratch/projects/baosystematics/patchy_results/box1/real/ang/mocks_gal_xyz/CATALPTCICz0.466G960S527868848.ANG.dat
Number of records: 5899812

Duplicating boundaries for periodic condition
Number of records: 7143066

Building Delaunay Triangulation.
Number of vertices: 7143066
Number of cells: 47619914

Writing to file /home/epfl/dforero/scratch/projects/baosystematics/patchy_results/box1/real/ang/mocks_void_xyz/CATALPTCICz0.466G960S527868848.ANG.VOID.dat
Writing voids with radius in (-10,1009).
Finished successfully!
2500 -10 1009
Reading file: /home/epfl/dforero/scratch/projects/baosystematics/patchy_results/box1/real/ang/mocks_gal_xyz/CATALPTCICz0.466G960S532108636.ANG.dat
Number of records: 5900016

Duplicating boundaries for periodic condition
Number of records: 7143435

Building Delaunay Triangulation.
Number of vertices: 7143435
Number of cells: 47630288

Writing to file /home/epfl/dforero/scratch/projects/baosystematics/patchy_results/box1/real/ang/mocks_void_xyz/CATALPTCICz0.466G960S532108636.ANG.VOID.dat
Writing voids with radius in (-10,1009).
Finished successfully!
2500 -10 1009
Reading file: /home/epfl/dforero/scratch/projects/baosystematics/patchy_results/box1/real/ang/mocks_gal_xyz/CATALPTCICz0.466G960S539477718.ANG.dat
Number of records: 5897886

Duplicating boundaries for periodic condition
Number of records: 7136930

Building Delaunay Triangulation.
Number of vertices: 7136930
Number of cells: 47587261

Writing to file /home/epfl/dforero/scratch/projects/baosystematics/patchy_results/box1/real/ang/mocks_void_xyz/CATALPTCICz0.466G960S539477718.ANG.VOID.dat
Writing voids with radius in (-10,1009).
Finished successfully!
2500 -10 1009
Reading file: /home/epfl/dforero/scratch/projects/baosystematics/patchy_results/box1/real/ang/mocks_gal_xyz/CATALPTCICz0.466G960S542715479.ANG.dat
Number of records: 5900277

Duplicating boundaries for periodic condition
Number of records: 7143135

Building Delaunay Triangulation.
Number of vertices: 7143135
Number of cells: 47621828

Writing to file /home/epfl/dforero/scratch/projects/baosystematics/patchy_results/box1/real/ang/mocks_void_xyz/CATALPTCICz0.466G960S542715479.ANG.VOID.dat
Writing voids with radius in (-10,1009).
Finished successfully!
2500 -10 1009
Reading file: /home/epfl/dforero/scratch/projects/baosystematics/patchy_results/box1/real/ang/mocks_gal_xyz/CATALPTCICz0.466G960S551607063.ANG.dat
Number of records: 5900015

Duplicating boundaries for periodic condition
Number of records: 7129792

Building Delaunay Triangulation.
Number of vertices: 7129792
Number of cells: 47534652

Writing to file /home/epfl/dforero/scratch/projects/baosystematics/patchy_results/box1/real/ang/mocks_void_xyz/CATALPTCICz0.466G960S551607063.ANG.VOID.dat
Writing voids with radius in (-10,1009).
Finished successfully!
2500 -10 1009
Reading file: /home/epfl/dforero/scratch/projects/baosystematics/patchy_results/box1/real/ang/mocks_gal_xyz/CATALPTCICz0.466G960S553131619.ANG.dat
Number of records: 5899082

Duplicating boundaries for periodic condition
Number of records: 7139677

Building Delaunay Triangulation.
Number of vertices: 7139677
Number of cells: 47595491

Writing to file /home/epfl/dforero/scratch/projects/baosystematics/patchy_results/box1/real/ang/mocks_void_xyz/CATALPTCICz0.466G960S553131619.ANG.VOID.dat
Writing voids with radius in (-10,1009).
Finished successfully!
2500 -10 1009
Reading file: /home/epfl/dforero/scratch/projects/baosystematics/patchy_results/box1/real/ang/mocks_gal_xyz/CATALPTCICz0.466G960S559008860.ANG.dat
Number of records: 5899508

Duplicating boundaries for periodic condition
Number of records: 7138947

Building Delaunay Triangulation.
Number of vertices: 7138947
Number of cells: 47593057

Writing to file /home/epfl/dforero/scratch/projects/baosystematics/patchy_results/box1/real/ang/mocks_void_xyz/CATALPTCICz0.466G960S559008860.ANG.VOID.dat
Writing voids with radius in (-10,1009).
Finished successfully!
2500 -10 1009
Reading file: /home/epfl/dforero/scratch/projects/baosystematics/patchy_results/box1/real/ang/mocks_gal_xyz/CATALPTCICz0.466G960S559101366.ANG.dat
Number of records: 5897225

Duplicating boundaries for periodic condition
Number of records: 7130168

Building Delaunay Triangulation.
Number of vertices: 7130167
Number of cells: 47528082

Writing to file /home/epfl/dforero/scratch/projects/baosystematics/patchy_results/box1/real/ang/mocks_void_xyz/CATALPTCICz0.466G960S559101366.ANG.VOID.dat
Writing voids with radius in (-10,1009).
Finished successfully!
2500 -10 1009
Reading file: /home/epfl/dforero/scratch/projects/baosystematics/patchy_results/box1/real/ang/mocks_gal_xyz/CATALPTCICz0.466G960S559349656.ANG.dat
Number of records: 5898653

Duplicating boundaries for periodic condition
Number of records: 7135563

Building Delaunay Triangulation.
Number of vertices: 7135563
Number of cells: 47570619

Writing to file /home/epfl/dforero/scratch/projects/baosystematics/patchy_results/box1/real/ang/mocks_void_xyz/CATALPTCICz0.466G960S559349656.ANG.VOID.dat
Writing voids with radius in (-10,1009).
Finished successfully!
