2500 -10 1009
Reading file: /home/epfl/dforero/scratch/projects/baosystematics/patchy_results/box1/real/vetoang/mocks_gal_xyz/CATALPTCICz0.466G960S37727687.VETO_ANG.dat
Number of records: 5560151

Duplicating boundaries for periodic condition
Number of records: 6705681

Building Delaunay Triangulation.
Number of vertices: 6705681
Number of cells: 44683924

Writing to file /home/epfl/dforero/scratch/projects/baosystematics/patchy_results/box1/real/vetoang/mocks_void_xyz/CATALPTCICz0.466G960S37727687.VETO_ANG.VOID.dat
Writing voids with radius in (-10,1009).
Finished successfully!
2500 -10 1009
Reading file: /home/epfl/dforero/scratch/projects/baosystematics/patchy_results/box1/real/vetoang/mocks_gal_xyz/CATALPTCICz0.466G960S378690851.VETO_ANG.dat
Number of records: 5561853

Duplicating boundaries for periodic condition
Number of records: 6713687

Building Delaunay Triangulation.
Number of vertices: 6713686
Number of cells: 44732758

Writing to file /home/epfl/dforero/scratch/projects/baosystematics/patchy_results/box1/real/vetoang/mocks_void_xyz/CATALPTCICz0.466G960S378690851.VETO_ANG.VOID.dat
Writing voids with radius in (-10,1009).
Finished successfully!
2500 -10 1009
Reading file: /home/epfl/dforero/scratch/projects/baosystematics/patchy_results/box1/real/vetoang/mocks_gal_xyz/CATALPTCICz0.466G960S378695801.VETO_ANG.dat
Number of records: 5557528

Duplicating boundaries for periodic condition
Number of records: 6699292

Building Delaunay Triangulation.
Number of vertices: 6699292
Number of cells: 44633592

Writing to file /home/epfl/dforero/scratch/projects/baosystematics/patchy_results/box1/real/vetoang/mocks_void_xyz/CATALPTCICz0.466G960S378695801.VETO_ANG.VOID.dat
Writing voids with radius in (-10,1009).
Finished successfully!
2500 -10 1009
Reading file: /home/epfl/dforero/scratch/projects/baosystematics/patchy_results/box1/real/vetoang/mocks_gal_xyz/CATALPTCICz0.466G960S380713955.VETO_ANG.dat
Number of records: 5555275

Duplicating boundaries for periodic condition
Number of records: 6702965

Building Delaunay Triangulation.
Number of vertices: 6702965
Number of cells: 44667027

Writing to file /home/epfl/dforero/scratch/projects/baosystematics/patchy_results/box1/real/vetoang/mocks_void_xyz/CATALPTCICz0.466G960S380713955.VETO_ANG.VOID.dat
Writing voids with radius in (-10,1009).
Finished successfully!
2500 -10 1009
Reading file: /home/epfl/dforero/scratch/projects/baosystematics/patchy_results/box1/real/vetoang/mocks_gal_xyz/CATALPTCICz0.466G960S381945632.VETO_ANG.dat
Number of records: 5557531

Duplicating boundaries for periodic condition
Number of records: 6713720

Building Delaunay Triangulation.
Number of vertices: 6713720
Number of cells: 44730307

Writing to file /home/epfl/dforero/scratch/projects/baosystematics/patchy_results/box1/real/vetoang/mocks_void_xyz/CATALPTCICz0.466G960S381945632.VETO_ANG.VOID.dat
Writing voids with radius in (-10,1009).
Finished successfully!
2500 -10 1009
Reading file: /home/epfl/dforero/scratch/projects/baosystematics/patchy_results/box1/real/vetoang/mocks_gal_xyz/CATALPTCICz0.466G960S384074470.VETO_ANG.dat
Number of records: 5558897

Duplicating boundaries for periodic condition
Number of records: 6702257

Building Delaunay Triangulation.
Number of vertices: 6702257
Number of cells: 44659910

Writing to file /home/epfl/dforero/scratch/projects/baosystematics/patchy_results/box1/real/vetoang/mocks_void_xyz/CATALPTCICz0.466G960S384074470.VETO_ANG.VOID.dat
Writing voids with radius in (-10,1009).
Finished successfully!
2500 -10 1009
Reading file: /home/epfl/dforero/scratch/projects/baosystematics/patchy_results/box1/real/vetoang/mocks_gal_xyz/CATALPTCICz0.466G960S38850615.VETO_ANG.dat
Number of records: 5555208

Duplicating boundaries for periodic condition
Number of records: 6700851

Building Delaunay Triangulation.
Number of vertices: 6700851
Number of cells: 44644784

Writing to file /home/epfl/dforero/scratch/projects/baosystematics/patchy_results/box1/real/vetoang/mocks_void_xyz/CATALPTCICz0.466G960S38850615.VETO_ANG.VOID.dat
Writing voids with radius in (-10,1009).
Finished successfully!
2500 -10 1009
Reading file: /home/epfl/dforero/scratch/projects/baosystematics/patchy_results/box1/real/vetoang/mocks_gal_xyz/CATALPTCICz0.466G960S394099568.VETO_ANG.dat
Number of records: 5557830

Duplicating boundaries for periodic condition
Number of records: 6710349

Building Delaunay Triangulation.
Number of vertices: 6710349
Number of cells: 44713722

Writing to file /home/epfl/dforero/scratch/projects/baosystematics/patchy_results/box1/real/vetoang/mocks_void_xyz/CATALPTCICz0.466G960S394099568.VETO_ANG.VOID.dat
Writing voids with radius in (-10,1009).
Finished successfully!
2500 -10 1009
Reading file: /home/epfl/dforero/scratch/projects/baosystematics/patchy_results/box1/real/vetoang/mocks_gal_xyz/CATALPTCICz0.466G960S396051984.VETO_ANG.dat
Number of records: 5558223

Duplicating boundaries for periodic condition
Number of records: 6715218

Building Delaunay Triangulation.
Number of vertices: 6715218
Number of cells: 44746778

Writing to file /home/epfl/dforero/scratch/projects/baosystematics/patchy_results/box1/real/vetoang/mocks_void_xyz/CATALPTCICz0.466G960S396051984.VETO_ANG.VOID.dat
Writing voids with radius in (-10,1009).
Finished successfully!
2500 -10 1009
Reading file: /home/epfl/dforero/scratch/projects/baosystematics/patchy_results/box1/real/vetoang/mocks_gal_xyz/CATALPTCICz0.466G960S398774913.VETO_ANG.dat
Number of records: 5560535

Duplicating boundaries for periodic condition
Number of records: 6709754

Building Delaunay Triangulation.
Number of vertices: 6709754
Number of cells: 44713018

Writing to file /home/epfl/dforero/scratch/projects/baosystematics/patchy_results/box1/real/vetoang/mocks_void_xyz/CATALPTCICz0.466G960S398774913.VETO_ANG.VOID.dat
Writing voids with radius in (-10,1009).
Finished successfully!
