2500 -10 1009
Reading file: /home/epfl/dforero/scratch/projects/baosystematics/patchy_results/box1/real/veto/mocks_gal_xyz/CATALPTCICz0.466G960S167373079.VETO.dat
Number of records: 5857321

Duplicating boundaries for periodic condition
Number of records: 7033283

Building Delaunay Triangulation.
Number of vertices: 7033283
Number of cells: 46852206

Writing to file /home/epfl/dforero/scratch/projects/baosystematics/patchy_results/box1/real/veto/mocks_void_xyz/CATALPTCICz0.466G960S167373079.VETO.VOID.dat
Writing voids with radius in (-10,1009).
Finished successfully!
2500 -10 1009
Reading file: /home/epfl/dforero/scratch/projects/baosystematics/patchy_results/box1/real/veto/mocks_gal_xyz/CATALPTCICz0.466G960S1675546508.VETO.dat
Number of records: 5855612

Duplicating boundaries for periodic condition
Number of records: 7032742

Building Delaunay Triangulation.
Number of vertices: 7032742
Number of cells: 46847102

Writing to file /home/epfl/dforero/scratch/projects/baosystematics/patchy_results/box1/real/veto/mocks_void_xyz/CATALPTCICz0.466G960S1675546508.VETO.VOID.dat
Writing voids with radius in (-10,1009).
Finished successfully!
2500 -10 1009
Reading file: /home/epfl/dforero/scratch/projects/baosystematics/patchy_results/box1/real/veto/mocks_gal_xyz/CATALPTCICz0.466G960S1679333461.VETO.dat
Number of records: 5851945

Duplicating boundaries for periodic condition
Number of records: 7030720

Building Delaunay Triangulation.
Number of vertices: 7030720
Number of cells: 46832997

Writing to file /home/epfl/dforero/scratch/projects/baosystematics/patchy_results/box1/real/veto/mocks_void_xyz/CATALPTCICz0.466G960S1679333461.VETO.VOID.dat
Writing voids with radius in (-10,1009).
Finished successfully!
2500 -10 1009
Reading file: /home/epfl/dforero/scratch/projects/baosystematics/patchy_results/box1/real/veto/mocks_gal_xyz/CATALPTCICz0.466G960S1685847119.VETO.dat
Number of records: 5854565

Duplicating boundaries for periodic condition
Number of records: 7029987

Building Delaunay Triangulation.
Number of vertices: 7029987
Number of cells: 46838397

Writing to file /home/epfl/dforero/scratch/projects/baosystematics/patchy_results/box1/real/veto/mocks_void_xyz/CATALPTCICz0.466G960S1685847119.VETO.VOID.dat
Writing voids with radius in (-10,1009).
Finished successfully!
2500 -10 1009
Reading file: /home/epfl/dforero/scratch/projects/baosystematics/patchy_results/box1/real/veto/mocks_gal_xyz/CATALPTCICz0.466G960S1695327302.VETO.dat
Number of records: 5860566

Duplicating boundaries for periodic condition
Number of records: 7031695

Building Delaunay Triangulation.
Number of vertices: 7031695
Number of cells: 46839960

Writing to file /home/epfl/dforero/scratch/projects/baosystematics/patchy_results/box1/real/veto/mocks_void_xyz/CATALPTCICz0.466G960S1695327302.VETO.VOID.dat
Writing voids with radius in (-10,1009).
Finished successfully!
2500 -10 1009
Reading file: /home/epfl/dforero/scratch/projects/baosystematics/patchy_results/box1/real/veto/mocks_gal_xyz/CATALPTCICz0.466G960S1697695752.VETO.dat
Number of records: 5850842

Duplicating boundaries for periodic condition
Number of records: 7019023

Building Delaunay Triangulation.
Number of vertices: 7019023
Number of cells: 46752536

Writing to file /home/epfl/dforero/scratch/projects/baosystematics/patchy_results/box1/real/veto/mocks_void_xyz/CATALPTCICz0.466G960S1697695752.VETO.VOID.dat
Writing voids with radius in (-10,1009).
Finished successfully!
2500 -10 1009
Reading file: /home/epfl/dforero/scratch/projects/baosystematics/patchy_results/box1/real/veto/mocks_gal_xyz/CATALPTCICz0.466G960S1701633369.VETO.dat
Number of records: 5858984

Duplicating boundaries for periodic condition
Number of records: 7034113

Building Delaunay Triangulation.
Number of vertices: 7034113
Number of cells: 46850758

Writing to file /home/epfl/dforero/scratch/projects/baosystematics/patchy_results/box1/real/veto/mocks_void_xyz/CATALPTCICz0.466G960S1701633369.VETO.VOID.dat
Writing voids with radius in (-10,1009).
Finished successfully!
2500 -10 1009
Reading file: /home/epfl/dforero/scratch/projects/baosystematics/patchy_results/box1/real/veto/mocks_gal_xyz/CATALPTCICz0.466G960S1702508998.VETO.dat
Number of records: 5859345

Duplicating boundaries for periodic condition
Number of records: 7030518

Building Delaunay Triangulation.
Number of vertices: 7030518
Number of cells: 46830309

Writing to file /home/epfl/dforero/scratch/projects/baosystematics/patchy_results/box1/real/veto/mocks_void_xyz/CATALPTCICz0.466G960S1702508998.VETO.VOID.dat
Writing voids with radius in (-10,1009).
Finished successfully!
2500 -10 1009
Reading file: /home/epfl/dforero/scratch/projects/baosystematics/patchy_results/box1/real/veto/mocks_gal_xyz/CATALPTCICz0.466G960S1704728487.VETO.dat
Number of records: 5856500

Duplicating boundaries for periodic condition
Number of records: 7032096

Building Delaunay Triangulation.
Number of vertices: 7032096
Number of cells: 46841638

Writing to file /home/epfl/dforero/scratch/projects/baosystematics/patchy_results/box1/real/veto/mocks_void_xyz/CATALPTCICz0.466G960S1704728487.VETO.VOID.dat
Writing voids with radius in (-10,1009).
Finished successfully!
2500 -10 1009
Reading file: /home/epfl/dforero/scratch/projects/baosystematics/patchy_results/box1/real/veto/mocks_gal_xyz/CATALPTCICz0.466G960S1711891480.VETO.dat
Number of records: 5860846

Duplicating boundaries for periodic condition
Number of records: 7038760

Building Delaunay Triangulation.
Number of vertices: 7038760
Number of cells: 46887531

Writing to file /home/epfl/dforero/scratch/projects/baosystematics/patchy_results/box1/real/veto/mocks_void_xyz/CATALPTCICz0.466G960S1711891480.VETO.VOID.dat
Writing voids with radius in (-10,1009).
Finished successfully!
