2500 -10 1009
Reading file: /home/epfl/dforero/scratch/projects/baosystematics/patchy_results/box1/real/vetoang/mocks_gal_xyz/CATALPTCICz0.466G960S120803028.VETO_ANG.dat
Number of records: 5560404

Duplicating boundaries for periodic condition
Number of records: 6702796

Building Delaunay Triangulation.
Number of vertices: 6702796
Number of cells: 44667411

Writing to file /home/epfl/dforero/scratch/projects/baosystematics/patchy_results/box1/real/vetoang/mocks_void_xyz/CATALPTCICz0.466G960S120803028.VETO_ANG.VOID.dat
Writing voids with radius in (-10,1009).
Finished successfully!
2500 -10 1009
Reading file: /home/epfl/dforero/scratch/projects/baosystematics/patchy_results/box1/real/vetoang/mocks_gal_xyz/CATALPTCICz0.466G960S1217214358.VETO_ANG.dat
Number of records: 5558360

Duplicating boundaries for periodic condition
Number of records: 6704362

Building Delaunay Triangulation.
Number of vertices: 6704362
Number of cells: 44668612

Writing to file /home/epfl/dforero/scratch/projects/baosystematics/patchy_results/box1/real/vetoang/mocks_void_xyz/CATALPTCICz0.466G960S1217214358.VETO_ANG.VOID.dat
Writing voids with radius in (-10,1009).
Finished successfully!
2500 -10 1009
Reading file: /home/epfl/dforero/scratch/projects/baosystematics/patchy_results/box1/real/vetoang/mocks_gal_xyz/CATALPTCICz0.466G960S1220375783.VETO_ANG.dat
Number of records: 5558178

Duplicating boundaries for periodic condition
Number of records: 6698836

Building Delaunay Triangulation.
Number of vertices: 6698836
Number of cells: 44635443

Writing to file /home/epfl/dforero/scratch/projects/baosystematics/patchy_results/box1/real/vetoang/mocks_void_xyz/CATALPTCICz0.466G960S1220375783.VETO_ANG.VOID.dat
Writing voids with radius in (-10,1009).
Finished successfully!
2500 -10 1009
Reading file: /home/epfl/dforero/scratch/projects/baosystematics/patchy_results/box1/real/vetoang/mocks_gal_xyz/CATALPTCICz0.466G960S1227150384.VETO_ANG.dat
Number of records: 5559899

Duplicating boundaries for periodic condition
Number of records: 6701999

Building Delaunay Triangulation.
Number of vertices: 6701999
Number of cells: 44662763

Writing to file /home/epfl/dforero/scratch/projects/baosystematics/patchy_results/box1/real/vetoang/mocks_void_xyz/CATALPTCICz0.466G960S1227150384.VETO_ANG.VOID.dat
Writing voids with radius in (-10,1009).
Finished successfully!
2500 -10 1009
Reading file: /home/epfl/dforero/scratch/projects/baosystematics/patchy_results/box1/real/vetoang/mocks_gal_xyz/CATALPTCICz0.466G960S1230019393.VETO_ANG.dat
Number of records: 5560390

Duplicating boundaries for periodic condition
Number of records: 6714091

Building Delaunay Triangulation.
Number of vertices: 6714091
Number of cells: 44739977

Writing to file /home/epfl/dforero/scratch/projects/baosystematics/patchy_results/box1/real/vetoang/mocks_void_xyz/CATALPTCICz0.466G960S1230019393.VETO_ANG.VOID.dat
Writing voids with radius in (-10,1009).
Finished successfully!
2500 -10 1009
Reading file: /home/epfl/dforero/scratch/projects/baosystematics/patchy_results/box1/real/vetoang/mocks_gal_xyz/CATALPTCICz0.466G960S1234010326.VETO_ANG.dat
Number of records: 5557349

Duplicating boundaries for periodic condition
Number of records: 6705620

Building Delaunay Triangulation.
Number of vertices: 6705620
Number of cells: 44682732

Writing to file /home/epfl/dforero/scratch/projects/baosystematics/patchy_results/box1/real/vetoang/mocks_void_xyz/CATALPTCICz0.466G960S1234010326.VETO_ANG.VOID.dat
Writing voids with radius in (-10,1009).
Finished successfully!
2500 -10 1009
Reading file: /home/epfl/dforero/scratch/projects/baosystematics/patchy_results/box1/real/vetoang/mocks_gal_xyz/CATALPTCICz0.466G960S1234469845.VETO_ANG.dat
Number of records: 5554940

Duplicating boundaries for periodic condition
Number of records: 6704269

Building Delaunay Triangulation.
Number of vertices: 6704269
Number of cells: 44671322

Writing to file /home/epfl/dforero/scratch/projects/baosystematics/patchy_results/box1/real/vetoang/mocks_void_xyz/CATALPTCICz0.466G960S1234469845.VETO_ANG.VOID.dat
Writing voids with radius in (-10,1009).
Finished successfully!
2500 -10 1009
Reading file: /home/epfl/dforero/scratch/projects/baosystematics/patchy_results/box1/real/vetoang/mocks_gal_xyz/CATALPTCICz0.466G960S1239671138.VETO_ANG.dat
Number of records: 5559496

Duplicating boundaries for periodic condition
Number of records: 6712248

Building Delaunay Triangulation.
Number of vertices: 6712248
Number of cells: 44723557

Writing to file /home/epfl/dforero/scratch/projects/baosystematics/patchy_results/box1/real/vetoang/mocks_void_xyz/CATALPTCICz0.466G960S1239671138.VETO_ANG.VOID.dat
Writing voids with radius in (-10,1009).
Finished successfully!
2500 -10 1009
Reading file: /home/epfl/dforero/scratch/projects/baosystematics/patchy_results/box1/real/vetoang/mocks_gal_xyz/CATALPTCICz0.466G960S1239847718.VETO_ANG.dat
Number of records: 5560990

Duplicating boundaries for periodic condition
Number of records: 6714775

Building Delaunay Triangulation.
Number of vertices: 6714775
Number of cells: 44730846

Writing to file /home/epfl/dforero/scratch/projects/baosystematics/patchy_results/box1/real/vetoang/mocks_void_xyz/CATALPTCICz0.466G960S1239847718.VETO_ANG.VOID.dat
Writing voids with radius in (-10,1009).
Finished successfully!
2500 -10 1009
Reading file: /home/epfl/dforero/scratch/projects/baosystematics/patchy_results/box1/real/vetoang/mocks_gal_xyz/CATALPTCICz0.466G960S1244453196.VETO_ANG.dat
Number of records: 5554954

Duplicating boundaries for periodic condition
Number of records: 6710758

Building Delaunay Triangulation.
Number of vertices: 6710758
Number of cells: 44712723

Writing to file /home/epfl/dforero/scratch/projects/baosystematics/patchy_results/box1/real/vetoang/mocks_void_xyz/CATALPTCICz0.466G960S1244453196.VETO_ANG.VOID.dat
Writing voids with radius in (-10,1009).
Finished successfully!
