2500 -10 1009
Reading file: /home/epfl/dforero/scratch/projects/baosystematics/patchy_results/box1/real/veto/mocks_gal_xyz/CATALPTCICz0.466G960S1782425948.VETO.dat
Number of records: 5857314

Duplicating boundaries for periodic condition
Number of records: 7031785

Building Delaunay Triangulation.
Number of vertices: 7031785
Number of cells: 46845706

Writing to file /home/epfl/dforero/scratch/projects/baosystematics/patchy_results/box1/real/veto/mocks_void_xyz/CATALPTCICz0.466G960S1782425948.VETO.VOID.dat
Writing voids with radius in (-10,1009).
Finished successfully!
2500 -10 1009
Reading file: /home/epfl/dforero/scratch/projects/baosystematics/patchy_results/box1/real/veto/mocks_gal_xyz/CATALPTCICz0.466G960S1785443117.VETO.dat
Number of records: 5856412

Duplicating boundaries for periodic condition
Number of records: 7029237

Building Delaunay Triangulation.
Number of vertices: 7029237
Number of cells: 46818591

Writing to file /home/epfl/dforero/scratch/projects/baosystematics/patchy_results/box1/real/veto/mocks_void_xyz/CATALPTCICz0.466G960S1785443117.VETO.VOID.dat
Writing voids with radius in (-10,1009).
Finished successfully!
2500 -10 1009
Reading file: /home/epfl/dforero/scratch/projects/baosystematics/patchy_results/box1/real/veto/mocks_gal_xyz/CATALPTCICz0.466G960S1788807700.VETO.dat
Number of records: 5857006

Duplicating boundaries for periodic condition
Number of records: 7033745

Building Delaunay Triangulation.
Number of vertices: 7033745
Number of cells: 46847044

Writing to file /home/epfl/dforero/scratch/projects/baosystematics/patchy_results/box1/real/veto/mocks_void_xyz/CATALPTCICz0.466G960S1788807700.VETO.VOID.dat
Writing voids with radius in (-10,1009).
Finished successfully!
2500 -10 1009
Reading file: /home/epfl/dforero/scratch/projects/baosystematics/patchy_results/box1/real/veto/mocks_gal_xyz/CATALPTCICz0.466G960S1790390939.VETO.dat
Number of records: 5855200

Duplicating boundaries for periodic condition
Number of records: 7026653

Building Delaunay Triangulation.
Number of vertices: 7026653
Number of cells: 46811232

Writing to file /home/epfl/dforero/scratch/projects/baosystematics/patchy_results/box1/real/veto/mocks_void_xyz/CATALPTCICz0.466G960S1790390939.VETO.VOID.dat
Writing voids with radius in (-10,1009).
Finished successfully!
2500 -10 1009
Reading file: /home/epfl/dforero/scratch/projects/baosystematics/patchy_results/box1/real/veto/mocks_gal_xyz/CATALPTCICz0.466G960S1791254840.VETO.dat
Number of records: 5860308

Duplicating boundaries for periodic condition
Number of records: 7041483

Building Delaunay Triangulation.
Number of vertices: 7041483
Number of cells: 46897228

Writing to file /home/epfl/dforero/scratch/projects/baosystematics/patchy_results/box1/real/veto/mocks_void_xyz/CATALPTCICz0.466G960S1791254840.VETO.VOID.dat
Writing voids with radius in (-10,1009).
Finished successfully!
2500 -10 1009
Reading file: /home/epfl/dforero/scratch/projects/baosystematics/patchy_results/box1/real/veto/mocks_gal_xyz/CATALPTCICz0.466G960S1800222736.VETO.dat
Number of records: 5856806

Duplicating boundaries for periodic condition
Number of records: 7041330

Building Delaunay Triangulation.
Number of vertices: 7041330
Number of cells: 46903281

Writing to file /home/epfl/dforero/scratch/projects/baosystematics/patchy_results/box1/real/veto/mocks_void_xyz/CATALPTCICz0.466G960S1800222736.VETO.VOID.dat
Writing voids with radius in (-10,1009).
Finished successfully!
2500 -10 1009
Reading file: /home/epfl/dforero/scratch/projects/baosystematics/patchy_results/box1/real/veto/mocks_gal_xyz/CATALPTCICz0.466G960S1802824187.VETO.dat
Number of records: 5861314

Duplicating boundaries for periodic condition
Number of records: 7034020

Building Delaunay Triangulation.
Number of vertices: 7034020
Number of cells: 46854400

Writing to file /home/epfl/dforero/scratch/projects/baosystematics/patchy_results/box1/real/veto/mocks_void_xyz/CATALPTCICz0.466G960S1802824187.VETO.VOID.dat
Writing voids with radius in (-10,1009).
Finished successfully!
2500 -10 1009
Reading file: /home/epfl/dforero/scratch/projects/baosystematics/patchy_results/box1/real/veto/mocks_gal_xyz/CATALPTCICz0.466G960S1809776849.VETO.dat
Number of records: 5858215

Duplicating boundaries for periodic condition
Number of records: 7027872

Building Delaunay Triangulation.
Number of vertices: 7027872
Number of cells: 46808189

Writing to file /home/epfl/dforero/scratch/projects/baosystematics/patchy_results/box1/real/veto/mocks_void_xyz/CATALPTCICz0.466G960S1809776849.VETO.VOID.dat
Writing voids with radius in (-10,1009).
Finished successfully!
2500 -10 1009
Reading file: /home/epfl/dforero/scratch/projects/baosystematics/patchy_results/box1/real/veto/mocks_gal_xyz/CATALPTCICz0.466G960S1810085583.VETO.dat
Number of records: 5859789

Duplicating boundaries for periodic condition
Number of records: 7032245

Building Delaunay Triangulation.
Number of vertices: 7032245
Number of cells: 46838667

Writing to file /home/epfl/dforero/scratch/projects/baosystematics/patchy_results/box1/real/veto/mocks_void_xyz/CATALPTCICz0.466G960S1810085583.VETO.VOID.dat
Writing voids with radius in (-10,1009).
Finished successfully!
2500 -10 1009
Reading file: /home/epfl/dforero/scratch/projects/baosystematics/patchy_results/box1/real/veto/mocks_gal_xyz/CATALPTCICz0.466G960S1812604238.VETO.dat
Number of records: 5855251

Duplicating boundaries for periodic condition
Number of records: 7027014

Building Delaunay Triangulation.
Number of vertices: 7027014
Number of cells: 46812899

Writing to file /home/epfl/dforero/scratch/projects/baosystematics/patchy_results/box1/real/veto/mocks_void_xyz/CATALPTCICz0.466G960S1812604238.VETO.VOID.dat
Writing voids with radius in (-10,1009).
Finished successfully!
