2500 -10 1009
Reading file: /home/epfl/dforero/scratch/projects/baosystematics/patchy_results/box1/real/ang/mocks_gal_xyz/CATALPTCICz0.466G960S1089996733.ANG.dat
Number of records: 5896804

Duplicating boundaries for periodic condition
Number of records: 7133519

Building Delaunay Triangulation.
Number of vertices: 7133519
Number of cells: 47560162

Writing to file /home/epfl/dforero/scratch/projects/baosystematics/patchy_results/box1/real/ang/mocks_void_xyz/CATALPTCICz0.466G960S1089996733.ANG.VOID.dat
Writing voids with radius in (-10,1009).
Finished successfully!
2500 -10 1009
Reading file: /home/epfl/dforero/scratch/projects/baosystematics/patchy_results/box1/real/ang/mocks_gal_xyz/CATALPTCICz0.466G960S1090208157.ANG.dat
Number of records: 5899894

Duplicating boundaries for periodic condition
Number of records: 7139637

Building Delaunay Triangulation.
Number of vertices: 7139637
Number of cells: 47593395

Writing to file /home/epfl/dforero/scratch/projects/baosystematics/patchy_results/box1/real/ang/mocks_void_xyz/CATALPTCICz0.466G960S1090208157.ANG.VOID.dat
Writing voids with radius in (-10,1009).
Finished successfully!
2500 -10 1009
Reading file: /home/epfl/dforero/scratch/projects/baosystematics/patchy_results/box1/real/ang/mocks_gal_xyz/CATALPTCICz0.466G960S1090249413.ANG.dat
Number of records: 5894832

Duplicating boundaries for periodic condition
Number of records: 7130991

Building Delaunay Triangulation.
Number of vertices: 7130990
Number of cells: 47539377

Writing to file /home/epfl/dforero/scratch/projects/baosystematics/patchy_results/box1/real/ang/mocks_void_xyz/CATALPTCICz0.466G960S1090249413.ANG.VOID.dat
Writing voids with radius in (-10,1009).
Finished successfully!
2500 -10 1009
Reading file: /home/epfl/dforero/scratch/projects/baosystematics/patchy_results/box1/real/ang/mocks_gal_xyz/CATALPTCICz0.466G960S109224375.ANG.dat
Number of records: 5899482

Duplicating boundaries for periodic condition
Number of records: 7136548

Building Delaunay Triangulation.
Number of vertices: 7136548
Number of cells: 47581430

Writing to file /home/epfl/dforero/scratch/projects/baosystematics/patchy_results/box1/real/ang/mocks_void_xyz/CATALPTCICz0.466G960S109224375.ANG.VOID.dat
Writing voids with radius in (-10,1009).
Finished successfully!
2500 -10 1009
Reading file: /home/epfl/dforero/scratch/projects/baosystematics/patchy_results/box1/real/ang/mocks_gal_xyz/CATALPTCICz0.466G960S1093443331.ANG.dat
Number of records: 5898013

Duplicating boundaries for periodic condition
Number of records: 7140630

Building Delaunay Triangulation.
Number of vertices: 7140630
Number of cells: 47603178

Writing to file /home/epfl/dforero/scratch/projects/baosystematics/patchy_results/box1/real/ang/mocks_void_xyz/CATALPTCICz0.466G960S1093443331.ANG.VOID.dat
Writing voids with radius in (-10,1009).
Finished successfully!
2500 -10 1009
Reading file: /home/epfl/dforero/scratch/projects/baosystematics/patchy_results/box1/real/ang/mocks_gal_xyz/CATALPTCICz0.466G960S110218404.ANG.dat
Number of records: 5898211

Duplicating boundaries for periodic condition
Number of records: 7135207

Building Delaunay Triangulation.
Number of vertices: 7135207
Number of cells: 47565256

Writing to file /home/epfl/dforero/scratch/projects/baosystematics/patchy_results/box1/real/ang/mocks_void_xyz/CATALPTCICz0.466G960S110218404.ANG.VOID.dat
Writing voids with radius in (-10,1009).
Finished successfully!
2500 -10 1009
Reading file: /home/epfl/dforero/scratch/projects/baosystematics/patchy_results/box1/real/ang/mocks_gal_xyz/CATALPTCICz0.466G960S1106086967.ANG.dat
Number of records: 5898042

Duplicating boundaries for periodic condition
Number of records: 7134134

Building Delaunay Triangulation.
Number of vertices: 7134134
Number of cells: 47558339

Writing to file /home/epfl/dforero/scratch/projects/baosystematics/patchy_results/box1/real/ang/mocks_void_xyz/CATALPTCICz0.466G960S1106086967.ANG.VOID.dat
Writing voids with radius in (-10,1009).
Finished successfully!
2500 -10 1009
Reading file: /home/epfl/dforero/scratch/projects/baosystematics/patchy_results/box1/real/ang/mocks_gal_xyz/CATALPTCICz0.466G960S1125987812.ANG.dat
Number of records: 5897343

Duplicating boundaries for periodic condition
Number of records: 7127909

Building Delaunay Triangulation.
Number of vertices: 7127909
Number of cells: 47522556

Writing to file /home/epfl/dforero/scratch/projects/baosystematics/patchy_results/box1/real/ang/mocks_void_xyz/CATALPTCICz0.466G960S1125987812.ANG.VOID.dat
Writing voids with radius in (-10,1009).
Finished successfully!
2500 -10 1009
Reading file: /home/epfl/dforero/scratch/projects/baosystematics/patchy_results/box1/real/ang/mocks_gal_xyz/CATALPTCICz0.466G960S1127858495.ANG.dat
Number of records: 5895839

Duplicating boundaries for periodic condition
Number of records: 7138740

Building Delaunay Triangulation.
Number of vertices: 7138740
Number of cells: 47584222

Writing to file /home/epfl/dforero/scratch/projects/baosystematics/patchy_results/box1/real/ang/mocks_void_xyz/CATALPTCICz0.466G960S1127858495.ANG.VOID.dat
Writing voids with radius in (-10,1009).
Finished successfully!
2500 -10 1009
Reading file: /home/epfl/dforero/scratch/projects/baosystematics/patchy_results/box1/real/ang/mocks_gal_xyz/CATALPTCICz0.466G960S1133045298.ANG.dat
Number of records: 5897045

Duplicating boundaries for periodic condition
Number of records: 7130527

Building Delaunay Triangulation.
Number of vertices: 7130526
Number of cells: 47537566

Writing to file /home/epfl/dforero/scratch/projects/baosystematics/patchy_results/box1/real/ang/mocks_void_xyz/CATALPTCICz0.466G960S1133045298.ANG.VOID.dat
Writing voids with radius in (-10,1009).
Finished successfully!
