2500 -10 1009
Reading file: /home/epfl/dforero/scratch/projects/baosystematics/patchy_results/box1/real/ang/mocks_gal_xyz/CATALPTCICz0.466G960S1626267889.ANG.dat
Number of records: 5897582

Duplicating boundaries for periodic condition
Number of records: 7130560

Building Delaunay Triangulation.
Number of vertices: 7130560
Number of cells: 47527351

Writing to file /home/epfl/dforero/scratch/projects/baosystematics/patchy_results/box1/real/ang/mocks_void_xyz/CATALPTCICz0.466G960S1626267889.ANG.VOID.dat
Writing voids with radius in (-10,1009).
Finished successfully!
2500 -10 1009
Reading file: /home/epfl/dforero/scratch/projects/baosystematics/patchy_results/box1/real/ang/mocks_gal_xyz/CATALPTCICz0.466G960S1626900649.ANG.dat
Number of records: 5900294

Duplicating boundaries for periodic condition
Number of records: 7144970

Building Delaunay Triangulation.
Number of vertices: 7144970
Number of cells: 47637975

Writing to file /home/epfl/dforero/scratch/projects/baosystematics/patchy_results/box1/real/ang/mocks_void_xyz/CATALPTCICz0.466G960S1626900649.ANG.VOID.dat
Writing voids with radius in (-10,1009).
Finished successfully!
2500 -10 1009
Reading file: /home/epfl/dforero/scratch/projects/baosystematics/patchy_results/box1/real/ang/mocks_gal_xyz/CATALPTCICz0.466G960S1638675616.ANG.dat
Number of records: 5896419

Duplicating boundaries for periodic condition
Number of records: 7132441

Building Delaunay Triangulation.
Number of vertices: 7132441
Number of cells: 47554296

Writing to file /home/epfl/dforero/scratch/projects/baosystematics/patchy_results/box1/real/ang/mocks_void_xyz/CATALPTCICz0.466G960S1638675616.ANG.VOID.dat
Writing voids with radius in (-10,1009).
Finished successfully!
2500 -10 1009
Reading file: /home/epfl/dforero/scratch/projects/baosystematics/patchy_results/box1/real/ang/mocks_gal_xyz/CATALPTCICz0.466G960S1644127019.ANG.dat
Number of records: 5894420

Duplicating boundaries for periodic condition
Number of records: 7127521

Building Delaunay Triangulation.
Number of vertices: 7127521
Number of cells: 47523864

Writing to file /home/epfl/dforero/scratch/projects/baosystematics/patchy_results/box1/real/ang/mocks_void_xyz/CATALPTCICz0.466G960S1644127019.ANG.VOID.dat
Writing voids with radius in (-10,1009).
Finished successfully!
2500 -10 1009
Reading file: /home/epfl/dforero/scratch/projects/baosystematics/patchy_results/box1/real/ang/mocks_gal_xyz/CATALPTCICz0.466G960S1644659903.ANG.dat
Number of records: 5899491

Duplicating boundaries for periodic condition
Number of records: 7139605

Building Delaunay Triangulation.
Number of vertices: 7139605
Number of cells: 47597915

Writing to file /home/epfl/dforero/scratch/projects/baosystematics/patchy_results/box1/real/ang/mocks_void_xyz/CATALPTCICz0.466G960S1644659903.ANG.VOID.dat
Writing voids with radius in (-10,1009).
Finished successfully!
2500 -10 1009
Reading file: /home/epfl/dforero/scratch/projects/baosystematics/patchy_results/box1/real/ang/mocks_gal_xyz/CATALPTCICz0.466G960S1656249224.ANG.dat
Number of records: 5897109

Duplicating boundaries for periodic condition
Number of records: 7134168

Building Delaunay Triangulation.
Number of vertices: 7134168
Number of cells: 47562088

Writing to file /home/epfl/dforero/scratch/projects/baosystematics/patchy_results/box1/real/ang/mocks_void_xyz/CATALPTCICz0.466G960S1656249224.ANG.VOID.dat
Writing voids with radius in (-10,1009).
Finished successfully!
2500 -10 1009
Reading file: /home/epfl/dforero/scratch/projects/baosystematics/patchy_results/box1/real/ang/mocks_gal_xyz/CATALPTCICz0.466G960S1658015962.ANG.dat
Number of records: 5898697

Duplicating boundaries for periodic condition
Number of records: 7143649

Building Delaunay Triangulation.
Number of vertices: 7143649
Number of cells: 47620468

Writing to file /home/epfl/dforero/scratch/projects/baosystematics/patchy_results/box1/real/ang/mocks_void_xyz/CATALPTCICz0.466G960S1658015962.ANG.VOID.dat
Writing voids with radius in (-10,1009).
Finished successfully!
2500 -10 1009
Reading file: /home/epfl/dforero/scratch/projects/baosystematics/patchy_results/box1/real/ang/mocks_gal_xyz/CATALPTCICz0.466G960S1658333848.ANG.dat
Number of records: 5897892

Duplicating boundaries for periodic condition
Number of records: 7142505

Building Delaunay Triangulation.
Number of vertices: 7142505
Number of cells: 47618202

Writing to file /home/epfl/dforero/scratch/projects/baosystematics/patchy_results/box1/real/ang/mocks_void_xyz/CATALPTCICz0.466G960S1658333848.ANG.VOID.dat
Writing voids with radius in (-10,1009).
Finished successfully!
2500 -10 1009
Reading file: /home/epfl/dforero/scratch/projects/baosystematics/patchy_results/box1/real/ang/mocks_gal_xyz/CATALPTCICz0.466G960S1664538145.ANG.dat
Number of records: 5893726

Duplicating boundaries for periodic condition
Number of records: 7128984

Building Delaunay Triangulation.
Number of vertices: 7128984
Number of cells: 47524916

Writing to file /home/epfl/dforero/scratch/projects/baosystematics/patchy_results/box1/real/ang/mocks_void_xyz/CATALPTCICz0.466G960S1664538145.ANG.VOID.dat
Writing voids with radius in (-10,1009).
Finished successfully!
2500 -10 1009
Reading file: /home/epfl/dforero/scratch/projects/baosystematics/patchy_results/box1/real/ang/mocks_gal_xyz/CATALPTCICz0.466G960S1672261505.ANG.dat
Number of records: 5899078

Duplicating boundaries for periodic condition
Number of records: 7137004

Building Delaunay Triangulation.
Number of vertices: 7137004
Number of cells: 47581467

Writing to file /home/epfl/dforero/scratch/projects/baosystematics/patchy_results/box1/real/ang/mocks_void_xyz/CATALPTCICz0.466G960S1672261505.ANG.VOID.dat
Writing voids with radius in (-10,1009).
Finished successfully!
