2500 -10 1009
Reading file: /home/epfl/dforero/scratch/projects/baosystematics/patchy_results/box1/real/vetoang/mocks_gal_xyz/CATALPTCICz0.466G960S1957637951.VETO_ANG.dat
Number of records: 5558758

Duplicating boundaries for periodic condition
Number of records: 6704739

Building Delaunay Triangulation.
Number of vertices: 6704739
Number of cells: 44678346

Writing to file /home/epfl/dforero/scratch/projects/baosystematics/patchy_results/box1/real/vetoang/mocks_void_xyz/CATALPTCICz0.466G960S1957637951.VETO_ANG.VOID.dat
Writing voids with radius in (-10,1009).
Finished successfully!
2500 -10 1009
Reading file: /home/epfl/dforero/scratch/projects/baosystematics/patchy_results/box1/real/vetoang/mocks_gal_xyz/CATALPTCICz0.466G960S1958434590.VETO_ANG.dat
Number of records: 5562177

Duplicating boundaries for periodic condition
Number of records: 6712904

Building Delaunay Triangulation.
Number of vertices: 6712904
Number of cells: 44735344

Writing to file /home/epfl/dforero/scratch/projects/baosystematics/patchy_results/box1/real/vetoang/mocks_void_xyz/CATALPTCICz0.466G960S1958434590.VETO_ANG.VOID.dat
Writing voids with radius in (-10,1009).
Finished successfully!
2500 -10 1009
Reading file: /home/epfl/dforero/scratch/projects/baosystematics/patchy_results/box1/real/vetoang/mocks_gal_xyz/CATALPTCICz0.466G960S196817175.VETO_ANG.dat
Number of records: 5563694

Duplicating boundaries for periodic condition
Number of records: 6711979

Building Delaunay Triangulation.
Number of vertices: 6711979
Number of cells: 44724075

Writing to file /home/epfl/dforero/scratch/projects/baosystematics/patchy_results/box1/real/vetoang/mocks_void_xyz/CATALPTCICz0.466G960S196817175.VETO_ANG.VOID.dat
Writing voids with radius in (-10,1009).
Finished successfully!
2500 -10 1009
Reading file: /home/epfl/dforero/scratch/projects/baosystematics/patchy_results/box1/real/vetoang/mocks_gal_xyz/CATALPTCICz0.466G960S1973023524.VETO_ANG.dat
Number of records: 5556014

Duplicating boundaries for periodic condition
Number of records: 6705334

Building Delaunay Triangulation.
Number of vertices: 6705334
Number of cells: 44682254

Writing to file /home/epfl/dforero/scratch/projects/baosystematics/patchy_results/box1/real/vetoang/mocks_void_xyz/CATALPTCICz0.466G960S1973023524.VETO_ANG.VOID.dat
Writing voids with radius in (-10,1009).
Finished successfully!
2500 -10 1009
Reading file: /home/epfl/dforero/scratch/projects/baosystematics/patchy_results/box1/real/vetoang/mocks_gal_xyz/CATALPTCICz0.466G960S1974510045.VETO_ANG.dat
Number of records: 5554376

Duplicating boundaries for periodic condition
Number of records: 6709103

Building Delaunay Triangulation.
Number of vertices: 6709103
Number of cells: 44709668

Writing to file /home/epfl/dforero/scratch/projects/baosystematics/patchy_results/box1/real/vetoang/mocks_void_xyz/CATALPTCICz0.466G960S1974510045.VETO_ANG.VOID.dat
Writing voids with radius in (-10,1009).
Finished successfully!
2500 -10 1009
Reading file: /home/epfl/dforero/scratch/projects/baosystematics/patchy_results/box1/real/vetoang/mocks_gal_xyz/CATALPTCICz0.466G960S1977078531.VETO_ANG.dat
Number of records: 5557530

Duplicating boundaries for periodic condition
Number of records: 6708193

Building Delaunay Triangulation.
Number of vertices: 6708193
Number of cells: 44699302

Writing to file /home/epfl/dforero/scratch/projects/baosystematics/patchy_results/box1/real/vetoang/mocks_void_xyz/CATALPTCICz0.466G960S1977078531.VETO_ANG.VOID.dat
Writing voids with radius in (-10,1009).
Finished successfully!
2500 -10 1009
Reading file: /home/epfl/dforero/scratch/projects/baosystematics/patchy_results/box1/real/vetoang/mocks_gal_xyz/CATALPTCICz0.466G960S1977497246.VETO_ANG.dat
Number of records: 5558764

Duplicating boundaries for periodic condition
Number of records: 6709637

Building Delaunay Triangulation.
Number of vertices: 6709637
Number of cells: 44704737

Writing to file /home/epfl/dforero/scratch/projects/baosystematics/patchy_results/box1/real/vetoang/mocks_void_xyz/CATALPTCICz0.466G960S1977497246.VETO_ANG.VOID.dat
Writing voids with radius in (-10,1009).
Finished successfully!
2500 -10 1009
Reading file: /home/epfl/dforero/scratch/projects/baosystematics/patchy_results/box1/real/vetoang/mocks_gal_xyz/CATALPTCICz0.466G960S198021412.VETO_ANG.dat
Number of records: 5561715

Duplicating boundaries for periodic condition
Number of records: 6713998

Building Delaunay Triangulation.
Number of vertices: 6713998
Number of cells: 44726478

Writing to file /home/epfl/dforero/scratch/projects/baosystematics/patchy_results/box1/real/vetoang/mocks_void_xyz/CATALPTCICz0.466G960S198021412.VETO_ANG.VOID.dat
Writing voids with radius in (-10,1009).
Finished successfully!
2500 -10 1009
Reading file: /home/epfl/dforero/scratch/projects/baosystematics/patchy_results/box1/real/vetoang/mocks_gal_xyz/CATALPTCICz0.466G960S1982107903.VETO_ANG.dat
Number of records: 5554646

Duplicating boundaries for periodic condition
Number of records: 6692441

Building Delaunay Triangulation.
Number of vertices: 6692441
Number of cells: 44593320

Writing to file /home/epfl/dforero/scratch/projects/baosystematics/patchy_results/box1/real/vetoang/mocks_void_xyz/CATALPTCICz0.466G960S1982107903.VETO_ANG.VOID.dat
Writing voids with radius in (-10,1009).
Finished successfully!
2500 -10 1009
Reading file: /home/epfl/dforero/scratch/projects/baosystematics/patchy_results/box1/real/vetoang/mocks_gal_xyz/CATALPTCICz0.466G960S1984142514.VETO_ANG.dat
Number of records: 5556644

Duplicating boundaries for periodic condition
Number of records: 6707980

Building Delaunay Triangulation.
Number of vertices: 6707979
Number of cells: 44694741

Writing to file /home/epfl/dforero/scratch/projects/baosystematics/patchy_results/box1/real/vetoang/mocks_void_xyz/CATALPTCICz0.466G960S1984142514.VETO_ANG.VOID.dat
Writing voids with radius in (-10,1009).
Finished successfully!
