2500 -10 1009
Reading file: /home/epfl/dforero/scratch/projects/baosystematics/patchy_results/box1/real/vetoang/mocks_gal_xyz/CATALPTCICz0.466G960S1579594552.VETO_ANG.dat
Number of records: 5558773

Duplicating boundaries for periodic condition
Number of records: 6696028

Building Delaunay Triangulation.
Number of vertices: 6696028
Number of cells: 44611605

Writing to file /home/epfl/dforero/scratch/projects/baosystematics/patchy_results/box1/real/vetoang/mocks_void_xyz/CATALPTCICz0.466G960S1579594552.VETO_ANG.VOID.dat
Writing voids with radius in (-10,1009).
Finished successfully!
2500 -10 1009
Reading file: /home/epfl/dforero/scratch/projects/baosystematics/patchy_results/box1/real/vetoang/mocks_gal_xyz/CATALPTCICz0.466G960S1586223277.VETO_ANG.dat
Number of records: 5559082

Duplicating boundaries for periodic condition
Number of records: 6709156

Building Delaunay Triangulation.
Number of vertices: 6709156
Number of cells: 44698388

Writing to file /home/epfl/dforero/scratch/projects/baosystematics/patchy_results/box1/real/vetoang/mocks_void_xyz/CATALPTCICz0.466G960S1586223277.VETO_ANG.VOID.dat
Writing voids with radius in (-10,1009).
Finished successfully!
2500 -10 1009
Reading file: /home/epfl/dforero/scratch/projects/baosystematics/patchy_results/box1/real/vetoang/mocks_gal_xyz/CATALPTCICz0.466G960S1594480644.VETO_ANG.dat
Number of records: 5561249

Duplicating boundaries for periodic condition
Number of records: 6713484

Building Delaunay Triangulation.
Number of vertices: 6713484
Number of cells: 44737234

Writing to file /home/epfl/dforero/scratch/projects/baosystematics/patchy_results/box1/real/vetoang/mocks_void_xyz/CATALPTCICz0.466G960S1594480644.VETO_ANG.VOID.dat
Writing voids with radius in (-10,1009).
Finished successfully!
2500 -10 1009
Reading file: /home/epfl/dforero/scratch/projects/baosystematics/patchy_results/box1/real/vetoang/mocks_gal_xyz/CATALPTCICz0.466G960S1601254869.VETO_ANG.dat
Number of records: 5561258

Duplicating boundaries for periodic condition
Number of records: 6704715

Building Delaunay Triangulation.
Number of vertices: 6704715
Number of cells: 44674975

Writing to file /home/epfl/dforero/scratch/projects/baosystematics/patchy_results/box1/real/vetoang/mocks_void_xyz/CATALPTCICz0.466G960S1601254869.VETO_ANG.VOID.dat
Writing voids with radius in (-10,1009).
Finished successfully!
2500 -10 1009
Reading file: /home/epfl/dforero/scratch/projects/baosystematics/patchy_results/box1/real/vetoang/mocks_gal_xyz/CATALPTCICz0.466G960S1602453706.VETO_ANG.dat
Number of records: 5559772

Duplicating boundaries for periodic condition
Number of records: 6706486

Building Delaunay Triangulation.
Number of vertices: 6706486
Number of cells: 44679388

Writing to file /home/epfl/dforero/scratch/projects/baosystematics/patchy_results/box1/real/vetoang/mocks_void_xyz/CATALPTCICz0.466G960S1602453706.VETO_ANG.VOID.dat
Writing voids with radius in (-10,1009).
Finished successfully!
2500 -10 1009
Reading file: /home/epfl/dforero/scratch/projects/baosystematics/patchy_results/box1/real/vetoang/mocks_gal_xyz/CATALPTCICz0.466G960S1606030092.VETO_ANG.dat
Number of records: 5557887

Duplicating boundaries for periodic condition
Number of records: 6706946

Building Delaunay Triangulation.
Number of vertices: 6706946
Number of cells: 44689814

Writing to file /home/epfl/dforero/scratch/projects/baosystematics/patchy_results/box1/real/vetoang/mocks_void_xyz/CATALPTCICz0.466G960S1606030092.VETO_ANG.VOID.dat
Writing voids with radius in (-10,1009).
Finished successfully!
2500 -10 1009
Reading file: /home/epfl/dforero/scratch/projects/baosystematics/patchy_results/box1/real/vetoang/mocks_gal_xyz/CATALPTCICz0.466G960S1612241734.VETO_ANG.dat
Number of records: 5557300

Duplicating boundaries for periodic condition
Number of records: 6710120

Building Delaunay Triangulation.
Number of vertices: 6710120
Number of cells: 44706323

Writing to file /home/epfl/dforero/scratch/projects/baosystematics/patchy_results/box1/real/vetoang/mocks_void_xyz/CATALPTCICz0.466G960S1612241734.VETO_ANG.VOID.dat
Writing voids with radius in (-10,1009).
Finished successfully!
2500 -10 1009
Reading file: /home/epfl/dforero/scratch/projects/baosystematics/patchy_results/box1/real/vetoang/mocks_gal_xyz/CATALPTCICz0.466G960S1618016355.VETO_ANG.dat
Number of records: 5556876

Duplicating boundaries for periodic condition
Number of records: 6709968

Building Delaunay Triangulation.
Number of vertices: 6709968
Number of cells: 44711415

Writing to file /home/epfl/dforero/scratch/projects/baosystematics/patchy_results/box1/real/vetoang/mocks_void_xyz/CATALPTCICz0.466G960S1618016355.VETO_ANG.VOID.dat
Writing voids with radius in (-10,1009).
Finished successfully!
2500 -10 1009
Reading file: /home/epfl/dforero/scratch/projects/baosystematics/patchy_results/box1/real/vetoang/mocks_gal_xyz/CATALPTCICz0.466G960S1618325649.VETO_ANG.dat
Number of records: 5557651

Duplicating boundaries for periodic condition
Number of records: 6702843

Building Delaunay Triangulation.
Number of vertices: 6702843
Number of cells: 44665379

Writing to file /home/epfl/dforero/scratch/projects/baosystematics/patchy_results/box1/real/vetoang/mocks_void_xyz/CATALPTCICz0.466G960S1618325649.VETO_ANG.VOID.dat
Writing voids with radius in (-10,1009).
Finished successfully!
2500 -10 1009
Reading file: /home/epfl/dforero/scratch/projects/baosystematics/patchy_results/box1/real/vetoang/mocks_gal_xyz/CATALPTCICz0.466G960S162548710.VETO_ANG.dat
Number of records: 5561842

Duplicating boundaries for periodic condition
Number of records: 6710371

Building Delaunay Triangulation.
Number of vertices: 6710371
Number of cells: 44718027

Writing to file /home/epfl/dforero/scratch/projects/baosystematics/patchy_results/box1/real/vetoang/mocks_void_xyz/CATALPTCICz0.466G960S162548710.VETO_ANG.VOID.dat
Writing voids with radius in (-10,1009).
Finished successfully!
