2500 -10 1009
Reading file: /home/epfl/dforero/scratch/projects/baosystematics/patchy_results/box1/real/vetoang/mocks_gal_xyz/CATALPTCICz0.466G960S1319224709.VETO_ANG.dat
Number of records: 5558165

Duplicating boundaries for periodic condition
Number of records: 6708553

Building Delaunay Triangulation.
Number of vertices: 6708553
Number of cells: 44703168

Writing to file /home/epfl/dforero/scratch/projects/baosystematics/patchy_results/box1/real/vetoang/mocks_void_xyz/CATALPTCICz0.466G960S1319224709.VETO_ANG.VOID.dat
Writing voids with radius in (-10,1009).
Finished successfully!
2500 -10 1009
Reading file: /home/epfl/dforero/scratch/projects/baosystematics/patchy_results/box1/real/vetoang/mocks_gal_xyz/CATALPTCICz0.466G960S1322514347.VETO_ANG.dat
Number of records: 5557231

Duplicating boundaries for periodic condition
Number of records: 6712939

Building Delaunay Triangulation.
Number of vertices: 6712939
Number of cells: 44729152

Writing to file /home/epfl/dforero/scratch/projects/baosystematics/patchy_results/box1/real/vetoang/mocks_void_xyz/CATALPTCICz0.466G960S1322514347.VETO_ANG.VOID.dat
Writing voids with radius in (-10,1009).
Finished successfully!
2500 -10 1009
Reading file: /home/epfl/dforero/scratch/projects/baosystematics/patchy_results/box1/real/vetoang/mocks_gal_xyz/CATALPTCICz0.466G960S1322583197.VETO_ANG.dat
Number of records: 5557598

Duplicating boundaries for periodic condition
Number of records: 6702057

Building Delaunay Triangulation.
Number of vertices: 6702057
Number of cells: 44660482

Writing to file /home/epfl/dforero/scratch/projects/baosystematics/patchy_results/box1/real/vetoang/mocks_void_xyz/CATALPTCICz0.466G960S1322583197.VETO_ANG.VOID.dat
Writing voids with radius in (-10,1009).
Finished successfully!
2500 -10 1009
Reading file: /home/epfl/dforero/scratch/projects/baosystematics/patchy_results/box1/real/vetoang/mocks_gal_xyz/CATALPTCICz0.466G960S1322632840.VETO_ANG.dat
Number of records: 5561563

Duplicating boundaries for periodic condition
Number of records: 6707888

Building Delaunay Triangulation.
Number of vertices: 6707888
Number of cells: 44695997

Writing to file /home/epfl/dforero/scratch/projects/baosystematics/patchy_results/box1/real/vetoang/mocks_void_xyz/CATALPTCICz0.466G960S1322632840.VETO_ANG.VOID.dat
Writing voids with radius in (-10,1009).
Finished successfully!
2500 -10 1009
Reading file: /home/epfl/dforero/scratch/projects/baosystematics/patchy_results/box1/real/vetoang/mocks_gal_xyz/CATALPTCICz0.466G960S1324434178.VETO_ANG.dat
Number of records: 5558519

Duplicating boundaries for periodic condition
Number of records: 6708246

Building Delaunay Triangulation.
Number of vertices: 6708246
Number of cells: 44693928

Writing to file /home/epfl/dforero/scratch/projects/baosystematics/patchy_results/box1/real/vetoang/mocks_void_xyz/CATALPTCICz0.466G960S1324434178.VETO_ANG.VOID.dat
Writing voids with radius in (-10,1009).
Finished successfully!
2500 -10 1009
Reading file: /home/epfl/dforero/scratch/projects/baosystematics/patchy_results/box1/real/vetoang/mocks_gal_xyz/CATALPTCICz0.466G960S1326884166.VETO_ANG.dat
Number of records: 5556682

Duplicating boundaries for periodic condition
Number of records: 6704954

Building Delaunay Triangulation.
Number of vertices: 6704954
Number of cells: 44676558

Writing to file /home/epfl/dforero/scratch/projects/baosystematics/patchy_results/box1/real/vetoang/mocks_void_xyz/CATALPTCICz0.466G960S1326884166.VETO_ANG.VOID.dat
Writing voids with radius in (-10,1009).
Finished successfully!
2500 -10 1009
Reading file: /home/epfl/dforero/scratch/projects/baosystematics/patchy_results/box1/real/vetoang/mocks_gal_xyz/CATALPTCICz0.466G960S1333819401.VETO_ANG.dat
Number of records: 5558974

Duplicating boundaries for periodic condition
Number of records: 6712806

Building Delaunay Triangulation.
Number of vertices: 6712806
Number of cells: 44732169

Writing to file /home/epfl/dforero/scratch/projects/baosystematics/patchy_results/box1/real/vetoang/mocks_void_xyz/CATALPTCICz0.466G960S1333819401.VETO_ANG.VOID.dat
Writing voids with radius in (-10,1009).
Finished successfully!
2500 -10 1009
Reading file: /home/epfl/dforero/scratch/projects/baosystematics/patchy_results/box1/real/vetoang/mocks_gal_xyz/CATALPTCICz0.466G960S1351095374.VETO_ANG.dat
Number of records: 5555473

Duplicating boundaries for periodic condition
Number of records: 6707861

Building Delaunay Triangulation.
Number of vertices: 6707861
Number of cells: 44697453

Writing to file /home/epfl/dforero/scratch/projects/baosystematics/patchy_results/box1/real/vetoang/mocks_void_xyz/CATALPTCICz0.466G960S1351095374.VETO_ANG.VOID.dat
Writing voids with radius in (-10,1009).
Finished successfully!
2500 -10 1009
Reading file: /home/epfl/dforero/scratch/projects/baosystematics/patchy_results/box1/real/vetoang/mocks_gal_xyz/CATALPTCICz0.466G960S135251945.VETO_ANG.dat
Number of records: 5559046

Duplicating boundaries for periodic condition
Number of records: 6713984

Building Delaunay Triangulation.
Number of vertices: 6713984
Number of cells: 44739726

Writing to file /home/epfl/dforero/scratch/projects/baosystematics/patchy_results/box1/real/vetoang/mocks_void_xyz/CATALPTCICz0.466G960S135251945.VETO_ANG.VOID.dat
Writing voids with radius in (-10,1009).
Finished successfully!
2500 -10 1009
Reading file: /home/epfl/dforero/scratch/projects/baosystematics/patchy_results/box1/real/vetoang/mocks_gal_xyz/CATALPTCICz0.466G960S1354772842.VETO_ANG.dat
Number of records: 5556507

Duplicating boundaries for periodic condition
Number of records: 6703082

Building Delaunay Triangulation.
Number of vertices: 6703082
Number of cells: 44663522

Writing to file /home/epfl/dforero/scratch/projects/baosystematics/patchy_results/box1/real/vetoang/mocks_void_xyz/CATALPTCICz0.466G960S1354772842.VETO_ANG.VOID.dat
Writing voids with radius in (-10,1009).
Finished successfully!
