2500 -10 1009
Reading file: /home/epfl/dforero/scratch/projects/baosystematics/patchy_results/box1/real/ang/mocks_gal_xyz/CATALPTCICz0.466G960S1043834222.ANG.dat
Number of records: 5899390

Duplicating boundaries for periodic condition
Number of records: 7142640

Building Delaunay Triangulation.
Number of vertices: 7142640
Number of cells: 47617862

Writing to file /home/epfl/dforero/scratch/projects/baosystematics/patchy_results/box1/real/ang/mocks_void_xyz/CATALPTCICz0.466G960S1043834222.ANG.VOID.dat
Writing voids with radius in (-10,1009).
Finished successfully!
2500 -10 1009
Reading file: /home/epfl/dforero/scratch/projects/baosystematics/patchy_results/box1/real/ang/mocks_gal_xyz/CATALPTCICz0.466G960S1047385959.ANG.dat
Number of records: 5898910

Duplicating boundaries for periodic condition
Number of records: 7136886

Building Delaunay Triangulation.
Number of vertices: 7136886
Number of cells: 47572351

Writing to file /home/epfl/dforero/scratch/projects/baosystematics/patchy_results/box1/real/ang/mocks_void_xyz/CATALPTCICz0.466G960S1047385959.ANG.VOID.dat
Writing voids with radius in (-10,1009).
Finished successfully!
2500 -10 1009
Reading file: /home/epfl/dforero/scratch/projects/baosystematics/patchy_results/box1/real/ang/mocks_gal_xyz/CATALPTCICz0.466G960S1052114297.ANG.dat
Number of records: 5895427

Duplicating boundaries for periodic condition
Number of records: 7138348

Building Delaunay Triangulation.
Number of vertices: 7138348
Number of cells: 47581572

Writing to file /home/epfl/dforero/scratch/projects/baosystematics/patchy_results/box1/real/ang/mocks_void_xyz/CATALPTCICz0.466G960S1052114297.ANG.VOID.dat
Writing voids with radius in (-10,1009).
Finished successfully!
2500 -10 1009
Reading file: /home/epfl/dforero/scratch/projects/baosystematics/patchy_results/box1/real/ang/mocks_gal_xyz/CATALPTCICz0.466G960S1057271749.ANG.dat
Number of records: 5902130

Duplicating boundaries for periodic condition
Number of records: 7142873

Building Delaunay Triangulation.
Number of vertices: 7142873
Number of cells: 47616604

Writing to file /home/epfl/dforero/scratch/projects/baosystematics/patchy_results/box1/real/ang/mocks_void_xyz/CATALPTCICz0.466G960S1057271749.ANG.VOID.dat
Writing voids with radius in (-10,1009).
Finished successfully!
2500 -10 1009
Reading file: /home/epfl/dforero/scratch/projects/baosystematics/patchy_results/box1/real/ang/mocks_gal_xyz/CATALPTCICz0.466G960S1067749740.ANG.dat
Number of records: 5898086

Duplicating boundaries for periodic condition
Number of records: 7134088

Building Delaunay Triangulation.
Number of vertices: 7134088
Number of cells: 47566931

Writing to file /home/epfl/dforero/scratch/projects/baosystematics/patchy_results/box1/real/ang/mocks_void_xyz/CATALPTCICz0.466G960S1067749740.ANG.VOID.dat
Writing voids with radius in (-10,1009).
Finished successfully!
2500 -10 1009
Reading file: /home/epfl/dforero/scratch/projects/baosystematics/patchy_results/box1/real/ang/mocks_gal_xyz/CATALPTCICz0.466G960S1070802123.ANG.dat
Number of records: 5895422

Duplicating boundaries for periodic condition
Number of records: 7131622

Building Delaunay Triangulation.
Number of vertices: 7131622
Number of cells: 47538401

Writing to file /home/epfl/dforero/scratch/projects/baosystematics/patchy_results/box1/real/ang/mocks_void_xyz/CATALPTCICz0.466G960S1070802123.ANG.VOID.dat
Writing voids with radius in (-10,1009).
Finished successfully!
2500 -10 1009
Reading file: /home/epfl/dforero/scratch/projects/baosystematics/patchy_results/box1/real/ang/mocks_gal_xyz/CATALPTCICz0.466G960S1072910539.ANG.dat
Number of records: 5896539

Duplicating boundaries for periodic condition
Number of records: 7140688

Building Delaunay Triangulation.
Number of vertices: 7140688
Number of cells: 47607646

Writing to file /home/epfl/dforero/scratch/projects/baosystematics/patchy_results/box1/real/ang/mocks_void_xyz/CATALPTCICz0.466G960S1072910539.ANG.VOID.dat
Writing voids with radius in (-10,1009).
Finished successfully!
2500 -10 1009
Reading file: /home/epfl/dforero/scratch/projects/baosystematics/patchy_results/box1/real/ang/mocks_gal_xyz/CATALPTCICz0.466G960S1076873484.ANG.dat
Number of records: 5897969

Duplicating boundaries for periodic condition
Number of records: 7139279

Building Delaunay Triangulation.
Number of vertices: 7139279
Number of cells: 47595071

Writing to file /home/epfl/dforero/scratch/projects/baosystematics/patchy_results/box1/real/ang/mocks_void_xyz/CATALPTCICz0.466G960S1076873484.ANG.VOID.dat
Writing voids with radius in (-10,1009).
Finished successfully!
2500 -10 1009
Reading file: /home/epfl/dforero/scratch/projects/baosystematics/patchy_results/box1/real/ang/mocks_gal_xyz/CATALPTCICz0.466G960S1079655868.ANG.dat
Number of records: 5899792

Duplicating boundaries for periodic condition
Number of records: 7140504

Building Delaunay Triangulation.
Number of vertices: 7140504
Number of cells: 47600642

Writing to file /home/epfl/dforero/scratch/projects/baosystematics/patchy_results/box1/real/ang/mocks_void_xyz/CATALPTCICz0.466G960S1079655868.ANG.VOID.dat
Writing voids with radius in (-10,1009).
Finished successfully!
2500 -10 1009
Reading file: /home/epfl/dforero/scratch/projects/baosystematics/patchy_results/box1/real/ang/mocks_gal_xyz/CATALPTCICz0.466G960S1082345827.ANG.dat
Number of records: 5898439

Duplicating boundaries for periodic condition
Number of records: 7133502

Building Delaunay Triangulation.
Number of vertices: 7133502
Number of cells: 47552249

Writing to file /home/epfl/dforero/scratch/projects/baosystematics/patchy_results/box1/real/ang/mocks_void_xyz/CATALPTCICz0.466G960S1082345827.ANG.VOID.dat
Writing voids with radius in (-10,1009).
Finished successfully!
