2500 -10 1009
Reading file: /home/epfl/dforero/scratch/projects/baosystematics/patchy_results/box1/real/veto/mocks_gal_xyz/CATALPTCICz0.466G960S1248755586.VETO.dat
Number of records: 5858499

Duplicating boundaries for periodic condition
Number of records: 7035487

Building Delaunay Triangulation.
Number of vertices: 7035487
Number of cells: 46859818

Writing to file /home/epfl/dforero/scratch/projects/baosystematics/patchy_results/box1/real/veto/mocks_void_xyz/CATALPTCICz0.466G960S1248755586.VETO.VOID.dat
Writing voids with radius in (-10,1009).
Finished successfully!
2500 -10 1009
Reading file: /home/epfl/dforero/scratch/projects/baosystematics/patchy_results/box1/real/veto/mocks_gal_xyz/CATALPTCICz0.466G960S1256484261.VETO.dat
Number of records: 5850565

Duplicating boundaries for periodic condition
Number of records: 7025467

Building Delaunay Triangulation.
Number of vertices: 7025467
Number of cells: 46805928

Writing to file /home/epfl/dforero/scratch/projects/baosystematics/patchy_results/box1/real/veto/mocks_void_xyz/CATALPTCICz0.466G960S1256484261.VETO.VOID.dat
Writing voids with radius in (-10,1009).
Finished successfully!
2500 -10 1009
Reading file: /home/epfl/dforero/scratch/projects/baosystematics/patchy_results/box1/real/veto/mocks_gal_xyz/CATALPTCICz0.466G960S1258770686.VETO.dat
Number of records: 5852712

Duplicating boundaries for periodic condition
Number of records: 7023362

Building Delaunay Triangulation.
Number of vertices: 7023362
Number of cells: 46780948

Writing to file /home/epfl/dforero/scratch/projects/baosystematics/patchy_results/box1/real/veto/mocks_void_xyz/CATALPTCICz0.466G960S1258770686.VETO.VOID.dat
Writing voids with radius in (-10,1009).
Finished successfully!
2500 -10 1009
Reading file: /home/epfl/dforero/scratch/projects/baosystematics/patchy_results/box1/real/veto/mocks_gal_xyz/CATALPTCICz0.466G960S1258809628.VETO.dat
Number of records: 5860537

Duplicating boundaries for periodic condition
Number of records: 7032268

Building Delaunay Triangulation.
Number of vertices: 7032268
Number of cells: 46847040

Writing to file /home/epfl/dforero/scratch/projects/baosystematics/patchy_results/box1/real/veto/mocks_void_xyz/CATALPTCICz0.466G960S1258809628.VETO.VOID.dat
Writing voids with radius in (-10,1009).
Finished successfully!
2500 -10 1009
Reading file: /home/epfl/dforero/scratch/projects/baosystematics/patchy_results/box1/real/veto/mocks_gal_xyz/CATALPTCICz0.466G960S1259830409.VETO.dat
Number of records: 5850724

Duplicating boundaries for periodic condition
Number of records: 7025525

Building Delaunay Triangulation.
Number of vertices: 7025525
Number of cells: 46799748

Writing to file /home/epfl/dforero/scratch/projects/baosystematics/patchy_results/box1/real/veto/mocks_void_xyz/CATALPTCICz0.466G960S1259830409.VETO.VOID.dat
Writing voids with radius in (-10,1009).
Finished successfully!
2500 -10 1009
Reading file: /home/epfl/dforero/scratch/projects/baosystematics/patchy_results/box1/real/veto/mocks_gal_xyz/CATALPTCICz0.466G960S1263047563.VETO.dat
Number of records: 5851431

Duplicating boundaries for periodic condition
Number of records: 7029276

Building Delaunay Triangulation.
Number of vertices: 7029276
Number of cells: 46826212

Writing to file /home/epfl/dforero/scratch/projects/baosystematics/patchy_results/box1/real/veto/mocks_void_xyz/CATALPTCICz0.466G960S1263047563.VETO.VOID.dat
Writing voids with radius in (-10,1009).
Finished successfully!
2500 -10 1009
Reading file: /home/epfl/dforero/scratch/projects/baosystematics/patchy_results/box1/real/veto/mocks_gal_xyz/CATALPTCICz0.466G960S1268113228.VETO.dat
Number of records: 5858712

Duplicating boundaries for periodic condition
Number of records: 7028193

Building Delaunay Triangulation.
Number of vertices: 7028193
Number of cells: 46817091

Writing to file /home/epfl/dforero/scratch/projects/baosystematics/patchy_results/box1/real/veto/mocks_void_xyz/CATALPTCICz0.466G960S1268113228.VETO.VOID.dat
Writing voids with radius in (-10,1009).
Finished successfully!
2500 -10 1009
Reading file: /home/epfl/dforero/scratch/projects/baosystematics/patchy_results/box1/real/veto/mocks_gal_xyz/CATALPTCICz0.466G960S1270858461.VETO.dat
Number of records: 5859289

Duplicating boundaries for periodic condition
Number of records: 7036481

Building Delaunay Triangulation.
Number of vertices: 7036480
Number of cells: 46868094

Writing to file /home/epfl/dforero/scratch/projects/baosystematics/patchy_results/box1/real/veto/mocks_void_xyz/CATALPTCICz0.466G960S1270858461.VETO.VOID.dat
Writing voids with radius in (-10,1009).
Finished successfully!
2500 -10 1009
Reading file: /home/epfl/dforero/scratch/projects/baosystematics/patchy_results/box1/real/veto/mocks_gal_xyz/CATALPTCICz0.466G960S1280289475.VETO.dat
Number of records: 5858880

Duplicating boundaries for periodic condition
Number of records: 7033468

Building Delaunay Triangulation.
Number of vertices: 7033468
Number of cells: 46851772

Writing to file /home/epfl/dforero/scratch/projects/baosystematics/patchy_results/box1/real/veto/mocks_void_xyz/CATALPTCICz0.466G960S1280289475.VETO.VOID.dat
Writing voids with radius in (-10,1009).
Finished successfully!
2500 -10 1009
Reading file: /home/epfl/dforero/scratch/projects/baosystematics/patchy_results/box1/real/veto/mocks_gal_xyz/CATALPTCICz0.466G960S1281268081.VETO.dat
Number of records: 5855698

Duplicating boundaries for periodic condition
Number of records: 7030238

Building Delaunay Triangulation.
Number of vertices: 7030238
Number of cells: 46831891

Writing to file /home/epfl/dforero/scratch/projects/baosystematics/patchy_results/box1/real/veto/mocks_void_xyz/CATALPTCICz0.466G960S1281268081.VETO.VOID.dat
Writing voids with radius in (-10,1009).
Finished successfully!
