2500 -10 1009
Reading file: /home/epfl/dforero/scratch/projects/baosystematics/patchy_results/box1/real/vetoang/mocks_gal_xyz/CATALPTCICz0.466G960S662986527.VETO_ANG.dat
Number of records: 5560301

Duplicating boundaries for periodic condition
Number of records: 6706220

Building Delaunay Triangulation.
Number of vertices: 6706220
Number of cells: 44690098

Writing to file /home/epfl/dforero/scratch/projects/baosystematics/patchy_results/box1/real/vetoang/mocks_void_xyz/CATALPTCICz0.466G960S662986527.VETO_ANG.VOID.dat
Writing voids with radius in (-10,1009).
Finished successfully!
2500 -10 1009
Reading file: /home/epfl/dforero/scratch/projects/baosystematics/patchy_results/box1/real/vetoang/mocks_gal_xyz/CATALPTCICz0.466G960S670193816.VETO_ANG.dat
Number of records: 5557730

Duplicating boundaries for periodic condition
Number of records: 6714982

Building Delaunay Triangulation.
Number of vertices: 6714982
Number of cells: 44751401

Writing to file /home/epfl/dforero/scratch/projects/baosystematics/patchy_results/box1/real/vetoang/mocks_void_xyz/CATALPTCICz0.466G960S670193816.VETO_ANG.VOID.dat
Writing voids with radius in (-10,1009).
Finished successfully!
2500 -10 1009
Reading file: /home/epfl/dforero/scratch/projects/baosystematics/patchy_results/box1/real/vetoang/mocks_gal_xyz/CATALPTCICz0.466G960S670784234.VETO_ANG.dat
Number of records: 5564719

Duplicating boundaries for periodic condition
Number of records: 6718033

Building Delaunay Triangulation.
Number of vertices: 6718033
Number of cells: 44762943

Writing to file /home/epfl/dforero/scratch/projects/baosystematics/patchy_results/box1/real/vetoang/mocks_void_xyz/CATALPTCICz0.466G960S670784234.VETO_ANG.VOID.dat
Writing voids with radius in (-10,1009).
Finished successfully!
2500 -10 1009
Reading file: /home/epfl/dforero/scratch/projects/baosystematics/patchy_results/box1/real/vetoang/mocks_gal_xyz/CATALPTCICz0.466G960S672574680.VETO_ANG.dat
Number of records: 5556180

Duplicating boundaries for periodic condition
Number of records: 6709470

Building Delaunay Triangulation.
Number of vertices: 6709470
Number of cells: 44709795

Writing to file /home/epfl/dforero/scratch/projects/baosystematics/patchy_results/box1/real/vetoang/mocks_void_xyz/CATALPTCICz0.466G960S672574680.VETO_ANG.VOID.dat
Writing voids with radius in (-10,1009).
Finished successfully!
2500 -10 1009
Reading file: /home/epfl/dforero/scratch/projects/baosystematics/patchy_results/box1/real/vetoang/mocks_gal_xyz/CATALPTCICz0.466G960S673130015.VETO_ANG.dat
Number of records: 5556268

Duplicating boundaries for periodic condition
Number of records: 6706083

Building Delaunay Triangulation.
Number of vertices: 6706083
Number of cells: 44686548

Writing to file /home/epfl/dforero/scratch/projects/baosystematics/patchy_results/box1/real/vetoang/mocks_void_xyz/CATALPTCICz0.466G960S673130015.VETO_ANG.VOID.dat
Writing voids with radius in (-10,1009).
Finished successfully!
2500 -10 1009
Reading file: /home/epfl/dforero/scratch/projects/baosystematics/patchy_results/box1/real/vetoang/mocks_gal_xyz/CATALPTCICz0.466G960S676153147.VETO_ANG.dat
Number of records: 5557815

Duplicating boundaries for periodic condition
Number of records: 6707053

Building Delaunay Triangulation.
Number of vertices: 6707053
Number of cells: 44692762

Writing to file /home/epfl/dforero/scratch/projects/baosystematics/patchy_results/box1/real/vetoang/mocks_void_xyz/CATALPTCICz0.466G960S676153147.VETO_ANG.VOID.dat
Writing voids with radius in (-10,1009).
Finished successfully!
2500 -10 1009
Reading file: /home/epfl/dforero/scratch/projects/baosystematics/patchy_results/box1/real/vetoang/mocks_gal_xyz/CATALPTCICz0.466G960S683150030.VETO_ANG.dat
Number of records: 5559536

Duplicating boundaries for periodic condition
Number of records: 6711048

Building Delaunay Triangulation.
Number of vertices: 6711048
Number of cells: 44710916

Writing to file /home/epfl/dforero/scratch/projects/baosystematics/patchy_results/box1/real/vetoang/mocks_void_xyz/CATALPTCICz0.466G960S683150030.VETO_ANG.VOID.dat
Writing voids with radius in (-10,1009).
Finished successfully!
2500 -10 1009
Reading file: /home/epfl/dforero/scratch/projects/baosystematics/patchy_results/box1/real/vetoang/mocks_gal_xyz/CATALPTCICz0.466G960S687988509.VETO_ANG.dat
Number of records: 5560793

Duplicating boundaries for periodic condition
Number of records: 6714584

Building Delaunay Triangulation.
Number of vertices: 6714584
Number of cells: 44744072

Writing to file /home/epfl/dforero/scratch/projects/baosystematics/patchy_results/box1/real/vetoang/mocks_void_xyz/CATALPTCICz0.466G960S687988509.VETO_ANG.VOID.dat
Writing voids with radius in (-10,1009).
Finished successfully!
2500 -10 1009
Reading file: /home/epfl/dforero/scratch/projects/baosystematics/patchy_results/box1/real/vetoang/mocks_gal_xyz/CATALPTCICz0.466G960S688351692.VETO_ANG.dat
Number of records: 5560743

Duplicating boundaries for periodic condition
Number of records: 6724087

Building Delaunay Triangulation.
Number of vertices: 6724087
Number of cells: 44810221

Writing to file /home/epfl/dforero/scratch/projects/baosystematics/patchy_results/box1/real/vetoang/mocks_void_xyz/CATALPTCICz0.466G960S688351692.VETO_ANG.VOID.dat
Writing voids with radius in (-10,1009).
Finished successfully!
2500 -10 1009
Reading file: /home/epfl/dforero/scratch/projects/baosystematics/patchy_results/box1/real/vetoang/mocks_gal_xyz/CATALPTCICz0.466G960S693209150.VETO_ANG.dat
Number of records: 5561414

Duplicating boundaries for periodic condition
Number of records: 6705197

Building Delaunay Triangulation.
Number of vertices: 6705197
Number of cells: 44681259

Writing to file /home/epfl/dforero/scratch/projects/baosystematics/patchy_results/box1/real/vetoang/mocks_void_xyz/CATALPTCICz0.466G960S693209150.VETO_ANG.VOID.dat
Writing voids with radius in (-10,1009).
Finished successfully!
