2500 -10 1009
Reading file: /home/epfl/dforero/scratch/projects/baosystematics/patchy_results/box1/real/ang/mocks_gal_xyz/CATALPTCICz0.466G960S1409783393.ANG.dat
Number of records: 5897860

Duplicating boundaries for periodic condition
Number of records: 7136803

Building Delaunay Triangulation.
Number of vertices: 7136803
Number of cells: 47580705

Writing to file /home/epfl/dforero/scratch/projects/baosystematics/patchy_results/box1/real/ang/mocks_void_xyz/CATALPTCICz0.466G960S1409783393.ANG.VOID.dat
Writing voids with radius in (-10,1009).
Finished successfully!
2500 -10 1009
Reading file: /home/epfl/dforero/scratch/projects/baosystematics/patchy_results/box1/real/ang/mocks_gal_xyz/CATALPTCICz0.466G960S1409803201.ANG.dat
Number of records: 5900422

Duplicating boundaries for periodic condition
Number of records: 7135883

Building Delaunay Triangulation.
Number of vertices: 7135883
Number of cells: 47572172

Writing to file /home/epfl/dforero/scratch/projects/baosystematics/patchy_results/box1/real/ang/mocks_void_xyz/CATALPTCICz0.466G960S1409803201.ANG.VOID.dat
Writing voids with radius in (-10,1009).
Finished successfully!
2500 -10 1009
Reading file: /home/epfl/dforero/scratch/projects/baosystematics/patchy_results/box1/real/ang/mocks_gal_xyz/CATALPTCICz0.466G960S1412768225.ANG.dat
Number of records: 5896852

Duplicating boundaries for periodic condition
Number of records: 7141203

Building Delaunay Triangulation.
Number of vertices: 7141203
Number of cells: 47609710

Writing to file /home/epfl/dforero/scratch/projects/baosystematics/patchy_results/box1/real/ang/mocks_void_xyz/CATALPTCICz0.466G960S1412768225.ANG.VOID.dat
Writing voids with radius in (-10,1009).
Finished successfully!
2500 -10 1009
Reading file: /home/epfl/dforero/scratch/projects/baosystematics/patchy_results/box1/real/ang/mocks_gal_xyz/CATALPTCICz0.466G960S1415001107.ANG.dat
Number of records: 5899854

Duplicating boundaries for periodic condition
Number of records: 7135515

Building Delaunay Triangulation.
Number of vertices: 7135515
Number of cells: 47565257

Writing to file /home/epfl/dforero/scratch/projects/baosystematics/patchy_results/box1/real/ang/mocks_void_xyz/CATALPTCICz0.466G960S1415001107.ANG.VOID.dat
Writing voids with radius in (-10,1009).
Finished successfully!
2500 -10 1009
Reading file: /home/epfl/dforero/scratch/projects/baosystematics/patchy_results/box1/real/ang/mocks_gal_xyz/CATALPTCICz0.466G960S1419734074.ANG.dat
Number of records: 5897089

Duplicating boundaries for periodic condition
Number of records: 7136068

Building Delaunay Triangulation.
Number of vertices: 7136068
Number of cells: 47575877

Writing to file /home/epfl/dforero/scratch/projects/baosystematics/patchy_results/box1/real/ang/mocks_void_xyz/CATALPTCICz0.466G960S1419734074.ANG.VOID.dat
Writing voids with radius in (-10,1009).
Finished successfully!
2500 -10 1009
Reading file: /home/epfl/dforero/scratch/projects/baosystematics/patchy_results/box1/real/ang/mocks_gal_xyz/CATALPTCICz0.466G960S1428348139.ANG.dat
Number of records: 5897777

Duplicating boundaries for periodic condition
Number of records: 7145129

Building Delaunay Triangulation.
Number of vertices: 7145129
Number of cells: 47633853

Writing to file /home/epfl/dforero/scratch/projects/baosystematics/patchy_results/box1/real/ang/mocks_void_xyz/CATALPTCICz0.466G960S1428348139.ANG.VOID.dat
Writing voids with radius in (-10,1009).
Finished successfully!
2500 -10 1009
Reading file: /home/epfl/dforero/scratch/projects/baosystematics/patchy_results/box1/real/ang/mocks_gal_xyz/CATALPTCICz0.466G960S1431773317.ANG.dat
Number of records: 5899508

Duplicating boundaries for periodic condition
Number of records: 7136030

Building Delaunay Triangulation.
Number of vertices: 7136030
Number of cells: 47571524

Writing to file /home/epfl/dforero/scratch/projects/baosystematics/patchy_results/box1/real/ang/mocks_void_xyz/CATALPTCICz0.466G960S1431773317.ANG.VOID.dat
Writing voids with radius in (-10,1009).
Finished successfully!
2500 -10 1009
Reading file: /home/epfl/dforero/scratch/projects/baosystematics/patchy_results/box1/real/ang/mocks_gal_xyz/CATALPTCICz0.466G960S1440768444.ANG.dat
Number of records: 5898271

Duplicating boundaries for periodic condition
Number of records: 7138395

Building Delaunay Triangulation.
Number of vertices: 7138394
Number of cells: 47592101

Writing to file /home/epfl/dforero/scratch/projects/baosystematics/patchy_results/box1/real/ang/mocks_void_xyz/CATALPTCICz0.466G960S1440768444.ANG.VOID.dat
Writing voids with radius in (-10,1009).
Finished successfully!
2500 -10 1009
Reading file: /home/epfl/dforero/scratch/projects/baosystematics/patchy_results/box1/real/ang/mocks_gal_xyz/CATALPTCICz0.466G960S1448773697.ANG.dat
Number of records: 5893617

Duplicating boundaries for periodic condition
Number of records: 7135322

Building Delaunay Triangulation.
Number of vertices: 7135322
Number of cells: 47569628

Writing to file /home/epfl/dforero/scratch/projects/baosystematics/patchy_results/box1/real/ang/mocks_void_xyz/CATALPTCICz0.466G960S1448773697.ANG.VOID.dat
Writing voids with radius in (-10,1009).
Finished successfully!
2500 -10 1009
Reading file: /home/epfl/dforero/scratch/projects/baosystematics/patchy_results/box1/real/ang/mocks_gal_xyz/CATALPTCICz0.466G960S1450112253.ANG.dat
Number of records: 5899874

Duplicating boundaries for periodic condition
Number of records: 7140726

Building Delaunay Triangulation.
Number of vertices: 7140726
Number of cells: 47597727

Writing to file /home/epfl/dforero/scratch/projects/baosystematics/patchy_results/box1/real/ang/mocks_void_xyz/CATALPTCICz0.466G960S1450112253.ANG.VOID.dat
Writing voids with radius in (-10,1009).
Finished successfully!
