2500 -10 1009
Reading file: /home/epfl/dforero/scratch/projects/baosystematics/patchy_results/box1/real/veto/mocks_gal_xyz/CATALPTCICz0.466G960S1888203641.VETO.dat
Number of records: 5859102

Duplicating boundaries for periodic condition
Number of records: 7025174

Building Delaunay Triangulation.
Number of vertices: 7025174
Number of cells: 46798513

Writing to file /home/epfl/dforero/scratch/projects/baosystematics/patchy_results/box1/real/veto/mocks_void_xyz/CATALPTCICz0.466G960S1888203641.VETO.VOID.dat
Writing voids with radius in (-10,1009).
Finished successfully!
2500 -10 1009
Reading file: /home/epfl/dforero/scratch/projects/baosystematics/patchy_results/box1/real/veto/mocks_gal_xyz/CATALPTCICz0.466G960S1897253935.VETO.dat
Number of records: 5857466

Duplicating boundaries for periodic condition
Number of records: 7025946

Building Delaunay Triangulation.
Number of vertices: 7025946
Number of cells: 46801919

Writing to file /home/epfl/dforero/scratch/projects/baosystematics/patchy_results/box1/real/veto/mocks_void_xyz/CATALPTCICz0.466G960S1897253935.VETO.VOID.dat
Writing voids with radius in (-10,1009).
Finished successfully!
2500 -10 1009
Reading file: /home/epfl/dforero/scratch/projects/baosystematics/patchy_results/box1/real/veto/mocks_gal_xyz/CATALPTCICz0.466G960S1927411616.VETO.dat
Number of records: 5857154

Duplicating boundaries for periodic condition
Number of records: 7031515

Building Delaunay Triangulation.
Number of vertices: 7031515
Number of cells: 46844372

Writing to file /home/epfl/dforero/scratch/projects/baosystematics/patchy_results/box1/real/veto/mocks_void_xyz/CATALPTCICz0.466G960S1927411616.VETO.VOID.dat
Writing voids with radius in (-10,1009).
Finished successfully!
2500 -10 1009
Reading file: /home/epfl/dforero/scratch/projects/baosystematics/patchy_results/box1/real/veto/mocks_gal_xyz/CATALPTCICz0.466G960S1928615245.VETO.dat
Number of records: 5859585

Duplicating boundaries for periodic condition
Number of records: 7032691

Building Delaunay Triangulation.
Number of vertices: 7032691
Number of cells: 46849645

Writing to file /home/epfl/dforero/scratch/projects/baosystematics/patchy_results/box1/real/veto/mocks_void_xyz/CATALPTCICz0.466G960S1928615245.VETO.VOID.dat
Writing voids with radius in (-10,1009).
Finished successfully!
2500 -10 1009
Reading file: /home/epfl/dforero/scratch/projects/baosystematics/patchy_results/box1/real/veto/mocks_gal_xyz/CATALPTCICz0.466G960S1932672395.VETO.dat
Number of records: 5853825

Duplicating boundaries for periodic condition
Number of records: 7026110

Building Delaunay Triangulation.
Number of vertices: 7026110
Number of cells: 46803396

Writing to file /home/epfl/dforero/scratch/projects/baosystematics/patchy_results/box1/real/veto/mocks_void_xyz/CATALPTCICz0.466G960S1932672395.VETO.VOID.dat
Writing voids with radius in (-10,1009).
Finished successfully!
2500 -10 1009
Reading file: /home/epfl/dforero/scratch/projects/baosystematics/patchy_results/box1/real/veto/mocks_gal_xyz/CATALPTCICz0.466G960S1936779850.VETO.dat
Number of records: 5857725

Duplicating boundaries for periodic condition
Number of records: 7031612

Building Delaunay Triangulation.
Number of vertices: 7031612
Number of cells: 46841424

Writing to file /home/epfl/dforero/scratch/projects/baosystematics/patchy_results/box1/real/veto/mocks_void_xyz/CATALPTCICz0.466G960S1936779850.VETO.VOID.dat
Writing voids with radius in (-10,1009).
Finished successfully!
2500 -10 1009
Reading file: /home/epfl/dforero/scratch/projects/baosystematics/patchy_results/box1/real/veto/mocks_gal_xyz/CATALPTCICz0.466G960S1941846360.VETO.dat
Number of records: 5859420

Duplicating boundaries for periodic condition
Number of records: 7033390

Building Delaunay Triangulation.
Number of vertices: 7033390
Number of cells: 46845812

Writing to file /home/epfl/dforero/scratch/projects/baosystematics/patchy_results/box1/real/veto/mocks_void_xyz/CATALPTCICz0.466G960S1941846360.VETO.VOID.dat
Writing voids with radius in (-10,1009).
Finished successfully!
2500 -10 1009
Reading file: /home/epfl/dforero/scratch/projects/baosystematics/patchy_results/box1/real/veto/mocks_gal_xyz/CATALPTCICz0.466G960S1942615915.VETO.dat
Number of records: 5855127

Duplicating boundaries for periodic condition
Number of records: 7026525

Building Delaunay Triangulation.
Number of vertices: 7026525
Number of cells: 46806666

Writing to file /home/epfl/dforero/scratch/projects/baosystematics/patchy_results/box1/real/veto/mocks_void_xyz/CATALPTCICz0.466G960S1942615915.VETO.VOID.dat
Writing voids with radius in (-10,1009).
Finished successfully!
2500 -10 1009
Reading file: /home/epfl/dforero/scratch/projects/baosystematics/patchy_results/box1/real/veto/mocks_gal_xyz/CATALPTCICz0.466G960S1942922759.VETO.dat
Number of records: 5857278

Duplicating boundaries for periodic condition
Number of records: 7034326

Building Delaunay Triangulation.
Number of vertices: 7034326
Number of cells: 46860679

Writing to file /home/epfl/dforero/scratch/projects/baosystematics/patchy_results/box1/real/veto/mocks_void_xyz/CATALPTCICz0.466G960S1942922759.VETO.VOID.dat
Writing voids with radius in (-10,1009).
Finished successfully!
2500 -10 1009
Reading file: /home/epfl/dforero/scratch/projects/baosystematics/patchy_results/box1/real/veto/mocks_gal_xyz/CATALPTCICz0.466G960S1947502558.VETO.dat
Number of records: 5856012

Duplicating boundaries for periodic condition
Number of records: 7033255

Building Delaunay Triangulation.
Number of vertices: 7033255
Number of cells: 46847190

Writing to file /home/epfl/dforero/scratch/projects/baosystematics/patchy_results/box1/real/veto/mocks_void_xyz/CATALPTCICz0.466G960S1947502558.VETO.VOID.dat
Writing voids with radius in (-10,1009).
Finished successfully!
