2500 -10 1009
Reading file: /home/epfl/dforero/scratch/projects/baosystematics/patchy_results/box1/real/vetoang/mocks_gal_xyz/CATALPTCICz0.466G960S569892358.VETO_ANG.dat
Number of records: 5559393

Duplicating boundaries for periodic condition
Number of records: 6710041

Building Delaunay Triangulation.
Number of vertices: 6710041
Number of cells: 44714312

Writing to file /home/epfl/dforero/scratch/projects/baosystematics/patchy_results/box1/real/vetoang/mocks_void_xyz/CATALPTCICz0.466G960S569892358.VETO_ANG.VOID.dat
Writing voids with radius in (-10,1009).
Finished successfully!
2500 -10 1009
Reading file: /home/epfl/dforero/scratch/projects/baosystematics/patchy_results/box1/real/vetoang/mocks_gal_xyz/CATALPTCICz0.466G960S596230622.VETO_ANG.dat
Number of records: 5552202

Duplicating boundaries for periodic condition
Number of records: 6696157

Building Delaunay Triangulation.
Number of vertices: 6696157
Number of cells: 44622455

Writing to file /home/epfl/dforero/scratch/projects/baosystematics/patchy_results/box1/real/vetoang/mocks_void_xyz/CATALPTCICz0.466G960S596230622.VETO_ANG.VOID.dat
Writing voids with radius in (-10,1009).
Finished successfully!
2500 -10 1009
Reading file: /home/epfl/dforero/scratch/projects/baosystematics/patchy_results/box1/real/vetoang/mocks_gal_xyz/CATALPTCICz0.466G960S599895384.VETO_ANG.dat
Number of records: 5561476

Duplicating boundaries for periodic condition
Number of records: 6714477

Building Delaunay Triangulation.
Number of vertices: 6714477
Number of cells: 44738226

Writing to file /home/epfl/dforero/scratch/projects/baosystematics/patchy_results/box1/real/vetoang/mocks_void_xyz/CATALPTCICz0.466G960S599895384.VETO_ANG.VOID.dat
Writing voids with radius in (-10,1009).
Finished successfully!
2500 -10 1009
Reading file: /home/epfl/dforero/scratch/projects/baosystematics/patchy_results/box1/real/vetoang/mocks_gal_xyz/CATALPTCICz0.466G960S600808782.VETO_ANG.dat
Number of records: 5554391

Duplicating boundaries for periodic condition
Number of records: 6704708

Building Delaunay Triangulation.
Number of vertices: 6704708
Number of cells: 44675304

Writing to file /home/epfl/dforero/scratch/projects/baosystematics/patchy_results/box1/real/vetoang/mocks_void_xyz/CATALPTCICz0.466G960S600808782.VETO_ANG.VOID.dat
Writing voids with radius in (-10,1009).
Finished successfully!
2500 -10 1009
Reading file: /home/epfl/dforero/scratch/projects/baosystematics/patchy_results/box1/real/vetoang/mocks_gal_xyz/CATALPTCICz0.466G960S601918842.VETO_ANG.dat
Number of records: 5562177

Duplicating boundaries for periodic condition
Number of records: 6722595

Building Delaunay Triangulation.
Number of vertices: 6722595
Number of cells: 44797788

Writing to file /home/epfl/dforero/scratch/projects/baosystematics/patchy_results/box1/real/vetoang/mocks_void_xyz/CATALPTCICz0.466G960S601918842.VETO_ANG.VOID.dat
Writing voids with radius in (-10,1009).
Finished successfully!
2500 -10 1009
Reading file: /home/epfl/dforero/scratch/projects/baosystematics/patchy_results/box1/real/vetoang/mocks_gal_xyz/CATALPTCICz0.466G960S604533144.VETO_ANG.dat
Number of records: 5556665

Duplicating boundaries for periodic condition
Number of records: 6700611

Building Delaunay Triangulation.
Number of vertices: 6700611
Number of cells: 44647111

Writing to file /home/epfl/dforero/scratch/projects/baosystematics/patchy_results/box1/real/vetoang/mocks_void_xyz/CATALPTCICz0.466G960S604533144.VETO_ANG.VOID.dat
Writing voids with radius in (-10,1009).
Finished successfully!
2500 -10 1009
Reading file: /home/epfl/dforero/scratch/projects/baosystematics/patchy_results/box1/real/vetoang/mocks_gal_xyz/CATALPTCICz0.466G960S606699789.VETO_ANG.dat
Number of records: 5555653

Duplicating boundaries for periodic condition
Number of records: 6699714

Building Delaunay Triangulation.
Number of vertices: 6699714
Number of cells: 44638275

Writing to file /home/epfl/dforero/scratch/projects/baosystematics/patchy_results/box1/real/vetoang/mocks_void_xyz/CATALPTCICz0.466G960S606699789.VETO_ANG.VOID.dat
Writing voids with radius in (-10,1009).
Finished successfully!
2500 -10 1009
Reading file: /home/epfl/dforero/scratch/projects/baosystematics/patchy_results/box1/real/vetoang/mocks_gal_xyz/CATALPTCICz0.466G960S609522891.VETO_ANG.dat
Number of records: 5556735

Duplicating boundaries for periodic condition
Number of records: 6716256

Building Delaunay Triangulation.
Number of vertices: 6716256
Number of cells: 44752037

Writing to file /home/epfl/dforero/scratch/projects/baosystematics/patchy_results/box1/real/vetoang/mocks_void_xyz/CATALPTCICz0.466G960S609522891.VETO_ANG.VOID.dat
Writing voids with radius in (-10,1009).
Finished successfully!
2500 -10 1009
Reading file: /home/epfl/dforero/scratch/projects/baosystematics/patchy_results/box1/real/vetoang/mocks_gal_xyz/CATALPTCICz0.466G960S619379967.VETO_ANG.dat
Number of records: 5559947

Duplicating boundaries for periodic condition
Number of records: 6708893

Building Delaunay Triangulation.
Number of vertices: 6708893
Number of cells: 44706380

Writing to file /home/epfl/dforero/scratch/projects/baosystematics/patchy_results/box1/real/vetoang/mocks_void_xyz/CATALPTCICz0.466G960S619379967.VETO_ANG.VOID.dat
Writing voids with radius in (-10,1009).
Finished successfully!
2500 -10 1009
Reading file: /home/epfl/dforero/scratch/projects/baosystematics/patchy_results/box1/real/vetoang/mocks_gal_xyz/CATALPTCICz0.466G960S627205227.VETO_ANG.dat
Number of records: 5555804

Duplicating boundaries for periodic condition
Number of records: 6704610

Building Delaunay Triangulation.
Number of vertices: 6704610
Number of cells: 44672688

Writing to file /home/epfl/dforero/scratch/projects/baosystematics/patchy_results/box1/real/vetoang/mocks_void_xyz/CATALPTCICz0.466G960S627205227.VETO_ANG.VOID.dat
Writing voids with radius in (-10,1009).
Finished successfully!
