2500 -10 1009
Reading file: /home/epfl/dforero/scratch/projects/baosystematics/patchy_results/box1/real/ang/mocks_gal_xyz/CATALPTCICz0.466G960S1319224709.ANG.dat
Number of records: 5898407

Duplicating boundaries for periodic condition
Number of records: 7139957

Building Delaunay Triangulation.
Number of vertices: 7139957
Number of cells: 47601237

Writing to file /home/epfl/dforero/scratch/projects/baosystematics/patchy_results/box1/real/ang/mocks_void_xyz/CATALPTCICz0.466G960S1319224709.ANG.VOID.dat
Writing voids with radius in (-10,1009).
Finished successfully!
2500 -10 1009
Reading file: /home/epfl/dforero/scratch/projects/baosystematics/patchy_results/box1/real/ang/mocks_gal_xyz/CATALPTCICz0.466G960S1322514347.ANG.dat
Number of records: 5899840

Duplicating boundaries for periodic condition
Number of records: 7150055

Building Delaunay Triangulation.
Number of vertices: 7150055
Number of cells: 47665659

Writing to file /home/epfl/dforero/scratch/projects/baosystematics/patchy_results/box1/real/ang/mocks_void_xyz/CATALPTCICz0.466G960S1322514347.ANG.VOID.dat
Writing voids with radius in (-10,1009).
Finished successfully!
2500 -10 1009
Reading file: /home/epfl/dforero/scratch/projects/baosystematics/patchy_results/box1/real/ang/mocks_gal_xyz/CATALPTCICz0.466G960S1322583197.ANG.dat
Number of records: 5900430

Duplicating boundaries for periodic condition
Number of records: 7136956

Building Delaunay Triangulation.
Number of vertices: 7136956
Number of cells: 47581348

Writing to file /home/epfl/dforero/scratch/projects/baosystematics/patchy_results/box1/real/ang/mocks_void_xyz/CATALPTCICz0.466G960S1322583197.ANG.VOID.dat
Writing voids with radius in (-10,1009).
Finished successfully!
2500 -10 1009
Reading file: /home/epfl/dforero/scratch/projects/baosystematics/patchy_results/box1/real/ang/mocks_gal_xyz/CATALPTCICz0.466G960S1322632840.ANG.dat
Number of records: 5898316

Duplicating boundaries for periodic condition
Number of records: 7136138

Building Delaunay Triangulation.
Number of vertices: 7136138
Number of cells: 47573682

Writing to file /home/epfl/dforero/scratch/projects/baosystematics/patchy_results/box1/real/ang/mocks_void_xyz/CATALPTCICz0.466G960S1322632840.ANG.VOID.dat
Writing voids with radius in (-10,1009).
Finished successfully!
2500 -10 1009
Reading file: /home/epfl/dforero/scratch/projects/baosystematics/patchy_results/box1/real/ang/mocks_gal_xyz/CATALPTCICz0.466G960S1324434178.ANG.dat
Number of records: 5898042

Duplicating boundaries for periodic condition
Number of records: 7140593

Building Delaunay Triangulation.
Number of vertices: 7140593
Number of cells: 47599392

Writing to file /home/epfl/dforero/scratch/projects/baosystematics/patchy_results/box1/real/ang/mocks_void_xyz/CATALPTCICz0.466G960S1324434178.ANG.VOID.dat
Writing voids with radius in (-10,1009).
Finished successfully!
2500 -10 1009
Reading file: /home/epfl/dforero/scratch/projects/baosystematics/patchy_results/box1/real/ang/mocks_gal_xyz/CATALPTCICz0.466G960S1326884166.ANG.dat
Number of records: 5898092

Duplicating boundaries for periodic condition
Number of records: 7138288

Building Delaunay Triangulation.
Number of vertices: 7138288
Number of cells: 47587499

Writing to file /home/epfl/dforero/scratch/projects/baosystematics/patchy_results/box1/real/ang/mocks_void_xyz/CATALPTCICz0.466G960S1326884166.ANG.VOID.dat
Writing voids with radius in (-10,1009).
Finished successfully!
2500 -10 1009
Reading file: /home/epfl/dforero/scratch/projects/baosystematics/patchy_results/box1/real/ang/mocks_gal_xyz/CATALPTCICz0.466G960S1333819401.ANG.dat
Number of records: 5898043

Duplicating boundaries for periodic condition
Number of records: 7143937

Building Delaunay Triangulation.
Number of vertices: 7143937
Number of cells: 47628639

Writing to file /home/epfl/dforero/scratch/projects/baosystematics/patchy_results/box1/real/ang/mocks_void_xyz/CATALPTCICz0.466G960S1333819401.ANG.VOID.dat
Writing voids with radius in (-10,1009).
Finished successfully!
2500 -10 1009
Reading file: /home/epfl/dforero/scratch/projects/baosystematics/patchy_results/box1/real/ang/mocks_gal_xyz/CATALPTCICz0.466G960S1351095374.ANG.dat
Number of records: 5900348

Duplicating boundaries for periodic condition
Number of records: 7144998

Building Delaunay Triangulation.
Number of vertices: 7144998
Number of cells: 47634886

Writing to file /home/epfl/dforero/scratch/projects/baosystematics/patchy_results/box1/real/ang/mocks_void_xyz/CATALPTCICz0.466G960S1351095374.ANG.VOID.dat
Writing voids with radius in (-10,1009).
Finished successfully!
2500 -10 1009
Reading file: /home/epfl/dforero/scratch/projects/baosystematics/patchy_results/box1/real/ang/mocks_gal_xyz/CATALPTCICz0.466G960S135251945.ANG.dat
Number of records: 5896451

Duplicating boundaries for periodic condition
Number of records: 7141538

Building Delaunay Triangulation.
Number of vertices: 7141537
Number of cells: 47612087

Writing to file /home/epfl/dforero/scratch/projects/baosystematics/patchy_results/box1/real/ang/mocks_void_xyz/CATALPTCICz0.466G960S135251945.ANG.VOID.dat
Writing voids with radius in (-10,1009).
Finished successfully!
2500 -10 1009
Reading file: /home/epfl/dforero/scratch/projects/baosystematics/patchy_results/box1/real/ang/mocks_gal_xyz/CATALPTCICz0.466G960S1354772842.ANG.dat
Number of records: 5898946

Duplicating boundaries for periodic condition
Number of records: 7138475

Building Delaunay Triangulation.
Number of vertices: 7138475
Number of cells: 47587370

Writing to file /home/epfl/dforero/scratch/projects/baosystematics/patchy_results/box1/real/ang/mocks_void_xyz/CATALPTCICz0.466G960S1354772842.ANG.VOID.dat
Writing voids with radius in (-10,1009).
Finished successfully!
