2500 -10 1009
Reading file: /home/epfl/dforero/scratch/projects/baosystematics/patchy_results/box1/real/ang/mocks_gal_xyz/CATALPTCICz0.466G960S1248755586.ANG.dat
Number of records: 5898545

Duplicating boundaries for periodic condition
Number of records: 7142988

Building Delaunay Triangulation.
Number of vertices: 7142988
Number of cells: 47616232

Writing to file /home/epfl/dforero/scratch/projects/baosystematics/patchy_results/box1/real/ang/mocks_void_xyz/CATALPTCICz0.466G960S1248755586.ANG.VOID.dat
Writing voids with radius in (-10,1009).
Finished successfully!
2500 -10 1009
Reading file: /home/epfl/dforero/scratch/projects/baosystematics/patchy_results/box1/real/ang/mocks_gal_xyz/CATALPTCICz0.466G960S1256484261.ANG.dat
Number of records: 5894913

Duplicating boundaries for periodic condition
Number of records: 7136706

Building Delaunay Triangulation.
Number of vertices: 7136706
Number of cells: 47586894

Writing to file /home/epfl/dforero/scratch/projects/baosystematics/patchy_results/box1/real/ang/mocks_void_xyz/CATALPTCICz0.466G960S1256484261.ANG.VOID.dat
Writing voids with radius in (-10,1009).
Finished successfully!
2500 -10 1009
Reading file: /home/epfl/dforero/scratch/projects/baosystematics/patchy_results/box1/real/ang/mocks_gal_xyz/CATALPTCICz0.466G960S1258770686.ANG.dat
Number of records: 5894922

Duplicating boundaries for periodic condition
Number of records: 7133677

Building Delaunay Triangulation.
Number of vertices: 7133677
Number of cells: 47556763

Writing to file /home/epfl/dforero/scratch/projects/baosystematics/patchy_results/box1/real/ang/mocks_void_xyz/CATALPTCICz0.466G960S1258770686.ANG.VOID.dat
Writing voids with radius in (-10,1009).
Finished successfully!
2500 -10 1009
Reading file: /home/epfl/dforero/scratch/projects/baosystematics/patchy_results/box1/real/ang/mocks_gal_xyz/CATALPTCICz0.466G960S1258809628.ANG.dat
Number of records: 5898364

Duplicating boundaries for periodic condition
Number of records: 7136532

Building Delaunay Triangulation.
Number of vertices: 7136532
Number of cells: 47577559

Writing to file /home/epfl/dforero/scratch/projects/baosystematics/patchy_results/box1/real/ang/mocks_void_xyz/CATALPTCICz0.466G960S1258809628.ANG.VOID.dat
Writing voids with radius in (-10,1009).
Finished successfully!
2500 -10 1009
Reading file: /home/epfl/dforero/scratch/projects/baosystematics/patchy_results/box1/real/ang/mocks_gal_xyz/CATALPTCICz0.466G960S1259830409.ANG.dat
Number of records: 5896117

Duplicating boundaries for periodic condition
Number of records: 7138133

Building Delaunay Triangulation.
Number of vertices: 7138133
Number of cells: 47588443

Writing to file /home/epfl/dforero/scratch/projects/baosystematics/patchy_results/box1/real/ang/mocks_void_xyz/CATALPTCICz0.466G960S1259830409.ANG.VOID.dat
Writing voids with radius in (-10,1009).
Finished successfully!
2500 -10 1009
Reading file: /home/epfl/dforero/scratch/projects/baosystematics/patchy_results/box1/real/ang/mocks_gal_xyz/CATALPTCICz0.466G960S1263047563.ANG.dat
Number of records: 5889501

Duplicating boundaries for periodic condition
Number of records: 7133163

Building Delaunay Triangulation.
Number of vertices: 7133163
Number of cells: 47558920

Writing to file /home/epfl/dforero/scratch/projects/baosystematics/patchy_results/box1/real/ang/mocks_void_xyz/CATALPTCICz0.466G960S1263047563.ANG.VOID.dat
Writing voids with radius in (-10,1009).
Finished successfully!
2500 -10 1009
Reading file: /home/epfl/dforero/scratch/projects/baosystematics/patchy_results/box1/real/ang/mocks_gal_xyz/CATALPTCICz0.466G960S1268113228.ANG.dat
Number of records: 5900245

Duplicating boundaries for periodic condition
Number of records: 7134767

Building Delaunay Triangulation.
Number of vertices: 7134767
Number of cells: 47564879

Writing to file /home/epfl/dforero/scratch/projects/baosystematics/patchy_results/box1/real/ang/mocks_void_xyz/CATALPTCICz0.466G960S1268113228.ANG.VOID.dat
Writing voids with radius in (-10,1009).
Finished successfully!
2500 -10 1009
Reading file: /home/epfl/dforero/scratch/projects/baosystematics/patchy_results/box1/real/ang/mocks_gal_xyz/CATALPTCICz0.466G960S1270858461.ANG.dat
Number of records: 5899632

Duplicating boundaries for periodic condition
Number of records: 7141604

Building Delaunay Triangulation.
Number of vertices: 7141603
Number of cells: 47608020

Writing to file /home/epfl/dforero/scratch/projects/baosystematics/patchy_results/box1/real/ang/mocks_void_xyz/CATALPTCICz0.466G960S1270858461.ANG.VOID.dat
Writing voids with radius in (-10,1009).
Finished successfully!
2500 -10 1009
Reading file: /home/epfl/dforero/scratch/projects/baosystematics/patchy_results/box1/real/ang/mocks_gal_xyz/CATALPTCICz0.466G960S1280289475.ANG.dat
Number of records: 5898794

Duplicating boundaries for periodic condition
Number of records: 7140240

Building Delaunay Triangulation.
Number of vertices: 7140240
Number of cells: 47602259

Writing to file /home/epfl/dforero/scratch/projects/baosystematics/patchy_results/box1/real/ang/mocks_void_xyz/CATALPTCICz0.466G960S1280289475.ANG.VOID.dat
Writing voids with radius in (-10,1009).
Finished successfully!
2500 -10 1009
Reading file: /home/epfl/dforero/scratch/projects/baosystematics/patchy_results/box1/real/ang/mocks_gal_xyz/CATALPTCICz0.466G960S1281268081.ANG.dat
Number of records: 5897604

Duplicating boundaries for periodic condition
Number of records: 7139768

Building Delaunay Triangulation.
Number of vertices: 7139768
Number of cells: 47601438

Writing to file /home/epfl/dforero/scratch/projects/baosystematics/patchy_results/box1/real/ang/mocks_void_xyz/CATALPTCICz0.466G960S1281268081.ANG.VOID.dat
Writing voids with radius in (-10,1009).
Finished successfully!
