2500 -10 1009
Reading file: /home/epfl/dforero/scratch/projects/baosystematics/patchy_results/box1/real/veto/mocks_gal_xyz/CATALPTCICz0.466G960S216299789.VETO.dat
Number of records: 5858200

Duplicating boundaries for periodic condition
Number of records: 7023659

Building Delaunay Triangulation.
Number of vertices: 7023659
Number of cells: 46782066

Writing to file /home/epfl/dforero/scratch/projects/baosystematics/patchy_results/box1/real/veto/mocks_void_xyz/CATALPTCICz0.466G960S216299789.VETO.VOID.dat
Writing voids with radius in (-10,1009).
Finished successfully!
2500 -10 1009
Reading file: /home/epfl/dforero/scratch/projects/baosystematics/patchy_results/box1/real/veto/mocks_gal_xyz/CATALPTCICz0.466G960S218944817.VETO.dat
Number of records: 5856648

Duplicating boundaries for periodic condition
Number of records: 7019659

Building Delaunay Triangulation.
Number of vertices: 7019659
Number of cells: 46762210

Writing to file /home/epfl/dforero/scratch/projects/baosystematics/patchy_results/box1/real/veto/mocks_void_xyz/CATALPTCICz0.466G960S218944817.VETO.VOID.dat
Writing voids with radius in (-10,1009).
Finished successfully!
2500 -10 1009
Reading file: /home/epfl/dforero/scratch/projects/baosystematics/patchy_results/box1/real/veto/mocks_gal_xyz/CATALPTCICz0.466G960S220034993.VETO.dat
Number of records: 5857628

Duplicating boundaries for periodic condition
Number of records: 7023194

Building Delaunay Triangulation.
Number of vertices: 7023194
Number of cells: 46779434

Writing to file /home/epfl/dforero/scratch/projects/baosystematics/patchy_results/box1/real/veto/mocks_void_xyz/CATALPTCICz0.466G960S220034993.VETO.VOID.dat
Writing voids with radius in (-10,1009).
Finished successfully!
2500 -10 1009
Reading file: /home/epfl/dforero/scratch/projects/baosystematics/patchy_results/box1/real/veto/mocks_gal_xyz/CATALPTCICz0.466G960S231824037.VETO.dat
Number of records: 5858180

Duplicating boundaries for periodic condition
Number of records: 7025943

Building Delaunay Triangulation.
Number of vertices: 7025943
Number of cells: 46799301

Writing to file /home/epfl/dforero/scratch/projects/baosystematics/patchy_results/box1/real/veto/mocks_void_xyz/CATALPTCICz0.466G960S231824037.VETO.VOID.dat
Writing voids with radius in (-10,1009).
Finished successfully!
2500 -10 1009
Reading file: /home/epfl/dforero/scratch/projects/baosystematics/patchy_results/box1/real/veto/mocks_gal_xyz/CATALPTCICz0.466G960S237524283.VETO.dat
Number of records: 5857363

Duplicating boundaries for periodic condition
Number of records: 7020823

Building Delaunay Triangulation.
Number of vertices: 7020823
Number of cells: 46766659

Writing to file /home/epfl/dforero/scratch/projects/baosystematics/patchy_results/box1/real/veto/mocks_void_xyz/CATALPTCICz0.466G960S237524283.VETO.VOID.dat
Writing voids with radius in (-10,1009).
Finished successfully!
2500 -10 1009
Reading file: /home/epfl/dforero/scratch/projects/baosystematics/patchy_results/box1/real/veto/mocks_gal_xyz/CATALPTCICz0.466G960S241248101.VETO.dat
Number of records: 5852931

Duplicating boundaries for periodic condition
Number of records: 7024602

Building Delaunay Triangulation.
Number of vertices: 7024602
Number of cells: 46793809

Writing to file /home/epfl/dforero/scratch/projects/baosystematics/patchy_results/box1/real/veto/mocks_void_xyz/CATALPTCICz0.466G960S241248101.VETO.VOID.dat
Writing voids with radius in (-10,1009).
Finished successfully!
2500 -10 1009
Reading file: /home/epfl/dforero/scratch/projects/baosystematics/patchy_results/box1/real/veto/mocks_gal_xyz/CATALPTCICz0.466G960S246409002.VETO.dat
Number of records: 5856934

Duplicating boundaries for periodic condition
Number of records: 7035836

Building Delaunay Triangulation.
Number of vertices: 7035836
Number of cells: 46860703

Writing to file /home/epfl/dforero/scratch/projects/baosystematics/patchy_results/box1/real/veto/mocks_void_xyz/CATALPTCICz0.466G960S246409002.VETO.VOID.dat
Writing voids with radius in (-10,1009).
Finished successfully!
2500 -10 1009
Reading file: /home/epfl/dforero/scratch/projects/baosystematics/patchy_results/box1/real/veto/mocks_gal_xyz/CATALPTCICz0.466G960S246613418.VETO.dat
Number of records: 5855126

Duplicating boundaries for periodic condition
Number of records: 7038768

Building Delaunay Triangulation.
Number of vertices: 7038768
Number of cells: 46889725

Writing to file /home/epfl/dforero/scratch/projects/baosystematics/patchy_results/box1/real/veto/mocks_void_xyz/CATALPTCICz0.466G960S246613418.VETO.VOID.dat
Writing voids with radius in (-10,1009).
Finished successfully!
2500 -10 1009
Reading file: /home/epfl/dforero/scratch/projects/baosystematics/patchy_results/box1/real/veto/mocks_gal_xyz/CATALPTCICz0.466G960S246847567.VETO.dat
Number of records: 5858796

Duplicating boundaries for periodic condition
Number of records: 7038034

Building Delaunay Triangulation.
Number of vertices: 7038034
Number of cells: 46884985

Writing to file /home/epfl/dforero/scratch/projects/baosystematics/patchy_results/box1/real/veto/mocks_void_xyz/CATALPTCICz0.466G960S246847567.VETO.VOID.dat
Writing voids with radius in (-10,1009).
Finished successfully!
2500 -10 1009
Reading file: /home/epfl/dforero/scratch/projects/baosystematics/patchy_results/box1/real/veto/mocks_gal_xyz/CATALPTCICz0.466G960S254190428.VETO.dat
Number of records: 5855303

Duplicating boundaries for periodic condition
Number of records: 7029176

Building Delaunay Triangulation.
Number of vertices: 7029176
Number of cells: 46828248

Writing to file /home/epfl/dforero/scratch/projects/baosystematics/patchy_results/box1/real/veto/mocks_void_xyz/CATALPTCICz0.466G960S254190428.VETO.VOID.dat
Writing voids with radius in (-10,1009).
Finished successfully!
