2500 -10 1009
Reading file: /home/epfl/dforero/scratch/projects/baosystematics/patchy_results/box1/real/vetoang/mocks_gal_xyz/CATALPTCICz0.466G960S1550262552.VETO_ANG.dat
Number of records: 5558913

Duplicating boundaries for periodic condition
Number of records: 6699414

Building Delaunay Triangulation.
Number of vertices: 6699414
Number of cells: 44636996

Writing to file /home/epfl/dforero/scratch/projects/baosystematics/patchy_results/box1/real/vetoang/mocks_void_xyz/CATALPTCICz0.466G960S1550262552.VETO_ANG.VOID.dat
Writing voids with radius in (-10,1009).
Finished successfully!
2500 -10 1009
Reading file: /home/epfl/dforero/scratch/projects/baosystematics/patchy_results/box1/real/vetoang/mocks_gal_xyz/CATALPTCICz0.466G960S15506434.VETO_ANG.dat
Number of records: 5562788

Duplicating boundaries for periodic condition
Number of records: 6715152

Building Delaunay Triangulation.
Number of vertices: 6715152
Number of cells: 44745574

Writing to file /home/epfl/dforero/scratch/projects/baosystematics/patchy_results/box1/real/vetoang/mocks_void_xyz/CATALPTCICz0.466G960S15506434.VETO_ANG.VOID.dat
Writing voids with radius in (-10,1009).
Finished successfully!
2500 -10 1009
Reading file: /home/epfl/dforero/scratch/projects/baosystematics/patchy_results/box1/real/vetoang/mocks_gal_xyz/CATALPTCICz0.466G960S1555553448.VETO_ANG.dat
Number of records: 5564924

Duplicating boundaries for periodic condition
Number of records: 6711174

Building Delaunay Triangulation.
Number of vertices: 6711172
Number of cells: 44726425

Writing to file /home/epfl/dforero/scratch/projects/baosystematics/patchy_results/box1/real/vetoang/mocks_void_xyz/CATALPTCICz0.466G960S1555553448.VETO_ANG.VOID.dat
Writing voids with radius in (-10,1009).
Finished successfully!
2500 -10 1009
Reading file: /home/epfl/dforero/scratch/projects/baosystematics/patchy_results/box1/real/vetoang/mocks_gal_xyz/CATALPTCICz0.466G960S1558327320.VETO_ANG.dat
Number of records: 5552019

Duplicating boundaries for periodic condition
Number of records: 6692321

Building Delaunay Triangulation.
Number of vertices: 6692321
Number of cells: 44593945

Writing to file /home/epfl/dforero/scratch/projects/baosystematics/patchy_results/box1/real/vetoang/mocks_void_xyz/CATALPTCICz0.466G960S1558327320.VETO_ANG.VOID.dat
Writing voids with radius in (-10,1009).
Finished successfully!
2500 -10 1009
Reading file: /home/epfl/dforero/scratch/projects/baosystematics/patchy_results/box1/real/vetoang/mocks_gal_xyz/CATALPTCICz0.466G960S1560492804.VETO_ANG.dat
Number of records: 5557000

Duplicating boundaries for periodic condition
Number of records: 6710035

Building Delaunay Triangulation.
Number of vertices: 6710035
Number of cells: 44718508

Writing to file /home/epfl/dforero/scratch/projects/baosystematics/patchy_results/box1/real/vetoang/mocks_void_xyz/CATALPTCICz0.466G960S1560492804.VETO_ANG.VOID.dat
Writing voids with radius in (-10,1009).
Finished successfully!
2500 -10 1009
Reading file: /home/epfl/dforero/scratch/projects/baosystematics/patchy_results/box1/real/vetoang/mocks_gal_xyz/CATALPTCICz0.466G960S1565417923.VETO_ANG.dat
Number of records: 5558842

Duplicating boundaries for periodic condition
Number of records: 6701901

Building Delaunay Triangulation.
Number of vertices: 6701901
Number of cells: 44654819

Writing to file /home/epfl/dforero/scratch/projects/baosystematics/patchy_results/box1/real/vetoang/mocks_void_xyz/CATALPTCICz0.466G960S1565417923.VETO_ANG.VOID.dat
Writing voids with radius in (-10,1009).
Finished successfully!
2500 -10 1009
Reading file: /home/epfl/dforero/scratch/projects/baosystematics/patchy_results/box1/real/vetoang/mocks_gal_xyz/CATALPTCICz0.466G960S1565862370.VETO_ANG.dat
Number of records: 5559120

Duplicating boundaries for periodic condition
Number of records: 6714759

Building Delaunay Triangulation.
Number of vertices: 6714759
Number of cells: 44741601

Writing to file /home/epfl/dforero/scratch/projects/baosystematics/patchy_results/box1/real/vetoang/mocks_void_xyz/CATALPTCICz0.466G960S1565862370.VETO_ANG.VOID.dat
Writing voids with radius in (-10,1009).
Finished successfully!
2500 -10 1009
Reading file: /home/epfl/dforero/scratch/projects/baosystematics/patchy_results/box1/real/vetoang/mocks_gal_xyz/CATALPTCICz0.466G960S1568076568.VETO_ANG.dat
Number of records: 5557975

Duplicating boundaries for periodic condition
Number of records: 6710036

Building Delaunay Triangulation.
Number of vertices: 6710036
Number of cells: 44704008

Writing to file /home/epfl/dforero/scratch/projects/baosystematics/patchy_results/box1/real/vetoang/mocks_void_xyz/CATALPTCICz0.466G960S1568076568.VETO_ANG.VOID.dat
Writing voids with radius in (-10,1009).
Finished successfully!
2500 -10 1009
Reading file: /home/epfl/dforero/scratch/projects/baosystematics/patchy_results/box1/real/vetoang/mocks_gal_xyz/CATALPTCICz0.466G960S1569188286.VETO_ANG.dat
Number of records: 5556796

Duplicating boundaries for periodic condition
Number of records: 6703702

Building Delaunay Triangulation.
Number of vertices: 6703702
Number of cells: 44674213

Writing to file /home/epfl/dforero/scratch/projects/baosystematics/patchy_results/box1/real/vetoang/mocks_void_xyz/CATALPTCICz0.466G960S1569188286.VETO_ANG.VOID.dat
Writing voids with radius in (-10,1009).
Finished successfully!
2500 -10 1009
Reading file: /home/epfl/dforero/scratch/projects/baosystematics/patchy_results/box1/real/vetoang/mocks_gal_xyz/CATALPTCICz0.466G960S1577805580.VETO_ANG.dat
Number of records: 5558932

Duplicating boundaries for periodic condition
Number of records: 6707983

Building Delaunay Triangulation.
Number of vertices: 6707983
Number of cells: 44697933

Writing to file /home/epfl/dforero/scratch/projects/baosystematics/patchy_results/box1/real/vetoang/mocks_void_xyz/CATALPTCICz0.466G960S1577805580.VETO_ANG.VOID.dat
Writing voids with radius in (-10,1009).
Finished successfully!
