2500 -10 1009
Reading file: /home/epfl/dforero/scratch/projects/baosystematics/patchy_results/box1/real/ang/mocks_gal_xyz/CATALPTCICz0.466G960S1005638091.ANG.dat
Number of records: 5899675

Duplicating boundaries for periodic condition
Number of records: 7137289

Building Delaunay Triangulation.
Number of vertices: 7137289
Number of cells: 47574873

Writing to file /home/epfl/dforero/scratch/projects/baosystematics/patchy_results/box1/real/ang/mocks_void_xyz/CATALPTCICz0.466G960S1005638091.ANG.VOID.dat
Writing voids with radius in (-10,1009).
Finished successfully!
2500 -10 1009
Reading file: /home/epfl/dforero/scratch/projects/baosystematics/patchy_results/box1/real/ang/mocks_gal_xyz/CATALPTCICz0.466G960S1010008301.ANG.dat
Number of records: 5899565

Duplicating boundaries for periodic condition
Number of records: 7137946

Building Delaunay Triangulation.
Number of vertices: 7137946
Number of cells: 47587421

Writing to file /home/epfl/dforero/scratch/projects/baosystematics/patchy_results/box1/real/ang/mocks_void_xyz/CATALPTCICz0.466G960S1010008301.ANG.VOID.dat
Writing voids with radius in (-10,1009).
Finished successfully!
2500 -10 1009
Reading file: /home/epfl/dforero/scratch/projects/baosystematics/patchy_results/box1/real/ang/mocks_gal_xyz/CATALPTCICz0.466G960S1016650678.ANG.dat
Number of records: 5898272

Duplicating boundaries for periodic condition
Number of records: 7132661

Building Delaunay Triangulation.
Number of vertices: 7132661
Number of cells: 47544033

Writing to file /home/epfl/dforero/scratch/projects/baosystematics/patchy_results/box1/real/ang/mocks_void_xyz/CATALPTCICz0.466G960S1016650678.ANG.VOID.dat
Writing voids with radius in (-10,1009).
Finished successfully!
2500 -10 1009
Reading file: /home/epfl/dforero/scratch/projects/baosystematics/patchy_results/box1/real/ang/mocks_gal_xyz/CATALPTCICz0.466G960S1019876248.ANG.dat
Number of records: 5900973

Duplicating boundaries for periodic condition
Number of records: 7146634

Building Delaunay Triangulation.
Number of vertices: 7146634
Number of cells: 47638228

Writing to file /home/epfl/dforero/scratch/projects/baosystematics/patchy_results/box1/real/ang/mocks_void_xyz/CATALPTCICz0.466G960S1019876248.ANG.VOID.dat
Writing voids with radius in (-10,1009).
Finished successfully!
2500 -10 1009
Reading file: /home/epfl/dforero/scratch/projects/baosystematics/patchy_results/box1/real/ang/mocks_gal_xyz/CATALPTCICz0.466G960S1023560380.ANG.dat
Number of records: 5900098

Duplicating boundaries for periodic condition
Number of records: 7145439

Building Delaunay Triangulation.
Number of vertices: 7145439
Number of cells: 47627444

Writing to file /home/epfl/dforero/scratch/projects/baosystematics/patchy_results/box1/real/ang/mocks_void_xyz/CATALPTCICz0.466G960S1023560380.ANG.VOID.dat
Writing voids with radius in (-10,1009).
Finished successfully!
2500 -10 1009
Reading file: /home/epfl/dforero/scratch/projects/baosystematics/patchy_results/box1/real/ang/mocks_gal_xyz/CATALPTCICz0.466G960S1028968541.ANG.dat
Number of records: 5897028

Duplicating boundaries for periodic condition
Number of records: 7131539

Building Delaunay Triangulation.
Number of vertices: 7131539
Number of cells: 47550575

Writing to file /home/epfl/dforero/scratch/projects/baosystematics/patchy_results/box1/real/ang/mocks_void_xyz/CATALPTCICz0.466G960S1028968541.ANG.VOID.dat
Writing voids with radius in (-10,1009).
Finished successfully!
2500 -10 1009
Reading file: /home/epfl/dforero/scratch/projects/baosystematics/patchy_results/box1/real/ang/mocks_gal_xyz/CATALPTCICz0.466G960S1029148515.ANG.dat
Number of records: 5899787

Duplicating boundaries for periodic condition
Number of records: 7137325

Building Delaunay Triangulation.
Number of vertices: 7137325
Number of cells: 47582372

Writing to file /home/epfl/dforero/scratch/projects/baosystematics/patchy_results/box1/real/ang/mocks_void_xyz/CATALPTCICz0.466G960S1029148515.ANG.VOID.dat
Writing voids with radius in (-10,1009).
Finished successfully!
2500 -10 1009
Reading file: /home/epfl/dforero/scratch/projects/baosystematics/patchy_results/box1/real/ang/mocks_gal_xyz/CATALPTCICz0.466G960S1036580043.ANG.dat
Number of records: 5893816

Duplicating boundaries for periodic condition
Number of records: 7138924

Building Delaunay Triangulation.
Number of vertices: 7138924
Number of cells: 47589852

Writing to file /home/epfl/dforero/scratch/projects/baosystematics/patchy_results/box1/real/ang/mocks_void_xyz/CATALPTCICz0.466G960S1036580043.ANG.VOID.dat
Writing voids with radius in (-10,1009).
Finished successfully!
2500 -10 1009
Reading file: /home/epfl/dforero/scratch/projects/baosystematics/patchy_results/box1/real/ang/mocks_gal_xyz/CATALPTCICz0.466G960S1038702849.ANG.dat
Number of records: 5896197

Duplicating boundaries for periodic condition
Number of records: 7152796

Building Delaunay Triangulation.
Number of vertices: 7152796
Number of cells: 47689409

Writing to file /home/epfl/dforero/scratch/projects/baosystematics/patchy_results/box1/real/ang/mocks_void_xyz/CATALPTCICz0.466G960S1038702849.ANG.VOID.dat
Writing voids with radius in (-10,1009).
Finished successfully!
2500 -10 1009
Reading file: /home/epfl/dforero/scratch/projects/baosystematics/patchy_results/box1/real/ang/mocks_gal_xyz/CATALPTCICz0.466G960S1043428010.ANG.dat
Number of records: 5899731

Duplicating boundaries for periodic condition
Number of records: 7139111

Building Delaunay Triangulation.
Number of vertices: 7139111
Number of cells: 47596590

Writing to file /home/epfl/dforero/scratch/projects/baosystematics/patchy_results/box1/real/ang/mocks_void_xyz/CATALPTCICz0.466G960S1043428010.ANG.VOID.dat
Writing voids with radius in (-10,1009).
Finished successfully!
