2500 -10 1009
Reading file: /home/epfl/dforero/scratch/projects/baosystematics/patchy_results/box1/real/veto/mocks_gal_xyz/CATALPTCICz0.466G960S2112032858.VETO.dat
Number of records: 5854762

Duplicating boundaries for periodic condition
Number of records: 7030405

Building Delaunay Triangulation.
Number of vertices: 7030405
Number of cells: 46832790

Writing to file /home/epfl/dforero/scratch/projects/baosystematics/patchy_results/box1/real/veto/mocks_void_xyz/CATALPTCICz0.466G960S2112032858.VETO.VOID.dat
Writing voids with radius in (-10,1009).
Finished successfully!
2500 -10 1009
Reading file: /home/epfl/dforero/scratch/projects/baosystematics/patchy_results/box1/real/veto/mocks_gal_xyz/CATALPTCICz0.466G960S2115857497.VETO.dat
Number of records: 5859985

Duplicating boundaries for periodic condition
Number of records: 7033599

Building Delaunay Triangulation.
Number of vertices: 7033599
Number of cells: 46847291

Writing to file /home/epfl/dforero/scratch/projects/baosystematics/patchy_results/box1/real/veto/mocks_void_xyz/CATALPTCICz0.466G960S2115857497.VETO.VOID.dat
Writing voids with radius in (-10,1009).
Finished successfully!
2500 -10 1009
Reading file: /home/epfl/dforero/scratch/projects/baosystematics/patchy_results/box1/real/veto/mocks_gal_xyz/CATALPTCICz0.466G960S2116713610.VETO.dat
Number of records: 5850445

Duplicating boundaries for periodic condition
Number of records: 7016838

Building Delaunay Triangulation.
Number of vertices: 7016838
Number of cells: 46737459

Writing to file /home/epfl/dforero/scratch/projects/baosystematics/patchy_results/box1/real/veto/mocks_void_xyz/CATALPTCICz0.466G960S2116713610.VETO.VOID.dat
Writing voids with radius in (-10,1009).
Finished successfully!
2500 -10 1009
Reading file: /home/epfl/dforero/scratch/projects/baosystematics/patchy_results/box1/real/veto/mocks_gal_xyz/CATALPTCICz0.466G960S2119737480.VETO.dat
Number of records: 5862311

Duplicating boundaries for periodic condition
Number of records: 7035709

Building Delaunay Triangulation.
Number of vertices: 7035709
Number of cells: 46863398

Writing to file /home/epfl/dforero/scratch/projects/baosystematics/patchy_results/box1/real/veto/mocks_void_xyz/CATALPTCICz0.466G960S2119737480.VETO.VOID.dat
Writing voids with radius in (-10,1009).
Finished successfully!
2500 -10 1009
Reading file: /home/epfl/dforero/scratch/projects/baosystematics/patchy_results/box1/real/veto/mocks_gal_xyz/CATALPTCICz0.466G960S2126501065.VETO.dat
Number of records: 5860466

Duplicating boundaries for periodic condition
Number of records: 7042845

Building Delaunay Triangulation.
Number of vertices: 7042845
Number of cells: 46911302

Writing to file /home/epfl/dforero/scratch/projects/baosystematics/patchy_results/box1/real/veto/mocks_void_xyz/CATALPTCICz0.466G960S2126501065.VETO.VOID.dat
Writing voids with radius in (-10,1009).
Finished successfully!
2500 -10 1009
Reading file: /home/epfl/dforero/scratch/projects/baosystematics/patchy_results/box1/real/veto/mocks_gal_xyz/CATALPTCICz0.466G960S2134213239.VETO.dat
Number of records: 5860425

Duplicating boundaries for periodic condition
Number of records: 7042441

Building Delaunay Triangulation.
Number of vertices: 7042441
Number of cells: 46907701

Writing to file /home/epfl/dforero/scratch/projects/baosystematics/patchy_results/box1/real/veto/mocks_void_xyz/CATALPTCICz0.466G960S2134213239.VETO.VOID.dat
Writing voids with radius in (-10,1009).
Finished successfully!
2500 -10 1009
Reading file: /home/epfl/dforero/scratch/projects/baosystematics/patchy_results/box1/real/veto/mocks_gal_xyz/CATALPTCICz0.466G960S2135743082.VETO.dat
Number of records: 5856763

Duplicating boundaries for periodic condition
Number of records: 7031337

Building Delaunay Triangulation.
Number of vertices: 7031337
Number of cells: 46845563

Writing to file /home/epfl/dforero/scratch/projects/baosystematics/patchy_results/box1/real/veto/mocks_void_xyz/CATALPTCICz0.466G960S2135743082.VETO.VOID.dat
Writing voids with radius in (-10,1009).
Finished successfully!
2500 -10 1009
Reading file: /home/epfl/dforero/scratch/projects/baosystematics/patchy_results/box1/real/veto/mocks_gal_xyz/CATALPTCICz0.466G960S2141171720.VETO.dat
Number of records: 5862067

Duplicating boundaries for periodic condition
Number of records: 7031793

Building Delaunay Triangulation.
Number of vertices: 7031793
Number of cells: 46842474

Writing to file /home/epfl/dforero/scratch/projects/baosystematics/patchy_results/box1/real/veto/mocks_void_xyz/CATALPTCICz0.466G960S2141171720.VETO.VOID.dat
Writing voids with radius in (-10,1009).
Finished successfully!
2500 -10 1009
Reading file: /home/epfl/dforero/scratch/projects/baosystematics/patchy_results/box1/real/veto/mocks_gal_xyz/CATALPTCICz0.466G960S2142385713.VETO.dat
Number of records: 5859390

Duplicating boundaries for periodic condition
Number of records: 7033628

Building Delaunay Triangulation.
Number of vertices: 7033628
Number of cells: 46849545

Writing to file /home/epfl/dforero/scratch/projects/baosystematics/patchy_results/box1/real/veto/mocks_void_xyz/CATALPTCICz0.466G960S2142385713.VETO.VOID.dat
Writing voids with radius in (-10,1009).
Finished successfully!
2500 -10 1009
Reading file: /home/epfl/dforero/scratch/projects/baosystematics/patchy_results/box1/real/veto/mocks_gal_xyz/CATALPTCICz0.466G960S2145237069.VETO.dat
Number of records: 5856618

Duplicating boundaries for periodic condition
Number of records: 7023953

Building Delaunay Triangulation.
Number of vertices: 7023953
Number of cells: 46780627

Writing to file /home/epfl/dforero/scratch/projects/baosystematics/patchy_results/box1/real/veto/mocks_void_xyz/CATALPTCICz0.466G960S2145237069.VETO.VOID.dat
Writing voids with radius in (-10,1009).
Finished successfully!
