2500 -10 1009
Reading file: /home/epfl/dforero/scratch/projects/baosystematics/patchy_results/box1/real/veto/mocks_gal_xyz/CATALPTCICz0.466G960S82596751.VETO.dat
Number of records: 5856118

Duplicating boundaries for periodic condition
Number of records: 7021584

Building Delaunay Triangulation.
Number of vertices: 7021584
Number of cells: 46773374

Writing to file /home/epfl/dforero/scratch/projects/baosystematics/patchy_results/box1/real/veto/mocks_void_xyz/CATALPTCICz0.466G960S82596751.VETO.VOID.dat
Writing voids with radius in (-10,1009).
Finished successfully!
2500 -10 1009
Reading file: /home/epfl/dforero/scratch/projects/baosystematics/patchy_results/box1/real/veto/mocks_gal_xyz/CATALPTCICz0.466G960S833637829.VETO.dat
Number of records: 5858646

Duplicating boundaries for periodic condition
Number of records: 7026687

Building Delaunay Triangulation.
Number of vertices: 7026687
Number of cells: 46800456

Writing to file /home/epfl/dforero/scratch/projects/baosystematics/patchy_results/box1/real/veto/mocks_void_xyz/CATALPTCICz0.466G960S833637829.VETO.VOID.dat
Writing voids with radius in (-10,1009).
Finished successfully!
2500 -10 1009
Reading file: /home/epfl/dforero/scratch/projects/baosystematics/patchy_results/box1/real/veto/mocks_gal_xyz/CATALPTCICz0.466G960S834266118.VETO.dat
Number of records: 5859105

Duplicating boundaries for periodic condition
Number of records: 7039770

Building Delaunay Triangulation.
Number of vertices: 7039770
Number of cells: 46895228

Writing to file /home/epfl/dforero/scratch/projects/baosystematics/patchy_results/box1/real/veto/mocks_void_xyz/CATALPTCICz0.466G960S834266118.VETO.VOID.dat
Writing voids with radius in (-10,1009).
Finished successfully!
2500 -10 1009
Reading file: /home/epfl/dforero/scratch/projects/baosystematics/patchy_results/box1/real/veto/mocks_gal_xyz/CATALPTCICz0.466G960S835650869.VETO.dat
Number of records: 5851803

Duplicating boundaries for periodic condition
Number of records: 7023428

Building Delaunay Triangulation.
Number of vertices: 7023428
Number of cells: 46782372

Writing to file /home/epfl/dforero/scratch/projects/baosystematics/patchy_results/box1/real/veto/mocks_void_xyz/CATALPTCICz0.466G960S835650869.VETO.VOID.dat
Writing voids with radius in (-10,1009).
Finished successfully!
2500 -10 1009
Reading file: /home/epfl/dforero/scratch/projects/baosystematics/patchy_results/box1/real/veto/mocks_gal_xyz/CATALPTCICz0.466G960S839936506.VETO.dat
Number of records: 5855122

Duplicating boundaries for periodic condition
Number of records: 7029745

Building Delaunay Triangulation.
Number of vertices: 7029745
Number of cells: 46832014

Writing to file /home/epfl/dforero/scratch/projects/baosystematics/patchy_results/box1/real/veto/mocks_void_xyz/CATALPTCICz0.466G960S839936506.VETO.VOID.dat
Writing voids with radius in (-10,1009).
Finished successfully!
2500 -10 1009
Reading file: /home/epfl/dforero/scratch/projects/baosystematics/patchy_results/box1/real/veto/mocks_gal_xyz/CATALPTCICz0.466G960S845458243.VETO.dat
Number of records: 5852310

Duplicating boundaries for periodic condition
Number of records: 7031068

Building Delaunay Triangulation.
Number of vertices: 7031068
Number of cells: 46833251

Writing to file /home/epfl/dforero/scratch/projects/baosystematics/patchy_results/box1/real/veto/mocks_void_xyz/CATALPTCICz0.466G960S845458243.VETO.VOID.dat
Writing voids with radius in (-10,1009).
Finished successfully!
2500 -10 1009
Reading file: /home/epfl/dforero/scratch/projects/baosystematics/patchy_results/box1/real/veto/mocks_gal_xyz/CATALPTCICz0.466G960S854853218.VETO.dat
Number of records: 5851861

Duplicating boundaries for periodic condition
Number of records: 7026367

Building Delaunay Triangulation.
Number of vertices: 7026367
Number of cells: 46803500

Writing to file /home/epfl/dforero/scratch/projects/baosystematics/patchy_results/box1/real/veto/mocks_void_xyz/CATALPTCICz0.466G960S854853218.VETO.VOID.dat
Writing voids with radius in (-10,1009).
Finished successfully!
2500 -10 1009
Reading file: /home/epfl/dforero/scratch/projects/baosystematics/patchy_results/box1/real/veto/mocks_gal_xyz/CATALPTCICz0.466G960S85829856.VETO.dat
Number of records: 5857817

Duplicating boundaries for periodic condition
Number of records: 7042108

Building Delaunay Triangulation.
Number of vertices: 7042108
Number of cells: 46910079

Writing to file /home/epfl/dforero/scratch/projects/baosystematics/patchy_results/box1/real/veto/mocks_void_xyz/CATALPTCICz0.466G960S85829856.VETO.VOID.dat
Writing voids with radius in (-10,1009).
Finished successfully!
2500 -10 1009
Reading file: /home/epfl/dforero/scratch/projects/baosystematics/patchy_results/box1/real/veto/mocks_gal_xyz/CATALPTCICz0.466G960S862088714.VETO.dat
Number of records: 5861503

Duplicating boundaries for periodic condition
Number of records: 7029433

Building Delaunay Triangulation.
Number of vertices: 7029433
Number of cells: 46825170

Writing to file /home/epfl/dforero/scratch/projects/baosystematics/patchy_results/box1/real/veto/mocks_void_xyz/CATALPTCICz0.466G960S862088714.VETO.VOID.dat
Writing voids with radius in (-10,1009).
Finished successfully!
2500 -10 1009
Reading file: /home/epfl/dforero/scratch/projects/baosystematics/patchy_results/box1/real/veto/mocks_gal_xyz/CATALPTCICz0.466G960S862729728.VETO.dat
Number of records: 5850746

Duplicating boundaries for periodic condition
Number of records: 7022543

Building Delaunay Triangulation.
Number of vertices: 7022543
Number of cells: 46773086

Writing to file /home/epfl/dforero/scratch/projects/baosystematics/patchy_results/box1/real/veto/mocks_void_xyz/CATALPTCICz0.466G960S862729728.VETO.VOID.dat
Writing voids with radius in (-10,1009).
Finished successfully!
