2500 -10 1009
Reading file: /home/epfl/dforero/scratch/projects/baosystematics/patchy_results/box1/real/ang/mocks_gal_xyz/CATALPTCICz0.466G960S1174369739.ANG.dat
Number of records: 5898185

Duplicating boundaries for periodic condition
Number of records: 7142165

Building Delaunay Triangulation.
Number of vertices: 7142165
Number of cells: 47612984

Writing to file /home/epfl/dforero/scratch/projects/baosystematics/patchy_results/box1/real/ang/mocks_void_xyz/CATALPTCICz0.466G960S1174369739.ANG.VOID.dat
Writing voids with radius in (-10,1009).
Finished successfully!
2500 -10 1009
Reading file: /home/epfl/dforero/scratch/projects/baosystematics/patchy_results/box1/real/ang/mocks_gal_xyz/CATALPTCICz0.466G960S1181199745.ANG.dat
Number of records: 5899057

Duplicating boundaries for periodic condition
Number of records: 7137481

Building Delaunay Triangulation.
Number of vertices: 7137481
Number of cells: 47578294

Writing to file /home/epfl/dforero/scratch/projects/baosystematics/patchy_results/box1/real/ang/mocks_void_xyz/CATALPTCICz0.466G960S1181199745.ANG.VOID.dat
Writing voids with radius in (-10,1009).
Finished successfully!
2500 -10 1009
Reading file: /home/epfl/dforero/scratch/projects/baosystematics/patchy_results/box1/real/ang/mocks_gal_xyz/CATALPTCICz0.466G960S1185626690.ANG.dat
Number of records: 5899750

Duplicating boundaries for periodic condition
Number of records: 7139587

Building Delaunay Triangulation.
Number of vertices: 7139587
Number of cells: 47594040

Writing to file /home/epfl/dforero/scratch/projects/baosystematics/patchy_results/box1/real/ang/mocks_void_xyz/CATALPTCICz0.466G960S1185626690.ANG.VOID.dat
Writing voids with radius in (-10,1009).
Finished successfully!
2500 -10 1009
Reading file: /home/epfl/dforero/scratch/projects/baosystematics/patchy_results/box1/real/ang/mocks_gal_xyz/CATALPTCICz0.466G960S1186219234.ANG.dat
Number of records: 5898863

Duplicating boundaries for periodic condition
Number of records: 7141351

Building Delaunay Triangulation.
Number of vertices: 7141351
Number of cells: 47609651

Writing to file /home/epfl/dforero/scratch/projects/baosystematics/patchy_results/box1/real/ang/mocks_void_xyz/CATALPTCICz0.466G960S1186219234.ANG.VOID.dat
Writing voids with radius in (-10,1009).
Finished successfully!
2500 -10 1009
Reading file: /home/epfl/dforero/scratch/projects/baosystematics/patchy_results/box1/real/ang/mocks_gal_xyz/CATALPTCICz0.466G960S119474585.ANG.dat
Number of records: 5899514

Duplicating boundaries for periodic condition
Number of records: 7141651

Building Delaunay Triangulation.
Number of vertices: 7141651
Number of cells: 47614439

Writing to file /home/epfl/dforero/scratch/projects/baosystematics/patchy_results/box1/real/ang/mocks_void_xyz/CATALPTCICz0.466G960S119474585.ANG.VOID.dat
Writing voids with radius in (-10,1009).
Finished successfully!
2500 -10 1009
Reading file: /home/epfl/dforero/scratch/projects/baosystematics/patchy_results/box1/real/ang/mocks_gal_xyz/CATALPTCICz0.466G960S1195299096.ANG.dat
Number of records: 5898781

Duplicating boundaries for periodic condition
Number of records: 7128867

Building Delaunay Triangulation.
Number of vertices: 7128867
Number of cells: 47525287

Writing to file /home/epfl/dforero/scratch/projects/baosystematics/patchy_results/box1/real/ang/mocks_void_xyz/CATALPTCICz0.466G960S1195299096.ANG.VOID.dat
Writing voids with radius in (-10,1009).
Finished successfully!
2500 -10 1009
Reading file: /home/epfl/dforero/scratch/projects/baosystematics/patchy_results/box1/real/ang/mocks_gal_xyz/CATALPTCICz0.466G960S1199976579.ANG.dat
Number of records: 5898375

Duplicating boundaries for periodic condition
Number of records: 7133423

Building Delaunay Triangulation.
Number of vertices: 7133423
Number of cells: 47556837

Writing to file /home/epfl/dforero/scratch/projects/baosystematics/patchy_results/box1/real/ang/mocks_void_xyz/CATALPTCICz0.466G960S1199976579.ANG.VOID.dat
Writing voids with radius in (-10,1009).
Finished successfully!
2500 -10 1009
Reading file: /home/epfl/dforero/scratch/projects/baosystematics/patchy_results/box1/real/ang/mocks_gal_xyz/CATALPTCICz0.466G960S12038904.ANG.dat
Number of records: 5898638

Duplicating boundaries for periodic condition
Number of records: 7141284

Building Delaunay Triangulation.
Number of vertices: 7141284
Number of cells: 47609786

Writing to file /home/epfl/dforero/scratch/projects/baosystematics/patchy_results/box1/real/ang/mocks_void_xyz/CATALPTCICz0.466G960S12038904.ANG.VOID.dat
Writing voids with radius in (-10,1009).
Finished successfully!
2500 -10 1009
Reading file: /home/epfl/dforero/scratch/projects/baosystematics/patchy_results/box1/real/ang/mocks_gal_xyz/CATALPTCICz0.466G960S1204015223.ANG.dat
Number of records: 5900523

Duplicating boundaries for periodic condition
Number of records: 7142418

Building Delaunay Triangulation.
Number of vertices: 7142418
Number of cells: 47617194

Writing to file /home/epfl/dforero/scratch/projects/baosystematics/patchy_results/box1/real/ang/mocks_void_xyz/CATALPTCICz0.466G960S1204015223.ANG.VOID.dat
Writing voids with radius in (-10,1009).
Finished successfully!
2500 -10 1009
Reading file: /home/epfl/dforero/scratch/projects/baosystematics/patchy_results/box1/real/ang/mocks_gal_xyz/CATALPTCICz0.466G960S1207029981.ANG.dat
Number of records: 5898867

Duplicating boundaries for periodic condition
Number of records: 7145419

Building Delaunay Triangulation.
Number of vertices: 7145419
Number of cells: 47635646

Writing to file /home/epfl/dforero/scratch/projects/baosystematics/patchy_results/box1/real/ang/mocks_void_xyz/CATALPTCICz0.466G960S1207029981.ANG.VOID.dat
Writing voids with radius in (-10,1009).
Finished successfully!
