2500 -10 1009
Reading file: /home/epfl/dforero/scratch/projects/baosystematics/patchy_results/box1/real/ang/mocks_gal_xyz/CATALPTCICz0.466G960S257253385.ANG.dat
Number of records: 5898958

Duplicating boundaries for periodic condition
Number of records: 7140227

Building Delaunay Triangulation.
Number of vertices: 7140227
Number of cells: 47610601

Writing to file /home/epfl/dforero/scratch/projects/baosystematics/patchy_results/box1/real/ang/mocks_void_xyz/CATALPTCICz0.466G960S257253385.ANG.VOID.dat
Writing voids with radius in (-10,1009).
Finished successfully!
2500 -10 1009
Reading file: /home/epfl/dforero/scratch/projects/baosystematics/patchy_results/box1/real/ang/mocks_gal_xyz/CATALPTCICz0.466G960S261201481.ANG.dat
Number of records: 5900044

Duplicating boundaries for periodic condition
Number of records: 7135037

Building Delaunay Triangulation.
Number of vertices: 7135037
Number of cells: 47566956

Writing to file /home/epfl/dforero/scratch/projects/baosystematics/patchy_results/box1/real/ang/mocks_void_xyz/CATALPTCICz0.466G960S261201481.ANG.VOID.dat
Writing voids with radius in (-10,1009).
Finished successfully!
2500 -10 1009
Reading file: /home/epfl/dforero/scratch/projects/baosystematics/patchy_results/box1/real/ang/mocks_gal_xyz/CATALPTCICz0.466G960S262811362.ANG.dat
Number of records: 5899347

Duplicating boundaries for periodic condition
Number of records: 7133817

Building Delaunay Triangulation.
Number of vertices: 7133817
Number of cells: 47556774

Writing to file /home/epfl/dforero/scratch/projects/baosystematics/patchy_results/box1/real/ang/mocks_void_xyz/CATALPTCICz0.466G960S262811362.ANG.VOID.dat
Writing voids with radius in (-10,1009).
Finished successfully!
2500 -10 1009
Reading file: /home/epfl/dforero/scratch/projects/baosystematics/patchy_results/box1/real/ang/mocks_gal_xyz/CATALPTCICz0.466G960S264186893.ANG.dat
Number of records: 5890754

Duplicating boundaries for periodic condition
Number of records: 7131534

Building Delaunay Triangulation.
Number of vertices: 7131534
Number of cells: 47548061

Writing to file /home/epfl/dforero/scratch/projects/baosystematics/patchy_results/box1/real/ang/mocks_void_xyz/CATALPTCICz0.466G960S264186893.ANG.VOID.dat
Writing voids with radius in (-10,1009).
Finished successfully!
2500 -10 1009
Reading file: /home/epfl/dforero/scratch/projects/baosystematics/patchy_results/box1/real/ang/mocks_gal_xyz/CATALPTCICz0.466G960S268880201.ANG.dat
Number of records: 5898749

Duplicating boundaries for periodic condition
Number of records: 7142584

Building Delaunay Triangulation.
Number of vertices: 7142584
Number of cells: 47614686

Writing to file /home/epfl/dforero/scratch/projects/baosystematics/patchy_results/box1/real/ang/mocks_void_xyz/CATALPTCICz0.466G960S268880201.ANG.VOID.dat
Writing voids with radius in (-10,1009).
Finished successfully!
2500 -10 1009
Reading file: /home/epfl/dforero/scratch/projects/baosystematics/patchy_results/box1/real/ang/mocks_gal_xyz/CATALPTCICz0.466G960S272565369.ANG.dat
Number of records: 5898913

Duplicating boundaries for periodic condition
Number of records: 7139752

Building Delaunay Triangulation.
Number of vertices: 7139752
Number of cells: 47598875

Writing to file /home/epfl/dforero/scratch/projects/baosystematics/patchy_results/box1/real/ang/mocks_void_xyz/CATALPTCICz0.466G960S272565369.ANG.VOID.dat
Writing voids with radius in (-10,1009).
Finished successfully!
2500 -10 1009
Reading file: /home/epfl/dforero/scratch/projects/baosystematics/patchy_results/box1/real/ang/mocks_gal_xyz/CATALPTCICz0.466G960S274740355.ANG.dat
Number of records: 5898452

Duplicating boundaries for periodic condition
Number of records: 7134465

Building Delaunay Triangulation.
Number of vertices: 7134465
Number of cells: 47563450

Writing to file /home/epfl/dforero/scratch/projects/baosystematics/patchy_results/box1/real/ang/mocks_void_xyz/CATALPTCICz0.466G960S274740355.ANG.VOID.dat
Writing voids with radius in (-10,1009).
Finished successfully!
2500 -10 1009
Reading file: /home/epfl/dforero/scratch/projects/baosystematics/patchy_results/box1/real/ang/mocks_gal_xyz/CATALPTCICz0.466G960S276290543.ANG.dat
Number of records: 5896133

Duplicating boundaries for periodic condition
Number of records: 7132511

Building Delaunay Triangulation.
Number of vertices: 7132511
Number of cells: 47552643

Writing to file /home/epfl/dforero/scratch/projects/baosystematics/patchy_results/box1/real/ang/mocks_void_xyz/CATALPTCICz0.466G960S276290543.ANG.VOID.dat
Writing voids with radius in (-10,1009).
Finished successfully!
2500 -10 1009
Reading file: /home/epfl/dforero/scratch/projects/baosystematics/patchy_results/box1/real/ang/mocks_gal_xyz/CATALPTCICz0.466G960S277839001.ANG.dat
Number of records: 5895569

Duplicating boundaries for periodic condition
Number of records: 7133706

Building Delaunay Triangulation.
Number of vertices: 7133706
Number of cells: 47555127

Writing to file /home/epfl/dforero/scratch/projects/baosystematics/patchy_results/box1/real/ang/mocks_void_xyz/CATALPTCICz0.466G960S277839001.ANG.VOID.dat
Writing voids with radius in (-10,1009).
Finished successfully!
2500 -10 1009
Reading file: /home/epfl/dforero/scratch/projects/baosystematics/patchy_results/box1/real/ang/mocks_gal_xyz/CATALPTCICz0.466G960S280373319.ANG.dat
Number of records: 5900000

Duplicating boundaries for periodic condition
Number of records: 7132660

Building Delaunay Triangulation.
Number of vertices: 7132660
Number of cells: 47553620

Writing to file /home/epfl/dforero/scratch/projects/baosystematics/patchy_results/box1/real/ang/mocks_void_xyz/CATALPTCICz0.466G960S280373319.ANG.VOID.dat
Writing voids with radius in (-10,1009).
Finished successfully!
