2500 -10 1009
Reading file: /home/epfl/dforero/scratch/projects/baosystematics/patchy_results/box1/real/veto/mocks_gal_xyz/CATALPTCICz0.466G960S1992528790.VETO.dat
Number of records: 5855883

Duplicating boundaries for periodic condition
Number of records: 7039516

Building Delaunay Triangulation.
Number of vertices: 7039516
Number of cells: 46894023

Writing to file /home/epfl/dforero/scratch/projects/baosystematics/patchy_results/box1/real/veto/mocks_void_xyz/CATALPTCICz0.466G960S1992528790.VETO.VOID.dat
Writing voids with radius in (-10,1009).
Finished successfully!
2500 -10 1009
Reading file: /home/epfl/dforero/scratch/projects/baosystematics/patchy_results/box1/real/veto/mocks_gal_xyz/CATALPTCICz0.466G960S1999698595.VETO.dat
Number of records: 5858732

Duplicating boundaries for periodic condition
Number of records: 7031887

Building Delaunay Triangulation.
Number of vertices: 7031887
Number of cells: 46845497

Writing to file /home/epfl/dforero/scratch/projects/baosystematics/patchy_results/box1/real/veto/mocks_void_xyz/CATALPTCICz0.466G960S1999698595.VETO.VOID.dat
Writing voids with radius in (-10,1009).
Finished successfully!
2500 -10 1009
Reading file: /home/epfl/dforero/scratch/projects/baosystematics/patchy_results/box1/real/veto/mocks_gal_xyz/CATALPTCICz0.466G960S2004999320.VETO.dat
Number of records: 5859466

Duplicating boundaries for periodic condition
Number of records: 7031024

Building Delaunay Triangulation.
Number of vertices: 7031024
Number of cells: 46832451

Writing to file /home/epfl/dforero/scratch/projects/baosystematics/patchy_results/box1/real/veto/mocks_void_xyz/CATALPTCICz0.466G960S2004999320.VETO.VOID.dat
Writing voids with radius in (-10,1009).
Finished successfully!
2500 -10 1009
Reading file: /home/epfl/dforero/scratch/projects/baosystematics/patchy_results/box1/real/veto/mocks_gal_xyz/CATALPTCICz0.466G960S2005020971.VETO.dat
Number of records: 5859777

Duplicating boundaries for periodic condition
Number of records: 7026849

Building Delaunay Triangulation.
Number of vertices: 7026849
Number of cells: 46806992

Writing to file /home/epfl/dforero/scratch/projects/baosystematics/patchy_results/box1/real/veto/mocks_void_xyz/CATALPTCICz0.466G960S2005020971.VETO.VOID.dat
Writing voids with radius in (-10,1009).
Finished successfully!
2500 -10 1009
Reading file: /home/epfl/dforero/scratch/projects/baosystematics/patchy_results/box1/real/veto/mocks_gal_xyz/CATALPTCICz0.466G960S2006305047.VETO.dat
Number of records: 5853650

Duplicating boundaries for periodic condition
Number of records: 7031326

Building Delaunay Triangulation.
Number of vertices: 7031326
Number of cells: 46831513

Writing to file /home/epfl/dforero/scratch/projects/baosystematics/patchy_results/box1/real/veto/mocks_void_xyz/CATALPTCICz0.466G960S2006305047.VETO.VOID.dat
Writing voids with radius in (-10,1009).
Finished successfully!
2500 -10 1009
Reading file: /home/epfl/dforero/scratch/projects/baosystematics/patchy_results/box1/real/veto/mocks_gal_xyz/CATALPTCICz0.466G960S2007956662.VETO.dat
Number of records: 5853771

Duplicating boundaries for periodic condition
Number of records: 7026810

Building Delaunay Triangulation.
Number of vertices: 7026810
Number of cells: 46804877

Writing to file /home/epfl/dforero/scratch/projects/baosystematics/patchy_results/box1/real/veto/mocks_void_xyz/CATALPTCICz0.466G960S2007956662.VETO.VOID.dat
Writing voids with radius in (-10,1009).
Finished successfully!
2500 -10 1009
Reading file: /home/epfl/dforero/scratch/projects/baosystematics/patchy_results/box1/real/veto/mocks_gal_xyz/CATALPTCICz0.466G960S2008417666.VETO.dat
Number of records: 5859740

Duplicating boundaries for periodic condition
Number of records: 7043428

Building Delaunay Triangulation.
Number of vertices: 7043428
Number of cells: 46917142

Writing to file /home/epfl/dforero/scratch/projects/baosystematics/patchy_results/box1/real/veto/mocks_void_xyz/CATALPTCICz0.466G960S2008417666.VETO.VOID.dat
Writing voids with radius in (-10,1009).
Finished successfully!
2500 -10 1009
Reading file: /home/epfl/dforero/scratch/projects/baosystematics/patchy_results/box1/real/veto/mocks_gal_xyz/CATALPTCICz0.466G960S2012047352.VETO.dat
Number of records: 5862391

Duplicating boundaries for periodic condition
Number of records: 7044354

Building Delaunay Triangulation.
Number of vertices: 7044354
Number of cells: 46922399

Writing to file /home/epfl/dforero/scratch/projects/baosystematics/patchy_results/box1/real/veto/mocks_void_xyz/CATALPTCICz0.466G960S2012047352.VETO.VOID.dat
Writing voids with radius in (-10,1009).
Finished successfully!
2500 -10 1009
Reading file: /home/epfl/dforero/scratch/projects/baosystematics/patchy_results/box1/real/veto/mocks_gal_xyz/CATALPTCICz0.466G960S2018638540.VETO.dat
Number of records: 5855656

Duplicating boundaries for periodic condition
Number of records: 7034329

Building Delaunay Triangulation.
Number of vertices: 7034329
Number of cells: 46857608

Writing to file /home/epfl/dforero/scratch/projects/baosystematics/patchy_results/box1/real/veto/mocks_void_xyz/CATALPTCICz0.466G960S2018638540.VETO.VOID.dat
Writing voids with radius in (-10,1009).
Finished successfully!
2500 -10 1009
Reading file: /home/epfl/dforero/scratch/projects/baosystematics/patchy_results/box1/real/veto/mocks_gal_xyz/CATALPTCICz0.466G960S2022666833.VETO.dat
Number of records: 5855124

Duplicating boundaries for periodic condition
Number of records: 7029925

Building Delaunay Triangulation.
Number of vertices: 7029925
Number of cells: 46826349

Writing to file /home/epfl/dforero/scratch/projects/baosystematics/patchy_results/box1/real/veto/mocks_void_xyz/CATALPTCICz0.466G960S2022666833.VETO.VOID.dat
Writing voids with radius in (-10,1009).
Finished successfully!
