2500 -10 1009
Reading file: /home/epfl/dforero/scratch/projects/baosystematics/patchy_results/box1/real/ang/mocks_gal_xyz/CATALPTCICz0.466G960S1453713702.ANG.dat
Number of records: 5898030

Duplicating boundaries for periodic condition
Number of records: 7138315

Building Delaunay Triangulation.
Number of vertices: 7138315
Number of cells: 47592838

Writing to file /home/epfl/dforero/scratch/projects/baosystematics/patchy_results/box1/real/ang/mocks_void_xyz/CATALPTCICz0.466G960S1453713702.ANG.VOID.dat
Writing voids with radius in (-10,1009).
Finished successfully!
2500 -10 1009
Reading file: /home/epfl/dforero/scratch/projects/baosystematics/patchy_results/box1/real/ang/mocks_gal_xyz/CATALPTCICz0.466G960S1456002624.ANG.dat
Number of records: 5898896

Duplicating boundaries for periodic condition
Number of records: 7145941

Building Delaunay Triangulation.
Number of vertices: 7145941
Number of cells: 47639634

Writing to file /home/epfl/dforero/scratch/projects/baosystematics/patchy_results/box1/real/ang/mocks_void_xyz/CATALPTCICz0.466G960S1456002624.ANG.VOID.dat
Writing voids with radius in (-10,1009).
Finished successfully!
2500 -10 1009
Reading file: /home/epfl/dforero/scratch/projects/baosystematics/patchy_results/box1/real/ang/mocks_gal_xyz/CATALPTCICz0.466G960S1456666474.ANG.dat
Number of records: 5899237

Duplicating boundaries for periodic condition
Number of records: 7141453

Building Delaunay Triangulation.
Number of vertices: 7141453
Number of cells: 47601000

Writing to file /home/epfl/dforero/scratch/projects/baosystematics/patchy_results/box1/real/ang/mocks_void_xyz/CATALPTCICz0.466G960S1456666474.ANG.VOID.dat
Writing voids with radius in (-10,1009).
Finished successfully!
2500 -10 1009
Reading file: /home/epfl/dforero/scratch/projects/baosystematics/patchy_results/box1/real/ang/mocks_gal_xyz/CATALPTCICz0.466G960S1458854362.ANG.dat
Number of records: 5898866

Duplicating boundaries for periodic condition
Number of records: 7132360

Building Delaunay Triangulation.
Number of vertices: 7132360
Number of cells: 47546805

Writing to file /home/epfl/dforero/scratch/projects/baosystematics/patchy_results/box1/real/ang/mocks_void_xyz/CATALPTCICz0.466G960S1458854362.ANG.VOID.dat
Writing voids with radius in (-10,1009).
Finished successfully!
2500 -10 1009
Reading file: /home/epfl/dforero/scratch/projects/baosystematics/patchy_results/box1/real/ang/mocks_gal_xyz/CATALPTCICz0.466G960S1460458991.ANG.dat
Number of records: 5896600

Duplicating boundaries for periodic condition
Number of records: 7139615

Building Delaunay Triangulation.
Number of vertices: 7139615
Number of cells: 47600220

Writing to file /home/epfl/dforero/scratch/projects/baosystematics/patchy_results/box1/real/ang/mocks_void_xyz/CATALPTCICz0.466G960S1460458991.ANG.VOID.dat
Writing voids with radius in (-10,1009).
Finished successfully!
2500 -10 1009
Reading file: /home/epfl/dforero/scratch/projects/baosystematics/patchy_results/box1/real/ang/mocks_gal_xyz/CATALPTCICz0.466G960S1461404473.ANG.dat
Number of records: 5899345

Duplicating boundaries for periodic condition
Number of records: 7145011

Building Delaunay Triangulation.
Number of vertices: 7145011
Number of cells: 47638416

Writing to file /home/epfl/dforero/scratch/projects/baosystematics/patchy_results/box1/real/ang/mocks_void_xyz/CATALPTCICz0.466G960S1461404473.ANG.VOID.dat
Writing voids with radius in (-10,1009).
Finished successfully!
2500 -10 1009
Reading file: /home/epfl/dforero/scratch/projects/baosystematics/patchy_results/box1/real/ang/mocks_gal_xyz/CATALPTCICz0.466G960S1464148224.ANG.dat
Number of records: 5899814

Duplicating boundaries for periodic condition
Number of records: 7151425

Building Delaunay Triangulation.
Number of vertices: 7151423
Number of cells: 47669853

Writing to file /home/epfl/dforero/scratch/projects/baosystematics/patchy_results/box1/real/ang/mocks_void_xyz/CATALPTCICz0.466G960S1464148224.ANG.VOID.dat
Writing voids with radius in (-10,1009).
Finished successfully!
2500 -10 1009
Reading file: /home/epfl/dforero/scratch/projects/baosystematics/patchy_results/box1/real/ang/mocks_gal_xyz/CATALPTCICz0.466G960S1464730320.ANG.dat
Number of records: 5900280

Duplicating boundaries for periodic condition
Number of records: 7145033

Building Delaunay Triangulation.
Number of vertices: 7145033
Number of cells: 47636972

Writing to file /home/epfl/dforero/scratch/projects/baosystematics/patchy_results/box1/real/ang/mocks_void_xyz/CATALPTCICz0.466G960S1464730320.ANG.VOID.dat
Writing voids with radius in (-10,1009).
Finished successfully!
2500 -10 1009
Reading file: /home/epfl/dforero/scratch/projects/baosystematics/patchy_results/box1/real/ang/mocks_gal_xyz/CATALPTCICz0.466G960S1465045993.ANG.dat
Number of records: 5899173

Duplicating boundaries for periodic condition
Number of records: 7140478

Building Delaunay Triangulation.
Number of vertices: 7140478
Number of cells: 47599622

Writing to file /home/epfl/dforero/scratch/projects/baosystematics/patchy_results/box1/real/ang/mocks_void_xyz/CATALPTCICz0.466G960S1465045993.ANG.VOID.dat
Writing voids with radius in (-10,1009).
Finished successfully!
2500 -10 1009
Reading file: /home/epfl/dforero/scratch/projects/baosystematics/patchy_results/box1/real/ang/mocks_gal_xyz/CATALPTCICz0.466G960S1465720003.ANG.dat
Number of records: 5897772

Duplicating boundaries for periodic condition
Number of records: 7145355

Building Delaunay Triangulation.
Number of vertices: 7145355
Number of cells: 47636299

Writing to file /home/epfl/dforero/scratch/projects/baosystematics/patchy_results/box1/real/ang/mocks_void_xyz/CATALPTCICz0.466G960S1465720003.ANG.VOID.dat
Writing voids with radius in (-10,1009).
Finished successfully!
