2500 -10 1009
Reading file: /home/epfl/dforero/scratch/projects/baosystematics/patchy_results/box1/real/veto/mocks_gal_xyz/CATALPTCICz0.466G960S1626267889.VETO.dat
Number of records: 5855151

Duplicating boundaries for periodic condition
Number of records: 7020956

Building Delaunay Triangulation.
Number of vertices: 7020956
Number of cells: 46759211

Writing to file /home/epfl/dforero/scratch/projects/baosystematics/patchy_results/box1/real/veto/mocks_void_xyz/CATALPTCICz0.466G960S1626267889.VETO.VOID.dat
Writing voids with radius in (-10,1009).
Finished successfully!
2500 -10 1009
Reading file: /home/epfl/dforero/scratch/projects/baosystematics/patchy_results/box1/real/veto/mocks_gal_xyz/CATALPTCICz0.466G960S1626900649.VETO.dat
Number of records: 5859650

Duplicating boundaries for periodic condition
Number of records: 7037615

Building Delaunay Triangulation.
Number of vertices: 7037615
Number of cells: 46881749

Writing to file /home/epfl/dforero/scratch/projects/baosystematics/patchy_results/box1/real/veto/mocks_void_xyz/CATALPTCICz0.466G960S1626900649.VETO.VOID.dat
Writing voids with radius in (-10,1009).
Finished successfully!
2500 -10 1009
Reading file: /home/epfl/dforero/scratch/projects/baosystematics/patchy_results/box1/real/veto/mocks_gal_xyz/CATALPTCICz0.466G960S1638675616.VETO.dat
Number of records: 5858363

Duplicating boundaries for periodic condition
Number of records: 7029522

Building Delaunay Triangulation.
Number of vertices: 7029522
Number of cells: 46828732

Writing to file /home/epfl/dforero/scratch/projects/baosystematics/patchy_results/box1/real/veto/mocks_void_xyz/CATALPTCICz0.466G960S1638675616.VETO.VOID.dat
Writing voids with radius in (-10,1009).
Finished successfully!
2500 -10 1009
Reading file: /home/epfl/dforero/scratch/projects/baosystematics/patchy_results/box1/real/veto/mocks_gal_xyz/CATALPTCICz0.466G960S1644127019.VETO.dat
Number of records: 5852767

Duplicating boundaries for periodic condition
Number of records: 7021069

Building Delaunay Triangulation.
Number of vertices: 7021069
Number of cells: 46772318

Writing to file /home/epfl/dforero/scratch/projects/baosystematics/patchy_results/box1/real/veto/mocks_void_xyz/CATALPTCICz0.466G960S1644127019.VETO.VOID.dat
Writing voids with radius in (-10,1009).
Finished successfully!
2500 -10 1009
Reading file: /home/epfl/dforero/scratch/projects/baosystematics/patchy_results/box1/real/veto/mocks_gal_xyz/CATALPTCICz0.466G960S1644659903.VETO.dat
Number of records: 5857788

Duplicating boundaries for periodic condition
Number of records: 7032429

Building Delaunay Triangulation.
Number of vertices: 7032429
Number of cells: 46840650

Writing to file /home/epfl/dforero/scratch/projects/baosystematics/patchy_results/box1/real/veto/mocks_void_xyz/CATALPTCICz0.466G960S1644659903.VETO.VOID.dat
Writing voids with radius in (-10,1009).
Finished successfully!
2500 -10 1009
Reading file: /home/epfl/dforero/scratch/projects/baosystematics/patchy_results/box1/real/veto/mocks_gal_xyz/CATALPTCICz0.466G960S1656249224.VETO.dat
Number of records: 5856973

Duplicating boundaries for periodic condition
Number of records: 7027080

Building Delaunay Triangulation.
Number of vertices: 7027080
Number of cells: 46808205

Writing to file /home/epfl/dforero/scratch/projects/baosystematics/patchy_results/box1/real/veto/mocks_void_xyz/CATALPTCICz0.466G960S1656249224.VETO.VOID.dat
Writing voids with radius in (-10,1009).
Finished successfully!
2500 -10 1009
Reading file: /home/epfl/dforero/scratch/projects/baosystematics/patchy_results/box1/real/veto/mocks_gal_xyz/CATALPTCICz0.466G960S1658015962.VETO.dat
Number of records: 5857339

Duplicating boundaries for periodic condition
Number of records: 7036048

Building Delaunay Triangulation.
Number of vertices: 7036048
Number of cells: 46861914

Writing to file /home/epfl/dforero/scratch/projects/baosystematics/patchy_results/box1/real/veto/mocks_void_xyz/CATALPTCICz0.466G960S1658015962.VETO.VOID.dat
Writing voids with radius in (-10,1009).
Finished successfully!
2500 -10 1009
Reading file: /home/epfl/dforero/scratch/projects/baosystematics/patchy_results/box1/real/veto/mocks_gal_xyz/CATALPTCICz0.466G960S1658333848.VETO.dat
Number of records: 5855588

Duplicating boundaries for periodic condition
Number of records: 7032179

Building Delaunay Triangulation.
Number of vertices: 7032179
Number of cells: 46844429

Writing to file /home/epfl/dforero/scratch/projects/baosystematics/patchy_results/box1/real/veto/mocks_void_xyz/CATALPTCICz0.466G960S1658333848.VETO.VOID.dat
Writing voids with radius in (-10,1009).
Finished successfully!
2500 -10 1009
Reading file: /home/epfl/dforero/scratch/projects/baosystematics/patchy_results/box1/real/veto/mocks_gal_xyz/CATALPTCICz0.466G960S1664538145.VETO.dat
Number of records: 5850792

Duplicating boundaries for periodic condition
Number of records: 7017398

Building Delaunay Triangulation.
Number of vertices: 7017398
Number of cells: 46744800

Writing to file /home/epfl/dforero/scratch/projects/baosystematics/patchy_results/box1/real/veto/mocks_void_xyz/CATALPTCICz0.466G960S1664538145.VETO.VOID.dat
Writing voids with radius in (-10,1009).
Finished successfully!
2500 -10 1009
Reading file: /home/epfl/dforero/scratch/projects/baosystematics/patchy_results/box1/real/veto/mocks_gal_xyz/CATALPTCICz0.466G960S1672261505.VETO.dat
Number of records: 5859316

Duplicating boundaries for periodic condition
Number of records: 7031088

Building Delaunay Triangulation.
Number of vertices: 7031088
Number of cells: 46834514

Writing to file /home/epfl/dforero/scratch/projects/baosystematics/patchy_results/box1/real/veto/mocks_void_xyz/CATALPTCICz0.466G960S1672261505.VETO.VOID.dat
Writing voids with radius in (-10,1009).
Finished successfully!
