2500 -10 1009
Reading file: /home/epfl/dforero/scratch/projects/baosystematics/patchy_results/box1/real/vetoang/mocks_gal_xyz/CATALPTCICz0.466G960S956484648.VETO_ANG.dat
Number of records: 5559906

Duplicating boundaries for periodic condition
Number of records: 6695601

Building Delaunay Triangulation.
Number of vertices: 6695601
Number of cells: 44611631

Writing to file /home/epfl/dforero/scratch/projects/baosystematics/patchy_results/box1/real/vetoang/mocks_void_xyz/CATALPTCICz0.466G960S956484648.VETO_ANG.VOID.dat
Writing voids with radius in (-10,1009).
Finished successfully!
2500 -10 1009
Reading file: /home/epfl/dforero/scratch/projects/baosystematics/patchy_results/box1/real/vetoang/mocks_gal_xyz/CATALPTCICz0.466G960S956889561.VETO_ANG.dat
Number of records: 5560891

Duplicating boundaries for periodic condition
Number of records: 6706408

Building Delaunay Triangulation.
Number of vertices: 6706408
Number of cells: 44683203

Writing to file /home/epfl/dforero/scratch/projects/baosystematics/patchy_results/box1/real/vetoang/mocks_void_xyz/CATALPTCICz0.466G960S956889561.VETO_ANG.VOID.dat
Writing voids with radius in (-10,1009).
Finished successfully!
2500 -10 1009
Reading file: /home/epfl/dforero/scratch/projects/baosystematics/patchy_results/box1/real/vetoang/mocks_gal_xyz/CATALPTCICz0.466G960S95786646.VETO_ANG.dat
Number of records: 5563917

Duplicating boundaries for periodic condition
Number of records: 6715543

Building Delaunay Triangulation.
Number of vertices: 6715543
Number of cells: 44753364

Writing to file /home/epfl/dforero/scratch/projects/baosystematics/patchy_results/box1/real/vetoang/mocks_void_xyz/CATALPTCICz0.466G960S95786646.VETO_ANG.VOID.dat
Writing voids with radius in (-10,1009).
Finished successfully!
2500 -10 1009
Reading file: /home/epfl/dforero/scratch/projects/baosystematics/patchy_results/box1/real/vetoang/mocks_gal_xyz/CATALPTCICz0.466G960S964595228.VETO_ANG.dat
Number of records: 5559586

Duplicating boundaries for periodic condition
Number of records: 6711630

Building Delaunay Triangulation.
Number of vertices: 6711630
Number of cells: 44722314

Writing to file /home/epfl/dforero/scratch/projects/baosystematics/patchy_results/box1/real/vetoang/mocks_void_xyz/CATALPTCICz0.466G960S964595228.VETO_ANG.VOID.dat
Writing voids with radius in (-10,1009).
Finished successfully!
2500 -10 1009
Reading file: /home/epfl/dforero/scratch/projects/baosystematics/patchy_results/box1/real/vetoang/mocks_gal_xyz/CATALPTCICz0.466G960S969261578.VETO_ANG.dat
Number of records: 5559266

Duplicating boundaries for periodic condition
Number of records: 6712155

Building Delaunay Triangulation.
Number of vertices: 6712155
Number of cells: 44729683

Writing to file /home/epfl/dforero/scratch/projects/baosystematics/patchy_results/box1/real/vetoang/mocks_void_xyz/CATALPTCICz0.466G960S969261578.VETO_ANG.VOID.dat
Writing voids with radius in (-10,1009).
Finished successfully!
2500 -10 1009
Reading file: /home/epfl/dforero/scratch/projects/baosystematics/patchy_results/box1/real/vetoang/mocks_gal_xyz/CATALPTCICz0.466G960S981480044.VETO_ANG.dat
Number of records: 5559252

Duplicating boundaries for periodic condition
Number of records: 6708524

Building Delaunay Triangulation.
Number of vertices: 6708524
Number of cells: 44703977

Writing to file /home/epfl/dforero/scratch/projects/baosystematics/patchy_results/box1/real/vetoang/mocks_void_xyz/CATALPTCICz0.466G960S981480044.VETO_ANG.VOID.dat
Writing voids with radius in (-10,1009).
Finished successfully!
2500 -10 1009
Reading file: /home/epfl/dforero/scratch/projects/baosystematics/patchy_results/box1/real/vetoang/mocks_gal_xyz/CATALPTCICz0.466G960S98241535.VETO_ANG.dat
Number of records: 5558437

Duplicating boundaries for periodic condition
Number of records: 6712669

Building Delaunay Triangulation.
Number of vertices: 6712669
Number of cells: 44728043

Writing to file /home/epfl/dforero/scratch/projects/baosystematics/patchy_results/box1/real/vetoang/mocks_void_xyz/CATALPTCICz0.466G960S98241535.VETO_ANG.VOID.dat
Writing voids with radius in (-10,1009).
Finished successfully!
2500 -10 1009
Reading file: /home/epfl/dforero/scratch/projects/baosystematics/patchy_results/box1/real/vetoang/mocks_gal_xyz/CATALPTCICz0.466G960S98547386.VETO_ANG.dat
Number of records: 5562138

Duplicating boundaries for periodic condition
Number of records: 6710614

Building Delaunay Triangulation.
Number of vertices: 6710614
Number of cells: 44712949

Writing to file /home/epfl/dforero/scratch/projects/baosystematics/patchy_results/box1/real/vetoang/mocks_void_xyz/CATALPTCICz0.466G960S98547386.VETO_ANG.VOID.dat
Writing voids with radius in (-10,1009).
Finished successfully!
2500 -10 1009
Reading file: /home/epfl/dforero/scratch/projects/baosystematics/patchy_results/box1/real/vetoang/mocks_gal_xyz/CATALPTCICz0.466G960S993431144.VETO_ANG.dat
Number of records: 5557576

Duplicating boundaries for periodic condition
Number of records: 6700090

Building Delaunay Triangulation.
Number of vertices: 6700090
Number of cells: 44652041

Writing to file /home/epfl/dforero/scratch/projects/baosystematics/patchy_results/box1/real/vetoang/mocks_void_xyz/CATALPTCICz0.466G960S993431144.VETO_ANG.VOID.dat
Writing voids with radius in (-10,1009).
Finished successfully!
2500 -10 1009
Reading file: /home/epfl/dforero/scratch/projects/baosystematics/patchy_results/box1/real/vetoang/mocks_gal_xyz/CATALPTCICz0.466G960S996166056.VETO_ANG.dat
Number of records: 5553126

Duplicating boundaries for periodic condition
Number of records: 6708269

Building Delaunay Triangulation.
Number of vertices: 6708269
Number of cells: 44697183

Writing to file /home/epfl/dforero/scratch/projects/baosystematics/patchy_results/box1/real/vetoang/mocks_void_xyz/CATALPTCICz0.466G960S996166056.VETO_ANG.VOID.dat
Writing voids with radius in (-10,1009).
Finished successfully!
