2500 -10 1009
Reading file: /home/epfl/dforero/scratch/projects/baosystematics/patchy_results/box1/real/vetoang/mocks_gal_xyz/CATALPTCICz0.466G960S470062667.VETO_ANG.dat
Number of records: 5557697

Duplicating boundaries for periodic condition
Number of records: 6704234

Building Delaunay Triangulation.
Number of vertices: 6704234
Number of cells: 44677120

Writing to file /home/epfl/dforero/scratch/projects/baosystematics/patchy_results/box1/real/vetoang/mocks_void_xyz/CATALPTCICz0.466G960S470062667.VETO_ANG.VOID.dat
Writing voids with radius in (-10,1009).
Finished successfully!
2500 -10 1009
Reading file: /home/epfl/dforero/scratch/projects/baosystematics/patchy_results/box1/real/vetoang/mocks_gal_xyz/CATALPTCICz0.466G960S472036293.VETO_ANG.dat
Number of records: 5558309

Duplicating boundaries for periodic condition
Number of records: 6713336

Building Delaunay Triangulation.
Number of vertices: 6713336
Number of cells: 44738418

Writing to file /home/epfl/dforero/scratch/projects/baosystematics/patchy_results/box1/real/vetoang/mocks_void_xyz/CATALPTCICz0.466G960S472036293.VETO_ANG.VOID.dat
Writing voids with radius in (-10,1009).
Finished successfully!
2500 -10 1009
Reading file: /home/epfl/dforero/scratch/projects/baosystematics/patchy_results/box1/real/vetoang/mocks_gal_xyz/CATALPTCICz0.466G960S476029608.VETO_ANG.dat
Number of records: 5561807

Duplicating boundaries for periodic condition
Number of records: 6714719

Building Delaunay Triangulation.
Number of vertices: 6714719
Number of cells: 44737647

Writing to file /home/epfl/dforero/scratch/projects/baosystematics/patchy_results/box1/real/vetoang/mocks_void_xyz/CATALPTCICz0.466G960S476029608.VETO_ANG.VOID.dat
Writing voids with radius in (-10,1009).
Finished successfully!
2500 -10 1009
Reading file: /home/epfl/dforero/scratch/projects/baosystematics/patchy_results/box1/real/vetoang/mocks_gal_xyz/CATALPTCICz0.466G960S479471968.VETO_ANG.dat
Number of records: 5554478

Duplicating boundaries for periodic condition
Number of records: 6707457

Building Delaunay Triangulation.
Number of vertices: 6707457
Number of cells: 44693674

Writing to file /home/epfl/dforero/scratch/projects/baosystematics/patchy_results/box1/real/vetoang/mocks_void_xyz/CATALPTCICz0.466G960S479471968.VETO_ANG.VOID.dat
Writing voids with radius in (-10,1009).
Finished successfully!
2500 -10 1009
Reading file: /home/epfl/dforero/scratch/projects/baosystematics/patchy_results/box1/real/vetoang/mocks_gal_xyz/CATALPTCICz0.466G960S481721197.VETO_ANG.dat
Number of records: 5561055

Duplicating boundaries for periodic condition
Number of records: 6713005

Building Delaunay Triangulation.
Number of vertices: 6713005
Number of cells: 44735562

Writing to file /home/epfl/dforero/scratch/projects/baosystematics/patchy_results/box1/real/vetoang/mocks_void_xyz/CATALPTCICz0.466G960S481721197.VETO_ANG.VOID.dat
Writing voids with radius in (-10,1009).
Finished successfully!
2500 -10 1009
Reading file: /home/epfl/dforero/scratch/projects/baosystematics/patchy_results/box1/real/vetoang/mocks_gal_xyz/CATALPTCICz0.466G960S490973172.VETO_ANG.dat
Number of records: 5561304

Duplicating boundaries for periodic condition
Number of records: 6709067

Building Delaunay Triangulation.
Number of vertices: 6709067
Number of cells: 44702335

Writing to file /home/epfl/dforero/scratch/projects/baosystematics/patchy_results/box1/real/vetoang/mocks_void_xyz/CATALPTCICz0.466G960S490973172.VETO_ANG.VOID.dat
Writing voids with radius in (-10,1009).
Finished successfully!
2500 -10 1009
Reading file: /home/epfl/dforero/scratch/projects/baosystematics/patchy_results/box1/real/vetoang/mocks_gal_xyz/CATALPTCICz0.466G960S494614559.VETO_ANG.dat
Number of records: 5564130

Duplicating boundaries for periodic condition
Number of records: 6715442

Building Delaunay Triangulation.
Number of vertices: 6715442
Number of cells: 44749345

Writing to file /home/epfl/dforero/scratch/projects/baosystematics/patchy_results/box1/real/vetoang/mocks_void_xyz/CATALPTCICz0.466G960S494614559.VETO_ANG.VOID.dat
Writing voids with radius in (-10,1009).
Finished successfully!
2500 -10 1009
Reading file: /home/epfl/dforero/scratch/projects/baosystematics/patchy_results/box1/real/vetoang/mocks_gal_xyz/CATALPTCICz0.466G960S499786302.VETO_ANG.dat
Number of records: 5555899

Duplicating boundaries for periodic condition
Number of records: 6702679

Building Delaunay Triangulation.
Number of vertices: 6702679
Number of cells: 44659683

Writing to file /home/epfl/dforero/scratch/projects/baosystematics/patchy_results/box1/real/vetoang/mocks_void_xyz/CATALPTCICz0.466G960S499786302.VETO_ANG.VOID.dat
Writing voids with radius in (-10,1009).
Finished successfully!
2500 -10 1009
Reading file: /home/epfl/dforero/scratch/projects/baosystematics/patchy_results/box1/real/vetoang/mocks_gal_xyz/CATALPTCICz0.466G960S520371710.VETO_ANG.dat
Number of records: 5560175

Duplicating boundaries for periodic condition
Number of records: 6710229

Building Delaunay Triangulation.
Number of vertices: 6710229
Number of cells: 44712535

Writing to file /home/epfl/dforero/scratch/projects/baosystematics/patchy_results/box1/real/vetoang/mocks_void_xyz/CATALPTCICz0.466G960S520371710.VETO_ANG.VOID.dat
Writing voids with radius in (-10,1009).
Finished successfully!
2500 -10 1009
Reading file: /home/epfl/dforero/scratch/projects/baosystematics/patchy_results/box1/real/vetoang/mocks_gal_xyz/CATALPTCICz0.466G960S523419891.VETO_ANG.dat
Number of records: 5560254

Duplicating boundaries for periodic condition
Number of records: 6711186

Building Delaunay Triangulation.
Number of vertices: 6711186
Number of cells: 44720786

Writing to file /home/epfl/dforero/scratch/projects/baosystematics/patchy_results/box1/real/vetoang/mocks_void_xyz/CATALPTCICz0.466G960S523419891.VETO_ANG.VOID.dat
Writing voids with radius in (-10,1009).
Finished successfully!
