2500 -10 1009
Reading file: /home/epfl/dforero/scratch/projects/baosystematics/patchy_results/box1/real/vetoang/mocks_gal_xyz/CATALPTCICz0.466G960S2025663482.VETO_ANG.dat
Number of records: 5557366

Duplicating boundaries for periodic condition
Number of records: 6704299

Building Delaunay Triangulation.
Number of vertices: 6704299
Number of cells: 44677989

Writing to file /home/epfl/dforero/scratch/projects/baosystematics/patchy_results/box1/real/vetoang/mocks_void_xyz/CATALPTCICz0.466G960S2025663482.VETO_ANG.VOID.dat
Writing voids with radius in (-10,1009).
Finished successfully!
2500 -10 1009
Reading file: /home/epfl/dforero/scratch/projects/baosystematics/patchy_results/box1/real/vetoang/mocks_gal_xyz/CATALPTCICz0.466G960S2029111473.VETO_ANG.dat
Number of records: 5556563

Duplicating boundaries for periodic condition
Number of records: 6702076

Building Delaunay Triangulation.
Number of vertices: 6702076
Number of cells: 44655925

Writing to file /home/epfl/dforero/scratch/projects/baosystematics/patchy_results/box1/real/vetoang/mocks_void_xyz/CATALPTCICz0.466G960S2029111473.VETO_ANG.VOID.dat
Writing voids with radius in (-10,1009).
Finished successfully!
2500 -10 1009
Reading file: /home/epfl/dforero/scratch/projects/baosystematics/patchy_results/box1/real/vetoang/mocks_gal_xyz/CATALPTCICz0.466G960S203115444.VETO_ANG.dat
Number of records: 5558297

Duplicating boundaries for periodic condition
Number of records: 6708207

Building Delaunay Triangulation.
Number of vertices: 6708207
Number of cells: 44702353

Writing to file /home/epfl/dforero/scratch/projects/baosystematics/patchy_results/box1/real/vetoang/mocks_void_xyz/CATALPTCICz0.466G960S203115444.VETO_ANG.VOID.dat
Writing voids with radius in (-10,1009).
Finished successfully!
2500 -10 1009
Reading file: /home/epfl/dforero/scratch/projects/baosystematics/patchy_results/box1/real/vetoang/mocks_gal_xyz/CATALPTCICz0.466G960S2038140029.VETO_ANG.dat
Number of records: 5557070

Duplicating boundaries for periodic condition
Number of records: 6701464

Building Delaunay Triangulation.
Number of vertices: 6701464
Number of cells: 44657435

Writing to file /home/epfl/dforero/scratch/projects/baosystematics/patchy_results/box1/real/vetoang/mocks_void_xyz/CATALPTCICz0.466G960S2038140029.VETO_ANG.VOID.dat
Writing voids with radius in (-10,1009).
Finished successfully!
2500 -10 1009
Reading file: /home/epfl/dforero/scratch/projects/baosystematics/patchy_results/box1/real/vetoang/mocks_gal_xyz/CATALPTCICz0.466G960S2040572509.VETO_ANG.dat
Number of records: 5557914

Duplicating boundaries for periodic condition
Number of records: 6702570

Building Delaunay Triangulation.
Number of vertices: 6702570
Number of cells: 44660813

Writing to file /home/epfl/dforero/scratch/projects/baosystematics/patchy_results/box1/real/vetoang/mocks_void_xyz/CATALPTCICz0.466G960S2040572509.VETO_ANG.VOID.dat
Writing voids with radius in (-10,1009).
Finished successfully!
2500 -10 1009
Reading file: /home/epfl/dforero/scratch/projects/baosystematics/patchy_results/box1/real/vetoang/mocks_gal_xyz/CATALPTCICz0.466G960S2043261601.VETO_ANG.dat
Number of records: 5562944

Duplicating boundaries for periodic condition
Number of records: 6709565

Building Delaunay Triangulation.
Number of vertices: 6709565
Number of cells: 44706063

Writing to file /home/epfl/dforero/scratch/projects/baosystematics/patchy_results/box1/real/vetoang/mocks_void_xyz/CATALPTCICz0.466G960S2043261601.VETO_ANG.VOID.dat
Writing voids with radius in (-10,1009).
Finished successfully!
2500 -10 1009
Reading file: /home/epfl/dforero/scratch/projects/baosystematics/patchy_results/box1/real/vetoang/mocks_gal_xyz/CATALPTCICz0.466G960S2043501765.VETO_ANG.dat
Number of records: 5560944

Duplicating boundaries for periodic condition
Number of records: 6710159

Building Delaunay Triangulation.
Number of vertices: 6710159
Number of cells: 44706214

Writing to file /home/epfl/dforero/scratch/projects/baosystematics/patchy_results/box1/real/vetoang/mocks_void_xyz/CATALPTCICz0.466G960S2043501765.VETO_ANG.VOID.dat
Writing voids with radius in (-10,1009).
Finished successfully!
2500 -10 1009
Reading file: /home/epfl/dforero/scratch/projects/baosystematics/patchy_results/box1/real/vetoang/mocks_gal_xyz/CATALPTCICz0.466G960S2046505490.VETO_ANG.dat
Number of records: 5557655

Duplicating boundaries for periodic condition
Number of records: 6707536

Building Delaunay Triangulation.
Number of vertices: 6707536
Number of cells: 44696446

Writing to file /home/epfl/dforero/scratch/projects/baosystematics/patchy_results/box1/real/vetoang/mocks_void_xyz/CATALPTCICz0.466G960S2046505490.VETO_ANG.VOID.dat
Writing voids with radius in (-10,1009).
Finished successfully!
2500 -10 1009
Reading file: /home/epfl/dforero/scratch/projects/baosystematics/patchy_results/box1/real/vetoang/mocks_gal_xyz/CATALPTCICz0.466G960S205000556.VETO_ANG.dat
Number of records: 5557567

Duplicating boundaries for periodic condition
Number of records: 6707407

Building Delaunay Triangulation.
Number of vertices: 6707407
Number of cells: 44689069

Writing to file /home/epfl/dforero/scratch/projects/baosystematics/patchy_results/box1/real/vetoang/mocks_void_xyz/CATALPTCICz0.466G960S205000556.VETO_ANG.VOID.dat
Writing voids with radius in (-10,1009).
Finished successfully!
2500 -10 1009
Reading file: /home/epfl/dforero/scratch/projects/baosystematics/patchy_results/box1/real/vetoang/mocks_gal_xyz/CATALPTCICz0.466G960S2057798525.VETO_ANG.dat
Number of records: 5559677

Duplicating boundaries for periodic condition
Number of records: 6711290

Building Delaunay Triangulation.
Number of vertices: 6711290
Number of cells: 44718560

Writing to file /home/epfl/dforero/scratch/projects/baosystematics/patchy_results/box1/real/vetoang/mocks_void_xyz/CATALPTCICz0.466G960S2057798525.VETO_ANG.VOID.dat
Writing voids with radius in (-10,1009).
Finished successfully!
