2500 -10 1009
Reading file: /home/epfl/dforero/scratch/projects/baosystematics/patchy_results/box1/real/veto/mocks_gal_xyz/CATALPTCICz0.466G960S662986527.VETO.dat
Number of records: 5858978

Duplicating boundaries for periodic condition
Number of records: 7030103

Building Delaunay Triangulation.
Number of vertices: 7030103
Number of cells: 46832123

Writing to file /home/epfl/dforero/scratch/projects/baosystematics/patchy_results/box1/real/veto/mocks_void_xyz/CATALPTCICz0.466G960S662986527.VETO.VOID.dat
Writing voids with radius in (-10,1009).
Finished successfully!
2500 -10 1009
Reading file: /home/epfl/dforero/scratch/projects/baosystematics/patchy_results/box1/real/veto/mocks_gal_xyz/CATALPTCICz0.466G960S670193816.VETO.dat
Number of records: 5856634

Duplicating boundaries for periodic condition
Number of records: 7039453

Building Delaunay Triangulation.
Number of vertices: 7039453
Number of cells: 46894499

Writing to file /home/epfl/dforero/scratch/projects/baosystematics/patchy_results/box1/real/veto/mocks_void_xyz/CATALPTCICz0.466G960S670193816.VETO.VOID.dat
Writing voids with radius in (-10,1009).
Finished successfully!
2500 -10 1009
Reading file: /home/epfl/dforero/scratch/projects/baosystematics/patchy_results/box1/real/veto/mocks_gal_xyz/CATALPTCICz0.466G960S670784234.VETO.dat
Number of records: 5860827

Duplicating boundaries for periodic condition
Number of records: 7039340

Building Delaunay Triangulation.
Number of vertices: 7039340
Number of cells: 46889453

Writing to file /home/epfl/dforero/scratch/projects/baosystematics/patchy_results/box1/real/veto/mocks_void_xyz/CATALPTCICz0.466G960S670784234.VETO.VOID.dat
Writing voids with radius in (-10,1009).
Finished successfully!
2500 -10 1009
Reading file: /home/epfl/dforero/scratch/projects/baosystematics/patchy_results/box1/real/veto/mocks_gal_xyz/CATALPTCICz0.466G960S672574680.VETO.dat
Number of records: 5854135

Duplicating boundaries for periodic condition
Number of records: 7032649

Building Delaunay Triangulation.
Number of vertices: 7032649
Number of cells: 46847651

Writing to file /home/epfl/dforero/scratch/projects/baosystematics/patchy_results/box1/real/veto/mocks_void_xyz/CATALPTCICz0.466G960S672574680.VETO.VOID.dat
Writing voids with radius in (-10,1009).
Finished successfully!
2500 -10 1009
Reading file: /home/epfl/dforero/scratch/projects/baosystematics/patchy_results/box1/real/veto/mocks_gal_xyz/CATALPTCICz0.466G960S673130015.VETO.dat
Number of records: 5855185

Duplicating boundaries for periodic condition
Number of records: 7029941

Building Delaunay Triangulation.
Number of vertices: 7029941
Number of cells: 46829707

Writing to file /home/epfl/dforero/scratch/projects/baosystematics/patchy_results/box1/real/veto/mocks_void_xyz/CATALPTCICz0.466G960S673130015.VETO.VOID.dat
Writing voids with radius in (-10,1009).
Finished successfully!
2500 -10 1009
Reading file: /home/epfl/dforero/scratch/projects/baosystematics/patchy_results/box1/real/veto/mocks_gal_xyz/CATALPTCICz0.466G960S676153147.VETO.dat
Number of records: 5855569

Duplicating boundaries for periodic condition
Number of records: 7029816

Building Delaunay Triangulation.
Number of vertices: 7029816
Number of cells: 46827965

Writing to file /home/epfl/dforero/scratch/projects/baosystematics/patchy_results/box1/real/veto/mocks_void_xyz/CATALPTCICz0.466G960S676153147.VETO.VOID.dat
Writing voids with radius in (-10,1009).
Finished successfully!
2500 -10 1009
Reading file: /home/epfl/dforero/scratch/projects/baosystematics/patchy_results/box1/real/veto/mocks_gal_xyz/CATALPTCICz0.466G960S683150030.VETO.dat
Number of records: 5857345

Duplicating boundaries for periodic condition
Number of records: 7033582

Building Delaunay Triangulation.
Number of vertices: 7033582
Number of cells: 46845259

Writing to file /home/epfl/dforero/scratch/projects/baosystematics/patchy_results/box1/real/veto/mocks_void_xyz/CATALPTCICz0.466G960S683150030.VETO.VOID.dat
Writing voids with radius in (-10,1009).
Finished successfully!
2500 -10 1009
Reading file: /home/epfl/dforero/scratch/projects/baosystematics/patchy_results/box1/real/veto/mocks_gal_xyz/CATALPTCICz0.466G960S687988509.VETO.dat
Number of records: 5859120

Duplicating boundaries for periodic condition
Number of records: 7037584

Building Delaunay Triangulation.
Number of vertices: 7037584
Number of cells: 46881032

Writing to file /home/epfl/dforero/scratch/projects/baosystematics/patchy_results/box1/real/veto/mocks_void_xyz/CATALPTCICz0.466G960S687988509.VETO.VOID.dat
Writing voids with radius in (-10,1009).
Finished successfully!
2500 -10 1009
Reading file: /home/epfl/dforero/scratch/projects/baosystematics/patchy_results/box1/real/veto/mocks_gal_xyz/CATALPTCICz0.466G960S688351692.VETO.dat
Number of records: 5859128

Duplicating boundaries for periodic condition
Number of records: 7047540

Building Delaunay Triangulation.
Number of vertices: 7047540
Number of cells: 46948944

Writing to file /home/epfl/dforero/scratch/projects/baosystematics/patchy_results/box1/real/veto/mocks_void_xyz/CATALPTCICz0.466G960S688351692.VETO.VOID.dat
Writing voids with radius in (-10,1009).
Finished successfully!
2500 -10 1009
Reading file: /home/epfl/dforero/scratch/projects/baosystematics/patchy_results/box1/real/veto/mocks_gal_xyz/CATALPTCICz0.466G960S693209150.VETO.dat
Number of records: 5861197

Duplicating boundaries for periodic condition
Number of records: 7030004

Building Delaunay Triangulation.
Number of vertices: 7030004
Number of cells: 46831595

Writing to file /home/epfl/dforero/scratch/projects/baosystematics/patchy_results/box1/real/veto/mocks_void_xyz/CATALPTCICz0.466G960S693209150.VETO.VOID.dat
Writing voids with radius in (-10,1009).
Finished successfully!
