2500 -10 1009
Reading file: /home/epfl/dforero/scratch/projects/baosystematics/patchy_results/box1/real/vetoang/mocks_gal_xyz/CATALPTCICz0.466G960S1992528790.VETO_ANG.dat
Number of records: 5558670

Duplicating boundaries for periodic condition
Number of records: 6717655

Building Delaunay Triangulation.
Number of vertices: 6717655
Number of cells: 44764994

Writing to file /home/epfl/dforero/scratch/projects/baosystematics/patchy_results/box1/real/vetoang/mocks_void_xyz/CATALPTCICz0.466G960S1992528790.VETO_ANG.VOID.dat
Writing voids with radius in (-10,1009).
Finished successfully!
2500 -10 1009
Reading file: /home/epfl/dforero/scratch/projects/baosystematics/patchy_results/box1/real/vetoang/mocks_gal_xyz/CATALPTCICz0.466G960S1999698595.VETO_ANG.dat
Number of records: 5559277

Duplicating boundaries for periodic condition
Number of records: 6707034

Building Delaunay Triangulation.
Number of vertices: 6707034
Number of cells: 44698388

Writing to file /home/epfl/dforero/scratch/projects/baosystematics/patchy_results/box1/real/vetoang/mocks_void_xyz/CATALPTCICz0.466G960S1999698595.VETO_ANG.VOID.dat
Writing voids with radius in (-10,1009).
Finished successfully!
2500 -10 1009
Reading file: /home/epfl/dforero/scratch/projects/baosystematics/patchy_results/box1/real/vetoang/mocks_gal_xyz/CATALPTCICz0.466G960S2004999320.VETO_ANG.dat
Number of records: 5560043

Duplicating boundaries for periodic condition
Number of records: 6706604

Building Delaunay Triangulation.
Number of vertices: 6706604
Number of cells: 44685757

Writing to file /home/epfl/dforero/scratch/projects/baosystematics/patchy_results/box1/real/vetoang/mocks_void_xyz/CATALPTCICz0.466G960S2004999320.VETO_ANG.VOID.dat
Writing voids with radius in (-10,1009).
Finished successfully!
2500 -10 1009
Reading file: /home/epfl/dforero/scratch/projects/baosystematics/patchy_results/box1/real/vetoang/mocks_gal_xyz/CATALPTCICz0.466G960S2005020971.VETO_ANG.dat
Number of records: 5561946

Duplicating boundaries for periodic condition
Number of records: 6704890

Building Delaunay Triangulation.
Number of vertices: 6704890
Number of cells: 44677836

Writing to file /home/epfl/dforero/scratch/projects/baosystematics/patchy_results/box1/real/vetoang/mocks_void_xyz/CATALPTCICz0.466G960S2005020971.VETO_ANG.VOID.dat
Writing voids with radius in (-10,1009).
Finished successfully!
2500 -10 1009
Reading file: /home/epfl/dforero/scratch/projects/baosystematics/patchy_results/box1/real/vetoang/mocks_gal_xyz/CATALPTCICz0.466G960S2006305047.VETO_ANG.dat
Number of records: 5555168

Duplicating boundaries for periodic condition
Number of records: 6707070

Building Delaunay Triangulation.
Number of vertices: 6707070
Number of cells: 44684523

Writing to file /home/epfl/dforero/scratch/projects/baosystematics/patchy_results/box1/real/vetoang/mocks_void_xyz/CATALPTCICz0.466G960S2006305047.VETO_ANG.VOID.dat
Writing voids with radius in (-10,1009).
Finished successfully!
2500 -10 1009
Reading file: /home/epfl/dforero/scratch/projects/baosystematics/patchy_results/box1/real/vetoang/mocks_gal_xyz/CATALPTCICz0.466G960S2007956662.VETO_ANG.dat
Number of records: 5555636

Duplicating boundaries for periodic condition
Number of records: 6703578

Building Delaunay Triangulation.
Number of vertices: 6703578
Number of cells: 44666345

Writing to file /home/epfl/dforero/scratch/projects/baosystematics/patchy_results/box1/real/vetoang/mocks_void_xyz/CATALPTCICz0.466G960S2007956662.VETO_ANG.VOID.dat
Writing voids with radius in (-10,1009).
Finished successfully!
2500 -10 1009
Reading file: /home/epfl/dforero/scratch/projects/baosystematics/patchy_results/box1/real/vetoang/mocks_gal_xyz/CATALPTCICz0.466G960S2008417666.VETO_ANG.dat
Number of records: 5563904

Duplicating boundaries for periodic condition
Number of records: 6722616

Building Delaunay Triangulation.
Number of vertices: 6722616
Number of cells: 44794738

Writing to file /home/epfl/dforero/scratch/projects/baosystematics/patchy_results/box1/real/vetoang/mocks_void_xyz/CATALPTCICz0.466G960S2008417666.VETO_ANG.VOID.dat
Writing voids with radius in (-10,1009).
Finished successfully!
2500 -10 1009
Reading file: /home/epfl/dforero/scratch/projects/baosystematics/patchy_results/box1/real/vetoang/mocks_gal_xyz/CATALPTCICz0.466G960S2012047352.VETO_ANG.dat
Number of records: 5564152

Duplicating boundaries for periodic condition
Number of records: 6720859

Building Delaunay Triangulation.
Number of vertices: 6720859
Number of cells: 44781834

Writing to file /home/epfl/dforero/scratch/projects/baosystematics/patchy_results/box1/real/vetoang/mocks_void_xyz/CATALPTCICz0.466G960S2012047352.VETO_ANG.VOID.dat
Writing voids with radius in (-10,1009).
Finished successfully!
2500 -10 1009
Reading file: /home/epfl/dforero/scratch/projects/baosystematics/patchy_results/box1/real/vetoang/mocks_gal_xyz/CATALPTCICz0.466G960S2018638540.VETO_ANG.dat
Number of records: 5556868

Duplicating boundaries for periodic condition
Number of records: 6710429

Building Delaunay Triangulation.
Number of vertices: 6710429
Number of cells: 44714767

Writing to file /home/epfl/dforero/scratch/projects/baosystematics/patchy_results/box1/real/vetoang/mocks_void_xyz/CATALPTCICz0.466G960S2018638540.VETO_ANG.VOID.dat
Writing voids with radius in (-10,1009).
Finished successfully!
2500 -10 1009
Reading file: /home/epfl/dforero/scratch/projects/baosystematics/patchy_results/box1/real/vetoang/mocks_gal_xyz/CATALPTCICz0.466G960S2022666833.VETO_ANG.dat
Number of records: 5556532

Duplicating boundaries for periodic condition
Number of records: 6706388

Building Delaunay Triangulation.
Number of vertices: 6706388
Number of cells: 44686360

Writing to file /home/epfl/dforero/scratch/projects/baosystematics/patchy_results/box1/real/vetoang/mocks_void_xyz/CATALPTCICz0.466G960S2022666833.VETO_ANG.VOID.dat
Writing voids with radius in (-10,1009).
Finished successfully!
