2500 -10 1009
Reading file: /home/epfl/dforero/scratch/projects/baosystematics/patchy_results/box1/real/ang/mocks_gal_xyz/CATALPTCICz0.466G960S354134.ANG.dat
Number of records: 5899309

Duplicating boundaries for periodic condition
Number of records: 7140674

Building Delaunay Triangulation.
Number of vertices: 7140674
Number of cells: 47607038

Writing to file /home/epfl/dforero/scratch/projects/baosystematics/patchy_results/box1/real/ang/mocks_void_xyz/CATALPTCICz0.466G960S354134.ANG.VOID.dat
Writing voids with radius in (-10,1009).
Finished successfully!
2500 -10 1009
Reading file: /home/epfl/dforero/scratch/projects/baosystematics/patchy_results/box1/real/ang/mocks_gal_xyz/CATALPTCICz0.466G960S355476410.ANG.dat
Number of records: 5895451

Duplicating boundaries for periodic condition
Number of records: 7131274

Building Delaunay Triangulation.
Number of vertices: 7131274
Number of cells: 47551191

Writing to file /home/epfl/dforero/scratch/projects/baosystematics/patchy_results/box1/real/ang/mocks_void_xyz/CATALPTCICz0.466G960S355476410.ANG.VOID.dat
Writing voids with radius in (-10,1009).
Finished successfully!
2500 -10 1009
Reading file: /home/epfl/dforero/scratch/projects/baosystematics/patchy_results/box1/real/ang/mocks_gal_xyz/CATALPTCICz0.466G960S361303953.ANG.dat
Number of records: 5895674

Duplicating boundaries for periodic condition
Number of records: 7139779

Building Delaunay Triangulation.
Number of vertices: 7139779
Number of cells: 47602647

Writing to file /home/epfl/dforero/scratch/projects/baosystematics/patchy_results/box1/real/ang/mocks_void_xyz/CATALPTCICz0.466G960S361303953.ANG.VOID.dat
Writing voids with radius in (-10,1009).
Finished successfully!
2500 -10 1009
Reading file: /home/epfl/dforero/scratch/projects/baosystematics/patchy_results/box1/real/ang/mocks_gal_xyz/CATALPTCICz0.466G960S362641756.ANG.dat
Number of records: 5899173

Duplicating boundaries for periodic condition
Number of records: 7141550

Building Delaunay Triangulation.
Number of vertices: 7141550
Number of cells: 47610449

Writing to file /home/epfl/dforero/scratch/projects/baosystematics/patchy_results/box1/real/ang/mocks_void_xyz/CATALPTCICz0.466G960S362641756.ANG.VOID.dat
Writing voids with radius in (-10,1009).
Finished successfully!
2500 -10 1009
Reading file: /home/epfl/dforero/scratch/projects/baosystematics/patchy_results/box1/real/ang/mocks_gal_xyz/CATALPTCICz0.466G960S363202087.ANG.dat
Number of records: 5899071

Duplicating boundaries for periodic condition
Number of records: 7141074

Building Delaunay Triangulation.
Number of vertices: 7141074
Number of cells: 47601602

Writing to file /home/epfl/dforero/scratch/projects/baosystematics/patchy_results/box1/real/ang/mocks_void_xyz/CATALPTCICz0.466G960S363202087.ANG.VOID.dat
Writing voids with radius in (-10,1009).
Finished successfully!
2500 -10 1009
Reading file: /home/epfl/dforero/scratch/projects/baosystematics/patchy_results/box1/real/ang/mocks_gal_xyz/CATALPTCICz0.466G960S364233976.ANG.dat
Number of records: 5899969

Duplicating boundaries for periodic condition
Number of records: 7151111

Building Delaunay Triangulation.
Number of vertices: 7151111
Number of cells: 47669991

Writing to file /home/epfl/dforero/scratch/projects/baosystematics/patchy_results/box1/real/ang/mocks_void_xyz/CATALPTCICz0.466G960S364233976.ANG.VOID.dat
Writing voids with radius in (-10,1009).
Finished successfully!
2500 -10 1009
Reading file: /home/epfl/dforero/scratch/projects/baosystematics/patchy_results/box1/real/ang/mocks_gal_xyz/CATALPTCICz0.466G960S370253044.ANG.dat
Number of records: 5899588

Duplicating boundaries for periodic condition
Number of records: 7145079

Building Delaunay Triangulation.
Number of vertices: 7145079
Number of cells: 47633360

Writing to file /home/epfl/dforero/scratch/projects/baosystematics/patchy_results/box1/real/ang/mocks_void_xyz/CATALPTCICz0.466G960S370253044.ANG.VOID.dat
Writing voids with radius in (-10,1009).
Finished successfully!
2500 -10 1009
Reading file: /home/epfl/dforero/scratch/projects/baosystematics/patchy_results/box1/real/ang/mocks_gal_xyz/CATALPTCICz0.466G960S375349953.ANG.dat
Number of records: 5898178

Duplicating boundaries for periodic condition
Number of records: 7136173

Building Delaunay Triangulation.
Number of vertices: 7136172
Number of cells: 47575704

Writing to file /home/epfl/dforero/scratch/projects/baosystematics/patchy_results/box1/real/ang/mocks_void_xyz/CATALPTCICz0.466G960S375349953.ANG.VOID.dat
Writing voids with radius in (-10,1009).
Finished successfully!
2500 -10 1009
Reading file: /home/epfl/dforero/scratch/projects/baosystematics/patchy_results/box1/real/ang/mocks_gal_xyz/CATALPTCICz0.466G960S375858835.ANG.dat
Number of records: 5899378

Duplicating boundaries for periodic condition
Number of records: 7138124

Building Delaunay Triangulation.
Number of vertices: 7138124
Number of cells: 47584308

Writing to file /home/epfl/dforero/scratch/projects/baosystematics/patchy_results/box1/real/ang/mocks_void_xyz/CATALPTCICz0.466G960S375858835.ANG.VOID.dat
Writing voids with radius in (-10,1009).
Finished successfully!
2500 -10 1009
Reading file: /home/epfl/dforero/scratch/projects/baosystematics/patchy_results/box1/real/ang/mocks_gal_xyz/CATALPTCICz0.466G960S376146255.ANG.dat
Number of records: 5900371

Duplicating boundaries for periodic condition
Number of records: 7148771

Building Delaunay Triangulation.
Number of vertices: 7148771
Number of cells: 47661384

Writing to file /home/epfl/dforero/scratch/projects/baosystematics/patchy_results/box1/real/ang/mocks_void_xyz/CATALPTCICz0.466G960S376146255.ANG.VOID.dat
Writing voids with radius in (-10,1009).
Finished successfully!
