2500 -10 1009
Reading file: /home/epfl/dforero/scratch/projects/baosystematics/patchy_results/box1/real/veto/mocks_gal_xyz/CATALPTCICz0.466G960S630955758.VETO.dat
Number of records: 5855068

Duplicating boundaries for periodic condition
Number of records: 7020313

Building Delaunay Triangulation.
Number of vertices: 7020313
Number of cells: 46759584

Writing to file /home/epfl/dforero/scratch/projects/baosystematics/patchy_results/box1/real/veto/mocks_void_xyz/CATALPTCICz0.466G960S630955758.VETO.VOID.dat
Writing voids with radius in (-10,1009).
Finished successfully!
2500 -10 1009
Reading file: /home/epfl/dforero/scratch/projects/baosystematics/patchy_results/box1/real/veto/mocks_gal_xyz/CATALPTCICz0.466G960S63105779.VETO.dat
Number of records: 5851987

Duplicating boundaries for periodic condition
Number of records: 7024766

Building Delaunay Triangulation.
Number of vertices: 7024766
Number of cells: 46788886

Writing to file /home/epfl/dforero/scratch/projects/baosystematics/patchy_results/box1/real/veto/mocks_void_xyz/CATALPTCICz0.466G960S63105779.VETO.VOID.dat
Writing voids with radius in (-10,1009).
Finished successfully!
2500 -10 1009
Reading file: /home/epfl/dforero/scratch/projects/baosystematics/patchy_results/box1/real/veto/mocks_gal_xyz/CATALPTCICz0.466G960S63250028.VETO.dat
Number of records: 5855302

Duplicating boundaries for periodic condition
Number of records: 7028718

Building Delaunay Triangulation.
Number of vertices: 7028718
Number of cells: 46818704

Writing to file /home/epfl/dforero/scratch/projects/baosystematics/patchy_results/box1/real/veto/mocks_void_xyz/CATALPTCICz0.466G960S63250028.VETO.VOID.dat
Writing voids with radius in (-10,1009).
Finished successfully!
2500 -10 1009
Reading file: /home/epfl/dforero/scratch/projects/baosystematics/patchy_results/box1/real/veto/mocks_gal_xyz/CATALPTCICz0.466G960S637675363.VETO.dat
Number of records: 5857172

Duplicating boundaries for periodic condition
Number of records: 7027466

Building Delaunay Triangulation.
Number of vertices: 7027466
Number of cells: 46811492

Writing to file /home/epfl/dforero/scratch/projects/baosystematics/patchy_results/box1/real/veto/mocks_void_xyz/CATALPTCICz0.466G960S637675363.VETO.VOID.dat
Writing voids with radius in (-10,1009).
Finished successfully!
2500 -10 1009
Reading file: /home/epfl/dforero/scratch/projects/baosystematics/patchy_results/box1/real/veto/mocks_gal_xyz/CATALPTCICz0.466G960S639755849.VETO.dat
Number of records: 5858361

Duplicating boundaries for periodic condition
Number of records: 7031215

Building Delaunay Triangulation.
Number of vertices: 7031215
Number of cells: 46838671

Writing to file /home/epfl/dforero/scratch/projects/baosystematics/patchy_results/box1/real/veto/mocks_void_xyz/CATALPTCICz0.466G960S639755849.VETO.VOID.dat
Writing voids with radius in (-10,1009).
Finished successfully!
2500 -10 1009
Reading file: /home/epfl/dforero/scratch/projects/baosystematics/patchy_results/box1/real/veto/mocks_gal_xyz/CATALPTCICz0.466G960S641747930.VETO.dat
Number of records: 5850109

Duplicating boundaries for periodic condition
Number of records: 7019907

Building Delaunay Triangulation.
Number of vertices: 7019906
Number of cells: 46757130

Writing to file /home/epfl/dforero/scratch/projects/baosystematics/patchy_results/box1/real/veto/mocks_void_xyz/CATALPTCICz0.466G960S641747930.VETO.VOID.dat
Writing voids with radius in (-10,1009).
Finished successfully!
2500 -10 1009
Reading file: /home/epfl/dforero/scratch/projects/baosystematics/patchy_results/box1/real/veto/mocks_gal_xyz/CATALPTCICz0.466G960S644251819.VETO.dat
Number of records: 5852299

Duplicating boundaries for periodic condition
Number of records: 7032728

Building Delaunay Triangulation.
Number of vertices: 7032728
Number of cells: 46849170

Writing to file /home/epfl/dforero/scratch/projects/baosystematics/patchy_results/box1/real/veto/mocks_void_xyz/CATALPTCICz0.466G960S644251819.VETO.VOID.dat
Writing voids with radius in (-10,1009).
Finished successfully!
2500 -10 1009
Reading file: /home/epfl/dforero/scratch/projects/baosystematics/patchy_results/box1/real/veto/mocks_gal_xyz/CATALPTCICz0.466G960S651809965.VETO.dat
Number of records: 5854608

Duplicating boundaries for periodic condition
Number of records: 7024200

Building Delaunay Triangulation.
Number of vertices: 7024200
Number of cells: 46789011

Writing to file /home/epfl/dforero/scratch/projects/baosystematics/patchy_results/box1/real/veto/mocks_void_xyz/CATALPTCICz0.466G960S651809965.VETO.VOID.dat
Writing voids with radius in (-10,1009).
Finished successfully!
2500 -10 1009
Reading file: /home/epfl/dforero/scratch/projects/baosystematics/patchy_results/box1/real/veto/mocks_gal_xyz/CATALPTCICz0.466G960S653315835.VETO.dat
Number of records: 5855856

Duplicating boundaries for periodic condition
Number of records: 7035483

Building Delaunay Triangulation.
Number of vertices: 7035483
Number of cells: 46864527

Writing to file /home/epfl/dforero/scratch/projects/baosystematics/patchy_results/box1/real/veto/mocks_void_xyz/CATALPTCICz0.466G960S653315835.VETO.VOID.dat
Writing voids with radius in (-10,1009).
Finished successfully!
2500 -10 1009
Reading file: /home/epfl/dforero/scratch/projects/baosystematics/patchy_results/box1/real/veto/mocks_gal_xyz/CATALPTCICz0.466G960S661219564.VETO.dat
Number of records: 5857125

Duplicating boundaries for periodic condition
Number of records: 7022088

Building Delaunay Triangulation.
Number of vertices: 7022088
Number of cells: 46770522

Writing to file /home/epfl/dforero/scratch/projects/baosystematics/patchy_results/box1/real/veto/mocks_void_xyz/CATALPTCICz0.466G960S661219564.VETO.VOID.dat
Writing voids with radius in (-10,1009).
Finished successfully!
