2500 -10 1009
Reading file: /home/epfl/dforero/scratch/projects/baosystematics/patchy_results/box1/real/ang/mocks_gal_xyz/CATALPTCICz0.466G960S1888203641.ANG.dat
Number of records: 5898179

Duplicating boundaries for periodic condition
Number of records: 7130001

Building Delaunay Triangulation.
Number of vertices: 7130001
Number of cells: 47534758

Writing to file /home/epfl/dforero/scratch/projects/baosystematics/patchy_results/box1/real/ang/mocks_void_xyz/CATALPTCICz0.466G960S1888203641.ANG.VOID.dat
Writing voids with radius in (-10,1009).
Finished successfully!
2500 -10 1009
Reading file: /home/epfl/dforero/scratch/projects/baosystematics/patchy_results/box1/real/ang/mocks_gal_xyz/CATALPTCICz0.466G960S1897253935.ANG.dat
Number of records: 5898480

Duplicating boundaries for periodic condition
Number of records: 7134588

Building Delaunay Triangulation.
Number of vertices: 7134588
Number of cells: 47567563

Writing to file /home/epfl/dforero/scratch/projects/baosystematics/patchy_results/box1/real/ang/mocks_void_xyz/CATALPTCICz0.466G960S1897253935.ANG.VOID.dat
Writing voids with radius in (-10,1009).
Finished successfully!
2500 -10 1009
Reading file: /home/epfl/dforero/scratch/projects/baosystematics/patchy_results/box1/real/ang/mocks_gal_xyz/CATALPTCICz0.466G960S1927411616.ANG.dat
Number of records: 5895290

Duplicating boundaries for periodic condition
Number of records: 7135582

Building Delaunay Triangulation.
Number of vertices: 7135582
Number of cells: 47576354

Writing to file /home/epfl/dforero/scratch/projects/baosystematics/patchy_results/box1/real/ang/mocks_void_xyz/CATALPTCICz0.466G960S1927411616.ANG.VOID.dat
Writing voids with radius in (-10,1009).
Finished successfully!
2500 -10 1009
Reading file: /home/epfl/dforero/scratch/projects/baosystematics/patchy_results/box1/real/ang/mocks_gal_xyz/CATALPTCICz0.466G960S1928615245.ANG.dat
Number of records: 5897154

Duplicating boundaries for periodic condition
Number of records: 7138322

Building Delaunay Triangulation.
Number of vertices: 7138322
Number of cells: 47591248

Writing to file /home/epfl/dforero/scratch/projects/baosystematics/patchy_results/box1/real/ang/mocks_void_xyz/CATALPTCICz0.466G960S1928615245.ANG.VOID.dat
Writing voids with radius in (-10,1009).
Finished successfully!
2500 -10 1009
Reading file: /home/epfl/dforero/scratch/projects/baosystematics/patchy_results/box1/real/ang/mocks_gal_xyz/CATALPTCICz0.466G960S1932672395.ANG.dat
Number of records: 5897183

Duplicating boundaries for periodic condition
Number of records: 7133786

Building Delaunay Triangulation.
Number of vertices: 7133786
Number of cells: 47561444

Writing to file /home/epfl/dforero/scratch/projects/baosystematics/patchy_results/box1/real/ang/mocks_void_xyz/CATALPTCICz0.466G960S1932672395.ANG.VOID.dat
Writing voids with radius in (-10,1009).
Finished successfully!
2500 -10 1009
Reading file: /home/epfl/dforero/scratch/projects/baosystematics/patchy_results/box1/real/ang/mocks_gal_xyz/CATALPTCICz0.466G960S1936779850.ANG.dat
Number of records: 5898234

Duplicating boundaries for periodic condition
Number of records: 7139003

Building Delaunay Triangulation.
Number of vertices: 7139003
Number of cells: 47596189

Writing to file /home/epfl/dforero/scratch/projects/baosystematics/patchy_results/box1/real/ang/mocks_void_xyz/CATALPTCICz0.466G960S1936779850.ANG.VOID.dat
Writing voids with radius in (-10,1009).
Finished successfully!
2500 -10 1009
Reading file: /home/epfl/dforero/scratch/projects/baosystematics/patchy_results/box1/real/ang/mocks_gal_xyz/CATALPTCICz0.466G960S1941846360.ANG.dat
Number of records: 5900623

Duplicating boundaries for periodic condition
Number of records: 7141359

Building Delaunay Triangulation.
Number of vertices: 7141359
Number of cells: 47602964

Writing to file /home/epfl/dforero/scratch/projects/baosystematics/patchy_results/box1/real/ang/mocks_void_xyz/CATALPTCICz0.466G960S1941846360.ANG.VOID.dat
Writing voids with radius in (-10,1009).
Finished successfully!
2500 -10 1009
Reading file: /home/epfl/dforero/scratch/projects/baosystematics/patchy_results/box1/real/ang/mocks_gal_xyz/CATALPTCICz0.466G960S1942615915.ANG.dat
Number of records: 5893346

Duplicating boundaries for periodic condition
Number of records: 7128795

Building Delaunay Triangulation.
Number of vertices: 7128795
Number of cells: 47524120

Writing to file /home/epfl/dforero/scratch/projects/baosystematics/patchy_results/box1/real/ang/mocks_void_xyz/CATALPTCICz0.466G960S1942615915.ANG.VOID.dat
Writing voids with radius in (-10,1009).
Finished successfully!
2500 -10 1009
Reading file: /home/epfl/dforero/scratch/projects/baosystematics/patchy_results/box1/real/ang/mocks_gal_xyz/CATALPTCICz0.466G960S1942922759.ANG.dat
Number of records: 5899799

Duplicating boundaries for periodic condition
Number of records: 7141839

Building Delaunay Triangulation.
Number of vertices: 7141839
Number of cells: 47616960

Writing to file /home/epfl/dforero/scratch/projects/baosystematics/patchy_results/box1/real/ang/mocks_void_xyz/CATALPTCICz0.466G960S1942922759.ANG.VOID.dat
Writing voids with radius in (-10,1009).
Finished successfully!
2500 -10 1009
Reading file: /home/epfl/dforero/scratch/projects/baosystematics/patchy_results/box1/real/ang/mocks_gal_xyz/CATALPTCICz0.466G960S1947502558.ANG.dat
Number of records: 5899030

Duplicating boundaries for periodic condition
Number of records: 7142339

Building Delaunay Triangulation.
Number of vertices: 7142339
Number of cells: 47613704

Writing to file /home/epfl/dforero/scratch/projects/baosystematics/patchy_results/box1/real/ang/mocks_void_xyz/CATALPTCICz0.466G960S1947502558.ANG.VOID.dat
Writing voids with radius in (-10,1009).
Finished successfully!
