2500 -10 1009
Reading file: /home/epfl/dforero/scratch/projects/baosystematics/patchy_results/box1/real/vetoang/mocks_gal_xyz/CATALPTCICz0.466G960S526205821.VETO_ANG.dat
Number of records: 5553482

Duplicating boundaries for periodic condition
Number of records: 6698313

Building Delaunay Triangulation.
Number of vertices: 6698312
Number of cells: 44636787

Writing to file /home/epfl/dforero/scratch/projects/baosystematics/patchy_results/box1/real/vetoang/mocks_void_xyz/CATALPTCICz0.466G960S526205821.VETO_ANG.VOID.dat
Writing voids with radius in (-10,1009).
Finished successfully!
2500 -10 1009
Reading file: /home/epfl/dforero/scratch/projects/baosystematics/patchy_results/box1/real/vetoang/mocks_gal_xyz/CATALPTCICz0.466G960S527868848.VETO_ANG.dat
Number of records: 5555805

Duplicating boundaries for periodic condition
Number of records: 6706110

Building Delaunay Triangulation.
Number of vertices: 6706110
Number of cells: 44684279

Writing to file /home/epfl/dforero/scratch/projects/baosystematics/patchy_results/box1/real/vetoang/mocks_void_xyz/CATALPTCICz0.466G960S527868848.VETO_ANG.VOID.dat
Writing voids with radius in (-10,1009).
Finished successfully!
2500 -10 1009
Reading file: /home/epfl/dforero/scratch/projects/baosystematics/patchy_results/box1/real/vetoang/mocks_gal_xyz/CATALPTCICz0.466G960S532108636.VETO_ANG.dat
Number of records: 5557532

Duplicating boundaries for periodic condition
Number of records: 6705625

Building Delaunay Triangulation.
Number of vertices: 6705625
Number of cells: 44686818

Writing to file /home/epfl/dforero/scratch/projects/baosystematics/patchy_results/box1/real/vetoang/mocks_void_xyz/CATALPTCICz0.466G960S532108636.VETO_ANG.VOID.dat
Writing voids with radius in (-10,1009).
Finished successfully!
2500 -10 1009
Reading file: /home/epfl/dforero/scratch/projects/baosystematics/patchy_results/box1/real/vetoang/mocks_gal_xyz/CATALPTCICz0.466G960S539477718.VETO_ANG.dat
Number of records: 5562666

Duplicating boundaries for periodic condition
Number of records: 6710437

Building Delaunay Triangulation.
Number of vertices: 6710437
Number of cells: 44720608

Writing to file /home/epfl/dforero/scratch/projects/baosystematics/patchy_results/box1/real/vetoang/mocks_void_xyz/CATALPTCICz0.466G960S539477718.VETO_ANG.VOID.dat
Writing voids with radius in (-10,1009).
Finished successfully!
2500 -10 1009
Reading file: /home/epfl/dforero/scratch/projects/baosystematics/patchy_results/box1/real/vetoang/mocks_gal_xyz/CATALPTCICz0.466G960S542715479.VETO_ANG.dat
Number of records: 5558885

Duplicating boundaries for periodic condition
Number of records: 6710156

Building Delaunay Triangulation.
Number of vertices: 6710156
Number of cells: 44713372

Writing to file /home/epfl/dforero/scratch/projects/baosystematics/patchy_results/box1/real/vetoang/mocks_void_xyz/CATALPTCICz0.466G960S542715479.VETO_ANG.VOID.dat
Writing voids with radius in (-10,1009).
Finished successfully!
2500 -10 1009
Reading file: /home/epfl/dforero/scratch/projects/baosystematics/patchy_results/box1/real/vetoang/mocks_gal_xyz/CATALPTCICz0.466G960S551607063.VETO_ANG.dat
Number of records: 5559518

Duplicating boundaries for periodic condition
Number of records: 6699926

Building Delaunay Triangulation.
Number of vertices: 6699926
Number of cells: 44646732

Writing to file /home/epfl/dforero/scratch/projects/baosystematics/patchy_results/box1/real/vetoang/mocks_void_xyz/CATALPTCICz0.466G960S551607063.VETO_ANG.VOID.dat
Writing voids with radius in (-10,1009).
Finished successfully!
2500 -10 1009
Reading file: /home/epfl/dforero/scratch/projects/baosystematics/patchy_results/box1/real/vetoang/mocks_gal_xyz/CATALPTCICz0.466G960S553131619.VETO_ANG.dat
Number of records: 5557698

Duplicating boundaries for periodic condition
Number of records: 6705102

Building Delaunay Triangulation.
Number of vertices: 6705102
Number of cells: 44676011

Writing to file /home/epfl/dforero/scratch/projects/baosystematics/patchy_results/box1/real/vetoang/mocks_void_xyz/CATALPTCICz0.466G960S553131619.VETO_ANG.VOID.dat
Writing voids with radius in (-10,1009).
Finished successfully!
2500 -10 1009
Reading file: /home/epfl/dforero/scratch/projects/baosystematics/patchy_results/box1/real/vetoang/mocks_gal_xyz/CATALPTCICz0.466G960S559008860.VETO_ANG.dat
Number of records: 5560083

Duplicating boundaries for periodic condition
Number of records: 6707958

Building Delaunay Triangulation.
Number of vertices: 6707958
Number of cells: 44696914

Writing to file /home/epfl/dforero/scratch/projects/baosystematics/patchy_results/box1/real/vetoang/mocks_void_xyz/CATALPTCICz0.466G960S559008860.VETO_ANG.VOID.dat
Writing voids with radius in (-10,1009).
Finished successfully!
2500 -10 1009
Reading file: /home/epfl/dforero/scratch/projects/baosystematics/patchy_results/box1/real/vetoang/mocks_gal_xyz/CATALPTCICz0.466G960S559101366.VETO_ANG.dat
Number of records: 5558382

Duplicating boundaries for periodic condition
Number of records: 6699154

Building Delaunay Triangulation.
Number of vertices: 6699153
Number of cells: 44634121

Writing to file /home/epfl/dforero/scratch/projects/baosystematics/patchy_results/box1/real/vetoang/mocks_void_xyz/CATALPTCICz0.466G960S559101366.VETO_ANG.VOID.dat
Writing voids with radius in (-10,1009).
Finished successfully!
2500 -10 1009
Reading file: /home/epfl/dforero/scratch/projects/baosystematics/patchy_results/box1/real/vetoang/mocks_gal_xyz/CATALPTCICz0.466G960S559349656.VETO_ANG.dat
Number of records: 5559380

Duplicating boundaries for periodic condition
Number of records: 6705496

Building Delaunay Triangulation.
Number of vertices: 6705496
Number of cells: 44681625

Writing to file /home/epfl/dforero/scratch/projects/baosystematics/patchy_results/box1/real/vetoang/mocks_void_xyz/CATALPTCICz0.466G960S559349656.VETO_ANG.VOID.dat
Writing voids with radius in (-10,1009).
Finished successfully!
