2500 -10 1009
Reading file: /home/epfl/dforero/scratch/projects/baosystematics/patchy_results/box1/real/ang/mocks_gal_xyz/CATALPTCICz0.466G960S732899196.ANG.dat
Number of records: 5899502

Duplicating boundaries for periodic condition
Number of records: 7134198

Building Delaunay Triangulation.
Number of vertices: 7134198
Number of cells: 47558017

Writing to file /home/epfl/dforero/scratch/projects/baosystematics/patchy_results/box1/real/ang/mocks_void_xyz/CATALPTCICz0.466G960S732899196.ANG.VOID.dat
Writing voids with radius in (-10,1009).
Finished successfully!
2500 -10 1009
Reading file: /home/epfl/dforero/scratch/projects/baosystematics/patchy_results/box1/real/ang/mocks_gal_xyz/CATALPTCICz0.466G960S733050440.ANG.dat
Number of records: 5898296

Duplicating boundaries for periodic condition
Number of records: 7151098

Building Delaunay Triangulation.
Number of vertices: 7151098
Number of cells: 47675204

Writing to file /home/epfl/dforero/scratch/projects/baosystematics/patchy_results/box1/real/ang/mocks_void_xyz/CATALPTCICz0.466G960S733050440.ANG.VOID.dat
Writing voids with radius in (-10,1009).
Finished successfully!
2500 -10 1009
Reading file: /home/epfl/dforero/scratch/projects/baosystematics/patchy_results/box1/real/ang/mocks_gal_xyz/CATALPTCICz0.466G960S733458341.ANG.dat
Number of records: 5898110

Duplicating boundaries for periodic condition
Number of records: 7137222

Building Delaunay Triangulation.
Number of vertices: 7137222
Number of cells: 47581541

Writing to file /home/epfl/dforero/scratch/projects/baosystematics/patchy_results/box1/real/ang/mocks_void_xyz/CATALPTCICz0.466G960S733458341.ANG.VOID.dat
Writing voids with radius in (-10,1009).
Finished successfully!
2500 -10 1009
Reading file: /home/epfl/dforero/scratch/projects/baosystematics/patchy_results/box1/real/ang/mocks_gal_xyz/CATALPTCICz0.466G960S734516214.ANG.dat
Number of records: 5901414

Duplicating boundaries for periodic condition
Number of records: 7153662

Building Delaunay Triangulation.
Number of vertices: 7153662
Number of cells: 47687776

Writing to file /home/epfl/dforero/scratch/projects/baosystematics/patchy_results/box1/real/ang/mocks_void_xyz/CATALPTCICz0.466G960S734516214.ANG.VOID.dat
Writing voids with radius in (-10,1009).
Finished successfully!
2500 -10 1009
Reading file: /home/epfl/dforero/scratch/projects/baosystematics/patchy_results/box1/real/ang/mocks_gal_xyz/CATALPTCICz0.466G960S741053657.ANG.dat
Number of records: 5898284

Duplicating boundaries for periodic condition
Number of records: 7134434

Building Delaunay Triangulation.
Number of vertices: 7134434
Number of cells: 47561208

Writing to file /home/epfl/dforero/scratch/projects/baosystematics/patchy_results/box1/real/ang/mocks_void_xyz/CATALPTCICz0.466G960S741053657.ANG.VOID.dat
Writing voids with radius in (-10,1009).
Finished successfully!
2500 -10 1009
Reading file: /home/epfl/dforero/scratch/projects/baosystematics/patchy_results/box1/real/ang/mocks_gal_xyz/CATALPTCICz0.466G960S743708650.ANG.dat
Number of records: 5898041

Duplicating boundaries for periodic condition
Number of records: 7134763

Building Delaunay Triangulation.
Number of vertices: 7134763
Number of cells: 47570961

Writing to file /home/epfl/dforero/scratch/projects/baosystematics/patchy_results/box1/real/ang/mocks_void_xyz/CATALPTCICz0.466G960S743708650.ANG.VOID.dat
Writing voids with radius in (-10,1009).
Finished successfully!
2500 -10 1009
Reading file: /home/epfl/dforero/scratch/projects/baosystematics/patchy_results/box1/real/ang/mocks_gal_xyz/CATALPTCICz0.466G960S750716907.ANG.dat
Number of records: 5899426

Duplicating boundaries for periodic condition
Number of records: 7142117

Building Delaunay Triangulation.
Number of vertices: 7142117
Number of cells: 47607256

Writing to file /home/epfl/dforero/scratch/projects/baosystematics/patchy_results/box1/real/ang/mocks_void_xyz/CATALPTCICz0.466G960S750716907.ANG.VOID.dat
Writing voids with radius in (-10,1009).
Finished successfully!
2500 -10 1009
Reading file: /home/epfl/dforero/scratch/projects/baosystematics/patchy_results/box1/real/ang/mocks_gal_xyz/CATALPTCICz0.466G960S761797766.ANG.dat
Number of records: 5897869

Duplicating boundaries for periodic condition
Number of records: 7148909

Building Delaunay Triangulation.
Number of vertices: 7148909
Number of cells: 47659032

Writing to file /home/epfl/dforero/scratch/projects/baosystematics/patchy_results/box1/real/ang/mocks_void_xyz/CATALPTCICz0.466G960S761797766.ANG.VOID.dat
Writing voids with radius in (-10,1009).
Finished successfully!
2500 -10 1009
Reading file: /home/epfl/dforero/scratch/projects/baosystematics/patchy_results/box1/real/ang/mocks_gal_xyz/CATALPTCICz0.466G960S763638731.ANG.dat
Number of records: 5899231

Duplicating boundaries for periodic condition
Number of records: 7142027

Building Delaunay Triangulation.
Number of vertices: 7142027
Number of cells: 47610685

Writing to file /home/epfl/dforero/scratch/projects/baosystematics/patchy_results/box1/real/ang/mocks_void_xyz/CATALPTCICz0.466G960S763638731.ANG.VOID.dat
Writing voids with radius in (-10,1009).
Finished successfully!
2500 -10 1009
Reading file: /home/epfl/dforero/scratch/projects/baosystematics/patchy_results/box1/real/ang/mocks_gal_xyz/CATALPTCICz0.466G960S773605341.ANG.dat
Number of records: 5900268

Duplicating boundaries for periodic condition
Number of records: 7139165

Building Delaunay Triangulation.
Number of vertices: 7139165
Number of cells: 47590621

Writing to file /home/epfl/dforero/scratch/projects/baosystematics/patchy_results/box1/real/ang/mocks_void_xyz/CATALPTCICz0.466G960S773605341.ANG.VOID.dat
Writing voids with radius in (-10,1009).
Finished successfully!
