2500 -10 1009
Reading file: /home/epfl/dforero/scratch/projects/baosystematics/patchy_results/box1/real/vetoang/mocks_gal_xyz/CATALPTCICz0.466G960S1743787751.VETO_ANG.dat
Number of records: 5560136

Duplicating boundaries for periodic condition
Number of records: 6709789

Building Delaunay Triangulation.
Number of vertices: 6709789
Number of cells: 44712248

Writing to file /home/epfl/dforero/scratch/projects/baosystematics/patchy_results/box1/real/vetoang/mocks_void_xyz/CATALPTCICz0.466G960S1743787751.VETO_ANG.VOID.dat
Writing voids with radius in (-10,1009).
Finished successfully!
2500 -10 1009
Reading file: /home/epfl/dforero/scratch/projects/baosystematics/patchy_results/box1/real/vetoang/mocks_gal_xyz/CATALPTCICz0.466G960S1744549135.VETO_ANG.dat
Number of records: 5554279

Duplicating boundaries for periodic condition
Number of records: 6702355

Building Delaunay Triangulation.
Number of vertices: 6702355
Number of cells: 44660349

Writing to file /home/epfl/dforero/scratch/projects/baosystematics/patchy_results/box1/real/vetoang/mocks_void_xyz/CATALPTCICz0.466G960S1744549135.VETO_ANG.VOID.dat
Writing voids with radius in (-10,1009).
Finished successfully!
2500 -10 1009
Reading file: /home/epfl/dforero/scratch/projects/baosystematics/patchy_results/box1/real/vetoang/mocks_gal_xyz/CATALPTCICz0.466G960S1744581821.VETO_ANG.dat
Number of records: 5557497

Duplicating boundaries for periodic condition
Number of records: 6697186

Building Delaunay Triangulation.
Number of vertices: 6697186
Number of cells: 44626311

Writing to file /home/epfl/dforero/scratch/projects/baosystematics/patchy_results/box1/real/vetoang/mocks_void_xyz/CATALPTCICz0.466G960S1744581821.VETO_ANG.VOID.dat
Writing voids with radius in (-10,1009).
Finished successfully!
2500 -10 1009
Reading file: /home/epfl/dforero/scratch/projects/baosystematics/patchy_results/box1/real/vetoang/mocks_gal_xyz/CATALPTCICz0.466G960S1749262205.VETO_ANG.dat
Number of records: 5558557

Duplicating boundaries for periodic condition
Number of records: 6707707

Building Delaunay Triangulation.
Number of vertices: 6707707
Number of cells: 44699123

Writing to file /home/epfl/dforero/scratch/projects/baosystematics/patchy_results/box1/real/vetoang/mocks_void_xyz/CATALPTCICz0.466G960S1749262205.VETO_ANG.VOID.dat
Writing voids with radius in (-10,1009).
Finished successfully!
2500 -10 1009
Reading file: /home/epfl/dforero/scratch/projects/baosystematics/patchy_results/box1/real/vetoang/mocks_gal_xyz/CATALPTCICz0.466G960S1756130434.VETO_ANG.dat
Number of records: 5560887

Duplicating boundaries for periodic condition
Number of records: 6720108

Building Delaunay Triangulation.
Number of vertices: 6720108
Number of cells: 44785527

Writing to file /home/epfl/dforero/scratch/projects/baosystematics/patchy_results/box1/real/vetoang/mocks_void_xyz/CATALPTCICz0.466G960S1756130434.VETO_ANG.VOID.dat
Writing voids with radius in (-10,1009).
Finished successfully!
2500 -10 1009
Reading file: /home/epfl/dforero/scratch/projects/baosystematics/patchy_results/box1/real/vetoang/mocks_gal_xyz/CATALPTCICz0.466G960S1760383790.VETO_ANG.dat
Number of records: 5550547

Duplicating boundaries for periodic condition
Number of records: 6690276

Building Delaunay Triangulation.
Number of vertices: 6690276
Number of cells: 44575748

Writing to file /home/epfl/dforero/scratch/projects/baosystematics/patchy_results/box1/real/vetoang/mocks_void_xyz/CATALPTCICz0.466G960S1760383790.VETO_ANG.VOID.dat
Writing voids with radius in (-10,1009).
Finished successfully!
2500 -10 1009
Reading file: /home/epfl/dforero/scratch/projects/baosystematics/patchy_results/box1/real/vetoang/mocks_gal_xyz/CATALPTCICz0.466G960S1770366598.VETO_ANG.dat
Number of records: 5548317

Duplicating boundaries for periodic condition
Number of records: 6690581

Building Delaunay Triangulation.
Number of vertices: 6690581
Number of cells: 44588114

Writing to file /home/epfl/dforero/scratch/projects/baosystematics/patchy_results/box1/real/vetoang/mocks_void_xyz/CATALPTCICz0.466G960S1770366598.VETO_ANG.VOID.dat
Writing voids with radius in (-10,1009).
Finished successfully!
2500 -10 1009
Reading file: /home/epfl/dforero/scratch/projects/baosystematics/patchy_results/box1/real/vetoang/mocks_gal_xyz/CATALPTCICz0.466G960S1770670323.VETO_ANG.dat
Number of records: 5556900

Duplicating boundaries for periodic condition
Number of records: 6711763

Building Delaunay Triangulation.
Number of vertices: 6711763
Number of cells: 44723513

Writing to file /home/epfl/dforero/scratch/projects/baosystematics/patchy_results/box1/real/vetoang/mocks_void_xyz/CATALPTCICz0.466G960S1770670323.VETO_ANG.VOID.dat
Writing voids with radius in (-10,1009).
Finished successfully!
2500 -10 1009
Reading file: /home/epfl/dforero/scratch/projects/baosystematics/patchy_results/box1/real/vetoang/mocks_gal_xyz/CATALPTCICz0.466G960S1771711424.VETO_ANG.dat
Number of records: 5561429

Duplicating boundaries for periodic condition
Number of records: 6714359

Building Delaunay Triangulation.
Number of vertices: 6714359
Number of cells: 44741501

Writing to file /home/epfl/dforero/scratch/projects/baosystematics/patchy_results/box1/real/vetoang/mocks_void_xyz/CATALPTCICz0.466G960S1771711424.VETO_ANG.VOID.dat
Writing voids with radius in (-10,1009).
Finished successfully!
2500 -10 1009
Reading file: /home/epfl/dforero/scratch/projects/baosystematics/patchy_results/box1/real/vetoang/mocks_gal_xyz/CATALPTCICz0.466G960S1772675197.VETO_ANG.dat
Number of records: 5559727

Duplicating boundaries for periodic condition
Number of records: 6712558

Building Delaunay Triangulation.
Number of vertices: 6712558
Number of cells: 44726664

Writing to file /home/epfl/dforero/scratch/projects/baosystematics/patchy_results/box1/real/vetoang/mocks_void_xyz/CATALPTCICz0.466G960S1772675197.VETO_ANG.VOID.dat
Writing voids with radius in (-10,1009).
Finished successfully!
