2500 -10 1009
Reading file: /home/epfl/dforero/scratch/projects/baosystematics/patchy_results/box1/real/vetoang/mocks_gal_xyz/CATALPTCICz0.466G960S1503770694.VETO_ANG.dat
Number of records: 5558962

Duplicating boundaries for periodic condition
Number of records: 6699951

Building Delaunay Triangulation.
Number of vertices: 6699951
Number of cells: 44647963

Writing to file /home/epfl/dforero/scratch/projects/baosystematics/patchy_results/box1/real/vetoang/mocks_void_xyz/CATALPTCICz0.466G960S1503770694.VETO_ANG.VOID.dat
Writing voids with radius in (-10,1009).
Finished successfully!
2500 -10 1009
Reading file: /home/epfl/dforero/scratch/projects/baosystematics/patchy_results/box1/real/vetoang/mocks_gal_xyz/CATALPTCICz0.466G960S1520182503.VETO_ANG.dat
Number of records: 5559539

Duplicating boundaries for periodic condition
Number of records: 6712652

Building Delaunay Triangulation.
Number of vertices: 6712652
Number of cells: 44730493

Writing to file /home/epfl/dforero/scratch/projects/baosystematics/patchy_results/box1/real/vetoang/mocks_void_xyz/CATALPTCICz0.466G960S1520182503.VETO_ANG.VOID.dat
Writing voids with radius in (-10,1009).
Finished successfully!
2500 -10 1009
Reading file: /home/epfl/dforero/scratch/projects/baosystematics/patchy_results/box1/real/vetoang/mocks_gal_xyz/CATALPTCICz0.466G960S1524490253.VETO_ANG.dat
Number of records: 5560380

Duplicating boundaries for periodic condition
Number of records: 6713995

Building Delaunay Triangulation.
Number of vertices: 6713995
Number of cells: 44728908

Writing to file /home/epfl/dforero/scratch/projects/baosystematics/patchy_results/box1/real/vetoang/mocks_void_xyz/CATALPTCICz0.466G960S1524490253.VETO_ANG.VOID.dat
Writing voids with radius in (-10,1009).
Finished successfully!
2500 -10 1009
Reading file: /home/epfl/dforero/scratch/projects/baosystematics/patchy_results/box1/real/vetoang/mocks_gal_xyz/CATALPTCICz0.466G960S1530445319.VETO_ANG.dat
Number of records: 5558357

Duplicating boundaries for periodic condition
Number of records: 6707447

Building Delaunay Triangulation.
Number of vertices: 6707447
Number of cells: 44690883

Writing to file /home/epfl/dforero/scratch/projects/baosystematics/patchy_results/box1/real/vetoang/mocks_void_xyz/CATALPTCICz0.466G960S1530445319.VETO_ANG.VOID.dat
Writing voids with radius in (-10,1009).
Finished successfully!
2500 -10 1009
Reading file: /home/epfl/dforero/scratch/projects/baosystematics/patchy_results/box1/real/vetoang/mocks_gal_xyz/CATALPTCICz0.466G960S1534617702.VETO_ANG.dat
Number of records: 5554809

Duplicating boundaries for periodic condition
Number of records: 6708916

Building Delaunay Triangulation.
Number of vertices: 6708916
Number of cells: 44706141

Writing to file /home/epfl/dforero/scratch/projects/baosystematics/patchy_results/box1/real/vetoang/mocks_void_xyz/CATALPTCICz0.466G960S1534617702.VETO_ANG.VOID.dat
Writing voids with radius in (-10,1009).
Finished successfully!
2500 -10 1009
Reading file: /home/epfl/dforero/scratch/projects/baosystematics/patchy_results/box1/real/vetoang/mocks_gal_xyz/CATALPTCICz0.466G960S153701285.VETO_ANG.dat
Number of records: 5559367

Duplicating boundaries for periodic condition
Number of records: 6707440

Building Delaunay Triangulation.
Number of vertices: 6707440
Number of cells: 44693411

Writing to file /home/epfl/dforero/scratch/projects/baosystematics/patchy_results/box1/real/vetoang/mocks_void_xyz/CATALPTCICz0.466G960S153701285.VETO_ANG.VOID.dat
Writing voids with radius in (-10,1009).
Finished successfully!
2500 -10 1009
Reading file: /home/epfl/dforero/scratch/projects/baosystematics/patchy_results/box1/real/vetoang/mocks_gal_xyz/CATALPTCICz0.466G960S1539764651.VETO_ANG.dat
Number of records: 5559578

Duplicating boundaries for periodic condition
Number of records: 6707498

Building Delaunay Triangulation.
Number of vertices: 6707498
Number of cells: 44701356

Writing to file /home/epfl/dforero/scratch/projects/baosystematics/patchy_results/box1/real/vetoang/mocks_void_xyz/CATALPTCICz0.466G960S1539764651.VETO_ANG.VOID.dat
Writing voids with radius in (-10,1009).
Finished successfully!
2500 -10 1009
Reading file: /home/epfl/dforero/scratch/projects/baosystematics/patchy_results/box1/real/vetoang/mocks_gal_xyz/CATALPTCICz0.466G960S1541229556.VETO_ANG.dat
Number of records: 5555222

Duplicating boundaries for periodic condition
Number of records: 6693713

Building Delaunay Triangulation.
Number of vertices: 6693713
Number of cells: 44608458

Writing to file /home/epfl/dforero/scratch/projects/baosystematics/patchy_results/box1/real/vetoang/mocks_void_xyz/CATALPTCICz0.466G960S1541229556.VETO_ANG.VOID.dat
Writing voids with radius in (-10,1009).
Finished successfully!
2500 -10 1009
Reading file: /home/epfl/dforero/scratch/projects/baosystematics/patchy_results/box1/real/vetoang/mocks_gal_xyz/CATALPTCICz0.466G960S1547631430.VETO_ANG.dat
Number of records: 5555482

Duplicating boundaries for periodic condition
Number of records: 6706261

Building Delaunay Triangulation.
Number of vertices: 6706261
Number of cells: 44679323

Writing to file /home/epfl/dforero/scratch/projects/baosystematics/patchy_results/box1/real/vetoang/mocks_void_xyz/CATALPTCICz0.466G960S1547631430.VETO_ANG.VOID.dat
Writing voids with radius in (-10,1009).
Finished successfully!
2500 -10 1009
Reading file: /home/epfl/dforero/scratch/projects/baosystematics/patchy_results/box1/real/vetoang/mocks_gal_xyz/CATALPTCICz0.466G960S154946453.VETO_ANG.dat
Number of records: 5556908

Duplicating boundaries for periodic condition
Number of records: 6707960

Building Delaunay Triangulation.
Number of vertices: 6707960
Number of cells: 44693699

Writing to file /home/epfl/dforero/scratch/projects/baosystematics/patchy_results/box1/real/vetoang/mocks_void_xyz/CATALPTCICz0.466G960S154946453.VETO_ANG.VOID.dat
Writing voids with radius in (-10,1009).
Finished successfully!
