2500 -10 1009
Reading file: /home/epfl/dforero/scratch/projects/baosystematics/patchy_results/box1/real/veto/mocks_gal_xyz/CATALPTCICz0.466G960S354134.VETO.dat
Number of records: 5857080

Duplicating boundaries for periodic condition
Number of records: 7032748

Building Delaunay Triangulation.
Number of vertices: 7032748
Number of cells: 46850126

Writing to file /home/epfl/dforero/scratch/projects/baosystematics/patchy_results/box1/real/veto/mocks_void_xyz/CATALPTCICz0.466G960S354134.VETO.VOID.dat
Writing voids with radius in (-10,1009).
Finished successfully!
2500 -10 1009
Reading file: /home/epfl/dforero/scratch/projects/baosystematics/patchy_results/box1/real/veto/mocks_gal_xyz/CATALPTCICz0.466G960S355476410.VETO.dat
Number of records: 5853927

Duplicating boundaries for periodic condition
Number of records: 7021546

Building Delaunay Triangulation.
Number of vertices: 7021546
Number of cells: 46777795

Writing to file /home/epfl/dforero/scratch/projects/baosystematics/patchy_results/box1/real/veto/mocks_void_xyz/CATALPTCICz0.466G960S355476410.VETO.VOID.dat
Writing voids with radius in (-10,1009).
Finished successfully!
2500 -10 1009
Reading file: /home/epfl/dforero/scratch/projects/baosystematics/patchy_results/box1/real/veto/mocks_gal_xyz/CATALPTCICz0.466G960S361303953.VETO.dat
Number of records: 5852470

Duplicating boundaries for periodic condition
Number of records: 7029711

Building Delaunay Triangulation.
Number of vertices: 7029711
Number of cells: 46829716

Writing to file /home/epfl/dforero/scratch/projects/baosystematics/patchy_results/box1/real/veto/mocks_void_xyz/CATALPTCICz0.466G960S361303953.VETO.VOID.dat
Writing voids with radius in (-10,1009).
Finished successfully!
2500 -10 1009
Reading file: /home/epfl/dforero/scratch/projects/baosystematics/patchy_results/box1/real/veto/mocks_gal_xyz/CATALPTCICz0.466G960S362641756.VETO.dat
Number of records: 5857337

Duplicating boundaries for periodic condition
Number of records: 7033755

Building Delaunay Triangulation.
Number of vertices: 7033755
Number of cells: 46854117

Writing to file /home/epfl/dforero/scratch/projects/baosystematics/patchy_results/box1/real/veto/mocks_void_xyz/CATALPTCICz0.466G960S362641756.VETO.VOID.dat
Writing voids with radius in (-10,1009).
Finished successfully!
2500 -10 1009
Reading file: /home/epfl/dforero/scratch/projects/baosystematics/patchy_results/box1/real/veto/mocks_gal_xyz/CATALPTCICz0.466G960S363202087.VETO.dat
Number of records: 5860760

Duplicating boundaries for periodic condition
Number of records: 7038151

Building Delaunay Triangulation.
Number of vertices: 7038151
Number of cells: 46875041

Writing to file /home/epfl/dforero/scratch/projects/baosystematics/patchy_results/box1/real/veto/mocks_void_xyz/CATALPTCICz0.466G960S363202087.VETO.VOID.dat
Writing voids with radius in (-10,1009).
Finished successfully!
2500 -10 1009
Reading file: /home/epfl/dforero/scratch/projects/baosystematics/patchy_results/box1/real/veto/mocks_gal_xyz/CATALPTCICz0.466G960S364233976.VETO.dat
Number of records: 5856731

Duplicating boundaries for periodic condition
Number of records: 7040210

Building Delaunay Triangulation.
Number of vertices: 7040210
Number of cells: 46893457

Writing to file /home/epfl/dforero/scratch/projects/baosystematics/patchy_results/box1/real/veto/mocks_void_xyz/CATALPTCICz0.466G960S364233976.VETO.VOID.dat
Writing voids with radius in (-10,1009).
Finished successfully!
2500 -10 1009
Reading file: /home/epfl/dforero/scratch/projects/baosystematics/patchy_results/box1/real/veto/mocks_gal_xyz/CATALPTCICz0.466G960S370253044.VETO.dat
Number of records: 5850524

Duplicating boundaries for periodic condition
Number of records: 7026696

Building Delaunay Triangulation.
Number of vertices: 7026696
Number of cells: 46806131

Writing to file /home/epfl/dforero/scratch/projects/baosystematics/patchy_results/box1/real/veto/mocks_void_xyz/CATALPTCICz0.466G960S370253044.VETO.VOID.dat
Writing voids with radius in (-10,1009).
Finished successfully!
2500 -10 1009
Reading file: /home/epfl/dforero/scratch/projects/baosystematics/patchy_results/box1/real/veto/mocks_gal_xyz/CATALPTCICz0.466G960S375349953.VETO.dat
Number of records: 5858172

Duplicating boundaries for periodic condition
Number of records: 7032408

Building Delaunay Triangulation.
Number of vertices: 7032407
Number of cells: 46842505

Writing to file /home/epfl/dforero/scratch/projects/baosystematics/patchy_results/box1/real/veto/mocks_void_xyz/CATALPTCICz0.466G960S375349953.VETO.VOID.dat
Writing voids with radius in (-10,1009).
Finished successfully!
2500 -10 1009
Reading file: /home/epfl/dforero/scratch/projects/baosystematics/patchy_results/box1/real/veto/mocks_gal_xyz/CATALPTCICz0.466G960S375858835.VETO.dat
Number of records: 5857585

Duplicating boundaries for periodic condition
Number of records: 7029220

Building Delaunay Triangulation.
Number of vertices: 7029220
Number of cells: 46821125

Writing to file /home/epfl/dforero/scratch/projects/baosystematics/patchy_results/box1/real/veto/mocks_void_xyz/CATALPTCICz0.466G960S375858835.VETO.VOID.dat
Writing voids with radius in (-10,1009).
Finished successfully!
2500 -10 1009
Reading file: /home/epfl/dforero/scratch/projects/baosystematics/patchy_results/box1/real/veto/mocks_gal_xyz/CATALPTCICz0.466G960S376146255.VETO.dat
Number of records: 5857003

Duplicating boundaries for periodic condition
Number of records: 7036121

Building Delaunay Triangulation.
Number of vertices: 7036121
Number of cells: 46871701

Writing to file /home/epfl/dforero/scratch/projects/baosystematics/patchy_results/box1/real/veto/mocks_void_xyz/CATALPTCICz0.466G960S376146255.VETO.VOID.dat
Writing voids with radius in (-10,1009).
Finished successfully!
