2500 -10 1009
Reading file: /home/epfl/dforero/scratch/projects/baosystematics/patchy_results/box1/real/veto/mocks_gal_xyz/CATALPTCICz0.466G960S1043834222.VETO.dat
Number of records: 5854577

Duplicating boundaries for periodic condition
Number of records: 7029939

Building Delaunay Triangulation.
Number of vertices: 7029939
Number of cells: 46826480

Writing to file /home/epfl/dforero/scratch/projects/baosystematics/patchy_results/box1/real/veto/mocks_void_xyz/CATALPTCICz0.466G960S1043834222.VETO.VOID.dat
Writing voids with radius in (-10,1009).
Finished successfully!
2500 -10 1009
Reading file: /home/epfl/dforero/scratch/projects/baosystematics/patchy_results/box1/real/veto/mocks_gal_xyz/CATALPTCICz0.466G960S1047385959.VETO.dat
Number of records: 5859257

Duplicating boundaries for periodic condition
Number of records: 7028805

Building Delaunay Triangulation.
Number of vertices: 7028805
Number of cells: 46817220

Writing to file /home/epfl/dforero/scratch/projects/baosystematics/patchy_results/box1/real/veto/mocks_void_xyz/CATALPTCICz0.466G960S1047385959.VETO.VOID.dat
Writing voids with radius in (-10,1009).
Finished successfully!
2500 -10 1009
Reading file: /home/epfl/dforero/scratch/projects/baosystematics/patchy_results/box1/real/veto/mocks_gal_xyz/CATALPTCICz0.466G960S1052114297.VETO.dat
Number of records: 5855511

Duplicating boundaries for periodic condition
Number of records: 7032530

Building Delaunay Triangulation.
Number of vertices: 7032530
Number of cells: 46836451

Writing to file /home/epfl/dforero/scratch/projects/baosystematics/patchy_results/box1/real/veto/mocks_void_xyz/CATALPTCICz0.466G960S1052114297.VETO.VOID.dat
Writing voids with radius in (-10,1009).
Finished successfully!
2500 -10 1009
Reading file: /home/epfl/dforero/scratch/projects/baosystematics/patchy_results/box1/real/veto/mocks_gal_xyz/CATALPTCICz0.466G960S1057271749.VETO.dat
Number of records: 5855551

Duplicating boundaries for periodic condition
Number of records: 7029875

Building Delaunay Triangulation.
Number of vertices: 7029875
Number of cells: 46823178

Writing to file /home/epfl/dforero/scratch/projects/baosystematics/patchy_results/box1/real/veto/mocks_void_xyz/CATALPTCICz0.466G960S1057271749.VETO.VOID.dat
Writing voids with radius in (-10,1009).
Finished successfully!
2500 -10 1009
Reading file: /home/epfl/dforero/scratch/projects/baosystematics/patchy_results/box1/real/veto/mocks_gal_xyz/CATALPTCICz0.466G960S1067749740.VETO.dat
Number of records: 5856391

Duplicating boundaries for periodic condition
Number of records: 7025928

Building Delaunay Triangulation.
Number of vertices: 7025928
Number of cells: 46805669

Writing to file /home/epfl/dforero/scratch/projects/baosystematics/patchy_results/box1/real/veto/mocks_void_xyz/CATALPTCICz0.466G960S1067749740.VETO.VOID.dat
Writing voids with radius in (-10,1009).
Finished successfully!
2500 -10 1009
Reading file: /home/epfl/dforero/scratch/projects/baosystematics/patchy_results/box1/real/veto/mocks_gal_xyz/CATALPTCICz0.466G960S1070802123.VETO.dat
Number of records: 5856295

Duplicating boundaries for periodic condition
Number of records: 7027291

Building Delaunay Triangulation.
Number of vertices: 7027291
Number of cells: 46803820

Writing to file /home/epfl/dforero/scratch/projects/baosystematics/patchy_results/box1/real/veto/mocks_void_xyz/CATALPTCICz0.466G960S1070802123.VETO.VOID.dat
Writing voids with radius in (-10,1009).
Finished successfully!
2500 -10 1009
Reading file: /home/epfl/dforero/scratch/projects/baosystematics/patchy_results/box1/real/veto/mocks_gal_xyz/CATALPTCICz0.466G960S1072910539.VETO.dat
Number of records: 5857921

Duplicating boundaries for periodic condition
Number of records: 7034597

Building Delaunay Triangulation.
Number of vertices: 7034597
Number of cells: 46861084

Writing to file /home/epfl/dforero/scratch/projects/baosystematics/patchy_results/box1/real/veto/mocks_void_xyz/CATALPTCICz0.466G960S1072910539.VETO.VOID.dat
Writing voids with radius in (-10,1009).
Finished successfully!
2500 -10 1009
Reading file: /home/epfl/dforero/scratch/projects/baosystematics/patchy_results/box1/real/veto/mocks_gal_xyz/CATALPTCICz0.466G960S1076873484.VETO.dat
Number of records: 5857118

Duplicating boundaries for periodic condition
Number of records: 7030975

Building Delaunay Triangulation.
Number of vertices: 7030975
Number of cells: 46836935

Writing to file /home/epfl/dforero/scratch/projects/baosystematics/patchy_results/box1/real/veto/mocks_void_xyz/CATALPTCICz0.466G960S1076873484.VETO.VOID.dat
Writing voids with radius in (-10,1009).
Finished successfully!
2500 -10 1009
Reading file: /home/epfl/dforero/scratch/projects/baosystematics/patchy_results/box1/real/veto/mocks_gal_xyz/CATALPTCICz0.466G960S1079655868.VETO.dat
Number of records: 5859731

Duplicating boundaries for periodic condition
Number of records: 7034390

Building Delaunay Triangulation.
Number of vertices: 7034390
Number of cells: 46855295

Writing to file /home/epfl/dforero/scratch/projects/baosystematics/patchy_results/box1/real/veto/mocks_void_xyz/CATALPTCICz0.466G960S1079655868.VETO.VOID.dat
Writing voids with radius in (-10,1009).
Finished successfully!
2500 -10 1009
Reading file: /home/epfl/dforero/scratch/projects/baosystematics/patchy_results/box1/real/veto/mocks_gal_xyz/CATALPTCICz0.466G960S1082345827.VETO.dat
Number of records: 5857033

Duplicating boundaries for periodic condition
Number of records: 7026697

Building Delaunay Triangulation.
Number of vertices: 7026697
Number of cells: 46802629

Writing to file /home/epfl/dforero/scratch/projects/baosystematics/patchy_results/box1/real/veto/mocks_void_xyz/CATALPTCICz0.466G960S1082345827.VETO.VOID.dat
Writing voids with radius in (-10,1009).
Finished successfully!
