==> Loading galaxy number density from ../../patchy_results/box5/real/radialgauss/plots/ngal_radial.npy
==> MPI process 3 has 7 jobs allocated.
==> Reading ../../patchy_results/box5/real/radialgauss/mocks_void_xyz/CATALPTCICz0.638G960S1464730320.radialgauss.sigma0.235.VOID.dat
==> Computing local halo density with get_numdens_radial
==> Saving catalog to ../../patchy_results/box5/real/radialgauss/mocks_void_xyz_scaledR/CATALPTCICz0.638G960S1464730320.radialgauss.sigma0.235.VOID.dat
==> Done
==> Reading ../../patchy_results/box5/real/radialgauss/mocks_void_xyz/CATALPTCICz0.638G960S1524490253.radialgauss.sigma0.235.VOID.dat
==> Computing local halo density with get_numdens_radial
==> Saving catalog to ../../patchy_results/box5/real/radialgauss/mocks_void_xyz_scaledR/CATALPTCICz0.638G960S1524490253.radialgauss.sigma0.235.VOID.dat
==> Done
==> Reading ../../patchy_results/box5/real/radialgauss/mocks_void_xyz/CATALPTCICz0.638G960S1530445319.radialgauss.sigma0.235.VOID.dat
==> Computing local halo density with get_numdens_radial
==> Saving catalog to ../../patchy_results/box5/real/radialgauss/mocks_void_xyz_scaledR/CATALPTCICz0.638G960S1530445319.radialgauss.sigma0.235.VOID.dat
==> Done
==> Reading ../../patchy_results/box5/real/radialgauss/mocks_void_xyz/CATALPTCICz0.638G960S153701285.radialgauss.sigma0.235.VOID.dat
==> Computing local halo density with get_numdens_radial
==> Saving catalog to ../../patchy_results/box5/real/radialgauss/mocks_void_xyz_scaledR/CATALPTCICz0.638G960S153701285.radialgauss.sigma0.235.VOID.dat
==> Done
==> Reading ../../patchy_results/box5/real/radialgauss/mocks_void_xyz/CATALPTCICz0.638G960S1539764651.radialgauss.sigma0.235.VOID.dat
==> Computing local halo density with get_numdens_radial
==> Saving catalog to ../../patchy_results/box5/real/radialgauss/mocks_void_xyz_scaledR/CATALPTCICz0.638G960S1539764651.radialgauss.sigma0.235.VOID.dat
==> Done
==> Reading ../../patchy_results/box5/real/radialgauss/mocks_void_xyz/CATALPTCICz0.638G960S154946453.radialgauss.sigma0.235.VOID.dat
==> Computing local halo density with get_numdens_radial
==> Saving catalog to ../../patchy_results/box5/real/radialgauss/mocks_void_xyz_scaledR/CATALPTCICz0.638G960S154946453.radialgauss.sigma0.235.VOID.dat
==> Done
==> Reading ../../patchy_results/box5/real/radialgauss/mocks_void_xyz/CATALPTCICz0.638G960S1555553448.radialgauss.sigma0.235.VOID.dat
==> Computing local halo density with get_numdens_radial
==> Saving catalog to ../../patchy_results/box5/real/radialgauss/mocks_void_xyz_scaledR/CATALPTCICz0.638G960S1555553448.radialgauss.sigma0.235.VOID.dat
==> Done
==> MPI process 3 finished.
==> Loading galaxy number density from ../../patchy_results/box5/real/radialgauss/plots/ngal_radial.npy
==> MPI process 2 has 7 jobs allocated.
==> Reading ../../patchy_results/box5/real/radialgauss/mocks_void_xyz/CATALPTCICz0.638G960S129085296.radialgauss.sigma0.235.VOID.dat
==> Computing local halo density with get_numdens_radial
==> Saving catalog to ../../patchy_results/box5/real/radialgauss/mocks_void_xyz_scaledR/CATALPTCICz0.638G960S129085296.radialgauss.sigma0.235.VOID.dat
==> Done
==> Reading ../../patchy_results/box5/real/radialgauss/mocks_void_xyz/CATALPTCICz0.638G960S1309204403.radialgauss.sigma0.235.VOID.dat
==> Computing local halo density with get_numdens_radial
==> Saving catalog to ../../patchy_results/box5/real/radialgauss/mocks_void_xyz_scaledR/CATALPTCICz0.638G960S1309204403.radialgauss.sigma0.235.VOID.dat
==> Done
==> Reading ../../patchy_results/box5/real/radialgauss/mocks_void_xyz/CATALPTCICz0.638G960S1322632840.radialgauss.sigma0.235.VOID.dat
==> Computing local halo density with get_numdens_radial
==> Saving catalog to ../../patchy_results/box5/real/radialgauss/mocks_void_xyz_scaledR/CATALPTCICz0.638G960S1322632840.radialgauss.sigma0.235.VOID.dat
==> Done
==> Reading ../../patchy_results/box5/real/radialgauss/mocks_void_xyz/CATALPTCICz0.638G960S1333819401.radialgauss.sigma0.235.VOID.dat
==> Computing local halo density with get_numdens_radial
==> Saving catalog to ../../patchy_results/box5/real/radialgauss/mocks_void_xyz_scaledR/CATALPTCICz0.638G960S1333819401.radialgauss.sigma0.235.VOID.dat
==> Done
==> Reading ../../patchy_results/box5/real/radialgauss/mocks_void_xyz/CATALPTCICz0.638G960S1431773317.radialgauss.sigma0.235.VOID.dat
==> Computing local halo density with get_numdens_radial
==> Saving catalog to ../../patchy_results/box5/real/radialgauss/mocks_void_xyz_scaledR/CATALPTCICz0.638G960S1431773317.radialgauss.sigma0.235.VOID.dat
==> Done
==> Reading ../../patchy_results/box5/real/radialgauss/mocks_void_xyz/CATALPTCICz0.638G960S1453713702.radialgauss.sigma0.235.VOID.dat
==> Computing local halo density with get_numdens_radial
==> Saving catalog to ../../patchy_results/box5/real/radialgauss/mocks_void_xyz_scaledR/CATALPTCICz0.638G960S1453713702.radialgauss.sigma0.235.VOID.dat
==> Done
==> Reading ../../patchy_results/box5/real/radialgauss/mocks_void_xyz/CATALPTCICz0.638G960S1461404473.radialgauss.sigma0.235.VOID.dat
==> Computing local halo density with get_numdens_radial
==> Saving catalog to ../../patchy_results/box5/real/radialgauss/mocks_void_xyz_scaledR/CATALPTCICz0.638G960S1461404473.radialgauss.sigma0.235.VOID.dat
==> Done
==> MPI process 2 finished.
==> Loading galaxy number density from ../../patchy_results/box5/real/radialgauss/plots/ngal_radial.npy
==> MPI process 1 has 7 jobs allocated.
==> Reading ../../patchy_results/box5/real/radialgauss/mocks_void_xyz/CATALPTCICz0.638G960S1133045298.radialgauss.sigma0.235.VOID.dat
==> Computing local halo density with get_numdens_radial
==> Saving catalog to ../../patchy_results/box5/real/radialgauss/mocks_void_xyz_scaledR/CATALPTCICz0.638G960S1133045298.radialgauss.sigma0.235.VOID.dat
==> Done
==> Reading ../../patchy_results/box5/real/radialgauss/mocks_void_xyz/CATALPTCICz0.638G960S1174369739.radialgauss.sigma0.235.VOID.dat
==> Computing local halo density with get_numdens_radial
==> Saving catalog to ../../patchy_results/box5/real/radialgauss/mocks_void_xyz_scaledR/CATALPTCICz0.638G960S1174369739.radialgauss.sigma0.235.VOID.dat
==> Done
==> Reading ../../patchy_results/box5/real/radialgauss/mocks_void_xyz/CATALPTCICz0.638G960S119474585.radialgauss.sigma0.235.VOID.dat
==> Computing local halo density with get_numdens_radial
==> Saving catalog to ../../patchy_results/box5/real/radialgauss/mocks_void_xyz_scaledR/CATALPTCICz0.638G960S119474585.radialgauss.sigma0.235.VOID.dat
==> Done
==> Reading ../../patchy_results/box5/real/radialgauss/mocks_void_xyz/CATALPTCICz0.638G960S12038904.radialgauss.sigma0.235.VOID.dat
==> Computing local halo density with get_numdens_radial
==> Saving catalog to ../../patchy_results/box5/real/radialgauss/mocks_void_xyz_scaledR/CATALPTCICz0.638G960S12038904.radialgauss.sigma0.235.VOID.dat
==> Done
==> Reading ../../patchy_results/box5/real/radialgauss/mocks_void_xyz/CATALPTCICz0.638G960S1239847718.radialgauss.sigma0.235.VOID.dat
==> Computing local halo density with get_numdens_radial
==> Saving catalog to ../../patchy_results/box5/real/radialgauss/mocks_void_xyz_scaledR/CATALPTCICz0.638G960S1239847718.radialgauss.sigma0.235.VOID.dat
==> Done
==> Reading ../../patchy_results/box5/real/radialgauss/mocks_void_xyz/CATALPTCICz0.638G960S1244453196.radialgauss.sigma0.235.VOID.dat
==> Computing local halo density with get_numdens_radial
==> Saving catalog to ../../patchy_results/box5/real/radialgauss/mocks_void_xyz_scaledR/CATALPTCICz0.638G960S1244453196.radialgauss.sigma0.235.VOID.dat
==> Done
==> Reading ../../patchy_results/box5/real/radialgauss/mocks_void_xyz/CATALPTCICz0.638G960S1280289475.radialgauss.sigma0.235.VOID.dat
==> Computing local halo density with get_numdens_radial
==> Saving catalog to ../../patchy_results/box5/real/radialgauss/mocks_void_xyz_scaledR/CATALPTCICz0.638G960S1280289475.radialgauss.sigma0.235.VOID.dat
==> Done
==> MPI process 1 finished.
==> Loading galaxy number density from ../../patchy_results/box5/real/radialgauss/plots/ngal_radial.npy
==> MPI process 4 has 6 jobs allocated.
==> Reading ../../patchy_results/box5/real/radialgauss/mocks_void_xyz/CATALPTCICz0.638G960S1579594552.radialgauss.sigma0.235.VOID.dat
==> Computing local halo density with get_numdens_radial
==> Saving catalog to ../../patchy_results/box5/real/radialgauss/mocks_void_xyz_scaledR/CATALPTCICz0.638G960S1579594552.radialgauss.sigma0.235.VOID.dat
==> Done
==> Reading ../../patchy_results/box5/real/radialgauss/mocks_void_xyz/CATALPTCICz0.638G960S1594480644.radialgauss.sigma0.235.VOID.dat
==> Computing local halo density with get_numdens_radial
==> Saving catalog to ../../patchy_results/box5/real/radialgauss/mocks_void_xyz_scaledR/CATALPTCICz0.638G960S1594480644.radialgauss.sigma0.235.VOID.dat
==> Done
==> Reading ../../patchy_results/box5/real/radialgauss/mocks_void_xyz/CATALPTCICz0.638G960S1606030092.radialgauss.sigma0.235.VOID.dat
==> Computing local halo density with get_numdens_radial
==> Saving catalog to ../../patchy_results/box5/real/radialgauss/mocks_void_xyz_scaledR/CATALPTCICz0.638G960S1606030092.radialgauss.sigma0.235.VOID.dat
==> Done
==> Reading ../../patchy_results/box5/real/radialgauss/mocks_void_xyz/CATALPTCICz0.638G960S1612241734.radialgauss.sigma0.235.VOID.dat
==> Computing local halo density with get_numdens_radial
==> Saving catalog to ../../patchy_results/box5/real/radialgauss/mocks_void_xyz_scaledR/CATALPTCICz0.638G960S1612241734.radialgauss.sigma0.235.VOID.dat
==> Done
==> Reading ../../patchy_results/box5/real/radialgauss/mocks_void_xyz/CATALPTCICz0.638G960S1626267889.radialgauss.sigma0.235.VOID.dat
==> Computing local halo density with get_numdens_radial
==> Saving catalog to ../../patchy_results/box5/real/radialgauss/mocks_void_xyz_scaledR/CATALPTCICz0.638G960S1626267889.radialgauss.sigma0.235.VOID.dat
==> Done
==> Reading ../../patchy_results/box5/real/radialgauss/mocks_void_xyz/CATALPTCICz0.638G960S1644127019.radialgauss.sigma0.235.VOID.dat
==> Computing local halo density with get_numdens_radial
==> Saving catalog to ../../patchy_results/box5/real/radialgauss/mocks_void_xyz_scaledR/CATALPTCICz0.638G960S1644127019.radialgauss.sigma0.235.VOID.dat
==> Done
==> MPI process 4 finished.
==> Loading galaxy number density from ../../patchy_results/box5/real/radialgauss/plots/ngal_radial.npy
==> MPI process 5 has 6 jobs allocated.
==> Reading ../../patchy_results/box5/real/radialgauss/mocks_void_xyz/CATALPTCICz0.638G960S1644659903.radialgauss.sigma0.235.VOID.dat
==> Computing local halo density with get_numdens_radial
==> Saving catalog to ../../patchy_results/box5/real/radialgauss/mocks_void_xyz_scaledR/CATALPTCICz0.638G960S1644659903.radialgauss.sigma0.235.VOID.dat
==> Done
==> Reading ../../patchy_results/box5/real/radialgauss/mocks_void_xyz/CATALPTCICz0.638G960S1664538145.radialgauss.sigma0.235.VOID.dat
==> Computing local halo density with get_numdens_radial
==> Saving catalog to ../../patchy_results/box5/real/radialgauss/mocks_void_xyz_scaledR/CATALPTCICz0.638G960S1664538145.radialgauss.sigma0.235.VOID.dat
==> Done
==> Reading ../../patchy_results/box5/real/radialgauss/mocks_void_xyz/CATALPTCICz0.638G960S1672261505.radialgauss.sigma0.235.VOID.dat
==> Computing local halo density with get_numdens_radial
==> Saving catalog to ../../patchy_results/box5/real/radialgauss/mocks_void_xyz_scaledR/CATALPTCICz0.638G960S1672261505.radialgauss.sigma0.235.VOID.dat
==> Done
==> Reading ../../patchy_results/box5/real/radialgauss/mocks_void_xyz/CATALPTCICz0.638G960S1697695752.radialgauss.sigma0.235.VOID.dat
==> Computing local halo density with get_numdens_radial
==> Saving catalog to ../../patchy_results/box5/real/radialgauss/mocks_void_xyz_scaledR/CATALPTCICz0.638G960S1697695752.radialgauss.sigma0.235.VOID.dat
==> Done
==> Reading ../../patchy_results/box5/real/radialgauss/mocks_void_xyz/CATALPTCICz0.638G960S1711891480.radialgauss.sigma0.235.VOID.dat
==> Computing local halo density with get_numdens_radial
==> Saving catalog to ../../patchy_results/box5/real/radialgauss/mocks_void_xyz_scaledR/CATALPTCICz0.638G960S1711891480.radialgauss.sigma0.235.VOID.dat
==> Done
==> Reading ../../patchy_results/box5/real/radialgauss/mocks_void_xyz/CATALPTCICz0.638G960S1715693657.radialgauss.sigma0.235.VOID.dat
==> Computing local halo density with get_numdens_radial
==> Saving catalog to ../../patchy_results/box5/real/radialgauss/mocks_void_xyz_scaledR/CATALPTCICz0.638G960S1715693657.radialgauss.sigma0.235.VOID.dat
==> Done
==> MPI process 5 finished.
==> Loading galaxy number density from ../../patchy_results/box5/real/radialgauss/plots/ngal_radial.npy
==> MPI process 6 has 6 jobs allocated.
==> Reading ../../patchy_results/box5/real/radialgauss/mocks_void_xyz/CATALPTCICz0.638G960S1743301054.radialgauss.sigma0.235.VOID.dat
==> Computing local halo density with get_numdens_radial
==> Saving catalog to ../../patchy_results/box5/real/radialgauss/mocks_void_xyz_scaledR/CATALPTCICz0.638G960S1743301054.radialgauss.sigma0.235.VOID.dat
==> Done
==> Reading ../../patchy_results/box5/real/radialgauss/mocks_void_xyz/CATALPTCICz0.638G960S1743787751.radialgauss.sigma0.235.VOID.dat
==> Computing local halo density with get_numdens_radial
==> Saving catalog to ../../patchy_results/box5/real/radialgauss/mocks_void_xyz_scaledR/CATALPTCICz0.638G960S1743787751.radialgauss.sigma0.235.VOID.dat
==> Done
==> Reading ../../patchy_results/box5/real/radialgauss/mocks_void_xyz/CATALPTCICz0.638G960S1760383790.radialgauss.sigma0.235.VOID.dat
==> Computing local halo density with get_numdens_radial
==> Saving catalog to ../../patchy_results/box5/real/radialgauss/mocks_void_xyz_scaledR/CATALPTCICz0.638G960S1760383790.radialgauss.sigma0.235.VOID.dat
==> Done
==> Reading ../../patchy_results/box5/real/radialgauss/mocks_void_xyz/CATALPTCICz0.638G960S1770670323.radialgauss.sigma0.235.VOID.dat
==> Computing local halo density with get_numdens_radial
==> Saving catalog to ../../patchy_results/box5/real/radialgauss/mocks_void_xyz_scaledR/CATALPTCICz0.638G960S1770670323.radialgauss.sigma0.235.VOID.dat
==> Done
==> Reading ../../patchy_results/box5/real/radialgauss/mocks_void_xyz/CATALPTCICz0.638G960S1771711424.radialgauss.sigma0.235.VOID.dat
==> Computing local halo density with get_numdens_radial
==> Saving catalog to ../../patchy_results/box5/real/radialgauss/mocks_void_xyz_scaledR/CATALPTCICz0.638G960S1771711424.radialgauss.sigma0.235.VOID.dat
==> Done
==> Reading ../../patchy_results/box5/real/radialgauss/mocks_void_xyz/CATALPTCICz0.638G960S1790390939.radialgauss.sigma0.235.VOID.dat
==> Computing local halo density with get_numdens_radial
==> Saving catalog to ../../patchy_results/box5/real/radialgauss/mocks_void_xyz_scaledR/CATALPTCICz0.638G960S1790390939.radialgauss.sigma0.235.VOID.dat
==> Done
==> MPI process 6 finished.
==> Loading galaxy number density from ../../patchy_results/box5/real/radialgauss/plots/ngal_radial.npy
==> MPI process 12 has 6 jobs allocated.
==> Reading ../../patchy_results/box5/real/radialgauss/mocks_void_xyz/CATALPTCICz0.638G960S499786302.radialgauss.sigma0.235.VOID.dat
==> Computing local halo density with get_numdens_radial
==> Saving catalog to ../../patchy_results/box5/real/radialgauss/mocks_void_xyz_scaledR/CATALPTCICz0.638G960S499786302.radialgauss.sigma0.235.VOID.dat
==> Done
==> Reading ../../patchy_results/box5/real/radialgauss/mocks_void_xyz/CATALPTCICz0.638G960S542715479.radialgauss.sigma0.235.VOID.dat
==> Computing local halo density with get_numdens_radial
==> Saving catalog to ../../patchy_results/box5/real/radialgauss/mocks_void_xyz_scaledR/CATALPTCICz0.638G960S542715479.radialgauss.sigma0.235.VOID.dat
==> Done
==> Reading ../../patchy_results/box5/real/radialgauss/mocks_void_xyz/CATALPTCICz0.638G960S569892358.radialgauss.sigma0.235.VOID.dat
==> Computing local halo density with get_numdens_radial
==> Saving catalog to ../../patchy_results/box5/real/radialgauss/mocks_void_xyz_scaledR/CATALPTCICz0.638G960S569892358.radialgauss.sigma0.235.VOID.dat
==> Done
==> Reading ../../patchy_results/box5/real/radialgauss/mocks_void_xyz/CATALPTCICz0.638G960S599895384.radialgauss.sigma0.235.VOID.dat
==> Computing local halo density with get_numdens_radial
==> Saving catalog to ../../patchy_results/box5/real/radialgauss/mocks_void_xyz_scaledR/CATALPTCICz0.638G960S599895384.radialgauss.sigma0.235.VOID.dat
==> Done
==> Reading ../../patchy_results/box5/real/radialgauss/mocks_void_xyz/CATALPTCICz0.638G960S630955758.radialgauss.sigma0.235.VOID.dat
==> Computing local halo density with get_numdens_radial
==> Saving catalog to ../../patchy_results/box5/real/radialgauss/mocks_void_xyz_scaledR/CATALPTCICz0.638G960S630955758.radialgauss.sigma0.235.VOID.dat
==> Done
==> Reading ../../patchy_results/box5/real/radialgauss/mocks_void_xyz/CATALPTCICz0.638G960S653315835.radialgauss.sigma0.235.VOID.dat
==> Computing local halo density with get_numdens_radial
==> Saving catalog to ../../patchy_results/box5/real/radialgauss/mocks_void_xyz_scaledR/CATALPTCICz0.638G960S653315835.radialgauss.sigma0.235.VOID.dat
==> Done
==> MPI process 12 finished.
==> Loading galaxy number density from ../../patchy_results/box5/real/radialgauss/plots/ngal_radial.npy
==> Using 16 processes.
==> MPI process 0 has 7 jobs allocated.
==> Reading ../../patchy_results/box5/real/radialgauss/mocks_void_xyz/CATALPTCICz0.638G960S1005638091.radialgauss.sigma0.235.VOID.dat
==> Computing local halo density with get_numdens_radial
==> Saving catalog to ../../patchy_results/box5/real/radialgauss/mocks_void_xyz_scaledR/CATALPTCICz0.638G960S1005638091.radialgauss.sigma0.235.VOID.dat
==> Done
==> Reading ../../patchy_results/box5/real/radialgauss/mocks_void_xyz/CATALPTCICz0.638G960S1043834222.radialgauss.sigma0.235.VOID.dat
==> Computing local halo density with get_numdens_radial
==> Saving catalog to ../../patchy_results/box5/real/radialgauss/mocks_void_xyz_scaledR/CATALPTCICz0.638G960S1043834222.radialgauss.sigma0.235.VOID.dat
==> Done
==> Reading ../../patchy_results/box5/real/radialgauss/mocks_void_xyz/CATALPTCICz0.638G960S1057271749.radialgauss.sigma0.235.VOID.dat
==> Computing local halo density with get_numdens_radial
==> Saving catalog to ../../patchy_results/box5/real/radialgauss/mocks_void_xyz_scaledR/CATALPTCICz0.638G960S1057271749.radialgauss.sigma0.235.VOID.dat
==> Done
==> Reading ../../patchy_results/box5/real/radialgauss/mocks_void_xyz/CATALPTCICz0.638G960S1072910539.radialgauss.sigma0.235.VOID.dat
==> Computing local halo density with get_numdens_radial
==> Saving catalog to ../../patchy_results/box5/real/radialgauss/mocks_void_xyz_scaledR/CATALPTCICz0.638G960S1072910539.radialgauss.sigma0.235.VOID.dat
==> Done
==> Reading ../../patchy_results/box5/real/radialgauss/mocks_void_xyz/CATALPTCICz0.638G960S1076873484.radialgauss.sigma0.235.VOID.dat
==> Computing local halo density with get_numdens_radial
==> Saving catalog to ../../patchy_results/box5/real/radialgauss/mocks_void_xyz_scaledR/CATALPTCICz0.638G960S1076873484.radialgauss.sigma0.235.VOID.dat
==> Done
==> Reading ../../patchy_results/box5/real/radialgauss/mocks_void_xyz/CATALPTCICz0.638G960S1082345827.radialgauss.sigma0.235.VOID.dat
==> Computing local halo density with get_numdens_radial
==> Saving catalog to ../../patchy_results/box5/real/radialgauss/mocks_void_xyz_scaledR/CATALPTCICz0.638G960S1082345827.radialgauss.sigma0.235.VOID.dat
==> Done
==> Reading ../../patchy_results/box5/real/radialgauss/mocks_void_xyz/CATALPTCICz0.638G960S1090249413.radialgauss.sigma0.235.VOID.dat
==> Computing local halo density with get_numdens_radial
==> Saving catalog to ../../patchy_results/box5/real/radialgauss/mocks_void_xyz_scaledR/CATALPTCICz0.638G960S1090249413.radialgauss.sigma0.235.VOID.dat
==> Done
==> MPI process 0 finished.
==> Loading galaxy number density from ../../patchy_results/box5/real/radialgauss/plots/ngal_radial.npy
==> MPI process 7 has 6 jobs allocated.
==> Reading ../../patchy_results/box5/real/radialgauss/mocks_void_xyz/CATALPTCICz0.638G960S1800222736.radialgauss.sigma0.235.VOID.dat
==> Computing local halo density with get_numdens_radial
==> Saving catalog to ../../patchy_results/box5/real/radialgauss/mocks_void_xyz_scaledR/CATALPTCICz0.638G960S1800222736.radialgauss.sigma0.235.VOID.dat
==> Done
==> Reading ../../patchy_results/box5/real/radialgauss/mocks_void_xyz/CATALPTCICz0.638G960S1820743566.radialgauss.sigma0.235.VOID.dat
==> Computing local halo density with get_numdens_radial
==> Saving catalog to ../../patchy_results/box5/real/radialgauss/mocks_void_xyz_scaledR/CATALPTCICz0.638G960S1820743566.radialgauss.sigma0.235.VOID.dat
==> Done
==> Reading ../../patchy_results/box5/real/radialgauss/mocks_void_xyz/CATALPTCICz0.638G960S1866235956.radialgauss.sigma0.235.VOID.dat
==> Computing local halo density with get_numdens_radial
==> Saving catalog to ../../patchy_results/box5/real/radialgauss/mocks_void_xyz_scaledR/CATALPTCICz0.638G960S1866235956.radialgauss.sigma0.235.VOID.dat
==> Done
==> Reading ../../patchy_results/box5/real/radialgauss/mocks_void_xyz/CATALPTCICz0.638G960S1868385901.radialgauss.sigma0.235.VOID.dat
==> Computing local halo density with get_numdens_radial
==> Saving catalog to ../../patchy_results/box5/real/radialgauss/mocks_void_xyz_scaledR/CATALPTCICz0.638G960S1868385901.radialgauss.sigma0.235.VOID.dat
==> Done
==> Reading ../../patchy_results/box5/real/radialgauss/mocks_void_xyz/CATALPTCICz0.638G960S1942922759.radialgauss.sigma0.235.VOID.dat
==> Computing local halo density with get_numdens_radial
==> Saving catalog to ../../patchy_results/box5/real/radialgauss/mocks_void_xyz_scaledR/CATALPTCICz0.638G960S1942922759.radialgauss.sigma0.235.VOID.dat
==> Done
==> Reading ../../patchy_results/box5/real/radialgauss/mocks_void_xyz/CATALPTCICz0.638G960S1957637951.radialgauss.sigma0.235.VOID.dat
==> Computing local halo density with get_numdens_radial
==> Saving catalog to ../../patchy_results/box5/real/radialgauss/mocks_void_xyz_scaledR/CATALPTCICz0.638G960S1957637951.radialgauss.sigma0.235.VOID.dat
==> Done
==> MPI process 7 finished.
==> Loading galaxy number density from ../../patchy_results/box5/real/radialgauss/plots/ngal_radial.npy
==> MPI process 9 has 6 jobs allocated.
==> Reading ../../patchy_results/box5/real/radialgauss/mocks_void_xyz/CATALPTCICz0.638G960S2116713610.radialgauss.sigma0.235.VOID.dat
==> Computing local halo density with get_numdens_radial
==> Saving catalog to ../../patchy_results/box5/real/radialgauss/mocks_void_xyz_scaledR/CATALPTCICz0.638G960S2116713610.radialgauss.sigma0.235.VOID.dat
==> Done
==> Reading ../../patchy_results/box5/real/radialgauss/mocks_void_xyz/CATALPTCICz0.638G960S2126501065.radialgauss.sigma0.235.VOID.dat
==> Computing local halo density with get_numdens_radial
==> Saving catalog to ../../patchy_results/box5/real/radialgauss/mocks_void_xyz_scaledR/CATALPTCICz0.638G960S2126501065.radialgauss.sigma0.235.VOID.dat
==> Done
==> Reading ../../patchy_results/box5/real/radialgauss/mocks_void_xyz/CATALPTCICz0.638G960S2135743082.radialgauss.sigma0.235.VOID.dat
==> Computing local halo density with get_numdens_radial
==> Saving catalog to ../../patchy_results/box5/real/radialgauss/mocks_void_xyz_scaledR/CATALPTCICz0.638G960S2135743082.radialgauss.sigma0.235.VOID.dat
==> Done
==> Reading ../../patchy_results/box5/real/radialgauss/mocks_void_xyz/CATALPTCICz0.638G960S241248101.radialgauss.sigma0.235.VOID.dat
==> Computing local halo density with get_numdens_radial
==> Saving catalog to ../../patchy_results/box5/real/radialgauss/mocks_void_xyz_scaledR/CATALPTCICz0.638G960S241248101.radialgauss.sigma0.235.VOID.dat
==> Done
==> Reading ../../patchy_results/box5/real/radialgauss/mocks_void_xyz/CATALPTCICz0.638G960S262811362.radialgauss.sigma0.235.VOID.dat
==> Computing local halo density with get_numdens_radial
==> Saving catalog to ../../patchy_results/box5/real/radialgauss/mocks_void_xyz_scaledR/CATALPTCICz0.638G960S262811362.radialgauss.sigma0.235.VOID.dat
==> Done
==> Reading ../../patchy_results/box5/real/radialgauss/mocks_void_xyz/CATALPTCICz0.638G960S281865714.radialgauss.sigma0.235.VOID.dat
==> Computing local halo density with get_numdens_radial
==> Saving catalog to ../../patchy_results/box5/real/radialgauss/mocks_void_xyz_scaledR/CATALPTCICz0.638G960S281865714.radialgauss.sigma0.235.VOID.dat
==> Done
==> MPI process 9 finished.
==> Loading galaxy number density from ../../patchy_results/box5/real/radialgauss/plots/ngal_radial.npy
==> MPI process 10 has 6 jobs allocated.
==> Reading ../../patchy_results/box5/real/radialgauss/mocks_void_xyz/CATALPTCICz0.638G960S289937724.radialgauss.sigma0.235.VOID.dat
==> Computing local halo density with get_numdens_radial
==> Saving catalog to ../../patchy_results/box5/real/radialgauss/mocks_void_xyz_scaledR/CATALPTCICz0.638G960S289937724.radialgauss.sigma0.235.VOID.dat
==> Done
==> Reading ../../patchy_results/box5/real/radialgauss/mocks_void_xyz/CATALPTCICz0.638G960S303311051.radialgauss.sigma0.235.VOID.dat
==> Computing local halo density with get_numdens_radial
==> Saving catalog to ../../patchy_results/box5/real/radialgauss/mocks_void_xyz_scaledR/CATALPTCICz0.638G960S303311051.radialgauss.sigma0.235.VOID.dat
==> Done
==> Reading ../../patchy_results/box5/real/radialgauss/mocks_void_xyz/CATALPTCICz0.638G960S306572308.radialgauss.sigma0.235.VOID.dat
==> Computing local halo density with get_numdens_radial
==> Saving catalog to ../../patchy_results/box5/real/radialgauss/mocks_void_xyz_scaledR/CATALPTCICz0.638G960S306572308.radialgauss.sigma0.235.VOID.dat
==> Done
==> Reading ../../patchy_results/box5/real/radialgauss/mocks_void_xyz/CATALPTCICz0.638G960S329427831.radialgauss.sigma0.235.VOID.dat
==> Computing local halo density with get_numdens_radial
==> Saving catalog to ../../patchy_results/box5/real/radialgauss/mocks_void_xyz_scaledR/CATALPTCICz0.638G960S329427831.radialgauss.sigma0.235.VOID.dat
==> Done
==> Reading ../../patchy_results/box5/real/radialgauss/mocks_void_xyz/CATALPTCICz0.638G960S341476525.radialgauss.sigma0.235.VOID.dat
==> Computing local halo density with get_numdens_radial
==> Saving catalog to ../../patchy_results/box5/real/radialgauss/mocks_void_xyz_scaledR/CATALPTCICz0.638G960S341476525.radialgauss.sigma0.235.VOID.dat
==> Done
==> Reading ../../patchy_results/box5/real/radialgauss/mocks_void_xyz/CATALPTCICz0.638G960S34923098.radialgauss.sigma0.235.VOID.dat
==> Computing local halo density with get_numdens_radial
==> Saving catalog to ../../patchy_results/box5/real/radialgauss/mocks_void_xyz_scaledR/CATALPTCICz0.638G960S34923098.radialgauss.sigma0.235.VOID.dat
==> Done
==> MPI process 10 finished.
==> Loading galaxy number density from ../../patchy_results/box5/real/radialgauss/plots/ngal_radial.npy
==> MPI process 14 has 6 jobs allocated.
==> Reading ../../patchy_results/box5/real/radialgauss/mocks_void_xyz/CATALPTCICz0.638G960S824062495.radialgauss.sigma0.235.VOID.dat
==> Computing local halo density with get_numdens_radial
==> Saving catalog to ../../patchy_results/box5/real/radialgauss/mocks_void_xyz_scaledR/CATALPTCICz0.638G960S824062495.radialgauss.sigma0.235.VOID.dat
==> Done
==> Reading ../../patchy_results/box5/real/radialgauss/mocks_void_xyz/CATALPTCICz0.638G960S833637829.radialgauss.sigma0.235.VOID.dat
==> Computing local halo density with get_numdens_radial
==> Saving catalog to ../../patchy_results/box5/real/radialgauss/mocks_void_xyz_scaledR/CATALPTCICz0.638G960S833637829.radialgauss.sigma0.235.VOID.dat
==> Done
==> Reading ../../patchy_results/box5/real/radialgauss/mocks_void_xyz/CATALPTCICz0.638G960S835650869.radialgauss.sigma0.235.VOID.dat
==> Computing local halo density with get_numdens_radial
==> Saving catalog to ../../patchy_results/box5/real/radialgauss/mocks_void_xyz_scaledR/CATALPTCICz0.638G960S835650869.radialgauss.sigma0.235.VOID.dat
==> Done
==> Reading ../../patchy_results/box5/real/radialgauss/mocks_void_xyz/CATALPTCICz0.638G960S845458243.radialgauss.sigma0.235.VOID.dat
==> Computing local halo density with get_numdens_radial
==> Saving catalog to ../../patchy_results/box5/real/radialgauss/mocks_void_xyz_scaledR/CATALPTCICz0.638G960S845458243.radialgauss.sigma0.235.VOID.dat
==> Done
==> Reading ../../patchy_results/box5/real/radialgauss/mocks_void_xyz/CATALPTCICz0.638G960S85829856.radialgauss.sigma0.235.VOID.dat
==> Computing local halo density with get_numdens_radial
==> Saving catalog to ../../patchy_results/box5/real/radialgauss/mocks_void_xyz_scaledR/CATALPTCICz0.638G960S85829856.radialgauss.sigma0.235.VOID.dat
==> Done
==> Reading ../../patchy_results/box5/real/radialgauss/mocks_void_xyz/CATALPTCICz0.638G960S882848105.radialgauss.sigma0.235.VOID.dat
==> Computing local halo density with get_numdens_radial
==> Saving catalog to ../../patchy_results/box5/real/radialgauss/mocks_void_xyz_scaledR/CATALPTCICz0.638G960S882848105.radialgauss.sigma0.235.VOID.dat
==> Done
==> MPI process 14 finished.
==> Loading galaxy number density from ../../patchy_results/box5/real/radialgauss/plots/ngal_radial.npy
==> MPI process 15 has 6 jobs allocated.
==> Reading ../../patchy_results/box5/real/radialgauss/mocks_void_xyz/CATALPTCICz0.638G960S902626519.radialgauss.sigma0.235.VOID.dat
==> Computing local halo density with get_numdens_radial
==> Saving catalog to ../../patchy_results/box5/real/radialgauss/mocks_void_xyz_scaledR/CATALPTCICz0.638G960S902626519.radialgauss.sigma0.235.VOID.dat
==> Done
==> Reading ../../patchy_results/box5/real/radialgauss/mocks_void_xyz/CATALPTCICz0.638G960S935344129.radialgauss.sigma0.235.VOID.dat
==> Computing local halo density with get_numdens_radial
==> Saving catalog to ../../patchy_results/box5/real/radialgauss/mocks_void_xyz_scaledR/CATALPTCICz0.638G960S935344129.radialgauss.sigma0.235.VOID.dat
==> Done
==> Reading ../../patchy_results/box5/real/radialgauss/mocks_void_xyz/CATALPTCICz0.638G960S955456861.radialgauss.sigma0.235.VOID.dat
==> Computing local halo density with get_numdens_radial
==> Saving catalog to ../../patchy_results/box5/real/radialgauss/mocks_void_xyz_scaledR/CATALPTCICz0.638G960S955456861.radialgauss.sigma0.235.VOID.dat
==> Done
==> Reading ../../patchy_results/box5/real/radialgauss/mocks_void_xyz/CATALPTCICz0.638G960S956484648.radialgauss.sigma0.235.VOID.dat
==> Computing local halo density with get_numdens_radial
==> Saving catalog to ../../patchy_results/box5/real/radialgauss/mocks_void_xyz_scaledR/CATALPTCICz0.638G960S956484648.radialgauss.sigma0.235.VOID.dat
==> Done
==> Reading ../../patchy_results/box5/real/radialgauss/mocks_void_xyz/CATALPTCICz0.638G960S969261578.radialgauss.sigma0.235.VOID.dat
==> Computing local halo density with get_numdens_radial
==> Saving catalog to ../../patchy_results/box5/real/radialgauss/mocks_void_xyz_scaledR/CATALPTCICz0.638G960S969261578.radialgauss.sigma0.235.VOID.dat
==> Done
==> Reading ../../patchy_results/box5/real/radialgauss/mocks_void_xyz/CATALPTCICz0.638G960S98547386.radialgauss.sigma0.235.VOID.dat
==> Computing local halo density with get_numdens_radial
==> Saving catalog to ../../patchy_results/box5/real/radialgauss/mocks_void_xyz_scaledR/CATALPTCICz0.638G960S98547386.radialgauss.sigma0.235.VOID.dat
==> Done
==> MPI process 15 finished.
==> Loading galaxy number density from ../../patchy_results/box5/real/radialgauss/plots/ngal_radial.npy
==> MPI process 11 has 6 jobs allocated.
==> Reading ../../patchy_results/box5/real/radialgauss/mocks_void_xyz/CATALPTCICz0.638G960S361303953.radialgauss.sigma0.235.VOID.dat
==> Computing local halo density with get_numdens_radial
==> Saving catalog to ../../patchy_results/box5/real/radialgauss/mocks_void_xyz_scaledR/CATALPTCICz0.638G960S361303953.radialgauss.sigma0.235.VOID.dat
==> Done
==> Reading ../../patchy_results/box5/real/radialgauss/mocks_void_xyz/CATALPTCICz0.638G960S364233976.radialgauss.sigma0.235.VOID.dat
==> Computing local halo density with get_numdens_radial
==> Saving catalog to ../../patchy_results/box5/real/radialgauss/mocks_void_xyz_scaledR/CATALPTCICz0.638G960S364233976.radialgauss.sigma0.235.VOID.dat
==> Done
==> Reading ../../patchy_results/box5/real/radialgauss/mocks_void_xyz/CATALPTCICz0.638G960S38850615.radialgauss.sigma0.235.VOID.dat
==> Computing local halo density with get_numdens_radial
==> Saving catalog to ../../patchy_results/box5/real/radialgauss/mocks_void_xyz_scaledR/CATALPTCICz0.638G960S38850615.radialgauss.sigma0.235.VOID.dat
==> Done
==> Reading ../../patchy_results/box5/real/radialgauss/mocks_void_xyz/CATALPTCICz0.638G960S396051984.radialgauss.sigma0.235.VOID.dat
==> Computing local halo density with get_numdens_radial
==> Saving catalog to ../../patchy_results/box5/real/radialgauss/mocks_void_xyz_scaledR/CATALPTCICz0.638G960S396051984.radialgauss.sigma0.235.VOID.dat
==> Done
==> Reading ../../patchy_results/box5/real/radialgauss/mocks_void_xyz/CATALPTCICz0.638G960S400043087.radialgauss.sigma0.235.VOID.dat
==> Computing local halo density with get_numdens_radial
==> Saving catalog to ../../patchy_results/box5/real/radialgauss/mocks_void_xyz_scaledR/CATALPTCICz0.638G960S400043087.radialgauss.sigma0.235.VOID.dat
==> Done
==> Reading ../../patchy_results/box5/real/radialgauss/mocks_void_xyz/CATALPTCICz0.638G960S415198084.radialgauss.sigma0.235.VOID.dat
==> Computing local halo density with get_numdens_radial
==> Saving catalog to ../../patchy_results/box5/real/radialgauss/mocks_void_xyz_scaledR/CATALPTCICz0.638G960S415198084.radialgauss.sigma0.235.VOID.dat
==> Done
==> MPI process 11 finished.
==> Loading galaxy number density from ../../patchy_results/box5/real/radialgauss/plots/ngal_radial.npy
==> MPI process 8 has 6 jobs allocated.
==> Reading ../../patchy_results/box5/real/radialgauss/mocks_void_xyz/CATALPTCICz0.638G960S198021412.radialgauss.sigma0.235.VOID.dat
==> Computing local halo density with get_numdens_radial
==> Saving catalog to ../../patchy_results/box5/real/radialgauss/mocks_void_xyz_scaledR/CATALPTCICz0.638G960S198021412.radialgauss.sigma0.235.VOID.dat
==> Done
==> Reading ../../patchy_results/box5/real/radialgauss/mocks_void_xyz/CATALPTCICz0.638G960S2008417666.radialgauss.sigma0.235.VOID.dat
==> Computing local halo density with get_numdens_radial
==> Saving catalog to ../../patchy_results/box5/real/radialgauss/mocks_void_xyz_scaledR/CATALPTCICz0.638G960S2008417666.radialgauss.sigma0.235.VOID.dat
==> Done
==> Reading ../../patchy_results/box5/real/radialgauss/mocks_void_xyz/CATALPTCICz0.638G960S2012047352.radialgauss.sigma0.235.VOID.dat
==> Computing local halo density with get_numdens_radial
==> Saving catalog to ../../patchy_results/box5/real/radialgauss/mocks_void_xyz_scaledR/CATALPTCICz0.638G960S2012047352.radialgauss.sigma0.235.VOID.dat
==> Done
==> Reading ../../patchy_results/box5/real/radialgauss/mocks_void_xyz/CATALPTCICz0.638G960S2059589356.radialgauss.sigma0.235.VOID.dat
==> Computing local halo density with get_numdens_radial
==> Saving catalog to ../../patchy_results/box5/real/radialgauss/mocks_void_xyz_scaledR/CATALPTCICz0.638G960S2059589356.radialgauss.sigma0.235.VOID.dat
==> Done
==> Reading ../../patchy_results/box5/real/radialgauss/mocks_void_xyz/CATALPTCICz0.638G960S2094794961.radialgauss.sigma0.235.VOID.dat
==> Computing local halo density with get_numdens_radial
==> Saving catalog to ../../patchy_results/box5/real/radialgauss/mocks_void_xyz_scaledR/CATALPTCICz0.638G960S2094794961.radialgauss.sigma0.235.VOID.dat
==> Done
==> Reading ../../patchy_results/box5/real/radialgauss/mocks_void_xyz/CATALPTCICz0.638G960S2102161325.radialgauss.sigma0.235.VOID.dat
==> Computing local halo density with get_numdens_radial
==> Saving catalog to ../../patchy_results/box5/real/radialgauss/mocks_void_xyz_scaledR/CATALPTCICz0.638G960S2102161325.radialgauss.sigma0.235.VOID.dat
==> Done
==> MPI process 8 finished.
==> Loading galaxy number density from ../../patchy_results/box5/real/radialgauss/plots/ngal_radial.npy
==> MPI process 13 has 6 jobs allocated.
==> Reading ../../patchy_results/box5/real/radialgauss/mocks_void_xyz/CATALPTCICz0.638G960S687988509.radialgauss.sigma0.235.VOID.dat
==> Computing local halo density with get_numdens_radial
==> Saving catalog to ../../patchy_results/box5/real/radialgauss/mocks_void_xyz_scaledR/CATALPTCICz0.638G960S687988509.radialgauss.sigma0.235.VOID.dat
==> Done
==> Reading ../../patchy_results/box5/real/radialgauss/mocks_void_xyz/CATALPTCICz0.638G960S695677361.radialgauss.sigma0.235.VOID.dat
==> Computing local halo density with get_numdens_radial
==> Saving catalog to ../../patchy_results/box5/real/radialgauss/mocks_void_xyz_scaledR/CATALPTCICz0.638G960S695677361.radialgauss.sigma0.235.VOID.dat
==> Done
==> Reading ../../patchy_results/box5/real/radialgauss/mocks_void_xyz/CATALPTCICz0.638G960S706358248.radialgauss.sigma0.235.VOID.dat
==> Computing local halo density with get_numdens_radial
==> Saving catalog to ../../patchy_results/box5/real/radialgauss/mocks_void_xyz_scaledR/CATALPTCICz0.638G960S706358248.radialgauss.sigma0.235.VOID.dat
==> Done
==> Reading ../../patchy_results/box5/real/radialgauss/mocks_void_xyz/CATALPTCICz0.638G960S763638731.radialgauss.sigma0.235.VOID.dat
==> Computing local halo density with get_numdens_radial
==> Saving catalog to ../../patchy_results/box5/real/radialgauss/mocks_void_xyz_scaledR/CATALPTCICz0.638G960S763638731.radialgauss.sigma0.235.VOID.dat
==> Done
==> Reading ../../patchy_results/box5/real/radialgauss/mocks_void_xyz/CATALPTCICz0.638G960S77766309.radialgauss.sigma0.235.VOID.dat
==> Computing local halo density with get_numdens_radial
==> Saving catalog to ../../patchy_results/box5/real/radialgauss/mocks_void_xyz_scaledR/CATALPTCICz0.638G960S77766309.radialgauss.sigma0.235.VOID.dat
==> Done
==> Reading ../../patchy_results/box5/real/radialgauss/mocks_void_xyz/CATALPTCICz0.638G960S794721539.radialgauss.sigma0.235.VOID.dat
==> Computing local halo density with get_numdens_radial
==> Saving catalog to ../../patchy_results/box5/real/radialgauss/mocks_void_xyz_scaledR/CATALPTCICz0.638G960S794721539.radialgauss.sigma0.235.VOID.dat
==> Done
==> MPI process 13 finished.
