==> Loading galaxy number density from ../../patchy_results/box5/redshift/radialgauss/plots/ngal_radial.npy
==> MPI process 7 has 6 jobs allocated.
==> Reading ../../patchy_results/box5/redshift/radialgauss/mocks_void_xyz/CATALPTCICz0.638G960S1992528790_zspace.radialgauss.sigma0.235.VOID.dat
==> Computing local halo density with get_numdens_radial
==> Saving catalog to ../../patchy_results/box5/redshift/radialgauss/mocks_void_xyz_scaledR/CATALPTCICz0.638G960S1992528790_zspace.radialgauss.sigma0.235.VOID.dat
==> Done
==> Reading ../../patchy_results/box5/redshift/radialgauss/mocks_void_xyz/CATALPTCICz0.638G960S2005020971_zspace.radialgauss.sigma0.235.VOID.dat
==> Computing local halo density with get_numdens_radial
==> Saving catalog to ../../patchy_results/box5/redshift/radialgauss/mocks_void_xyz_scaledR/CATALPTCICz0.638G960S2005020971_zspace.radialgauss.sigma0.235.VOID.dat
==> Done
==> Reading ../../patchy_results/box5/redshift/radialgauss/mocks_void_xyz/CATALPTCICz0.638G960S2007956662_zspace.radialgauss.sigma0.235.VOID.dat
==> Computing local halo density with get_numdens_radial
==> Saving catalog to ../../patchy_results/box5/redshift/radialgauss/mocks_void_xyz_scaledR/CATALPTCICz0.638G960S2007956662_zspace.radialgauss.sigma0.235.VOID.dat
==> Done
==> Reading ../../patchy_results/box5/redshift/radialgauss/mocks_void_xyz/CATALPTCICz0.638G960S2038140029_zspace.radialgauss.sigma0.235.VOID.dat
==> Computing local halo density with get_numdens_radial
==> Saving catalog to ../../patchy_results/box5/redshift/radialgauss/mocks_void_xyz_scaledR/CATALPTCICz0.638G960S2038140029_zspace.radialgauss.sigma0.235.VOID.dat
==> Done
==> Reading ../../patchy_results/box5/redshift/radialgauss/mocks_void_xyz/CATALPTCICz0.638G960S205000556_zspace.radialgauss.sigma0.235.VOID.dat
==> Computing local halo density with get_numdens_radial
==> Saving catalog to ../../patchy_results/box5/redshift/radialgauss/mocks_void_xyz_scaledR/CATALPTCICz0.638G960S205000556_zspace.radialgauss.sigma0.235.VOID.dat
==> Done
==> Reading ../../patchy_results/box5/redshift/radialgauss/mocks_void_xyz/CATALPTCICz0.638G960S2058241144_zspace.radialgauss.sigma0.235.VOID.dat
==> Computing local halo density with get_numdens_radial
==> Saving catalog to ../../patchy_results/box5/redshift/radialgauss/mocks_void_xyz_scaledR/CATALPTCICz0.638G960S2058241144_zspace.radialgauss.sigma0.235.VOID.dat
==> Done
==> MPI process 7 finished.
==> Loading galaxy number density from ../../patchy_results/box5/redshift/radialgauss/plots/ngal_radial.npy
==> Using 16 processes.
==> MPI process 0 has 7 jobs allocated.
==> Reading ../../patchy_results/box5/redshift/radialgauss/mocks_void_xyz/CATALPTCICz0.638G960S1010008301_zspace.radialgauss.sigma0.235.VOID.dat
==> Computing local halo density with get_numdens_radial
==> Saving catalog to ../../patchy_results/box5/redshift/radialgauss/mocks_void_xyz_scaledR/CATALPTCICz0.638G960S1010008301_zspace.radialgauss.sigma0.235.VOID.dat
==> Done
==> Reading ../../patchy_results/box5/redshift/radialgauss/mocks_void_xyz/CATALPTCICz0.638G960S1028968541_zspace.radialgauss.sigma0.235.VOID.dat
==> Computing local halo density with get_numdens_radial
==> Saving catalog to ../../patchy_results/box5/redshift/radialgauss/mocks_void_xyz_scaledR/CATALPTCICz0.638G960S1028968541_zspace.radialgauss.sigma0.235.VOID.dat
==> Done
==> Reading ../../patchy_results/box5/redshift/radialgauss/mocks_void_xyz/CATALPTCICz0.638G960S1029148515_zspace.radialgauss.sigma0.235.VOID.dat
==> Computing local halo density with get_numdens_radial
==> Saving catalog to ../../patchy_results/box5/redshift/radialgauss/mocks_void_xyz_scaledR/CATALPTCICz0.638G960S1029148515_zspace.radialgauss.sigma0.235.VOID.dat
==> Done
==> Reading ../../patchy_results/box5/redshift/radialgauss/mocks_void_xyz/CATALPTCICz0.638G960S1070802123_zspace.radialgauss.sigma0.235.VOID.dat
==> Computing local halo density with get_numdens_radial
==> Saving catalog to ../../patchy_results/box5/redshift/radialgauss/mocks_void_xyz_scaledR/CATALPTCICz0.638G960S1070802123_zspace.radialgauss.sigma0.235.VOID.dat
==> Done
==> Reading ../../patchy_results/box5/redshift/radialgauss/mocks_void_xyz/CATALPTCICz0.638G960S1079655868_zspace.radialgauss.sigma0.235.VOID.dat
==> Computing local halo density with get_numdens_radial
==> Saving catalog to ../../patchy_results/box5/redshift/radialgauss/mocks_void_xyz_scaledR/CATALPTCICz0.638G960S1079655868_zspace.radialgauss.sigma0.235.VOID.dat
==> Done
==> Reading ../../patchy_results/box5/redshift/radialgauss/mocks_void_xyz/CATALPTCICz0.638G960S114138117_zspace.radialgauss.sigma0.235.VOID.dat
==> Computing local halo density with get_numdens_radial
==> Saving catalog to ../../patchy_results/box5/redshift/radialgauss/mocks_void_xyz_scaledR/CATALPTCICz0.638G960S114138117_zspace.radialgauss.sigma0.235.VOID.dat
==> Done
==> Reading ../../patchy_results/box5/redshift/radialgauss/mocks_void_xyz/CATALPTCICz0.638G960S1171565480_zspace.radialgauss.sigma0.235.VOID.dat
==> Computing local halo density with get_numdens_radial
==> Saving catalog to ../../patchy_results/box5/redshift/radialgauss/mocks_void_xyz_scaledR/CATALPTCICz0.638G960S1171565480_zspace.radialgauss.sigma0.235.VOID.dat
==> Done
==> MPI process 0 finished.
==> Loading galaxy number density from ../../patchy_results/box5/redshift/radialgauss/plots/ngal_radial.npy
==> MPI process 1 has 7 jobs allocated.
==> Reading ../../patchy_results/box5/redshift/radialgauss/mocks_void_xyz/CATALPTCICz0.638G960S1172037969_zspace.radialgauss.sigma0.235.VOID.dat
==> Computing local halo density with get_numdens_radial
==> Saving catalog to ../../patchy_results/box5/redshift/radialgauss/mocks_void_xyz_scaledR/CATALPTCICz0.638G960S1172037969_zspace.radialgauss.sigma0.235.VOID.dat
==> Done
==> Reading ../../patchy_results/box5/redshift/radialgauss/mocks_void_xyz/CATALPTCICz0.638G960S1186219234_zspace.radialgauss.sigma0.235.VOID.dat
==> Computing local halo density with get_numdens_radial
==> Saving catalog to ../../patchy_results/box5/redshift/radialgauss/mocks_void_xyz_scaledR/CATALPTCICz0.638G960S1186219234_zspace.radialgauss.sigma0.235.VOID.dat
==> Done
==> Reading ../../patchy_results/box5/redshift/radialgauss/mocks_void_xyz/CATALPTCICz0.638G960S120803028_zspace.radialgauss.sigma0.235.VOID.dat
==> Computing local halo density with get_numdens_radial
==> Saving catalog to ../../patchy_results/box5/redshift/radialgauss/mocks_void_xyz_scaledR/CATALPTCICz0.638G960S120803028_zspace.radialgauss.sigma0.235.VOID.dat
==> Done
==> Reading ../../patchy_results/box5/redshift/radialgauss/mocks_void_xyz/CATALPTCICz0.638G960S1256484261_zspace.radialgauss.sigma0.235.VOID.dat
==> Computing local halo density with get_numdens_radial
==> Saving catalog to ../../patchy_results/box5/redshift/radialgauss/mocks_void_xyz_scaledR/CATALPTCICz0.638G960S1256484261_zspace.radialgauss.sigma0.235.VOID.dat
==> Done
==> Reading ../../patchy_results/box5/redshift/radialgauss/mocks_void_xyz/CATALPTCICz0.638G960S1263047563_zspace.radialgauss.sigma0.235.VOID.dat
==> Computing local halo density with get_numdens_radial
==> Saving catalog to ../../patchy_results/box5/redshift/radialgauss/mocks_void_xyz_scaledR/CATALPTCICz0.638G960S1263047563_zspace.radialgauss.sigma0.235.VOID.dat
==> Done
==> Reading ../../patchy_results/box5/redshift/radialgauss/mocks_void_xyz/CATALPTCICz0.638G960S1270858461_zspace.radialgauss.sigma0.235.VOID.dat
==> Computing local halo density with get_numdens_radial
==> Saving catalog to ../../patchy_results/box5/redshift/radialgauss/mocks_void_xyz_scaledR/CATALPTCICz0.638G960S1270858461_zspace.radialgauss.sigma0.235.VOID.dat
==> Done
==> Reading ../../patchy_results/box5/redshift/radialgauss/mocks_void_xyz/CATALPTCICz0.638G960S1288612254_zspace.radialgauss.sigma0.235.VOID.dat
==> Computing local halo density with get_numdens_radial
==> Saving catalog to ../../patchy_results/box5/redshift/radialgauss/mocks_void_xyz_scaledR/CATALPTCICz0.638G960S1288612254_zspace.radialgauss.sigma0.235.VOID.dat
==> Done
==> MPI process 1 finished.
==> Loading galaxy number density from ../../patchy_results/box5/redshift/radialgauss/plots/ngal_radial.npy
==> MPI process 5 has 6 jobs allocated.
==> Reading ../../patchy_results/box5/redshift/radialgauss/mocks_void_xyz/CATALPTCICz0.638G960S1713934780_zspace.radialgauss.sigma0.235.VOID.dat
==> Computing local halo density with get_numdens_radial
==> Saving catalog to ../../patchy_results/box5/redshift/radialgauss/mocks_void_xyz_scaledR/CATALPTCICz0.638G960S1713934780_zspace.radialgauss.sigma0.235.VOID.dat
==> Done
==> Reading ../../patchy_results/box5/redshift/radialgauss/mocks_void_xyz/CATALPTCICz0.638G960S1723267773_zspace.radialgauss.sigma0.235.VOID.dat
==> Computing local halo density with get_numdens_radial
==> Saving catalog to ../../patchy_results/box5/redshift/radialgauss/mocks_void_xyz_scaledR/CATALPTCICz0.638G960S1723267773_zspace.radialgauss.sigma0.235.VOID.dat
==> Done
==> Reading ../../patchy_results/box5/redshift/radialgauss/mocks_void_xyz/CATALPTCICz0.638G960S1737359640_zspace.radialgauss.sigma0.235.VOID.dat
==> Computing local halo density with get_numdens_radial
==> Saving catalog to ../../patchy_results/box5/redshift/radialgauss/mocks_void_xyz_scaledR/CATALPTCICz0.638G960S1737359640_zspace.radialgauss.sigma0.235.VOID.dat
==> Done
==> Reading ../../patchy_results/box5/redshift/radialgauss/mocks_void_xyz/CATALPTCICz0.638G960S1782425948_zspace.radialgauss.sigma0.235.VOID.dat
==> Computing local halo density with get_numdens_radial
==> Saving catalog to ../../patchy_results/box5/redshift/radialgauss/mocks_void_xyz_scaledR/CATALPTCICz0.638G960S1782425948_zspace.radialgauss.sigma0.235.VOID.dat
==> Done
==> Reading ../../patchy_results/box5/redshift/radialgauss/mocks_void_xyz/CATALPTCICz0.638G960S1813530111_zspace.radialgauss.sigma0.235.VOID.dat
==> Computing local halo density with get_numdens_radial
==> Saving catalog to ../../patchy_results/box5/redshift/radialgauss/mocks_void_xyz_scaledR/CATALPTCICz0.638G960S1813530111_zspace.radialgauss.sigma0.235.VOID.dat
==> Done
==> Reading ../../patchy_results/box5/redshift/radialgauss/mocks_void_xyz/CATALPTCICz0.638G960S1828307802_zspace.radialgauss.sigma0.235.VOID.dat
==> Computing local halo density with get_numdens_radial
==> Saving catalog to ../../patchy_results/box5/redshift/radialgauss/mocks_void_xyz_scaledR/CATALPTCICz0.638G960S1828307802_zspace.radialgauss.sigma0.235.VOID.dat
==> Done
==> MPI process 5 finished.
==> Loading galaxy number density from ../../patchy_results/box5/redshift/radialgauss/plots/ngal_radial.npy
==> MPI process 6 has 6 jobs allocated.
==> Reading ../../patchy_results/box5/redshift/radialgauss/mocks_void_xyz/CATALPTCICz0.638G960S1843354749_zspace.radialgauss.sigma0.235.VOID.dat
==> Computing local halo density with get_numdens_radial
==> Saving catalog to ../../patchy_results/box5/redshift/radialgauss/mocks_void_xyz_scaledR/CATALPTCICz0.638G960S1843354749_zspace.radialgauss.sigma0.235.VOID.dat
==> Done
==> Reading ../../patchy_results/box5/redshift/radialgauss/mocks_void_xyz/CATALPTCICz0.638G960S1852228798_zspace.radialgauss.sigma0.235.VOID.dat
==> Computing local halo density with get_numdens_radial
==> Saving catalog to ../../patchy_results/box5/redshift/radialgauss/mocks_void_xyz_scaledR/CATALPTCICz0.638G960S1852228798_zspace.radialgauss.sigma0.235.VOID.dat
==> Done
==> Reading ../../patchy_results/box5/redshift/radialgauss/mocks_void_xyz/CATALPTCICz0.638G960S1897253935_zspace.radialgauss.sigma0.235.VOID.dat
==> Computing local halo density with get_numdens_radial
==> Saving catalog to ../../patchy_results/box5/redshift/radialgauss/mocks_void_xyz_scaledR/CATALPTCICz0.638G960S1897253935_zspace.radialgauss.sigma0.235.VOID.dat
==> Done
==> Reading ../../patchy_results/box5/redshift/radialgauss/mocks_void_xyz/CATALPTCICz0.638G960S1941846360_zspace.radialgauss.sigma0.235.VOID.dat
==> Computing local halo density with get_numdens_radial
==> Saving catalog to ../../patchy_results/box5/redshift/radialgauss/mocks_void_xyz_scaledR/CATALPTCICz0.638G960S1941846360_zspace.radialgauss.sigma0.235.VOID.dat
==> Done
==> Reading ../../patchy_results/box5/redshift/radialgauss/mocks_void_xyz/CATALPTCICz0.638G960S1942615915_zspace.radialgauss.sigma0.235.VOID.dat
==> Computing local halo density with get_numdens_radial
==> Saving catalog to ../../patchy_results/box5/redshift/radialgauss/mocks_void_xyz_scaledR/CATALPTCICz0.638G960S1942615915_zspace.radialgauss.sigma0.235.VOID.dat
==> Done
==> Reading ../../patchy_results/box5/redshift/radialgauss/mocks_void_xyz/CATALPTCICz0.638G960S196817175_zspace.radialgauss.sigma0.235.VOID.dat
==> Computing local halo density with get_numdens_radial
==> Saving catalog to ../../patchy_results/box5/redshift/radialgauss/mocks_void_xyz_scaledR/CATALPTCICz0.638G960S196817175_zspace.radialgauss.sigma0.235.VOID.dat
==> Done
==> MPI process 6 finished.
==> Loading galaxy number density from ../../patchy_results/box5/redshift/radialgauss/plots/ngal_radial.npy
==> MPI process 2 has 7 jobs allocated.
==> Reading ../../patchy_results/box5/redshift/radialgauss/mocks_void_xyz/CATALPTCICz0.638G960S1322514347_zspace.radialgauss.sigma0.235.VOID.dat
==> Computing local halo density with get_numdens_radial
==> Saving catalog to ../../patchy_results/box5/redshift/radialgauss/mocks_void_xyz_scaledR/CATALPTCICz0.638G960S1322514347_zspace.radialgauss.sigma0.235.VOID.dat
==> Done
==> Reading ../../patchy_results/box5/redshift/radialgauss/mocks_void_xyz/CATALPTCICz0.638G960S1322583197_zspace.radialgauss.sigma0.235.VOID.dat
==> Computing local halo density with get_numdens_radial
==> Saving catalog to ../../patchy_results/box5/redshift/radialgauss/mocks_void_xyz_scaledR/CATALPTCICz0.638G960S1322583197_zspace.radialgauss.sigma0.235.VOID.dat
==> Done
==> Reading ../../patchy_results/box5/redshift/radialgauss/mocks_void_xyz/CATALPTCICz0.638G960S1354772842_zspace.radialgauss.sigma0.235.VOID.dat
==> Computing local halo density with get_numdens_radial
==> Saving catalog to ../../patchy_results/box5/redshift/radialgauss/mocks_void_xyz_scaledR/CATALPTCICz0.638G960S1354772842_zspace.radialgauss.sigma0.235.VOID.dat
==> Done
==> Reading ../../patchy_results/box5/redshift/radialgauss/mocks_void_xyz/CATALPTCICz0.638G960S1383769323_zspace.radialgauss.sigma0.235.VOID.dat
==> Computing local halo density with get_numdens_radial
==> Saving catalog to ../../patchy_results/box5/redshift/radialgauss/mocks_void_xyz_scaledR/CATALPTCICz0.638G960S1383769323_zspace.radialgauss.sigma0.235.VOID.dat
==> Done
==> Reading ../../patchy_results/box5/redshift/radialgauss/mocks_void_xyz/CATALPTCICz0.638G960S1395978271_zspace.radialgauss.sigma0.235.VOID.dat
==> Computing local halo density with get_numdens_radial
==> Saving catalog to ../../patchy_results/box5/redshift/radialgauss/mocks_void_xyz_scaledR/CATALPTCICz0.638G960S1395978271_zspace.radialgauss.sigma0.235.VOID.dat
==> Done
==> Reading ../../patchy_results/box5/redshift/radialgauss/mocks_void_xyz/CATALPTCICz0.638G960S1412768225_zspace.radialgauss.sigma0.235.VOID.dat
==> Computing local halo density with get_numdens_radial
==> Saving catalog to ../../patchy_results/box5/redshift/radialgauss/mocks_void_xyz_scaledR/CATALPTCICz0.638G960S1412768225_zspace.radialgauss.sigma0.235.VOID.dat
==> Done
==> Reading ../../patchy_results/box5/redshift/radialgauss/mocks_void_xyz/CATALPTCICz0.638G960S1428348139_zspace.radialgauss.sigma0.235.VOID.dat
==> Computing local halo density with get_numdens_radial
==> Saving catalog to ../../patchy_results/box5/redshift/radialgauss/mocks_void_xyz_scaledR/CATALPTCICz0.638G960S1428348139_zspace.radialgauss.sigma0.235.VOID.dat
==> Done
==> MPI process 2 finished.
==> Loading galaxy number density from ../../patchy_results/box5/redshift/radialgauss/plots/ngal_radial.npy
==> MPI process 4 has 6 jobs allocated.
==> Reading ../../patchy_results/box5/redshift/radialgauss/mocks_void_xyz/CATALPTCICz0.638G960S1601254869_zspace.radialgauss.sigma0.235.VOID.dat
==> Computing local halo density with get_numdens_radial
==> Saving catalog to ../../patchy_results/box5/redshift/radialgauss/mocks_void_xyz_scaledR/CATALPTCICz0.638G960S1601254869_zspace.radialgauss.sigma0.235.VOID.dat
==> Done
==> Reading ../../patchy_results/box5/redshift/radialgauss/mocks_void_xyz/CATALPTCICz0.638G960S1618016355_zspace.radialgauss.sigma0.235.VOID.dat
==> Computing local halo density with get_numdens_radial
==> Saving catalog to ../../patchy_results/box5/redshift/radialgauss/mocks_void_xyz_scaledR/CATALPTCICz0.638G960S1618016355_zspace.radialgauss.sigma0.235.VOID.dat
==> Done
==> Reading ../../patchy_results/box5/redshift/radialgauss/mocks_void_xyz/CATALPTCICz0.638G960S162548710_zspace.radialgauss.sigma0.235.VOID.dat
==> Computing local halo density with get_numdens_radial
==> Saving catalog to ../../patchy_results/box5/redshift/radialgauss/mocks_void_xyz_scaledR/CATALPTCICz0.638G960S162548710_zspace.radialgauss.sigma0.235.VOID.dat
==> Done
==> Reading ../../patchy_results/box5/redshift/radialgauss/mocks_void_xyz/CATALPTCICz0.638G960S1685847119_zspace.radialgauss.sigma0.235.VOID.dat
==> Computing local halo density with get_numdens_radial
==> Saving catalog to ../../patchy_results/box5/redshift/radialgauss/mocks_void_xyz_scaledR/CATALPTCICz0.638G960S1685847119_zspace.radialgauss.sigma0.235.VOID.dat
==> Done
==> Reading ../../patchy_results/box5/redshift/radialgauss/mocks_void_xyz/CATALPTCICz0.638G960S1695327302_zspace.radialgauss.sigma0.235.VOID.dat
==> Computing local halo density with get_numdens_radial
==> Saving catalog to ../../patchy_results/box5/redshift/radialgauss/mocks_void_xyz_scaledR/CATALPTCICz0.638G960S1695327302_zspace.radialgauss.sigma0.235.VOID.dat
==> Done
==> Reading ../../patchy_results/box5/redshift/radialgauss/mocks_void_xyz/CATALPTCICz0.638G960S1701633369_zspace.radialgauss.sigma0.235.VOID.dat
==> Computing local halo density with get_numdens_radial
==> Saving catalog to ../../patchy_results/box5/redshift/radialgauss/mocks_void_xyz_scaledR/CATALPTCICz0.638G960S1701633369_zspace.radialgauss.sigma0.235.VOID.dat
==> Done
==> MPI process 4 finished.
==> Loading galaxy number density from ../../patchy_results/box5/redshift/radialgauss/plots/ngal_radial.npy
==> MPI process 8 has 6 jobs allocated.
==> Reading ../../patchy_results/box5/redshift/radialgauss/mocks_void_xyz/CATALPTCICz0.638G960S2073007256_zspace.radialgauss.sigma0.235.VOID.dat
==> Computing local halo density with get_numdens_radial
==> Saving catalog to ../../patchy_results/box5/redshift/radialgauss/mocks_void_xyz_scaledR/CATALPTCICz0.638G960S2073007256_zspace.radialgauss.sigma0.235.VOID.dat
==> Done
==> Reading ../../patchy_results/box5/redshift/radialgauss/mocks_void_xyz/CATALPTCICz0.638G960S2075331049_zspace.radialgauss.sigma0.235.VOID.dat
==> Computing local halo density with get_numdens_radial
==> Saving catalog to ../../patchy_results/box5/redshift/radialgauss/mocks_void_xyz_scaledR/CATALPTCICz0.638G960S2075331049_zspace.radialgauss.sigma0.235.VOID.dat
==> Done
==> Reading ../../patchy_results/box5/redshift/radialgauss/mocks_void_xyz/CATALPTCICz0.638G960S2078493117_zspace.radialgauss.sigma0.235.VOID.dat
==> Computing local halo density with get_numdens_radial
==> Saving catalog to ../../patchy_results/box5/redshift/radialgauss/mocks_void_xyz_scaledR/CATALPTCICz0.638G960S2078493117_zspace.radialgauss.sigma0.235.VOID.dat
==> Done
==> Reading ../../patchy_results/box5/redshift/radialgauss/mocks_void_xyz/CATALPTCICz0.638G960S2085350725_zspace.radialgauss.sigma0.235.VOID.dat
==> Computing local halo density with get_numdens_radial
==> Saving catalog to ../../patchy_results/box5/redshift/radialgauss/mocks_void_xyz_scaledR/CATALPTCICz0.638G960S2085350725_zspace.radialgauss.sigma0.235.VOID.dat
==> Done
==> Reading ../../patchy_results/box5/redshift/radialgauss/mocks_void_xyz/CATALPTCICz0.638G960S2105841094_zspace.radialgauss.sigma0.235.VOID.dat
==> Computing local halo density with get_numdens_radial
==> Saving catalog to ../../patchy_results/box5/redshift/radialgauss/mocks_void_xyz_scaledR/CATALPTCICz0.638G960S2105841094_zspace.radialgauss.sigma0.235.VOID.dat
==> Done
==> Reading ../../patchy_results/box5/redshift/radialgauss/mocks_void_xyz/CATALPTCICz0.638G960S2111416299_zspace.radialgauss.sigma0.235.VOID.dat
==> Computing local halo density with get_numdens_radial
==> Saving catalog to ../../patchy_results/box5/redshift/radialgauss/mocks_void_xyz_scaledR/CATALPTCICz0.638G960S2111416299_zspace.radialgauss.sigma0.235.VOID.dat
==> Done
==> MPI process 8 finished.
==> Loading galaxy number density from ../../patchy_results/box5/redshift/radialgauss/plots/ngal_radial.npy
==> MPI process 9 has 6 jobs allocated.
==> Reading ../../patchy_results/box5/redshift/radialgauss/mocks_void_xyz/CATALPTCICz0.638G960S2112032858_zspace.radialgauss.sigma0.235.VOID.dat
==> Computing local halo density with get_numdens_radial
==> Saving catalog to ../../patchy_results/box5/redshift/radialgauss/mocks_void_xyz_scaledR/CATALPTCICz0.638G960S2112032858_zspace.radialgauss.sigma0.235.VOID.dat
==> Done
==> Reading ../../patchy_results/box5/redshift/radialgauss/mocks_void_xyz/CATALPTCICz0.638G960S218944817_zspace.radialgauss.sigma0.235.VOID.dat
==> Computing local halo density with get_numdens_radial
==> Saving catalog to ../../patchy_results/box5/redshift/radialgauss/mocks_void_xyz_scaledR/CATALPTCICz0.638G960S218944817_zspace.radialgauss.sigma0.235.VOID.dat
==> Done
==> Reading ../../patchy_results/box5/redshift/radialgauss/mocks_void_xyz/CATALPTCICz0.638G960S231824037_zspace.radialgauss.sigma0.235.VOID.dat
==> Computing local halo density with get_numdens_radial
==> Saving catalog to ../../patchy_results/box5/redshift/radialgauss/mocks_void_xyz_scaledR/CATALPTCICz0.638G960S231824037_zspace.radialgauss.sigma0.235.VOID.dat
==> Done
==> Reading ../../patchy_results/box5/redshift/radialgauss/mocks_void_xyz/CATALPTCICz0.638G960S246409002_zspace.radialgauss.sigma0.235.VOID.dat
==> Computing local halo density with get_numdens_radial
==> Saving catalog to ../../patchy_results/box5/redshift/radialgauss/mocks_void_xyz_scaledR/CATALPTCICz0.638G960S246409002_zspace.radialgauss.sigma0.235.VOID.dat
==> Done
==> Reading ../../patchy_results/box5/redshift/radialgauss/mocks_void_xyz/CATALPTCICz0.638G960S254190428_zspace.radialgauss.sigma0.235.VOID.dat
==> Computing local halo density with get_numdens_radial
==> Saving catalog to ../../patchy_results/box5/redshift/radialgauss/mocks_void_xyz_scaledR/CATALPTCICz0.638G960S254190428_zspace.radialgauss.sigma0.235.VOID.dat
==> Done
==> Reading ../../patchy_results/box5/redshift/radialgauss/mocks_void_xyz/CATALPTCICz0.638G960S257253385_zspace.radialgauss.sigma0.235.VOID.dat
==> Computing local halo density with get_numdens_radial
==> Saving catalog to ../../patchy_results/box5/redshift/radialgauss/mocks_void_xyz_scaledR/CATALPTCICz0.638G960S257253385_zspace.radialgauss.sigma0.235.VOID.dat
==> Done
==> MPI process 9 finished.
==> Loading galaxy number density from ../../patchy_results/box5/redshift/radialgauss/plots/ngal_radial.npy
==> MPI process 10 has 6 jobs allocated.
==> Reading ../../patchy_results/box5/redshift/radialgauss/mocks_void_xyz/CATALPTCICz0.638G960S298829905_zspace.radialgauss.sigma0.235.VOID.dat
==> Computing local halo density with get_numdens_radial
==> Saving catalog to ../../patchy_results/box5/redshift/radialgauss/mocks_void_xyz_scaledR/CATALPTCICz0.638G960S298829905_zspace.radialgauss.sigma0.235.VOID.dat
==> Done
==> Reading ../../patchy_results/box5/redshift/radialgauss/mocks_void_xyz/CATALPTCICz0.638G960S337281450_zspace.radialgauss.sigma0.235.VOID.dat
==> Computing local halo density with get_numdens_radial
==> Saving catalog to ../../patchy_results/box5/redshift/radialgauss/mocks_void_xyz_scaledR/CATALPTCICz0.638G960S337281450_zspace.radialgauss.sigma0.235.VOID.dat
==> Done
==> Reading ../../patchy_results/box5/redshift/radialgauss/mocks_void_xyz/CATALPTCICz0.638G960S353309712_zspace.radialgauss.sigma0.235.VOID.dat
==> Computing local halo density with get_numdens_radial
==> Saving catalog to ../../patchy_results/box5/redshift/radialgauss/mocks_void_xyz_scaledR/CATALPTCICz0.638G960S353309712_zspace.radialgauss.sigma0.235.VOID.dat
==> Done
==> Reading ../../patchy_results/box5/redshift/radialgauss/mocks_void_xyz/CATALPTCICz0.638G960S355476410_zspace.radialgauss.sigma0.235.VOID.dat
==> Computing local halo density with get_numdens_radial
==> Saving catalog to ../../patchy_results/box5/redshift/radialgauss/mocks_void_xyz_scaledR/CATALPTCICz0.638G960S355476410_zspace.radialgauss.sigma0.235.VOID.dat
==> Done
==> Reading ../../patchy_results/box5/redshift/radialgauss/mocks_void_xyz/CATALPTCICz0.638G960S362641756_zspace.radialgauss.sigma0.235.VOID.dat
==> Computing local halo density with get_numdens_radial
==> Saving catalog to ../../patchy_results/box5/redshift/radialgauss/mocks_void_xyz_scaledR/CATALPTCICz0.638G960S362641756_zspace.radialgauss.sigma0.235.VOID.dat
==> Done
==> Reading ../../patchy_results/box5/redshift/radialgauss/mocks_void_xyz/CATALPTCICz0.638G960S375858835_zspace.radialgauss.sigma0.235.VOID.dat
==> Computing local halo density with get_numdens_radial
==> Saving catalog to ../../patchy_results/box5/redshift/radialgauss/mocks_void_xyz_scaledR/CATALPTCICz0.638G960S375858835_zspace.radialgauss.sigma0.235.VOID.dat
==> Done
==> MPI process 10 finished.
==> Loading galaxy number density from ../../patchy_results/box5/redshift/radialgauss/plots/ngal_radial.npy
==> MPI process 14 has 6 jobs allocated.
==> Reading ../../patchy_results/box5/redshift/radialgauss/mocks_void_xyz/CATALPTCICz0.638G960S712845302_zspace.radialgauss.sigma0.235.VOID.dat
==> Computing local halo density with get_numdens_radial
==> Saving catalog to ../../patchy_results/box5/redshift/radialgauss/mocks_void_xyz_scaledR/CATALPTCICz0.638G960S712845302_zspace.radialgauss.sigma0.235.VOID.dat
==> Done
==> Reading ../../patchy_results/box5/redshift/radialgauss/mocks_void_xyz/CATALPTCICz0.638G960S714498039_zspace.radialgauss.sigma0.235.VOID.dat
==> Computing local halo density with get_numdens_radial
==> Saving catalog to ../../patchy_results/box5/redshift/radialgauss/mocks_void_xyz_scaledR/CATALPTCICz0.638G960S714498039_zspace.radialgauss.sigma0.235.VOID.dat
==> Done
==> Reading ../../patchy_results/box5/redshift/radialgauss/mocks_void_xyz/CATALPTCICz0.638G960S722630307_zspace.radialgauss.sigma0.235.VOID.dat
==> Computing local halo density with get_numdens_radial
==> Saving catalog to ../../patchy_results/box5/redshift/radialgauss/mocks_void_xyz_scaledR/CATALPTCICz0.638G960S722630307_zspace.radialgauss.sigma0.235.VOID.dat
==> Done
==> Reading ../../patchy_results/box5/redshift/radialgauss/mocks_void_xyz/CATALPTCICz0.638G960S734516214_zspace.radialgauss.sigma0.235.VOID.dat
==> Computing local halo density with get_numdens_radial
==> Saving catalog to ../../patchy_results/box5/redshift/radialgauss/mocks_void_xyz_scaledR/CATALPTCICz0.638G960S734516214_zspace.radialgauss.sigma0.235.VOID.dat
==> Done
==> Reading ../../patchy_results/box5/redshift/radialgauss/mocks_void_xyz/CATALPTCICz0.638G960S761797766_zspace.radialgauss.sigma0.235.VOID.dat
==> Computing local halo density with get_numdens_radial
==> Saving catalog to ../../patchy_results/box5/redshift/radialgauss/mocks_void_xyz_scaledR/CATALPTCICz0.638G960S761797766_zspace.radialgauss.sigma0.235.VOID.dat
==> Done
==> Reading ../../patchy_results/box5/redshift/radialgauss/mocks_void_xyz/CATALPTCICz0.638G960S834266118_zspace.radialgauss.sigma0.235.VOID.dat
==> Computing local halo density with get_numdens_radial
==> Saving catalog to ../../patchy_results/box5/redshift/radialgauss/mocks_void_xyz_scaledR/CATALPTCICz0.638G960S834266118_zspace.radialgauss.sigma0.235.VOID.dat
==> Done
==> MPI process 14 finished.
==> Loading galaxy number density from ../../patchy_results/box5/redshift/radialgauss/plots/ngal_radial.npy
==> MPI process 12 has 6 jobs allocated.
==> Reading ../../patchy_results/box5/redshift/radialgauss/mocks_void_xyz/CATALPTCICz0.638G960S406929492_zspace.radialgauss.sigma0.235.VOID.dat
==> Computing local halo density with get_numdens_radial
==> Saving catalog to ../../patchy_results/box5/redshift/radialgauss/mocks_void_xyz_scaledR/CATALPTCICz0.638G960S406929492_zspace.radialgauss.sigma0.235.VOID.dat
==> Done
==> Reading ../../patchy_results/box5/redshift/radialgauss/mocks_void_xyz/CATALPTCICz0.638G960S407794711_zspace.radialgauss.sigma0.235.VOID.dat
==> Computing local halo density with get_numdens_radial
==> Saving catalog to ../../patchy_results/box5/redshift/radialgauss/mocks_void_xyz_scaledR/CATALPTCICz0.638G960S407794711_zspace.radialgauss.sigma0.235.VOID.dat
==> Done
==> Reading ../../patchy_results/box5/redshift/radialgauss/mocks_void_xyz/CATALPTCICz0.638G960S408624275_zspace.radialgauss.sigma0.235.VOID.dat
==> Computing local halo density with get_numdens_radial
==> Saving catalog to ../../patchy_results/box5/redshift/radialgauss/mocks_void_xyz_scaledR/CATALPTCICz0.638G960S408624275_zspace.radialgauss.sigma0.235.VOID.dat
==> Done
==> Reading ../../patchy_results/box5/redshift/radialgauss/mocks_void_xyz/CATALPTCICz0.638G960S470062667_zspace.radialgauss.sigma0.235.VOID.dat
==> Computing local halo density with get_numdens_radial
==> Saving catalog to ../../patchy_results/box5/redshift/radialgauss/mocks_void_xyz_scaledR/CATALPTCICz0.638G960S470062667_zspace.radialgauss.sigma0.235.VOID.dat
==> Done
==> Reading ../../patchy_results/box5/redshift/radialgauss/mocks_void_xyz/CATALPTCICz0.638G960S472036293_zspace.radialgauss.sigma0.235.VOID.dat
==> Computing local halo density with get_numdens_radial
==> Saving catalog to ../../patchy_results/box5/redshift/radialgauss/mocks_void_xyz_scaledR/CATALPTCICz0.638G960S472036293_zspace.radialgauss.sigma0.235.VOID.dat
==> Done
==> Reading ../../patchy_results/box5/redshift/radialgauss/mocks_void_xyz/CATALPTCICz0.638G960S476029608_zspace.radialgauss.sigma0.235.VOID.dat
==> Computing local halo density with get_numdens_radial
==> Saving catalog to ../../patchy_results/box5/redshift/radialgauss/mocks_void_xyz_scaledR/CATALPTCICz0.638G960S476029608_zspace.radialgauss.sigma0.235.VOID.dat
==> Done
==> MPI process 12 finished.
==> Loading galaxy number density from ../../patchy_results/box5/redshift/radialgauss/plots/ngal_radial.npy
==> MPI process 13 has 6 jobs allocated.
==> Reading ../../patchy_results/box5/redshift/radialgauss/mocks_void_xyz/CATALPTCICz0.638G960S479471968_zspace.radialgauss.sigma0.235.VOID.dat
==> Computing local halo density with get_numdens_radial
==> Saving catalog to ../../patchy_results/box5/redshift/radialgauss/mocks_void_xyz_scaledR/CATALPTCICz0.638G960S479471968_zspace.radialgauss.sigma0.235.VOID.dat
==> Done
==> Reading ../../patchy_results/box5/redshift/radialgauss/mocks_void_xyz/CATALPTCICz0.638G960S490973172_zspace.radialgauss.sigma0.235.VOID.dat
==> Computing local halo density with get_numdens_radial
==> Saving catalog to ../../patchy_results/box5/redshift/radialgauss/mocks_void_xyz_scaledR/CATALPTCICz0.638G960S490973172_zspace.radialgauss.sigma0.235.VOID.dat
==> Done
==> Reading ../../patchy_results/box5/redshift/radialgauss/mocks_void_xyz/CATALPTCICz0.638G960S551607063_zspace.radialgauss.sigma0.235.VOID.dat
==> Computing local halo density with get_numdens_radial
==> Saving catalog to ../../patchy_results/box5/redshift/radialgauss/mocks_void_xyz_scaledR/CATALPTCICz0.638G960S551607063_zspace.radialgauss.sigma0.235.VOID.dat
==> Done
==> Reading ../../patchy_results/box5/redshift/radialgauss/mocks_void_xyz/CATALPTCICz0.638G960S601918842_zspace.radialgauss.sigma0.235.VOID.dat
==> Computing local halo density with get_numdens_radial
==> Saving catalog to ../../patchy_results/box5/redshift/radialgauss/mocks_void_xyz_scaledR/CATALPTCICz0.638G960S601918842_zspace.radialgauss.sigma0.235.VOID.dat
==> Done
==> Reading ../../patchy_results/box5/redshift/radialgauss/mocks_void_xyz/CATALPTCICz0.638G960S662986527_zspace.radialgauss.sigma0.235.VOID.dat
==> Computing local halo density with get_numdens_radial
==> Saving catalog to ../../patchy_results/box5/redshift/radialgauss/mocks_void_xyz_scaledR/CATALPTCICz0.638G960S662986527_zspace.radialgauss.sigma0.235.VOID.dat
==> Done
==> Reading ../../patchy_results/box5/redshift/radialgauss/mocks_void_xyz/CATALPTCICz0.638G960S697291398_zspace.radialgauss.sigma0.235.VOID.dat
==> Computing local halo density with get_numdens_radial
==> Saving catalog to ../../patchy_results/box5/redshift/radialgauss/mocks_void_xyz_scaledR/CATALPTCICz0.638G960S697291398_zspace.radialgauss.sigma0.235.VOID.dat
==> Done
==> MPI process 13 finished.
==> Loading galaxy number density from ../../patchy_results/box5/redshift/radialgauss/plots/ngal_radial.npy
==> MPI process 15 has 6 jobs allocated.
==> Reading ../../patchy_results/box5/redshift/radialgauss/mocks_void_xyz/CATALPTCICz0.638G960S862729728_zspace.radialgauss.sigma0.235.VOID.dat
==> Computing local halo density with get_numdens_radial
==> Saving catalog to ../../patchy_results/box5/redshift/radialgauss/mocks_void_xyz_scaledR/CATALPTCICz0.638G960S862729728_zspace.radialgauss.sigma0.235.VOID.dat
==> Done
==> Reading ../../patchy_results/box5/redshift/radialgauss/mocks_void_xyz/CATALPTCICz0.638G960S903542203_zspace.radialgauss.sigma0.235.VOID.dat
==> Computing local halo density with get_numdens_radial
==> Saving catalog to ../../patchy_results/box5/redshift/radialgauss/mocks_void_xyz_scaledR/CATALPTCICz0.638G960S903542203_zspace.radialgauss.sigma0.235.VOID.dat
==> Done
==> Reading ../../patchy_results/box5/redshift/radialgauss/mocks_void_xyz/CATALPTCICz0.638G960S908161114_zspace.radialgauss.sigma0.235.VOID.dat
==> Computing local halo density with get_numdens_radial
==> Saving catalog to ../../patchy_results/box5/redshift/radialgauss/mocks_void_xyz_scaledR/CATALPTCICz0.638G960S908161114_zspace.radialgauss.sigma0.235.VOID.dat
==> Done
==> Reading ../../patchy_results/box5/redshift/radialgauss/mocks_void_xyz/CATALPTCICz0.638G960S917280234_zspace.radialgauss.sigma0.235.VOID.dat
==> Computing local halo density with get_numdens_radial
==> Saving catalog to ../../patchy_results/box5/redshift/radialgauss/mocks_void_xyz_scaledR/CATALPTCICz0.638G960S917280234_zspace.radialgauss.sigma0.235.VOID.dat
==> Done
==> Reading ../../patchy_results/box5/redshift/radialgauss/mocks_void_xyz/CATALPTCICz0.638G960S956291290_zspace.radialgauss.sigma0.235.VOID.dat
==> Computing local halo density with get_numdens_radial
==> Saving catalog to ../../patchy_results/box5/redshift/radialgauss/mocks_void_xyz_scaledR/CATALPTCICz0.638G960S956291290_zspace.radialgauss.sigma0.235.VOID.dat
==> Done
==> Reading ../../patchy_results/box5/redshift/radialgauss/mocks_void_xyz/CATALPTCICz0.638G960S996166056_zspace.radialgauss.sigma0.235.VOID.dat
==> Computing local halo density with get_numdens_radial
==> Saving catalog to ../../patchy_results/box5/redshift/radialgauss/mocks_void_xyz_scaledR/CATALPTCICz0.638G960S996166056_zspace.radialgauss.sigma0.235.VOID.dat
==> Done
==> MPI process 15 finished.
==> Loading galaxy number density from ../../patchy_results/box5/redshift/radialgauss/plots/ngal_radial.npy
==> MPI process 3 has 7 jobs allocated.
==> Reading ../../patchy_results/box5/redshift/radialgauss/mocks_void_xyz/CATALPTCICz0.638G960S1448773697_zspace.radialgauss.sigma0.235.VOID.dat
==> Computing local halo density with get_numdens_radial
==> Saving catalog to ../../patchy_results/box5/redshift/radialgauss/mocks_void_xyz_scaledR/CATALPTCICz0.638G960S1448773697_zspace.radialgauss.sigma0.235.VOID.dat
==> Done
==> Reading ../../patchy_results/box5/redshift/radialgauss/mocks_void_xyz/CATALPTCICz0.638G960S1456002624_zspace.radialgauss.sigma0.235.VOID.dat
==> Computing local halo density with get_numdens_radial
==> Saving catalog to ../../patchy_results/box5/redshift/radialgauss/mocks_void_xyz_scaledR/CATALPTCICz0.638G960S1456002624_zspace.radialgauss.sigma0.235.VOID.dat
==> Done
==> Reading ../../patchy_results/box5/redshift/radialgauss/mocks_void_xyz/CATALPTCICz0.638G960S1458854362_zspace.radialgauss.sigma0.235.VOID.dat
==> Computing local halo density with get_numdens_radial
==> Saving catalog to ../../patchy_results/box5/redshift/radialgauss/mocks_void_xyz_scaledR/CATALPTCICz0.638G960S1458854362_zspace.radialgauss.sigma0.235.VOID.dat
==> Done
==> Reading ../../patchy_results/box5/redshift/radialgauss/mocks_void_xyz/CATALPTCICz0.638G960S1503770694_zspace.radialgauss.sigma0.235.VOID.dat
==> Computing local halo density with get_numdens_radial
==> Saving catalog to ../../patchy_results/box5/redshift/radialgauss/mocks_void_xyz_scaledR/CATALPTCICz0.638G960S1503770694_zspace.radialgauss.sigma0.235.VOID.dat
==> Done
==> Reading ../../patchy_results/box5/redshift/radialgauss/mocks_void_xyz/CATALPTCICz0.638G960S1565417923_zspace.radialgauss.sigma0.235.VOID.dat
==> Computing local halo density with get_numdens_radial
==> Saving catalog to ../../patchy_results/box5/redshift/radialgauss/mocks_void_xyz_scaledR/CATALPTCICz0.638G960S1565417923_zspace.radialgauss.sigma0.235.VOID.dat
==> Done
==> Reading ../../patchy_results/box5/redshift/radialgauss/mocks_void_xyz/CATALPTCICz0.638G960S1565862370_zspace.radialgauss.sigma0.235.VOID.dat
==> Computing local halo density with get_numdens_radial
==> Saving catalog to ../../patchy_results/box5/redshift/radialgauss/mocks_void_xyz_scaledR/CATALPTCICz0.638G960S1565862370_zspace.radialgauss.sigma0.235.VOID.dat
==> Done
==> Reading ../../patchy_results/box5/redshift/radialgauss/mocks_void_xyz/CATALPTCICz0.638G960S1586223277_zspace.radialgauss.sigma0.235.VOID.dat
==> Computing local halo density with get_numdens_radial
==> Saving catalog to ../../patchy_results/box5/redshift/radialgauss/mocks_void_xyz_scaledR/CATALPTCICz0.638G960S1586223277_zspace.radialgauss.sigma0.235.VOID.dat
==> Done
==> MPI process 3 finished.
==> Loading galaxy number density from ../../patchy_results/box5/redshift/radialgauss/plots/ngal_radial.npy
==> MPI process 11 has 6 jobs allocated.
==> Reading ../../patchy_results/box5/redshift/radialgauss/mocks_void_xyz/CATALPTCICz0.638G960S376146255_zspace.radialgauss.sigma0.235.VOID.dat
==> Computing local halo density with get_numdens_radial
==> Saving catalog to ../../patchy_results/box5/redshift/radialgauss/mocks_void_xyz_scaledR/CATALPTCICz0.638G960S376146255_zspace.radialgauss.sigma0.235.VOID.dat
==> Done
==> Reading ../../patchy_results/box5/redshift/radialgauss/mocks_void_xyz/CATALPTCICz0.638G960S380713955_zspace.radialgauss.sigma0.235.VOID.dat
==> Computing local halo density with get_numdens_radial
==> Saving catalog to ../../patchy_results/box5/redshift/radialgauss/mocks_void_xyz_scaledR/CATALPTCICz0.638G960S380713955_zspace.radialgauss.sigma0.235.VOID.dat
==> Done
==> Reading ../../patchy_results/box5/redshift/radialgauss/mocks_void_xyz/CATALPTCICz0.638G960S384074470_zspace.radialgauss.sigma0.235.VOID.dat
==> Computing local halo density with get_numdens_radial
==> Saving catalog to ../../patchy_results/box5/redshift/radialgauss/mocks_void_xyz_scaledR/CATALPTCICz0.638G960S384074470_zspace.radialgauss.sigma0.235.VOID.dat
==> Done
==> Reading ../../patchy_results/box5/redshift/radialgauss/mocks_void_xyz/CATALPTCICz0.638G960S398774913_zspace.radialgauss.sigma0.235.VOID.dat
==> Computing local halo density with get_numdens_radial
==> Saving catalog to ../../patchy_results/box5/redshift/radialgauss/mocks_void_xyz_scaledR/CATALPTCICz0.638G960S398774913_zspace.radialgauss.sigma0.235.VOID.dat
==> Done
==> Reading ../../patchy_results/box5/redshift/radialgauss/mocks_void_xyz/CATALPTCICz0.638G960S399836114_zspace.radialgauss.sigma0.235.VOID.dat
==> Computing local halo density with get_numdens_radial
==> Saving catalog to ../../patchy_results/box5/redshift/radialgauss/mocks_void_xyz_scaledR/CATALPTCICz0.638G960S399836114_zspace.radialgauss.sigma0.235.VOID.dat
==> Done
==> Reading ../../patchy_results/box5/redshift/radialgauss/mocks_void_xyz/CATALPTCICz0.638G960S401689436_zspace.radialgauss.sigma0.235.VOID.dat
==> Computing local halo density with get_numdens_radial
==> Saving catalog to ../../patchy_results/box5/redshift/radialgauss/mocks_void_xyz_scaledR/CATALPTCICz0.638G960S401689436_zspace.radialgauss.sigma0.235.VOID.dat
==> Done
==> MPI process 11 finished.
