==> Loading galaxy number density from ../../patchy_results/box1/real/radialgauss/plots/ngal_radial.npy
==> MPI process 1 has 7 jobs allocated.
==> Reading ../../patchy_results/box1/real/radialgauss/mocks_void_xyz/CATALPTCICz0.466G960S1172037969.radialgauss.sigma0.235.VOID.dat
==> Computing local halo density with get_numdens_radial
==> Saving catalog to ../../patchy_results/box1/real/radialgauss/mocks_void_xyz_scaledR/CATALPTCICz0.466G960S1172037969.radialgauss.sigma0.235.VOID.dat
==> Done
==> Reading ../../patchy_results/box1/real/radialgauss/mocks_void_xyz/CATALPTCICz0.466G960S1186219234.radialgauss.sigma0.235.VOID.dat
==> Computing local halo density with get_numdens_radial
==> Saving catalog to ../../patchy_results/box1/real/radialgauss/mocks_void_xyz_scaledR/CATALPTCICz0.466G960S1186219234.radialgauss.sigma0.235.VOID.dat
==> Done
==> Reading ../../patchy_results/box1/real/radialgauss/mocks_void_xyz/CATALPTCICz0.466G960S120803028.radialgauss.sigma0.235.VOID.dat
==> Computing local halo density with get_numdens_radial
==> Saving catalog to ../../patchy_results/box1/real/radialgauss/mocks_void_xyz_scaledR/CATALPTCICz0.466G960S120803028.radialgauss.sigma0.235.VOID.dat
==> Done
==> Reading ../../patchy_results/box1/real/radialgauss/mocks_void_xyz/CATALPTCICz0.466G960S1256484261.radialgauss.sigma0.235.VOID.dat
==> Computing local halo density with get_numdens_radial
==> Saving catalog to ../../patchy_results/box1/real/radialgauss/mocks_void_xyz_scaledR/CATALPTCICz0.466G960S1256484261.radialgauss.sigma0.235.VOID.dat
==> Done
==> Reading ../../patchy_results/box1/real/radialgauss/mocks_void_xyz/CATALPTCICz0.466G960S1263047563.radialgauss.sigma0.235.VOID.dat
==> Computing local halo density with get_numdens_radial
==> Saving catalog to ../../patchy_results/box1/real/radialgauss/mocks_void_xyz_scaledR/CATALPTCICz0.466G960S1263047563.radialgauss.sigma0.235.VOID.dat
==> Done
==> Reading ../../patchy_results/box1/real/radialgauss/mocks_void_xyz/CATALPTCICz0.466G960S1270858461.radialgauss.sigma0.235.VOID.dat
==> Computing local halo density with get_numdens_radial
==> Saving catalog to ../../patchy_results/box1/real/radialgauss/mocks_void_xyz_scaledR/CATALPTCICz0.466G960S1270858461.radialgauss.sigma0.235.VOID.dat
==> Done
==> Reading ../../patchy_results/box1/real/radialgauss/mocks_void_xyz/CATALPTCICz0.466G960S1288612254.radialgauss.sigma0.235.VOID.dat
==> Computing local halo density with get_numdens_radial
==> Saving catalog to ../../patchy_results/box1/real/radialgauss/mocks_void_xyz_scaledR/CATALPTCICz0.466G960S1288612254.radialgauss.sigma0.235.VOID.dat
==> Done
==> MPI process 1 finished.
==> Loading galaxy number density from ../../patchy_results/box1/real/radialgauss/plots/ngal_radial.npy
==> MPI process 3 has 7 jobs allocated.
==> Reading ../../patchy_results/box1/real/radialgauss/mocks_void_xyz/CATALPTCICz0.466G960S1448773697.radialgauss.sigma0.235.VOID.dat
==> Computing local halo density with get_numdens_radial
==> Saving catalog to ../../patchy_results/box1/real/radialgauss/mocks_void_xyz_scaledR/CATALPTCICz0.466G960S1448773697.radialgauss.sigma0.235.VOID.dat
==> Done
==> Reading ../../patchy_results/box1/real/radialgauss/mocks_void_xyz/CATALPTCICz0.466G960S1456002624.radialgauss.sigma0.235.VOID.dat
==> Computing local halo density with get_numdens_radial
==> Saving catalog to ../../patchy_results/box1/real/radialgauss/mocks_void_xyz_scaledR/CATALPTCICz0.466G960S1456002624.radialgauss.sigma0.235.VOID.dat
==> Done
==> Reading ../../patchy_results/box1/real/radialgauss/mocks_void_xyz/CATALPTCICz0.466G960S1458854362.radialgauss.sigma0.235.VOID.dat
==> Computing local halo density with get_numdens_radial
==> Saving catalog to ../../patchy_results/box1/real/radialgauss/mocks_void_xyz_scaledR/CATALPTCICz0.466G960S1458854362.radialgauss.sigma0.235.VOID.dat
==> Done
==> Reading ../../patchy_results/box1/real/radialgauss/mocks_void_xyz/CATALPTCICz0.466G960S1503770694.radialgauss.sigma0.235.VOID.dat
==> Computing local halo density with get_numdens_radial
==> Saving catalog to ../../patchy_results/box1/real/radialgauss/mocks_void_xyz_scaledR/CATALPTCICz0.466G960S1503770694.radialgauss.sigma0.235.VOID.dat
==> Done
==> Reading ../../patchy_results/box1/real/radialgauss/mocks_void_xyz/CATALPTCICz0.466G960S1565417923.radialgauss.sigma0.235.VOID.dat
==> Computing local halo density with get_numdens_radial
==> Saving catalog to ../../patchy_results/box1/real/radialgauss/mocks_void_xyz_scaledR/CATALPTCICz0.466G960S1565417923.radialgauss.sigma0.235.VOID.dat
==> Done
==> Reading ../../patchy_results/box1/real/radialgauss/mocks_void_xyz/CATALPTCICz0.466G960S1565862370.radialgauss.sigma0.235.VOID.dat
==> Computing local halo density with get_numdens_radial
==> Saving catalog to ../../patchy_results/box1/real/radialgauss/mocks_void_xyz_scaledR/CATALPTCICz0.466G960S1565862370.radialgauss.sigma0.235.VOID.dat
==> Done
==> Reading ../../patchy_results/box1/real/radialgauss/mocks_void_xyz/CATALPTCICz0.466G960S1586223277.radialgauss.sigma0.235.VOID.dat
==> Computing local halo density with get_numdens_radial
==> Saving catalog to ../../patchy_results/box1/real/radialgauss/mocks_void_xyz_scaledR/CATALPTCICz0.466G960S1586223277.radialgauss.sigma0.235.VOID.dat
==> Done
==> MPI process 3 finished.
==> Loading galaxy number density from ../../patchy_results/box1/real/radialgauss/plots/ngal_radial.npy
==> MPI process 13 has 6 jobs allocated.
==> Reading ../../patchy_results/box1/real/radialgauss/mocks_void_xyz/CATALPTCICz0.466G960S479471968.radialgauss.sigma0.235.VOID.dat
==> Computing local halo density with get_numdens_radial
==> Saving catalog to ../../patchy_results/box1/real/radialgauss/mocks_void_xyz_scaledR/CATALPTCICz0.466G960S479471968.radialgauss.sigma0.235.VOID.dat
==> Done
==> Reading ../../patchy_results/box1/real/radialgauss/mocks_void_xyz/CATALPTCICz0.466G960S490973172.radialgauss.sigma0.235.VOID.dat
==> Computing local halo density with get_numdens_radial
==> Saving catalog to ../../patchy_results/box1/real/radialgauss/mocks_void_xyz_scaledR/CATALPTCICz0.466G960S490973172.radialgauss.sigma0.235.VOID.dat
==> Done
==> Reading ../../patchy_results/box1/real/radialgauss/mocks_void_xyz/CATALPTCICz0.466G960S551607063.radialgauss.sigma0.235.VOID.dat
==> Computing local halo density with get_numdens_radial
==> Saving catalog to ../../patchy_results/box1/real/radialgauss/mocks_void_xyz_scaledR/CATALPTCICz0.466G960S551607063.radialgauss.sigma0.235.VOID.dat
==> Done
==> Reading ../../patchy_results/box1/real/radialgauss/mocks_void_xyz/CATALPTCICz0.466G960S601918842.radialgauss.sigma0.235.VOID.dat
==> Computing local halo density with get_numdens_radial
==> Saving catalog to ../../patchy_results/box1/real/radialgauss/mocks_void_xyz_scaledR/CATALPTCICz0.466G960S601918842.radialgauss.sigma0.235.VOID.dat
==> Done
==> Reading ../../patchy_results/box1/real/radialgauss/mocks_void_xyz/CATALPTCICz0.466G960S662986527.radialgauss.sigma0.235.VOID.dat
==> Computing local halo density with get_numdens_radial
==> Saving catalog to ../../patchy_results/box1/real/radialgauss/mocks_void_xyz_scaledR/CATALPTCICz0.466G960S662986527.radialgauss.sigma0.235.VOID.dat
==> Done
==> Reading ../../patchy_results/box1/real/radialgauss/mocks_void_xyz/CATALPTCICz0.466G960S697291398.radialgauss.sigma0.235.VOID.dat
==> Computing local halo density with get_numdens_radial
==> Saving catalog to ../../patchy_results/box1/real/radialgauss/mocks_void_xyz_scaledR/CATALPTCICz0.466G960S697291398.radialgauss.sigma0.235.VOID.dat
==> Done
==> MPI process 13 finished.
==> Loading galaxy number density from ../../patchy_results/box1/real/radialgauss/plots/ngal_radial.npy
==> MPI process 7 has 6 jobs allocated.
==> Reading ../../patchy_results/box1/real/radialgauss/mocks_void_xyz/CATALPTCICz0.466G960S1992528790.radialgauss.sigma0.235.VOID.dat
==> Computing local halo density with get_numdens_radial
==> Saving catalog to ../../patchy_results/box1/real/radialgauss/mocks_void_xyz_scaledR/CATALPTCICz0.466G960S1992528790.radialgauss.sigma0.235.VOID.dat
==> Done
==> Reading ../../patchy_results/box1/real/radialgauss/mocks_void_xyz/CATALPTCICz0.466G960S2005020971.radialgauss.sigma0.235.VOID.dat
==> Computing local halo density with get_numdens_radial
==> Saving catalog to ../../patchy_results/box1/real/radialgauss/mocks_void_xyz_scaledR/CATALPTCICz0.466G960S2005020971.radialgauss.sigma0.235.VOID.dat
==> Done
==> Reading ../../patchy_results/box1/real/radialgauss/mocks_void_xyz/CATALPTCICz0.466G960S2007956662.radialgauss.sigma0.235.VOID.dat
==> Computing local halo density with get_numdens_radial
==> Saving catalog to ../../patchy_results/box1/real/radialgauss/mocks_void_xyz_scaledR/CATALPTCICz0.466G960S2007956662.radialgauss.sigma0.235.VOID.dat
==> Done
==> Reading ../../patchy_results/box1/real/radialgauss/mocks_void_xyz/CATALPTCICz0.466G960S2038140029.radialgauss.sigma0.235.VOID.dat
==> Computing local halo density with get_numdens_radial
==> Saving catalog to ../../patchy_results/box1/real/radialgauss/mocks_void_xyz_scaledR/CATALPTCICz0.466G960S2038140029.radialgauss.sigma0.235.VOID.dat
==> Done
==> Reading ../../patchy_results/box1/real/radialgauss/mocks_void_xyz/CATALPTCICz0.466G960S205000556.radialgauss.sigma0.235.VOID.dat
==> Computing local halo density with get_numdens_radial
==> Saving catalog to ../../patchy_results/box1/real/radialgauss/mocks_void_xyz_scaledR/CATALPTCICz0.466G960S205000556.radialgauss.sigma0.235.VOID.dat
==> Done
==> Reading ../../patchy_results/box1/real/radialgauss/mocks_void_xyz/CATALPTCICz0.466G960S2058241144.radialgauss.sigma0.235.VOID.dat
==> Computing local halo density with get_numdens_radial
==> Saving catalog to ../../patchy_results/box1/real/radialgauss/mocks_void_xyz_scaledR/CATALPTCICz0.466G960S2058241144.radialgauss.sigma0.235.VOID.dat
==> Done
==> MPI process 7 finished.
==> Loading galaxy number density from ../../patchy_results/box1/real/radialgauss/plots/ngal_radial.npy
==> MPI process 6 has 6 jobs allocated.
==> Reading ../../patchy_results/box1/real/radialgauss/mocks_void_xyz/CATALPTCICz0.466G960S1843354749.radialgauss.sigma0.235.VOID.dat
==> Computing local halo density with get_numdens_radial
==> Saving catalog to ../../patchy_results/box1/real/radialgauss/mocks_void_xyz_scaledR/CATALPTCICz0.466G960S1843354749.radialgauss.sigma0.235.VOID.dat
==> Done
==> Reading ../../patchy_results/box1/real/radialgauss/mocks_void_xyz/CATALPTCICz0.466G960S1852228798.radialgauss.sigma0.235.VOID.dat
==> Computing local halo density with get_numdens_radial
==> Saving catalog to ../../patchy_results/box1/real/radialgauss/mocks_void_xyz_scaledR/CATALPTCICz0.466G960S1852228798.radialgauss.sigma0.235.VOID.dat
==> Done
==> Reading ../../patchy_results/box1/real/radialgauss/mocks_void_xyz/CATALPTCICz0.466G960S1897253935.radialgauss.sigma0.235.VOID.dat
==> Computing local halo density with get_numdens_radial
==> Saving catalog to ../../patchy_results/box1/real/radialgauss/mocks_void_xyz_scaledR/CATALPTCICz0.466G960S1897253935.radialgauss.sigma0.235.VOID.dat
==> Done
==> Reading ../../patchy_results/box1/real/radialgauss/mocks_void_xyz/CATALPTCICz0.466G960S1941846360.radialgauss.sigma0.235.VOID.dat
==> Computing local halo density with get_numdens_radial
==> Saving catalog to ../../patchy_results/box1/real/radialgauss/mocks_void_xyz_scaledR/CATALPTCICz0.466G960S1941846360.radialgauss.sigma0.235.VOID.dat
==> Done
==> Reading ../../patchy_results/box1/real/radialgauss/mocks_void_xyz/CATALPTCICz0.466G960S1942615915.radialgauss.sigma0.235.VOID.dat
==> Computing local halo density with get_numdens_radial
==> Saving catalog to ../../patchy_results/box1/real/radialgauss/mocks_void_xyz_scaledR/CATALPTCICz0.466G960S1942615915.radialgauss.sigma0.235.VOID.dat
==> Done
==> Reading ../../patchy_results/box1/real/radialgauss/mocks_void_xyz/CATALPTCICz0.466G960S196817175.radialgauss.sigma0.235.VOID.dat
==> Computing local halo density with get_numdens_radial
==> Saving catalog to ../../patchy_results/box1/real/radialgauss/mocks_void_xyz_scaledR/CATALPTCICz0.466G960S196817175.radialgauss.sigma0.235.VOID.dat
==> Done
==> MPI process 6 finished.
==> Loading galaxy number density from ../../patchy_results/box1/real/radialgauss/plots/ngal_radial.npy
==> MPI process 12 has 6 jobs allocated.
==> Reading ../../patchy_results/box1/real/radialgauss/mocks_void_xyz/CATALPTCICz0.466G960S406929492.radialgauss.sigma0.235.VOID.dat
==> Computing local halo density with get_numdens_radial
==> Saving catalog to ../../patchy_results/box1/real/radialgauss/mocks_void_xyz_scaledR/CATALPTCICz0.466G960S406929492.radialgauss.sigma0.235.VOID.dat
==> Done
==> Reading ../../patchy_results/box1/real/radialgauss/mocks_void_xyz/CATALPTCICz0.466G960S407794711.radialgauss.sigma0.235.VOID.dat
==> Computing local halo density with get_numdens_radial
==> Saving catalog to ../../patchy_results/box1/real/radialgauss/mocks_void_xyz_scaledR/CATALPTCICz0.466G960S407794711.radialgauss.sigma0.235.VOID.dat
==> Done
==> Reading ../../patchy_results/box1/real/radialgauss/mocks_void_xyz/CATALPTCICz0.466G960S408624275.radialgauss.sigma0.235.VOID.dat
==> Computing local halo density with get_numdens_radial
==> Saving catalog to ../../patchy_results/box1/real/radialgauss/mocks_void_xyz_scaledR/CATALPTCICz0.466G960S408624275.radialgauss.sigma0.235.VOID.dat
==> Done
==> Reading ../../patchy_results/box1/real/radialgauss/mocks_void_xyz/CATALPTCICz0.466G960S470062667.radialgauss.sigma0.235.VOID.dat
==> Computing local halo density with get_numdens_radial
==> Saving catalog to ../../patchy_results/box1/real/radialgauss/mocks_void_xyz_scaledR/CATALPTCICz0.466G960S470062667.radialgauss.sigma0.235.VOID.dat
==> Done
==> Reading ../../patchy_results/box1/real/radialgauss/mocks_void_xyz/CATALPTCICz0.466G960S472036293.radialgauss.sigma0.235.VOID.dat
==> Computing local halo density with get_numdens_radial
==> Saving catalog to ../../patchy_results/box1/real/radialgauss/mocks_void_xyz_scaledR/CATALPTCICz0.466G960S472036293.radialgauss.sigma0.235.VOID.dat
==> Done
==> Reading ../../patchy_results/box1/real/radialgauss/mocks_void_xyz/CATALPTCICz0.466G960S476029608.radialgauss.sigma0.235.VOID.dat
==> Computing local halo density with get_numdens_radial
==> Saving catalog to ../../patchy_results/box1/real/radialgauss/mocks_void_xyz_scaledR/CATALPTCICz0.466G960S476029608.radialgauss.sigma0.235.VOID.dat
==> Done
==> MPI process 12 finished.
==> Loading galaxy number density from ../../patchy_results/box1/real/radialgauss/plots/ngal_radial.npy
==> MPI process 9 has 6 jobs allocated.
==> Reading ../../patchy_results/box1/real/radialgauss/mocks_void_xyz/CATALPTCICz0.466G960S2112032858.radialgauss.sigma0.235.VOID.dat
==> Computing local halo density with get_numdens_radial
==> Saving catalog to ../../patchy_results/box1/real/radialgauss/mocks_void_xyz_scaledR/CATALPTCICz0.466G960S2112032858.radialgauss.sigma0.235.VOID.dat
==> Done
==> Reading ../../patchy_results/box1/real/radialgauss/mocks_void_xyz/CATALPTCICz0.466G960S218944817.radialgauss.sigma0.235.VOID.dat
==> Computing local halo density with get_numdens_radial
==> Saving catalog to ../../patchy_results/box1/real/radialgauss/mocks_void_xyz_scaledR/CATALPTCICz0.466G960S218944817.radialgauss.sigma0.235.VOID.dat
==> Done
==> Reading ../../patchy_results/box1/real/radialgauss/mocks_void_xyz/CATALPTCICz0.466G960S231824037.radialgauss.sigma0.235.VOID.dat
==> Computing local halo density with get_numdens_radial
==> Saving catalog to ../../patchy_results/box1/real/radialgauss/mocks_void_xyz_scaledR/CATALPTCICz0.466G960S231824037.radialgauss.sigma0.235.VOID.dat
==> Done
==> Reading ../../patchy_results/box1/real/radialgauss/mocks_void_xyz/CATALPTCICz0.466G960S246409002.radialgauss.sigma0.235.VOID.dat
==> Computing local halo density with get_numdens_radial
==> Saving catalog to ../../patchy_results/box1/real/radialgauss/mocks_void_xyz_scaledR/CATALPTCICz0.466G960S246409002.radialgauss.sigma0.235.VOID.dat
==> Done
==> Reading ../../patchy_results/box1/real/radialgauss/mocks_void_xyz/CATALPTCICz0.466G960S254190428.radialgauss.sigma0.235.VOID.dat
==> Computing local halo density with get_numdens_radial
==> Saving catalog to ../../patchy_results/box1/real/radialgauss/mocks_void_xyz_scaledR/CATALPTCICz0.466G960S254190428.radialgauss.sigma0.235.VOID.dat
==> Done
==> Reading ../../patchy_results/box1/real/radialgauss/mocks_void_xyz/CATALPTCICz0.466G960S257253385.radialgauss.sigma0.235.VOID.dat
==> Computing local halo density with get_numdens_radial
==> Saving catalog to ../../patchy_results/box1/real/radialgauss/mocks_void_xyz_scaledR/CATALPTCICz0.466G960S257253385.radialgauss.sigma0.235.VOID.dat
==> Done
==> MPI process 9 finished.
==> Loading galaxy number density from ../../patchy_results/box1/real/radialgauss/plots/ngal_radial.npy
==> MPI process 10 has 6 jobs allocated.
==> Reading ../../patchy_results/box1/real/radialgauss/mocks_void_xyz/CATALPTCICz0.466G960S298829905.radialgauss.sigma0.235.VOID.dat
==> Computing local halo density with get_numdens_radial
==> Saving catalog to ../../patchy_results/box1/real/radialgauss/mocks_void_xyz_scaledR/CATALPTCICz0.466G960S298829905.radialgauss.sigma0.235.VOID.dat
==> Done
==> Reading ../../patchy_results/box1/real/radialgauss/mocks_void_xyz/CATALPTCICz0.466G960S337281450.radialgauss.sigma0.235.VOID.dat
==> Computing local halo density with get_numdens_radial
==> Saving catalog to ../../patchy_results/box1/real/radialgauss/mocks_void_xyz_scaledR/CATALPTCICz0.466G960S337281450.radialgauss.sigma0.235.VOID.dat
==> Done
==> Reading ../../patchy_results/box1/real/radialgauss/mocks_void_xyz/CATALPTCICz0.466G960S353309712.radialgauss.sigma0.235.VOID.dat
==> Computing local halo density with get_numdens_radial
==> Saving catalog to ../../patchy_results/box1/real/radialgauss/mocks_void_xyz_scaledR/CATALPTCICz0.466G960S353309712.radialgauss.sigma0.235.VOID.dat
==> Done
==> Reading ../../patchy_results/box1/real/radialgauss/mocks_void_xyz/CATALPTCICz0.466G960S355476410.radialgauss.sigma0.235.VOID.dat
==> Computing local halo density with get_numdens_radial
==> Saving catalog to ../../patchy_results/box1/real/radialgauss/mocks_void_xyz_scaledR/CATALPTCICz0.466G960S355476410.radialgauss.sigma0.235.VOID.dat
==> Done
==> Reading ../../patchy_results/box1/real/radialgauss/mocks_void_xyz/CATALPTCICz0.466G960S362641756.radialgauss.sigma0.235.VOID.dat
==> Computing local halo density with get_numdens_radial
==> Saving catalog to ../../patchy_results/box1/real/radialgauss/mocks_void_xyz_scaledR/CATALPTCICz0.466G960S362641756.radialgauss.sigma0.235.VOID.dat
==> Done
==> Reading ../../patchy_results/box1/real/radialgauss/mocks_void_xyz/CATALPTCICz0.466G960S375858835.radialgauss.sigma0.235.VOID.dat
==> Computing local halo density with get_numdens_radial
==> Saving catalog to ../../patchy_results/box1/real/radialgauss/mocks_void_xyz_scaledR/CATALPTCICz0.466G960S375858835.radialgauss.sigma0.235.VOID.dat
==> Done
==> MPI process 10 finished.
==> Loading galaxy number density from ../../patchy_results/box1/real/radialgauss/plots/ngal_radial.npy
==> MPI process 14 has 6 jobs allocated.
==> Reading ../../patchy_results/box1/real/radialgauss/mocks_void_xyz/CATALPTCICz0.466G960S712845302.radialgauss.sigma0.235.VOID.dat
==> Computing local halo density with get_numdens_radial
==> Saving catalog to ../../patchy_results/box1/real/radialgauss/mocks_void_xyz_scaledR/CATALPTCICz0.466G960S712845302.radialgauss.sigma0.235.VOID.dat
==> Done
==> Reading ../../patchy_results/box1/real/radialgauss/mocks_void_xyz/CATALPTCICz0.466G960S714498039.radialgauss.sigma0.235.VOID.dat
==> Computing local halo density with get_numdens_radial
==> Saving catalog to ../../patchy_results/box1/real/radialgauss/mocks_void_xyz_scaledR/CATALPTCICz0.466G960S714498039.radialgauss.sigma0.235.VOID.dat
==> Done
==> Reading ../../patchy_results/box1/real/radialgauss/mocks_void_xyz/CATALPTCICz0.466G960S722630307.radialgauss.sigma0.235.VOID.dat
==> Computing local halo density with get_numdens_radial
==> Saving catalog to ../../patchy_results/box1/real/radialgauss/mocks_void_xyz_scaledR/CATALPTCICz0.466G960S722630307.radialgauss.sigma0.235.VOID.dat
==> Done
==> Reading ../../patchy_results/box1/real/radialgauss/mocks_void_xyz/CATALPTCICz0.466G960S734516214.radialgauss.sigma0.235.VOID.dat
==> Computing local halo density with get_numdens_radial
==> Saving catalog to ../../patchy_results/box1/real/radialgauss/mocks_void_xyz_scaledR/CATALPTCICz0.466G960S734516214.radialgauss.sigma0.235.VOID.dat
==> Done
==> Reading ../../patchy_results/box1/real/radialgauss/mocks_void_xyz/CATALPTCICz0.466G960S761797766.radialgauss.sigma0.235.VOID.dat
==> Computing local halo density with get_numdens_radial
==> Saving catalog to ../../patchy_results/box1/real/radialgauss/mocks_void_xyz_scaledR/CATALPTCICz0.466G960S761797766.radialgauss.sigma0.235.VOID.dat
==> Done
==> Reading ../../patchy_results/box1/real/radialgauss/mocks_void_xyz/CATALPTCICz0.466G960S834266118.radialgauss.sigma0.235.VOID.dat
==> Computing local halo density with get_numdens_radial
==> Saving catalog to ../../patchy_results/box1/real/radialgauss/mocks_void_xyz_scaledR/CATALPTCICz0.466G960S834266118.radialgauss.sigma0.235.VOID.dat
==> Done
==> MPI process 14 finished.
==> Loading galaxy number density from ../../patchy_results/box1/real/radialgauss/plots/ngal_radial.npy
==> Using 16 processes.
==> MPI process 0 has 7 jobs allocated.
==> Reading ../../patchy_results/box1/real/radialgauss/mocks_void_xyz/CATALPTCICz0.466G960S1010008301.radialgauss.sigma0.235.VOID.dat
==> Computing local halo density with get_numdens_radial
==> Saving catalog to ../../patchy_results/box1/real/radialgauss/mocks_void_xyz_scaledR/CATALPTCICz0.466G960S1010008301.radialgauss.sigma0.235.VOID.dat
==> Done
==> Reading ../../patchy_results/box1/real/radialgauss/mocks_void_xyz/CATALPTCICz0.466G960S1028968541.radialgauss.sigma0.235.VOID.dat
==> Computing local halo density with get_numdens_radial
==> Saving catalog to ../../patchy_results/box1/real/radialgauss/mocks_void_xyz_scaledR/CATALPTCICz0.466G960S1028968541.radialgauss.sigma0.235.VOID.dat
==> Done
==> Reading ../../patchy_results/box1/real/radialgauss/mocks_void_xyz/CATALPTCICz0.466G960S1029148515.radialgauss.sigma0.235.VOID.dat
==> Computing local halo density with get_numdens_radial
==> Saving catalog to ../../patchy_results/box1/real/radialgauss/mocks_void_xyz_scaledR/CATALPTCICz0.466G960S1029148515.radialgauss.sigma0.235.VOID.dat
==> Done
==> Reading ../../patchy_results/box1/real/radialgauss/mocks_void_xyz/CATALPTCICz0.466G960S1070802123.radialgauss.sigma0.235.VOID.dat
==> Computing local halo density with get_numdens_radial
==> Saving catalog to ../../patchy_results/box1/real/radialgauss/mocks_void_xyz_scaledR/CATALPTCICz0.466G960S1070802123.radialgauss.sigma0.235.VOID.dat
==> Done
==> Reading ../../patchy_results/box1/real/radialgauss/mocks_void_xyz/CATALPTCICz0.466G960S1079655868.radialgauss.sigma0.235.VOID.dat
==> Computing local halo density with get_numdens_radial
==> Saving catalog to ../../patchy_results/box1/real/radialgauss/mocks_void_xyz_scaledR/CATALPTCICz0.466G960S1079655868.radialgauss.sigma0.235.VOID.dat
==> Done
==> Reading ../../patchy_results/box1/real/radialgauss/mocks_void_xyz/CATALPTCICz0.466G960S114138117.radialgauss.sigma0.235.VOID.dat
==> Computing local halo density with get_numdens_radial
==> Saving catalog to ../../patchy_results/box1/real/radialgauss/mocks_void_xyz_scaledR/CATALPTCICz0.466G960S114138117.radialgauss.sigma0.235.VOID.dat
==> Done
==> Reading ../../patchy_results/box1/real/radialgauss/mocks_void_xyz/CATALPTCICz0.466G960S1171565480.radialgauss.sigma0.235.VOID.dat
==> Computing local halo density with get_numdens_radial
==> Saving catalog to ../../patchy_results/box1/real/radialgauss/mocks_void_xyz_scaledR/CATALPTCICz0.466G960S1171565480.radialgauss.sigma0.235.VOID.dat
==> Done
==> MPI process 0 finished.
==> Loading galaxy number density from ../../patchy_results/box1/real/radialgauss/plots/ngal_radial.npy
==> MPI process 4 has 6 jobs allocated.
==> Reading ../../patchy_results/box1/real/radialgauss/mocks_void_xyz/CATALPTCICz0.466G960S1601254869.radialgauss.sigma0.235.VOID.dat
==> Computing local halo density with get_numdens_radial
==> Saving catalog to ../../patchy_results/box1/real/radialgauss/mocks_void_xyz_scaledR/CATALPTCICz0.466G960S1601254869.radialgauss.sigma0.235.VOID.dat
==> Done
==> Reading ../../patchy_results/box1/real/radialgauss/mocks_void_xyz/CATALPTCICz0.466G960S1618016355.radialgauss.sigma0.235.VOID.dat
==> Computing local halo density with get_numdens_radial
==> Saving catalog to ../../patchy_results/box1/real/radialgauss/mocks_void_xyz_scaledR/CATALPTCICz0.466G960S1618016355.radialgauss.sigma0.235.VOID.dat
==> Done
==> Reading ../../patchy_results/box1/real/radialgauss/mocks_void_xyz/CATALPTCICz0.466G960S162548710.radialgauss.sigma0.235.VOID.dat
==> Computing local halo density with get_numdens_radial
==> Saving catalog to ../../patchy_results/box1/real/radialgauss/mocks_void_xyz_scaledR/CATALPTCICz0.466G960S162548710.radialgauss.sigma0.235.VOID.dat
==> Done
==> Reading ../../patchy_results/box1/real/radialgauss/mocks_void_xyz/CATALPTCICz0.466G960S1685847119.radialgauss.sigma0.235.VOID.dat
==> Computing local halo density with get_numdens_radial
==> Saving catalog to ../../patchy_results/box1/real/radialgauss/mocks_void_xyz_scaledR/CATALPTCICz0.466G960S1685847119.radialgauss.sigma0.235.VOID.dat
==> Done
==> Reading ../../patchy_results/box1/real/radialgauss/mocks_void_xyz/CATALPTCICz0.466G960S1695327302.radialgauss.sigma0.235.VOID.dat
==> Computing local halo density with get_numdens_radial
==> Saving catalog to ../../patchy_results/box1/real/radialgauss/mocks_void_xyz_scaledR/CATALPTCICz0.466G960S1695327302.radialgauss.sigma0.235.VOID.dat
==> Done
==> Reading ../../patchy_results/box1/real/radialgauss/mocks_void_xyz/CATALPTCICz0.466G960S1701633369.radialgauss.sigma0.235.VOID.dat
==> Computing local halo density with get_numdens_radial
==> Saving catalog to ../../patchy_results/box1/real/radialgauss/mocks_void_xyz_scaledR/CATALPTCICz0.466G960S1701633369.radialgauss.sigma0.235.VOID.dat
==> Done
==> MPI process 4 finished.
==> Loading galaxy number density from ../../patchy_results/box1/real/radialgauss/plots/ngal_radial.npy
==> MPI process 5 has 6 jobs allocated.
==> Reading ../../patchy_results/box1/real/radialgauss/mocks_void_xyz/CATALPTCICz0.466G960S1713934780.radialgauss.sigma0.235.VOID.dat
==> Computing local halo density with get_numdens_radial
==> Saving catalog to ../../patchy_results/box1/real/radialgauss/mocks_void_xyz_scaledR/CATALPTCICz0.466G960S1713934780.radialgauss.sigma0.235.VOID.dat
==> Done
==> Reading ../../patchy_results/box1/real/radialgauss/mocks_void_xyz/CATALPTCICz0.466G960S1723267773.radialgauss.sigma0.235.VOID.dat
==> Computing local halo density with get_numdens_radial
==> Saving catalog to ../../patchy_results/box1/real/radialgauss/mocks_void_xyz_scaledR/CATALPTCICz0.466G960S1723267773.radialgauss.sigma0.235.VOID.dat
==> Done
==> Reading ../../patchy_results/box1/real/radialgauss/mocks_void_xyz/CATALPTCICz0.466G960S1737359640.radialgauss.sigma0.235.VOID.dat
==> Computing local halo density with get_numdens_radial
==> Saving catalog to ../../patchy_results/box1/real/radialgauss/mocks_void_xyz_scaledR/CATALPTCICz0.466G960S1737359640.radialgauss.sigma0.235.VOID.dat
==> Done
==> Reading ../../patchy_results/box1/real/radialgauss/mocks_void_xyz/CATALPTCICz0.466G960S1782425948.radialgauss.sigma0.235.VOID.dat
==> Computing local halo density with get_numdens_radial
==> Saving catalog to ../../patchy_results/box1/real/radialgauss/mocks_void_xyz_scaledR/CATALPTCICz0.466G960S1782425948.radialgauss.sigma0.235.VOID.dat
==> Done
==> Reading ../../patchy_results/box1/real/radialgauss/mocks_void_xyz/CATALPTCICz0.466G960S1813530111.radialgauss.sigma0.235.VOID.dat
==> Computing local halo density with get_numdens_radial
==> Saving catalog to ../../patchy_results/box1/real/radialgauss/mocks_void_xyz_scaledR/CATALPTCICz0.466G960S1813530111.radialgauss.sigma0.235.VOID.dat
==> Done
==> Reading ../../patchy_results/box1/real/radialgauss/mocks_void_xyz/CATALPTCICz0.466G960S1828307802.radialgauss.sigma0.235.VOID.dat
==> Computing local halo density with get_numdens_radial
==> Saving catalog to ../../patchy_results/box1/real/radialgauss/mocks_void_xyz_scaledR/CATALPTCICz0.466G960S1828307802.radialgauss.sigma0.235.VOID.dat
==> Done
==> MPI process 5 finished.
==> Loading galaxy number density from ../../patchy_results/box1/real/radialgauss/plots/ngal_radial.npy
==> MPI process 15 has 6 jobs allocated.
==> Reading ../../patchy_results/box1/real/radialgauss/mocks_void_xyz/CATALPTCICz0.466G960S862729728.radialgauss.sigma0.235.VOID.dat
==> Computing local halo density with get_numdens_radial
==> Saving catalog to ../../patchy_results/box1/real/radialgauss/mocks_void_xyz_scaledR/CATALPTCICz0.466G960S862729728.radialgauss.sigma0.235.VOID.dat
==> Done
==> Reading ../../patchy_results/box1/real/radialgauss/mocks_void_xyz/CATALPTCICz0.466G960S903542203.radialgauss.sigma0.235.VOID.dat
==> Computing local halo density with get_numdens_radial
==> Saving catalog to ../../patchy_results/box1/real/radialgauss/mocks_void_xyz_scaledR/CATALPTCICz0.466G960S903542203.radialgauss.sigma0.235.VOID.dat
==> Done
==> Reading ../../patchy_results/box1/real/radialgauss/mocks_void_xyz/CATALPTCICz0.466G960S908161114.radialgauss.sigma0.235.VOID.dat
==> Computing local halo density with get_numdens_radial
==> Saving catalog to ../../patchy_results/box1/real/radialgauss/mocks_void_xyz_scaledR/CATALPTCICz0.466G960S908161114.radialgauss.sigma0.235.VOID.dat
==> Done
==> Reading ../../patchy_results/box1/real/radialgauss/mocks_void_xyz/CATALPTCICz0.466G960S917280234.radialgauss.sigma0.235.VOID.dat
==> Computing local halo density with get_numdens_radial
==> Saving catalog to ../../patchy_results/box1/real/radialgauss/mocks_void_xyz_scaledR/CATALPTCICz0.466G960S917280234.radialgauss.sigma0.235.VOID.dat
==> Done
==> Reading ../../patchy_results/box1/real/radialgauss/mocks_void_xyz/CATALPTCICz0.466G960S956291290.radialgauss.sigma0.235.VOID.dat
==> Computing local halo density with get_numdens_radial
==> Saving catalog to ../../patchy_results/box1/real/radialgauss/mocks_void_xyz_scaledR/CATALPTCICz0.466G960S956291290.radialgauss.sigma0.235.VOID.dat
==> Done
==> Reading ../../patchy_results/box1/real/radialgauss/mocks_void_xyz/CATALPTCICz0.466G960S996166056.radialgauss.sigma0.235.VOID.dat
==> Computing local halo density with get_numdens_radial
==> Saving catalog to ../../patchy_results/box1/real/radialgauss/mocks_void_xyz_scaledR/CATALPTCICz0.466G960S996166056.radialgauss.sigma0.235.VOID.dat
==> Done
==> MPI process 15 finished.
==> Loading galaxy number density from ../../patchy_results/box1/real/radialgauss/plots/ngal_radial.npy
==> MPI process 11 has 6 jobs allocated.
==> Reading ../../patchy_results/box1/real/radialgauss/mocks_void_xyz/CATALPTCICz0.466G960S376146255.radialgauss.sigma0.235.VOID.dat
==> Computing local halo density with get_numdens_radial
==> Saving catalog to ../../patchy_results/box1/real/radialgauss/mocks_void_xyz_scaledR/CATALPTCICz0.466G960S376146255.radialgauss.sigma0.235.VOID.dat
==> Done
==> Reading ../../patchy_results/box1/real/radialgauss/mocks_void_xyz/CATALPTCICz0.466G960S380713955.radialgauss.sigma0.235.VOID.dat
==> Computing local halo density with get_numdens_radial
==> Saving catalog to ../../patchy_results/box1/real/radialgauss/mocks_void_xyz_scaledR/CATALPTCICz0.466G960S380713955.radialgauss.sigma0.235.VOID.dat
==> Done
==> Reading ../../patchy_results/box1/real/radialgauss/mocks_void_xyz/CATALPTCICz0.466G960S384074470.radialgauss.sigma0.235.VOID.dat
==> Computing local halo density with get_numdens_radial
==> Saving catalog to ../../patchy_results/box1/real/radialgauss/mocks_void_xyz_scaledR/CATALPTCICz0.466G960S384074470.radialgauss.sigma0.235.VOID.dat
==> Done
==> Reading ../../patchy_results/box1/real/radialgauss/mocks_void_xyz/CATALPTCICz0.466G960S398774913.radialgauss.sigma0.235.VOID.dat
==> Computing local halo density with get_numdens_radial
==> Saving catalog to ../../patchy_results/box1/real/radialgauss/mocks_void_xyz_scaledR/CATALPTCICz0.466G960S398774913.radialgauss.sigma0.235.VOID.dat
==> Done
==> Reading ../../patchy_results/box1/real/radialgauss/mocks_void_xyz/CATALPTCICz0.466G960S399836114.radialgauss.sigma0.235.VOID.dat
==> Computing local halo density with get_numdens_radial
==> Saving catalog to ../../patchy_results/box1/real/radialgauss/mocks_void_xyz_scaledR/CATALPTCICz0.466G960S399836114.radialgauss.sigma0.235.VOID.dat
==> Done
==> Reading ../../patchy_results/box1/real/radialgauss/mocks_void_xyz/CATALPTCICz0.466G960S401689436.radialgauss.sigma0.235.VOID.dat
==> Computing local halo density with get_numdens_radial
==> Saving catalog to ../../patchy_results/box1/real/radialgauss/mocks_void_xyz_scaledR/CATALPTCICz0.466G960S401689436.radialgauss.sigma0.235.VOID.dat
==> Done
==> MPI process 11 finished.
==> Loading galaxy number density from ../../patchy_results/box1/real/radialgauss/plots/ngal_radial.npy
==> MPI process 2 has 7 jobs allocated.
==> Reading ../../patchy_results/box1/real/radialgauss/mocks_void_xyz/CATALPTCICz0.466G960S1322514347.radialgauss.sigma0.235.VOID.dat
==> Computing local halo density with get_numdens_radial
==> Saving catalog to ../../patchy_results/box1/real/radialgauss/mocks_void_xyz_scaledR/CATALPTCICz0.466G960S1322514347.radialgauss.sigma0.235.VOID.dat
==> Done
==> Reading ../../patchy_results/box1/real/radialgauss/mocks_void_xyz/CATALPTCICz0.466G960S1322583197.radialgauss.sigma0.235.VOID.dat
==> Computing local halo density with get_numdens_radial
==> Saving catalog to ../../patchy_results/box1/real/radialgauss/mocks_void_xyz_scaledR/CATALPTCICz0.466G960S1322583197.radialgauss.sigma0.235.VOID.dat
==> Done
==> Reading ../../patchy_results/box1/real/radialgauss/mocks_void_xyz/CATALPTCICz0.466G960S1354772842.radialgauss.sigma0.235.VOID.dat
==> Computing local halo density with get_numdens_radial
==> Saving catalog to ../../patchy_results/box1/real/radialgauss/mocks_void_xyz_scaledR/CATALPTCICz0.466G960S1354772842.radialgauss.sigma0.235.VOID.dat
==> Done
==> Reading ../../patchy_results/box1/real/radialgauss/mocks_void_xyz/CATALPTCICz0.466G960S1383769323.radialgauss.sigma0.235.VOID.dat
==> Computing local halo density with get_numdens_radial
==> Saving catalog to ../../patchy_results/box1/real/radialgauss/mocks_void_xyz_scaledR/CATALPTCICz0.466G960S1383769323.radialgauss.sigma0.235.VOID.dat
==> Done
==> Reading ../../patchy_results/box1/real/radialgauss/mocks_void_xyz/CATALPTCICz0.466G960S1395978271.radialgauss.sigma0.235.VOID.dat
==> Computing local halo density with get_numdens_radial
==> Saving catalog to ../../patchy_results/box1/real/radialgauss/mocks_void_xyz_scaledR/CATALPTCICz0.466G960S1395978271.radialgauss.sigma0.235.VOID.dat
==> Done
==> Reading ../../patchy_results/box1/real/radialgauss/mocks_void_xyz/CATALPTCICz0.466G960S1412768225.radialgauss.sigma0.235.VOID.dat
==> Computing local halo density with get_numdens_radial
==> Saving catalog to ../../patchy_results/box1/real/radialgauss/mocks_void_xyz_scaledR/CATALPTCICz0.466G960S1412768225.radialgauss.sigma0.235.VOID.dat
==> Done
==> Reading ../../patchy_results/box1/real/radialgauss/mocks_void_xyz/CATALPTCICz0.466G960S1428348139.radialgauss.sigma0.235.VOID.dat
==> Computing local halo density with get_numdens_radial
==> Saving catalog to ../../patchy_results/box1/real/radialgauss/mocks_void_xyz_scaledR/CATALPTCICz0.466G960S1428348139.radialgauss.sigma0.235.VOID.dat
==> Done
==> MPI process 2 finished.
==> Loading galaxy number density from ../../patchy_results/box1/real/radialgauss/plots/ngal_radial.npy
==> MPI process 8 has 6 jobs allocated.
==> Reading ../../patchy_results/box1/real/radialgauss/mocks_void_xyz/CATALPTCICz0.466G960S2073007256.radialgauss.sigma0.235.VOID.dat
==> Computing local halo density with get_numdens_radial
==> Saving catalog to ../../patchy_results/box1/real/radialgauss/mocks_void_xyz_scaledR/CATALPTCICz0.466G960S2073007256.radialgauss.sigma0.235.VOID.dat
==> Done
==> Reading ../../patchy_results/box1/real/radialgauss/mocks_void_xyz/CATALPTCICz0.466G960S2075331049.radialgauss.sigma0.235.VOID.dat
==> Computing local halo density with get_numdens_radial
==> Saving catalog to ../../patchy_results/box1/real/radialgauss/mocks_void_xyz_scaledR/CATALPTCICz0.466G960S2075331049.radialgauss.sigma0.235.VOID.dat
==> Done
==> Reading ../../patchy_results/box1/real/radialgauss/mocks_void_xyz/CATALPTCICz0.466G960S2078493117.radialgauss.sigma0.235.VOID.dat
==> Computing local halo density with get_numdens_radial
==> Saving catalog to ../../patchy_results/box1/real/radialgauss/mocks_void_xyz_scaledR/CATALPTCICz0.466G960S2078493117.radialgauss.sigma0.235.VOID.dat
==> Done
==> Reading ../../patchy_results/box1/real/radialgauss/mocks_void_xyz/CATALPTCICz0.466G960S2085350725.radialgauss.sigma0.235.VOID.dat
==> Computing local halo density with get_numdens_radial
==> Saving catalog to ../../patchy_results/box1/real/radialgauss/mocks_void_xyz_scaledR/CATALPTCICz0.466G960S2085350725.radialgauss.sigma0.235.VOID.dat
==> Done
==> Reading ../../patchy_results/box1/real/radialgauss/mocks_void_xyz/CATALPTCICz0.466G960S2105841094.radialgauss.sigma0.235.VOID.dat
==> Computing local halo density with get_numdens_radial
==> Saving catalog to ../../patchy_results/box1/real/radialgauss/mocks_void_xyz_scaledR/CATALPTCICz0.466G960S2105841094.radialgauss.sigma0.235.VOID.dat
==> Done
==> Reading ../../patchy_results/box1/real/radialgauss/mocks_void_xyz/CATALPTCICz0.466G960S2111416299.radialgauss.sigma0.235.VOID.dat
==> Computing local halo density with get_numdens_radial
==> Saving catalog to ../../patchy_results/box1/real/radialgauss/mocks_void_xyz_scaledR/CATALPTCICz0.466G960S2111416299.radialgauss.sigma0.235.VOID.dat
==> Done
==> MPI process 8 finished.
