==> MPI process 33 has 2 jobs allocated.
==> Reading /hpcstorage/dforero/projects/baosystematics/patchy_results/box1/real/smooth/flat_0.5/mocks_void_xyz/CATALPTCICz0.466G960S353309712.flat.sigma0.0.VOID.dat
==> Computing void weights
==> Saving catalog to /hpcstorage/dforero/projects/baosystematics/patchy_results/box1/real/smooth/flat_0.5/mocks_void_xyz_wt/CATALPTCICz0.466G960S353309712.flat.sigma0.0.VOID.dat
==> Done
==> Reading /hpcstorage/dforero/projects/baosystematics/patchy_results/box1/real/smooth/flat_0.5/mocks_void_xyz/CATALPTCICz0.466G960S355476410.flat.sigma0.0.VOID.dat
==> Computing void weights
==> Saving catalog to /hpcstorage/dforero/projects/baosystematics/patchy_results/box1/real/smooth/flat_0.5/mocks_void_xyz_wt/CATALPTCICz0.466G960S355476410.flat.sigma0.0.VOID.dat
==> Done
==> MPI process 33 finished.
==> MPI process 35 has 2 jobs allocated.
==> Reading /hpcstorage/dforero/projects/baosystematics/patchy_results/box1/real/smooth/flat_0.5/mocks_void_xyz/CATALPTCICz0.466G960S376146255.flat.sigma0.0.VOID.dat
==> Computing void weights
==> Saving catalog to /hpcstorage/dforero/projects/baosystematics/patchy_results/box1/real/smooth/flat_0.5/mocks_void_xyz_wt/CATALPTCICz0.466G960S376146255.flat.sigma0.0.VOID.dat
==> Done
==> Reading /hpcstorage/dforero/projects/baosystematics/patchy_results/box1/real/smooth/flat_0.5/mocks_void_xyz/CATALPTCICz0.466G960S380713955.flat.sigma0.0.VOID.dat
==> Computing void weights
==> Saving catalog to /hpcstorage/dforero/projects/baosystematics/patchy_results/box1/real/smooth/flat_0.5/mocks_void_xyz_wt/CATALPTCICz0.466G960S380713955.flat.sigma0.0.VOID.dat
==> Done
==> MPI process 35 finished.
==> MPI process 37 has 2 jobs allocated.
==> Reading /hpcstorage/dforero/projects/baosystematics/patchy_results/box1/real/smooth/flat_0.5/mocks_void_xyz/CATALPTCICz0.466G960S399836114.flat.sigma0.0.VOID.dat
==> Computing void weights
==> Saving catalog to /hpcstorage/dforero/projects/baosystematics/patchy_results/box1/real/smooth/flat_0.5/mocks_void_xyz_wt/CATALPTCICz0.466G960S399836114.flat.sigma0.0.VOID.dat
==> Done
==> Reading /hpcstorage/dforero/projects/baosystematics/patchy_results/box1/real/smooth/flat_0.5/mocks_void_xyz/CATALPTCICz0.466G960S401689436.flat.sigma0.0.VOID.dat
==> Computing void weights
==> Saving catalog to /hpcstorage/dforero/projects/baosystematics/patchy_results/box1/real/smooth/flat_0.5/mocks_void_xyz_wt/CATALPTCICz0.466G960S401689436.flat.sigma0.0.VOID.dat
==> Done
==> MPI process 37 finished.
==> MPI process 38 has 2 jobs allocated.
==> Reading /hpcstorage/dforero/projects/baosystematics/patchy_results/box1/real/smooth/flat_0.5/mocks_void_xyz/CATALPTCICz0.466G960S406929492.flat.sigma0.0.VOID.dat
==> Computing void weights
==> Saving catalog to /hpcstorage/dforero/projects/baosystematics/patchy_results/box1/real/smooth/flat_0.5/mocks_void_xyz_wt/CATALPTCICz0.466G960S406929492.flat.sigma0.0.VOID.dat
==> Done
==> Reading /hpcstorage/dforero/projects/baosystematics/patchy_results/box1/real/smooth/flat_0.5/mocks_void_xyz/CATALPTCICz0.466G960S407794711.flat.sigma0.0.VOID.dat
==> Computing void weights
==> Saving catalog to /hpcstorage/dforero/projects/baosystematics/patchy_results/box1/real/smooth/flat_0.5/mocks_void_xyz_wt/CATALPTCICz0.466G960S407794711.flat.sigma0.0.VOID.dat
==> Done
==> MPI process 38 finished.
==> MPI process 39 has 2 jobs allocated.
==> Reading /hpcstorage/dforero/projects/baosystematics/patchy_results/box1/real/smooth/flat_0.5/mocks_void_xyz/CATALPTCICz0.466G960S408624275.flat.sigma0.0.VOID.dat
==> Computing void weights
==> Saving catalog to /hpcstorage/dforero/projects/baosystematics/patchy_results/box1/real/smooth/flat_0.5/mocks_void_xyz_wt/CATALPTCICz0.466G960S408624275.flat.sigma0.0.VOID.dat
==> Done
==> Reading /hpcstorage/dforero/projects/baosystematics/patchy_results/box1/real/smooth/flat_0.5/mocks_void_xyz/CATALPTCICz0.466G960S470062667.flat.sigma0.0.VOID.dat
==> Computing void weights
==> Saving catalog to /hpcstorage/dforero/projects/baosystematics/patchy_results/box1/real/smooth/flat_0.5/mocks_void_xyz_wt/CATALPTCICz0.466G960S470062667.flat.sigma0.0.VOID.dat
==> Done
==> MPI process 39 finished.
==> MPI process 40 has 1 jobs allocated.
==> Reading /hpcstorage/dforero/projects/baosystematics/patchy_results/box1/real/smooth/flat_0.5/mocks_void_xyz/CATALPTCICz0.466G960S472036293.flat.sigma0.0.VOID.dat
==> Computing void weights
==> Saving catalog to /hpcstorage/dforero/projects/baosystematics/patchy_results/box1/real/smooth/flat_0.5/mocks_void_xyz_wt/CATALPTCICz0.466G960S472036293.flat.sigma0.0.VOID.dat
==> Done
==> MPI process 40 finished.
==> MPI process 45 has 1 jobs allocated.
==> Reading /hpcstorage/dforero/projects/baosystematics/patchy_results/box1/real/smooth/flat_0.5/mocks_void_xyz/CATALPTCICz0.466G960S601918842.flat.sigma0.0.VOID.dat
==> Computing void weights
==> Saving catalog to /hpcstorage/dforero/projects/baosystematics/patchy_results/box1/real/smooth/flat_0.5/mocks_void_xyz_wt/CATALPTCICz0.466G960S601918842.flat.sigma0.0.VOID.dat
==> Done
==> MPI process 45 finished.
==> MPI process 32 has 2 jobs allocated.
==> Reading /hpcstorage/dforero/projects/baosystematics/patchy_results/box1/real/smooth/flat_0.5/mocks_void_xyz/CATALPTCICz0.466G960S298829905.flat.sigma0.0.VOID.dat
==> Computing void weights
==> Saving catalog to /hpcstorage/dforero/projects/baosystematics/patchy_results/box1/real/smooth/flat_0.5/mocks_void_xyz_wt/CATALPTCICz0.466G960S298829905.flat.sigma0.0.VOID.dat
==> Done
==> Reading /hpcstorage/dforero/projects/baosystematics/patchy_results/box1/real/smooth/flat_0.5/mocks_void_xyz/CATALPTCICz0.466G960S337281450.flat.sigma0.0.VOID.dat
==> Computing void weights
==> Saving catalog to /hpcstorage/dforero/projects/baosystematics/patchy_results/box1/real/smooth/flat_0.5/mocks_void_xyz_wt/CATALPTCICz0.466G960S337281450.flat.sigma0.0.VOID.dat
==> Done
==> MPI process 32 finished.
==> MPI process 48 has 1 jobs allocated.
==> Reading /hpcstorage/dforero/projects/baosystematics/patchy_results/box1/real/smooth/flat_0.5/mocks_void_xyz/CATALPTCICz0.466G960S712845302.flat.sigma0.0.VOID.dat
==> Computing void weights
==> Saving catalog to /hpcstorage/dforero/projects/baosystematics/patchy_results/box1/real/smooth/flat_0.5/mocks_void_xyz_wt/CATALPTCICz0.466G960S712845302.flat.sigma0.0.VOID.dat
==> Done
==> MPI process 48 finished.
==> MPI process 51 has 1 jobs allocated.
==> Reading /hpcstorage/dforero/projects/baosystematics/patchy_results/box1/real/smooth/flat_0.5/mocks_void_xyz/CATALPTCICz0.466G960S734516214.flat.sigma0.0.VOID.dat
==> Computing void weights
==> Saving catalog to /hpcstorage/dforero/projects/baosystematics/patchy_results/box1/real/smooth/flat_0.5/mocks_void_xyz_wt/CATALPTCICz0.466G960S734516214.flat.sigma0.0.VOID.dat
==> Done
==> MPI process 51 finished.
==> MPI process 52 has 1 jobs allocated.
==> Reading /hpcstorage/dforero/projects/baosystematics/patchy_results/box1/real/smooth/flat_0.5/mocks_void_xyz/CATALPTCICz0.466G960S761797766.flat.sigma0.0.VOID.dat
==> Computing void weights
==> Saving catalog to /hpcstorage/dforero/projects/baosystematics/patchy_results/box1/real/smooth/flat_0.5/mocks_void_xyz_wt/CATALPTCICz0.466G960S761797766.flat.sigma0.0.VOID.dat
==> Done
==> MPI process 52 finished.
==> MPI process 55 has 1 jobs allocated.
==> Reading /hpcstorage/dforero/projects/baosystematics/patchy_results/box1/real/smooth/flat_0.5/mocks_void_xyz/CATALPTCICz0.466G960S903542203.flat.sigma0.0.VOID.dat
==> Computing void weights
==> Saving catalog to /hpcstorage/dforero/projects/baosystematics/patchy_results/box1/real/smooth/flat_0.5/mocks_void_xyz_wt/CATALPTCICz0.466G960S903542203.flat.sigma0.0.VOID.dat
==> Done
==> MPI process 55 finished.
==> MPI process 59 has 1 jobs allocated.
==> Reading /hpcstorage/dforero/projects/baosystematics/patchy_results/box1/real/smooth/flat_0.5/mocks_void_xyz/CATALPTCICz0.466G960S996166056.flat.sigma0.0.VOID.dat
==> Computing void weights
==> Saving catalog to /hpcstorage/dforero/projects/baosystematics/patchy_results/box1/real/smooth/flat_0.5/mocks_void_xyz_wt/CATALPTCICz0.466G960S996166056.flat.sigma0.0.VOID.dat
==> Done
==> MPI process 59 finished.
==> MPI process 34 has 2 jobs allocated.
==> Reading /hpcstorage/dforero/projects/baosystematics/patchy_results/box1/real/smooth/flat_0.5/mocks_void_xyz/CATALPTCICz0.466G960S362641756.flat.sigma0.0.VOID.dat
==> Computing void weights
==> Saving catalog to /hpcstorage/dforero/projects/baosystematics/patchy_results/box1/real/smooth/flat_0.5/mocks_void_xyz_wt/CATALPTCICz0.466G960S362641756.flat.sigma0.0.VOID.dat
==> Done
==> Reading /hpcstorage/dforero/projects/baosystematics/patchy_results/box1/real/smooth/flat_0.5/mocks_void_xyz/CATALPTCICz0.466G960S375858835.flat.sigma0.0.VOID.dat
==> Computing void weights
==> Saving catalog to /hpcstorage/dforero/projects/baosystematics/patchy_results/box1/real/smooth/flat_0.5/mocks_void_xyz_wt/CATALPTCICz0.466G960S375858835.flat.sigma0.0.VOID.dat
==> Done
==> MPI process 34 finished.
==> MPI process 36 has 2 jobs allocated.
==> Reading /hpcstorage/dforero/projects/baosystematics/patchy_results/box1/real/smooth/flat_0.5/mocks_void_xyz/CATALPTCICz0.466G960S384074470.flat.sigma0.0.VOID.dat
==> Computing void weights
==> Saving catalog to /hpcstorage/dforero/projects/baosystematics/patchy_results/box1/real/smooth/flat_0.5/mocks_void_xyz_wt/CATALPTCICz0.466G960S384074470.flat.sigma0.0.VOID.dat
==> Done
==> Reading /hpcstorage/dforero/projects/baosystematics/patchy_results/box1/real/smooth/flat_0.5/mocks_void_xyz/CATALPTCICz0.466G960S398774913.flat.sigma0.0.VOID.dat
==> Computing void weights
==> Saving catalog to /hpcstorage/dforero/projects/baosystematics/patchy_results/box1/real/smooth/flat_0.5/mocks_void_xyz_wt/CATALPTCICz0.466G960S398774913.flat.sigma0.0.VOID.dat
==> Done
==> MPI process 36 finished.
==> MPI process 41 has 1 jobs allocated.
==> Reading /hpcstorage/dforero/projects/baosystematics/patchy_results/box1/real/smooth/flat_0.5/mocks_void_xyz/CATALPTCICz0.466G960S476029608.flat.sigma0.0.VOID.dat
==> Computing void weights
==> Saving catalog to /hpcstorage/dforero/projects/baosystematics/patchy_results/box1/real/smooth/flat_0.5/mocks_void_xyz_wt/CATALPTCICz0.466G960S476029608.flat.sigma0.0.VOID.dat
==> Done
==> MPI process 41 finished.
==> MPI process 44 has 1 jobs allocated.
==> Reading /hpcstorage/dforero/projects/baosystematics/patchy_results/box1/real/smooth/flat_0.5/mocks_void_xyz/CATALPTCICz0.466G960S551607063.flat.sigma0.0.VOID.dat
==> Computing void weights
==> Saving catalog to /hpcstorage/dforero/projects/baosystematics/patchy_results/box1/real/smooth/flat_0.5/mocks_void_xyz_wt/CATALPTCICz0.466G960S551607063.flat.sigma0.0.VOID.dat
==> Done
==> MPI process 44 finished.
==> MPI process 49 has 1 jobs allocated.
==> Reading /hpcstorage/dforero/projects/baosystematics/patchy_results/box1/real/smooth/flat_0.5/mocks_void_xyz/CATALPTCICz0.466G960S714498039.flat.sigma0.0.VOID.dat
==> Computing void weights
==> Saving catalog to /hpcstorage/dforero/projects/baosystematics/patchy_results/box1/real/smooth/flat_0.5/mocks_void_xyz_wt/CATALPTCICz0.466G960S714498039.flat.sigma0.0.VOID.dat
==> Done
==> MPI process 49 finished.
==> MPI process 50 has 1 jobs allocated.
==> Reading /hpcstorage/dforero/projects/baosystematics/patchy_results/box1/real/smooth/flat_0.5/mocks_void_xyz/CATALPTCICz0.466G960S722630307.flat.sigma0.0.VOID.dat
==> Computing void weights
==> Saving catalog to /hpcstorage/dforero/projects/baosystematics/patchy_results/box1/real/smooth/flat_0.5/mocks_void_xyz_wt/CATALPTCICz0.466G960S722630307.flat.sigma0.0.VOID.dat
==> Done
==> MPI process 50 finished.
==> MPI process 57 has 1 jobs allocated.
==> Reading /hpcstorage/dforero/projects/baosystematics/patchy_results/box1/real/smooth/flat_0.5/mocks_void_xyz/CATALPTCICz0.466G960S917280234.flat.sigma0.0.VOID.dat
==> Computing void weights
==> Saving catalog to /hpcstorage/dforero/projects/baosystematics/patchy_results/box1/real/smooth/flat_0.5/mocks_void_xyz_wt/CATALPTCICz0.466G960S917280234.flat.sigma0.0.VOID.dat
==> Done
==> MPI process 57 finished.
==> MPI process 42 has 1 jobs allocated.
==> Reading /hpcstorage/dforero/projects/baosystematics/patchy_results/box1/real/smooth/flat_0.5/mocks_void_xyz/CATALPTCICz0.466G960S479471968.flat.sigma0.0.VOID.dat
==> Computing void weights
==> Saving catalog to /hpcstorage/dforero/projects/baosystematics/patchy_results/box1/real/smooth/flat_0.5/mocks_void_xyz_wt/CATALPTCICz0.466G960S479471968.flat.sigma0.0.VOID.dat
==> Done
==> MPI process 42 finished.
==> MPI process 46 has 1 jobs allocated.
==> Reading /hpcstorage/dforero/projects/baosystematics/patchy_results/box1/real/smooth/flat_0.5/mocks_void_xyz/CATALPTCICz0.466G960S662986527.flat.sigma0.0.VOID.dat
==> Computing void weights
==> Saving catalog to /hpcstorage/dforero/projects/baosystematics/patchy_results/box1/real/smooth/flat_0.5/mocks_void_xyz_wt/CATALPTCICz0.466G960S662986527.flat.sigma0.0.VOID.dat
==> Done
==> MPI process 46 finished.
==> MPI process 47 has 1 jobs allocated.
==> Reading /hpcstorage/dforero/projects/baosystematics/patchy_results/box1/real/smooth/flat_0.5/mocks_void_xyz/CATALPTCICz0.466G960S697291398.flat.sigma0.0.VOID.dat
==> Computing void weights
==> Saving catalog to /hpcstorage/dforero/projects/baosystematics/patchy_results/box1/real/smooth/flat_0.5/mocks_void_xyz_wt/CATALPTCICz0.466G960S697291398.flat.sigma0.0.VOID.dat
==> Done
==> MPI process 47 finished.
==> MPI process 54 has 1 jobs allocated.
==> Reading /hpcstorage/dforero/projects/baosystematics/patchy_results/box1/real/smooth/flat_0.5/mocks_void_xyz/CATALPTCICz0.466G960S862729728.flat.sigma0.0.VOID.dat
==> Computing void weights
==> Saving catalog to /hpcstorage/dforero/projects/baosystematics/patchy_results/box1/real/smooth/flat_0.5/mocks_void_xyz_wt/CATALPTCICz0.466G960S862729728.flat.sigma0.0.VOID.dat
==> Done
==> MPI process 54 finished.
==> MPI process 43 has 1 jobs allocated.
==> Reading /hpcstorage/dforero/projects/baosystematics/patchy_results/box1/real/smooth/flat_0.5/mocks_void_xyz/CATALPTCICz0.466G960S490973172.flat.sigma0.0.VOID.dat
==> Computing void weights
==> Saving catalog to /hpcstorage/dforero/projects/baosystematics/patchy_results/box1/real/smooth/flat_0.5/mocks_void_xyz_wt/CATALPTCICz0.466G960S490973172.flat.sigma0.0.VOID.dat
==> Done
==> MPI process 43 finished.
==> MPI process 56 has 1 jobs allocated.
==> Reading /hpcstorage/dforero/projects/baosystematics/patchy_results/box1/real/smooth/flat_0.5/mocks_void_xyz/CATALPTCICz0.466G960S908161114.flat.sigma0.0.VOID.dat
==> Computing void weights
==> Saving catalog to /hpcstorage/dforero/projects/baosystematics/patchy_results/box1/real/smooth/flat_0.5/mocks_void_xyz_wt/CATALPTCICz0.466G960S908161114.flat.sigma0.0.VOID.dat
==> Done
==> MPI process 56 finished.
==> MPI process 53 has 1 jobs allocated.
==> Reading /hpcstorage/dforero/projects/baosystematics/patchy_results/box1/real/smooth/flat_0.5/mocks_void_xyz/CATALPTCICz0.466G960S834266118.flat.sigma0.0.VOID.dat
==> Computing void weights
==> Saving catalog to /hpcstorage/dforero/projects/baosystematics/patchy_results/box1/real/smooth/flat_0.5/mocks_void_xyz_wt/CATALPTCICz0.466G960S834266118.flat.sigma0.0.VOID.dat
==> Done
==> MPI process 53 finished.
==> MPI process 58 has 1 jobs allocated.
==> Reading /hpcstorage/dforero/projects/baosystematics/patchy_results/box1/real/smooth/flat_0.5/mocks_void_xyz/CATALPTCICz0.466G960S956291290.flat.sigma0.0.VOID.dat
==> Computing void weights
==> Saving catalog to /hpcstorage/dforero/projects/baosystematics/patchy_results/box1/real/smooth/flat_0.5/mocks_void_xyz_wt/CATALPTCICz0.466G960S956291290.flat.sigma0.0.VOID.dat
==> Done
==> MPI process 58 finished.
==> MPI process 2 has 2 jobs allocated.
==> Reading /hpcstorage/dforero/projects/baosystematics/patchy_results/box1/real/smooth/flat_0.5/mocks_void_xyz/CATALPTCICz0.466G960S1079655868.flat.sigma0.0.VOID.dat
==> Computing void weights
==> Saving catalog to /hpcstorage/dforero/projects/baosystematics/patchy_results/box1/real/smooth/flat_0.5/mocks_void_xyz_wt/CATALPTCICz0.466G960S1079655868.flat.sigma0.0.VOID.dat
==> Done
==> Reading /hpcstorage/dforero/projects/baosystematics/patchy_results/box1/real/smooth/flat_0.5/mocks_void_xyz/CATALPTCICz0.466G960S114138117.flat.sigma0.0.VOID.dat
==> Computing void weights
==> Saving catalog to /hpcstorage/dforero/projects/baosystematics/patchy_results/box1/real/smooth/flat_0.5/mocks_void_xyz_wt/CATALPTCICz0.466G960S114138117.flat.sigma0.0.VOID.dat
==> Done
==> MPI process 2 finished.
==> MPI process 1 has 2 jobs allocated.
==> Reading /hpcstorage/dforero/projects/baosystematics/patchy_results/box1/real/smooth/flat_0.5/mocks_void_xyz/CATALPTCICz0.466G960S1029148515.flat.sigma0.0.VOID.dat
==> Computing void weights
==> Saving catalog to /hpcstorage/dforero/projects/baosystematics/patchy_results/box1/real/smooth/flat_0.5/mocks_void_xyz_wt/CATALPTCICz0.466G960S1029148515.flat.sigma0.0.VOID.dat
==> Done
==> Reading /hpcstorage/dforero/projects/baosystematics/patchy_results/box1/real/smooth/flat_0.5/mocks_void_xyz/CATALPTCICz0.466G960S1070802123.flat.sigma0.0.VOID.dat
==> Computing void weights
==> Saving catalog to /hpcstorage/dforero/projects/baosystematics/patchy_results/box1/real/smooth/flat_0.5/mocks_void_xyz_wt/CATALPTCICz0.466G960S1070802123.flat.sigma0.0.VOID.dat
==> Done
==> MPI process 1 finished.
==> MPI process 8 has 2 jobs allocated.
==> Reading /hpcstorage/dforero/projects/baosystematics/patchy_results/box1/real/smooth/flat_0.5/mocks_void_xyz/CATALPTCICz0.466G960S1354772842.flat.sigma0.0.VOID.dat
==> Computing void weights
==> Saving catalog to /hpcstorage/dforero/projects/baosystematics/patchy_results/box1/real/smooth/flat_0.5/mocks_void_xyz_wt/CATALPTCICz0.466G960S1354772842.flat.sigma0.0.VOID.dat
==> Done
==> Reading /hpcstorage/dforero/projects/baosystematics/patchy_results/box1/real/smooth/flat_0.5/mocks_void_xyz/CATALPTCICz0.466G960S1383769323.flat.sigma0.0.VOID.dat
==> Computing void weights
==> Saving catalog to /hpcstorage/dforero/projects/baosystematics/patchy_results/box1/real/smooth/flat_0.5/mocks_void_xyz_wt/CATALPTCICz0.466G960S1383769323.flat.sigma0.0.VOID.dat
==> Done
==> MPI process 8 finished.
==> MPI process 7 has 2 jobs allocated.
==> Reading /hpcstorage/dforero/projects/baosystematics/patchy_results/box1/real/smooth/flat_0.5/mocks_void_xyz/CATALPTCICz0.466G960S1322514347.flat.sigma0.0.VOID.dat
==> Computing void weights
==> Saving catalog to /hpcstorage/dforero/projects/baosystematics/patchy_results/box1/real/smooth/flat_0.5/mocks_void_xyz_wt/CATALPTCICz0.466G960S1322514347.flat.sigma0.0.VOID.dat
==> Done
==> Reading /hpcstorage/dforero/projects/baosystematics/patchy_results/box1/real/smooth/flat_0.5/mocks_void_xyz/CATALPTCICz0.466G960S1322583197.flat.sigma0.0.VOID.dat
==> Computing void weights
==> Saving catalog to /hpcstorage/dforero/projects/baosystematics/patchy_results/box1/real/smooth/flat_0.5/mocks_void_xyz_wt/CATALPTCICz0.466G960S1322583197.flat.sigma0.0.VOID.dat
==> Done
==> MPI process 7 finished.
==> MPI process 13 has 2 jobs allocated.
==> Reading /hpcstorage/dforero/projects/baosystematics/patchy_results/box1/real/smooth/flat_0.5/mocks_void_xyz/CATALPTCICz0.466G960S1565862370.flat.sigma0.0.VOID.dat
==> Computing void weights
==> Saving catalog to /hpcstorage/dforero/projects/baosystematics/patchy_results/box1/real/smooth/flat_0.5/mocks_void_xyz_wt/CATALPTCICz0.466G960S1565862370.flat.sigma0.0.VOID.dat
==> Done
==> Reading /hpcstorage/dforero/projects/baosystematics/patchy_results/box1/real/smooth/flat_0.5/mocks_void_xyz/CATALPTCICz0.466G960S1586223277.flat.sigma0.0.VOID.dat
==> Computing void weights
==> Saving catalog to /hpcstorage/dforero/projects/baosystematics/patchy_results/box1/real/smooth/flat_0.5/mocks_void_xyz_wt/CATALPTCICz0.466G960S1586223277.flat.sigma0.0.VOID.dat
==> Done
==> MPI process 13 finished.
==> Using 60 processes.
==> MPI process 0 has 2 jobs allocated.
==> Reading /hpcstorage/dforero/projects/baosystematics/patchy_results/box1/real/smooth/flat_0.5/mocks_void_xyz/CATALPTCICz0.466G960S1010008301.flat.sigma0.0.VOID.dat
==> Computing void weights
==> Saving catalog to /hpcstorage/dforero/projects/baosystematics/patchy_results/box1/real/smooth/flat_0.5/mocks_void_xyz_wt/CATALPTCICz0.466G960S1010008301.flat.sigma0.0.VOID.dat
==> Done
==> Reading /hpcstorage/dforero/projects/baosystematics/patchy_results/box1/real/smooth/flat_0.5/mocks_void_xyz/CATALPTCICz0.466G960S1028968541.flat.sigma0.0.VOID.dat
==> Computing void weights
==> Saving catalog to /hpcstorage/dforero/projects/baosystematics/patchy_results/box1/real/smooth/flat_0.5/mocks_void_xyz_wt/CATALPTCICz0.466G960S1028968541.flat.sigma0.0.VOID.dat
==> Done
==> MPI process 0 finished.
==> MPI process 30 has 2 jobs allocated.
==> Reading /hpcstorage/dforero/projects/baosystematics/patchy_results/box1/real/smooth/flat_0.5/mocks_void_xyz/CATALPTCICz0.466G960S231824037.flat.sigma0.0.VOID.dat
==> Computing void weights
==> Saving catalog to /hpcstorage/dforero/projects/baosystematics/patchy_results/box1/real/smooth/flat_0.5/mocks_void_xyz_wt/CATALPTCICz0.466G960S231824037.flat.sigma0.0.VOID.dat
==> Done
==> Reading /hpcstorage/dforero/projects/baosystematics/patchy_results/box1/real/smooth/flat_0.5/mocks_void_xyz/CATALPTCICz0.466G960S246409002.flat.sigma0.0.VOID.dat
==> Computing void weights
==> Saving catalog to /hpcstorage/dforero/projects/baosystematics/patchy_results/box1/real/smooth/flat_0.5/mocks_void_xyz_wt/CATALPTCICz0.466G960S246409002.flat.sigma0.0.VOID.dat
==> Done
==> MPI process 30 finished.
==> MPI process 28 has 2 jobs allocated.
==> Reading /hpcstorage/dforero/projects/baosystematics/patchy_results/box1/real/smooth/flat_0.5/mocks_void_xyz/CATALPTCICz0.466G960S2105841094.flat.sigma0.0.VOID.dat
==> Computing void weights
==> Saving catalog to /hpcstorage/dforero/projects/baosystematics/patchy_results/box1/real/smooth/flat_0.5/mocks_void_xyz_wt/CATALPTCICz0.466G960S2105841094.flat.sigma0.0.VOID.dat
==> Done
==> Reading /hpcstorage/dforero/projects/baosystematics/patchy_results/box1/real/smooth/flat_0.5/mocks_void_xyz/CATALPTCICz0.466G960S2111416299.flat.sigma0.0.VOID.dat
==> Computing void weights
==> Saving catalog to /hpcstorage/dforero/projects/baosystematics/patchy_results/box1/real/smooth/flat_0.5/mocks_void_xyz_wt/CATALPTCICz0.466G960S2111416299.flat.sigma0.0.VOID.dat
==> Done
==> MPI process 28 finished.
==> MPI process 17 has 2 jobs allocated.
==> Reading /hpcstorage/dforero/projects/baosystematics/patchy_results/box1/real/smooth/flat_0.5/mocks_void_xyz/CATALPTCICz0.466G960S1713934780.flat.sigma0.0.VOID.dat
==> Computing void weights
==> Saving catalog to /hpcstorage/dforero/projects/baosystematics/patchy_results/box1/real/smooth/flat_0.5/mocks_void_xyz_wt/CATALPTCICz0.466G960S1713934780.flat.sigma0.0.VOID.dat
==> Done
==> Reading /hpcstorage/dforero/projects/baosystematics/patchy_results/box1/real/smooth/flat_0.5/mocks_void_xyz/CATALPTCICz0.466G960S1723267773.flat.sigma0.0.VOID.dat
==> Computing void weights
==> Saving catalog to /hpcstorage/dforero/projects/baosystematics/patchy_results/box1/real/smooth/flat_0.5/mocks_void_xyz_wt/CATALPTCICz0.466G960S1723267773.flat.sigma0.0.VOID.dat
==> Done
==> MPI process 17 finished.
==> MPI process 4 has 2 jobs allocated.
==> Reading /hpcstorage/dforero/projects/baosystematics/patchy_results/box1/real/smooth/flat_0.5/mocks_void_xyz/CATALPTCICz0.466G960S1186219234.flat.sigma0.0.VOID.dat
==> Computing void weights
==> Saving catalog to /hpcstorage/dforero/projects/baosystematics/patchy_results/box1/real/smooth/flat_0.5/mocks_void_xyz_wt/CATALPTCICz0.466G960S1186219234.flat.sigma0.0.VOID.dat
==> Done
==> Reading /hpcstorage/dforero/projects/baosystematics/patchy_results/box1/real/smooth/flat_0.5/mocks_void_xyz/CATALPTCICz0.466G960S120803028.flat.sigma0.0.VOID.dat
==> Computing void weights
==> Saving catalog to /hpcstorage/dforero/projects/baosystematics/patchy_results/box1/real/smooth/flat_0.5/mocks_void_xyz_wt/CATALPTCICz0.466G960S120803028.flat.sigma0.0.VOID.dat
==> Done
==> MPI process 4 finished.
==> MPI process 10 has 2 jobs allocated.
==> Reading /hpcstorage/dforero/projects/baosystematics/patchy_results/box1/real/smooth/flat_0.5/mocks_void_xyz/CATALPTCICz0.466G960S1428348139.flat.sigma0.0.VOID.dat
==> Computing void weights
==> Saving catalog to /hpcstorage/dforero/projects/baosystematics/patchy_results/box1/real/smooth/flat_0.5/mocks_void_xyz_wt/CATALPTCICz0.466G960S1428348139.flat.sigma0.0.VOID.dat
==> Done
==> Reading /hpcstorage/dforero/projects/baosystematics/patchy_results/box1/real/smooth/flat_0.5/mocks_void_xyz/CATALPTCICz0.466G960S1448773697.flat.sigma0.0.VOID.dat
==> Computing void weights
==> Saving catalog to /hpcstorage/dforero/projects/baosystematics/patchy_results/box1/real/smooth/flat_0.5/mocks_void_xyz_wt/CATALPTCICz0.466G960S1448773697.flat.sigma0.0.VOID.dat
==> Done
==> MPI process 10 finished.
==> MPI process 25 has 2 jobs allocated.
==> Reading /hpcstorage/dforero/projects/baosystematics/patchy_results/box1/real/smooth/flat_0.5/mocks_void_xyz/CATALPTCICz0.466G960S205000556.flat.sigma0.0.VOID.dat
==> Computing void weights
==> Saving catalog to /hpcstorage/dforero/projects/baosystematics/patchy_results/box1/real/smooth/flat_0.5/mocks_void_xyz_wt/CATALPTCICz0.466G960S205000556.flat.sigma0.0.VOID.dat
==> Done
==> Reading /hpcstorage/dforero/projects/baosystematics/patchy_results/box1/real/smooth/flat_0.5/mocks_void_xyz/CATALPTCICz0.466G960S2058241144.flat.sigma0.0.VOID.dat
==> Computing void weights
==> Saving catalog to /hpcstorage/dforero/projects/baosystematics/patchy_results/box1/real/smooth/flat_0.5/mocks_void_xyz_wt/CATALPTCICz0.466G960S2058241144.flat.sigma0.0.VOID.dat
==> Done
==> MPI process 25 finished.
==> MPI process 3 has 2 jobs allocated.
==> Reading /hpcstorage/dforero/projects/baosystematics/patchy_results/box1/real/smooth/flat_0.5/mocks_void_xyz/CATALPTCICz0.466G960S1171565480.flat.sigma0.0.VOID.dat
==> Computing void weights
==> Saving catalog to /hpcstorage/dforero/projects/baosystematics/patchy_results/box1/real/smooth/flat_0.5/mocks_void_xyz_wt/CATALPTCICz0.466G960S1171565480.flat.sigma0.0.VOID.dat
==> Done
==> Reading /hpcstorage/dforero/projects/baosystematics/patchy_results/box1/real/smooth/flat_0.5/mocks_void_xyz/CATALPTCICz0.466G960S1172037969.flat.sigma0.0.VOID.dat
==> Computing void weights
==> Saving catalog to /hpcstorage/dforero/projects/baosystematics/patchy_results/box1/real/smooth/flat_0.5/mocks_void_xyz_wt/CATALPTCICz0.466G960S1172037969.flat.sigma0.0.VOID.dat
==> Done
==> MPI process 3 finished.
==> MPI process 14 has 2 jobs allocated.
==> Reading /hpcstorage/dforero/projects/baosystematics/patchy_results/box1/real/smooth/flat_0.5/mocks_void_xyz/CATALPTCICz0.466G960S1601254869.flat.sigma0.0.VOID.dat
==> Computing void weights
==> Saving catalog to /hpcstorage/dforero/projects/baosystematics/patchy_results/box1/real/smooth/flat_0.5/mocks_void_xyz_wt/CATALPTCICz0.466G960S1601254869.flat.sigma0.0.VOID.dat
==> Done
==> Reading /hpcstorage/dforero/projects/baosystematics/patchy_results/box1/real/smooth/flat_0.5/mocks_void_xyz/CATALPTCICz0.466G960S1618016355.flat.sigma0.0.VOID.dat
==> Computing void weights
==> Saving catalog to /hpcstorage/dforero/projects/baosystematics/patchy_results/box1/real/smooth/flat_0.5/mocks_void_xyz_wt/CATALPTCICz0.466G960S1618016355.flat.sigma0.0.VOID.dat
==> Done
==> MPI process 14 finished.
==> MPI process 11 has 2 jobs allocated.
==> Reading /hpcstorage/dforero/projects/baosystematics/patchy_results/box1/real/smooth/flat_0.5/mocks_void_xyz/CATALPTCICz0.466G960S1456002624.flat.sigma0.0.VOID.dat
==> Computing void weights
==> Saving catalog to /hpcstorage/dforero/projects/baosystematics/patchy_results/box1/real/smooth/flat_0.5/mocks_void_xyz_wt/CATALPTCICz0.466G960S1456002624.flat.sigma0.0.VOID.dat
==> Done
==> Reading /hpcstorage/dforero/projects/baosystematics/patchy_results/box1/real/smooth/flat_0.5/mocks_void_xyz/CATALPTCICz0.466G960S1458854362.flat.sigma0.0.VOID.dat
==> Computing void weights
==> Saving catalog to /hpcstorage/dforero/projects/baosystematics/patchy_results/box1/real/smooth/flat_0.5/mocks_void_xyz_wt/CATALPTCICz0.466G960S1458854362.flat.sigma0.0.VOID.dat
==> Done
==> MPI process 11 finished.
==> MPI process 19 has 2 jobs allocated.
==> Reading /hpcstorage/dforero/projects/baosystematics/patchy_results/box1/real/smooth/flat_0.5/mocks_void_xyz/CATALPTCICz0.466G960S1813530111.flat.sigma0.0.VOID.dat
==> Computing void weights
==> Saving catalog to /hpcstorage/dforero/projects/baosystematics/patchy_results/box1/real/smooth/flat_0.5/mocks_void_xyz_wt/CATALPTCICz0.466G960S1813530111.flat.sigma0.0.VOID.dat
==> Done
==> Reading /hpcstorage/dforero/projects/baosystematics/patchy_results/box1/real/smooth/flat_0.5/mocks_void_xyz/CATALPTCICz0.466G960S1828307802.flat.sigma0.0.VOID.dat
==> Computing void weights
==> Saving catalog to /hpcstorage/dforero/projects/baosystematics/patchy_results/box1/real/smooth/flat_0.5/mocks_void_xyz_wt/CATALPTCICz0.466G960S1828307802.flat.sigma0.0.VOID.dat
==> Done
==> MPI process 19 finished.
==> MPI process 12 has 2 jobs allocated.
==> Reading /hpcstorage/dforero/projects/baosystematics/patchy_results/box1/real/smooth/flat_0.5/mocks_void_xyz/CATALPTCICz0.466G960S1503770694.flat.sigma0.0.VOID.dat
==> Computing void weights
==> Saving catalog to /hpcstorage/dforero/projects/baosystematics/patchy_results/box1/real/smooth/flat_0.5/mocks_void_xyz_wt/CATALPTCICz0.466G960S1503770694.flat.sigma0.0.VOID.dat
==> Done
==> Reading /hpcstorage/dforero/projects/baosystematics/patchy_results/box1/real/smooth/flat_0.5/mocks_void_xyz/CATALPTCICz0.466G960S1565417923.flat.sigma0.0.VOID.dat
==> Computing void weights
==> Saving catalog to /hpcstorage/dforero/projects/baosystematics/patchy_results/box1/real/smooth/flat_0.5/mocks_void_xyz_wt/CATALPTCICz0.466G960S1565417923.flat.sigma0.0.VOID.dat
==> Done
==> MPI process 12 finished.
==> MPI process 22 has 2 jobs allocated.
==> Reading /hpcstorage/dforero/projects/baosystematics/patchy_results/box1/real/smooth/flat_0.5/mocks_void_xyz/CATALPTCICz0.466G960S1942615915.flat.sigma0.0.VOID.dat
==> Computing void weights
==> Saving catalog to /hpcstorage/dforero/projects/baosystematics/patchy_results/box1/real/smooth/flat_0.5/mocks_void_xyz_wt/CATALPTCICz0.466G960S1942615915.flat.sigma0.0.VOID.dat
==> Done
==> Reading /hpcstorage/dforero/projects/baosystematics/patchy_results/box1/real/smooth/flat_0.5/mocks_void_xyz/CATALPTCICz0.466G960S196817175.flat.sigma0.0.VOID.dat
==> Computing void weights
==> Saving catalog to /hpcstorage/dforero/projects/baosystematics/patchy_results/box1/real/smooth/flat_0.5/mocks_void_xyz_wt/CATALPTCICz0.466G960S196817175.flat.sigma0.0.VOID.dat
==> Done
==> MPI process 22 finished.
==> MPI process 27 has 2 jobs allocated.
==> Reading /hpcstorage/dforero/projects/baosystematics/patchy_results/box1/real/smooth/flat_0.5/mocks_void_xyz/CATALPTCICz0.466G960S2078493117.flat.sigma0.0.VOID.dat
==> Computing void weights
==> Saving catalog to /hpcstorage/dforero/projects/baosystematics/patchy_results/box1/real/smooth/flat_0.5/mocks_void_xyz_wt/CATALPTCICz0.466G960S2078493117.flat.sigma0.0.VOID.dat
==> Done
==> Reading /hpcstorage/dforero/projects/baosystematics/patchy_results/box1/real/smooth/flat_0.5/mocks_void_xyz/CATALPTCICz0.466G960S2085350725.flat.sigma0.0.VOID.dat
==> Computing void weights
==> Saving catalog to /hpcstorage/dforero/projects/baosystematics/patchy_results/box1/real/smooth/flat_0.5/mocks_void_xyz_wt/CATALPTCICz0.466G960S2085350725.flat.sigma0.0.VOID.dat
==> Done
==> MPI process 27 finished.
==> MPI process 6 has 2 jobs allocated.
==> Reading /hpcstorage/dforero/projects/baosystematics/patchy_results/box1/real/smooth/flat_0.5/mocks_void_xyz/CATALPTCICz0.466G960S1270858461.flat.sigma0.0.VOID.dat
==> Computing void weights
==> Saving catalog to /hpcstorage/dforero/projects/baosystematics/patchy_results/box1/real/smooth/flat_0.5/mocks_void_xyz_wt/CATALPTCICz0.466G960S1270858461.flat.sigma0.0.VOID.dat
==> Done
==> Reading /hpcstorage/dforero/projects/baosystematics/patchy_results/box1/real/smooth/flat_0.5/mocks_void_xyz/CATALPTCICz0.466G960S1288612254.flat.sigma0.0.VOID.dat
==> Computing void weights
==> Saving catalog to /hpcstorage/dforero/projects/baosystematics/patchy_results/box1/real/smooth/flat_0.5/mocks_void_xyz_wt/CATALPTCICz0.466G960S1288612254.flat.sigma0.0.VOID.dat
==> Done
==> MPI process 6 finished.
==> MPI process 9 has 2 jobs allocated.
==> Reading /hpcstorage/dforero/projects/baosystematics/patchy_results/box1/real/smooth/flat_0.5/mocks_void_xyz/CATALPTCICz0.466G960S1395978271.flat.sigma0.0.VOID.dat
==> Computing void weights
==> Saving catalog to /hpcstorage/dforero/projects/baosystematics/patchy_results/box1/real/smooth/flat_0.5/mocks_void_xyz_wt/CATALPTCICz0.466G960S1395978271.flat.sigma0.0.VOID.dat
==> Done
==> Reading /hpcstorage/dforero/projects/baosystematics/patchy_results/box1/real/smooth/flat_0.5/mocks_void_xyz/CATALPTCICz0.466G960S1412768225.flat.sigma0.0.VOID.dat
==> Computing void weights
==> Saving catalog to /hpcstorage/dforero/projects/baosystematics/patchy_results/box1/real/smooth/flat_0.5/mocks_void_xyz_wt/CATALPTCICz0.466G960S1412768225.flat.sigma0.0.VOID.dat
==> Done
==> MPI process 9 finished.
==> MPI process 20 has 2 jobs allocated.
==> Reading /hpcstorage/dforero/projects/baosystematics/patchy_results/box1/real/smooth/flat_0.5/mocks_void_xyz/CATALPTCICz0.466G960S1843354749.flat.sigma0.0.VOID.dat
==> Computing void weights
==> Saving catalog to /hpcstorage/dforero/projects/baosystematics/patchy_results/box1/real/smooth/flat_0.5/mocks_void_xyz_wt/CATALPTCICz0.466G960S1843354749.flat.sigma0.0.VOID.dat
==> Done
==> Reading /hpcstorage/dforero/projects/baosystematics/patchy_results/box1/real/smooth/flat_0.5/mocks_void_xyz/CATALPTCICz0.466G960S1852228798.flat.sigma0.0.VOID.dat
==> Computing void weights
==> Saving catalog to /hpcstorage/dforero/projects/baosystematics/patchy_results/box1/real/smooth/flat_0.5/mocks_void_xyz_wt/CATALPTCICz0.466G960S1852228798.flat.sigma0.0.VOID.dat
==> Done
==> MPI process 20 finished.
==> MPI process 5 has 2 jobs allocated.
==> Reading /hpcstorage/dforero/projects/baosystematics/patchy_results/box1/real/smooth/flat_0.5/mocks_void_xyz/CATALPTCICz0.466G960S1256484261.flat.sigma0.0.VOID.dat
==> Computing void weights
==> Saving catalog to /hpcstorage/dforero/projects/baosystematics/patchy_results/box1/real/smooth/flat_0.5/mocks_void_xyz_wt/CATALPTCICz0.466G960S1256484261.flat.sigma0.0.VOID.dat
==> Done
==> Reading /hpcstorage/dforero/projects/baosystematics/patchy_results/box1/real/smooth/flat_0.5/mocks_void_xyz/CATALPTCICz0.466G960S1263047563.flat.sigma0.0.VOID.dat
==> Computing void weights
==> Saving catalog to /hpcstorage/dforero/projects/baosystematics/patchy_results/box1/real/smooth/flat_0.5/mocks_void_xyz_wt/CATALPTCICz0.466G960S1263047563.flat.sigma0.0.VOID.dat
==> Done
==> MPI process 5 finished.
==> MPI process 24 has 2 jobs allocated.
==> Reading /hpcstorage/dforero/projects/baosystematics/patchy_results/box1/real/smooth/flat_0.5/mocks_void_xyz/CATALPTCICz0.466G960S2007956662.flat.sigma0.0.VOID.dat
==> Computing void weights
==> Saving catalog to /hpcstorage/dforero/projects/baosystematics/patchy_results/box1/real/smooth/flat_0.5/mocks_void_xyz_wt/CATALPTCICz0.466G960S2007956662.flat.sigma0.0.VOID.dat
==> Done
==> Reading /hpcstorage/dforero/projects/baosystematics/patchy_results/box1/real/smooth/flat_0.5/mocks_void_xyz/CATALPTCICz0.466G960S2038140029.flat.sigma0.0.VOID.dat
==> Computing void weights
==> Saving catalog to /hpcstorage/dforero/projects/baosystematics/patchy_results/box1/real/smooth/flat_0.5/mocks_void_xyz_wt/CATALPTCICz0.466G960S2038140029.flat.sigma0.0.VOID.dat
==> Done
==> MPI process 24 finished.
==> MPI process 29 has 2 jobs allocated.
==> Reading /hpcstorage/dforero/projects/baosystematics/patchy_results/box1/real/smooth/flat_0.5/mocks_void_xyz/CATALPTCICz0.466G960S2112032858.flat.sigma0.0.VOID.dat
==> Computing void weights
==> Saving catalog to /hpcstorage/dforero/projects/baosystematics/patchy_results/box1/real/smooth/flat_0.5/mocks_void_xyz_wt/CATALPTCICz0.466G960S2112032858.flat.sigma0.0.VOID.dat
==> Done
==> Reading /hpcstorage/dforero/projects/baosystematics/patchy_results/box1/real/smooth/flat_0.5/mocks_void_xyz/CATALPTCICz0.466G960S218944817.flat.sigma0.0.VOID.dat
==> Computing void weights
==> Saving catalog to /hpcstorage/dforero/projects/baosystematics/patchy_results/box1/real/smooth/flat_0.5/mocks_void_xyz_wt/CATALPTCICz0.466G960S218944817.flat.sigma0.0.VOID.dat
==> Done
==> MPI process 29 finished.
==> MPI process 31 has 2 jobs allocated.
==> Reading /hpcstorage/dforero/projects/baosystematics/patchy_results/box1/real/smooth/flat_0.5/mocks_void_xyz/CATALPTCICz0.466G960S254190428.flat.sigma0.0.VOID.dat
==> Computing void weights
==> Saving catalog to /hpcstorage/dforero/projects/baosystematics/patchy_results/box1/real/smooth/flat_0.5/mocks_void_xyz_wt/CATALPTCICz0.466G960S254190428.flat.sigma0.0.VOID.dat
==> Done
==> Reading /hpcstorage/dforero/projects/baosystematics/patchy_results/box1/real/smooth/flat_0.5/mocks_void_xyz/CATALPTCICz0.466G960S257253385.flat.sigma0.0.VOID.dat
==> Computing void weights
==> Saving catalog to /hpcstorage/dforero/projects/baosystematics/patchy_results/box1/real/smooth/flat_0.5/mocks_void_xyz_wt/CATALPTCICz0.466G960S257253385.flat.sigma0.0.VOID.dat
==> Done
==> MPI process 31 finished.
==> MPI process 16 has 2 jobs allocated.
==> Reading /hpcstorage/dforero/projects/baosystematics/patchy_results/box1/real/smooth/flat_0.5/mocks_void_xyz/CATALPTCICz0.466G960S1695327302.flat.sigma0.0.VOID.dat
==> Computing void weights
==> Saving catalog to /hpcstorage/dforero/projects/baosystematics/patchy_results/box1/real/smooth/flat_0.5/mocks_void_xyz_wt/CATALPTCICz0.466G960S1695327302.flat.sigma0.0.VOID.dat
==> Done
==> Reading /hpcstorage/dforero/projects/baosystematics/patchy_results/box1/real/smooth/flat_0.5/mocks_void_xyz/CATALPTCICz0.466G960S1701633369.flat.sigma0.0.VOID.dat
==> Computing void weights
==> Saving catalog to /hpcstorage/dforero/projects/baosystematics/patchy_results/box1/real/smooth/flat_0.5/mocks_void_xyz_wt/CATALPTCICz0.466G960S1701633369.flat.sigma0.0.VOID.dat
==> Done
==> MPI process 16 finished.
==> MPI process 18 has 2 jobs allocated.
==> Reading /hpcstorage/dforero/projects/baosystematics/patchy_results/box1/real/smooth/flat_0.5/mocks_void_xyz/CATALPTCICz0.466G960S1737359640.flat.sigma0.0.VOID.dat
==> Computing void weights
==> Saving catalog to /hpcstorage/dforero/projects/baosystematics/patchy_results/box1/real/smooth/flat_0.5/mocks_void_xyz_wt/CATALPTCICz0.466G960S1737359640.flat.sigma0.0.VOID.dat
==> Done
==> Reading /hpcstorage/dforero/projects/baosystematics/patchy_results/box1/real/smooth/flat_0.5/mocks_void_xyz/CATALPTCICz0.466G960S1782425948.flat.sigma0.0.VOID.dat
==> Computing void weights
==> Saving catalog to /hpcstorage/dforero/projects/baosystematics/patchy_results/box1/real/smooth/flat_0.5/mocks_void_xyz_wt/CATALPTCICz0.466G960S1782425948.flat.sigma0.0.VOID.dat
==> Done
==> MPI process 18 finished.
==> MPI process 26 has 2 jobs allocated.
==> Reading /hpcstorage/dforero/projects/baosystematics/patchy_results/box1/real/smooth/flat_0.5/mocks_void_xyz/CATALPTCICz0.466G960S2073007256.flat.sigma0.0.VOID.dat
==> Computing void weights
==> Saving catalog to /hpcstorage/dforero/projects/baosystematics/patchy_results/box1/real/smooth/flat_0.5/mocks_void_xyz_wt/CATALPTCICz0.466G960S2073007256.flat.sigma0.0.VOID.dat
==> Done
==> Reading /hpcstorage/dforero/projects/baosystematics/patchy_results/box1/real/smooth/flat_0.5/mocks_void_xyz/CATALPTCICz0.466G960S2075331049.flat.sigma0.0.VOID.dat
==> Computing void weights
==> Saving catalog to /hpcstorage/dforero/projects/baosystematics/patchy_results/box1/real/smooth/flat_0.5/mocks_void_xyz_wt/CATALPTCICz0.466G960S2075331049.flat.sigma0.0.VOID.dat
==> Done
==> MPI process 26 finished.
==> MPI process 21 has 2 jobs allocated.
==> Reading /hpcstorage/dforero/projects/baosystematics/patchy_results/box1/real/smooth/flat_0.5/mocks_void_xyz/CATALPTCICz0.466G960S1897253935.flat.sigma0.0.VOID.dat
==> Computing void weights
==> Saving catalog to /hpcstorage/dforero/projects/baosystematics/patchy_results/box1/real/smooth/flat_0.5/mocks_void_xyz_wt/CATALPTCICz0.466G960S1897253935.flat.sigma0.0.VOID.dat
==> Done
==> Reading /hpcstorage/dforero/projects/baosystematics/patchy_results/box1/real/smooth/flat_0.5/mocks_void_xyz/CATALPTCICz0.466G960S1941846360.flat.sigma0.0.VOID.dat
==> Computing void weights
==> Saving catalog to /hpcstorage/dforero/projects/baosystematics/patchy_results/box1/real/smooth/flat_0.5/mocks_void_xyz_wt/CATALPTCICz0.466G960S1941846360.flat.sigma0.0.VOID.dat
==> Done
==> MPI process 21 finished.
==> MPI process 15 has 2 jobs allocated.
==> Reading /hpcstorage/dforero/projects/baosystematics/patchy_results/box1/real/smooth/flat_0.5/mocks_void_xyz/CATALPTCICz0.466G960S162548710.flat.sigma0.0.VOID.dat
==> Computing void weights
==> Saving catalog to /hpcstorage/dforero/projects/baosystematics/patchy_results/box1/real/smooth/flat_0.5/mocks_void_xyz_wt/CATALPTCICz0.466G960S162548710.flat.sigma0.0.VOID.dat
==> Done
==> Reading /hpcstorage/dforero/projects/baosystematics/patchy_results/box1/real/smooth/flat_0.5/mocks_void_xyz/CATALPTCICz0.466G960S1685847119.flat.sigma0.0.VOID.dat
==> Computing void weights
==> Saving catalog to /hpcstorage/dforero/projects/baosystematics/patchy_results/box1/real/smooth/flat_0.5/mocks_void_xyz_wt/CATALPTCICz0.466G960S1685847119.flat.sigma0.0.VOID.dat
==> Done
==> MPI process 15 finished.
==> MPI process 23 has 2 jobs allocated.
==> Reading /hpcstorage/dforero/projects/baosystematics/patchy_results/box1/real/smooth/flat_0.5/mocks_void_xyz/CATALPTCICz0.466G960S1992528790.flat.sigma0.0.VOID.dat
==> Computing void weights
==> Saving catalog to /hpcstorage/dforero/projects/baosystematics/patchy_results/box1/real/smooth/flat_0.5/mocks_void_xyz_wt/CATALPTCICz0.466G960S1992528790.flat.sigma0.0.VOID.dat
==> Done
==> Reading /hpcstorage/dforero/projects/baosystematics/patchy_results/box1/real/smooth/flat_0.5/mocks_void_xyz/CATALPTCICz0.466G960S2005020971.flat.sigma0.0.VOID.dat
==> Computing void weights
==> Saving catalog to /hpcstorage/dforero/projects/baosystematics/patchy_results/box1/real/smooth/flat_0.5/mocks_void_xyz_wt/CATALPTCICz0.466G960S2005020971.flat.sigma0.0.VOID.dat
==> Done
==> MPI process 23 finished.
