\BOOKMARK [1][-]{section.1}{Introduction}{}% 1
\BOOKMARK [1][-]{section.2}{Background theory}{}% 2
\BOOKMARK [2][-]{subsection.2.1}{FLRW Metric}{section.2}% 3
\BOOKMARK [2][-]{subsection.2.2}{Distance measurement in Cosmology}{section.2}% 4
\BOOKMARK [2][-]{subsection.2.3}{Baryon Acoustic Oscillations}{section.2}% 5
\BOOKMARK [2][-]{subsection.2.4}{Two-point correlation function and the power spectrum}{section.2}% 6
\BOOKMARK [2][-]{subsection.2.5}{Zeldovich Approximation}{section.2}% 7
\BOOKMARK [1][-]{section.3}{Voids}{}% 8
\BOOKMARK [2][-]{subsection.3.1}{Dive}{section.3}% 9
\BOOKMARK [2][-]{subsection.3.2}{Types of voids}{section.3}% 10
\BOOKMARK [1][-]{section.4}{Data}{}% 11
\BOOKMARK [2][-]{subsection.4.1}{The eBOSS survey}{section.4}% 12
\BOOKMARK [2][-]{subsection.4.2}{Mock catalogs}{section.4}% 13
\BOOKMARK [2][-]{subsection.4.3}{Systematical Effects }{section.4}% 14
\BOOKMARK [1][-]{section.5}{Method}{}% 15
\BOOKMARK [2][-]{subsection.5.1}{Pipeline}{section.5}% 16
\BOOKMARK [2][-]{subsection.5.2}{SNR analysis for BAO feature}{section.5}% 17
\BOOKMARK [2][-]{subsection.5.3}{Fitting procedure}{section.5}% 18
\BOOKMARK [2][-]{subsection.5.4}{Priors}{section.5}% 19
\BOOKMARK [1][-]{section.6}{Results and discussion}{}% 20
\BOOKMARK [2][-]{subsection.6.1}{Fit to the mean 2PCF}{section.6}% 21
\BOOKMARK [2][-]{subsection.6.2}{Fit to the individual mocks}{section.6}% 22
\BOOKMARK [1][-]{section.7}{Conclusion}{}% 23
\BOOKMARK [1][-]{section.A1}{Best-fit curves}{}% 24
