\BOOKMARK [1][-]{section.1}{Introduction}{}% 1
\BOOKMARK [1][-]{section.2}{Background theory}{}% 2
\BOOKMARK [2][-]{subsection.2.1}{Baryon Acoustic Oscillations}{section.2}% 3
\BOOKMARK [2][-]{subsection.2.2}{Voids}{section.2}% 4
\BOOKMARK [2][-]{subsection.2.3}{Systematical Effects}{section.2}% 5
\BOOKMARK [3][-]{subsubsection.2.3.1}{Fiber collisions}{subsection.2.3}% 6
\BOOKMARK [3][-]{subsubsection.2.3.2}{Redshift Failures}{subsection.2.3}% 7
\BOOKMARK [3][-]{subsubsection.2.3.3}{Angular photometric systematics}{subsection.2.3}% 8
\BOOKMARK [3][-]{subsubsection.2.3.4}{Normalization and FKP weights}{subsection.2.3}% 9
\BOOKMARK [3][-]{subsubsection.2.3.5}{Applying systematic weights}{subsection.2.3}% 10
\BOOKMARK [2][-]{subsection.2.4}{DIVE}{section.2}% 11
\BOOKMARK [2][-]{subsection.2.5}{Types of voids}{section.2}% 12
\BOOKMARK [2][-]{subsection.2.6}{The eBOSS survey}{section.2}% 13
\BOOKMARK [1][-]{section.3}{Method}{}% 14
\BOOKMARK [2][-]{subsection.3.1}{Pipeline}{section.3}% 15
\BOOKMARK [2][-]{subsection.3.2}{SNR analysis for BAO feature}{section.3}% 16
\BOOKMARK [2][-]{subsection.3.3}{Fitting procedure}{section.3}% 17
\BOOKMARK [3][-]{subsubsection.3.3.1}{The model}{subsection.3.3}% 18
\BOOKMARK [3][-]{subsubsection.3.3.2}{Parameter inference}{subsection.3.3}% 19
\BOOKMARK [1][-]{section.4}{Results}{}% 20
\BOOKMARK [2][-]{subsection.4.1}{ELG}{section.4}% 21
\BOOKMARK [1][-]{section.5}{Conclusion}{}% 22
\BOOKMARK [1][-]{section.5}{References}{}% 23
