/hpcstorage/dforero/projects/baosystematics/src/fcfc_box/fcfc_box_void_count_real.conf
srun: error: node224: task 0: Exited with exit code 254

[31;1mError:[0m cannot access the path `/hpcstorage/dforero/projects/baosystematics/patchy_results/box1/real/nosyst/mocks_void_xyz/tpcf_xgv_R_16-50/DD_files/DD_CATALPTCICz0.466G960S1089996733.CROSS.R_16-50.dat--output=/hpcstorage/dforero/projects/baosystematics/patchy_results/box1/real/nosyst/mocks_void_xyz/tpcf_xgv_R_16-50/'.
[31;1mExit:[0m please check your configuration.
Try the -h option for more information.
Loading configuration ... [70C[[31;1mFAIL[0m]
/hpcstorage/dforero/projects/baosystematics/src/fcfc_box/fcfc_box_void_count_real.conf
srun: error: node224: task 0: Exited with exit code 254

[31;1mError:[0m cannot access the path `/hpcstorage/dforero/projects/baosystematics/patchy_results/box1/real/nosyst/mocks_void_xyz/tpcf_xgv_R_16-50/DD_files/DD_CATALPTCICz0.466G960S1090208157.CROSS.R_16-50.dat--output=/hpcstorage/dforero/projects/baosystematics/patchy_results/box1/real/nosyst/mocks_void_xyz/tpcf_xgv_R_16-50/'.
[31;1mExit:[0m please check your configuration.
Try the -h option for more information.
Loading configuration ... [70C[[31;1mFAIL[0m]
/hpcstorage/dforero/projects/baosystematics/src/fcfc_box/fcfc_box_void_count_real.conf
srun: error: node224: task 0: Exited with exit code 254

[31;1mError:[0m cannot access the path `/hpcstorage/dforero/projects/baosystematics/patchy_results/box1/real/nosyst/mocks_void_xyz/tpcf_xgv_R_16-50/DD_files/DD_CATALPTCICz0.466G960S1090249413.CROSS.R_16-50.dat--output=/hpcstorage/dforero/projects/baosystematics/patchy_results/box1/real/nosyst/mocks_void_xyz/tpcf_xgv_R_16-50/'.
[31;1mExit:[0m please check your configuration.
Try the -h option for more information.
Loading configuration ... [70C[[31;1mFAIL[0m]
/hpcstorage/dforero/projects/baosystematics/src/fcfc_box/fcfc_box_void_count_real.conf
srun: error: node224: task 0: Exited with exit code 254

[31;1mError:[0m cannot access the path `/hpcstorage/dforero/projects/baosystematics/patchy_results/box1/real/nosyst/mocks_void_xyz/tpcf_xgv_R_16-50/DD_files/DD_CATALPTCICz0.466G960S109224375.CROSS.R_16-50.dat--output=/hpcstorage/dforero/projects/baosystematics/patchy_results/box1/real/nosyst/mocks_void_xyz/tpcf_xgv_R_16-50/'.
[31;1mExit:[0m please check your configuration.
Try the -h option for more information.
Loading configuration ... [70C[[31;1mFAIL[0m]
/hpcstorage/dforero/projects/baosystematics/src/fcfc_box/fcfc_box_void_count_real.conf
srun: error: node224: task 0: Exited with exit code 254

[31;1mError:[0m cannot access the path `/hpcstorage/dforero/projects/baosystematics/patchy_results/box1/real/nosyst/mocks_void_xyz/tpcf_xgv_R_16-50/DD_files/DD_CATALPTCICz0.466G960S1093443331.CROSS.R_16-50.dat--output=/hpcstorage/dforero/projects/baosystematics/patchy_results/box1/real/nosyst/mocks_void_xyz/tpcf_xgv_R_16-50/'.
[31;1mExit:[0m please check your configuration.
Try the -h option for more information.
Loading configuration ... [70C[[31;1mFAIL[0m]
/hpcstorage/dforero/projects/baosystematics/src/fcfc_box/fcfc_box_void_count_real.conf
srun: error: node224: task 0: Exited with exit code 254

[31;1mError:[0m cannot access the path `/hpcstorage/dforero/projects/baosystematics/patchy_results/box1/real/nosyst/mocks_void_xyz/tpcf_xgv_R_16-50/DD_files/DD_CATALPTCICz0.466G960S110218404.CROSS.R_16-50.dat--output=/hpcstorage/dforero/projects/baosystematics/patchy_results/box1/real/nosyst/mocks_void_xyz/tpcf_xgv_R_16-50/'.
[31;1mExit:[0m please check your configuration.
Try the -h option for more information.
Loading configuration ... [70C[[31;1mFAIL[0m]
/hpcstorage/dforero/projects/baosystematics/src/fcfc_box/fcfc_box_void_count_real.conf
srun: error: node224: task 0: Exited with exit code 254

[31;1mError:[0m cannot access the path `/hpcstorage/dforero/projects/baosystematics/patchy_results/box1/real/nosyst/mocks_void_xyz/tpcf_xgv_R_16-50/DD_files/DD_CATALPTCICz0.466G960S1106086967.CROSS.R_16-50.dat--output=/hpcstorage/dforero/projects/baosystematics/patchy_results/box1/real/nosyst/mocks_void_xyz/tpcf_xgv_R_16-50/'.
[31;1mExit:[0m please check your configuration.
Try the -h option for more information.
Loading configuration ... [70C[[31;1mFAIL[0m]
/hpcstorage/dforero/projects/baosystematics/src/fcfc_box/fcfc_box_void_count_real.conf
srun: error: node224: task 0: Exited with exit code 254

[31;1mError:[0m cannot access the path `/hpcstorage/dforero/projects/baosystematics/patchy_results/box1/real/nosyst/mocks_void_xyz/tpcf_xgv_R_16-50/DD_files/DD_CATALPTCICz0.466G960S1125987812.CROSS.R_16-50.dat--output=/hpcstorage/dforero/projects/baosystematics/patchy_results/box1/real/nosyst/mocks_void_xyz/tpcf_xgv_R_16-50/'.
[31;1mExit:[0m please check your configuration.
Try the -h option for more information.
Loading configuration ... [70C[[31;1mFAIL[0m]
/hpcstorage/dforero/projects/baosystematics/src/fcfc_box/fcfc_box_void_count_real.conf
srun: error: node224: task 0: Exited with exit code 254

[31;1mError:[0m cannot access the path `/hpcstorage/dforero/projects/baosystematics/patchy_results/box1/real/nosyst/mocks_void_xyz/tpcf_xgv_R_16-50/DD_files/DD_CATALPTCICz0.466G960S1127858495.CROSS.R_16-50.dat--output=/hpcstorage/dforero/projects/baosystematics/patchy_results/box1/real/nosyst/mocks_void_xyz/tpcf_xgv_R_16-50/'.
[31;1mExit:[0m please check your configuration.
Try the -h option for more information.
Loading configuration ... [70C[[31;1mFAIL[0m]
/hpcstorage/dforero/projects/baosystematics/src/fcfc_box/fcfc_box_void_count_real.conf
srun: error: node224: task 0: Exited with exit code 254

[31;1mError:[0m cannot access the path `/hpcstorage/dforero/projects/baosystematics/patchy_results/box1/real/nosyst/mocks_void_xyz/tpcf_xgv_R_16-50/DD_files/DD_CATALPTCICz0.466G960S1133045298.CROSS.R_16-50.dat--output=/hpcstorage/dforero/projects/baosystematics/patchy_results/box1/real/nosyst/mocks_void_xyz/tpcf_xgv_R_16-50/'.
[31;1mExit:[0m please check your configuration.
Try the -h option for more information.
Loading configuration ... [70C[[31;1mFAIL[0m]
