/hpcstorage/dforero/projects/baosystematics/src/fcfc_box/fcfc_box_void_count_real.conf
srun: error: node224: task 0: Exited with exit code 254

[31;1mError:[0m cannot access the path `/hpcstorage/dforero/projects/baosystematics/patchy_results/box1/real/nosyst/mocks_void_xyz/tpcf_xgv_R_16-50/DD_files/DD_CATALPTCICz0.466G960S1888203641.CROSS.R_16-50.dat--output=/hpcstorage/dforero/projects/baosystematics/patchy_results/box1/real/nosyst/mocks_void_xyz/tpcf_xgv_R_16-50/'.
[31;1mExit:[0m please check your configuration.
Try the -h option for more information.
Loading configuration ... [70C[[31;1mFAIL[0m]
/hpcstorage/dforero/projects/baosystematics/src/fcfc_box/fcfc_box_void_count_real.conf
srun: error: node224: task 0: Exited with exit code 254

[31;1mError:[0m cannot access the path `/hpcstorage/dforero/projects/baosystematics/patchy_results/box1/real/nosyst/mocks_void_xyz/tpcf_xgv_R_16-50/DD_files/DD_CATALPTCICz0.466G960S1897253935.CROSS.R_16-50.dat--output=/hpcstorage/dforero/projects/baosystematics/patchy_results/box1/real/nosyst/mocks_void_xyz/tpcf_xgv_R_16-50/'.
[31;1mExit:[0m please check your configuration.
Try the -h option for more information.
Loading configuration ... [70C[[31;1mFAIL[0m]
/hpcstorage/dforero/projects/baosystematics/src/fcfc_box/fcfc_box_void_count_real.conf
srun: error: node224: task 0: Exited with exit code 254

[31;1mError:[0m cannot access the path `/hpcstorage/dforero/projects/baosystematics/patchy_results/box1/real/nosyst/mocks_void_xyz/tpcf_xgv_R_16-50/DD_files/DD_CATALPTCICz0.466G960S1927411616.CROSS.R_16-50.dat--output=/hpcstorage/dforero/projects/baosystematics/patchy_results/box1/real/nosyst/mocks_void_xyz/tpcf_xgv_R_16-50/'.
[31;1mExit:[0m please check your configuration.
Try the -h option for more information.
Loading configuration ... [70C[[31;1mFAIL[0m]
/hpcstorage/dforero/projects/baosystematics/src/fcfc_box/fcfc_box_void_count_real.conf
srun: error: node224: task 0: Exited with exit code 254

[31;1mError:[0m cannot access the path `/hpcstorage/dforero/projects/baosystematics/patchy_results/box1/real/nosyst/mocks_void_xyz/tpcf_xgv_R_16-50/DD_files/DD_CATALPTCICz0.466G960S1928615245.CROSS.R_16-50.dat--output=/hpcstorage/dforero/projects/baosystematics/patchy_results/box1/real/nosyst/mocks_void_xyz/tpcf_xgv_R_16-50/'.
[31;1mExit:[0m please check your configuration.
Try the -h option for more information.
Loading configuration ... [70C[[31;1mFAIL[0m]
/hpcstorage/dforero/projects/baosystematics/src/fcfc_box/fcfc_box_void_count_real.conf
srun: error: node224: task 0: Exited with exit code 254

[31;1mError:[0m cannot access the path `/hpcstorage/dforero/projects/baosystematics/patchy_results/box1/real/nosyst/mocks_void_xyz/tpcf_xgv_R_16-50/DD_files/DD_CATALPTCICz0.466G960S1932672395.CROSS.R_16-50.dat--output=/hpcstorage/dforero/projects/baosystematics/patchy_results/box1/real/nosyst/mocks_void_xyz/tpcf_xgv_R_16-50/'.
[31;1mExit:[0m please check your configuration.
Try the -h option for more information.
Loading configuration ... [70C[[31;1mFAIL[0m]
/hpcstorage/dforero/projects/baosystematics/src/fcfc_box/fcfc_box_void_count_real.conf
srun: error: node224: task 0: Exited with exit code 254

[31;1mError:[0m cannot access the path `/hpcstorage/dforero/projects/baosystematics/patchy_results/box1/real/nosyst/mocks_void_xyz/tpcf_xgv_R_16-50/DD_files/DD_CATALPTCICz0.466G960S1936779850.CROSS.R_16-50.dat--output=/hpcstorage/dforero/projects/baosystematics/patchy_results/box1/real/nosyst/mocks_void_xyz/tpcf_xgv_R_16-50/'.
[31;1mExit:[0m please check your configuration.
Try the -h option for more information.
Loading configuration ... [70C[[31;1mFAIL[0m]
/hpcstorage/dforero/projects/baosystematics/src/fcfc_box/fcfc_box_void_count_real.conf
srun: error: node224: task 0: Exited with exit code 254

[31;1mError:[0m cannot access the path `/hpcstorage/dforero/projects/baosystematics/patchy_results/box1/real/nosyst/mocks_void_xyz/tpcf_xgv_R_16-50/DD_files/DD_CATALPTCICz0.466G960S1941846360.CROSS.R_16-50.dat--output=/hpcstorage/dforero/projects/baosystematics/patchy_results/box1/real/nosyst/mocks_void_xyz/tpcf_xgv_R_16-50/'.
[31;1mExit:[0m please check your configuration.
Try the -h option for more information.
Loading configuration ... [70C[[31;1mFAIL[0m]
/hpcstorage/dforero/projects/baosystematics/src/fcfc_box/fcfc_box_void_count_real.conf
srun: error: node224: task 0: Exited with exit code 254

[31;1mError:[0m cannot access the path `/hpcstorage/dforero/projects/baosystematics/patchy_results/box1/real/nosyst/mocks_void_xyz/tpcf_xgv_R_16-50/DD_files/DD_CATALPTCICz0.466G960S1942615915.CROSS.R_16-50.dat--output=/hpcstorage/dforero/projects/baosystematics/patchy_results/box1/real/nosyst/mocks_void_xyz/tpcf_xgv_R_16-50/'.
[31;1mExit:[0m please check your configuration.
Try the -h option for more information.
Loading configuration ... [70C[[31;1mFAIL[0m]
/hpcstorage/dforero/projects/baosystematics/src/fcfc_box/fcfc_box_void_count_real.conf
srun: error: node224: task 0: Exited with exit code 254

[31;1mError:[0m cannot access the path `/hpcstorage/dforero/projects/baosystematics/patchy_results/box1/real/nosyst/mocks_void_xyz/tpcf_xgv_R_16-50/DD_files/DD_CATALPTCICz0.466G960S1942922759.CROSS.R_16-50.dat--output=/hpcstorage/dforero/projects/baosystematics/patchy_results/box1/real/nosyst/mocks_void_xyz/tpcf_xgv_R_16-50/'.
[31;1mExit:[0m please check your configuration.
Try the -h option for more information.
Loading configuration ... [70C[[31;1mFAIL[0m]
/hpcstorage/dforero/projects/baosystematics/src/fcfc_box/fcfc_box_void_count_real.conf
srun: error: node224: task 0: Exited with exit code 254

[31;1mError:[0m cannot access the path `/hpcstorage/dforero/projects/baosystematics/patchy_results/box1/real/nosyst/mocks_void_xyz/tpcf_xgv_R_16-50/DD_files/DD_CATALPTCICz0.466G960S1947502558.CROSS.R_16-50.dat--output=/hpcstorage/dforero/projects/baosystematics/patchy_results/box1/real/nosyst/mocks_void_xyz/tpcf_xgv_R_16-50/'.
[31;1mExit:[0m please check your configuration.
Try the -h option for more information.
Loading configuration ... [70C[[31;1mFAIL[0m]
