/hpcstorage/dforero/projects/baosystematics/src/fcfc_box/fcfc_box_void_count_real.conf
srun: error: node224: task 0: Exited with exit code 254

[31;1mError:[0m cannot access the path `/hpcstorage/dforero/projects/baosystematics/patchy_results/box1/real/nosyst/mocks_void_xyz/tpcf_xgv_R_16-50/DD_files/DD_CATALPTCICz0.466G960S1579594552.CROSS.R_16-50.dat--output=/hpcstorage/dforero/projects/baosystematics/patchy_results/box1/real/nosyst/mocks_void_xyz/tpcf_xgv_R_16-50/'.
[31;1mExit:[0m please check your configuration.
Try the -h option for more information.
Loading configuration ... [70C[[31;1mFAIL[0m]
/hpcstorage/dforero/projects/baosystematics/src/fcfc_box/fcfc_box_void_count_real.conf
srun: error: node224: task 0: Exited with exit code 254

[31;1mError:[0m cannot access the path `/hpcstorage/dforero/projects/baosystematics/patchy_results/box1/real/nosyst/mocks_void_xyz/tpcf_xgv_R_16-50/DD_files/DD_CATALPTCICz0.466G960S1586223277.CROSS.R_16-50.dat--output=/hpcstorage/dforero/projects/baosystematics/patchy_results/box1/real/nosyst/mocks_void_xyz/tpcf_xgv_R_16-50/'.
[31;1mExit:[0m please check your configuration.
Try the -h option for more information.
Loading configuration ... [70C[[31;1mFAIL[0m]
/hpcstorage/dforero/projects/baosystematics/src/fcfc_box/fcfc_box_void_count_real.conf
srun: error: node224: task 0: Exited with exit code 254

[31;1mError:[0m cannot access the path `/hpcstorage/dforero/projects/baosystematics/patchy_results/box1/real/nosyst/mocks_void_xyz/tpcf_xgv_R_16-50/DD_files/DD_CATALPTCICz0.466G960S1594480644.CROSS.R_16-50.dat--output=/hpcstorage/dforero/projects/baosystematics/patchy_results/box1/real/nosyst/mocks_void_xyz/tpcf_xgv_R_16-50/'.
[31;1mExit:[0m please check your configuration.
Try the -h option for more information.
Loading configuration ... [70C[[31;1mFAIL[0m]
/hpcstorage/dforero/projects/baosystematics/src/fcfc_box/fcfc_box_void_count_real.conf
srun: error: node224: task 0: Exited with exit code 254

[31;1mError:[0m cannot access the path `/hpcstorage/dforero/projects/baosystematics/patchy_results/box1/real/nosyst/mocks_void_xyz/tpcf_xgv_R_16-50/DD_files/DD_CATALPTCICz0.466G960S1601254869.CROSS.R_16-50.dat--output=/hpcstorage/dforero/projects/baosystematics/patchy_results/box1/real/nosyst/mocks_void_xyz/tpcf_xgv_R_16-50/'.
[31;1mExit:[0m please check your configuration.
Try the -h option for more information.
Loading configuration ... [70C[[31;1mFAIL[0m]
/hpcstorage/dforero/projects/baosystematics/src/fcfc_box/fcfc_box_void_count_real.conf
srun: error: node224: task 0: Exited with exit code 254

[31;1mError:[0m cannot access the path `/hpcstorage/dforero/projects/baosystematics/patchy_results/box1/real/nosyst/mocks_void_xyz/tpcf_xgv_R_16-50/DD_files/DD_CATALPTCICz0.466G960S1602453706.CROSS.R_16-50.dat--output=/hpcstorage/dforero/projects/baosystematics/patchy_results/box1/real/nosyst/mocks_void_xyz/tpcf_xgv_R_16-50/'.
[31;1mExit:[0m please check your configuration.
Try the -h option for more information.
Loading configuration ... [70C[[31;1mFAIL[0m]
/hpcstorage/dforero/projects/baosystematics/src/fcfc_box/fcfc_box_void_count_real.conf
srun: error: node224: task 0: Exited with exit code 254

[31;1mError:[0m cannot access the path `/hpcstorage/dforero/projects/baosystematics/patchy_results/box1/real/nosyst/mocks_void_xyz/tpcf_xgv_R_16-50/DD_files/DD_CATALPTCICz0.466G960S1606030092.CROSS.R_16-50.dat--output=/hpcstorage/dforero/projects/baosystematics/patchy_results/box1/real/nosyst/mocks_void_xyz/tpcf_xgv_R_16-50/'.
[31;1mExit:[0m please check your configuration.
Try the -h option for more information.
Loading configuration ... [70C[[31;1mFAIL[0m]
/hpcstorage/dforero/projects/baosystematics/src/fcfc_box/fcfc_box_void_count_real.conf
srun: error: node224: task 0: Exited with exit code 254

[31;1mError:[0m cannot access the path `/hpcstorage/dforero/projects/baosystematics/patchy_results/box1/real/nosyst/mocks_void_xyz/tpcf_xgv_R_16-50/DD_files/DD_CATALPTCICz0.466G960S1612241734.CROSS.R_16-50.dat--output=/hpcstorage/dforero/projects/baosystematics/patchy_results/box1/real/nosyst/mocks_void_xyz/tpcf_xgv_R_16-50/'.
[31;1mExit:[0m please check your configuration.
Try the -h option for more information.
Loading configuration ... [70C[[31;1mFAIL[0m]
/hpcstorage/dforero/projects/baosystematics/src/fcfc_box/fcfc_box_void_count_real.conf
srun: error: node224: task 0: Exited with exit code 254

[31;1mError:[0m cannot access the path `/hpcstorage/dforero/projects/baosystematics/patchy_results/box1/real/nosyst/mocks_void_xyz/tpcf_xgv_R_16-50/DD_files/DD_CATALPTCICz0.466G960S1618016355.CROSS.R_16-50.dat--output=/hpcstorage/dforero/projects/baosystematics/patchy_results/box1/real/nosyst/mocks_void_xyz/tpcf_xgv_R_16-50/'.
[31;1mExit:[0m please check your configuration.
Try the -h option for more information.
Loading configuration ... [70C[[31;1mFAIL[0m]
/hpcstorage/dforero/projects/baosystematics/src/fcfc_box/fcfc_box_void_count_real.conf
srun: error: node224: task 0: Exited with exit code 254

[31;1mError:[0m cannot access the path `/hpcstorage/dforero/projects/baosystematics/patchy_results/box1/real/nosyst/mocks_void_xyz/tpcf_xgv_R_16-50/DD_files/DD_CATALPTCICz0.466G960S1618325649.CROSS.R_16-50.dat--output=/hpcstorage/dforero/projects/baosystematics/patchy_results/box1/real/nosyst/mocks_void_xyz/tpcf_xgv_R_16-50/'.
[31;1mExit:[0m please check your configuration.
Try the -h option for more information.
Loading configuration ... [70C[[31;1mFAIL[0m]
/hpcstorage/dforero/projects/baosystematics/src/fcfc_box/fcfc_box_void_count_real.conf
srun: error: node224: task 0: Exited with exit code 254

[31;1mError:[0m cannot access the path `/hpcstorage/dforero/projects/baosystematics/patchy_results/box1/real/nosyst/mocks_void_xyz/tpcf_xgv_R_16-50/DD_files/DD_CATALPTCICz0.466G960S162548710.CROSS.R_16-50.dat--output=/hpcstorage/dforero/projects/baosystematics/patchy_results/box1/real/nosyst/mocks_void_xyz/tpcf_xgv_R_16-50/'.
[31;1mExit:[0m please check your configuration.
Try the -h option for more information.
Loading configuration ... [70C[[31;1mFAIL[0m]
