/hpcstorage/dforero/projects/baosystematics/src/fcfc_box/fcfc_box_void_count_real.conf
srun: error: node224: task 0: Exited with exit code 254

[31;1mError:[0m cannot access the path `/hpcstorage/dforero/projects/baosystematics/patchy_results/box1/real/nosyst/mocks_void_xyz/tpcf_xgv_R_16-50/DD_files/DD_CATALPTCICz0.466G960S322041233.CROSS.R_16-50.dat--output=/hpcstorage/dforero/projects/baosystematics/patchy_results/box1/real/nosyst/mocks_void_xyz/tpcf_xgv_R_16-50/'.
[31;1mExit:[0m please check your configuration.
Try the -h option for more information.
Loading configuration ... [70C[[31;1mFAIL[0m]
/hpcstorage/dforero/projects/baosystematics/src/fcfc_box/fcfc_box_void_count_real.conf
srun: error: node224: task 0: Exited with exit code 254

[31;1mError:[0m cannot access the path `/hpcstorage/dforero/projects/baosystematics/patchy_results/box1/real/nosyst/mocks_void_xyz/tpcf_xgv_R_16-50/DD_files/DD_CATALPTCICz0.466G960S328966262.CROSS.R_16-50.dat--output=/hpcstorage/dforero/projects/baosystematics/patchy_results/box1/real/nosyst/mocks_void_xyz/tpcf_xgv_R_16-50/'.
[31;1mExit:[0m please check your configuration.
Try the -h option for more information.
Loading configuration ... [70C[[31;1mFAIL[0m]
/hpcstorage/dforero/projects/baosystematics/src/fcfc_box/fcfc_box_void_count_real.conf
srun: error: node224: task 0: Exited with exit code 254

[31;1mError:[0m cannot access the path `/hpcstorage/dforero/projects/baosystematics/patchy_results/box1/real/nosyst/mocks_void_xyz/tpcf_xgv_R_16-50/DD_files/DD_CATALPTCICz0.466G960S329096440.CROSS.R_16-50.dat--output=/hpcstorage/dforero/projects/baosystematics/patchy_results/box1/real/nosyst/mocks_void_xyz/tpcf_xgv_R_16-50/'.
[31;1mExit:[0m please check your configuration.
Try the -h option for more information.
Loading configuration ... [70C[[31;1mFAIL[0m]
srun: Job step aborted: Waiting up to 32 seconds for job step to finish.
/hpcstorage/dforero/projects/baosystematics/src/fcfc_box/fcfc_box_void_count_real.conf
srun: got SIGCONT
slurmstepd: error: *** JOB 3080738 ON node224 CANCELLED AT 2020-04-02T09:11:54 ***
srun: forcing job termination
srun: error: node224: task 0: Exited with exit code 254

[31;1mError:[0m cannot access the path `/hpcstorage/dforero/projects/baosystematics/patchy_results/box1/real/nosyst/mocks_void_xyz/tpcf_xgv_R_16-50/DD_files/DD_CATALPTCICz0.466G960S329427831.CROSS.R_16-50.dat--output=/hpcstorage/dforero/projects/baosystematics/patchy_results/box1/real/nosyst/mocks_void_xyz/tpcf_xgv_R_16-50/'.
[31;1mExit:[0m please check your configuration.
Try the -h option for more information.
Loading configuration ... [70C[[31;1mFAIL[0m]
