/hpcstorage/dforero/projects/baosystematics/src/fcfc_box/fcfc_box_void_count_real.conf
srun: error: node224: task 0: Exited with exit code 254

[31;1mError:[0m cannot access the path `/hpcstorage/dforero/projects/baosystematics/patchy_results/box1/real/nosyst/mocks_void_xyz/tpcf_xgv_R_16-50/DD_files/DD_CATALPTCICz0.466G960S128282312.CROSS.R_16-50.dat--output=/hpcstorage/dforero/projects/baosystematics/patchy_results/box1/real/nosyst/mocks_void_xyz/tpcf_xgv_R_16-50/'.
[31;1mExit:[0m please check your configuration.
Try the -h option for more information.
Loading configuration ... [70C[[31;1mFAIL[0m]
/hpcstorage/dforero/projects/baosystematics/src/fcfc_box/fcfc_box_void_count_real.conf
srun: error: node224: task 0: Exited with exit code 254

[31;1mError:[0m cannot access the path `/hpcstorage/dforero/projects/baosystematics/patchy_results/box1/real/nosyst/mocks_void_xyz/tpcf_xgv_R_16-50/DD_files/DD_CATALPTCICz0.466G960S1288612254.CROSS.R_16-50.dat--output=/hpcstorage/dforero/projects/baosystematics/patchy_results/box1/real/nosyst/mocks_void_xyz/tpcf_xgv_R_16-50/'.
[31;1mExit:[0m please check your configuration.
Try the -h option for more information.
Loading configuration ... [70C[[31;1mFAIL[0m]
/hpcstorage/dforero/projects/baosystematics/src/fcfc_box/fcfc_box_void_count_real.conf
srun: error: node224: task 0: Exited with exit code 254

[31;1mError:[0m cannot access the path `/hpcstorage/dforero/projects/baosystematics/patchy_results/box1/real/nosyst/mocks_void_xyz/tpcf_xgv_R_16-50/DD_files/DD_CATALPTCICz0.466G960S1289209941.CROSS.R_16-50.dat--output=/hpcstorage/dforero/projects/baosystematics/patchy_results/box1/real/nosyst/mocks_void_xyz/tpcf_xgv_R_16-50/'.
[31;1mExit:[0m please check your configuration.
Try the -h option for more information.
Loading configuration ... [70C[[31;1mFAIL[0m]
/hpcstorage/dforero/projects/baosystematics/src/fcfc_box/fcfc_box_void_count_real.conf
srun: error: node224: task 0: Exited with exit code 254

[31;1mError:[0m cannot access the path `/hpcstorage/dforero/projects/baosystematics/patchy_results/box1/real/nosyst/mocks_void_xyz/tpcf_xgv_R_16-50/DD_files/DD_CATALPTCICz0.466G960S129085296.CROSS.R_16-50.dat--output=/hpcstorage/dforero/projects/baosystematics/patchy_results/box1/real/nosyst/mocks_void_xyz/tpcf_xgv_R_16-50/'.
[31;1mExit:[0m please check your configuration.
Try the -h option for more information.
Loading configuration ... [70C[[31;1mFAIL[0m]
/hpcstorage/dforero/projects/baosystematics/src/fcfc_box/fcfc_box_void_count_real.conf
srun: error: node224: task 0: Exited with exit code 254

[31;1mError:[0m cannot access the path `/hpcstorage/dforero/projects/baosystematics/patchy_results/box1/real/nosyst/mocks_void_xyz/tpcf_xgv_R_16-50/DD_files/DD_CATALPTCICz0.466G960S1297059670.CROSS.R_16-50.dat--output=/hpcstorage/dforero/projects/baosystematics/patchy_results/box1/real/nosyst/mocks_void_xyz/tpcf_xgv_R_16-50/'.
[31;1mExit:[0m please check your configuration.
Try the -h option for more information.
Loading configuration ... [70C[[31;1mFAIL[0m]
/hpcstorage/dforero/projects/baosystematics/src/fcfc_box/fcfc_box_void_count_real.conf
srun: error: node224: task 0: Exited with exit code 254

[31;1mError:[0m cannot access the path `/hpcstorage/dforero/projects/baosystematics/patchy_results/box1/real/nosyst/mocks_void_xyz/tpcf_xgv_R_16-50/DD_files/DD_CATALPTCICz0.466G960S1298116322.CROSS.R_16-50.dat--output=/hpcstorage/dforero/projects/baosystematics/patchy_results/box1/real/nosyst/mocks_void_xyz/tpcf_xgv_R_16-50/'.
[31;1mExit:[0m please check your configuration.
Try the -h option for more information.
Loading configuration ... [70C[[31;1mFAIL[0m]
/hpcstorage/dforero/projects/baosystematics/src/fcfc_box/fcfc_box_void_count_real.conf
srun: error: node224: task 0: Exited with exit code 254

[31;1mError:[0m cannot access the path `/hpcstorage/dforero/projects/baosystematics/patchy_results/box1/real/nosyst/mocks_void_xyz/tpcf_xgv_R_16-50/DD_files/DD_CATALPTCICz0.466G960S1307519435.CROSS.R_16-50.dat--output=/hpcstorage/dforero/projects/baosystematics/patchy_results/box1/real/nosyst/mocks_void_xyz/tpcf_xgv_R_16-50/'.
[31;1mExit:[0m please check your configuration.
Try the -h option for more information.
Loading configuration ... [70C[[31;1mFAIL[0m]
/hpcstorage/dforero/projects/baosystematics/src/fcfc_box/fcfc_box_void_count_real.conf
srun: error: node224: task 0: Exited with exit code 254

[31;1mError:[0m cannot access the path `/hpcstorage/dforero/projects/baosystematics/patchy_results/box1/real/nosyst/mocks_void_xyz/tpcf_xgv_R_16-50/DD_files/DD_CATALPTCICz0.466G960S1309204403.CROSS.R_16-50.dat--output=/hpcstorage/dforero/projects/baosystematics/patchy_results/box1/real/nosyst/mocks_void_xyz/tpcf_xgv_R_16-50/'.
[31;1mExit:[0m please check your configuration.
Try the -h option for more information.
Loading configuration ... [70C[[31;1mFAIL[0m]
/hpcstorage/dforero/projects/baosystematics/src/fcfc_box/fcfc_box_void_count_real.conf
srun: error: node224: task 0: Exited with exit code 254

[31;1mError:[0m cannot access the path `/hpcstorage/dforero/projects/baosystematics/patchy_results/box1/real/nosyst/mocks_void_xyz/tpcf_xgv_R_16-50/DD_files/DD_CATALPTCICz0.466G960S1314091411.CROSS.R_16-50.dat--output=/hpcstorage/dforero/projects/baosystematics/patchy_results/box1/real/nosyst/mocks_void_xyz/tpcf_xgv_R_16-50/'.
[31;1mExit:[0m please check your configuration.
Try the -h option for more information.
Loading configuration ... [70C[[31;1mFAIL[0m]
/hpcstorage/dforero/projects/baosystematics/src/fcfc_box/fcfc_box_void_count_real.conf
srun: error: node224: task 0: Exited with exit code 254

[31;1mError:[0m cannot access the path `/hpcstorage/dforero/projects/baosystematics/patchy_results/box1/real/nosyst/mocks_void_xyz/tpcf_xgv_R_16-50/DD_files/DD_CATALPTCICz0.466G960S131638539.CROSS.R_16-50.dat--output=/hpcstorage/dforero/projects/baosystematics/patchy_results/box1/real/nosyst/mocks_void_xyz/tpcf_xgv_R_16-50/'.
[31;1mExit:[0m please check your configuration.
Try the -h option for more information.
Loading configuration ... [70C[[31;1mFAIL[0m]
