0.8 46.7488 249.636 -4.02386e-08
0.802 46.7488 249.579 -7.46849e-09
0.804 46.7488 249.512 -1.00173e-07
0.806 46.7488 249.462 -3.91888e-08
0.808 46.7488 249.411 -1.59821e-07
0.81 46.7488 249.353 -8.31612e-09
0.812 46.7488 249.282 1.77918e-10
0.814 46.7488 249.235 -6.80184e-08
0.816 46.7488 249.169 3.85135e-09
0.818 46.7488 249.113 3.74966e-08
0.82 46.7488 249.056 9.89484e-08
0.822 46.7488 249.001 -2.41218e-09
0.824 46.7488 248.922 -4.20235e-09
0.826 46.7488 248.863 2.11694e-09
0.828 46.7488 248.799 1.49079e-09
0.83 46.7488 248.731 -8.3273e-11
0.832 46.7488 248.673 -5.84745e-09
0.834 46.7488 248.615 -4.68527e-09
0.836 46.7488 248.549 2.2681e-10
0.838 46.7488 248.489 1.73638e-09
0.84 46.7488 248.407 -5.05888e-09
0.842 46.7488 248.337 -9.14739e-09
0.844 46.7488 248.272 -4.13684e-10
0.846 46.7488 248.206 1.24782e-07
0.848 46.7488 248.154 -2.26042e-09
0.85 46.7488 248.07 7.51512e-08
0.852 46.7488 248.008 5.93359e-09
0.854 46.7488 247.938 -5.63785e-09
0.856 46.7488 247.868 -1.15121e-09
0.858 46.7488 247.795 5.77219e-08
0.86 46.7488 247.727 -5.19304e-09
0.862 46.7488 247.658 2.52925e-09
0.864 46.7488 247.582 1.32057e-07
0.866 46.7488 247.507 8.81857e-10
0.868 46.7488 247.438 5.78834e-08
0.87 46.7488 247.37 -1.11356e-07
0.872 46.7488 247.289 -4.46066e-09
0.874 46.7488 247.206 -1.02322e-07
0.876 46.3149 8.20068 -0.685363
0.878 46.2447 8.01596 0.707294
0.88 46.1689 7.82521 0.727933
0.882 46.0876 7.6271 0.747344
0.884 46.0006 7.42007 0.765571
0.886 45.9077 7.20219 0.782639
0.888 45.8088 6.97105 0.798555
0.89 45.7036 6.72359 0.813299
0.892 45.5919 6.45571 0.826825
0.894 45.4733 6.16161 0.83905
0.896 45.3472 5.83277 0.84983
0.898 45.2129 5.45592 0.858932
0.9 45.0694 5.00851 0.865946
0.902 44.9151 4.44776 0.870168
0.904 44.7475 3.67773 0.870246
0.906 44.5624 2.42589 0.863941
0.908 44.355 0.00092975 0.862078
0.91 44.1377 7.25952e-06 0.881229
0.912 43.9165 -4.64295e-08 0.899547
0.914 43.6925 7.27331e-05 0.917038
0.916 43.4668 -9.51458e-08 0.933721
0.918 43.2404 -6.64647e-08 0.94961
0.92 43.0146 -1.9418e-07 0.964723
0.922 42.7903 -2.07066e-07 0.979072
0.924 42.5688 5.47589e-09 0.992675
0.926 42.3509 -4.75756e-07 1.00554
0.928 42.1379 1.80032e-08 1.01769
0.93 41.9307 1.89407e-08 1.02913
0.932 41.7302 1.64992e-08 1.03987
0.934 41.5373 5.86386e-09 1.04993
0.936 41.3529 -1.85485e-10 1.05932
0.938 41.1779 -2.27972e-08 1.06804
0.94 41.013 -3.53159e-09 1.07611
0.942 40.8588 7.54028e-09 1.08355
0.944 40.716 -3.13765e-08 1.09035
0.946 40.5852 -3.92206e-08 1.09653
0.948 40.4668 -1.80862e-08 1.1021
0.95 40.3614 -6.16133e-08 1.10706
0.952 40.2693 1.24912e-08 1.11142
0.954 40.1908 4.15028e-09 1.11519
0.956 40.1262 1.57684e-08 1.11837
0.958 40.0756 8.37065e-09 1.12096
0.96 40.0393 -1.18645e-08 1.12298
0.962 40.0171 -3.58439e-08 1.12443
0.964 40.0092 -1.41989e-08 1.1253
0.966 40.0155 -1.19657e-07 1.12561
0.968 40.0358 -3.66963e-08 1.12535
0.97 40.0699 -4.07174e-08 1.12454
0.972 40.1176 -1.48362e-08 1.12316
0.974 40.1785 -4.1803e-08 1.12123
0.976 40.2523 -6.23173e-09 1.11874
0.978 40.3385 -3.41856e-07 1.1157
0.98 40.4368 8.17459e-09 1.1121
0.982 40.5465 7.89717e-07 1.10795
0.984 40.6671 -3.95002e-09 1.10325
0.986 40.798 7.47266e-07 1.098
0.988 40.9385 2.79942e-08 1.09219
0.99 41.0879 7.86759e-07 1.08584
0.992 41.2456 7.90789e-07 1.07894
0.994 41.4107 2.60099e-07 1.0715
0.996 41.5824 -1.3951e-06 1.06351
0.998 41.7601 6.34643e-07 1.05499
1 41.9427 1.22049e-06 1.04592
1.002 42.1297 1.78723e-07 1.03633
1.004 42.32 1.42039e-06 1.02619
1.006 42.513 1.0878e-06 1.01553
1.008 42.7078 -2.52712e-06 1.00435
1.01 42.9037 0.243328 0.992659
1.012 43.0951 1.91516 0.995456
1.014 43.2774 2.73677 0.998062
1.016 43.4508 3.35846 0.999811
1.018 43.6158 3.90488 1.00154
1.02 43.7724 4.40754 1.00334
1.022 43.9208 4.91592 1.00632
1.024 44.0612 5.39007 1.0091
1.026 44.1938 5.85222 1.01175
1.028 44.3186 6.32506 1.01565
1.03 44.4357 6.82733 1.02197
1.032 44.545 7.33978 1.02866
1.034 44.6467 7.88361 1.03712
1.036 44.7405 8.46768 1.04773
1.038 44.8265 9.09815 1.06076
1.04 44.9047 9.77177 1.0761
1.042 44.9753 10.4661 1.09285
1.044 45.0391 11.1402 1.1093
1.046 45.097 11.7575 1.12387
1.048 45.1499 12.3048 1.13596
1.05 45.1988 12.7871 1.14568
1.052 45.2444 13.2159 1.15345
1.054 45.2873 13.6024 1.15967
1.056 45.3278 13.9553 1.16466
1.058 45.3662 14.2817 1.16868
1.06 45.4029 14.5867 1.17191
1.062 45.4379 14.8741 1.17449
1.064 45.4715 15.145 1.17613
1.066 45.5037 15.4066 1.17785
1.068 45.5347 15.6578 1.17914
1.07 45.5645 15.9 1.18008
1.072 45.5933 16.1347 1.1807
1.074 45.6211 16.3628 1.18107
1.076 45.648 16.5853 1.1812
1.078 45.674 16.8027 1.18113
1.08 45.6991 17.0158 1.18089
1.082 45.7235 17.2251 1.18048
1.084 45.7471 17.431 1.17993
1.086 45.7699 17.6338 1.17925
1.088 45.7921 17.8339 1.17846
1.09 45.8136 18.0316 1.17756
1.092 45.8345 18.2271 1.17658
1.094 45.8548 18.4207 1.17551
1.096 45.8745 18.6125 1.17436
1.098 45.8936 18.8028 1.17315
1.1 45.9122 18.9916 1.17188
1.102 45.9302 19.1791 1.17056
1.104 45.9478 19.3654 1.16918
1.106 45.9648 19.5506 1.16777
1.108 45.9814 19.7348 1.16631
1.11 45.9975 19.9181 1.16483
1.112 46.0131 20.1005 1.16328
1.114 46.0284 20.2822 1.16174
1.116 46.0432 20.4631 1.16018
1.118 46.0576 20.6434 1.1586
1.12 46.0716 20.8231 1.15701
1.122 46.0853 21.0021 1.15541
1.124 46.0986 21.1806 1.15379
1.126 46.1115 21.3585 1.15217
1.128 46.1241 21.536 1.15054
1.13 46.1363 21.7129 1.14891
1.132 46.1482 21.8894 1.14728
1.134 46.1598 22.0654 1.14565
1.136 46.1711 22.241 1.14403
1.138 46.1821 22.4162 1.14241
1.14 46.1929 22.591 1.14079
1.142 46.2033 22.7653 1.13918
1.144 46.2135 22.9393 1.13758
1.146 46.2234 23.1129 1.13599
1.148 46.2331 23.2861 1.13441
1.15 46.2425 23.4589 1.13284
1.152 46.2517 23.6313 1.13128
1.154 46.2607 23.8034 1.12973
1.156 46.2694 23.9751 1.1282
1.158 46.278 24.1465 1.12668
1.16 46.2863 24.3175 1.12517
1.162 46.2944 24.4882 1.12367
1.164 46.3023 24.6585 1.12219
1.166 46.3101 24.8284 1.12073
1.168 46.3176 24.998 1.11927
1.17 46.325 25.1673 1.11783
1.172 46.3322 25.3363 1.11641
1.174 46.7488 223.743 4.12434e-07
1.176 46.7488 223.381 9.80109e-08
1.178 46.3527 25.8411 1.11222
1.18 46.3593 26.0088 1.11086
1.182 46.3657 26.1761 1.1095
1.184 46.3719 26.3431 1.10816
1.186 46.3781 26.5098 1.10683
1.188 46.384 26.6763 1.10552
1.19 46.3899 26.8424 1.10422
1.192 46.3956 27.0082 1.10293
1.194 46.4012 27.1738 1.10165
1.196 46.4067 27.3391 1.10038
1.198 46.412 27.5041 1.09913
1.2 46.4172 27.6689 1.09789
