Reading input ...
  Number of records: 3087695
  3087695 valid objects are recorded.
Redshift space convention ...
Writing outputs ...
Reading input ...
  Number of records: 3083700
  3083700 valid objects are recorded.
Redshift space convention ...
Writing outputs ...
Reading input ...
  Number of records: 3087695
  3087695 valid objects are recorded.
Redshift space convention ...
Writing outputs ...
Reading input ...
  Number of records: 3084547
  3084547 valid objects are recorded.
Redshift space convention ...
Writing outputs ...
Reading input ...
  Number of records: 3087695
  3087695 valid objects are recorded.
Redshift space convention ...
Writing outputs ...
Reading input ...
  Number of records: 3086065
  3086065 valid objects are recorded.
Redshift space convention ...
Writing outputs ...
Reading input ...
  Number of records: 3087695
  3087695 valid objects are recorded.
Redshift space convention ...
Writing outputs ...
Reading input ...
  Number of records: 3087695
  3087695 valid objects are recorded.
Redshift space convention ...
Writing outputs ...
Reading input ...
  Number of records: 3085820
  3085820 valid objects are recorded.
Redshift space convention ...
Writing outputs ...
Reading input ...
  Number of records: 3085864
  3085864 valid objects are recorded.
Redshift space convention ...
Writing outputs ...
Reading input ...
  Number of records: 3087695
  3087695 valid objects are recorded.
Redshift space convention ...
Writing outputs ...
Reading input ...
  Number of records: 3087695
  3087695 valid objects are recorded.
Redshift space convention ...
Writing outputs ...
Reading input ...
  Number of records: 3087695
  3087695 valid objects are recorded.
Redshift space convention ...
Writing outputs ...
Reading input ...
  Number of records: 3087695
  3087695 valid objects are recorded.
Redshift space convention ...
Writing outputs ...
Reading input ...
  Number of records: 3087695
  3087695 valid objects are recorded.
Redshift space convention ...
Writing outputs ...
Reading input ...
  Number of records: 3087169
  3087169 valid objects are recorded.
Redshift space convention ...
Writing outputs ...
Reading input ...
  Number of records: 3087695
  3087695 valid objects are recorded.
Redshift space convention ...
Writing outputs ...
Reading input ...
  Number of records: 3087695
  3087695 valid objects are recorded.
Redshift space convention ...
Writing outputs ...
Reading input ...
  Number of records: 3086123
  3086123 valid objects are recorded.
Redshift space convention ...
Writing outputs ...
Reading input ...
  Number of records: 3085438
  3085438 valid objects are recorded.
Redshift space convention ...
Writing outputs ...
Reading input ...
  Number of records: 3087695
  3087695 valid objects are recorded.
Redshift space convention ...
Writing outputs ...
Reading input ...
  Number of records: 3087577
  3087577 valid objects are recorded.
Redshift space convention ...
Writing outputs ...
Reading input ...
  Number of records: 3084109
  3084109 valid objects are recorded.
Redshift space convention ...
Writing outputs ...
Reading input ...
  Number of records: 3085666
  3085666 valid objects are recorded.
Redshift space convention ...
Writing outputs ...
Reading input ...
  Number of records: 3087695
  3087695 valid objects are recorded.
Redshift space convention ...
Writing outputs ...
Reading input ...
  Number of records: 3084860
  3084860 valid objects are recorded.
Redshift space convention ...
Writing outputs ...
Reading input ...
  Number of records: 3086557
  3086557 valid objects are recorded.
Redshift space convention ...
Writing outputs ...
Reading input ...
  Number of records: 3087695
  3087695 valid objects are recorded.
Redshift space convention ...
Writing outputs ...
Reading input ...
  Number of records: 3087695
  3087695 valid objects are recorded.
Redshift space convention ...
Writing outputs ...
Reading input ...
  Number of records: 3087695
  3087695 valid objects are recorded.
Redshift space convention ...
Writing outputs ...
Reading input ...
  Number of records: 3085445
  3085445 valid objects are recorded.
Redshift space convention ...
Writing outputs ...
Reading input ...
  Number of records: 3087695
  3087695 valid objects are recorded.
Redshift space convention ...
Writing outputs ...
Reading input ...
  Number of records: 3087695
  3087695 valid objects are recorded.
Redshift space convention ...
Writing outputs ...
Reading input ...
  Number of records: 3087695
  3087695 valid objects are recorded.
Redshift space convention ...
Writing outputs ...
Reading input ...
  Number of records: 3087695
  3087695 valid objects are recorded.
Redshift space convention ...
Writing outputs ...
Reading input ...
  Number of records: 3083382
  3083382 valid objects are recorded.
Redshift space convention ...
Writing outputs ...
Reading input ...
  Number of records: 3087695
  3087695 valid objects are recorded.
Redshift space convention ...
Writing outputs ...
Reading input ...
  Number of records: 3087695
  3087695 valid objects are recorded.
Redshift space convention ...
Writing outputs ...
Reading input ...
  Number of records: 3087432
  3087432 valid objects are recorded.
Redshift space convention ...
Writing outputs ...
Reading input ...
  Number of records: 3087695
  3087695 valid objects are recorded.
Redshift space convention ...
Writing outputs ...
