Reading input ...
  Number of records: 3086689
  3086689 valid objects are recorded.
Redshift space convention ...
Writing outputs ...
Reading input ...
  Number of records: 3087695
  3087695 valid objects are recorded.
Redshift space convention ...
Writing outputs ...
Reading input ...
  Number of records: 3087695
  3087695 valid objects are recorded.
Redshift space convention ...
Writing outputs ...
Reading input ...
  Number of records: 3086666
  3086666 valid objects are recorded.
Redshift space convention ...
Writing outputs ...
Reading input ...
  Number of records: 3087695
  3087695 valid objects are recorded.
Redshift space convention ...
Writing outputs ...
Reading input ...
  Number of records: 3086941
  3086941 valid objects are recorded.
Redshift space convention ...
Writing outputs ...
Reading input ...
  Number of records: 3087695
  3087695 valid objects are recorded.
Redshift space convention ...
Writing outputs ...
Reading input ...
  Number of records: 3087695
  3087695 valid objects are recorded.
Redshift space convention ...
Writing outputs ...
Reading input ...
  Number of records: 3084441
  3084441 valid objects are recorded.
Redshift space convention ...
Writing outputs ...
Reading input ...
  Number of records: 3087194
  3087194 valid objects are recorded.
Redshift space convention ...
Writing outputs ...
Reading input ...
  Number of records: 3087695
  3087695 valid objects are recorded.
Redshift space convention ...
Writing outputs ...
Reading input ...
  Number of records: 3087695
  3087695 valid objects are recorded.
Redshift space convention ...
Writing outputs ...
Reading input ...
  Number of records: 3087695
  3087695 valid objects are recorded.
Redshift space convention ...
Writing outputs ...
Reading input ...
  Number of records: 3085450
  3085450 valid objects are recorded.
Redshift space convention ...
Writing outputs ...
Reading input ...
  Number of records: 3087695
  3087695 valid objects are recorded.
Redshift space convention ...
Writing outputs ...
Reading input ...
  Number of records: 3087695
  3087695 valid objects are recorded.
Redshift space convention ...
Writing outputs ...
Reading input ...
  Number of records: 3085457
  3085457 valid objects are recorded.
Redshift space convention ...
Writing outputs ...
Reading input ...
  Number of records: 3086513
  3086513 valid objects are recorded.
Redshift space convention ...
Writing outputs ...
Reading input ...
  Number of records: 3087695
  3087695 valid objects are recorded.
Redshift space convention ...
Writing outputs ...
Reading input ...
  Number of records: 3087695
  3087695 valid objects are recorded.
Redshift space convention ...
Writing outputs ...
Reading input ...
  Number of records: 3085976
  3085976 valid objects are recorded.
Redshift space convention ...
Writing outputs ...
Reading input ...
  Number of records: 3087695
  3087695 valid objects are recorded.
Redshift space convention ...
Writing outputs ...
Reading input ...
  Number of records: 3086687
  3086687 valid objects are recorded.
Redshift space convention ...
Writing outputs ...
Reading input ...
  Number of records: 3086875
  3086875 valid objects are recorded.
Redshift space convention ...
Writing outputs ...
Reading input ...
  Number of records: 3084327
  3084327 valid objects are recorded.
Redshift space convention ...
Writing outputs ...
Reading input ...
  Number of records: 3087695
  3087695 valid objects are recorded.
Redshift space convention ...
Writing outputs ...
Reading input ...
  Number of records: 3087440
  3087440 valid objects are recorded.
Redshift space convention ...
Writing outputs ...
Reading input ...
  Number of records: 3087695
  3087695 valid objects are recorded.
Redshift space convention ...
Writing outputs ...
Reading input ...
  Number of records: 3087695
  3087695 valid objects are recorded.
Redshift space convention ...
Writing outputs ...
Reading input ...
  Number of records: 3086767
  3086767 valid objects are recorded.
Redshift space convention ...
Writing outputs ...
Reading input ...
  Number of records: 3087695
  3087695 valid objects are recorded.
Redshift space convention ...
Writing outputs ...
Reading input ...
  Number of records: 3087695
  3087695 valid objects are recorded.
Redshift space convention ...
Writing outputs ...
Reading input ...
  Number of records: 3087695
  3087695 valid objects are recorded.
Redshift space convention ...
Writing outputs ...
Reading input ...
  Number of records: 3087661
  3087661 valid objects are recorded.
Redshift space convention ...
Writing outputs ...
Reading input ...
  Number of records: 3083766
  3083766 valid objects are recorded.
Redshift space convention ...
Writing outputs ...
Reading input ...
  Number of records: 3087197
  3087197 valid objects are recorded.
Redshift space convention ...
Writing outputs ...
Reading input ...
  Number of records: 3086000
  3086000 valid objects are recorded.
Redshift space convention ...
Writing outputs ...
Reading input ...
  Number of records: 3087020
  3087020 valid objects are recorded.
Redshift space convention ...
Writing outputs ...
Reading input ...
  Number of records: 3087695
  3087695 valid objects are recorded.
Redshift space convention ...
Writing outputs ...
Reading input ...
  Number of records: 3087215
  3087215 valid objects are recorded.
Redshift space convention ...
Writing outputs ...
