Reading input ...
  Number of records: 3085801
  3085801 valid objects are recorded.
Redshift space convention ...
Writing outputs ...
Reading input ...
  Number of records: 3087023
  3087023 valid objects are recorded.
Redshift space convention ...
Writing outputs ...
Reading input ...
  Number of records: 3087695
  3087695 valid objects are recorded.
Redshift space convention ...
Writing outputs ...
Reading input ...
  Number of records: 3087030
  3087030 valid objects are recorded.
Redshift space convention ...
Writing outputs ...
Reading input ...
  Number of records: 3085959
  3085959 valid objects are recorded.
Redshift space convention ...
Writing outputs ...
Reading input ...
  Number of records: 3087215
  3087215 valid objects are recorded.
Redshift space convention ...
Writing outputs ...
Reading input ...
  Number of records: 3087024
  3087024 valid objects are recorded.
Redshift space convention ...
Writing outputs ...
Reading input ...
  Number of records: 3086753
  3086753 valid objects are recorded.
Redshift space convention ...
Writing outputs ...
Reading input ...
  Number of records: 3086789
  3086789 valid objects are recorded.
Redshift space convention ...
Writing outputs ...
Reading input ...
  Number of records: 3087369
  3087369 valid objects are recorded.
Redshift space convention ...
Writing outputs ...
Reading input ...
  Number of records: 3085030
  3085030 valid objects are recorded.
Redshift space convention ...
Writing outputs ...
Reading input ...
  Number of records: 3087694
  3087694 valid objects are recorded.
Redshift space convention ...
Writing outputs ...
Reading input ...
  Number of records: 3087695
  3087695 valid objects are recorded.
Redshift space convention ...
Writing outputs ...
Reading input ...
  Number of records: 3087695
  3087695 valid objects are recorded.
Redshift space convention ...
Writing outputs ...
Reading input ...
  Number of records: 3087315
  3087315 valid objects are recorded.
Redshift space convention ...
Writing outputs ...
Reading input ...
  Number of records: 3085983
  3085983 valid objects are recorded.
Redshift space convention ...
Writing outputs ...
Reading input ...
  Number of records: 3087695
  3087695 valid objects are recorded.
Redshift space convention ...
Writing outputs ...
Reading input ...
  Number of records: 3087695
  3087695 valid objects are recorded.
Redshift space convention ...
Writing outputs ...
Reading input ...
  Number of records: 3087695
  3087695 valid objects are recorded.
Redshift space convention ...
Writing outputs ...
Reading input ...
  Number of records: 3087695
  3087695 valid objects are recorded.
Redshift space convention ...
Writing outputs ...
Reading input ...
  Number of records: 3087695
  3087695 valid objects are recorded.
Redshift space convention ...
Writing outputs ...
Reading input ...
  Number of records: 3087695
  3087695 valid objects are recorded.
Redshift space convention ...
Writing outputs ...
Reading input ...
  Number of records: 3086903
  3086903 valid objects are recorded.
Redshift space convention ...
Writing outputs ...
Reading input ...
  Number of records: 3087544
  3087544 valid objects are recorded.
Redshift space convention ...
Writing outputs ...
Reading input ...
  Number of records: 3087695
  3087695 valid objects are recorded.
Redshift space convention ...
Writing outputs ...
Reading input ...
  Number of records: 3084774
  3084774 valid objects are recorded.
Redshift space convention ...
Writing outputs ...
Reading input ...
  Number of records: 3084396
  3084396 valid objects are recorded.
Redshift space convention ...
Writing outputs ...
Reading input ...
  Number of records: 3086825
  3086825 valid objects are recorded.
Redshift space convention ...
Writing outputs ...
Reading input ...
  Number of records: 3087695
  3087695 valid objects are recorded.
Redshift space convention ...
Writing outputs ...
Reading input ...
  Number of records: 3086392
  3086392 valid objects are recorded.
Redshift space convention ...
Writing outputs ...
Reading input ...
  Number of records: 3085859
  3085859 valid objects are recorded.
Redshift space convention ...
Writing outputs ...
Reading input ...
  Number of records: 3087695
  3087695 valid objects are recorded.
Redshift space convention ...
Writing outputs ...
Reading input ...
  Number of records: 3087452
  3087452 valid objects are recorded.
Redshift space convention ...
Writing outputs ...
Reading input ...
  Number of records: 3087695
  3087695 valid objects are recorded.
Redshift space convention ...
Writing outputs ...
Reading input ...
  Number of records: 3082999
  3082999 valid objects are recorded.
Redshift space convention ...
Writing outputs ...
Reading input ...
  Number of records: 3087695
  3087695 valid objects are recorded.
Redshift space convention ...
Writing outputs ...
Reading input ...
  Number of records: 3087695
  3087695 valid objects are recorded.
Redshift space convention ...
Writing outputs ...
Reading input ...
  Number of records: 3087695
  3087695 valid objects are recorded.
Redshift space convention ...
Writing outputs ...
Reading input ...
  Number of records: 3087289
  3087289 valid objects are recorded.
Redshift space convention ...
Writing outputs ...
Reading input ...
  Number of records: 3087126
  3087126 valid objects are recorded.
Redshift space convention ...
Writing outputs ...
