Reading input ...
  Number of records: 3083310
  3083310 valid objects are recorded.
Redshift space convention ...
Writing outputs ...
Reading input ...
  Number of records: 3086187
  3086187 valid objects are recorded.
Redshift space convention ...
Writing outputs ...
Reading input ...
  Number of records: 3087082
  3087082 valid objects are recorded.
Redshift space convention ...
Writing outputs ...
Reading input ...
  Number of records: 3087313
  3087313 valid objects are recorded.
Redshift space convention ...
Writing outputs ...
Reading input ...
  Number of records: 3086440
  3086440 valid objects are recorded.
Redshift space convention ...
Writing outputs ...
Reading input ...
  Number of records: 3087117
  3087117 valid objects are recorded.
Redshift space convention ...
Writing outputs ...
Reading input ...
  Number of records: 3087695
  3087695 valid objects are recorded.
Redshift space convention ...
Writing outputs ...
Reading input ...
  Number of records: 3087695
  3087695 valid objects are recorded.
Redshift space convention ...
Writing outputs ...
Reading input ...
  Number of records: 3087090
  3087090 valid objects are recorded.
Redshift space convention ...
Writing outputs ...
Reading input ...
  Number of records: 3087560
  3087560 valid objects are recorded.
Redshift space convention ...
Writing outputs ...
Reading input ...
  Number of records: 3087695
  3087695 valid objects are recorded.
Redshift space convention ...
Writing outputs ...
Reading input ...
  Number of records: 3087279
  3087279 valid objects are recorded.
Redshift space convention ...
Writing outputs ...
Reading input ...
  Number of records: 3087695
  3087695 valid objects are recorded.
Redshift space convention ...
Writing outputs ...
Reading input ...
  Number of records: 3086955
  3086955 valid objects are recorded.
Redshift space convention ...
Writing outputs ...
Reading input ...
  Number of records: 3086814
  3086814 valid objects are recorded.
Redshift space convention ...
Writing outputs ...
Reading input ...
  Number of records: 3087695
  3087695 valid objects are recorded.
Redshift space convention ...
Writing outputs ...
Reading input ...
  Number of records: 3087059
  3087059 valid objects are recorded.
Redshift space convention ...
Writing outputs ...
Reading input ...
  Number of records: 3087335
  3087335 valid objects are recorded.
Redshift space convention ...
Writing outputs ...
Reading input ...
  Number of records: 3087695
  3087695 valid objects are recorded.
Redshift space convention ...
Writing outputs ...
Reading input ...
  Number of records: 3087375
  3087375 valid objects are recorded.
Redshift space convention ...
Writing outputs ...
Reading input ...
  Number of records: 3086422
  3086422 valid objects are recorded.
Redshift space convention ...
Writing outputs ...
Reading input ...
  Number of records: 3087695
  3087695 valid objects are recorded.
Redshift space convention ...
Writing outputs ...
Reading input ...
  Number of records: 3084477
  3084477 valid objects are recorded.
Redshift space convention ...
Writing outputs ...
Reading input ...
  Number of records: 3087179
  3087179 valid objects are recorded.
Redshift space convention ...
Writing outputs ...
Reading input ...
  Number of records: 3082975
  3082975 valid objects are recorded.
Redshift space convention ...
Writing outputs ...
Reading input ...
  Number of records: 3085791
  3085791 valid objects are recorded.
Redshift space convention ...
Writing outputs ...
Reading input ...
  Number of records: 3087695
  3087695 valid objects are recorded.
Redshift space convention ...
Writing outputs ...
Reading input ...
  Number of records: 3087695
  3087695 valid objects are recorded.
Redshift space convention ...
Writing outputs ...
Reading input ...
  Number of records: 3087695
  3087695 valid objects are recorded.
Redshift space convention ...
Writing outputs ...
Reading input ...
  Number of records: 3086957
  3086957 valid objects are recorded.
Redshift space convention ...
Writing outputs ...
Reading input ...
  Number of records: 3087695
  3087695 valid objects are recorded.
Redshift space convention ...
Writing outputs ...
Reading input ...
  Number of records: 3087695
  3087695 valid objects are recorded.
Redshift space convention ...
Writing outputs ...
Reading input ...
  Number of records: 3087695
  3087695 valid objects are recorded.
Redshift space convention ...
Writing outputs ...
Reading input ...
  Number of records: 3087695
  3087695 valid objects are recorded.
Redshift space convention ...
Writing outputs ...
Reading input ...
  Number of records: 3087695
  3087695 valid objects are recorded.
Redshift space convention ...
Writing outputs ...
Reading input ...
  Number of records: 3087363
  3087363 valid objects are recorded.
Redshift space convention ...
Writing outputs ...
Reading input ...
  Number of records: 3087695
  3087695 valid objects are recorded.
Redshift space convention ...
Writing outputs ...
Reading input ...
  Number of records: 3087462
  3087462 valid objects are recorded.
Redshift space convention ...
Writing outputs ...
Reading input ...
  Number of records: 3087695
  3087695 valid objects are recorded.
Redshift space convention ...
Writing outputs ...
Reading input ...
  Number of records: 3087098
  3087098 valid objects are recorded.
Redshift space convention ...
Writing outputs ...
