Reading input ...
  Number of records: 3086638
  3086638 valid objects are recorded.
Redshift space convention ...
Writing outputs ...
Reading input ...
  Number of records: 3087695
  3087695 valid objects are recorded.
Redshift space convention ...
Writing outputs ...
Reading input ...
  Number of records: 3084876
  3084876 valid objects are recorded.
Redshift space convention ...
Writing outputs ...
Reading input ...
  Number of records: 3086954
  3086954 valid objects are recorded.
Redshift space convention ...
Writing outputs ...
Reading input ...
  Number of records: 3087695
  3087695 valid objects are recorded.
Redshift space convention ...
Writing outputs ...
Reading input ...
  Number of records: 3087038
  3087038 valid objects are recorded.
Redshift space convention ...
Writing outputs ...
Reading input ...
  Number of records: 3087695
  3087695 valid objects are recorded.
Redshift space convention ...
Writing outputs ...
Reading input ...
  Number of records: 3087695
  3087695 valid objects are recorded.
Redshift space convention ...
Writing outputs ...
Reading input ...
  Number of records: 3087695
  3087695 valid objects are recorded.
Redshift space convention ...
Writing outputs ...
Reading input ...
  Number of records: 3087586
  3087586 valid objects are recorded.
Redshift space convention ...
Writing outputs ...
Reading input ...
  Number of records: 3087695
  3087695 valid objects are recorded.
Redshift space convention ...
Writing outputs ...
Reading input ...
  Number of records: 3087695
  3087695 valid objects are recorded.
Redshift space convention ...
Writing outputs ...
Reading input ...
  Number of records: 3087695
  3087695 valid objects are recorded.
Redshift space convention ...
Writing outputs ...
Reading input ...
  Number of records: 3087695
  3087695 valid objects are recorded.
Redshift space convention ...
Writing outputs ...
Reading input ...
  Number of records: 3086493
  3086493 valid objects are recorded.
Redshift space convention ...
Writing outputs ...
Reading input ...
  Number of records: 3086889
  3086889 valid objects are recorded.
Redshift space convention ...
Writing outputs ...
Reading input ...
  Number of records: 3087695
  3087695 valid objects are recorded.
Redshift space convention ...
Writing outputs ...
Reading input ...
  Number of records: 3087695
  3087695 valid objects are recorded.
Redshift space convention ...
Writing outputs ...
Reading input ...
  Number of records: 3087695
  3087695 valid objects are recorded.
Redshift space convention ...
Writing outputs ...
Reading input ...
  Number of records: 3087695
  3087695 valid objects are recorded.
Redshift space convention ...
Writing outputs ...
Reading input ...
  Number of records: 3084209
  3084209 valid objects are recorded.
Redshift space convention ...
Writing outputs ...
Reading input ...
  Number of records: 3084706
  3084706 valid objects are recorded.
Redshift space convention ...
Writing outputs ...
Reading input ...
  Number of records: 3084130
  3084130 valid objects are recorded.
Redshift space convention ...
Writing outputs ...
Reading input ...
  Number of records: 3087695
  3087695 valid objects are recorded.
Redshift space convention ...
Writing outputs ...
Reading input ...
  Number of records: 3083458
  3083458 valid objects are recorded.
Redshift space convention ...
Writing outputs ...
Reading input ...
  Number of records: 3086316
  3086316 valid objects are recorded.
Redshift space convention ...
Writing outputs ...
Reading input ...
  Number of records: 3087054
  3087054 valid objects are recorded.
Redshift space convention ...
Writing outputs ...
Reading input ...
  Number of records: 3087609
  3087609 valid objects are recorded.
Redshift space convention ...
Writing outputs ...
Reading input ...
  Number of records: 3085476
  3085476 valid objects are recorded.
Redshift space convention ...
Writing outputs ...
Reading input ...
  Number of records: 3086288
  3086288 valid objects are recorded.
Redshift space convention ...
Writing outputs ...
Reading input ...
  Number of records: 3087695
  3087695 valid objects are recorded.
Redshift space convention ...
Writing outputs ...
Reading input ...
  Number of records: 3087695
  3087695 valid objects are recorded.
Redshift space convention ...
Writing outputs ...
Reading input ...
  Number of records: 3087695
  3087695 valid objects are recorded.
Redshift space convention ...
Writing outputs ...
Reading input ...
  Number of records: 3086170
  3086170 valid objects are recorded.
Redshift space convention ...
Writing outputs ...
Reading input ...
  Number of records: 3087695
  3087695 valid objects are recorded.
Redshift space convention ...
Writing outputs ...
Reading input ...
  Number of records: 3087695
  3087695 valid objects are recorded.
Redshift space convention ...
Writing outputs ...
Reading input ...
  Number of records: 3087448
  3087448 valid objects are recorded.
Redshift space convention ...
Writing outputs ...
Reading input ...
  Number of records: 3086983
  3086983 valid objects are recorded.
Redshift space convention ...
Writing outputs ...
Reading input ...
  Number of records: 3087695
  3087695 valid objects are recorded.
Redshift space convention ...
Writing outputs ...
Reading input ...
  Number of records: 3087695
  3087695 valid objects are recorded.
Redshift space convention ...
Writing outputs ...
