100 jobs are found in the list file.
Parallelising jobs with OpenMP: 32 threads.
-> Allocating command to thread 22 (job index: 0):
   /hpcstorage/dforero/projects/baosystematics/bin/convert_z/zcnvt /hpcstorage/dforero/projects/baosystematics/data/patchy_boxes/patchy_cmass_subset/real/CATALPTCICz0.466G960S1010008301.dat /hpcstorage/dforero/projects/baosystematics/data/patchy_boxes/patchy_cmass_subset/redshift/CATALPTCICz0.466G960S1010008301_zspace.dat 0.466
-> Allocating command to thread 0 (job index: 0):
   /hpcstorage/dforero/projects/baosystematics/bin/convert_z/zcnvt /hpcstorage/dforero/projects/baosystematics/data/patchy_boxes/patchy_cmass_subset/real/CATALPTCICz0.466G960S1395978271.dat /hpcstorage/dforero/projects/baosystematics/data/patchy_boxes/patchy_cmass_subset/redshift/CATALPTCICz0.466G960S1395978271_zspace.dat 0.466
-> Allocating command to thread 6 (job index: 0):
   /hpcstorage/dforero/projects/baosystematics/bin/convert_z/zcnvt /hpcstorage/dforero/projects/baosystematics/data/patchy_boxes/patchy_cmass_subset/real/CATALPTCICz0.466G960S1322514347.dat /hpcstorage/dforero/projects/baosystematics/data/patchy_boxes/patchy_cmass_subset/redshift/CATALPTCICz0.466G960S1322514347_zspace.dat 0.466
-> Allocating command to thread 15 (job index: 0):
   /hpcstorage/dforero/projects/baosystematics/bin/convert_z/zcnvt /hpcstorage/dforero/projects/baosystematics/data/patchy_boxes/patchy_cmass_subset/real/CATALPTCICz0.466G960S1565417923.dat /hpcstorage/dforero/projects/baosystematics/data/patchy_boxes/patchy_cmass_subset/redshift/CATALPTCICz0.466G960S1565417923_zspace.dat 0.466
-> Allocating command to thread 11 (job index: 0):
   /hpcstorage/dforero/projects/baosystematics/bin/convert_z/zcnvt /hpcstorage/dforero/projects/baosystematics/data/patchy_boxes/patchy_cmass_subset/real/CATALPTCICz0.466G960S1586223277.dat /hpcstorage/dforero/projects/baosystematics/data/patchy_boxes/patchy_cmass_subset/redshift/CATALPTCICz0.466G960S1586223277_zspace.dat 0.466
-> Allocating command to thread 31 (job index: 0):
   /hpcstorage/dforero/projects/baosystematics/bin/convert_z/zcnvt /hpcstorage/dforero/projects/baosystematics/data/patchy_boxes/patchy_cmass_subset/real/CATALPTCICz0.466G960S1256484261.dat /hpcstorage/dforero/projects/baosystematics/data/patchy_boxes/patchy_cmass_subset/redshift/CATALPTCICz0.466G960S1256484261_zspace.dat 0.466
-> Allocating command to thread 23 (job index: 0):
   /hpcstorage/dforero/projects/baosystematics/bin/convert_z/zcnvt /hpcstorage/dforero/projects/baosystematics/data/patchy_boxes/patchy_cmass_subset/real/CATALPTCICz0.466G960S1172037969.dat /hpcstorage/dforero/projects/baosystematics/data/patchy_boxes/patchy_cmass_subset/redshift/CATALPTCICz0.466G960S1172037969_zspace.dat 0.466
-> Allocating command to thread 12 (job index: 0):
   /hpcstorage/dforero/projects/baosystematics/bin/convert_z/zcnvt /hpcstorage/dforero/projects/baosystematics/data/patchy_boxes/patchy_cmass_subset/real/CATALPTCICz0.466G960S1448773697.dat /hpcstorage/dforero/projects/baosystematics/data/patchy_boxes/patchy_cmass_subset/redshift/CATALPTCICz0.466G960S1448773697_zspace.dat 0.466
-> Allocating command to thread 19 (job index: 0):
   /hpcstorage/dforero/projects/baosystematics/bin/convert_z/zcnvt /hpcstorage/dforero/projects/baosystematics/data/patchy_boxes/patchy_cmass_subset/real/CATALPTCICz0.466G960S1618016355.dat /hpcstorage/dforero/projects/baosystematics/data/patchy_boxes/patchy_cmass_subset/redshift/CATALPTCICz0.466G960S1618016355_zspace.dat 0.466
-> Allocating command to thread 1 (job index: 0):
   /hpcstorage/dforero/projects/baosystematics/bin/convert_z/zcnvt /hpcstorage/dforero/projects/baosystematics/data/patchy_boxes/patchy_cmass_subset/real/CATALPTCICz0.466G960S1601254869.dat /hpcstorage/dforero/projects/baosystematics/data/patchy_boxes/patchy_cmass_subset/redshift/CATALPTCICz0.466G960S1601254869_zspace.dat 0.466
-> Allocating command to thread 10 (job index: 0):
   /hpcstorage/dforero/projects/baosystematics/bin/convert_z/zcnvt /hpcstorage/dforero/projects/baosystematics/data/patchy_boxes/patchy_cmass_subset/real/CATALPTCICz0.466G960S1029148515.dat /hpcstorage/dforero/projects/baosystematics/data/patchy_boxes/patchy_cmass_subset/redshift/CATALPTCICz0.466G960S1029148515_zspace.dat 0.466
-> Allocating command to thread 18 (job index: 0):
   /hpcstorage/dforero/projects/baosystematics/bin/convert_z/zcnvt /hpcstorage/dforero/projects/baosystematics/data/patchy_boxes/patchy_cmass_subset/real/CATALPTCICz0.466G960S1270858461.dat /hpcstorage/dforero/projects/baosystematics/data/patchy_boxes/patchy_cmass_subset/redshift/CATALPTCICz0.466G960S1270858461_zspace.dat 0.466
-> Allocating command to thread 21 (job index: 0):
   /hpcstorage/dforero/projects/baosystematics/bin/convert_z/zcnvt /hpcstorage/dforero/projects/baosystematics/data/patchy_boxes/patchy_cmass_subset/real/CATALPTCICz0.466G960S1186219234.dat /hpcstorage/dforero/projects/baosystematics/data/patchy_boxes/patchy_cmass_subset/redshift/CATALPTCICz0.466G960S1186219234_zspace.dat 0.466
-> Allocating command to thread 29 (job index: 0):
   /hpcstorage/dforero/projects/baosystematics/bin/convert_z/zcnvt /hpcstorage/dforero/projects/baosystematics/data/patchy_boxes/patchy_cmass_subset/real/CATALPTCICz0.466G960S120803028.dat /hpcstorage/dforero/projects/baosystematics/data/patchy_boxes/patchy_cmass_subset/redshift/CATALPTCICz0.466G960S120803028_zspace.dat 0.466
-> Allocating command to thread 4 (job index: 0):
   /hpcstorage/dforero/projects/baosystematics/bin/convert_z/zcnvt /hpcstorage/dforero/projects/baosystematics/data/patchy_boxes/patchy_cmass_subset/real/CATALPTCICz0.466G960S1458854362.dat /hpcstorage/dforero/projects/baosystematics/data/patchy_boxes/patchy_cmass_subset/redshift/CATALPTCICz0.466G960S1458854362_zspace.dat 0.466
-> Allocating command to thread 7 (job index: 0):
   /hpcstorage/dforero/projects/baosystematics/bin/convert_z/zcnvt /hpcstorage/dforero/projects/baosystematics/data/patchy_boxes/patchy_cmass_subset/real/CATALPTCICz0.466G960S1383769323.dat /hpcstorage/dforero/projects/baosystematics/data/patchy_boxes/patchy_cmass_subset/redshift/CATALPTCICz0.466G960S1383769323_zspace.dat 0.466
-> Allocating command to thread 3 (job index: 0):
   /hpcstorage/dforero/projects/baosystematics/bin/convert_z/zcnvt /hpcstorage/dforero/projects/baosystematics/data/patchy_boxes/patchy_cmass_subset/real/CATALPTCICz0.466G960S162548710.dat /hpcstorage/dforero/projects/baosystematics/data/patchy_boxes/patchy_cmass_subset/redshift/CATALPTCICz0.466G960S162548710_zspace.dat 0.466
-> Allocating command to thread 28 (job index: 0):
   /hpcstorage/dforero/projects/baosystematics/bin/convert_z/zcnvt /hpcstorage/dforero/projects/baosystematics/data/patchy_boxes/patchy_cmass_subset/real/CATALPTCICz0.466G960S1428348139.dat /hpcstorage/dforero/projects/baosystematics/data/patchy_boxes/patchy_cmass_subset/redshift/CATALPTCICz0.466G960S1428348139_zspace.dat 0.466
-> Allocating command to thread 24 (job index: 0):
   /hpcstorage/dforero/projects/baosystematics/bin/convert_z/zcnvt /hpcstorage/dforero/projects/baosystematics/data/patchy_boxes/patchy_cmass_subset/real/CATALPTCICz0.466G960S1288612254.dat /hpcstorage/dforero/projects/baosystematics/data/patchy_boxes/patchy_cmass_subset/redshift/CATALPTCICz0.466G960S1288612254_zspace.dat 0.466
-> Allocating command to thread 8 (job index: 0):
   /hpcstorage/dforero/projects/baosystematics/bin/convert_z/zcnvt /hpcstorage/dforero/projects/baosystematics/data/patchy_boxes/patchy_cmass_subset/real/CATALPTCICz0.466G960S1079655868.dat /hpcstorage/dforero/projects/baosystematics/data/patchy_boxes/patchy_cmass_subset/redshift/CATALPTCICz0.466G960S1079655868_zspace.dat 0.466
-> Allocating command to thread 26 (job index: 0):
   /hpcstorage/dforero/projects/baosystematics/bin/convert_z/zcnvt /hpcstorage/dforero/projects/baosystematics/data/patchy_boxes/patchy_cmass_subset/real/CATALPTCICz0.466G960S1322583197.dat /hpcstorage/dforero/projects/baosystematics/data/patchy_boxes/patchy_cmass_subset/redshift/CATALPTCICz0.466G960S1322583197_zspace.dat 0.466
-> Allocating command to thread 30 (job index: 0):
   /hpcstorage/dforero/projects/baosystematics/bin/convert_z/zcnvt /hpcstorage/dforero/projects/baosystematics/data/patchy_boxes/patchy_cmass_subset/real/CATALPTCICz0.466G960S1565862370.dat /hpcstorage/dforero/projects/baosystematics/data/patchy_boxes/patchy_cmass_subset/redshift/CATALPTCICz0.466G960S1565862370_zspace.dat 0.466
-> Allocating command to thread 20 (job index: 0):
   /hpcstorage/dforero/projects/baosystematics/bin/convert_z/zcnvt /hpcstorage/dforero/projects/baosystematics/data/patchy_boxes/patchy_cmass_subset/real/CATALPTCICz0.466G960S1171565480.dat /hpcstorage/dforero/projects/baosystematics/data/patchy_boxes/patchy_cmass_subset/redshift/CATALPTCICz0.466G960S1171565480_zspace.dat 0.466
-> Allocating command to thread 17 (job index: 0):
   /hpcstorage/dforero/projects/baosystematics/bin/convert_z/zcnvt /hpcstorage/dforero/projects/baosystematics/data/patchy_boxes/patchy_cmass_subset/real/CATALPTCICz0.466G960S114138117.dat /hpcstorage/dforero/projects/baosystematics/data/patchy_boxes/patchy_cmass_subset/redshift/CATALPTCICz0.466G960S114138117_zspace.dat 0.466
-> Allocating command to thread 25 (job index: 0):
   /hpcstorage/dforero/projects/baosystematics/bin/convert_z/zcnvt /hpcstorage/dforero/projects/baosystematics/data/patchy_boxes/patchy_cmass_subset/real/CATALPTCICz0.466G960S1685847119.dat /hpcstorage/dforero/projects/baosystematics/data/patchy_boxes/patchy_cmass_subset/redshift/CATALPTCICz0.466G960S1685847119_zspace.dat 0.466
-> Allocating command to thread 14 (job index: 0):
   /hpcstorage/dforero/projects/baosystematics/bin/convert_z/zcnvt /hpcstorage/dforero/projects/baosystematics/data/patchy_boxes/patchy_cmass_subset/real/CATALPTCICz0.466G960S1070802123.dat /hpcstorage/dforero/projects/baosystematics/data/patchy_boxes/patchy_cmass_subset/redshift/CATALPTCICz0.466G960S1070802123_zspace.dat 0.466
-> Allocating command to thread 2 (job index: 0):
   /hpcstorage/dforero/projects/baosystematics/bin/convert_z/zcnvt /hpcstorage/dforero/projects/baosystematics/data/patchy_boxes/patchy_cmass_subset/real/CATALPTCICz0.466G960S1354772842.dat /hpcstorage/dforero/projects/baosystematics/data/patchy_boxes/patchy_cmass_subset/redshift/CATALPTCICz0.466G960S1354772842_zspace.dat 0.466
-> Allocating command to thread 9 (job index: 0):
   /hpcstorage/dforero/projects/baosystematics/bin/convert_z/zcnvt /hpcstorage/dforero/projects/baosystematics/data/patchy_boxes/patchy_cmass_subset/real/CATALPTCICz0.466G960S1503770694.dat /hpcstorage/dforero/projects/baosystematics/data/patchy_boxes/patchy_cmass_subset/redshift/CATALPTCICz0.466G960S1503770694_zspace.dat 0.466
-> Allocating command to thread 5 (job index: 0):
   /hpcstorage/dforero/projects/baosystematics/bin/convert_z/zcnvt /hpcstorage/dforero/projects/baosystematics/data/patchy_boxes/patchy_cmass_subset/real/CATALPTCICz0.466G960S1263047563.dat /hpcstorage/dforero/projects/baosystematics/data/patchy_boxes/patchy_cmass_subset/redshift/CATALPTCICz0.466G960S1263047563_zspace.dat 0.466
-> Allocating command to thread 16 (job index: 0):
   /hpcstorage/dforero/projects/baosystematics/bin/convert_z/zcnvt /hpcstorage/dforero/projects/baosystematics/data/patchy_boxes/patchy_cmass_subset/real/CATALPTCICz0.466G960S1028968541.dat /hpcstorage/dforero/projects/baosystematics/data/patchy_boxes/patchy_cmass_subset/redshift/CATALPTCICz0.466G960S1028968541_zspace.dat 0.466
-> Allocating command to thread 27 (job index: 0):
   /hpcstorage/dforero/projects/baosystematics/bin/convert_z/zcnvt /hpcstorage/dforero/projects/baosystematics/data/patchy_boxes/patchy_cmass_subset/real/CATALPTCICz0.466G960S1456002624.dat /hpcstorage/dforero/projects/baosystematics/data/patchy_boxes/patchy_cmass_subset/redshift/CATALPTCICz0.466G960S1456002624_zspace.dat 0.466
-> Allocating command to thread 13 (job index: 0):
   /hpcstorage/dforero/projects/baosystematics/bin/convert_z/zcnvt /hpcstorage/dforero/projects/baosystematics/data/patchy_boxes/patchy_cmass_subset/real/CATALPTCICz0.466G960S1412768225.dat /hpcstorage/dforero/projects/baosystematics/data/patchy_boxes/patchy_cmass_subset/redshift/CATALPTCICz0.466G960S1412768225_zspace.dat 0.466
[32;1m[27-0][0m Reading input ...
[32;1m[27-0][0m   Number of records: 6214031
[32;1m[27-0][0m   6214031 valid objects are recorded.
[32;1m[27-0][0m Redshift space convention ...
[32;1m[27-0][0m Writing outputs ...
[32;1m[8-0][0m Reading input ...
[32;1m[8-0][0m   Number of records: 6214031
[32;1m[8-0][0m   6214031 valid objects are recorded.
[32;1m[8-0][0m Redshift space convention ...
[32;1m[8-0][0m Writing outputs ...
[32;1m[28-0][0m Reading input ...
[32;1m[28-0][0m   Number of records: 6213104
[32;1m[28-0][0m   6213104 valid objects are recorded.
[32;1m[28-0][0m Redshift space convention ...
[32;1m[28-0][0m Writing outputs ...
-> Allocating command to thread 28 (job index: 1):
   /hpcstorage/dforero/projects/baosystematics/bin/convert_z/zcnvt /hpcstorage/dforero/projects/baosystematics/data/patchy_boxes/patchy_cmass_subset/real/CATALPTCICz0.466G960S1695327302.dat /hpcstorage/dforero/projects/baosystematics/data/patchy_boxes/patchy_cmass_subset/redshift/CATALPTCICz0.466G960S1695327302_zspace.dat 0.466
[32;1m[20-0][0m Reading input ...
[32;1m[20-0][0m   Number of records: 6211161
[32;1m[20-0][0m   6211161 valid objects are recorded.
[32;1m[20-0][0m Redshift space convention ...
[32;1m[20-0][0m Writing outputs ...
[32;1m[3-0][0m Reading input ...
[32;1m[3-0][0m   Number of records: 6213239
[32;1m[3-0][0m   6213239 valid objects are recorded.
[32;1m[3-0][0m Redshift space convention ...
[32;1m[3-0][0m Writing outputs ...
-> Allocating command to thread 3 (job index: 1):
   /hpcstorage/dforero/projects/baosystematics/bin/convert_z/zcnvt /hpcstorage/dforero/projects/baosystematics/data/patchy_boxes/patchy_cmass_subset/real/CATALPTCICz0.466G960S1701633369.dat /hpcstorage/dforero/projects/baosystematics/data/patchy_boxes/patchy_cmass_subset/redshift/CATALPTCICz0.466G960S1701633369_zspace.dat 0.466
[32;1m[30-0][0m Reading input ...
[32;1m[30-0][0m   Number of records: 6214031
[32;1m[30-0][0m   6214031 valid objects are recorded.
[32;1m[30-0][0m Redshift space convention ...
[32;1m[30-0][0m Writing outputs ...
[32;1m[18-0][0m Reading input ...
[32;1m[18-0][0m   Number of records: 6214031
[32;1m[18-0][0m   6214031 valid objects are recorded.
[32;1m[18-0][0m Redshift space convention ...
[32;1m[18-0][0m Writing outputs ...
-> Allocating command to thread 18 (job index: 1):
   /hpcstorage/dforero/projects/baosystematics/bin/convert_z/zcnvt /hpcstorage/dforero/projects/baosystematics/data/patchy_boxes/patchy_cmass_subset/real/CATALPTCICz0.466G960S1713934780.dat /hpcstorage/dforero/projects/baosystematics/data/patchy_boxes/patchy_cmass_subset/redshift/CATALPTCICz0.466G960S1713934780_zspace.dat 0.466
[32;1m[13-0][0m Reading input ...
[32;1m[13-0][0m   Number of records: 6211641
[32;1m[13-0][0m   6211641 valid objects are recorded.
[32;1m[13-0][0m Redshift space convention ...
[32;1m[13-0][0m Writing outputs ...
[32;1m[26-0][0m Reading input ...
[32;1m[26-0][0m   Number of records: 6213973
[32;1m[26-0][0m   6213973 valid objects are recorded.
[32;1m[26-0][0m Redshift space convention ...
[32;1m[26-0][0m Writing outputs ...
[32;1m[19-0][0m Reading input ...
[32;1m[19-0][0m   Number of records: 6214031
[32;1m[19-0][0m   6214031 valid objects are recorded.
[32;1m[19-0][0m Redshift space convention ...
[32;1m[19-0][0m Writing outputs ...
[32;1m[14-0][0m Reading input ...
[32;1m[14-0][0m   Number of records: 6210511
[32;1m[14-0][0m   6210511 valid objects are recorded.
[32;1m[14-0][0m Redshift space convention ...
[32;1m[14-0][0m Writing outputs ...
[32;1m[6-0][0m Reading input ...
[32;1m[6-0][0m   Number of records: 6214031
[32;1m[6-0][0m   6214031 valid objects are recorded.
[32;1m[6-0][0m Redshift space convention ...
[32;1m[6-0][0m Writing outputs ...
[32;1m[9-0][0m Reading input ...
[32;1m[9-0][0m   Number of records: 6211355
[32;1m[9-0][0m   6211355 valid objects are recorded.
[32;1m[9-0][0m Redshift space convention ...
[32;1m[9-0][0m Writing outputs ...
[32;1m[5-0][0m Reading input ...
[32;1m[5-0][0m   Number of records: 6204247
[32;1m[5-0][0m   6204247 valid objects are recorded.
[32;1m[5-0][0m Redshift space convention ...
[32;1m[5-0][0m Writing outputs ...
[32;1m[29-0][0m Reading input ...
[32;1m[29-0][0m   Number of records: 6213046
[32;1m[29-0][0m   6213046 valid objects are recorded.
[32;1m[29-0][0m Redshift space convention ...
[32;1m[29-0][0m Writing outputs ...
[32;1m[25-0][0m Reading input ...
[32;1m[25-0][0m   Number of records: 6207244
[32;1m[25-0][0m   6207244 valid objects are recorded.
[32;1m[25-0][0m Redshift space convention ...
[32;1m[25-0][0m Writing outputs ...
-> Allocating command to thread 25 (job index: 1):
   /hpcstorage/dforero/projects/baosystematics/bin/convert_z/zcnvt /hpcstorage/dforero/projects/baosystematics/data/patchy_boxes/patchy_cmass_subset/real/CATALPTCICz0.466G960S1723267773.dat /hpcstorage/dforero/projects/baosystematics/data/patchy_boxes/patchy_cmass_subset/redshift/CATALPTCICz0.466G960S1723267773_zspace.dat 0.466
[32;1m[10-0][0m Reading input ...
[32;1m[10-0][0m   Number of records: 6214031
[32;1m[10-0][0m   6214031 valid objects are recorded.
[32;1m[10-0][0m Redshift space convention ...
[32;1m[10-0][0m Writing outputs ...
-> Allocating command to thread 10 (job index: 1):
   /hpcstorage/dforero/projects/baosystematics/bin/convert_z/zcnvt /hpcstorage/dforero/projects/baosystematics/data/patchy_boxes/patchy_cmass_subset/real/CATALPTCICz0.466G960S1737359640.dat /hpcstorage/dforero/projects/baosystematics/data/patchy_boxes/patchy_cmass_subset/redshift/CATALPTCICz0.466G960S1737359640_zspace.dat 0.466
[32;1m[21-0][0m Reading input ...
[32;1m[21-0][0m   Number of records: 6214031
[32;1m[21-0][0m   6214031 valid objects are recorded.
[32;1m[21-0][0m Redshift space convention ...
[32;1m[21-0][0m Writing outputs ...
[32;1m[7-0][0m Reading input ...
[32;1m[7-0][0m   Number of records: 6214031
[32;1m[7-0][0m   6214031 valid objects are recorded.
[32;1m[7-0][0m Redshift space convention ...
[32;1m[7-0][0m Writing outputs ...
[32;1m[15-0][0m Reading input ...
[32;1m[15-0][0m   Number of records: 6214031
[32;1m[15-0][0m   6214031 valid objects are recorded.
[32;1m[15-0][0m Redshift space convention ...
[32;1m[15-0][0m Writing outputs ...
[32;1m[31-0][0m Reading input ...
[32;1m[31-0][0m   Number of records: 6209849
[32;1m[31-0][0m   6209849 valid objects are recorded.
[32;1m[31-0][0m Redshift space convention ...
[32;1m[31-0][0m Writing outputs ...
[32;1m[23-0][0m Reading input ...
[32;1m[23-0][0m   Number of records: 6213489
[32;1m[23-0][0m   6213489 valid objects are recorded.
[32;1m[23-0][0m Redshift space convention ...
[32;1m[23-0][0m Writing outputs ...
[32;1m[22-0][0m Reading input ...
[32;1m[22-0][0m   Number of records: 6214031
[32;1m[22-0][0m   6214031 valid objects are recorded.
[32;1m[22-0][0m Redshift space convention ...
[32;1m[22-0][0m Writing outputs ...
-> Allocating command to thread 22 (job index: 1):
   /hpcstorage/dforero/projects/baosystematics/bin/convert_z/zcnvt /hpcstorage/dforero/projects/baosystematics/data/patchy_boxes/patchy_cmass_subset/real/CATALPTCICz0.466G960S1782425948.dat /hpcstorage/dforero/projects/baosystematics/data/patchy_boxes/patchy_cmass_subset/redshift/CATALPTCICz0.466G960S1782425948_zspace.dat 0.466
[32;1m[0-0][0m Reading input ...
[32;1m[0-0][0m   Number of records: 6214031
[32;1m[0-0][0m   6214031 valid objects are recorded.
[32;1m[0-0][0m Redshift space convention ...
[32;1m[0-0][0m Writing outputs ...
-> Allocating command to thread 0 (job index: 1):
   /hpcstorage/dforero/projects/baosystematics/bin/convert_z/zcnvt /hpcstorage/dforero/projects/baosystematics/data/patchy_boxes/patchy_cmass_subset/real/CATALPTCICz0.466G960S1813530111.dat /hpcstorage/dforero/projects/baosystematics/data/patchy_boxes/patchy_cmass_subset/redshift/CATALPTCICz0.466G960S1813530111_zspace.dat 0.466
[32;1m[24-0][0m Reading input ...
[32;1m[24-0][0m   Number of records: 6214031
[32;1m[24-0][0m   6214031 valid objects are recorded.
[32;1m[24-0][0m Redshift space convention ...
[32;1m[24-0][0m Writing outputs ...
-> Allocating command to thread 24 (job index: 1):
   /hpcstorage/dforero/projects/baosystematics/bin/convert_z/zcnvt /hpcstorage/dforero/projects/baosystematics/data/patchy_boxes/patchy_cmass_subset/real/CATALPTCICz0.466G960S1828307802.dat /hpcstorage/dforero/projects/baosystematics/data/patchy_boxes/patchy_cmass_subset/redshift/CATALPTCICz0.466G960S1828307802_zspace.dat 0.466
[32;1m[11-0][0m Reading input ...
[32;1m[11-0][0m   Number of records: 6214031
[32;1m[11-0][0m   6214031 valid objects are recorded.
[32;1m[11-0][0m Redshift space convention ...
[32;1m[11-0][0m Writing outputs ...
-> Allocating command to thread 11 (job index: 1):
   /hpcstorage/dforero/projects/baosystematics/bin/convert_z/zcnvt /hpcstorage/dforero/projects/baosystematics/data/patchy_boxes/patchy_cmass_subset/real/CATALPTCICz0.466G960S1843354749.dat /hpcstorage/dforero/projects/baosystematics/data/patchy_boxes/patchy_cmass_subset/redshift/CATALPTCICz0.466G960S1843354749_zspace.dat 0.466
-> Allocating command to thread 31 (job index: 1):
   /hpcstorage/dforero/projects/baosystematics/bin/convert_z/zcnvt /hpcstorage/dforero/projects/baosystematics/data/patchy_boxes/patchy_cmass_subset/real/CATALPTCICz0.466G960S1852228798.dat /hpcstorage/dforero/projects/baosystematics/data/patchy_boxes/patchy_cmass_subset/redshift/CATALPTCICz0.466G960S1852228798_zspace.dat 0.466
[32;1m[4-0][0m Reading input ...
[32;1m[4-0][0m   Number of records: 6214031
[32;1m[4-0][0m   6214031 valid objects are recorded.
[32;1m[4-0][0m Redshift space convention ...
[32;1m[4-0][0m Writing outputs ...
[32;1m[1-0][0m Reading input ...
[32;1m[1-0][0m   Number of records: 6212672
[32;1m[1-0][0m   6212672 valid objects are recorded.
[32;1m[1-0][0m Redshift space convention ...
[32;1m[1-0][0m Writing outputs ...
-> Allocating command to thread 1 (job index: 1):
   /hpcstorage/dforero/projects/baosystematics/bin/convert_z/zcnvt /hpcstorage/dforero/projects/baosystematics/data/patchy_boxes/patchy_cmass_subset/real/CATALPTCICz0.466G960S1897253935.dat /hpcstorage/dforero/projects/baosystematics/data/patchy_boxes/patchy_cmass_subset/redshift/CATALPTCICz0.466G960S1897253935_zspace.dat 0.466
-> Allocating command to thread 15 (job index: 1):
   /hpcstorage/dforero/projects/baosystematics/bin/convert_z/zcnvt /hpcstorage/dforero/projects/baosystematics/data/patchy_boxes/patchy_cmass_subset/real/CATALPTCICz0.466G960S1941846360.dat /hpcstorage/dforero/projects/baosystematics/data/patchy_boxes/patchy_cmass_subset/redshift/CATALPTCICz0.466G960S1941846360_zspace.dat 0.466
-> Allocating command to thread 6 (job index: 1):
   /hpcstorage/dforero/projects/baosystematics/bin/convert_z/zcnvt /hpcstorage/dforero/projects/baosystematics/data/patchy_boxes/patchy_cmass_subset/real/CATALPTCICz0.466G960S1942615915.dat /hpcstorage/dforero/projects/baosystematics/data/patchy_boxes/patchy_cmass_subset/redshift/CATALPTCICz0.466G960S1942615915_zspace.dat 0.466
[32;1m[12-0][0m Reading input ...
[32;1m[12-0][0m   Number of records: 6208307
[32;1m[12-0][0m   6208307 valid objects are recorded.
[32;1m[12-0][0m Redshift space convention ...
[32;1m[12-0][0m Writing outputs ...
-> Allocating command to thread 14 (job index: 1):
   /hpcstorage/dforero/projects/baosystematics/bin/convert_z/zcnvt /hpcstorage/dforero/projects/baosystematics/data/patchy_boxes/patchy_cmass_subset/real/CATALPTCICz0.466G960S196817175.dat /hpcstorage/dforero/projects/baosystematics/data/patchy_boxes/patchy_cmass_subset/redshift/CATALPTCICz0.466G960S196817175_zspace.dat 0.466
[32;1m[2-0][0m Reading input ...
[32;1m[2-0][0m   Number of records: 6214031
[32;1m[2-0][0m   6214031 valid objects are recorded.
[32;1m[2-0][0m Redshift space convention ...
[32;1m[2-0][0m Writing outputs ...
-> Allocating command to thread 2 (job index: 1):
   /hpcstorage/dforero/projects/baosystematics/bin/convert_z/zcnvt /hpcstorage/dforero/projects/baosystematics/data/patchy_boxes/patchy_cmass_subset/real/CATALPTCICz0.466G960S1992528790.dat /hpcstorage/dforero/projects/baosystematics/data/patchy_boxes/patchy_cmass_subset/redshift/CATALPTCICz0.466G960S1992528790_zspace.dat 0.466
-> Allocating command to thread 9 (job index: 1):
   /hpcstorage/dforero/projects/baosystematics/bin/convert_z/zcnvt /hpcstorage/dforero/projects/baosystematics/data/patchy_boxes/patchy_cmass_subset/real/CATALPTCICz0.466G960S2005020971.dat /hpcstorage/dforero/projects/baosystematics/data/patchy_boxes/patchy_cmass_subset/redshift/CATALPTCICz0.466G960S2005020971_zspace.dat 0.466
[32;1m[16-0][0m Reading input ...
[32;1m[16-0][0m   Number of records: 6213565
[32;1m[16-0][0m   6213565 valid objects are recorded.
[32;1m[16-0][0m Redshift space convention ...
[32;1m[16-0][0m Writing outputs ...
-> Allocating command to thread 5 (job index: 1):
   /hpcstorage/dforero/projects/baosystematics/bin/convert_z/zcnvt /hpcstorage/dforero/projects/baosystematics/data/patchy_boxes/patchy_cmass_subset/real/CATALPTCICz0.466G960S2007956662.dat /hpcstorage/dforero/projects/baosystematics/data/patchy_boxes/patchy_cmass_subset/redshift/CATALPTCICz0.466G960S2007956662_zspace.dat 0.466
-> Allocating command to thread 13 (job index: 1):
   /hpcstorage/dforero/projects/baosystematics/bin/convert_z/zcnvt /hpcstorage/dforero/projects/baosystematics/data/patchy_boxes/patchy_cmass_subset/real/CATALPTCICz0.466G960S2038140029.dat /hpcstorage/dforero/projects/baosystematics/data/patchy_boxes/patchy_cmass_subset/redshift/CATALPTCICz0.466G960S2038140029_zspace.dat 0.466
-> Allocating command to thread 16 (job index: 1):
   /hpcstorage/dforero/projects/baosystematics/bin/convert_z/zcnvt /hpcstorage/dforero/projects/baosystematics/data/patchy_boxes/patchy_cmass_subset/real/CATALPTCICz0.466G960S205000556.dat /hpcstorage/dforero/projects/baosystematics/data/patchy_boxes/patchy_cmass_subset/redshift/CATALPTCICz0.466G960S205000556_zspace.dat 0.466
-> Allocating command to thread 27 (job index: 1):
   /hpcstorage/dforero/projects/baosystematics/bin/convert_z/zcnvt /hpcstorage/dforero/projects/baosystematics/data/patchy_boxes/patchy_cmass_subset/real/CATALPTCICz0.466G960S2058241144.dat /hpcstorage/dforero/projects/baosystematics/data/patchy_boxes/patchy_cmass_subset/redshift/CATALPTCICz0.466G960S2058241144_zspace.dat 0.466
[32;1m[17-0][0m Reading input ...
[32;1m[17-0][0m   Number of records: 6212779
[32;1m[17-0][0m   6212779 valid objects are recorded.
[32;1m[17-0][0m Redshift space convention ...
[32;1m[17-0][0m Writing outputs ...
-> Allocating command to thread 17 (job index: 1):
   /hpcstorage/dforero/projects/baosystematics/bin/convert_z/zcnvt /hpcstorage/dforero/projects/baosystematics/data/patchy_boxes/patchy_cmass_subset/real/CATALPTCICz0.466G960S2111416299.dat /hpcstorage/dforero/projects/baosystematics/data/patchy_boxes/patchy_cmass_subset/redshift/CATALPTCICz0.466G960S2111416299_zspace.dat 0.466
-> Allocating command to thread 12 (job index: 1):
   /hpcstorage/dforero/projects/baosystematics/bin/convert_z/zcnvt /hpcstorage/dforero/projects/baosystematics/data/patchy_boxes/patchy_cmass_subset/real/CATALPTCICz0.466G960S2075331049.dat /hpcstorage/dforero/projects/baosystematics/data/patchy_boxes/patchy_cmass_subset/redshift/CATALPTCICz0.466G960S2075331049_zspace.dat 0.466
-> Allocating command to thread 23 (job index: 1):
   /hpcstorage/dforero/projects/baosystematics/bin/convert_z/zcnvt /hpcstorage/dforero/projects/baosystematics/data/patchy_boxes/patchy_cmass_subset/real/CATALPTCICz0.466G960S2078493117.dat /hpcstorage/dforero/projects/baosystematics/data/patchy_boxes/patchy_cmass_subset/redshift/CATALPTCICz0.466G960S2078493117_zspace.dat 0.466
-> Allocating command to thread 21 (job index: 1):
   /hpcstorage/dforero/projects/baosystematics/bin/convert_z/zcnvt /hpcstorage/dforero/projects/baosystematics/data/patchy_boxes/patchy_cmass_subset/real/CATALPTCICz0.466G960S2073007256.dat /hpcstorage/dforero/projects/baosystematics/data/patchy_boxes/patchy_cmass_subset/redshift/CATALPTCICz0.466G960S2073007256_zspace.dat 0.466
-> Allocating command to thread 4 (job index: 1):
   /hpcstorage/dforero/projects/baosystematics/bin/convert_z/zcnvt /hpcstorage/dforero/projects/baosystematics/data/patchy_boxes/patchy_cmass_subset/real/CATALPTCICz0.466G960S231824037.dat /hpcstorage/dforero/projects/baosystematics/data/patchy_boxes/patchy_cmass_subset/redshift/CATALPTCICz0.466G960S231824037_zspace.dat 0.466
-> Allocating command to thread 29 (job index: 1):
   /hpcstorage/dforero/projects/baosystematics/bin/convert_z/zcnvt /hpcstorage/dforero/projects/baosystematics/data/patchy_boxes/patchy_cmass_subset/real/CATALPTCICz0.466G960S218944817.dat /hpcstorage/dforero/projects/baosystematics/data/patchy_boxes/patchy_cmass_subset/redshift/CATALPTCICz0.466G960S218944817_zspace.dat 0.466
-> Allocating command to thread 8 (job index: 1):
   /hpcstorage/dforero/projects/baosystematics/bin/convert_z/zcnvt /hpcstorage/dforero/projects/baosystematics/data/patchy_boxes/patchy_cmass_subset/real/CATALPTCICz0.466G960S2085350725.dat /hpcstorage/dforero/projects/baosystematics/data/patchy_boxes/patchy_cmass_subset/redshift/CATALPTCICz0.466G960S2085350725_zspace.dat 0.466
-> Allocating command to thread 26 (job index: 1):
   /hpcstorage/dforero/projects/baosystematics/bin/convert_z/zcnvt /hpcstorage/dforero/projects/baosystematics/data/patchy_boxes/patchy_cmass_subset/real/CATALPTCICz0.466G960S2112032858.dat /hpcstorage/dforero/projects/baosystematics/data/patchy_boxes/patchy_cmass_subset/redshift/CATALPTCICz0.466G960S2112032858_zspace.dat 0.466
-> Allocating command to thread 30 (job index: 1):
   /hpcstorage/dforero/projects/baosystematics/bin/convert_z/zcnvt /hpcstorage/dforero/projects/baosystematics/data/patchy_boxes/patchy_cmass_subset/real/CATALPTCICz0.466G960S2105841094.dat /hpcstorage/dforero/projects/baosystematics/data/patchy_boxes/patchy_cmass_subset/redshift/CATALPTCICz0.466G960S2105841094_zspace.dat 0.466
-> Allocating command to thread 20 (job index: 1):
   /hpcstorage/dforero/projects/baosystematics/bin/convert_z/zcnvt /hpcstorage/dforero/projects/baosystematics/data/patchy_boxes/patchy_cmass_subset/real/CATALPTCICz0.466G960S246409002.dat /hpcstorage/dforero/projects/baosystematics/data/patchy_boxes/patchy_cmass_subset/redshift/CATALPTCICz0.466G960S246409002_zspace.dat 0.466
-> Allocating command to thread 19 (job index: 1):
   /hpcstorage/dforero/projects/baosystematics/bin/convert_z/zcnvt /hpcstorage/dforero/projects/baosystematics/data/patchy_boxes/patchy_cmass_subset/real/CATALPTCICz0.466G960S254190428.dat /hpcstorage/dforero/projects/baosystematics/data/patchy_boxes/patchy_cmass_subset/redshift/CATALPTCICz0.466G960S254190428_zspace.dat 0.466
-> Allocating command to thread 7 (job index: 1):
   /hpcstorage/dforero/projects/baosystematics/bin/convert_z/zcnvt /hpcstorage/dforero/projects/baosystematics/data/patchy_boxes/patchy_cmass_subset/real/CATALPTCICz0.466G960S257253385.dat /hpcstorage/dforero/projects/baosystematics/data/patchy_boxes/patchy_cmass_subset/redshift/CATALPTCICz0.466G960S257253385_zspace.dat 0.466
[32;1m[28-1][0m Reading input ...
[32;1m[28-1][0m   Number of records: 6213493
[32;1m[28-1][0m   6213493 valid objects are recorded.
[32;1m[28-1][0m Redshift space convention ...
[32;1m[28-1][0m Writing outputs ...
-> Allocating command to thread 28 (job index: 2):
   /hpcstorage/dforero/projects/baosystematics/bin/convert_z/zcnvt /hpcstorage/dforero/projects/baosystematics/data/patchy_boxes/patchy_cmass_subset/real/CATALPTCICz0.466G960S298829905.dat /hpcstorage/dforero/projects/baosystematics/data/patchy_boxes/patchy_cmass_subset/redshift/CATALPTCICz0.466G960S298829905_zspace.dat 0.466
[32;1m[3-1][0m Reading input ...
[32;1m[3-1][0m   Number of records: 6213567
[32;1m[3-1][0m   6213567 valid objects are recorded.
[32;1m[3-1][0m Redshift space convention ...
[32;1m[3-1][0m Writing outputs ...
-> Allocating command to thread 3 (job index: 2):
   /hpcstorage/dforero/projects/baosystematics/bin/convert_z/zcnvt /hpcstorage/dforero/projects/baosystematics/data/patchy_boxes/patchy_cmass_subset/real/CATALPTCICz0.466G960S337281450.dat /hpcstorage/dforero/projects/baosystematics/data/patchy_boxes/patchy_cmass_subset/redshift/CATALPTCICz0.466G960S337281450_zspace.dat 0.466
[32;1m[17-1][0m Reading input ...
[32;1m[17-1][0m   Number of records: 6210590
[32;1m[17-1][0m   6210590 valid objects are recorded.
[32;1m[17-1][0m Redshift space convention ...
[32;1m[17-1][0m Writing outputs ...
-> Allocating command to thread 17 (job index: 2):
   /hpcstorage/dforero/projects/baosystematics/bin/convert_z/zcnvt /hpcstorage/dforero/projects/baosystematics/data/patchy_boxes/patchy_cmass_subset/real/CATALPTCICz0.466G960S353309712.dat /hpcstorage/dforero/projects/baosystematics/data/patchy_boxes/patchy_cmass_subset/redshift/CATALPTCICz0.466G960S353309712_zspace.dat 0.466
[32;1m[23-1][0m Reading input ...
[32;1m[23-1][0m   Number of records: 6214031
[32;1m[23-1][0m   6214031 valid objects are recorded.
[32;1m[23-1][0m Redshift space convention ...
[32;1m[23-1][0m Writing outputs ...
[32;1m[30-1][0m Reading input ...
[32;1m[30-1][0m   Number of records: 6214031
[32;1m[30-1][0m   6214031 valid objects are recorded.
[32;1m[30-1][0m Redshift space convention ...
[32;1m[30-1][0m Writing outputs ...
[32;1m[29-1][0m Reading input ...
[32;1m[29-1][0m   Number of records: 6214031
[32;1m[29-1][0m   6214031 valid objects are recorded.
[32;1m[29-1][0m Redshift space convention ...
[32;1m[29-1][0m Writing outputs ...
[32;1m[18-1][0m Reading input ...
[32;1m[18-1][0m   Number of records: 6213545
[32;1m[18-1][0m   6213545 valid objects are recorded.
[32;1m[18-1][0m Redshift space convention ...
[32;1m[18-1][0m Writing outputs ...
-> Allocating command to thread 18 (job index: 2):
   /hpcstorage/dforero/projects/baosystematics/bin/convert_z/zcnvt /hpcstorage/dforero/projects/baosystematics/data/patchy_boxes/patchy_cmass_subset/real/CATALPTCICz0.466G960S355476410.dat /hpcstorage/dforero/projects/baosystematics/data/patchy_boxes/patchy_cmass_subset/redshift/CATALPTCICz0.466G960S355476410_zspace.dat 0.466
[32;1m[0-1][0m Reading input ...
[32;1m[0-1][0m   Number of records: 6213274
[32;1m[0-1][0m   6213274 valid objects are recorded.
[32;1m[0-1][0m Redshift space convention ...
[32;1m[0-1][0m Writing outputs ...
-> Allocating command to thread 0 (job index: 2):
   /hpcstorage/dforero/projects/baosystematics/bin/convert_z/zcnvt /hpcstorage/dforero/projects/baosystematics/data/patchy_boxes/patchy_cmass_subset/real/CATALPTCICz0.466G960S362641756.dat /hpcstorage/dforero/projects/baosystematics/data/patchy_boxes/patchy_cmass_subset/redshift/CATALPTCICz0.466G960S362641756_zspace.dat 0.466
[32;1m[8-1][0m Reading input ...
[32;1m[8-1][0m   Number of records: 6208842
[32;1m[8-1][0m   6208842 valid objects are recorded.
[32;1m[8-1][0m Redshift space convention ...
[32;1m[8-1][0m Writing outputs ...
[32;1m[24-1][0m Reading input ...
[32;1m[24-1][0m   Number of records: 6213912
[32;1m[24-1][0m   6213912 valid objects are recorded.
[32;1m[24-1][0m Redshift space convention ...
[32;1m[24-1][0m Writing outputs ...
-> Allocating command to thread 24 (job index: 2):
   /hpcstorage/dforero/projects/baosystematics/bin/convert_z/zcnvt /hpcstorage/dforero/projects/baosystematics/data/patchy_boxes/patchy_cmass_subset/real/CATALPTCICz0.466G960S375858835.dat /hpcstorage/dforero/projects/baosystematics/data/patchy_boxes/patchy_cmass_subset/redshift/CATALPTCICz0.466G960S375858835_zspace.dat 0.466
[32;1m[14-1][0m Reading input ...
[32;1m[14-1][0m   Number of records: 6214031
[32;1m[14-1][0m   6214031 valid objects are recorded.
[32;1m[14-1][0m Redshift space convention ...
[32;1m[14-1][0m Writing outputs ...
-> Allocating command to thread 14 (job index: 2):
   /hpcstorage/dforero/projects/baosystematics/bin/convert_z/zcnvt /hpcstorage/dforero/projects/baosystematics/data/patchy_boxes/patchy_cmass_subset/real/CATALPTCICz0.466G960S376146255.dat /hpcstorage/dforero/projects/baosystematics/data/patchy_boxes/patchy_cmass_subset/redshift/CATALPTCICz0.466G960S376146255_zspace.dat 0.466
[32;1m[25-1][0m Reading input ...
[32;1m[25-1][0m   Number of records: 6214031
[32;1m[25-1][0m   6214031 valid objects are recorded.
[32;1m[25-1][0m Redshift space convention ...
[32;1m[25-1][0m Writing outputs ...
-> Allocating command to thread 25 (job index: 2):
   /hpcstorage/dforero/projects/baosystematics/bin/convert_z/zcnvt /hpcstorage/dforero/projects/baosystematics/data/patchy_boxes/patchy_cmass_subset/real/CATALPTCICz0.466G960S380713955.dat /hpcstorage/dforero/projects/baosystematics/data/patchy_boxes/patchy_cmass_subset/redshift/CATALPTCICz0.466G960S380713955_zspace.dat 0.466
[32;1m[16-1][0m Reading input ...
[32;1m[16-1][0m   Number of records: 6211536
[32;1m[16-1][0m   6211536 valid objects are recorded.
[32;1m[16-1][0m Redshift space convention ...
[32;1m[16-1][0m Writing outputs ...
[32;1m[22-1][0m Reading input ...
[32;1m[22-1][0m   Number of records: 6214031
[32;1m[22-1][0m   6214031 valid objects are recorded.
[32;1m[22-1][0m Redshift space convention ...
[32;1m[22-1][0m Writing outputs ...
-> Allocating command to thread 22 (job index: 2):
   /hpcstorage/dforero/projects/baosystematics/bin/convert_z/zcnvt /hpcstorage/dforero/projects/baosystematics/data/patchy_boxes/patchy_cmass_subset/real/CATALPTCICz0.466G960S384074470.dat /hpcstorage/dforero/projects/baosystematics/data/patchy_boxes/patchy_cmass_subset/redshift/CATALPTCICz0.466G960S384074470_zspace.dat 0.466
[32;1m[27-1][0m Reading input ...
[32;1m[27-1][0m   Number of records: 6212074
[32;1m[27-1][0m   6212074 valid objects are recorded.
[32;1m[27-1][0m Redshift space convention ...
[32;1m[27-1][0m Writing outputs ...
[32;1m[2-1][0m Reading input ...
[32;1m[2-1][0m   Number of records: 6212304
[32;1m[2-1][0m   6212304 valid objects are recorded.
[32;1m[2-1][0m Redshift space convention ...
[32;1m[2-1][0m Writing outputs ...
-> Allocating command to thread 2 (job index: 2):
   /hpcstorage/dforero/projects/baosystematics/bin/convert_z/zcnvt /hpcstorage/dforero/projects/baosystematics/data/patchy_boxes/patchy_cmass_subset/real/CATALPTCICz0.466G960S398774913.dat /hpcstorage/dforero/projects/baosystematics/data/patchy_boxes/patchy_cmass_subset/redshift/CATALPTCICz0.466G960S398774913_zspace.dat 0.466
[32;1m[13-1][0m Reading input ...
[32;1m[13-1][0m   Number of records: 6214031
[32;1m[13-1][0m   6214031 valid objects are recorded.
[32;1m[13-1][0m Redshift space convention ...
[32;1m[13-1][0m Writing outputs ...
-> Allocating command to thread 13 (job index: 2):
   /hpcstorage/dforero/projects/baosystematics/bin/convert_z/zcnvt /hpcstorage/dforero/projects/baosystematics/data/patchy_boxes/patchy_cmass_subset/real/CATALPTCICz0.466G960S399836114.dat /hpcstorage/dforero/projects/baosystematics/data/patchy_boxes/patchy_cmass_subset/redshift/CATALPTCICz0.466G960S399836114_zspace.dat 0.466
[32;1m[21-1][0m Reading input ...
[32;1m[21-1][0m   Number of records: 6213858
[32;1m[21-1][0m   6213858 valid objects are recorded.
[32;1m[21-1][0m Redshift space convention ...
[32;1m[21-1][0m Writing outputs ...
-> Allocating command to thread 21 (job index: 2):
   /hpcstorage/dforero/projects/baosystematics/bin/convert_z/zcnvt /hpcstorage/dforero/projects/baosystematics/data/patchy_boxes/patchy_cmass_subset/real/CATALPTCICz0.466G960S401689436.dat /hpcstorage/dforero/projects/baosystematics/data/patchy_boxes/patchy_cmass_subset/redshift/CATALPTCICz0.466G960S401689436_zspace.dat 0.466
-> Allocating command to thread 23 (job index: 2):
   /hpcstorage/dforero/projects/baosystematics/bin/convert_z/zcnvt /hpcstorage/dforero/projects/baosystematics/data/patchy_boxes/patchy_cmass_subset/real/CATALPTCICz0.466G960S406929492.dat /hpcstorage/dforero/projects/baosystematics/data/patchy_boxes/patchy_cmass_subset/redshift/CATALPTCICz0.466G960S406929492_zspace.dat 0.466
[32;1m[15-1][0m Reading input ...
[32;1m[15-1][0m   Number of records: 6214031
[32;1m[15-1][0m   6214031 valid objects are recorded.
[32;1m[15-1][0m Redshift space convention ...
[32;1m[15-1][0m Writing outputs ...
[32;1m[11-1][0m Reading input ...
[32;1m[11-1][0m   Number of records: 6214031
[32;1m[11-1][0m   6214031 valid objects are recorded.
[32;1m[11-1][0m Redshift space convention ...
[32;1m[11-1][0m Writing outputs ...
-> Allocating command to thread 11 (job index: 2):
   /hpcstorage/dforero/projects/baosystematics/bin/convert_z/zcnvt /hpcstorage/dforero/projects/baosystematics/data/patchy_boxes/patchy_cmass_subset/real/CATALPTCICz0.466G960S407794711.dat /hpcstorage/dforero/projects/baosystematics/data/patchy_boxes/patchy_cmass_subset/redshift/CATALPTCICz0.466G960S407794711_zspace.dat 0.466
[32;1m[10-1][0m Reading input ...
[32;1m[10-1][0m   Number of records: 6214031
[32;1m[10-1][0m   6214031 valid objects are recorded.
[32;1m[10-1][0m Redshift space convention ...
[32;1m[10-1][0m Writing outputs ...
-> Allocating command to thread 10 (job index: 2):
   /hpcstorage/dforero/projects/baosystematics/bin/convert_z/zcnvt /hpcstorage/dforero/projects/baosystematics/data/patchy_boxes/patchy_cmass_subset/real/CATALPTCICz0.466G960S408624275.dat /hpcstorage/dforero/projects/baosystematics/data/patchy_boxes/patchy_cmass_subset/redshift/CATALPTCICz0.466G960S408624275_zspace.dat 0.466
[32;1m[6-1][0m Reading input ...
[32;1m[6-1][0m   Number of records: 6208750
[32;1m[6-1][0m   6208750 valid objects are recorded.
[32;1m[6-1][0m Redshift space convention ...
[32;1m[6-1][0m Writing outputs ...
[32;1m[9-1][0m Reading input ...
[32;1m[9-1][0m   Number of records: 6214031
[32;1m[9-1][0m   6214031 valid objects are recorded.
[32;1m[9-1][0m Redshift space convention ...
[32;1m[9-1][0m Writing outputs ...
-> Allocating command to thread 9 (job index: 2):
   /hpcstorage/dforero/projects/baosystematics/bin/convert_z/zcnvt /hpcstorage/dforero/projects/baosystematics/data/patchy_boxes/patchy_cmass_subset/real/CATALPTCICz0.466G960S470062667.dat /hpcstorage/dforero/projects/baosystematics/data/patchy_boxes/patchy_cmass_subset/redshift/CATALPTCICz0.466G960S470062667_zspace.dat 0.466
[32;1m[5-1][0m Reading input ...
[32;1m[5-1][0m   Number of records: 6214031
[32;1m[5-1][0m   6214031 valid objects are recorded.
[32;1m[5-1][0m Redshift space convention ...
[32;1m[5-1][0m Writing outputs ...
-> Allocating command to thread 16 (job index: 2):
   /hpcstorage/dforero/projects/baosystematics/bin/convert_z/zcnvt /hpcstorage/dforero/projects/baosystematics/data/patchy_boxes/patchy_cmass_subset/real/CATALPTCICz0.466G960S472036293.dat /hpcstorage/dforero/projects/baosystematics/data/patchy_boxes/patchy_cmass_subset/redshift/CATALPTCICz0.466G960S472036293_zspace.dat 0.466
-> Allocating command to thread 27 (job index: 2):
   /hpcstorage/dforero/projects/baosystematics/bin/convert_z/zcnvt /hpcstorage/dforero/projects/baosystematics/data/patchy_boxes/patchy_cmass_subset/real/CATALPTCICz0.466G960S479471968.dat /hpcstorage/dforero/projects/baosystematics/data/patchy_boxes/patchy_cmass_subset/redshift/CATALPTCICz0.466G960S479471968_zspace.dat 0.466
-> Allocating command to thread 5 (job index: 2):
   /hpcstorage/dforero/projects/baosystematics/bin/convert_z/zcnvt /hpcstorage/dforero/projects/baosystematics/data/patchy_boxes/patchy_cmass_subset/real/CATALPTCICz0.466G960S476029608.dat /hpcstorage/dforero/projects/baosystematics/data/patchy_boxes/patchy_cmass_subset/redshift/CATALPTCICz0.466G960S476029608_zspace.dat 0.466
[32;1m[31-1][0m Reading input ...
[32;1m[31-1][0m   Number of records: 6214031
[32;1m[31-1][0m   6214031 valid objects are recorded.
[32;1m[31-1][0m Redshift space convention ...
[32;1m[31-1][0m Writing outputs ...
-> Allocating command to thread 31 (job index: 2):
   /hpcstorage/dforero/projects/baosystematics/bin/convert_z/zcnvt /hpcstorage/dforero/projects/baosystematics/data/patchy_boxes/patchy_cmass_subset/real/CATALPTCICz0.466G960S490973172.dat /hpcstorage/dforero/projects/baosystematics/data/patchy_boxes/patchy_cmass_subset/redshift/CATALPTCICz0.466G960S490973172_zspace.dat 0.466
[32;1m[1-1][0m Reading input ...
[32;1m[1-1][0m   Number of records: 6214031
[32;1m[1-1][0m   6214031 valid objects are recorded.
[32;1m[1-1][0m Redshift space convention ...
[32;1m[1-1][0m Writing outputs ...
-> Allocating command to thread 15 (job index: 2):
   /hpcstorage/dforero/projects/baosystematics/bin/convert_z/zcnvt /hpcstorage/dforero/projects/baosystematics/data/patchy_boxes/patchy_cmass_subset/real/CATALPTCICz0.466G960S551607063.dat /hpcstorage/dforero/projects/baosystematics/data/patchy_boxes/patchy_cmass_subset/redshift/CATALPTCICz0.466G960S551607063_zspace.dat 0.466
-> Allocating command to thread 6 (job index: 2):
   /hpcstorage/dforero/projects/baosystematics/bin/convert_z/zcnvt /hpcstorage/dforero/projects/baosystematics/data/patchy_boxes/patchy_cmass_subset/real/CATALPTCICz0.466G960S601918842.dat /hpcstorage/dforero/projects/baosystematics/data/patchy_boxes/patchy_cmass_subset/redshift/CATALPTCICz0.466G960S601918842_zspace.dat 0.466
-> Allocating command to thread 1 (job index: 2):
   /hpcstorage/dforero/projects/baosystematics/bin/convert_z/zcnvt /hpcstorage/dforero/projects/baosystematics/data/patchy_boxes/patchy_cmass_subset/real/CATALPTCICz0.466G960S662986527.dat /hpcstorage/dforero/projects/baosystematics/data/patchy_boxes/patchy_cmass_subset/redshift/CATALPTCICz0.466G960S662986527_zspace.dat 0.466
[32;1m[26-1][0m Reading input ...
[32;1m[26-1][0m   Number of records: 6210388
[32;1m[26-1][0m   6210388 valid objects are recorded.
[32;1m[26-1][0m Redshift space convention ...
[32;1m[26-1][0m Writing outputs ...
[32;1m[19-1][0m Reading input ...
[32;1m[19-1][0m   Number of records: 6214031
[32;1m[19-1][0m   6214031 valid objects are recorded.
[32;1m[19-1][0m Redshift space convention ...
[32;1m[19-1][0m Writing outputs ...
[32;1m[20-1][0m Reading input ...
[32;1m[20-1][0m   Number of records: 6214031
[32;1m[20-1][0m   6214031 valid objects are recorded.
[32;1m[20-1][0m Redshift space convention ...
[32;1m[20-1][0m Writing outputs ...
[32;1m[12-1][0m Reading input ...
[32;1m[12-1][0m   Number of records: 6214031
[32;1m[12-1][0m   6214031 valid objects are recorded.
[32;1m[12-1][0m Redshift space convention ...
[32;1m[12-1][0m Writing outputs ...
-> Allocating command to thread 29 (job index: 2):
   /hpcstorage/dforero/projects/baosystematics/bin/convert_z/zcnvt /hpcstorage/dforero/projects/baosystematics/data/patchy_boxes/patchy_cmass_subset/real/CATALPTCICz0.466G960S697291398.dat /hpcstorage/dforero/projects/baosystematics/data/patchy_boxes/patchy_cmass_subset/redshift/CATALPTCICz0.466G960S697291398_zspace.dat 0.466
-> Allocating command to thread 8 (job index: 2):
   /hpcstorage/dforero/projects/baosystematics/bin/convert_z/zcnvt /hpcstorage/dforero/projects/baosystematics/data/patchy_boxes/patchy_cmass_subset/real/CATALPTCICz0.466G960S712845302.dat /hpcstorage/dforero/projects/baosystematics/data/patchy_boxes/patchy_cmass_subset/redshift/CATALPTCICz0.466G960S712845302_zspace.dat 0.466
-> Allocating command to thread 12 (job index: 2):
   /hpcstorage/dforero/projects/baosystematics/bin/convert_z/zcnvt /hpcstorage/dforero/projects/baosystematics/data/patchy_boxes/patchy_cmass_subset/real/CATALPTCICz0.466G960S714498039.dat /hpcstorage/dforero/projects/baosystematics/data/patchy_boxes/patchy_cmass_subset/redshift/CATALPTCICz0.466G960S714498039_zspace.dat 0.466
-> Allocating command to thread 20 (job index: 2):
   /hpcstorage/dforero/projects/baosystematics/bin/convert_z/zcnvt /hpcstorage/dforero/projects/baosystematics/data/patchy_boxes/patchy_cmass_subset/real/CATALPTCICz0.466G960S722630307.dat /hpcstorage/dforero/projects/baosystematics/data/patchy_boxes/patchy_cmass_subset/redshift/CATALPTCICz0.466G960S722630307_zspace.dat 0.466
-> Allocating command to thread 26 (job index: 2):
   /hpcstorage/dforero/projects/baosystematics/bin/convert_z/zcnvt /hpcstorage/dforero/projects/baosystematics/data/patchy_boxes/patchy_cmass_subset/real/CATALPTCICz0.466G960S734516214.dat /hpcstorage/dforero/projects/baosystematics/data/patchy_boxes/patchy_cmass_subset/redshift/CATALPTCICz0.466G960S734516214_zspace.dat 0.466
-> Allocating command to thread 30 (job index: 2):
   /hpcstorage/dforero/projects/baosystematics/bin/convert_z/zcnvt /hpcstorage/dforero/projects/baosystematics/data/patchy_boxes/patchy_cmass_subset/real/CATALPTCICz0.466G960S761797766.dat /hpcstorage/dforero/projects/baosystematics/data/patchy_boxes/patchy_cmass_subset/redshift/CATALPTCICz0.466G960S761797766_zspace.dat 0.466
[32;1m[7-1][0m Reading input ...
[32;1m[7-1][0m   Number of records: 6213053
[32;1m[7-1][0m   6213053 valid objects are recorded.
[32;1m[7-1][0m Redshift space convention ...
[32;1m[7-1][0m Writing outputs ...
-> Allocating command to thread 7 (job index: 2):
   /hpcstorage/dforero/projects/baosystematics/bin/convert_z/zcnvt /hpcstorage/dforero/projects/baosystematics/data/patchy_boxes/patchy_cmass_subset/real/CATALPTCICz0.466G960S834266118.dat /hpcstorage/dforero/projects/baosystematics/data/patchy_boxes/patchy_cmass_subset/redshift/CATALPTCICz0.466G960S834266118_zspace.dat 0.466
[32;1m[4-1][0m Reading input ...
[32;1m[4-1][0m   Number of records: 6214031
[32;1m[4-1][0m   6214031 valid objects are recorded.
[32;1m[4-1][0m Redshift space convention ...
[32;1m[4-1][0m Writing outputs ...
-> Allocating command to thread 4 (job index: 2):
   /hpcstorage/dforero/projects/baosystematics/bin/convert_z/zcnvt /hpcstorage/dforero/projects/baosystematics/data/patchy_boxes/patchy_cmass_subset/real/CATALPTCICz0.466G960S862729728.dat /hpcstorage/dforero/projects/baosystematics/data/patchy_boxes/patchy_cmass_subset/redshift/CATALPTCICz0.466G960S862729728_zspace.dat 0.466
-> Allocating command to thread 19 (job index: 2):
   /hpcstorage/dforero/projects/baosystematics/bin/convert_z/zcnvt /hpcstorage/dforero/projects/baosystematics/data/patchy_boxes/patchy_cmass_subset/real/CATALPTCICz0.466G960S903542203.dat /hpcstorage/dforero/projects/baosystematics/data/patchy_boxes/patchy_cmass_subset/redshift/CATALPTCICz0.466G960S903542203_zspace.dat 0.466
[32;1m[28-2][0m Reading input ...
[32;1m[28-2][0m   Number of records: 6214031
[32;1m[28-2][0m   6214031 valid objects are recorded.
[32;1m[28-2][0m Redshift space convention ...
[32;1m[28-2][0m Writing outputs ...
-> Allocating command to thread 28 (job index: 3):
   /hpcstorage/dforero/projects/baosystematics/bin/convert_z/zcnvt /hpcstorage/dforero/projects/baosystematics/data/patchy_boxes/patchy_cmass_subset/real/CATALPTCICz0.466G960S908161114.dat /hpcstorage/dforero/projects/baosystematics/data/patchy_boxes/patchy_cmass_subset/redshift/CATALPTCICz0.466G960S908161114_zspace.dat 0.466
[32;1m[3-2][0m Reading input ...
[32;1m[3-2][0m   Number of records: 6209425
[32;1m[3-2][0m   6209425 valid objects are recorded.
[32;1m[3-2][0m Redshift space convention ...
[32;1m[3-2][0m Writing outputs ...
-> Allocating command to thread 3 (job index: 3):
   /hpcstorage/dforero/projects/baosystematics/bin/convert_z/zcnvt /hpcstorage/dforero/projects/baosystematics/data/patchy_boxes/patchy_cmass_subset/real/CATALPTCICz0.466G960S917280234.dat /hpcstorage/dforero/projects/baosystematics/data/patchy_boxes/patchy_cmass_subset/redshift/CATALPTCICz0.466G960S917280234_zspace.dat 0.466
[32;1m[0-2][0m Reading input ...
[32;1m[0-2][0m   Number of records: 6214031
[32;1m[0-2][0m   6214031 valid objects are recorded.
[32;1m[0-2][0m Redshift space convention ...
[32;1m[0-2][0m Writing outputs ...
-> Allocating command to thread 0 (job index: 3):
   /hpcstorage/dforero/projects/baosystematics/bin/convert_z/zcnvt /hpcstorage/dforero/projects/baosystematics/data/patchy_boxes/patchy_cmass_subset/real/CATALPTCICz0.466G960S956291290.dat /hpcstorage/dforero/projects/baosystematics/data/patchy_boxes/patchy_cmass_subset/redshift/CATALPTCICz0.466G960S956291290_zspace.dat 0.466
[32;1m[18-2][0m Reading input ...
[32;1m[18-2][0m   Number of records: 6211158
[32;1m[18-2][0m   6211158 valid objects are recorded.
[32;1m[18-2][0m Redshift space convention ...
[32;1m[18-2][0m Writing outputs ...
-> Allocating command to thread 18 (job index: 3):
   /hpcstorage/dforero/projects/baosystematics/bin/convert_z/zcnvt /hpcstorage/dforero/projects/baosystematics/data/patchy_boxes/patchy_cmass_subset/real/CATALPTCICz0.466G960S996166056.dat /hpcstorage/dforero/projects/baosystematics/data/patchy_boxes/patchy_cmass_subset/redshift/CATALPTCICz0.466G960S996166056_zspace.dat 0.466
[32;1m[17-2][0m Reading input ...
[32;1m[17-2][0m   Number of records: 6214031
[32;1m[17-2][0m   6214031 valid objects are recorded.
[32;1m[17-2][0m Redshift space convention ...
[32;1m[17-2][0m Writing outputs ...
[32;1m[4-2][0m Reading input ...
[32;1m[4-2][0m   Number of records: 6209286
[32;1m[4-2][0m   6209286 valid objects are recorded.
[32;1m[4-2][0m Redshift space convention ...
[32;1m[4-2][0m Writing outputs ...
[32;1m[30-2][0m Reading input ...
[32;1m[30-2][0m   Number of records: 6213265
[32;1m[30-2][0m   6213265 valid objects are recorded.
[32;1m[30-2][0m Redshift space convention ...
[32;1m[30-2][0m Writing outputs ...
[32;1m[13-2][0m Reading input ...
[32;1m[13-2][0m   Number of records: 6214031
[32;1m[13-2][0m   6214031 valid objects are recorded.
[32;1m[13-2][0m Redshift space convention ...
[32;1m[13-2][0m Writing outputs ...
[32;1m[8-2][0m Reading input ...
[32;1m[8-2][0m   Number of records: 6211372
[32;1m[8-2][0m   6211372 valid objects are recorded.
[32;1m[8-2][0m Redshift space convention ...
[32;1m[8-2][0m Writing outputs ...
[32;1m[23-2][0m Reading input ...
[32;1m[23-2][0m   Number of records: 6211083
[32;1m[23-2][0m   6211083 valid objects are recorded.
[32;1m[23-2][0m Redshift space convention ...
[32;1m[23-2][0m Writing outputs ...
[32;1m[24-2][0m Reading input ...
[32;1m[24-2][0m   Number of records: 6214031
[32;1m[24-2][0m   6214031 valid objects are recorded.
[32;1m[24-2][0m Redshift space convention ...
[32;1m[24-2][0m Writing outputs ...
[32;1m[14-2][0m Reading input ...
[32;1m[14-2][0m   Number of records: 6214031
[32;1m[14-2][0m   6214031 valid objects are recorded.
[32;1m[14-2][0m Redshift space convention ...
[32;1m[14-2][0m Writing outputs ...
[32;1m[10-2][0m Reading input ...
[32;1m[10-2][0m   Number of records: 6213501
[32;1m[10-2][0m   6213501 valid objects are recorded.
[32;1m[10-2][0m Redshift space convention ...
[32;1m[10-2][0m Writing outputs ...
[32;1m[25-2][0m Reading input ...
[32;1m[25-2][0m   Number of records: 6211143
[32;1m[25-2][0m   6211143 valid objects are recorded.
[32;1m[25-2][0m Redshift space convention ...
[32;1m[25-2][0m Writing outputs ...
[32;1m[22-2][0m Reading input ...
[32;1m[22-2][0m   Number of records: 6214031
[32;1m[22-2][0m   6214031 valid objects are recorded.
[32;1m[22-2][0m Redshift space convention ...
[32;1m[22-2][0m Writing outputs ...
[32;1m[21-2][0m Reading input ...
[32;1m[21-2][0m   Number of records: 6212154
[32;1m[21-2][0m   6212154 valid objects are recorded.
[32;1m[21-2][0m Redshift space convention ...
[32;1m[21-2][0m Writing outputs ...
[32;1m[2-2][0m Reading input ...
[32;1m[2-2][0m   Number of records: 6214031
[32;1m[2-2][0m   6214031 valid objects are recorded.
[32;1m[2-2][0m Redshift space convention ...
[32;1m[2-2][0m Writing outputs ...
[32;1m[31-2][0m Reading input ...
[32;1m[31-2][0m   Number of records: 6214031
[32;1m[31-2][0m   6214031 valid objects are recorded.
[32;1m[31-2][0m Redshift space convention ...
[32;1m[31-2][0m Writing outputs ...
[32;1m[16-2][0m Reading input ...
[32;1m[16-2][0m   Number of records: 6213676
[32;1m[16-2][0m   6213676 valid objects are recorded.
[32;1m[16-2][0m Redshift space convention ...
[32;1m[16-2][0m Writing outputs ...
[32;1m[9-2][0m Reading input ...
[32;1m[9-2][0m   Number of records: 6212969
[32;1m[9-2][0m   6212969 valid objects are recorded.
[32;1m[9-2][0m Redshift space convention ...
[32;1m[9-2][0m Writing outputs ...
[32;1m[6-2][0m Reading input ...
[32;1m[6-2][0m   Number of records: 6213406
[32;1m[6-2][0m   6213406 valid objects are recorded.
[32;1m[6-2][0m Redshift space convention ...
[32;1m[6-2][0m Writing outputs ...
[32;1m[5-2][0m Reading input ...
[32;1m[5-2][0m   Number of records: 6214031
[32;1m[5-2][0m   6214031 valid objects are recorded.
[32;1m[5-2][0m Redshift space convention ...
[32;1m[5-2][0m Writing outputs ...
[32;1m[11-2][0m Reading input ...
[32;1m[11-2][0m   Number of records: 6213301
[32;1m[11-2][0m   6213301 valid objects are recorded.
[32;1m[11-2][0m Redshift space convention ...
[32;1m[11-2][0m Writing outputs ...
[32;1m[1-2][0m Reading input ...
[32;1m[1-2][0m   Number of records: 6212909
[32;1m[1-2][0m   6212909 valid objects are recorded.
[32;1m[1-2][0m Redshift space convention ...
[32;1m[1-2][0m Writing outputs ...
[32;1m[27-2][0m Reading input ...
[32;1m[27-2][0m   Number of records: 6212218
[32;1m[27-2][0m   6212218 valid objects are recorded.
[32;1m[27-2][0m Redshift space convention ...
[32;1m[27-2][0m Writing outputs ...
[32;1m[7-2][0m Reading input ...
[32;1m[7-2][0m   Number of records: 6214031
[32;1m[7-2][0m   6214031 valid objects are recorded.
[32;1m[7-2][0m Redshift space convention ...
[32;1m[7-2][0m Writing outputs ...
[32;1m[15-2][0m Reading input ...
[32;1m[15-2][0m   Number of records: 6214031
[32;1m[15-2][0m   6214031 valid objects are recorded.
[32;1m[15-2][0m Redshift space convention ...
[32;1m[15-2][0m Writing outputs ...
[32;1m[20-2][0m Reading input ...
[32;1m[20-2][0m   Number of records: 6214031
[32;1m[20-2][0m   6214031 valid objects are recorded.
[32;1m[20-2][0m Redshift space convention ...
[32;1m[20-2][0m Writing outputs ...
[32;1m[12-2][0m Reading input ...
[32;1m[12-2][0m   Number of records: 6214031
[32;1m[12-2][0m   6214031 valid objects are recorded.
[32;1m[12-2][0m Redshift space convention ...
[32;1m[12-2][0m Writing outputs ...
[32;1m[26-2][0m Reading input ...
[32;1m[26-2][0m   Number of records: 6214031
[32;1m[26-2][0m   6214031 valid objects are recorded.
[32;1m[26-2][0m Redshift space convention ...
[32;1m[26-2][0m Writing outputs ...
[32;1m[19-2][0m Reading input ...
[32;1m[19-2][0m   Number of records: 6212836
[32;1m[19-2][0m   6212836 valid objects are recorded.
[32;1m[19-2][0m Redshift space convention ...
[32;1m[19-2][0m Writing outputs ...
[32;1m[29-2][0m Reading input ...
[32;1m[29-2][0m   Number of records: 6209206
[32;1m[29-2][0m   6209206 valid objects are recorded.
[32;1m[29-2][0m Redshift space convention ...
[32;1m[29-2][0m Writing outputs ...
[32;1m[28-3][0m Reading input ...
[32;1m[28-3][0m   Number of records: 6214031
[32;1m[28-3][0m   6214031 valid objects are recorded.
[32;1m[28-3][0m Redshift space convention ...
[32;1m[28-3][0m Writing outputs ...
[32;1m[3-3][0m Reading input ...
[32;1m[3-3][0m   Number of records: 6214031
[32;1m[3-3][0m   6214031 valid objects are recorded.
[32;1m[3-3][0m Redshift space convention ...
[32;1m[3-3][0m Writing outputs ...
[32;1m[0-3][0m Reading input ...
[32;1m[0-3][0m   Number of records: 6214031
[32;1m[0-3][0m   6214031 valid objects are recorded.
[32;1m[0-3][0m Redshift space convention ...
[32;1m[0-3][0m Writing outputs ...
[32;1m[18-3][0m Reading input ...
[32;1m[18-3][0m   Number of records: 6209797
[32;1m[18-3][0m   6209797 valid objects are recorded.
[32;1m[18-3][0m Redshift space convention ...
[32;1m[18-3][0m Writing outputs ...
