Found 250 /hpcstorage/dforero/projects/baosystematics/data/patchy_boxes/extra_used_patchy.dat
/hpcstorage/dforero/projects/baosystematics/data/patchy_boxes/PATCHY_CMASS/box1/CATALPTCICz0.466G960S609522891.dat.bz2
/hpcstorage/dforero/projects/baosystematics/data/patchy_boxes/PATCHY_CMASS/box1/CATALPTCICz0.466G960S782078129.dat.bz2
/hpcstorage/dforero/projects/baosystematics/data/patchy_boxes/PATCHY_CMASS/box1/CATALPTCICz0.466G960S1382842514.dat.bz2
/hpcstorage/dforero/projects/baosystematics/data/patchy_boxes/PATCHY_CMASS/box1/CATALPTCICz0.466G960S683150030.dat.bz2
/hpcstorage/dforero/projects/baosystematics/data/patchy_boxes/PATCHY_CMASS/box1/CATALPTCICz0.466G960S1702508998.dat.bz2
/hpcstorage/dforero/projects/baosystematics/data/patchy_boxes/PATCHY_CMASS/box1/CATALPTCICz0.466G960S839936506.dat.bz2
/hpcstorage/dforero/projects/baosystematics/data/patchy_boxes/PATCHY_CMASS/box1/CATALPTCICz0.466G960S526205821.dat.bz2
/hpcstorage/dforero/projects/baosystematics/data/patchy_boxes/PATCHY_CMASS/box1/CATALPTCICz0.466G960S1227150384.dat.bz2
/hpcstorage/dforero/projects/baosystematics/data/patchy_boxes/PATCHY_CMASS/box1/CATALPTCICz0.466G960S956889561.dat.bz2
/hpcstorage/dforero/projects/baosystematics/data/patchy_boxes/PATCHY_CMASS/box1/CATALPTCICz0.466G960S41869182.dat.bz2
/hpcstorage/dforero/projects/baosystematics/data/patchy_boxes/PATCHY_CMASS/box1/CATALPTCICz0.466G960S1927411616.dat.bz2
/hpcstorage/dforero/projects/baosystematics/data/patchy_boxes/PATCHY_CMASS/box1/CATALPTCICz0.466G960S1848596005.dat.bz2
/hpcstorage/dforero/projects/baosystematics/data/patchy_boxes/PATCHY_CMASS/box1/CATALPTCICz0.466G960S1809776849.dat.bz2
/hpcstorage/dforero/projects/baosystematics/data/patchy_boxes/PATCHY_CMASS/box1/CATALPTCICz0.466G960S285883522.dat.bz2
/hpcstorage/dforero/projects/baosystematics/data/patchy_boxes/PATCHY_CMASS/box1/CATALPTCICz0.466G960S1547631430.dat.bz2
/hpcstorage/dforero/projects/baosystematics/data/patchy_boxes/PATCHY_CMASS/box1/CATALPTCICz0.466G960S559349656.dat.bz2
/hpcstorage/dforero/projects/baosystematics/data/patchy_boxes/PATCHY_CMASS/box1/CATALPTCICz0.466G960S2029111473.dat.bz2
/hpcstorage/dforero/projects/baosystematics/data/patchy_boxes/PATCHY_CMASS/box1/CATALPTCICz0.466G960S456427750.dat.bz2
/hpcstorage/dforero/projects/baosystematics/data/patchy_boxes/PATCHY_CMASS/box1/CATALPTCICz0.466G960S1493867854.dat.bz2
/hpcstorage/dforero/projects/baosystematics/data/patchy_boxes/PATCHY_CMASS/box1/CATALPTCICz0.466G960S2076406554.dat
bunzip2: Can't guess original name for /hpcstorage/dforero/projects/baosystematics/data/patchy_boxes/patchy_cmass_subset/box1/realextra/CATALPTCICz0.466G960S2076406554.dat -- using /hpcstorage/dforero/projects/baosystematics/data/patchy_boxes/patchy_cmass_subset/box1/realextra/CATALPTCICz0.466G960S2076406554.dat.out
bunzip2: /hpcstorage/dforero/projects/baosystematics/data/patchy_boxes/patchy_cmass_subset/box1/realextra/CATALPTCICz0.466G960S2076406554.dat is not a bzip2 file.
/hpcstorage/dforero/projects/baosystematics/data/patchy_boxes/PATCHY_CMASS/box1/CATALPTCICz0.466G960S2145237069.dat.bz2
/hpcstorage/dforero/projects/baosystematics/data/patchy_boxes/PATCHY_CMASS/box1/CATALPTCICz0.466G960S1415001107.dat.bz2
/hpcstorage/dforero/projects/baosystematics/data/patchy_boxes/PATCHY_CMASS/box1/CATALPTCICz0.466G960S1259830409.dat.bz2
/hpcstorage/dforero/projects/baosystematics/data/patchy_boxes/PATCHY_CMASS/box1/CATALPTCICz0.466G960S1394568690.dat.bz2
/hpcstorage/dforero/projects/baosystematics/data/patchy_boxes/PATCHY_CMASS/box1/CATALPTCICz0.466G960S1388004398.dat.bz2
/hpcstorage/dforero/projects/baosystematics/data/patchy_boxes/PATCHY_CMASS/box1/CATALPTCICz0.466G960S329096440.dat.bz2
/hpcstorage/dforero/projects/baosystematics/data/patchy_boxes/PATCHY_CMASS/box1/CATALPTCICz0.466G960S1885563258.dat.bz2
/hpcstorage/dforero/projects/baosystematics/data/patchy_boxes/PATCHY_CMASS/box1/CATALPTCICz0.466G960S780019608.dat.bz2
/hpcstorage/dforero/projects/baosystematics/data/patchy_boxes/PATCHY_CMASS/box1/CATALPTCICz0.466G960S1658015962.dat.bz2
/hpcstorage/dforero/projects/baosystematics/data/patchy_boxes/PATCHY_CMASS/box1/CATALPTCICz0.466G960S1974510045.dat.bz2
/hpcstorage/dforero/projects/baosystematics/data/patchy_boxes/PATCHY_CMASS/box1/CATALPTCICz0.466G960S1185626690.dat.bz2
/hpcstorage/dforero/projects/baosystematics/data/patchy_boxes/PATCHY_CMASS/box1/CATALPTCICz0.466G960S641747930.dat.bz2
/hpcstorage/dforero/projects/baosystematics/data/patchy_boxes/PATCHY_CMASS/box1/CATALPTCICz0.466G960S2102329975.dat.bz2
/hpcstorage/dforero/projects/baosystematics/data/patchy_boxes/PATCHY_CMASS/box1/CATALPTCICz0.466G960S1866048529.dat.bz2
/hpcstorage/dforero/projects/baosystematics/data/patchy_boxes/PATCHY_CMASS/box1/CATALPTCICz0.466G960S1958434590.dat.bz2
/hpcstorage/dforero/projects/baosystematics/data/patchy_boxes/PATCHY_CMASS/box1/CATALPTCICz0.466G960S750716907.dat.bz2
/hpcstorage/dforero/projects/baosystematics/data/patchy_boxes/PATCHY_CMASS/box1/CATALPTCICz0.466G960S1785443117.dat.bz2
/hpcstorage/dforero/projects/baosystematics/data/patchy_boxes/PATCHY_CMASS/box1/CATALPTCICz0.466G960S139648886.dat.bz2
/hpcstorage/dforero/projects/baosystematics/data/patchy_boxes/PATCHY_CMASS/box1/CATALPTCICz0.466G960S793081490.dat.bz2
/hpcstorage/dforero/projects/baosystematics/data/patchy_boxes/PATCHY_CMASS/box1/CATALPTCICz0.466G960S729161718.dat.bz2
/hpcstorage/dforero/projects/baosystematics/data/patchy_boxes/PATCHY_CMASS/box1/CATALPTCICz0.466G960S1239671138.dat.bz2
/hpcstorage/dforero/projects/baosystematics/data/patchy_boxes/PATCHY_CMASS/box1/CATALPTCICz0.466G960S272565369.dat.bz2
/hpcstorage/dforero/projects/baosystematics/data/patchy_boxes/PATCHY_CMASS/box1/CATALPTCICz0.466G960S981480044.dat.bz2
/hpcstorage/dforero/projects/baosystematics/data/patchy_boxes/PATCHY_CMASS/box1/CATALPTCICz0.466G960S913643544.dat.bz2
/hpcstorage/dforero/projects/baosystematics/data/patchy_boxes/PATCHY_CMASS/box1/CATALPTCICz0.466G960S246847567.dat.bz2
/hpcstorage/dforero/projects/baosystematics/data/patchy_boxes/PATCHY_CMASS/box1/CATALPTCICz0.466G960S167373079.dat.bz2
/hpcstorage/dforero/projects/baosystematics/data/patchy_boxes/PATCHY_CMASS/box1/CATALPTCICz0.466G960S1141072742.dat.bz2
/hpcstorage/dforero/projects/baosystematics/data/patchy_boxes/PATCHY_CMASS/box1/CATALPTCICz0.466G960S1456666474.dat.bz2
/hpcstorage/dforero/projects/baosystematics/data/patchy_boxes/PATCHY_CMASS/box1/CATALPTCICz0.466G960S378690851.dat.bz2
/hpcstorage/dforero/projects/baosystematics/data/patchy_boxes/PATCHY_CMASS/box1/CATALPTCICz0.466G960S993431144.dat.bz2
/hpcstorage/dforero/projects/baosystematics/data/patchy_boxes/PATCHY_CMASS/box1/CATALPTCICz0.466G960S964595228.dat.bz2
/hpcstorage/dforero/projects/baosystematics/data/patchy_boxes/PATCHY_CMASS/box1/CATALPTCICz0.466G960S1199976579.dat.bz2
/hpcstorage/dforero/projects/baosystematics/data/patchy_boxes/PATCHY_CMASS/box1/CATALPTCICz0.466G960S346538314.dat.bz2
/hpcstorage/dforero/projects/baosystematics/data/patchy_boxes/PATCHY_CMASS/box1/CATALPTCICz0.466G960S110218404.dat.bz2
/hpcstorage/dforero/projects/baosystematics/data/patchy_boxes/PATCHY_CMASS/box1/CATALPTCICz0.466G960S1137451315.dat.bz2
/hpcstorage/dforero/projects/baosystematics/data/patchy_boxes/PATCHY_CMASS/box1/CATALPTCICz0.466G960S1928615245.dat.bz2
/hpcstorage/dforero/projects/baosystematics/data/patchy_boxes/PATCHY_CMASS/box1/CATALPTCICz0.466G960S553131619.dat.bz2
/hpcstorage/dforero/projects/baosystematics/data/patchy_boxes/PATCHY_CMASS/box1/CATALPTCICz0.466G960S673130015.dat.bz2
/hpcstorage/dforero/projects/baosystematics/data/patchy_boxes/PATCHY_CMASS/box1/CATALPTCICz0.466G960S1258809628.dat.bz2
/hpcstorage/dforero/projects/baosystematics/data/patchy_boxes/PATCHY_CMASS/box1/CATALPTCICz0.466G960S743708650.dat.bz2
/hpcstorage/dforero/projects/baosystematics/data/patchy_boxes/PATCHY_CMASS/box1/CATALPTCICz0.466G960S261201481.dat.bz2
/hpcstorage/dforero/projects/baosystematics/data/patchy_boxes/PATCHY_CMASS/box1/CATALPTCICz0.466G960S2115857497.dat.bz2
/hpcstorage/dforero/projects/baosystematics/data/patchy_boxes/PATCHY_CMASS/box1/CATALPTCICz0.466G960S375349953.dat.bz2
/hpcstorage/dforero/projects/baosystematics/data/patchy_boxes/PATCHY_CMASS/box1/CATALPTCICz0.466G960S892584783.dat.bz2
/hpcstorage/dforero/projects/baosystematics/data/patchy_boxes/PATCHY_CMASS/box1/CATALPTCICz0.466G960S286533918.dat.bz2
/hpcstorage/dforero/projects/baosystematics/data/patchy_boxes/PATCHY_CMASS/box1/CATALPTCICz0.466G960S1812604238.dat.bz2
/hpcstorage/dforero/projects/baosystematics/data/patchy_boxes/PATCHY_CMASS/box1/CATALPTCICz0.466G960S1704728487.dat.bz2
/hpcstorage/dforero/projects/baosystematics/data/patchy_boxes/PATCHY_CMASS/box1/CATALPTCICz0.466G960S237524283.dat.bz2
/hpcstorage/dforero/projects/baosystematics/data/patchy_boxes/PATCHY_CMASS/box1/CATALPTCICz0.466G960S82515621.dat.bz2
/hpcstorage/dforero/projects/baosystematics/data/patchy_boxes/PATCHY_CMASS/box1/CATALPTCICz0.466G960S1475223854.dat.bz2
/hpcstorage/dforero/projects/baosystematics/data/patchy_boxes/PATCHY_CMASS/box1/CATALPTCICz0.466G960S1297059670.dat.bz2
/hpcstorage/dforero/projects/baosystematics/data/patchy_boxes/PATCHY_CMASS/box1/CATALPTCICz0.466G960S532108636.dat.bz2
/hpcstorage/dforero/projects/baosystematics/data/patchy_boxes/PATCHY_CMASS/box1/CATALPTCICz0.466G960S1440768444.dat.bz2
/hpcstorage/dforero/projects/baosystematics/data/patchy_boxes/PATCHY_CMASS/box1/CATALPTCICz0.466G960S1842441646.dat.bz2
/hpcstorage/dforero/projects/baosystematics/data/patchy_boxes/PATCHY_CMASS/box1/CATALPTCICz0.466G960S2142385713.dat.bz2
/hpcstorage/dforero/projects/baosystematics/data/patchy_boxes/PATCHY_CMASS/box1/CATALPTCICz0.466G960S1409783393.dat.bz2
/hpcstorage/dforero/projects/baosystematics/data/patchy_boxes/PATCHY_CMASS/box1/CATALPTCICz0.466G960S2134213239.dat.bz2
/hpcstorage/dforero/projects/baosystematics/data/patchy_boxes/PATCHY_CMASS/box1/CATALPTCICz0.466G960S442279074.dat.bz2
/hpcstorage/dforero/projects/baosystematics/data/patchy_boxes/PATCHY_CMASS/box1/CATALPTCICz0.466G960S2085155739.dat.bz2
/hpcstorage/dforero/projects/baosystematics/data/patchy_boxes/PATCHY_CMASS/box1/CATALPTCICz0.466G960S1217214358.dat.bz2
/hpcstorage/dforero/projects/baosystematics/data/patchy_boxes/PATCHY_CMASS/box1/CATALPTCICz0.466G960S1326884166.dat.bz2
/hpcstorage/dforero/projects/baosystematics/data/patchy_boxes/PATCHY_CMASS/box1/CATALPTCICz0.466G960S938312801.dat.bz2
/hpcstorage/dforero/projects/baosystematics/data/patchy_boxes/PATCHY_CMASS/box1/CATALPTCICz0.466G960S1484324254.dat.bz2
/hpcstorage/dforero/projects/baosystematics/data/patchy_boxes/PATCHY_CMASS/box1/CATALPTCICz0.466G960S1043428010.dat.bz2
/hpcstorage/dforero/projects/baosystematics/data/patchy_boxes/PATCHY_CMASS/box1/CATALPTCICz0.466G960S63250028.dat.bz2
/hpcstorage/dforero/projects/baosystematics/data/patchy_boxes/PATCHY_CMASS/box1/CATALPTCICz0.466G960S454223686.dat.bz2
/hpcstorage/dforero/projects/baosystematics/data/patchy_boxes/PATCHY_CMASS/box1/CATALPTCICz0.466G960S1749262205.dat.bz2
/hpcstorage/dforero/projects/baosystematics/data/patchy_boxes/PATCHY_CMASS/box1/CATALPTCICz0.466G960S2057798525.dat.bz2
/hpcstorage/dforero/projects/baosystematics/data/patchy_boxes/PATCHY_CMASS/box1/CATALPTCICz0.466G960S773605341.dat.bz2
/hpcstorage/dforero/projects/baosystematics/data/patchy_boxes/PATCHY_CMASS/box1/CATALPTCICz0.466G960S1491462483.dat.bz2
/hpcstorage/dforero/projects/baosystematics/data/patchy_boxes/PATCHY_CMASS/box1/CATALPTCICz0.466G960S1727189069.dat.bz2
/hpcstorage/dforero/projects/baosystematics/data/patchy_boxes/PATCHY_CMASS/box1/CATALPTCICz0.466G960S494614559.dat.bz2
/hpcstorage/dforero/projects/baosystematics/data/patchy_boxes/PATCHY_CMASS/box1/CATALPTCICz0.466G960S2043261601.dat.bz2
/hpcstorage/dforero/projects/baosystematics/data/patchy_boxes/PATCHY_CMASS/box1/CATALPTCICz0.466G960S109224375.dat.bz2
/hpcstorage/dforero/projects/baosystematics/data/patchy_boxes/PATCHY_CMASS/box1/CATALPTCICz0.466G960S171707647.dat.bz2
/hpcstorage/dforero/projects/baosystematics/data/patchy_boxes/PATCHY_CMASS/box1/CATALPTCICz0.466G960S1465720003.dat.bz2
/hpcstorage/dforero/projects/baosystematics/data/patchy_boxes/PATCHY_CMASS/box1/CATALPTCICz0.466G960S1947502558.dat.bz2
/hpcstorage/dforero/projects/baosystematics/data/patchy_boxes/PATCHY_CMASS/box1/CATALPTCICz0.466G960S814764424.dat.bz2
/hpcstorage/dforero/projects/baosystematics/data/patchy_boxes/PATCHY_CMASS/box1/CATALPTCICz0.466G960S264186893.dat.bz2
/hpcstorage/dforero/projects/baosystematics/data/patchy_boxes/PATCHY_CMASS/box1/CATALPTCICz0.466G960S606699789.dat.bz2
/hpcstorage/dforero/projects/baosystematics/data/patchy_boxes/PATCHY_CMASS/box1/CATALPTCICz0.466G960S862088714.dat.bz2
/hpcstorage/dforero/projects/baosystematics/data/patchy_boxes/PATCHY_CMASS/box1/CATALPTCICz0.466G960S539477718.dat.bz2
/hpcstorage/dforero/projects/baosystematics/data/patchy_boxes/PATCHY_CMASS/box1/CATALPTCICz0.466G960S1791254840.dat.bz2
/hpcstorage/dforero/projects/baosystematics/data/patchy_boxes/PATCHY_CMASS/box1/CATALPTCICz0.466G960S1577805580.dat.bz2
/hpcstorage/dforero/projects/baosystematics/data/patchy_boxes/PATCHY_CMASS/box1/CATALPTCICz0.466G960S92631322.dat.bz2
/hpcstorage/dforero/projects/baosystematics/data/patchy_boxes/PATCHY_CMASS/box1/CATALPTCICz0.466G960S37727687.dat.bz2
/hpcstorage/dforero/projects/baosystematics/data/patchy_boxes/PATCHY_CMASS/box1/CATALPTCICz0.466G960S1067749740.dat.bz2
/hpcstorage/dforero/projects/baosystematics/data/patchy_boxes/PATCHY_CMASS/box1/CATALPTCICz0.466G960S1089996733.dat.bz2
/hpcstorage/dforero/projects/baosystematics/data/patchy_boxes/PATCHY_CMASS/box1/CATALPTCICz0.466G960S1936779850.dat.bz2
/hpcstorage/dforero/projects/baosystematics/data/patchy_boxes/PATCHY_CMASS/box1/CATALPTCICz0.466G960S604533144.dat.bz2
/hpcstorage/dforero/projects/baosystematics/data/patchy_boxes/PATCHY_CMASS/box1/CATALPTCICz0.466G960S1170957577.dat.bz2
/hpcstorage/dforero/projects/baosystematics/data/patchy_boxes/PATCHY_CMASS/box1/CATALPTCICz0.466G960S216299789.dat.bz2
/hpcstorage/dforero/projects/baosystematics/data/patchy_boxes/PATCHY_CMASS/box1/CATALPTCICz0.466G960S40901864.dat.bz2
/hpcstorage/dforero/projects/baosystematics/data/patchy_boxes/PATCHY_CMASS/box1/CATALPTCICz0.466G960S1464148224.dat.bz2
/hpcstorage/dforero/projects/baosystematics/data/patchy_boxes/PATCHY_CMASS/box1/CATALPTCICz0.466G960S354134.dat.bz2 /hpcstorage/dforero/projects/baosystematics/data/patchy_boxes/PATCHY_CMASS/box1/CATALPTCICz0.466G960S453541345.dat.bz2
/hpcstorage/dforero/projects/baosystematics/data/patchy_boxes/PATCHY_CMASS/box1/CATALPTCICz0.466G960S1409803201.dat.bz2
/hpcstorage/dforero/projects/baosystematics/data/patchy_boxes/PATCHY_CMASS/box1/CATALPTCICz0.466G960S596230622.dat.bz2
/hpcstorage/dforero/projects/baosystematics/data/patchy_boxes/PATCHY_CMASS/box1/CATALPTCICz0.466G960S1036580043.dat.bz2
/hpcstorage/dforero/projects/baosystematics/data/patchy_boxes/PATCHY_CMASS/box1/CATALPTCICz0.466G960S527868848.dat.bz2
/hpcstorage/dforero/projects/baosystematics/data/patchy_boxes/PATCHY_CMASS/box1/CATALPTCICz0.466G960S1351095374.dat.bz2
/hpcstorage/dforero/projects/baosystematics/data/patchy_boxes/PATCHY_CMASS/box1/CATALPTCICz0.466G960S1816293269.dat.bz2
/hpcstorage/dforero/projects/baosystematics/data/patchy_boxes/PATCHY_CMASS/box1/CATALPTCICz0.466G960S1419734074.dat.bz2
/hpcstorage/dforero/projects/baosystematics/data/patchy_boxes/PATCHY_CMASS/box1/CATALPTCICz0.466G960S639755849.dat.bz2
/hpcstorage/dforero/projects/baosystematics/data/patchy_boxes/PATCHY_CMASS/box1/CATALPTCICz0.466G960S1977497246.dat.bz2
/hpcstorage/dforero/projects/baosystematics/data/patchy_boxes/PATCHY_CMASS/box1/CATALPTCICz0.466G960S1999698595.dat.bz2
/hpcstorage/dforero/projects/baosystematics/data/patchy_boxes/PATCHY_CMASS/box1/CATALPTCICz0.466G960S1016650678.dat.bz2
/hpcstorage/dforero/projects/baosystematics/data/patchy_boxes/PATCHY_CMASS/box1/CATALPTCICz0.466G960S381945632.dat.bz2
/hpcstorage/dforero/projects/baosystematics/data/patchy_boxes/PATCHY_CMASS/box1/CATALPTCICz0.466G960S15506434.dat.bz2
/hpcstorage/dforero/projects/baosystematics/data/patchy_boxes/PATCHY_CMASS/box1/CATALPTCICz0.466G960S203115444.dat.bz2
/hpcstorage/dforero/projects/baosystematics/data/patchy_boxes/PATCHY_CMASS/box1/CATALPTCICz0.466G960S1558327320.dat.bz2
/hpcstorage/dforero/projects/baosystematics/data/patchy_boxes/PATCHY_CMASS/box1/CATALPTCICz0.466G960S1675546508.dat.bz2
/hpcstorage/dforero/projects/baosystematics/data/patchy_boxes/PATCHY_CMASS/box1/CATALPTCICz0.466G960S276290543.dat.bz2
/hpcstorage/dforero/projects/baosystematics/data/patchy_boxes/PATCHY_CMASS/box1/CATALPTCICz0.466G960S1982107903.dat.bz2
/hpcstorage/dforero/projects/baosystematics/data/patchy_boxes/PATCHY_CMASS/box1/CATALPTCICz0.466G960S1234469845.dat.bz2
/hpcstorage/dforero/projects/baosystematics/data/patchy_boxes/PATCHY_CMASS/box1/CATALPTCICz0.466G960S943243328.dat.bz2
/hpcstorage/dforero/projects/baosystematics/data/patchy_boxes/PATCHY_CMASS/box1/CATALPTCICz0.466G960S1626900649.dat.bz2
/hpcstorage/dforero/projects/baosystematics/data/patchy_boxes/PATCHY_CMASS/box1/CATALPTCICz0.466G960S559101366.dat.bz2
/hpcstorage/dforero/projects/baosystematics/data/patchy_boxes/PATCHY_CMASS/box1/CATALPTCICz0.466G960S1307519435.dat.bz2
/hpcstorage/dforero/projects/baosystematics/data/patchy_boxes/PATCHY_CMASS/box1/CATALPTCICz0.466G960S1289209941.dat.bz2
/hpcstorage/dforero/projects/baosystematics/data/patchy_boxes/PATCHY_CMASS/box1/CATALPTCICz0.466G960S1483355713.dat.bz2
/hpcstorage/dforero/projects/baosystematics/data/patchy_boxes/PATCHY_CMASS/box1/CATALPTCICz0.466G960S1258770686.dat.bz2
/hpcstorage/dforero/projects/baosystematics/data/patchy_boxes/PATCHY_CMASS/box1/CATALPTCICz0.466G960S676153147.dat.bz2
/hpcstorage/dforero/projects/baosystematics/data/patchy_boxes/PATCHY_CMASS/box1/CATALPTCICz0.466G960S1047385959.dat.bz2
/hpcstorage/dforero/projects/baosystematics/data/patchy_boxes/PATCHY_CMASS/box1/CATALPTCICz0.466G960S481721197.dat.bz2
/hpcstorage/dforero/projects/baosystematics/data/patchy_boxes/PATCHY_CMASS/box1/CATALPTCICz0.466G960S1500256497.dat.bz2
/hpcstorage/dforero/projects/baosystematics/data/patchy_boxes/PATCHY_CMASS/box1/CATALPTCICz0.466G960S453541345.dat.bz2
cp: cannot create regular file ‘/hpcstorage/dforero/projects/baosystematics/data/patchy_boxes/patchy_cmass_subset/box1/realextra/CATALPTCICz0.466G960S453541345.dat.bz2’: Permission denied
/hpcstorage/dforero/projects/baosystematics/data/patchy_boxes/PATCHY_CMASS/box1/CATALPTCICz0.466G960S1772675197.dat.bz2
/hpcstorage/dforero/projects/baosystematics/data/patchy_boxes/PATCHY_CMASS/box1/CATALPTCICz0.466G960S1602453706.dat.bz2
/hpcstorage/dforero/projects/baosystematics/data/patchy_boxes/PATCHY_CMASS/box1/CATALPTCICz0.466G960S1888203641.dat.bz2
/hpcstorage/dforero/projects/baosystematics/data/patchy_boxes/PATCHY_CMASS/box1/CATALPTCICz0.466G960S733050440.dat.bz2
/hpcstorage/dforero/projects/baosystematics/data/patchy_boxes/PATCHY_CMASS/box1/CATALPTCICz0.466G960S1839143529.dat.bz2
/hpcstorage/dforero/projects/baosystematics/data/patchy_boxes/PATCHY_CMASS/box1/CATALPTCICz0.466G960S1520182503.dat.bz2
/hpcstorage/dforero/projects/baosystematics/data/patchy_boxes/PATCHY_CMASS/box1/CATALPTCICz0.466G960S95786646.dat.bz2
/hpcstorage/dforero/projects/baosystematics/data/patchy_boxes/PATCHY_CMASS/box1/CATALPTCICz0.466G960S1788807700.dat.bz2
/hpcstorage/dforero/projects/baosystematics/data/patchy_boxes/PATCHY_CMASS/box1/CATALPTCICz0.466G960S220034993.dat.bz2
/hpcstorage/dforero/projects/baosystematics/data/patchy_boxes/PATCHY_CMASS/box1/CATALPTCICz0.466G960S1465045993.dat.bz2
/hpcstorage/dforero/projects/baosystematics/data/patchy_boxes/PATCHY_CMASS/box1/CATALPTCICz0.466G960S627205227.dat.bz2
/hpcstorage/dforero/projects/baosystematics/data/patchy_boxes/PATCHY_CMASS/box1/CATALPTCICz0.466G960S670193816.dat.bz2
/hpcstorage/dforero/projects/baosystematics/data/patchy_boxes/PATCHY_CMASS/box1/CATALPTCICz0.466G960S1023560380.dat.bz2
/hpcstorage/dforero/projects/baosystematics/data/patchy_boxes/PATCHY_CMASS/box1/CATALPTCICz0.466G960S2090208869.dat.bz2
/hpcstorage/dforero/projects/baosystematics/data/patchy_boxes/PATCHY_CMASS/box1/CATALPTCICz0.466G960S1756130434.dat.bz2
/hpcstorage/dforero/projects/baosystematics/data/patchy_boxes/PATCHY_CMASS/box1/CATALPTCICz0.466G960S370253044.dat.bz2
/hpcstorage/dforero/projects/baosystematics/data/patchy_boxes/PATCHY_CMASS/box1/CATALPTCICz0.466G960S363202087.dat.bz2
/hpcstorage/dforero/projects/baosystematics/data/patchy_boxes/PATCHY_CMASS/box1/CATALPTCICz0.466G960S688351692.dat.bz2
/hpcstorage/dforero/projects/baosystematics/data/patchy_boxes/PATCHY_CMASS/box1/CATALPTCICz0.466G960S174282346.dat.bz2
/hpcstorage/dforero/projects/baosystematics/data/patchy_boxes/PATCHY_CMASS/box1/CATALPTCICz0.466G960S1477629105.dat.bz2
/hpcstorage/dforero/projects/baosystematics/data/patchy_boxes/PATCHY_CMASS/box1/CATALPTCICz0.466G960S1207029981.dat.bz2
/hpcstorage/dforero/projects/baosystematics/data/patchy_boxes/PATCHY_CMASS/box1/CATALPTCICz0.466G960S670784234.dat.bz2
/hpcstorage/dforero/projects/baosystematics/data/patchy_boxes/PATCHY_CMASS/box1/CATALPTCICz0.466G960S1234010326.dat.bz2
/hpcstorage/dforero/projects/baosystematics/data/patchy_boxes/PATCHY_CMASS/box1/CATALPTCICz0.466G960S1770366598.dat.bz2
/hpcstorage/dforero/projects/baosystematics/data/patchy_boxes/PATCHY_CMASS/box1/CATALPTCICz0.466G960S732899196.dat.bz2
/hpcstorage/dforero/projects/baosystematics/data/patchy_boxes/PATCHY_CMASS/box1/CATALPTCICz0.466G960S349543645.dat.bz2
/hpcstorage/dforero/projects/baosystematics/data/patchy_boxes/PATCHY_CMASS/box1/CATALPTCICz0.466G960S135251945.dat.bz2
/hpcstorage/dforero/projects/baosystematics/data/patchy_boxes/PATCHY_CMASS/box1/CATALPTCICz0.466G960S1314091411.dat.bz2
/hpcstorage/dforero/projects/baosystematics/data/patchy_boxes/PATCHY_CMASS/box1/CATALPTCICz0.466G960S1878009263.dat.bz2
/hpcstorage/dforero/projects/baosystematics/data/patchy_boxes/PATCHY_CMASS/box1/CATALPTCICz0.466G960S1371964287.dat.bz2
/hpcstorage/dforero/projects/baosystematics/data/patchy_boxes/PATCHY_CMASS/box1/CATALPTCICz0.466G960S2076269382.dat
bunzip2: Can't guess original name for /hpcstorage/dforero/projects/baosystematics/data/patchy_boxes/patchy_cmass_subset/box1/realextra/CATALPTCICz0.466G960S2076269382.dat -- using /hpcstorage/dforero/projects/baosystematics/data/patchy_boxes/patchy_cmass_subset/box1/realextra/CATALPTCICz0.466G960S2076269382.dat.out
bunzip2: /hpcstorage/dforero/projects/baosystematics/data/patchy_boxes/patchy_cmass_subset/box1/realextra/CATALPTCICz0.466G960S2076269382.dat is not a bzip2 file.
/hpcstorage/dforero/projects/baosystematics/data/patchy_boxes/PATCHY_CMASS/box1/CATALPTCICz0.466G960S2025663482.dat.bz2
/hpcstorage/dforero/projects/baosystematics/data/patchy_boxes/PATCHY_CMASS/box1/CATALPTCICz0.466G960S98241535.dat.bz2
/hpcstorage/dforero/projects/baosystematics/data/patchy_boxes/PATCHY_CMASS/box1/CATALPTCICz0.466G960S71650295.dat.bz2
/hpcstorage/dforero/projects/baosystematics/data/patchy_boxes/PATCHY_CMASS/box1/CATALPTCICz0.466G960S1656249224.dat.bz2
/hpcstorage/dforero/projects/baosystematics/data/patchy_boxes/PATCHY_CMASS/box1/CATALPTCICz0.466G960S1093443331.dat.bz2
/hpcstorage/dforero/projects/baosystematics/data/patchy_boxes/PATCHY_CMASS/box1/CATALPTCICz0.466G960S1560492804.dat.bz2
/hpcstorage/dforero/projects/baosystematics/data/patchy_boxes/PATCHY_CMASS/box1/CATALPTCICz0.466G960S1541229556.dat.bz2
/hpcstorage/dforero/projects/baosystematics/data/patchy_boxes/PATCHY_CMASS/box1/CATALPTCICz0.466G960S1230019393.dat.bz2
/hpcstorage/dforero/projects/baosystematics/data/patchy_boxes/PATCHY_CMASS/box1/CATALPTCICz0.466G960S423681919.dat.bz2
/hpcstorage/dforero/projects/baosystematics/data/patchy_boxes/PATCHY_CMASS/box1/CATALPTCICz0.466G960S2080767391.dat
bunzip2: Can't guess original name for /hpcstorage/dforero/projects/baosystematics/data/patchy_boxes/patchy_cmass_subset/box1/realextra/CATALPTCICz0.466G960S2080767391.dat -- using /hpcstorage/dforero/projects/baosystematics/data/patchy_boxes/patchy_cmass_subset/box1/realextra/CATALPTCICz0.466G960S2080767391.dat.out
bunzip2: /hpcstorage/dforero/projects/baosystematics/data/patchy_boxes/patchy_cmass_subset/box1/realextra/CATALPTCICz0.466G960S2080767391.dat is not a bzip2 file.
/hpcstorage/dforero/projects/baosystematics/data/patchy_boxes/PATCHY_CMASS/box1/CATALPTCICz0.466G960S559008860.dat.bz2
/hpcstorage/dforero/projects/baosystematics/data/patchy_boxes/PATCHY_CMASS/box1/CATALPTCICz0.466G960S444792914.dat.bz2
/hpcstorage/dforero/projects/baosystematics/data/patchy_boxes/PATCHY_CMASS/box1/CATALPTCICz0.466G960S1658333848.dat.bz2
/hpcstorage/dforero/projects/baosystematics/data/patchy_boxes/PATCHY_CMASS/box1/CATALPTCICz0.466G960S1399725380.dat.bz2
/hpcstorage/dforero/projects/baosystematics/data/patchy_boxes/PATCHY_CMASS/box1/CATALPTCICz0.466G960S1810085583.dat.bz2
/hpcstorage/dforero/projects/baosystematics/data/patchy_boxes/PATCHY_CMASS/box1/CATALPTCICz0.466G960S2046505490.dat.bz2
/hpcstorage/dforero/projects/baosystematics/data/patchy_boxes/PATCHY_CMASS/box1/CATALPTCICz0.466G960S1568076568.dat.bz2
/hpcstorage/dforero/projects/baosystematics/data/patchy_boxes/PATCHY_CMASS/box1/CATALPTCICz0.466G960S2061966896.dat.bz2
/hpcstorage/dforero/projects/baosystematics/data/patchy_boxes/PATCHY_CMASS/box1/CATALPTCICz0.466G960S131638539.dat.bz2
/hpcstorage/dforero/projects/baosystematics/data/patchy_boxes/PATCHY_CMASS/box1/CATALPTCICz0.466G960S1171454456.dat.bz2
/hpcstorage/dforero/projects/baosystematics/data/patchy_boxes/PATCHY_CMASS/box1/CATALPTCICz0.466G960S1319224709.dat.bz2
/hpcstorage/dforero/projects/baosystematics/data/patchy_boxes/PATCHY_CMASS/box1/CATALPTCICz0.466G960S128282312.dat.bz2
/hpcstorage/dforero/projects/baosystematics/data/patchy_boxes/PATCHY_CMASS/box1/CATALPTCICz0.466G960S82596751.dat.bz2
/hpcstorage/dforero/projects/baosystematics/data/patchy_boxes/PATCHY_CMASS/box1/CATALPTCICz0.466G960S452977852.dat.bz2
/hpcstorage/dforero/projects/baosystematics/data/patchy_boxes/PATCHY_CMASS/box1/CATALPTCICz0.466G960S1744549135.dat.bz2
/hpcstorage/dforero/projects/baosystematics/data/patchy_boxes/PATCHY_CMASS/box1/CATALPTCICz0.466G960S1550262552.dat.bz2
/hpcstorage/dforero/projects/baosystematics/data/patchy_boxes/PATCHY_CMASS/box1/CATALPTCICz0.466G960S46884014.dat.bz2
/hpcstorage/dforero/projects/baosystematics/data/patchy_boxes/PATCHY_CMASS/box1/CATALPTCICz0.466G960S322041233.dat.bz2
/hpcstorage/dforero/projects/baosystematics/data/patchy_boxes/PATCHY_CMASS/box1/CATALPTCICz0.466G960S290410571.dat.bz2
/hpcstorage/dforero/projects/baosystematics/data/patchy_boxes/PATCHY_CMASS/box1/CATALPTCICz0.466G960S1248755586.dat.bz2
/hpcstorage/dforero/projects/baosystematics/data/patchy_boxes/PATCHY_CMASS/box1/CATALPTCICz0.466G960S952021396.dat.bz2
/hpcstorage/dforero/projects/baosystematics/data/patchy_boxes/PATCHY_CMASS/box1/CATALPTCICz0.466G960S1146279901.dat.bz2
/hpcstorage/dforero/projects/baosystematics/data/patchy_boxes/PATCHY_CMASS/box1/CATALPTCICz0.466G960S733458341.dat.bz2
/hpcstorage/dforero/projects/baosystematics/data/patchy_boxes/PATCHY_CMASS/box1/CATALPTCICz0.466G960S1204015223.dat.bz2
/hpcstorage/dforero/projects/baosystematics/data/patchy_boxes/PATCHY_CMASS/box1/CATALPTCICz0.466G960S523419891.dat.bz2
/hpcstorage/dforero/projects/baosystematics/data/patchy_boxes/PATCHY_CMASS/box1/CATALPTCICz0.466G960S1740263594.dat.bz2
/hpcstorage/dforero/projects/baosystematics/data/patchy_boxes/PATCHY_CMASS/box1/CATALPTCICz0.466G960S2018638540.dat.bz2
/hpcstorage/dforero/projects/baosystematics/data/patchy_boxes/PATCHY_CMASS/box1/CATALPTCICz0.466G960S1932672395.dat.bz2
/hpcstorage/dforero/projects/baosystematics/data/patchy_boxes/PATCHY_CMASS/box1/CATALPTCICz0.466G960S405346017.dat.bz2
/hpcstorage/dforero/projects/baosystematics/data/patchy_boxes/PATCHY_CMASS/box1/CATALPTCICz0.466G960S1106086967.dat.bz2
/hpcstorage/dforero/projects/baosystematics/data/patchy_boxes/PATCHY_CMASS/box1/CATALPTCICz0.466G960S447955535.dat.bz2
/hpcstorage/dforero/projects/baosystematics/data/patchy_boxes/PATCHY_CMASS/box1/CATALPTCICz0.466G960S2004999320.dat.bz2
/hpcstorage/dforero/projects/baosystematics/data/patchy_boxes/PATCHY_CMASS/box1/CATALPTCICz0.466G960S1879972977.dat.bz2
/hpcstorage/dforero/projects/baosystematics/data/patchy_boxes/PATCHY_CMASS/box1/CATALPTCICz0.466G960S1195299096.dat.bz2
/hpcstorage/dforero/projects/baosystematics/data/patchy_boxes/PATCHY_CMASS/box1/CATALPTCICz0.466G960S1984142514.dat.bz2
/hpcstorage/dforero/projects/baosystematics/data/patchy_boxes/PATCHY_CMASS/box1/CATALPTCICz0.466G960S889288774.dat.bz2
/hpcstorage/dforero/projects/baosystematics/data/patchy_boxes/PATCHY_CMASS/box1/CATALPTCICz0.466G960S1366706407.dat.bz2
/hpcstorage/dforero/projects/baosystematics/data/patchy_boxes/PATCHY_CMASS/box1/CATALPTCICz0.466G960S661219564.dat.bz2
/hpcstorage/dforero/projects/baosystematics/data/patchy_boxes/PATCHY_CMASS/box1/CATALPTCICz0.466G960S1534617702.dat.bz2
/hpcstorage/dforero/projects/baosystematics/data/patchy_boxes/PATCHY_CMASS/box1/CATALPTCICz0.466G960S1973023524.dat.bz2
/hpcstorage/dforero/projects/baosystematics/data/patchy_boxes/PATCHY_CMASS/box1/CATALPTCICz0.466G960S793713103.dat.bz2
/hpcstorage/dforero/projects/baosystematics/data/patchy_boxes/PATCHY_CMASS/box1/CATALPTCICz0.466G960S1638675616.dat.bz2
/hpcstorage/dforero/projects/baosystematics/data/patchy_boxes/PATCHY_CMASS/box1/CATALPTCICz0.466G960S644251819.dat.bz2
/hpcstorage/dforero/projects/baosystematics/data/patchy_boxes/PATCHY_CMASS/box1/CATALPTCICz0.466G960S931837676.dat.bz2
/hpcstorage/dforero/projects/baosystematics/data/patchy_boxes/PATCHY_CMASS/box1/CATALPTCICz0.466G960S1802824187.dat.bz2
/hpcstorage/dforero/projects/baosystematics/data/patchy_boxes/PATCHY_CMASS/box1/CATALPTCICz0.466G960S2066051570.dat.bz2
/hpcstorage/dforero/projects/baosystematics/data/patchy_boxes/PATCHY_CMASS/box1/CATALPTCICz0.466G960S741053657.dat.bz2
/hpcstorage/dforero/projects/baosystematics/data/patchy_boxes/PATCHY_CMASS/box1/CATALPTCICz0.466G960S63105779.dat.bz2
/hpcstorage/dforero/projects/baosystematics/data/patchy_boxes/PATCHY_CMASS/box1/CATALPTCICz0.466G960S280931189.dat.bz2
/hpcstorage/dforero/projects/baosystematics/data/patchy_boxes/PATCHY_CMASS/box1/CATALPTCICz0.466G960S2141171720.dat.bz2
/hpcstorage/dforero/projects/baosystematics/data/patchy_boxes/PATCHY_CMASS/box1/CATALPTCICz0.466G960S1268113228.dat.bz2
/hpcstorage/dforero/projects/baosystematics/data/patchy_boxes/PATCHY_CMASS/box1/CATALPTCICz0.466G960S731535461.dat.bz2
/hpcstorage/dforero/projects/baosystematics/data/patchy_boxes/PATCHY_CMASS/box1/CATALPTCICz0.466G960S1220375783.dat.bz2
/hpcstorage/dforero/projects/baosystematics/data/patchy_boxes/PATCHY_CMASS/box1/CATALPTCICz0.466G960S619379967.dat.bz2
/hpcstorage/dforero/projects/baosystematics/data/patchy_boxes/PATCHY_CMASS/box1/CATALPTCICz0.466G960S394099568.dat.bz2
/hpcstorage/dforero/projects/baosystematics/data/patchy_boxes/PATCHY_CMASS/box1/CATALPTCICz0.466G960S1402382235.dat.bz2
/hpcstorage/dforero/projects/baosystematics/data/patchy_boxes/PATCHY_CMASS/box1/CATALPTCICz0.466G960S280373319.dat.bz2
/hpcstorage/dforero/projects/baosystematics/data/patchy_boxes/PATCHY_CMASS/box1/CATALPTCICz0.466G960S378695801.dat.bz2
/hpcstorage/dforero/projects/baosystematics/data/patchy_boxes/PATCHY_CMASS/box1/CATALPTCICz0.466G960S1127858495.dat.bz2
/hpcstorage/dforero/projects/baosystematics/data/patchy_boxes/PATCHY_CMASS/box1/CATALPTCICz0.466G960S1876527057.dat.bz2
/hpcstorage/dforero/projects/baosystematics/data/patchy_boxes/PATCHY_CMASS/box1/CATALPTCICz0.466G960S1019876248.dat.bz2
/hpcstorage/dforero/projects/baosystematics/data/patchy_boxes/PATCHY_CMASS/box1/CATALPTCICz0.466G960S932326958.dat.bz2
/hpcstorage/dforero/projects/baosystematics/data/patchy_boxes/PATCHY_CMASS/box1/CATALPTCICz0.466G960S693209150.dat.bz2
rm: cannot remove ‘/hpcstorage/dforero/projects/baosystematics/data/patchy_boxes/patchy_cmass_subset/box1/realextra/*bz2*’: No such file or directory
