==> Using params from command line: box=5, space=redshift.
==> Using scaled R min = 1.13
==> rmin param. is ignored
==> Using radius range [23.41, 50]
==> Using scaled R min = 1.13
==> rmin param. is ignored
==> Using radius range [23.42, 50]
==> Using scaled R min = 1.13
==> rmin param. is ignored
==> Using radius range [23.4, 50]
==> Using scaled R min = 1.13
==> rmin param. is ignored
==> Using radius range [23.41, 50]
==> Using params from command line: box=5, space=redshift.
==> Using scaled R min = 1.13
==> rmin param. is ignored
==> Using radius range [23.4, 50]
==> Using scaled R min = 1.13
==> rmin param. is ignored
==> Using radius range [23.4, 50]
==> Using scaled R min = 1.13
==> rmin param. is ignored
==> Using radius range [23.4, 50]
==> Saved /home/epfl/dforero/scratch/projects/baosystematics/patchy_results/box5/redshift/radialgauss/plots/ngal_radial.npy
==> Using params from command line: box=5, space=redshift.
==> Using scaled R min = 1.13
==> rmin param. is ignored
==> Using radius range [23.4, 50]
==> Using scaled R min = 1.13
==> rmin param. is ignored
==> Using radius range [23.41, 50]
==> Using scaled R min = 1.13
==> rmin param. is ignored
==> Using radius range [23.43, 50]
==> Using scaled R min = 1.13
==> rmin param. is ignored
==> Using radius range [23.41, 50]
==> Using params from command line: box=5, space=redshift.
==> Using scaled R min = 1.13
==> rmin param. is ignored
==> Using radius range [23.4, 50]
==> Using scaled R min = 1.13
==> rmin param. is ignored
==> Using radius range [23.4, 50]
==> Using scaled R min = 1.13
==> rmin param. is ignored
==> Using radius range [23.41, 50]
==> Using scaled R min = 1.13
==> rmin param. is ignored
==> Using radius range [23.4, 50]
==> Using params from command line: box=5, space=redshift.
==> Using scaled R min = 1.13
==> rmin param. is ignored
==> Using radius range [23.41, 50]
==> Using scaled R min = 1.13
==> rmin param. is ignored
==> Using radius range [23.41, 50]
==> Using scaled R min = 1.13
==> rmin param. is ignored
==> Using radius range [23.41, 50]
==> Using params from command line: box=5, space=redshift.
==> Using scaled R min = 1.13
==> rmin param. is ignored
==> Using radius range [23.41, 50]
==> Using scaled R min = 1.13
==> rmin param. is ignored
==> Using radius range [23.4, 50]
==> Using scaled R min = 1.13
==> rmin param. is ignored
==> Using radius range [23.41, 50]
==> Using params from command line: box=5, space=redshift.
==> Using scaled R min = 1.13
==> rmin param. is ignored
==> Using radius range [23.4, 50]
==> Using scaled R min = 1.13
==> rmin param. is ignored
==> Using radius range [23.41, 50]
==> Using scaled R min = 1.13
==> rmin param. is ignored
==> Using radius range [23.41, 50]
==> Using params from command line: box=5, space=redshift.
==> Using scaled R min = 1.13
==> rmin param. is ignored
==> Using radius range [23.41, 50]
==> Using scaled R min = 1.13
==> rmin param. is ignored
==> Using radius range [23.41, 50]
==> Using scaled R min = 1.13
==> rmin param. is ignored
==> Using radius range [23.41, 50]
==> Using params from command line: box=5, space=redshift.
==> Using scaled R min = 1.13
==> rmin param. is ignored
==> Using radius range [23.4, 50]
==> Using scaled R min = 1.13
==> rmin param. is ignored
==> Using radius range [23.4, 50]
==> Using scaled R min = 1.13
==> rmin param. is ignored
==> Using radius range [23.42, 50]
==> Using params from command line: box=5, space=redshift.
==> Using scaled R min = 1.13
==> rmin param. is ignored
==> Using radius range [23.4, 50]
==> Using scaled R min = 1.13
==> rmin param. is ignored
==> Using radius range [23.41, 50]
==> Using scaled R min = 1.13
==> rmin param. is ignored
==> Using radius range [23.41, 50]
==> Using params from command line: box=5, space=redshift.
==> Using scaled R min = 1.13
==> rmin param. is ignored
==> Using radius range [23.4, 50]
==> Using scaled R min = 1.13
==> rmin param. is ignored
==> Using radius range [23.42, 50]
==> Using scaled R min = 1.13
==> rmin param. is ignored
==> Using radius range [23.4, 50]
==> Using params from command line: box=5, space=redshift.
==> Using scaled R min = 1.13
==> rmin param. is ignored
==> Using radius range [23.42, 50]
==> Using scaled R min = 1.13
==> rmin param. is ignored
==> Using radius range [23.41, 50]
==> Using scaled R min = 1.13
==> rmin param. is ignored
==> Using radius range [23.41, 50]
==> Using params from command line: box=5, space=redshift.
==> Using scaled R min = 1.13
==> rmin param. is ignored
==> Using radius range [23.42, 50]
==> Using scaled R min = 1.13
==> rmin param. is ignored
==> Using radius range [23.42, 50]
==> Using scaled R min = 1.13
==> rmin param. is ignored
==> Using radius range [23.41, 50]
==> Using params from command line: box=5, space=redshift.
==> Using scaled R min = 1.13
==> rmin param. is ignored
==> Using radius range [23.42, 50]
==> Using scaled R min = 1.13
==> rmin param. is ignored
==> Using radius range [23.42, 50]
==> Using scaled R min = 1.13
==> rmin param. is ignored
==> Using radius range [23.41, 50]
==> Using params from command line: box=5, space=redshift.
==> Using scaled R min = 1.13
==> rmin param. is ignored
==> Using radius range [23.43, 50]
==> Using scaled R min = 1.13
==> rmin param. is ignored
==> Using radius range [23.41, 50]
==> Using scaled R min = 1.13
==> rmin param. is ignored
==> Using radius range [23.4, 50]
==> Using params from command line: box=5, space=redshift.
==> Using scaled R min = 1.13
==> rmin param. is ignored
==> Using radius range [23.41, 50]
==> Using scaled R min = 1.13
==> rmin param. is ignored
==> Using radius range [23.41, 50]
==> Using scaled R min = 1.13
==> rmin param. is ignored
==> Using radius range [23.41, 50]
==> Using params from command line: box=5, space=redshift.
==> Using scaled R min = 1.13
==> rmin param. is ignored
==> Using radius range [23.4, 50]
==> Using scaled R min = 1.13
==> rmin param. is ignored
==> Using radius range [23.41, 50]
==> Using scaled R min = 1.13
==> rmin param. is ignored
==> Using radius range [23.41, 50]
==> Using params from command line: box=5, space=redshift.
==> Using scaled R min = 1.13
==> rmin param. is ignored
==> Using radius range [23.43, 50]
==> Using scaled R min = 1.13
==> rmin param. is ignored
==> Using radius range [23.42, 50]
==> Using scaled R min = 1.13
==> rmin param. is ignored
==> Using radius range [23.41, 50]
==> Using params from command line: box=5, space=redshift.
==> Using scaled R min = 1.13
==> rmin param. is ignored
==> Using radius range [23.41, 50]
==> Using scaled R min = 1.13
==> rmin param. is ignored
==> Using radius range [23.4, 50]
==> Using scaled R min = 1.13
==> rmin param. is ignored
==> Using radius range [23.4, 50]
==> Using scaled R min = 1.13
==> rmin param. is ignored
==> Using radius range [23.41, 50]
==> Using params from command line: box=5, space=redshift.
==> Using scaled R min = 1.13
==> rmin param. is ignored
==> Using radius range [23.4, 50]
==> Using scaled R min = 1.13
==> rmin param. is ignored
==> Using radius range [23.41, 50]
==> Using scaled R min = 1.13
==> rmin param. is ignored
==> Using radius range [23.41, 50]
==> Using params from command line: box=5, space=redshift.
==> Using scaled R min = 1.13
==> rmin param. is ignored
==> Using radius range [23.41, 50]
==> Using scaled R min = 1.13
==> rmin param. is ignored
==> Using radius range [23.4, 50]
==> Using scaled R min = 1.13
==> rmin param. is ignored
==> Using radius range [23.41, 50]
==> Using params from command line: box=5, space=redshift.
==> Using scaled R min = 1.13
==> rmin param. is ignored
==> Using radius range [23.41, 50]
==> Using scaled R min = 1.13
==> rmin param. is ignored
==> Using radius range [23.41, 50]
==> Using scaled R min = 1.13
==> rmin param. is ignored
==> Using radius range [23.42, 50]
==> Using params from command line: box=5, space=redshift.
==> Using scaled R min = 1.13
==> rmin param. is ignored
==> Using radius range [23.41, 50]
==> Using scaled R min = 1.13
==> rmin param. is ignored
==> Using radius range [23.4, 50]
==> Using scaled R min = 1.13
==> rmin param. is ignored
==> Using radius range [23.4, 50]
==> Using params from command line: box=5, space=redshift.
==> Using scaled R min = 1.13
==> rmin param. is ignored
==> Using radius range [23.4, 50]
==> Using scaled R min = 1.13
==> rmin param. is ignored
==> Using radius range [23.41, 50]
==> Using scaled R min = 1.13
==> rmin param. is ignored
==> Using radius range [23.41, 50]
==> Using params from command line: box=5, space=redshift.
==> Using scaled R min = 1.13
==> rmin param. is ignored
==> Using radius range [23.41, 50]
==> Using scaled R min = 1.13
==> rmin param. is ignored
==> Using radius range [23.41, 50]
==> Using scaled R min = 1.13
==> rmin param. is ignored
==> Using radius range [23.42, 50]
==> Using params from command line: box=5, space=redshift.
==> Using scaled R min = 1.13
==> rmin param. is ignored
==> Using radius range [23.42, 50]
==> Using scaled R min = 1.13
==> rmin param. is ignored
==> Using radius range [23.4, 50]
==> Using scaled R min = 1.13
==> rmin param. is ignored
==> Using radius range [23.42, 50]
==> Using params from command line: box=5, space=redshift.
==> Using scaled R min = 1.13
==> rmin param. is ignored
==> Using radius range [23.39, 50]
==> Using scaled R min = 1.13
==> rmin param. is ignored
==> Using radius range [23.41, 50]
==> Using scaled R min = 1.13
==> rmin param. is ignored
==> Using radius range [23.4, 50]
==> Using params from command line: box=5, space=redshift.
==> Using scaled R min = 1.13
==> rmin param. is ignored
==> Using radius range [23.4, 50]
==> Using scaled R min = 1.13
==> rmin param. is ignored
==> Using radius range [23.4, 50]
==> Using scaled R min = 1.13
==> rmin param. is ignored
==> Using radius range [23.41, 50]
==> Using params from command line: box=5, space=redshift.
==> Using scaled R min = 1.13
==> rmin param. is ignored
==> Using radius range [23.41, 50]
==> Using scaled R min = 1.13
==> rmin param. is ignored
==> Using radius range [23.42, 50]
==> Using scaled R min = 1.13
==> rmin param. is ignored
==> Using radius range [23.41, 50]
==> Using params from command line: box=5, space=redshift.
==> Using scaled R min = 1.13
==> rmin param. is ignored
==> Using radius range [23.41, 50]
==> Using scaled R min = 1.13
==> rmin param. is ignored
==> Using radius range [23.41, 50]
==> Using scaled R min = 1.13
==> rmin param. is ignored
==> Using radius range [23.39, 50]
==> Using params from command line: box=5, space=redshift.
==> Using scaled R min = 1.13
==> rmin param. is ignored
==> Using radius range [23.41, 50]
==> Using scaled R min = 1.13
==> rmin param. is ignored
==> Using radius range [23.41, 50]
==> Using scaled R min = 1.13
==> rmin param. is ignored
==> Using radius range [23.42, 50]
==> Using params from command line: box=5, space=redshift.
==> Using scaled R min = 1.13
==> rmin param. is ignored
==> Using radius range [23.4, 50]
==> Using scaled R min = 1.13
==> rmin param. is ignored
==> Using radius range [23.43, 50]
==> Using scaled R min = 1.13
==> rmin param. is ignored
==> Using radius range [23.41, 50]
