==> Using params from command line: box=1, space=real.
==> Using scaled R min = 1.13
==> rmin param. is ignored
==> Using radius range [18.54, 50]
==> Using scaled R min = 1.13
==> rmin param. is ignored
==> Using radius range [18.54, 50]
==> Using scaled R min = 1.13
==> rmin param. is ignored
==> Using radius range [18.53, 50]
==> Using scaled R min = 1.13
==> rmin param. is ignored
==> Using radius range [18.54, 50]
==> Using params from command line: box=1, space=real.
==> Using scaled R min = 1.13
==> rmin param. is ignored
==> Using radius range [18.54, 50]
==> Using scaled R min = 1.13
==> rmin param. is ignored
==> Using radius range [18.53, 50]
==> Using scaled R min = 1.13
==> rmin param. is ignored
==> Using radius range [18.54, 50]
==> Using scaled R min = 1.13
==> rmin param. is ignored
==> Using radius range [18.55, 50]
==> Using params from command line: box=1, space=real.
==> Using scaled R min = 1.13
==> rmin param. is ignored
==> Using radius range [18.54, 50]
==> Using scaled R min = 1.13
==> rmin param. is ignored
==> Using radius range [18.54, 50]
==> Using scaled R min = 1.13
==> rmin param. is ignored
==> Using radius range [18.54, 50]
==> Using scaled R min = 1.13
==> rmin param. is ignored
==> Using radius range [18.54, 50]
==> Using params from command line: box=1, space=real.
==> Using scaled R min = 1.13
==> rmin param. is ignored
==> Using radius range [18.54, 50]
==> Using scaled R min = 1.13
==> rmin param. is ignored
==> Using radius range [18.54, 50]
==> Using scaled R min = 1.13
==> rmin param. is ignored
==> Using radius range [18.53, 50]
==> Saved /home/epfl/dforero/scratch/projects/baosystematics/patchy_results/box1/real/radialgauss/plots/ngal_radial.npy
==> Using params from command line: box=1, space=real.
==> Using scaled R min = 1.13
==> rmin param. is ignored
==> Using radius range [18.53, 50]
==> Using scaled R min = 1.13
==> rmin param. is ignored
==> Using radius range [18.54, 50]
==> Using scaled R min = 1.13
==> rmin param. is ignored
==> Using radius range [18.54, 50]
==> Using params from command line: box=1, space=real.
==> Using scaled R min = 1.13
==> rmin param. is ignored
==> Using radius range [18.54, 50]
==> Using scaled R min = 1.13
==> rmin param. is ignored
==> Using radius range [18.54, 50]
==> Using scaled R min = 1.13
==> rmin param. is ignored
==> Using radius range [18.54, 50]
==> Using params from command line: box=1, space=real.
==> Using scaled R min = 1.13
==> rmin param. is ignored
==> Using radius range [18.53, 50]
==> Using scaled R min = 1.13
==> rmin param. is ignored
==> Using radius range [18.53, 50]
==> Using scaled R min = 1.13
==> rmin param. is ignored
==> Using radius range [18.54, 50]
==> Using params from command line: box=1, space=real.
==> Using scaled R min = 1.13
==> rmin param. is ignored
==> Using radius range [18.54, 50]
==> Using scaled R min = 1.13
==> rmin param. is ignored
==> Using radius range [18.54, 50]
==> Using scaled R min = 1.13
==> rmin param. is ignored
==> Using radius range [18.54, 50]
==> Using params from command line: box=1, space=real.
==> Using scaled R min = 1.13
==> rmin param. is ignored
==> Using radius range [18.54, 50]
==> Using scaled R min = 1.13
==> rmin param. is ignored
==> Using radius range [18.54, 50]
==> Using scaled R min = 1.13
==> rmin param. is ignored
==> Using radius range [18.54, 50]
==> Using params from command line: box=1, space=real.
==> Using scaled R min = 1.13
==> rmin param. is ignored
==> Using radius range [18.55, 50]
==> Using scaled R min = 1.13
==> rmin param. is ignored
==> Using radius range [18.54, 50]
==> Using scaled R min = 1.13
==> rmin param. is ignored
==> Using radius range [18.54, 50]
==> Using params from command line: box=1, space=real.
==> Using scaled R min = 1.13
==> rmin param. is ignored
==> Using radius range [18.54, 50]
==> Using scaled R min = 1.13
==> rmin param. is ignored
==> Using radius range [18.54, 50]
==> Using scaled R min = 1.13
==> rmin param. is ignored
==> Using radius range [18.54, 50]
==> Using params from command line: box=1, space=real.
==> Using scaled R min = 1.13
==> rmin param. is ignored
==> Using radius range [18.53, 50]
==> Using scaled R min = 1.13
==> rmin param. is ignored
==> Using radius range [18.55, 50]
==> Using scaled R min = 1.13
==> rmin param. is ignored
==> Using radius range [18.53, 50]
==> Using params from command line: box=1, space=real.
==> Using scaled R min = 1.13
==> rmin param. is ignored
==> Using radius range [18.55, 50]
==> Using scaled R min = 1.13
==> rmin param. is ignored
==> Using radius range [18.54, 50]
==> Using scaled R min = 1.13
==> rmin param. is ignored
==> Using radius range [18.54, 50]
==> Using params from command line: box=1, space=real.
==> Using scaled R min = 1.13
==> rmin param. is ignored
==> Using radius range [18.54, 50]
==> Using scaled R min = 1.13
==> rmin param. is ignored
==> Using radius range [18.54, 50]
==> Using scaled R min = 1.13
==> rmin param. is ignored
==> Using radius range [18.54, 50]
==> Using params from command line: box=1, space=real.
==> Using scaled R min = 1.13
==> rmin param. is ignored
==> Using radius range [18.53, 50]
==> Using scaled R min = 1.13
==> rmin param. is ignored
==> Using radius range [18.55, 50]
==> Using scaled R min = 1.13
==> rmin param. is ignored
==> Using radius range [18.54, 50]
==> Using params from command line: box=1, space=real.
==> Using scaled R min = 1.13
==> rmin param. is ignored
==> Using radius range [18.55, 50]
==> Using scaled R min = 1.13
==> rmin param. is ignored
==> Using radius range [18.54, 50]
==> Using scaled R min = 1.13
==> rmin param. is ignored
==> Using radius range [18.53, 50]
==> Using params from command line: box=1, space=real.
==> Using scaled R min = 1.13
==> rmin param. is ignored
==> Using radius range [18.53, 50]
==> Using scaled R min = 1.13
==> rmin param. is ignored
==> Using radius range [18.54, 50]
==> Using scaled R min = 1.13
==> rmin param. is ignored
==> Using radius range [18.53, 50]
==> Using params from command line: box=1, space=real.
==> Using scaled R min = 1.13
==> rmin param. is ignored
==> Using radius range [18.54, 50]
==> Using scaled R min = 1.13
==> rmin param. is ignored
==> Using radius range [18.54, 50]
==> Using scaled R min = 1.13
==> rmin param. is ignored
==> Using radius range [18.54, 50]
==> Using params from command line: box=1, space=real.
==> Using scaled R min = 1.13
==> rmin param. is ignored
==> Using radius range [18.55, 50]
==> Using scaled R min = 1.13
==> rmin param. is ignored
==> Using radius range [18.55, 50]
==> Using scaled R min = 1.13
==> rmin param. is ignored
==> Using radius range [18.54, 50]
==> Using params from command line: box=1, space=real.
==> Using scaled R min = 1.13
==> rmin param. is ignored
==> Using radius range [18.55, 50]
==> Using scaled R min = 1.13
==> rmin param. is ignored
==> Using radius range [18.54, 50]
==> Using scaled R min = 1.13
==> rmin param. is ignored
==> Using radius range [18.54, 50]
==> Using params from command line: box=1, space=real.
==> Using scaled R min = 1.13
==> rmin param. is ignored
==> Using radius range [18.54, 50]
==> Using scaled R min = 1.13
==> rmin param. is ignored
==> Using radius range [18.54, 50]
==> Using scaled R min = 1.13
==> rmin param. is ignored
==> Using radius range [18.54, 50]
==> Using params from command line: box=1, space=real.
==> Using scaled R min = 1.13
==> rmin param. is ignored
==> Using radius range [18.53, 50]
==> Using scaled R min = 1.13
==> rmin param. is ignored
==> Using radius range [18.54, 50]
==> Using scaled R min = 1.13
==> rmin param. is ignored
==> Using radius range [18.54, 50]
==> Using params from command line: box=1, space=real.
==> Using scaled R min = 1.13
==> rmin param. is ignored
==> Using radius range [18.54, 50]
==> Using scaled R min = 1.13
==> rmin param. is ignored
==> Using radius range [18.54, 50]
==> Using scaled R min = 1.13
==> rmin param. is ignored
==> Using radius range [18.54, 50]
==> Using scaled R min = 1.13
==> rmin param. is ignored
==> Using radius range [18.54, 50]
==> Using params from command line: box=1, space=real.
==> Using scaled R min = 1.13
==> rmin param. is ignored
==> Using radius range [18.54, 50]
==> Using scaled R min = 1.13
==> rmin param. is ignored
==> Using radius range [18.54, 50]
==> Using scaled R min = 1.13
==> rmin param. is ignored
==> Using radius range [18.54, 50]
==> Using params from command line: box=1, space=real.
==> Using scaled R min = 1.13
==> rmin param. is ignored
==> Using radius range [18.54, 50]
==> Using scaled R min = 1.13
==> rmin param. is ignored
==> Using radius range [18.54, 50]
==> Using scaled R min = 1.13
==> rmin param. is ignored
==> Using radius range [18.54, 50]
==> Using params from command line: box=1, space=real.
==> Using scaled R min = 1.13
==> rmin param. is ignored
==> Using radius range [18.55, 50]
==> Using scaled R min = 1.13
==> rmin param. is ignored
==> Using radius range [18.54, 50]
==> Using scaled R min = 1.13
==> rmin param. is ignored
==> Using radius range [18.54, 50]
==> Using params from command line: box=1, space=real.
==> Using scaled R min = 1.13
==> rmin param. is ignored
==> Using radius range [18.54, 50]
==> Using scaled R min = 1.13
==> rmin param. is ignored
==> Using radius range [18.53, 50]
==> Using scaled R min = 1.13
==> rmin param. is ignored
==> Using radius range [18.54, 50]
==> Using params from command line: box=1, space=real.
==> Using scaled R min = 1.13
==> rmin param. is ignored
==> Using radius range [18.54, 50]
==> Using scaled R min = 1.13
==> rmin param. is ignored
==> Using radius range [18.54, 50]
==> Using scaled R min = 1.13
==> rmin param. is ignored
==> Using radius range [18.54, 50]
==> Using params from command line: box=1, space=real.
==> Using scaled R min = 1.13
==> rmin param. is ignored
==> Using radius range [18.54, 50]
==> Using scaled R min = 1.13
==> rmin param. is ignored
==> Using radius range [18.54, 50]
==> Using scaled R min = 1.13
==> rmin param. is ignored
==> Using radius range [18.54, 50]
==> Using params from command line: box=1, space=real.
==> Using scaled R min = 1.13
==> rmin param. is ignored
==> Using radius range [18.54, 50]
==> Using scaled R min = 1.13
==> rmin param. is ignored
==> Using radius range [18.54, 50]
==> Using scaled R min = 1.13
==> rmin param. is ignored
==> Using radius range [18.54, 50]
==> Using params from command line: box=1, space=real.
==> Using scaled R min = 1.13
==> rmin param. is ignored
==> Using radius range [18.54, 50]
==> Using scaled R min = 1.13
==> rmin param. is ignored
==> Using radius range [18.53, 50]
==> Using scaled R min = 1.13
==> rmin param. is ignored
==> Using radius range [18.54, 50]
==> Using params from command line: box=1, space=real.
==> Using scaled R min = 1.13
==> rmin param. is ignored
==> Using radius range [18.54, 50]
==> Using scaled R min = 1.13
==> rmin param. is ignored
==> Using radius range [18.53, 50]
==> Using scaled R min = 1.13
==> rmin param. is ignored
==> Using radius range [18.54, 50]
