==> Using completeness from command line = 0.55.
==> Using function flat
==> Using min. completeness 0.55
Creating /home/epfl/dforero/scratch/projects/baosystematics/patchy_results/box5/real/smooth/flat_0.55/mocks_gal_xyz/CATALPTCICz0.638G960S262811362.flat.sigma0.0.dat
Noise = False
Creating /home/epfl/dforero/scratch/projects/baosystematics/patchy_results/box5/real/noise/flat_0.55/mocks_gal_xyz/CATALPTCICz0.638G960S262811362.flat.sigma0.2.dat
Noise = True
Using non-default noise sampler.
==> Using function flat
==> Using min. completeness 0.55
Creating /home/epfl/dforero/scratch/projects/baosystematics/patchy_results/box5/real/smooth/flat_0.55/mocks_gal_xyz/CATALPTCICz0.638G960S653315835.flat.sigma0.0.dat
Noise = False
Creating /home/epfl/dforero/scratch/projects/baosystematics/patchy_results/box5/real/noise/flat_0.55/mocks_gal_xyz/CATALPTCICz0.638G960S653315835.flat.sigma0.2.dat
Noise = True
Using non-default noise sampler.
==> Using function flat
==> Using min. completeness 0.55
Creating /home/epfl/dforero/scratch/projects/baosystematics/patchy_results/box5/real/smooth/flat_0.55/mocks_gal_xyz/CATALPTCICz0.638G960S1957637951.flat.sigma0.0.dat
Noise = False
Creating /home/epfl/dforero/scratch/projects/baosystematics/patchy_results/box5/real/noise/flat_0.55/mocks_gal_xyz/CATALPTCICz0.638G960S1957637951.flat.sigma0.2.dat
Noise = True
Using non-default noise sampler.
==> Using completeness from command line = 0.55.
==> Using function flat
==> Using min. completeness 0.55
Creating /home/epfl/dforero/scratch/projects/baosystematics/patchy_results/box5/real/smooth/flat_0.55/mocks_gal_xyz/CATALPTCICz0.638G960S364233976.flat.sigma0.0.dat
Noise = False
Creating /home/epfl/dforero/scratch/projects/baosystematics/patchy_results/box5/real/noise/flat_0.55/mocks_gal_xyz/CATALPTCICz0.638G960S364233976.flat.sigma0.2.dat
Noise = True
Using non-default noise sampler.
==> Using function flat
==> Using min. completeness 0.55
Creating /home/epfl/dforero/scratch/projects/baosystematics/patchy_results/box5/real/smooth/flat_0.55/mocks_gal_xyz/CATALPTCICz0.638G960S38850615.flat.sigma0.0.dat
Noise = False
Creating /home/epfl/dforero/scratch/projects/baosystematics/patchy_results/box5/real/noise/flat_0.55/mocks_gal_xyz/CATALPTCICz0.638G960S38850615.flat.sigma0.2.dat
Noise = True
Using non-default noise sampler.
==> Using function flat
==> Using min. completeness 0.55
Creating /home/epfl/dforero/scratch/projects/baosystematics/patchy_results/box5/real/smooth/flat_0.55/mocks_gal_xyz/CATALPTCICz0.638G960S1743787751.flat.sigma0.0.dat
Noise = False
Creating /home/epfl/dforero/scratch/projects/baosystematics/patchy_results/box5/real/noise/flat_0.55/mocks_gal_xyz/CATALPTCICz0.638G960S1743787751.flat.sigma0.2.dat
Noise = True
Using non-default noise sampler.
==> Using completeness from command line = 0.55.
==> Using function flat
==> Using min. completeness 0.55
Creating /home/epfl/dforero/scratch/projects/baosystematics/patchy_results/box5/real/smooth/flat_0.55/mocks_gal_xyz/CATALPTCICz0.638G960S1539764651.flat.sigma0.0.dat
Noise = False
Creating /home/epfl/dforero/scratch/projects/baosystematics/patchy_results/box5/real/noise/flat_0.55/mocks_gal_xyz/CATALPTCICz0.638G960S1539764651.flat.sigma0.2.dat
Noise = True
Using non-default noise sampler.
==> Using function flat
==> Using min. completeness 0.55
Creating /home/epfl/dforero/scratch/projects/baosystematics/patchy_results/box5/real/smooth/flat_0.55/mocks_gal_xyz/CATALPTCICz0.638G960S1090249413.flat.sigma0.0.dat
Noise = False
Creating /home/epfl/dforero/scratch/projects/baosystematics/patchy_results/box5/real/noise/flat_0.55/mocks_gal_xyz/CATALPTCICz0.638G960S1090249413.flat.sigma0.2.dat
Noise = True
Using non-default noise sampler.
==> Using function flat
==> Using min. completeness 0.55
Creating /home/epfl/dforero/scratch/projects/baosystematics/patchy_results/box5/real/smooth/flat_0.55/mocks_gal_xyz/CATALPTCICz0.638G960S1866235956.flat.sigma0.0.dat
Noise = False
Creating /home/epfl/dforero/scratch/projects/baosystematics/patchy_results/box5/real/noise/flat_0.55/mocks_gal_xyz/CATALPTCICz0.638G960S1866235956.flat.sigma0.2.dat
Noise = True
Using non-default noise sampler.
==> Using completeness from command line = 0.55.
==> Using function flat
==> Using min. completeness 0.55
Creating /home/epfl/dforero/scratch/projects/baosystematics/patchy_results/box5/real/smooth/flat_0.55/mocks_gal_xyz/CATALPTCICz0.638G960S1770670323.flat.sigma0.0.dat
Noise = False
Creating /home/epfl/dforero/scratch/projects/baosystematics/patchy_results/box5/real/noise/flat_0.55/mocks_gal_xyz/CATALPTCICz0.638G960S1770670323.flat.sigma0.2.dat
Noise = True
Using non-default noise sampler.
==> Using function flat
==> Using min. completeness 0.55
Creating /home/epfl/dforero/scratch/projects/baosystematics/patchy_results/box5/real/smooth/flat_0.55/mocks_gal_xyz/CATALPTCICz0.638G960S12038904.flat.sigma0.0.dat
Noise = False
Creating /home/epfl/dforero/scratch/projects/baosystematics/patchy_results/box5/real/noise/flat_0.55/mocks_gal_xyz/CATALPTCICz0.638G960S12038904.flat.sigma0.2.dat
Noise = True
Using non-default noise sampler.
==> Using function flat
==> Using min. completeness 0.55
Creating /home/epfl/dforero/scratch/projects/baosystematics/patchy_results/box5/real/smooth/flat_0.55/mocks_gal_xyz/CATALPTCICz0.638G960S1555553448.flat.sigma0.0.dat
Noise = False
Creating /home/epfl/dforero/scratch/projects/baosystematics/patchy_results/box5/real/noise/flat_0.55/mocks_gal_xyz/CATALPTCICz0.638G960S1555553448.flat.sigma0.2.dat
Noise = True
Using non-default noise sampler.
==> Using completeness from command line = 0.55.
==> Using function flat
==> Using min. completeness 0.55
Creating /home/epfl/dforero/scratch/projects/baosystematics/patchy_results/box5/real/smooth/flat_0.55/mocks_gal_xyz/CATALPTCICz0.638G960S1868385901.flat.sigma0.0.dat
Noise = False
Creating /home/epfl/dforero/scratch/projects/baosystematics/patchy_results/box5/real/noise/flat_0.55/mocks_gal_xyz/CATALPTCICz0.638G960S1868385901.flat.sigma0.2.dat
Noise = True
Using non-default noise sampler.
==> Using function flat
==> Using min. completeness 0.55
Creating /home/epfl/dforero/scratch/projects/baosystematics/patchy_results/box5/real/smooth/flat_0.55/mocks_gal_xyz/CATALPTCICz0.638G960S1076873484.flat.sigma0.0.dat
Noise = False
Creating /home/epfl/dforero/scratch/projects/baosystematics/patchy_results/box5/real/noise/flat_0.55/mocks_gal_xyz/CATALPTCICz0.638G960S1076873484.flat.sigma0.2.dat
Noise = True
Using non-default noise sampler.
==> Using function flat
==> Using min. completeness 0.55
Creating /home/epfl/dforero/scratch/projects/baosystematics/patchy_results/box5/real/smooth/flat_0.55/mocks_gal_xyz/CATALPTCICz0.638G960S1626267889.flat.sigma0.0.dat
Noise = False
Creating /home/epfl/dforero/scratch/projects/baosystematics/patchy_results/box5/real/noise/flat_0.55/mocks_gal_xyz/CATALPTCICz0.638G960S1626267889.flat.sigma0.2.dat
Noise = True
Using non-default noise sampler.
==> Using completeness from command line = 0.55.
==> Using function flat
==> Using min. completeness 0.55
Creating /home/epfl/dforero/scratch/projects/baosystematics/patchy_results/box5/real/smooth/flat_0.55/mocks_gal_xyz/CATALPTCICz0.638G960S1606030092.flat.sigma0.0.dat
Noise = False
Creating /home/epfl/dforero/scratch/projects/baosystematics/patchy_results/box5/real/noise/flat_0.55/mocks_gal_xyz/CATALPTCICz0.638G960S1606030092.flat.sigma0.2.dat
Noise = True
Using non-default noise sampler.
==> Using function flat
==> Using min. completeness 0.55
Creating /home/epfl/dforero/scratch/projects/baosystematics/patchy_results/box5/real/smooth/flat_0.55/mocks_gal_xyz/CATALPTCICz0.638G960S599895384.flat.sigma0.0.dat
Noise = False
Creating /home/epfl/dforero/scratch/projects/baosystematics/patchy_results/box5/real/noise/flat_0.55/mocks_gal_xyz/CATALPTCICz0.638G960S599895384.flat.sigma0.2.dat
Noise = True
Using non-default noise sampler.
==> Using function flat
==> Using min. completeness 0.55
Creating /home/epfl/dforero/scratch/projects/baosystematics/patchy_results/box5/real/smooth/flat_0.55/mocks_gal_xyz/CATALPTCICz0.638G960S1760383790.flat.sigma0.0.dat
Noise = False
Creating /home/epfl/dforero/scratch/projects/baosystematics/patchy_results/box5/real/noise/flat_0.55/mocks_gal_xyz/CATALPTCICz0.638G960S1760383790.flat.sigma0.2.dat
Noise = True
Using non-default noise sampler.
==> Using completeness from command line = 0.55.
==> Using function flat
==> Using min. completeness 0.55
Creating /home/epfl/dforero/scratch/projects/baosystematics/patchy_results/box5/real/smooth/flat_0.55/mocks_gal_xyz/CATALPTCICz0.638G960S2126501065.flat.sigma0.0.dat
Noise = False
Creating /home/epfl/dforero/scratch/projects/baosystematics/patchy_results/box5/real/noise/flat_0.55/mocks_gal_xyz/CATALPTCICz0.638G960S2126501065.flat.sigma0.2.dat
Noise = True
Using non-default noise sampler.
==> Using function flat
==> Using min. completeness 0.55
Creating /home/epfl/dforero/scratch/projects/baosystematics/patchy_results/box5/real/smooth/flat_0.55/mocks_gal_xyz/CATALPTCICz0.638G960S34923098.flat.sigma0.0.dat
Noise = False
Creating /home/epfl/dforero/scratch/projects/baosystematics/patchy_results/box5/real/noise/flat_0.55/mocks_gal_xyz/CATALPTCICz0.638G960S34923098.flat.sigma0.2.dat
Noise = True
Using non-default noise sampler.
==> Using function flat
==> Using min. completeness 0.55
Creating /home/epfl/dforero/scratch/projects/baosystematics/patchy_results/box5/real/smooth/flat_0.55/mocks_gal_xyz/CATALPTCICz0.638G960S85829856.flat.sigma0.0.dat
Noise = False
Creating /home/epfl/dforero/scratch/projects/baosystematics/patchy_results/box5/real/noise/flat_0.55/mocks_gal_xyz/CATALPTCICz0.638G960S85829856.flat.sigma0.2.dat
Noise = True
Using non-default noise sampler.
==> Using completeness from command line = 0.55.
==> Using function flat
==> Using min. completeness 0.55
Creating /home/epfl/dforero/scratch/projects/baosystematics/patchy_results/box5/real/smooth/flat_0.55/mocks_gal_xyz/CATALPTCICz0.638G960S1579594552.flat.sigma0.0.dat
Noise = False
Creating /home/epfl/dforero/scratch/projects/baosystematics/patchy_results/box5/real/noise/flat_0.55/mocks_gal_xyz/CATALPTCICz0.638G960S1579594552.flat.sigma0.2.dat
Noise = True
Using non-default noise sampler.
==> Using function flat
==> Using min. completeness 0.55
Creating /home/epfl/dforero/scratch/projects/baosystematics/patchy_results/box5/real/smooth/flat_0.55/mocks_gal_xyz/CATALPTCICz0.638G960S2094794961.flat.sigma0.0.dat
Noise = False
Creating /home/epfl/dforero/scratch/projects/baosystematics/patchy_results/box5/real/noise/flat_0.55/mocks_gal_xyz/CATALPTCICz0.638G960S2094794961.flat.sigma0.2.dat
Noise = True
Using non-default noise sampler.
==> Using function flat
==> Using min. completeness 0.55
Creating /home/epfl/dforero/scratch/projects/baosystematics/patchy_results/box5/real/smooth/flat_0.55/mocks_gal_xyz/CATALPTCICz0.638G960S1644659903.flat.sigma0.0.dat
Noise = False
Creating /home/epfl/dforero/scratch/projects/baosystematics/patchy_results/box5/real/noise/flat_0.55/mocks_gal_xyz/CATALPTCICz0.638G960S1644659903.flat.sigma0.2.dat
Noise = True
Using non-default noise sampler.
==> Using completeness from command line = 0.55.
==> Using function flat
==> Using min. completeness 0.55
Creating /home/epfl/dforero/scratch/projects/baosystematics/patchy_results/box5/real/smooth/flat_0.55/mocks_gal_xyz/CATALPTCICz0.638G960S1697695752.flat.sigma0.0.dat
Noise = False
Creating /home/epfl/dforero/scratch/projects/baosystematics/patchy_results/box5/real/noise/flat_0.55/mocks_gal_xyz/CATALPTCICz0.638G960S1697695752.flat.sigma0.2.dat
Noise = True
Using non-default noise sampler.
==> Using function flat
==> Using min. completeness 0.55
Creating /home/epfl/dforero/scratch/projects/baosystematics/patchy_results/box5/real/smooth/flat_0.55/mocks_gal_xyz/CATALPTCICz0.638G960S1239847718.flat.sigma0.0.dat
Noise = False
Creating /home/epfl/dforero/scratch/projects/baosystematics/patchy_results/box5/real/noise/flat_0.55/mocks_gal_xyz/CATALPTCICz0.638G960S1239847718.flat.sigma0.2.dat
Noise = True
Using non-default noise sampler.
==> Using function flat
==> Using min. completeness 0.55
Creating /home/epfl/dforero/scratch/projects/baosystematics/patchy_results/box5/real/smooth/flat_0.55/mocks_gal_xyz/CATALPTCICz0.638G960S241248101.flat.sigma0.0.dat
Noise = False
Creating /home/epfl/dforero/scratch/projects/baosystematics/patchy_results/box5/real/noise/flat_0.55/mocks_gal_xyz/CATALPTCICz0.638G960S241248101.flat.sigma0.2.dat
Noise = True
Using non-default noise sampler.
==> Using completeness from command line = 0.55.
==> Using function flat
==> Using min. completeness 0.55
Creating /home/epfl/dforero/scratch/projects/baosystematics/patchy_results/box5/real/smooth/flat_0.55/mocks_gal_xyz/CATALPTCICz0.638G960S289937724.flat.sigma0.0.dat
Noise = False
Creating /home/epfl/dforero/scratch/projects/baosystematics/patchy_results/box5/real/noise/flat_0.55/mocks_gal_xyz/CATALPTCICz0.638G960S289937724.flat.sigma0.2.dat
Noise = True
Using non-default noise sampler.
==> Using function flat
==> Using min. completeness 0.55
Creating /home/epfl/dforero/scratch/projects/baosystematics/patchy_results/box5/real/smooth/flat_0.55/mocks_gal_xyz/CATALPTCICz0.638G960S1672261505.flat.sigma0.0.dat
Noise = False
Creating /home/epfl/dforero/scratch/projects/baosystematics/patchy_results/box5/real/noise/flat_0.55/mocks_gal_xyz/CATALPTCICz0.638G960S1672261505.flat.sigma0.2.dat
Noise = True
Using non-default noise sampler.
==> Using function flat
==> Using min. completeness 0.55
Creating /home/epfl/dforero/scratch/projects/baosystematics/patchy_results/box5/real/smooth/flat_0.55/mocks_gal_xyz/CATALPTCICz0.638G960S882848105.flat.sigma0.0.dat
Noise = False
Creating /home/epfl/dforero/scratch/projects/baosystematics/patchy_results/box5/real/noise/flat_0.55/mocks_gal_xyz/CATALPTCICz0.638G960S882848105.flat.sigma0.2.dat
Noise = True
Using non-default noise sampler.
==> Using completeness from command line = 0.55.
==> Using function flat
==> Using min. completeness 0.55
Creating /home/epfl/dforero/scratch/projects/baosystematics/patchy_results/box5/real/smooth/flat_0.55/mocks_gal_xyz/CATALPTCICz0.638G960S1464730320.flat.sigma0.0.dat
Noise = False
Creating /home/epfl/dforero/scratch/projects/baosystematics/patchy_results/box5/real/noise/flat_0.55/mocks_gal_xyz/CATALPTCICz0.638G960S1464730320.flat.sigma0.2.dat
Noise = True
Using non-default noise sampler.
==> Using function flat
==> Using min. completeness 0.55
Creating /home/epfl/dforero/scratch/projects/baosystematics/patchy_results/box5/real/smooth/flat_0.55/mocks_gal_xyz/CATALPTCICz0.638G960S329427831.flat.sigma0.0.dat
Noise = False
Creating /home/epfl/dforero/scratch/projects/baosystematics/patchy_results/box5/real/noise/flat_0.55/mocks_gal_xyz/CATALPTCICz0.638G960S329427831.flat.sigma0.2.dat
Noise = True
Using non-default noise sampler.
==> Using function flat
==> Using min. completeness 0.55
Creating /home/epfl/dforero/scratch/projects/baosystematics/patchy_results/box5/real/smooth/flat_0.55/mocks_gal_xyz/CATALPTCICz0.638G960S361303953.flat.sigma0.0.dat
Noise = False
Creating /home/epfl/dforero/scratch/projects/baosystematics/patchy_results/box5/real/noise/flat_0.55/mocks_gal_xyz/CATALPTCICz0.638G960S361303953.flat.sigma0.2.dat
Noise = True
Using non-default noise sampler.
==> Using completeness from command line = 0.55.
==> Using function flat
==> Using min. completeness 0.55
Creating /home/epfl/dforero/scratch/projects/baosystematics/patchy_results/box5/real/smooth/flat_0.55/mocks_gal_xyz/CATALPTCICz0.638G960S1612241734.flat.sigma0.0.dat
Noise = False
Creating /home/epfl/dforero/scratch/projects/baosystematics/patchy_results/box5/real/noise/flat_0.55/mocks_gal_xyz/CATALPTCICz0.638G960S1612241734.flat.sigma0.2.dat
Noise = True
Using non-default noise sampler.
==> Using function flat
==> Using min. completeness 0.55
Creating /home/epfl/dforero/scratch/projects/baosystematics/patchy_results/box5/real/smooth/flat_0.55/mocks_gal_xyz/CATALPTCICz0.638G960S1594480644.flat.sigma0.0.dat
Noise = False
Creating /home/epfl/dforero/scratch/projects/baosystematics/patchy_results/box5/real/noise/flat_0.55/mocks_gal_xyz/CATALPTCICz0.638G960S1594480644.flat.sigma0.2.dat
Noise = True
Using non-default noise sampler.
==> Using function flat
==> Using min. completeness 0.55
Creating /home/epfl/dforero/scratch/projects/baosystematics/patchy_results/box5/real/smooth/flat_0.55/mocks_gal_xyz/CATALPTCICz0.638G960S98547386.flat.sigma0.0.dat
Noise = False
Creating /home/epfl/dforero/scratch/projects/baosystematics/patchy_results/box5/real/noise/flat_0.55/mocks_gal_xyz/CATALPTCICz0.638G960S98547386.flat.sigma0.2.dat
Noise = True
Using non-default noise sampler.
==> Using completeness from command line = 0.55.
==> Using function flat
==> Using min. completeness 0.55
Creating /home/epfl/dforero/scratch/projects/baosystematics/patchy_results/box5/real/smooth/flat_0.55/mocks_gal_xyz/CATALPTCICz0.638G960S695677361.flat.sigma0.0.dat
Noise = False
Creating /home/epfl/dforero/scratch/projects/baosystematics/patchy_results/box5/real/noise/flat_0.55/mocks_gal_xyz/CATALPTCICz0.638G960S695677361.flat.sigma0.2.dat
Noise = True
Using non-default noise sampler.
==> Using function flat
==> Using min. completeness 0.55
Creating /home/epfl/dforero/scratch/projects/baosystematics/patchy_results/box5/real/smooth/flat_0.55/mocks_gal_xyz/CATALPTCICz0.638G960S1820743566.flat.sigma0.0.dat
Noise = False
Creating /home/epfl/dforero/scratch/projects/baosystematics/patchy_results/box5/real/noise/flat_0.55/mocks_gal_xyz/CATALPTCICz0.638G960S1820743566.flat.sigma0.2.dat
Noise = True
Using non-default noise sampler.
==> Using function flat
==> Using min. completeness 0.55
Creating /home/epfl/dforero/scratch/projects/baosystematics/patchy_results/box5/real/smooth/flat_0.55/mocks_gal_xyz/CATALPTCICz0.638G960S2116713610.flat.sigma0.0.dat
Noise = False
Creating /home/epfl/dforero/scratch/projects/baosystematics/patchy_results/box5/real/noise/flat_0.55/mocks_gal_xyz/CATALPTCICz0.638G960S2116713610.flat.sigma0.2.dat
Noise = True
Using non-default noise sampler.
==> Using completeness from command line = 0.55.
==> Using function flat
==> Using min. completeness 0.55
Creating /home/epfl/dforero/scratch/projects/baosystematics/patchy_results/box5/real/smooth/flat_0.55/mocks_gal_xyz/CATALPTCICz0.638G960S824062495.flat.sigma0.0.dat
Noise = False
Creating /home/epfl/dforero/scratch/projects/baosystematics/patchy_results/box5/real/noise/flat_0.55/mocks_gal_xyz/CATALPTCICz0.638G960S824062495.flat.sigma0.2.dat
Noise = True
Using non-default noise sampler.
==> Using function flat
==> Using min. completeness 0.55
Creating /home/epfl/dforero/scratch/projects/baosystematics/patchy_results/box5/real/smooth/flat_0.55/mocks_gal_xyz/CATALPTCICz0.638G960S1790390939.flat.sigma0.0.dat
Noise = False
Creating /home/epfl/dforero/scratch/projects/baosystematics/patchy_results/box5/real/noise/flat_0.55/mocks_gal_xyz/CATALPTCICz0.638G960S1790390939.flat.sigma0.2.dat
Noise = True
Using non-default noise sampler.
==> Using function flat
==> Using min. completeness 0.55
Creating /home/epfl/dforero/scratch/projects/baosystematics/patchy_results/box5/real/smooth/flat_0.55/mocks_gal_xyz/CATALPTCICz0.638G960S542715479.flat.sigma0.0.dat
Noise = False
Creating /home/epfl/dforero/scratch/projects/baosystematics/patchy_results/box5/real/noise/flat_0.55/mocks_gal_xyz/CATALPTCICz0.638G960S542715479.flat.sigma0.2.dat
Noise = True
Using non-default noise sampler.
==> Using completeness from command line = 0.55.
==> Using function flat
==> Using min. completeness 0.55
Creating /home/epfl/dforero/scratch/projects/baosystematics/patchy_results/box5/real/smooth/flat_0.55/mocks_gal_xyz/CATALPTCICz0.638G960S281865714.flat.sigma0.0.dat
Noise = False
Creating /home/epfl/dforero/scratch/projects/baosystematics/patchy_results/box5/real/noise/flat_0.55/mocks_gal_xyz/CATALPTCICz0.638G960S281865714.flat.sigma0.2.dat
Noise = True
Using non-default noise sampler.
==> Using function flat
==> Using min. completeness 0.55
Creating /home/epfl/dforero/scratch/projects/baosystematics/patchy_results/box5/real/smooth/flat_0.55/mocks_gal_xyz/CATALPTCICz0.638G960S1800222736.flat.sigma0.0.dat
Noise = False
Creating /home/epfl/dforero/scratch/projects/baosystematics/patchy_results/box5/real/noise/flat_0.55/mocks_gal_xyz/CATALPTCICz0.638G960S1800222736.flat.sigma0.2.dat
Noise = True
Using non-default noise sampler.
==> Using function flat
==> Using min. completeness 0.55
Creating /home/epfl/dforero/scratch/projects/baosystematics/patchy_results/box5/real/smooth/flat_0.55/mocks_gal_xyz/CATALPTCICz0.638G960S154946453.flat.sigma0.0.dat
Noise = False
Creating /home/epfl/dforero/scratch/projects/baosystematics/patchy_results/box5/real/noise/flat_0.55/mocks_gal_xyz/CATALPTCICz0.638G960S154946453.flat.sigma0.2.dat
Noise = True
Using non-default noise sampler.
==> Using completeness from command line = 0.55.
==> Using function flat
==> Using min. completeness 0.55
Creating /home/epfl/dforero/scratch/projects/baosystematics/patchy_results/box5/real/smooth/flat_0.55/mocks_gal_xyz/CATALPTCICz0.638G960S499786302.flat.sigma0.0.dat
Noise = False
Creating /home/epfl/dforero/scratch/projects/baosystematics/patchy_results/box5/real/noise/flat_0.55/mocks_gal_xyz/CATALPTCICz0.638G960S499786302.flat.sigma0.2.dat
Noise = True
Using non-default noise sampler.
==> Using function flat
==> Using min. completeness 0.55
Creating /home/epfl/dforero/scratch/projects/baosystematics/patchy_results/box5/real/smooth/flat_0.55/mocks_gal_xyz/CATALPTCICz0.638G960S835650869.flat.sigma0.0.dat
Noise = False
Creating /home/epfl/dforero/scratch/projects/baosystematics/patchy_results/box5/real/noise/flat_0.55/mocks_gal_xyz/CATALPTCICz0.638G960S835650869.flat.sigma0.2.dat
Noise = True
Using non-default noise sampler.
==> Using function flat
==> Using min. completeness 0.55
Creating /home/epfl/dforero/scratch/projects/baosystematics/patchy_results/box5/real/smooth/flat_0.55/mocks_gal_xyz/CATALPTCICz0.638G960S1711891480.flat.sigma0.0.dat
Noise = False
Creating /home/epfl/dforero/scratch/projects/baosystematics/patchy_results/box5/real/noise/flat_0.55/mocks_gal_xyz/CATALPTCICz0.638G960S1711891480.flat.sigma0.2.dat
Noise = True
Using non-default noise sampler.
==> Using completeness from command line = 0.55.
==> Using function flat
==> Using min. completeness 0.55
Creating /home/epfl/dforero/scratch/projects/baosystematics/patchy_results/box5/real/smooth/flat_0.55/mocks_gal_xyz/CATALPTCICz0.638G960S1133045298.flat.sigma0.0.dat
Noise = False
Creating /home/epfl/dforero/scratch/projects/baosystematics/patchy_results/box5/real/noise/flat_0.55/mocks_gal_xyz/CATALPTCICz0.638G960S1133045298.flat.sigma0.2.dat
Noise = True
Using non-default noise sampler.
==> Using function flat
==> Using min. completeness 0.55
Creating /home/epfl/dforero/scratch/projects/baosystematics/patchy_results/box5/real/smooth/flat_0.55/mocks_gal_xyz/CATALPTCICz0.638G960S1005638091.flat.sigma0.0.dat
Noise = False
Creating /home/epfl/dforero/scratch/projects/baosystematics/patchy_results/box5/real/noise/flat_0.55/mocks_gal_xyz/CATALPTCICz0.638G960S1005638091.flat.sigma0.2.dat
Noise = True
Using non-default noise sampler.
==> Using function flat
==> Using min. completeness 0.55
Creating /home/epfl/dforero/scratch/projects/baosystematics/patchy_results/box5/real/smooth/flat_0.55/mocks_gal_xyz/CATALPTCICz0.638G960S119474585.flat.sigma0.0.dat
Noise = False
Creating /home/epfl/dforero/scratch/projects/baosystematics/patchy_results/box5/real/noise/flat_0.55/mocks_gal_xyz/CATALPTCICz0.638G960S119474585.flat.sigma0.2.dat
Noise = True
Using non-default noise sampler.
==> Using function flat
==> Using min. completeness 0.55
Creating /home/epfl/dforero/scratch/projects/baosystematics/patchy_results/box5/real/smooth/flat_0.55/mocks_gal_xyz/CATALPTCICz0.638G960S845458243.flat.sigma0.0.dat
Noise = False
Creating /home/epfl/dforero/scratch/projects/baosystematics/patchy_results/box5/real/noise/flat_0.55/mocks_gal_xyz/CATALPTCICz0.638G960S845458243.flat.sigma0.2.dat
Noise = True
Using non-default noise sampler.
==> Using completeness from command line = 0.55.
==> Using function flat
==> Using min. completeness 0.55
Creating /home/epfl/dforero/scratch/projects/baosystematics/patchy_results/box5/real/smooth/flat_0.55/mocks_gal_xyz/CATALPTCICz0.638G960S1644127019.flat.sigma0.0.dat
Noise = False
Creating /home/epfl/dforero/scratch/projects/baosystematics/patchy_results/box5/real/noise/flat_0.55/mocks_gal_xyz/CATALPTCICz0.638G960S1644127019.flat.sigma0.2.dat
Noise = True
Using non-default noise sampler.
==> Using function flat
==> Using min. completeness 0.55
Creating /home/epfl/dforero/scratch/projects/baosystematics/patchy_results/box5/real/smooth/flat_0.55/mocks_gal_xyz/CATALPTCICz0.638G960S630955758.flat.sigma0.0.dat
Noise = False
Creating /home/epfl/dforero/scratch/projects/baosystematics/patchy_results/box5/real/noise/flat_0.55/mocks_gal_xyz/CATALPTCICz0.638G960S630955758.flat.sigma0.2.dat
Noise = True
Using non-default noise sampler.
==> Using function flat
==> Using min. completeness 0.55
Creating /home/epfl/dforero/scratch/projects/baosystematics/patchy_results/box5/real/smooth/flat_0.55/mocks_gal_xyz/CATALPTCICz0.638G960S1431773317.flat.sigma0.0.dat
Noise = False
Creating /home/epfl/dforero/scratch/projects/baosystematics/patchy_results/box5/real/noise/flat_0.55/mocks_gal_xyz/CATALPTCICz0.638G960S1431773317.flat.sigma0.2.dat
Noise = True
Using non-default noise sampler.
==> Using function flat
==> Using min. completeness 0.55
Creating /home/epfl/dforero/scratch/projects/baosystematics/patchy_results/box5/real/smooth/flat_0.55/mocks_gal_xyz/CATALPTCICz0.638G960S763638731.flat.sigma0.0.dat
Noise = False
Creating /home/epfl/dforero/scratch/projects/baosystematics/patchy_results/box5/real/noise/flat_0.55/mocks_gal_xyz/CATALPTCICz0.638G960S763638731.flat.sigma0.2.dat
Noise = True
Using non-default noise sampler.
==> Using completeness from command line = 0.55.
==> Using function flat
==> Using min. completeness 0.55
Creating /home/epfl/dforero/scratch/projects/baosystematics/patchy_results/box5/real/smooth/flat_0.55/mocks_gal_xyz/CATALPTCICz0.638G960S1664538145.flat.sigma0.0.dat
Noise = False
Creating /home/epfl/dforero/scratch/projects/baosystematics/patchy_results/box5/real/noise/flat_0.55/mocks_gal_xyz/CATALPTCICz0.638G960S1664538145.flat.sigma0.2.dat
Noise = True
Using non-default noise sampler.
==> Using function flat
==> Using min. completeness 0.55
Creating /home/epfl/dforero/scratch/projects/baosystematics/patchy_results/box5/real/smooth/flat_0.55/mocks_gal_xyz/CATALPTCICz0.638G960S1942922759.flat.sigma0.0.dat
Noise = False
Creating /home/epfl/dforero/scratch/projects/baosystematics/patchy_results/box5/real/noise/flat_0.55/mocks_gal_xyz/CATALPTCICz0.638G960S1942922759.flat.sigma0.2.dat
Noise = True
Using non-default noise sampler.
==> Using function flat
==> Using min. completeness 0.55
Creating /home/epfl/dforero/scratch/projects/baosystematics/patchy_results/box5/real/smooth/flat_0.55/mocks_gal_xyz/CATALPTCICz0.638G960S198021412.flat.sigma0.0.dat
Noise = False
Creating /home/epfl/dforero/scratch/projects/baosystematics/patchy_results/box5/real/noise/flat_0.55/mocks_gal_xyz/CATALPTCICz0.638G960S198021412.flat.sigma0.2.dat
Noise = True
Using non-default noise sampler.
==> Using function flat
==> Using min. completeness 0.55
Creating /home/epfl/dforero/scratch/projects/baosystematics/patchy_results/box5/real/smooth/flat_0.55/mocks_gal_xyz/CATALPTCICz0.638G960S400043087.flat.sigma0.0.dat
Noise = False
Creating /home/epfl/dforero/scratch/projects/baosystematics/patchy_results/box5/real/noise/flat_0.55/mocks_gal_xyz/CATALPTCICz0.638G960S400043087.flat.sigma0.2.dat
Noise = True
Using non-default noise sampler.
==> Using completeness from command line = 0.55.
==> Using function flat
==> Using min. completeness 0.55
Creating /home/epfl/dforero/scratch/projects/baosystematics/patchy_results/box5/real/smooth/flat_0.55/mocks_gal_xyz/CATALPTCICz0.638G960S2012047352.flat.sigma0.0.dat
Noise = False
Creating /home/epfl/dforero/scratch/projects/baosystematics/patchy_results/box5/real/noise/flat_0.55/mocks_gal_xyz/CATALPTCICz0.638G960S2012047352.flat.sigma0.2.dat
Noise = True
Using non-default noise sampler.
==> Using function flat
==> Using min. completeness 0.55
Creating /home/epfl/dforero/scratch/projects/baosystematics/patchy_results/box5/real/smooth/flat_0.55/mocks_gal_xyz/CATALPTCICz0.638G960S1715693657.flat.sigma0.0.dat
Noise = False
Creating /home/epfl/dforero/scratch/projects/baosystematics/patchy_results/box5/real/noise/flat_0.55/mocks_gal_xyz/CATALPTCICz0.638G960S1715693657.flat.sigma0.2.dat
Noise = True
Using non-default noise sampler.
==> Using function flat
==> Using min. completeness 0.55
Creating /home/epfl/dforero/scratch/projects/baosystematics/patchy_results/box5/real/smooth/flat_0.55/mocks_gal_xyz/CATALPTCICz0.638G960S1043834222.flat.sigma0.0.dat
Noise = False
Creating /home/epfl/dforero/scratch/projects/baosystematics/patchy_results/box5/real/noise/flat_0.55/mocks_gal_xyz/CATALPTCICz0.638G960S1043834222.flat.sigma0.2.dat
Noise = True
Using non-default noise sampler.
==> Using completeness from command line = 0.55.
==> Using function flat
==> Using min. completeness 0.55
Creating /home/epfl/dforero/scratch/projects/baosystematics/patchy_results/box5/real/smooth/flat_0.55/mocks_gal_xyz/CATALPTCICz0.638G960S1072910539.flat.sigma0.0.dat
Noise = False
Creating /home/epfl/dforero/scratch/projects/baosystematics/patchy_results/box5/real/noise/flat_0.55/mocks_gal_xyz/CATALPTCICz0.638G960S1072910539.flat.sigma0.2.dat
Noise = True
Using non-default noise sampler.
==> Using function flat
==> Using min. completeness 0.55
Creating /home/epfl/dforero/scratch/projects/baosystematics/patchy_results/box5/real/smooth/flat_0.55/mocks_gal_xyz/CATALPTCICz0.638G960S569892358.flat.sigma0.0.dat
Noise = False
Creating /home/epfl/dforero/scratch/projects/baosystematics/patchy_results/box5/real/noise/flat_0.55/mocks_gal_xyz/CATALPTCICz0.638G960S569892358.flat.sigma0.2.dat
Noise = True
Using non-default noise sampler.
==> Using function flat
==> Using min. completeness 0.55
Creating /home/epfl/dforero/scratch/projects/baosystematics/patchy_results/box5/real/smooth/flat_0.55/mocks_gal_xyz/CATALPTCICz0.638G960S153701285.flat.sigma0.0.dat
Noise = False
Creating /home/epfl/dforero/scratch/projects/baosystematics/patchy_results/box5/real/noise/flat_0.55/mocks_gal_xyz/CATALPTCICz0.638G960S153701285.flat.sigma0.2.dat
Noise = True
Using non-default noise sampler.
==> Using completeness from command line = 0.55.
==> Using function flat
==> Using min. completeness 0.55
Creating /home/epfl/dforero/scratch/projects/baosystematics/patchy_results/box5/real/smooth/flat_0.55/mocks_gal_xyz/CATALPTCICz0.638G960S415198084.flat.sigma0.0.dat
Noise = False
Creating /home/epfl/dforero/scratch/projects/baosystematics/patchy_results/box5/real/noise/flat_0.55/mocks_gal_xyz/CATALPTCICz0.638G960S415198084.flat.sigma0.2.dat
Noise = True
Using non-default noise sampler.
==> Using function flat
==> Using min. completeness 0.55
Creating /home/epfl/dforero/scratch/projects/baosystematics/patchy_results/box5/real/smooth/flat_0.55/mocks_gal_xyz/CATALPTCICz0.638G960S303311051.flat.sigma0.0.dat
Noise = False
Creating /home/epfl/dforero/scratch/projects/baosystematics/patchy_results/box5/real/noise/flat_0.55/mocks_gal_xyz/CATALPTCICz0.638G960S303311051.flat.sigma0.2.dat
Noise = True
Using non-default noise sampler.
==> Using function flat
==> Using min. completeness 0.55
Creating /home/epfl/dforero/scratch/projects/baosystematics/patchy_results/box5/real/smooth/flat_0.55/mocks_gal_xyz/CATALPTCICz0.638G960S706358248.flat.sigma0.0.dat
Noise = False
Creating /home/epfl/dforero/scratch/projects/baosystematics/patchy_results/box5/real/noise/flat_0.55/mocks_gal_xyz/CATALPTCICz0.638G960S706358248.flat.sigma0.2.dat
Noise = True
Using non-default noise sampler.
==> Using completeness from command line = 0.55.
==> Using function flat
==> Using min. completeness 0.55
Creating /home/epfl/dforero/scratch/projects/baosystematics/patchy_results/box5/real/smooth/flat_0.55/mocks_gal_xyz/CATALPTCICz0.638G960S129085296.flat.sigma0.0.dat
Noise = False
Creating /home/epfl/dforero/scratch/projects/baosystematics/patchy_results/box5/real/noise/flat_0.55/mocks_gal_xyz/CATALPTCICz0.638G960S129085296.flat.sigma0.2.dat
Noise = True
Using non-default noise sampler.
==> Using function flat
==> Using min. completeness 0.55
Creating /home/epfl/dforero/scratch/projects/baosystematics/patchy_results/box5/real/smooth/flat_0.55/mocks_gal_xyz/CATALPTCICz0.638G960S2102161325.flat.sigma0.0.dat
Noise = False
Creating /home/epfl/dforero/scratch/projects/baosystematics/patchy_results/box5/real/noise/flat_0.55/mocks_gal_xyz/CATALPTCICz0.638G960S2102161325.flat.sigma0.2.dat
Noise = True
Using non-default noise sampler.
==> Using function flat
==> Using min. completeness 0.55
Creating /home/epfl/dforero/scratch/projects/baosystematics/patchy_results/box5/real/smooth/flat_0.55/mocks_gal_xyz/CATALPTCICz0.638G960S935344129.flat.sigma0.0.dat
Noise = False
Creating /home/epfl/dforero/scratch/projects/baosystematics/patchy_results/box5/real/noise/flat_0.55/mocks_gal_xyz/CATALPTCICz0.638G960S935344129.flat.sigma0.2.dat
Noise = True
Using non-default noise sampler.
==> Using completeness from command line = 0.55.
==> Using function flat
==> Using min. completeness 0.55
Creating /home/epfl/dforero/scratch/projects/baosystematics/patchy_results/box5/real/smooth/flat_0.55/mocks_gal_xyz/CATALPTCICz0.638G960S1082345827.flat.sigma0.0.dat
Noise = False
Creating /home/epfl/dforero/scratch/projects/baosystematics/patchy_results/box5/real/noise/flat_0.55/mocks_gal_xyz/CATALPTCICz0.638G960S1082345827.flat.sigma0.2.dat
Noise = True
Using non-default noise sampler.
==> Using function flat
==> Using min. completeness 0.55
Creating /home/epfl/dforero/scratch/projects/baosystematics/patchy_results/box5/real/smooth/flat_0.55/mocks_gal_xyz/CATALPTCICz0.638G960S306572308.flat.sigma0.0.dat
Noise = False
Creating /home/epfl/dforero/scratch/projects/baosystematics/patchy_results/box5/real/noise/flat_0.55/mocks_gal_xyz/CATALPTCICz0.638G960S306572308.flat.sigma0.2.dat
Noise = True
Using non-default noise sampler.
==> Using function flat
==> Using min. completeness 0.55
Creating /home/epfl/dforero/scratch/projects/baosystematics/patchy_results/box5/real/smooth/flat_0.55/mocks_gal_xyz/CATALPTCICz0.638G960S2135743082.flat.sigma0.0.dat
Noise = False
Creating /home/epfl/dforero/scratch/projects/baosystematics/patchy_results/box5/real/noise/flat_0.55/mocks_gal_xyz/CATALPTCICz0.638G960S2135743082.flat.sigma0.2.dat
Noise = True
Using non-default noise sampler.
==> Using completeness from command line = 0.55.
==> Using function flat
==> Using min. completeness 0.55
Creating /home/epfl/dforero/scratch/projects/baosystematics/patchy_results/box5/real/smooth/flat_0.55/mocks_gal_xyz/CATALPTCICz0.638G960S2008417666.flat.sigma0.0.dat
Noise = False
Creating /home/epfl/dforero/scratch/projects/baosystematics/patchy_results/box5/real/noise/flat_0.55/mocks_gal_xyz/CATALPTCICz0.638G960S2008417666.flat.sigma0.2.dat
Noise = True
Using non-default noise sampler.
==> Using function flat
==> Using min. completeness 0.55
Creating /home/epfl/dforero/scratch/projects/baosystematics/patchy_results/box5/real/smooth/flat_0.55/mocks_gal_xyz/CATALPTCICz0.638G960S902626519.flat.sigma0.0.dat
Noise = False
Creating /home/epfl/dforero/scratch/projects/baosystematics/patchy_results/box5/real/noise/flat_0.55/mocks_gal_xyz/CATALPTCICz0.638G960S902626519.flat.sigma0.2.dat
Noise = True
Using non-default noise sampler.
==> Using function flat
==> Using min. completeness 0.55
Creating /home/epfl/dforero/scratch/projects/baosystematics/patchy_results/box5/real/smooth/flat_0.55/mocks_gal_xyz/CATALPTCICz0.638G960S1530445319.flat.sigma0.0.dat
Noise = False
Creating /home/epfl/dforero/scratch/projects/baosystematics/patchy_results/box5/real/noise/flat_0.55/mocks_gal_xyz/CATALPTCICz0.638G960S1530445319.flat.sigma0.2.dat
Noise = True
Using non-default noise sampler.
==> Using completeness from command line = 0.55.
==> Using function flat
==> Using min. completeness 0.55
Creating /home/epfl/dforero/scratch/projects/baosystematics/patchy_results/box5/real/smooth/flat_0.55/mocks_gal_xyz/CATALPTCICz0.638G960S1743301054.flat.sigma0.0.dat
Noise = False
Creating /home/epfl/dforero/scratch/projects/baosystematics/patchy_results/box5/real/noise/flat_0.55/mocks_gal_xyz/CATALPTCICz0.638G960S1743301054.flat.sigma0.2.dat
Noise = True
Using non-default noise sampler.
==> Using function flat
==> Using min. completeness 0.55
Creating /home/epfl/dforero/scratch/projects/baosystematics/patchy_results/box5/real/smooth/flat_0.55/mocks_gal_xyz/CATALPTCICz0.638G960S794721539.flat.sigma0.0.dat
Noise = False
Creating /home/epfl/dforero/scratch/projects/baosystematics/patchy_results/box5/real/noise/flat_0.55/mocks_gal_xyz/CATALPTCICz0.638G960S794721539.flat.sigma0.2.dat
Noise = True
Using non-default noise sampler.
==> Using function flat
==> Using min. completeness 0.55
Creating /home/epfl/dforero/scratch/projects/baosystematics/patchy_results/box5/real/smooth/flat_0.55/mocks_gal_xyz/CATALPTCICz0.638G960S396051984.flat.sigma0.0.dat
Noise = False
Creating /home/epfl/dforero/scratch/projects/baosystematics/patchy_results/box5/real/noise/flat_0.55/mocks_gal_xyz/CATALPTCICz0.638G960S396051984.flat.sigma0.2.dat
Noise = True
Using non-default noise sampler.
==> Using completeness from command line = 0.55.
==> Using function flat
==> Using min. completeness 0.55
Creating /home/epfl/dforero/scratch/projects/baosystematics/patchy_results/box5/real/smooth/flat_0.55/mocks_gal_xyz/CATALPTCICz0.638G960S1333819401.flat.sigma0.0.dat
Noise = False
Creating /home/epfl/dforero/scratch/projects/baosystematics/patchy_results/box5/real/noise/flat_0.55/mocks_gal_xyz/CATALPTCICz0.638G960S1333819401.flat.sigma0.2.dat
Noise = True
Using non-default noise sampler.
==> Using function flat
==> Using min. completeness 0.55
Creating /home/epfl/dforero/scratch/projects/baosystematics/patchy_results/box5/real/smooth/flat_0.55/mocks_gal_xyz/CATALPTCICz0.638G960S1322632840.flat.sigma0.0.dat
Noise = False
Creating /home/epfl/dforero/scratch/projects/baosystematics/patchy_results/box5/real/noise/flat_0.55/mocks_gal_xyz/CATALPTCICz0.638G960S1322632840.flat.sigma0.2.dat
Noise = True
Using non-default noise sampler.
==> Using function flat
==> Using min. completeness 0.55
Creating /home/epfl/dforero/scratch/projects/baosystematics/patchy_results/box5/real/smooth/flat_0.55/mocks_gal_xyz/CATALPTCICz0.638G960S341476525.flat.sigma0.0.dat
Noise = False
Creating /home/epfl/dforero/scratch/projects/baosystematics/patchy_results/box5/real/noise/flat_0.55/mocks_gal_xyz/CATALPTCICz0.638G960S341476525.flat.sigma0.2.dat
Noise = True
Using non-default noise sampler.
==> Using completeness from command line = 0.55.
==> Using function flat
==> Using min. completeness 0.55
Creating /home/epfl/dforero/scratch/projects/baosystematics/patchy_results/box5/real/smooth/flat_0.55/mocks_gal_xyz/CATALPTCICz0.638G960S77766309.flat.sigma0.0.dat
Noise = False
Creating /home/epfl/dforero/scratch/projects/baosystematics/patchy_results/box5/real/noise/flat_0.55/mocks_gal_xyz/CATALPTCICz0.638G960S77766309.flat.sigma0.2.dat
Noise = True
Using non-default noise sampler.
==> Using function flat
==> Using min. completeness 0.55
Creating /home/epfl/dforero/scratch/projects/baosystematics/patchy_results/box5/real/smooth/flat_0.55/mocks_gal_xyz/CATALPTCICz0.638G960S1771711424.flat.sigma0.0.dat
Noise = False
Creating /home/epfl/dforero/scratch/projects/baosystematics/patchy_results/box5/real/noise/flat_0.55/mocks_gal_xyz/CATALPTCICz0.638G960S1771711424.flat.sigma0.2.dat
Noise = True
Using non-default noise sampler.
==> Using function flat
==> Using min. completeness 0.55
Creating /home/epfl/dforero/scratch/projects/baosystematics/patchy_results/box5/real/smooth/flat_0.55/mocks_gal_xyz/CATALPTCICz0.638G960S1453713702.flat.sigma0.0.dat
Noise = False
Creating /home/epfl/dforero/scratch/projects/baosystematics/patchy_results/box5/real/noise/flat_0.55/mocks_gal_xyz/CATALPTCICz0.638G960S1453713702.flat.sigma0.2.dat
Noise = True
Using non-default noise sampler.
==> Using completeness from command line = 0.55.
==> Using function flat
==> Using min. completeness 0.55
Creating /home/epfl/dforero/scratch/projects/baosystematics/patchy_results/box5/real/smooth/flat_0.55/mocks_gal_xyz/CATALPTCICz0.638G960S1309204403.flat.sigma0.0.dat
Noise = False
Creating /home/epfl/dforero/scratch/projects/baosystematics/patchy_results/box5/real/noise/flat_0.55/mocks_gal_xyz/CATALPTCICz0.638G960S1309204403.flat.sigma0.2.dat
Noise = True
Using non-default noise sampler.
==> Using function flat
==> Using min. completeness 0.55
Creating /home/epfl/dforero/scratch/projects/baosystematics/patchy_results/box5/real/smooth/flat_0.55/mocks_gal_xyz/CATALPTCICz0.638G960S687988509.flat.sigma0.0.dat
Noise = False
Creating /home/epfl/dforero/scratch/projects/baosystematics/patchy_results/box5/real/noise/flat_0.55/mocks_gal_xyz/CATALPTCICz0.638G960S687988509.flat.sigma0.2.dat
Noise = True
Using non-default noise sampler.
==> Using function flat
==> Using min. completeness 0.55
Creating /home/epfl/dforero/scratch/projects/baosystematics/patchy_results/box5/real/smooth/flat_0.55/mocks_gal_xyz/CATALPTCICz0.638G960S1244453196.flat.sigma0.0.dat
Noise = False
Creating /home/epfl/dforero/scratch/projects/baosystematics/patchy_results/box5/real/noise/flat_0.55/mocks_gal_xyz/CATALPTCICz0.638G960S1244453196.flat.sigma0.2.dat
Noise = True
Using non-default noise sampler.
==> Using completeness from command line = 0.55.
==> Using function flat
==> Using min. completeness 0.55
Creating /home/epfl/dforero/scratch/projects/baosystematics/patchy_results/box5/real/smooth/flat_0.55/mocks_gal_xyz/CATALPTCICz0.638G960S956484648.flat.sigma0.0.dat
Noise = False
Creating /home/epfl/dforero/scratch/projects/baosystematics/patchy_results/box5/real/noise/flat_0.55/mocks_gal_xyz/CATALPTCICz0.638G960S956484648.flat.sigma0.2.dat
Noise = True
Using non-default noise sampler.
==> Using function flat
==> Using min. completeness 0.55
Creating /home/epfl/dforero/scratch/projects/baosystematics/patchy_results/box5/real/smooth/flat_0.55/mocks_gal_xyz/CATALPTCICz0.638G960S1524490253.flat.sigma0.0.dat
Noise = False
Creating /home/epfl/dforero/scratch/projects/baosystematics/patchy_results/box5/real/noise/flat_0.55/mocks_gal_xyz/CATALPTCICz0.638G960S1524490253.flat.sigma0.2.dat
Noise = True
Using non-default noise sampler.
==> Using function flat
==> Using min. completeness 0.55
Creating /home/epfl/dforero/scratch/projects/baosystematics/patchy_results/box5/real/smooth/flat_0.55/mocks_gal_xyz/CATALPTCICz0.638G960S833637829.flat.sigma0.0.dat
Noise = False
Creating /home/epfl/dforero/scratch/projects/baosystematics/patchy_results/box5/real/noise/flat_0.55/mocks_gal_xyz/CATALPTCICz0.638G960S833637829.flat.sigma0.2.dat
Noise = True
Using non-default noise sampler.
==> Using completeness from command line = 0.55.
==> Using function flat
==> Using min. completeness 0.55
Creating /home/epfl/dforero/scratch/projects/baosystematics/patchy_results/box5/real/smooth/flat_0.55/mocks_gal_xyz/CATALPTCICz0.638G960S1174369739.flat.sigma0.0.dat
Noise = False
Creating /home/epfl/dforero/scratch/projects/baosystematics/patchy_results/box5/real/noise/flat_0.55/mocks_gal_xyz/CATALPTCICz0.638G960S1174369739.flat.sigma0.2.dat
Noise = True
Using non-default noise sampler.
==> Using function flat
==> Using min. completeness 0.55
Creating /home/epfl/dforero/scratch/projects/baosystematics/patchy_results/box5/real/smooth/flat_0.55/mocks_gal_xyz/CATALPTCICz0.638G960S1057271749.flat.sigma0.0.dat
Noise = False
Creating /home/epfl/dforero/scratch/projects/baosystematics/patchy_results/box5/real/noise/flat_0.55/mocks_gal_xyz/CATALPTCICz0.638G960S1057271749.flat.sigma0.2.dat
Noise = True
Using non-default noise sampler.
==> Using function flat
==> Using min. completeness 0.55
Creating /home/epfl/dforero/scratch/projects/baosystematics/patchy_results/box5/real/smooth/flat_0.55/mocks_gal_xyz/CATALPTCICz0.638G960S2059589356.flat.sigma0.0.dat
Noise = False
Creating /home/epfl/dforero/scratch/projects/baosystematics/patchy_results/box5/real/noise/flat_0.55/mocks_gal_xyz/CATALPTCICz0.638G960S2059589356.flat.sigma0.2.dat
Noise = True
Using non-default noise sampler.
==> Using completeness from command line = 0.55.
==> Using function flat
==> Using min. completeness 0.55
Creating /home/epfl/dforero/scratch/projects/baosystematics/patchy_results/box5/real/smooth/flat_0.55/mocks_gal_xyz/CATALPTCICz0.638G960S955456861.flat.sigma0.0.dat
Noise = False
Creating /home/epfl/dforero/scratch/projects/baosystematics/patchy_results/box5/real/noise/flat_0.55/mocks_gal_xyz/CATALPTCICz0.638G960S955456861.flat.sigma0.2.dat
Noise = True
Using non-default noise sampler.
==> Using function flat
==> Using min. completeness 0.55
Creating /home/epfl/dforero/scratch/projects/baosystematics/patchy_results/box5/real/smooth/flat_0.55/mocks_gal_xyz/CATALPTCICz0.638G960S1461404473.flat.sigma0.0.dat
Noise = False
Creating /home/epfl/dforero/scratch/projects/baosystematics/patchy_results/box5/real/noise/flat_0.55/mocks_gal_xyz/CATALPTCICz0.638G960S1461404473.flat.sigma0.2.dat
Noise = True
Using non-default noise sampler.
==> Using function flat
==> Using min. completeness 0.55
Creating /home/epfl/dforero/scratch/projects/baosystematics/patchy_results/box5/real/smooth/flat_0.55/mocks_gal_xyz/CATALPTCICz0.638G960S969261578.flat.sigma0.0.dat
Noise = False
Creating /home/epfl/dforero/scratch/projects/baosystematics/patchy_results/box5/real/noise/flat_0.55/mocks_gal_xyz/CATALPTCICz0.638G960S969261578.flat.sigma0.2.dat
Noise = True
Using non-default noise sampler.
==> Using function flat
==> Using min. completeness 0.55
Creating /home/epfl/dforero/scratch/projects/baosystematics/patchy_results/box5/real/smooth/flat_0.55/mocks_gal_xyz/CATALPTCICz0.638G960S1280289475.flat.sigma0.0.dat
Noise = False
Creating /home/epfl/dforero/scratch/projects/baosystematics/patchy_results/box5/real/noise/flat_0.55/mocks_gal_xyz/CATALPTCICz0.638G960S1280289475.flat.sigma0.2.dat
Noise = True
Using non-default noise sampler.
